[INFO -- 2018-11-26 15:00:37]
Starting flip_value script
version: 1.1
[INFO -- 2018-11-26 15:00:37]
Initialization strings:
[INFO -- 2018-11-26 15:00:37]
(1) file /tmp/lreg/lreg
[INFO -- 2018-11-26 15:00:37]
(2) set args /tmp/lreg/randInput /tmp/lreg/output
[INFO -- 2018-11-26 15:00:37]
initSignal:0
[INFO -- 2018-11-26 15:00:37]
endSignal:3
[INFO -- 2018-11-26 15:00:37]
faultModel:2
[INFO -- 2018-11-26 15:00:40]
Backtrace BEGIN:
#0  0x000055555555718d in std::vector<double, std::allocator<double> >::end (this=0x7fffffffd800) at /usr/include/c++/7/bits/stl_vector.h:591
#1  0x0000555555556a29 in std::vector<double, std::allocator<double> >::vector (this=0x7fffffffd860, __x=std::vector of length 3, capacity 3 = {...}) at /usr/include/c++/7/bits/stl_vector.h:331
#2  0x0000555555555f47 in train (iter1=20000, iter2=20000, N=3, alpha1=5.0000000000000002e-05, alpha2=5.0000000000000002e-05, stopsWhenStable=true) at lreg.cpp:199
#3  0x0000555555556467 in main (argc=3, argv=0x7fffffffde58) at lreg.cpp:253

586	       *  the last element in the %vector.  Iteration is done in
587	       *  ordinary element order.
588	       */
589	      const_iterator
590	      end() const _GLIBCXX_NOEXCEPT
591	      { return const_iterator(this->_M_impl._M_finish); }
592	
593	      /**
594	       *  Returns a read/write reverse iterator that points to the
595	       *  last element in the %vector.  Iteration is done in reverse

Backtrace END
Memory content before bitflip:0x2d0x430x1c0xeb0xe20x360x0a0x3f
Fault Model: Random bit-flip
base address to flip value: 0x7fffffffd7c0
address max offset: 8
Memory content after  bitflip:0x860xa20x350xa90x5e0x260xa60x5c
frame name: train
symbol name: alpha2
symbol filename: lreg.cpp
symbol line: 177
value: 2.0607221647492513e+138
value address: 0x7fffffffd7c0
Type: A floating point type.
Type sizeof: 8

[INFO -- 2018-11-26 15:00:40]
Fault Injection Successful after 3.243173837661743s
[INFO -- 2018-11-26 15:00:44]
event type: exit
[INFO -- 2018-11-26 15:00:44]
exit code: 0
