[INFO -- 2018-10-05 19:56:54]
Starting flip_value script
version: 1.1
[INFO -- 2018-10-05 19:56:54]
Initialization strings:
[INFO -- 2018-10-05 19:56:54]
(1) file /tmp/lreg/lreg
[INFO -- 2018-10-05 19:56:54]
(2) set args /tmp/lreg/randInput /tmp/lreg/output
[INFO -- 2018-10-05 19:56:54]
initSignal:0
[INFO -- 2018-10-05 19:56:54]
endSignal:30
[INFO -- 2018-10-05 19:56:54]
faultModel:2
[INFO -- 2018-10-05 19:57:07]
Backtrace BEGIN:
#0  0x00005555555553a4 in meanSquaredError () at lreg.cpp:79
#1  0x0000555555555765 in train (iterations=90000, alpha=2.2222199999999999e-05, N=4, stopsWhenStable=true) at lreg.cpp:139
#2  0x0000555555555acb in lreg (input=0x7fffffffe210 "/tmp/lreg/randInput") at lreg.cpp:173
#3  0x0000555555555e43 in main (argc=3, argv=0x7fffffffde68) at lreg.cpp:221

74		Calculates the mean squared error of T
75	*/
76	double meanSquaredError(){
77		double error = 0;
78		for(unsigned int i = 0; i<x.size(); i++){
79			error+= ((predict(x[i]) - y[i]) * (predict(x[i]) - y[i]));	
80		}
81		error /= x.size();
82		return error;
83	

Backtrace END
Fliping value of field: std::_Vector_base<double, std::allocator<double> >
Fliping value of field: _M_impl
Fliping value of field: _M_end_of_storage
Fliping a bit of the value pointed by a pointer
Memory content before bitflip:0x000x000x000x000x000x000x000x00
Fault Model: Random bit-flip
base address to flip value: 0x555555777620
address max offset: 8
Memory content after  bitflip:0xe00x440x700x790xea0x760x240x2a
frame name: main
symbol name: y
symbol filename: lreg.cpp
symbol line: 51
value: std::vector of length 72, capacity 128 = {33, 1, -17, 15, 33, -9, -21, 5, -494, -1, -1033, -818, -19, -664, -376, -251, -901, -433, -433, -944, 69117, -628, 46302, 24562, 98412, -5003, -40003, 98412, -13723, -163843, 24562, -109763, -1083, -2563, -29163, 98412, 33, 1, -17, 15, 33, -9, -21, 5, -494, -1, -1033, -818, -19, -664, -376, -251, -901, -433, -433, -944, 69117, -628, 46302, 24562, 98412, -5003, -40003, 98412, -13723, -163843, 24562, -109763, -1083, -2563, -29163, 98412}
value address: 0x555555761160 <y>
Type: The type is a structure.
Type sizeof: 24
Field name: std::_Vector_base<double, std::allocator<double> >
Field Type: The type is a structure.
Field Type sizeof: 24

[INFO -- 2018-10-05 19:57:07]
Fault Injection Successful after 13.075624227523804s
[INFO -- 2018-10-05 19:57:36]
event type: exit
[INFO -- 2018-10-05 19:57:36]
exit code: 0
