[INFO -- 2018-10-12 20:11:41]
Starting flip_value script
version: 1.1
[INFO -- 2018-10-12 20:11:41]
Initialization strings:
[INFO -- 2018-10-12 20:11:41]
(1) file /tmp/lreg/lreg
[INFO -- 2018-10-12 20:11:41]
(2) set args /tmp/lreg/randInput /tmp/lreg/output
[INFO -- 2018-10-12 20:11:41]
initSignal:0
[INFO -- 2018-10-12 20:11:41]
endSignal:10
[INFO -- 2018-10-12 20:11:41]
faultModel:1
[INFO -- 2018-10-12 20:11:44]
Backtrace BEGIN:
#0  std::pow<double, unsigned int> (__x=4.2439915829186759e-314, __y=2) at /usr/include/c++/7/cmath:415
#1  0x00005555555552c2 in predict (v=13) at lreg.cpp:77
#2  0x000055555555537b in meanSquaredError () at lreg.cpp:91
#3  0x0000555555555886 in train (iterations=90000, N=4, stopsWhenStable=true) at lreg.cpp:160
#4  0x0000555555555dba in main (argc=3, argv=0x7fffffffde68) at lreg.cpp:225

410	#endif
411	
412	  template<typename _Tp, typename _Up>
413	    inline _GLIBCXX_CONSTEXPR
414	    typename __gnu_cxx::__promote_2<_Tp, _Up>::__type
415	    pow(_Tp __x, _Up __y)
416	    {
417	      typedef typename __gnu_cxx::__promote_2<_Tp, _Up>::__type __type;
418	      return pow(__type(__x), __type(__y));
419	    }

Backtrace END
Memory content before bitflip:0xcc0x540xf50xff0x160xa60xb40x41
Fault Model: Double bit-flip
base address to flip value: 0x7fffffffd828
address max offset: 8
Memory content after  bitflip:0x4d0x540xf50xff0x160xa60xb40x41
frame name: train
symbol name: MSE
symbol filename: lreg.cpp
symbol line: 153
value: 346429183.95831758
value address: 0x7fffffffd828
Type: A floating point type.
Type sizeof: 8

[INFO -- 2018-10-12 20:11:44]
Fault Injection Successful after 3.710674524307251s
[INFO -- 2018-10-12 20:11:51]
event type: exit
[INFO -- 2018-10-12 20:11:51]
exit code: 0
