[INFO -- 2018-11-06 22:01:04]
Starting flip_value script
version: 1.1
[INFO -- 2018-11-06 22:01:04]
Initialization strings:
[INFO -- 2018-11-06 22:01:04]
(1) file /tmp/lreg/lreg
[INFO -- 2018-11-06 22:01:04]
(2) set args /tmp/lreg/randInput /tmp/lreg/output /tmp/lreg/detected.log
[INFO -- 2018-11-06 22:01:04]
initSignal:0
[INFO -- 2018-11-06 22:01:04]
endSignal:10
[INFO -- 2018-11-06 22:01:04]
faultModel:0
[INFO -- 2018-11-06 22:01:06]
Backtrace BEGIN:
#0  0x00007ffff6f1daa5 in __GI___libc_free (mem=<optimized out>) at malloc.c:3125
#1  0x0000555555557cc2 in __gnu_cxx::new_allocator<double>::deallocate (this=0x7fffffffd5d0, __p=0x555555772490) at /usr/include/c++/7/ext/new_allocator.h:125
#2  0x00005555555574d1 in std::allocator_traits<std::allocator<double> >::deallocate (__a=..., __p=0x555555772490, __n=3) at /usr/include/c++/7/bits/alloc_traits.h:462
#3  0x0000555555556b7c in std::_Vector_base<double, std::allocator<double> >::_M_deallocate (this=0x7fffffffd5d0, __p=0x555555772490, __n=3) at /usr/include/c++/7/bits/stl_vector.h:180
#4  0x0000555555556839 in std::_Vector_base<double, std::allocator<double> >::~_Vector_base (this=0x7fffffffd5d0, __in_chrg=<optimized out>) at /usr/include/c++/7/bits/stl_vector.h:162
#5  0x0000555555556225 in std::vector<double, std::allocator<double> >::~vector (this=0x7fffffffd5d0, __in_chrg=<optimized out>) at /usr/include/c++/7/bits/stl_vector.h:435
#6  0x0000555555555770 in train (iterations=30000, alpha=5.0000000000000002e-05, N=3, stopsWhenStable=true) at lreg.cpp:126
#7  0x0000555555555a1c in execute (input=0x7fffffffe1f3 "/tmp/lreg/randInput") at lreg.cpp:157
#8  0x0000555555555c60 in main (argc=4, argv=0x7fffffffde48) at lreg.cpp:191

3120	malloc.c: No such file or directory.

Backtrace END
Fliping a bit of the pointer
Memory content before bitflip:0xd00xd50xff0xff0xff0x7f0x000x00
Fault Model: Single bit-flip
base address to flip value: 0x7fffffffd4f8
address max offset: 8
Memory content after  bitflip:0xd00xd50xff0xbf0xff0x7f0x000x00
frame name: std::_Vector_base<double, std::allocator<double> >::_M_deallocate
symbol name: this
symbol filename: lreg.cpp
symbol line: 0
value: 0x7fffffffd5d0
value address: 0x7fffffffd4f8
Type: The type is a pointer.
Type sizeof: 8

[INFO -- 2018-11-06 22:01:06]
Fault Injection Successful after 2.133777379989624s
[INFO -- 2018-11-06 22:01:16]
event type: exit
[INFO -- 2018-11-06 22:01:16]
exit code: 0
