[INFO -- 2018-11-16 10:42:38]
Starting flip_value script
version: 1.1
[INFO -- 2018-11-16 10:42:38]
Initialization strings:
[INFO -- 2018-11-16 10:42:38]
(1) file /tmp/lreg/lreg
[INFO -- 2018-11-16 10:42:38]
(2) set args /tmp/lreg/randInput /tmp/lreg/output
[INFO -- 2018-11-16 10:42:38]
initSignal:0
[INFO -- 2018-11-16 10:42:38]
endSignal:5
[INFO -- 2018-11-16 10:42:38]
faultModel:1
[INFO -- 2018-11-16 10:42:39]
Backtrace BEGIN:
#0  0x000055555555522d in verifyDoubleDup (a=1.9966632548010781, b=-1.0080627613058122) at lreg.cpp:70
#1  0x00005555555557ea in predict (v=-20) at lreg.cpp:116
#2  0x0000555555555a53 in partialDerivate (pos1=0, pos2=0) at lreg.cpp:142
#3  0x0000555555555bbe in adjust (alpha1=5.0000000000000002e-05, alpha2=5.0000000000000002e-05) at lreg.cpp:156
#4  0x0000555555555ee0 in train (iter1=30000, iter2=30000, N=3, alpha1=5.0000000000000002e-05, alpha2=5.0000000000000002e-05, stopsWhenStable=true) at lreg.cpp:193
#5  0x0000555555556467 in main (argc=3, argv=0x7fffffffde58) at lreg.cpp:253

65			fp << "verifyUint: a = "<<a<<"; b = "<<b<<endl;
66	        detected = 1;	
67		}
68		return a;
69	}
70	double verifyDoubleDup(double a, double b){
71		if (a != b && detected != 1){
72			//gerar entrada no log
73			ofstream fp ("/tmp/lreg/detected.log", std::ofstream::app);
74			fp << "verifyDouble: a = "<<a<<"; b = "<<b<<endl;

Backtrace END
Memory content before bitflip:0x010x000x000x00
Fault Model: Double bit-flip
base address to flip value: 0x7fffffffd6d4
address max offset: 4
Memory content after  bitflip:0x010x000x000x48
frame name: predict
symbol name: i2
symbol filename: lreg.cpp
symbol line: 115
value: 1207959553
value address: 0x7fffffffd6d4
Type: The type is an integer type.
Type sizeof: 4

[INFO -- 2018-11-16 10:42:39]
Fault Injection Successful after 1.9859299659729004s
[INFO -- 2018-11-16 10:42:43]
event type: exit
[INFO -- 2018-11-16 10:42:43]
exit code: 0
