[INFO -- 2018-11-09 14:25:15]
Starting flip_value script
version: 1.1
[INFO -- 2018-11-09 14:25:15]
Initialization strings:
[INFO -- 2018-11-09 14:25:15]
(1) file /tmp/lreg/lreg
[INFO -- 2018-11-09 14:25:15]
(2) set args /tmp/lreg/randInput /tmp/lreg/output /tmp/lreg/detected.log
[INFO -- 2018-11-09 14:25:15]
initSignal:0
[INFO -- 2018-11-09 14:25:15]
endSignal:10
[INFO -- 2018-11-09 14:25:15]
faultModel:0
[INFO -- 2018-11-09 14:25:19]
Backtrace BEGIN:
#0  0x000055555555524e in predict (v=-7) at lreg.cpp:49
#1  0x00005555555552ba in meanSquaredError () at lreg.cpp:61
#2  0x00005555555556b1 in train (iterations=45000, alpha=2.2222199999999999e-05, N=4, stopsWhenStable=true) at lreg.cpp:121
#3  0x0000555555555a1c in execute (input=0x7fffffffe1f3 "/tmp/lreg/randInput") at lreg.cpp:157
#4  0x0000555555555c60 in main (argc=4, argv=0x7fffffffde48) at lreg.cpp:191

44	/**
45		Predicts the value related to v using the Ts variables
46	*/
47	double predict(double v){
48		double val = 0;
49		for(int i = 0; i<T.size(); i++){
50			val+= (T[i] * pow(v, i));
51		}
52		return val;
53		

Backtrace END
Memory content before bitflip:0x040x000x000x00
Fault Model: Single bit-flip
base address to flip value: 0x7fffffffd568
address max offset: 4
Memory content after  bitflip:0x040x000x010x00
frame name: train
symbol name: N
symbol filename: lreg.cpp
symbol line: 105
value: 65540
value address: 0x7fffffffd568
Type: The type is an integer type.
Type sizeof: 4

[INFO -- 2018-11-09 14:25:19]
Fault Injection Successful after 4.196069955825806s
[INFO -- 2018-11-09 14:25:27]
event type: exit
[INFO -- 2018-11-09 14:25:27]
exit code: 0
