[INFO -- 2018-10-12 19:19:58]
Starting flip_value script
version: 1.1
[INFO -- 2018-10-12 19:19:58]
Initialization strings:
[INFO -- 2018-10-12 19:19:58]
(1) file /tmp/lreg/lreg
[INFO -- 2018-10-12 19:19:58]
(2) set args /tmp/lreg/randInput /tmp/lreg/output
[INFO -- 2018-10-12 19:19:58]
initSignal:0
[INFO -- 2018-10-12 19:19:58]
endSignal:10
[INFO -- 2018-10-12 19:19:58]
faultModel:1
[INFO -- 2018-10-12 19:20:00]
Backtrace BEGIN:
#0  0x00005555555552a7 in predict (v=-3) at lreg.cpp:77
#1  0x00005555555553e9 in meanSquaredError () at lreg.cpp:91
#2  0x0000555555555886 in train (iterations=90000, N=4, stopsWhenStable=true) at lreg.cpp:160
#3  0x0000555555555dba in main (argc=3, argv=0x7fffffffde68) at lreg.cpp:225

72		double val = 0;
73		for(UINT i1 = 0, i2 = 0, i3 = 0; 
74			selectTriUInt(i1, i2, i3)<T.size(); 
75			i1++, i2++, i3++)
76		{
77			val+= (T[selectTriUInt(i1, i2, i3)] * pow(v, selectTriUInt(i1, i2, i3)));
78		}
79		return val;
80		
81	}

Backtrace END
Memory content before bitflip:0xcc0x030x000x00
Fault Model: Double bit-flip
base address to flip value: 0x7fffffffd81c
address max offset: 4
Memory content after  bitflip:0xcc0x030x000x48
frame name: train
symbol name: i3
symbol filename: lreg.cpp
symbol line: 154
value: 1207960524
value address: 0x7fffffffd81c
Type: The type is an integer type.
Type sizeof: 4

[INFO -- 2018-10-12 19:20:00]
Fault Injection Successful after 2.3650219440460205s
[INFO -- 2018-10-12 19:20:08]
event type: exit
[INFO -- 2018-10-12 19:20:08]
exit code: 0
