[INFO -- 2018-10-10 17:42:43]
Starting flip_value script
version: 1.1
[INFO -- 2018-10-10 17:42:43]
Initialization strings:
[INFO -- 2018-10-10 17:42:43]
(1) file /tmp/lreg/lreg
[INFO -- 2018-10-10 17:42:43]
(2) set args /tmp/lreg/randInput /tmp/lreg/output
[INFO -- 2018-10-10 17:42:43]
initSignal:0
[INFO -- 2018-10-10 17:42:43]
endSignal:10
[INFO -- 2018-10-10 17:42:43]
faultModel:2
[INFO -- 2018-10-10 17:42:45]
Backtrace BEGIN:
#0  0x000055555555608d in std::pow<double, unsigned int> (__x=-3, __y=0) at /usr/include/c++/7/cmath:418
#1  0x00005555555552c2 in predict (v=-3) at lreg.cpp:77
#2  0x00005555555553e9 in meanSquaredError () at lreg.cpp:91
#3  0x0000555555555886 in train (iterations=90000, N=4, stopsWhenStable=true) at lreg.cpp:160
#4  0x0000555555555dba in main (argc=3, argv=0x7fffffffde68) at lreg.cpp:225

413	    inline _GLIBCXX_CONSTEXPR
414	    typename __gnu_cxx::__promote_2<_Tp, _Up>::__type
415	    pow(_Tp __x, _Up __y)
416	    {
417	      typedef typename __gnu_cxx::__promote_2<_Tp, _Up>::__type __type;
418	      return pow(__type(__x), __type(__y));
419	    }
420	
421	  using ::sin;
422	

Backtrace END
Fliping value of field: std::_Vector_base<double, std::allocator<double> >
Fliping value of field: _M_impl
Fliping value of field: _M_start
Fliping a bit of the value pointed by a pointer
Memory content before bitflip:0x1a0x9a0xcf0x220xe10x750xad0xbf
Fault Model: Random bit-flip
base address to flip value: 0x555555771380
address max offset: 8
Memory content after  bitflip:0xb50x6c0x0a0xcf0x130x390xf40xce
frame name: std::pow<double, unsigned int>
symbol name: T
symbol filename: lreg.cpp
symbol line: 43
value: std::vector of length 4, capacity 4 = {-2.2331796800158904e+72, -0.20647826150145543, -1.3391683769288527, 0.78225386700956701}
value address: 0x55555575a180 <T>
Type: The type is a structure.
Type sizeof: 24
Field name: std::_Vector_base<double, std::allocator<double> >
Field Type: The type is a structure.
Field Type sizeof: 24

[INFO -- 2018-10-10 17:42:45]
Fault Injection Successful after 2.1020126342773438s
[INFO -- 2018-10-10 17:42:52]
event type: exit
[INFO -- 2018-10-10 17:42:52]
exit code: 0
