[INFO -- 2018-11-22 14:31:21]
Starting flip_value script
version: 1.1
[INFO -- 2018-11-22 14:31:21]
Initialization strings:
[INFO -- 2018-11-22 14:31:21]
(1) file /tmp/lreg/lreg
[INFO -- 2018-11-22 14:31:21]
(2) set args /tmp/lreg/randInput /tmp/lreg/output
[INFO -- 2018-11-22 14:31:21]
initSignal:0
[INFO -- 2018-11-22 14:31:21]
endSignal:3
[INFO -- 2018-11-22 14:31:21]
faultModel:0
[INFO -- 2018-11-22 14:31:23]
Backtrace BEGIN:
#0  0x00005555555551e7 in predict (v=-7) at lreg.cpp:50
#1  0x00005555555553ac in partialDerivate (pos=2) at lreg.cpp:74
#2  0x00005555555554b3 in adjust (alpha=5.0000000000000002e-05) at lreg.cpp:87
#3  0x000055555555565c in train (iterations=20000, alpha=5.0000000000000002e-05, N=3, stopsWhenStable=true) at lreg.cpp:120
#4  0x0000555555555ab7 in main (argc=3, argv=0x7fffffffde58) at lreg.cpp:174

45		Predicts the value related to v using the Ts variables
46	*/
47	double predict(double v){
48		double val = 0;
49		for(int i = 0; i<T.size(); i++){
50			val+= (T[i] * pow(v, i));
51		}
52		return val;
53		
54	}

Backtrace END
Memory content before bitflip:0x020x480xa40x180x1a0x970x120x40
Fault Model: Single bit-flip
base address to flip value: 0x7fffffffd838
address max offset: 8
Memory content after  bitflip:0x020x480xa40x380x1a0x970x120x40
frame name: train
symbol name: MSE
symbol filename: lreg.cpp
symbol line: 117
value: 4.6475609636563622
value address: 0x7fffffffd838
Type: A floating point type.
Type sizeof: 8

[INFO -- 2018-11-22 14:31:23]
Fault Injection Successful after 2.566534996032715s
[INFO -- 2018-11-22 14:31:25]
event type: exit
[INFO -- 2018-11-22 14:31:25]
exit code: 0
