[INFO -- 2018-10-12 10:37:34]
Starting flip_value script
version: 1.1
[INFO -- 2018-10-12 10:37:34]
Initialization strings:
[INFO -- 2018-10-12 10:37:34]
(1) file /tmp/lreg/lreg
[INFO -- 2018-10-12 10:37:34]
(2) set args /tmp/lreg/randInput /tmp/lreg/output
[INFO -- 2018-10-12 10:37:34]
initSignal:0
[INFO -- 2018-10-12 10:37:34]
endSignal:10
[INFO -- 2018-10-12 10:37:34]
faultModel:0
[INFO -- 2018-10-12 10:37:35]
Backtrace BEGIN:
#0  0x0000555555557c60 in std::__copy_move_a2<false, __gnu_cxx::__normal_iterator<double const*, std::vector<double, std::allocator<double> > >, double*> (__first=-9.2908928309647969, __last=2.4209216646221081e-322, __result=0x555555771450) at /usr/include/c++/7/bits/stl_algobase.h:420
#1  0x0000555555557b05 in std::copy<__gnu_cxx::__normal_iterator<double const*, std::vector<double, std::allocator<double> > >, double*> (__first=-9.290213311716423, __last=1.6304166312761136e-322, __result=0x555555771470) at /usr/include/c++/7/bits/stl_algobase.h:456
#2  0x0000555555557888 in std::__uninitialized_copy<true>::__uninit_copy<__gnu_cxx::__normal_iterator<double const*, std::vector<double, std::allocator<double> > >, double*> (__first=-9.290213311716423, __last=1.6304166312761136e-322, __result=0x555555771470) at /usr/include/c++/7/bits/stl_uninitialized.h:101
#3  0x00005555555572fe in std::uninitialized_copy<__gnu_cxx::__normal_iterator<double const*, std::vector<double, std::allocator<double> > >, double*> (__first=-9.290213311716423, __last=1.6304166312761136e-322, __result=0x555555771470) at /usr/include/c++/7/bits/stl_uninitialized.h:134
#4  0x0000555555556a57 in std::__uninitialized_copy_a<__gnu_cxx::__normal_iterator<double const*, std::vector<double, std::allocator<double> > >, double*, double> (__first=-9.290213311716423, __last=1.6304166312761136e-322, __result=0x555555771470) at /usr/include/c++/7/bits/stl_uninitialized.h:289
#5  0x00005555555562dd in std::vector<double, std::allocator<double> >::vector (this=0x7fffffffd890, __x=std::vector of length 3, capacity 3 = {...}) at /usr/include/c++/7/bits/stl_vector.h:331
#6  0x00005555555558e8 in train (iterations=60000, N=3, stopsWhenStable=true) at lreg.cpp:165
#7  0x0000555555555dba in main (argc=3, argv=0x7fffffffde68) at lreg.cpp:225

415	    __copy_move_a2(istreambuf_iterator<_CharT, char_traits<_CharT> >,
416			   istreambuf_iterator<_CharT, char_traits<_CharT> >, _CharT*);
417	
418	  template<bool _IsMove, typename _II, typename _OI>
419	    inline _OI
420	    __copy_move_a2(_II __first, _II __last, _OI __result)
421	    {
422	      return _OI(std::__copy_move_a<_IsMove>(std::__niter_base(__first),
423						     std::__niter_base(__last),
424						     std::__niter_base(__result)));

Backtrace END
Fliping a bit of the pointer
Memory content before bitflip:0x500x140x770x550x550x550x000x00
Fault Model: Single bit-flip
base address to flip value: 0x7fffffffd698
address max offset: 8
Memory content after  bitflip:0x500x140x770x550x550x550x010x00
frame name: std::__copy_move_a2<false, __gnu_cxx::__normal_iterator<double const*, std::vector<double, std::allocator<double> > >, double*>
symbol name: __result
symbol filename: /usr/include/c++/7/bits/stl_algobase.h
symbol line: 420
value: 0x555555771450
value address: 0x7fffffffd698
Type: The type is a pointer.
Type sizeof: 8

[INFO -- 2018-10-12 10:37:35]
Fault Injection Successful after 1.723397970199585s
[INFO -- 2018-10-12 10:37:44]
event type: exit
[INFO -- 2018-10-12 10:37:44]
exit code: 0
