[INFO -- 2018-11-27 18:01:34]
Starting flip_value script
version: 1.1
[INFO -- 2018-11-27 18:01:34]
Initialization strings:
[INFO -- 2018-11-27 18:01:34]
(1) file /tmp/lreg/lreg
[INFO -- 2018-11-27 18:01:34]
(2) set args /tmp/lreg/randInput /tmp/lreg/output
[INFO -- 2018-11-27 18:01:34]
initSignal:0
[INFO -- 2018-11-27 18:01:34]
endSignal:3
[INFO -- 2018-11-27 18:01:34]
faultModel:0
[INFO -- 2018-11-27 18:01:35]
Backtrace BEGIN:
#0  0x0000555555557b4e in std::__miter_base<__gnu_cxx::__normal_iterator<double const*, std::vector<double, std::allocator<double> > > > (__it=-0.13033065183489784) at /usr/include/c++/7/bits/cpp_type_traits.h:409
#1  0x00005555555573bc in std::copy<__gnu_cxx::__normal_iterator<double const*, std::vector<double, std::allocator<double> > >, __gnu_cxx::__normal_iterator<double*, std::vector<double, std::allocator<double> > > > (__first=-0.13033065183489784, __last=1.6304166312761136e-322, __result=-0.13044948131939563) at /usr/include/c++/7/bits/stl_algobase.h:455
#2  0x0000555555556d13 in std::vector<double, std::allocator<double> >::operator= (this=0x7fffffffd820, __x=std::vector of length 3, capacity 3 = {...}) at /usr/include/c++/7/bits/vector.tcc:218
#3  0x0000555555555f26 in train (iter1=20000, iter2=20000, N=3, alpha1=5.0000000000000002e-05, alpha2=5.0000000000000002e-05, stopsWhenStable=true) at lreg.cpp:197
#4  0x0000555555556467 in main (argc=3, argv=0x7fffffffde58) at lreg.cpp:253

404	  // Fallback implementation of the function in bits/stl_iterator.h used to
405	  // remove the move_iterator wrapper.
406	  template<typename _Iterator>
407	    inline _Iterator
408	    __miter_base(_Iterator __it)
409	    { return __it; }
410	
411	_GLIBCXX_END_NAMESPACE_VERSION
412	} // namespace
413	} // extern "C++"

Backtrace END
Fliping value of field: _M_current
Fliping a bit of the pointer
Memory content before bitflip:0x400x250x770x550x550x550x000x00
Fault Model: Single bit-flip
base address to flip value: 0x7fffffffd728
address max offset: 8
Memory content after  bitflip:0x410x250x770x550x550x550x000x00
frame name: std::copy<__gnu_cxx::__normal_iterator<double const*, std::vector<double, std::allocator<double> > >, __gnu_cxx::__normal_iterator<double*, std::vector<double, std::allocator<double> > > >
symbol name: __result
symbol filename: /usr/include/c++/7/bits/stl_algobase.h
symbol line: 446
value: 2.8383410052104189e-247
value address: 0x7fffffffd728
Type: The type is a structure.
Type sizeof: 8
Field name: _M_current
Field Type: The type is a pointer.
Field Type sizeof: 8

[INFO -- 2018-11-27 18:01:35]
Fault Injection Successful after 1.441791296005249s
[INFO -- 2018-11-27 18:01:37]
event type: exit
[INFO -- 2018-11-27 18:01:37]
exit code: 0
