[INFO -- 2018-09-25 20:08:28]
Starting flip_value script
version: 1.1
[INFO -- 2018-09-25 20:08:28]
Initialization strings:
[INFO -- 2018-09-25 20:08:28]
(1) file /tmp/lreg/lreg
[INFO -- 2018-09-25 20:08:28]
(2) set args /tmp/lreg/randInput /tmp/lreg/output
[INFO -- 2018-09-25 20:08:28]
initSignal:0
[INFO -- 2018-09-25 20:08:28]
endSignal:2
[INFO -- 2018-09-25 20:08:28]
faultModel:2
[INFO -- 2018-09-25 20:08:28]
Backtrace BEGIN:
#0  meanSquaredError () at lreg.cpp:60
#1  0x00005555555556b1 in train (iterations=30000, alpha=0.00020000000000000001, N=2, stopsWhenStable=true) at lreg.cpp:121
#2  0x0000555555555c26 in main (argc=3, argv=0x7fffffffde68) at lreg.cpp:182

55	/**
56		Calculates the mean squared error of T
57	*/
58	double meanSquaredError(){
59		double error = 0;
60		for(int i = 0; i<x.size(); i++){
61			error+= ((predict(x[i]) - y[i]) * (predict(x[i]) - y[i]));	
62		}
63		error /= x.size();
64		return error;

Backtrace END
Memory content before bitflip:0x000x000x000x000x000x000xf80x7f
Fault Model: Random bit-flip
base address to flip value: 0x7fffffffd7e8
address max offset: 8
Memory content after  bitflip:0x070xda0x980x820x900x4f0xae0x18
frame name: meanSquaredError
symbol name: error
symbol filename: lreg.cpp
symbol line: 59
value: 8.5037429997251074e-190
value address: 0x7fffffffd7e8
Type: A floating point type.
Type sizeof: 8

[INFO -- 2018-09-25 20:08:28]
Fault Injection Successful after 0.8767666816711426s
[INFO -- 2018-09-25 20:08:35]
event type: exit
[INFO -- 2018-09-25 20:08:35]
exit code: 0
