[INFO -- 2018-10-10 16:59:20]
Starting flip_value script
version: 1.1
[INFO -- 2018-10-10 16:59:20]
Initialization strings:
[INFO -- 2018-10-10 16:59:20]
(1) file /tmp/lreg/lreg
[INFO -- 2018-10-10 16:59:20]
(2) set args /tmp/lreg/randInput /tmp/lreg/output
[INFO -- 2018-10-10 16:59:20]
initSignal:0
[INFO -- 2018-10-10 16:59:20]
endSignal:10
[INFO -- 2018-10-10 16:59:20]
faultModel:2
[INFO -- 2018-10-10 16:59:24]
Backtrace BEGIN:
#0  0x00007ffff76d5813 in log1 (error=<synthetic pointer>, delta=<synthetic pointer>, x=6) at ../sysdeps/ieee754/dbl-64/e_pow.c:335
#1  __ieee754_pow_sse2 (x=6, y=3) at ../sysdeps/ieee754/dbl-64/e_pow.c:103
#2  0x00007ffff76d66be in __ieee754_pow_sse2 (x=<optimized out>, y=<optimized out>) at ../sysdeps/ieee754/dbl-64/e_pow.c:184
#3  0x00007ffff76b7b14 in __pow (x=-6, y=3) at w_pow_compat.c:30
#4  0x00005555555560ba in std::pow<double, unsigned int> (__x=-6, __y=3) at /usr/include/c++/7/cmath:418
#5  0x00005555555552c2 in predict (v=-6) at lreg.cpp:77
#6  0x00005555555553e9 in meanSquaredError () at lreg.cpp:91
#7  0x0000555555555886 in train (iterations=90000, N=4, stopsWhenStable=true) at lreg.cpp:160
#8  0x0000555555555dba in main (argc=3, argv=0x7fffffffde68) at lreg.cpp:225

330	../sysdeps/ieee754/dbl-64/e_pow.c: No such file or directory.

Backtrace END
Fliping value of field name: i
Fliping array at pos: 1
Memory content before bitflip:0x000x000x300x43
Fault Model: Random bit-flip
base address to flip value: 0x7ffff779a5ac 
address max offset: 4
Memory content after  bitflip:0x3c0xc80x340x07
frame name: __ieee754_pow_sse2
symbol name: t52
symbol filename: ../sysdeps/ieee754/dbl-64/upow.h
symbol line: 54
value: {i = {0, 120899644}, x = 6.0025357325204604e-274}
value address: 0x7ffff779a5a8 <t52>
Type: The type is a union.
Type sizeof: 8
Field name: i
Field Type: The type is an array.
Field Type sizeof: 8
Field name: x
Field Type: A floating point type.
Field Type sizeof: 8

[INFO -- 2018-10-10 16:59:24]
Fault Injection Successful after 4.856442928314209s
[INFO -- 2018-10-10 16:59:32]
event type: exit
[INFO -- 2018-10-10 16:59:32]
exit code: 0
