[INFO -- 2018-10-12 14:43:52]
Starting flip_value script
version: 1.1
[INFO -- 2018-10-12 14:43:52]
Initialization strings:
[INFO -- 2018-10-12 14:43:52]
(1) file /tmp/lreg/lreg
[INFO -- 2018-10-12 14:43:52]
(2) set args /tmp/lreg/randInput /tmp/lreg/output
[INFO -- 2018-10-12 14:43:52]
initSignal:0
[INFO -- 2018-10-12 14:43:52]
endSignal:10
[INFO -- 2018-10-12 14:43:52]
faultModel:2
[INFO -- 2018-10-12 14:43:56]
Backtrace BEGIN:
#0  libc_feholdsetround_sse_ctx (r=0, ctx=<synthetic pointer>) at ../sysdeps/i386/fpu/fenv_private.h:447
#1  __ieee754_pow_sse2 (x=1, y=3) at ../sysdeps/ieee754/dbl-64/e_pow.c:97
#2  0x00007ffff76d66be in __ieee754_pow_sse2 (x=<optimized out>, y=<optimized out>) at ../sysdeps/ieee754/dbl-64/e_pow.c:184
#3  0x00007ffff76b7b14 in __pow (x=-1, y=3) at w_pow_compat.c:30
#4  0x00005555555560ba in std::pow<double, unsigned int> (__x=-1, __y=3) at /usr/include/c++/7/cmath:418
#5  0x00005555555552c2 in predict (v=-1) at lreg.cpp:77
#6  0x000055555555551d in partialDerivate (pos=1) at lreg.cpp:107
#7  0x0000555555555670 in adjust () at lreg.cpp:123
#8  0x0000555555555881 in train (iterations=90000, N=4, stopsWhenStable=true) at lreg.cpp:159
#9  0x0000555555555dba in main (argc=3, argv=0x7fffffffde68) at lreg.cpp:225

442	../sysdeps/i386/fpu/fenv_private.h: No such file or directory.

Backtrace END
Memory content before bitflip:0x000x000x000x000x000x000xf00xbf
Fault Model: Random bit-flip
base address to flip value: 0x7fffffffd6d8
address max offset: 8
Memory content after  bitflip:0xff0x310x4f0x900xea0x3e0xc70x21
frame name: std::pow<double, unsigned int>
symbol name: __x
symbol filename: /usr/include/c++/7/cmath
symbol line: 415
value: 5.8174945576062758e-146
value address: 0x7fffffffd6d8
Type: A floating point type.
Type sizeof: 8

[INFO -- 2018-10-12 14:43:56]
Fault Injection Successful after 4.98271107673645s
[INFO -- 2018-10-12 14:44:03]
event type: exit
[INFO -- 2018-10-12 14:44:03]
exit code: 0
