[INFO -- 2018-09-30 19:34:23]
Starting flip_value script
version: 1.1
[INFO -- 2018-09-30 19:34:23]
Initialization strings:
[INFO -- 2018-09-30 19:34:23]
(1) file /tmp/lreg/lreg
[INFO -- 2018-09-30 19:34:23]
(2) set args /tmp/lreg/randInput /tmp/lreg/output
[INFO -- 2018-09-30 19:34:23]
initSignal:0
[INFO -- 2018-09-30 19:34:23]
endSignal:10
[INFO -- 2018-09-30 19:34:23]
faultModel:0
[EXCEPTION -- 2018-09-30 19:34:26]
pythonException: Unable to exit loop in struct fields; Exiting wihtout making a bit flip
[INFO -- 2018-09-30 19:34:26]
Backtrace BEGIN:
#0  0x00007ffff76d098d in __exp1 (x=<optimized out>, xx=<optimized out>, error=<optimized out>) at ../sysdeps/ieee754/dbl-64/e_exp.c:280
#1  0x00007ffff76d58dc in __ieee754_pow_sse2 (x=19, y=3) at ../sysdeps/ieee754/dbl-64/e_pow.c:115
#2  0x00007ffff76d66be in __ieee754_pow_sse2 (x=<optimized out>, y=<optimized out>) at ../sysdeps/ieee754/dbl-64/e_pow.c:184
#3  0x00007ffff76b7b14 in __pow (x=-19, y=3) at w_pow_compat.c:30
#4  0x0000555555555f39 in std::pow<double, int> (__x=-19, __y=3) at /usr/include/c++/7/cmath:418
#5  0x0000555555555237 in predict (v=-19) at lreg.cpp:50
#6  0x00005555555553fc in partialDerivate (pos=2) at lreg.cpp:74
#7  0x0000555555555503 in adjust (alpha=2.2222199999999999e-05) at lreg.cpp:87
#8  0x00005555555556ac in train (iterations=90000, alpha=2.2222199999999999e-05, N=4, stopsWhenStable=true) at lreg.cpp:120
#9  0x0000555555555c26 in main (argc=3, argv=0x7fffffffde58) at lreg.cpp:182

275	in ../sysdeps/ieee754/dbl-64/e_exp.c

Backtrace END
Fliping value of field name: i
Fliping array at pos: 1
Memory content before bitflip:0x570xf30x2e0x3d
Fault Model: Single bit-flip
base address to flip value: 0x7ffff779a5c4 
address max offset: 4
Memory content after  bitflip:0x570xf30x2f0x3d
frame name: __ieee754_pow_sse2
symbol name: ln2b
symbol filename: ../sysdeps/ieee754/dbl-64/upow.h
symbol line: 51
value: {i = {-1815648464, 1026552663}, x = 5.6755587026483962e-14}
value address: 0x7ffff779a5c0 <ln2b>
Type: The type is a union.
Type sizeof: 8
Field name: i
Field Type: The type is an array.
Field Type sizeof: 8
Field name: x
Field Type: A floating point type.
Field Type sizeof: 8

[INFO -- 2018-09-30 19:34:26]
Fault Injection Successful after 3.1543614864349365s
[INFO -- 2018-09-30 19:34:31]
event type: exit
[INFO -- 2018-09-30 19:34:31]
exit code: 0
