[INFO -- 2018-09-16 11:15:19]
Starting flip_value script
version: 1.1
[INFO -- 2018-09-16 11:15:19]
Initialization strings:
[INFO -- 2018-09-16 11:15:19]
(1) file /tmp/lreg/lreg
[INFO -- 2018-09-16 11:15:19]
(2) set args /tmp/lreg/randInput /tmp/lreg/output
[INFO -- 2018-09-16 11:15:19]
initSignal:0
[INFO -- 2018-09-16 11:15:19]
endSignal:2
[INFO -- 2018-09-16 11:15:19]
faultModel:2
[EXCEPTION -- 2018-09-16 11:15:19]
gdbException: Attempt to dereference a generic pointer.
[INFO -- 2018-09-16 11:15:20]
Backtrace BEGIN:
#0  log1 (error=<synthetic pointer>, delta=<synthetic pointer>, x=15) at ../sysdeps/ieee754/dbl-64/e_pow.c:338
#1  __ieee754_pow_sse2 (x=15, y=3) at ../sysdeps/ieee754/dbl-64/e_pow.c:103
#2  0x00007ffff76b7b14 in __pow (x=15, y=3) at w_pow_compat.c:30
#3  0x0000555555555f39 in std::pow<double, int> (__x=15, __y=3) at /usr/include/c++/7/cmath:418
#4  0x0000555555555451 in partialDerivate (pos=3) at lreg.cpp:74
#5  0x0000555555555503 in adjust (alpha=2.2222199999999999e-05) at lreg.cpp:87
#6  0x00005555555556ac in train (iterations=90000, alpha=2.2222199999999999e-05, N=4, stopsWhenStable=true) at lreg.cpp:120
#7  0x0000555555555c26 in main (argc=3, argv=0x7fffffffde68) at lreg.cpp:182

333	../sysdeps/ieee754/dbl-64/e_pow.c: No such file or directory.

Backtrace END
Memory content before bitflip:0xa20x170xee0x300x940xc30xc10xc0
Fault Model: Random bit-flip
base address to flip value: 0x7fffffffd7e8
address max offset: 8
Memory content after  bitflip:0xf00x8e0x4b0x3f0x560xba0x450x1a
frame name: adjust
symbol name: PD
symbol filename: lreg.cpp
symbol line: 85
value: 4.0908161009751031e-182
value address: 0x7fffffffd7e8
Type: A floating point type.
Type sizeof: 8

[INFO -- 2018-09-16 11:15:20]
Fault Injection Successful after 1.9540960788726807s
[INFO -- 2018-09-16 11:15:26]
event type: exit
[INFO -- 2018-09-16 11:15:26]
exit code: 0
