[INFO -- 2018-09-14 21:37:51]
Starting flip_value script
version: 1.1
[INFO -- 2018-09-14 21:37:51]
Initialization strings:
[INFO -- 2018-09-14 21:37:51]
(1) file /tmp/lreg/lreg
[INFO -- 2018-09-14 21:37:51]
(2) set args /tmp/lreg/randInput /tmp/lreg/output
[INFO -- 2018-09-14 21:37:51]
initSignal:0
[INFO -- 2018-09-14 21:37:51]
endSignal:2
[INFO -- 2018-09-14 21:37:51]
faultModel:0
[INFO -- 2018-09-14 21:37:53]
Backtrace BEGIN:
#0  __exp1 (x=<optimized out>, xx=9.7691909696864289e-17, error=<optimized out>) at ../sysdeps/ieee754/dbl-64/e_exp.c:265
#1  0x00007ffff76d58dc in __ieee754_pow_sse2 (x=8, y=3) at ../sysdeps/ieee754/dbl-64/e_pow.c:115
#2  0x00007ffff76d66be in __ieee754_pow_sse2 (x=<optimized out>, y=<optimized out>) at ../sysdeps/ieee754/dbl-64/e_pow.c:184
#3  0x00007ffff76b7b14 in __pow (x=-8, y=3) at w_pow_compat.c:30
#4  0x0000555555555f39 in std::pow<double, int> (__x=-8, __y=3) at /usr/include/c++/7/cmath:418
#5  0x0000555555555237 in predict (v=-8) at lreg.cpp:50
#6  0x000055555555530a in meanSquaredError () at lreg.cpp:61
#7  0x00005555555556b1 in train (iterations=90000, alpha=2.2222199999999999e-05, N=4, stopsWhenStable=true) at lreg.cpp:121
#8  0x0000555555555c26 in main (argc=3, argv=0x7fffffffde68) at lreg.cpp:182

260	../sysdeps/ieee754/dbl-64/e_exp.c: No such file or directory.

Backtrace END
Fliping value of field name: i
Fliping array at pos: 0
Memory content before bitflip:0x2c0xfd0xff0xff
Fault Model: Single bit-flip
base address to flip value: 0x7ffff779a5b8 
address max offset: 4
Memory content after  bitflip:0x2c0xbd0xff0xff
frame name: __ieee754_pow_sse2
symbol name: bigu
symbol filename: ../sysdeps/ieee754/dbl-64/upow.h
symbol line: 52
value: {i = {-17108, 1117257727}, x = 6597069766639.293}
value address: 0x7ffff779a5b8 <bigu>
Type: The type is a union.
Type sizeof: 8
Field name: i
Field Type: The type is an array.
Field Type sizeof: 8
Field name: x
Field Type: A floating point type.
Field Type sizeof: 8

[INFO -- 2018-09-14 21:37:53]
Fault Injection Successful after 2.212833881378174s
[INFO -- 2018-09-14 21:37:58]
event type: exit
[INFO -- 2018-09-14 21:37:58]
exit code: 0
