[INFO -- 2018-10-01 17:21:23]
Starting flip_value script
version: 1.1
[INFO -- 2018-10-01 17:21:23]
Initialization strings:
[INFO -- 2018-10-01 17:21:23]
(1) file /tmp/lreg/lreg
[INFO -- 2018-10-01 17:21:23]
(2) set args /tmp/lreg/randInput /tmp/lreg/output
[INFO -- 2018-10-01 17:21:23]
initSignal:0
[INFO -- 2018-10-01 17:21:23]
endSignal:10
[INFO -- 2018-10-01 17:21:23]
faultModel:0
[INFO -- 2018-10-01 17:21:27]
Backtrace BEGIN:
#0  0x000055555555539b in partialDerivate (pos=1) at lreg.cpp:74
#1  0x00005555555554b3 in adjust (alpha=2.2222199999999999e-05) at lreg.cpp:87
#2  0x000055555555565c in train (iterations=90000, alpha=2.2222199999999999e-05, N=4, stopsWhenStable=true) at lreg.cpp:120
#3  0x0000555555555ab7 in main (argc=3, argv=0x7fffffffde58) at lreg.cpp:174

69		to the adjustment variable whose position in T is passed in pos
70	*/
71	double partialDerivate(int pos){
72		double pD = 0;
73		for(int i = 0; i<x.size(); i++){
74			pD += ((predict(x[i]) - y[i])*pow(x[i], pos));	
75		}
76		pD *= (2.0/x.size());
77		return pD;
78	}

Backtrace END
Memory content before bitflip:0x01
Fault Model: Single bit-flip
base address to flip value: 0x7fffffffd80c
address max offset: 1
Memory content after  bitflip:0x81
frame name: train
symbol name: stopsWhenStable
symbol filename: lreg.cpp
symbol line: 105
value: 129
value address: 0x7fffffffd80c
Type: A boolean type.
Type sizeof: 1

[INFO -- 2018-10-01 17:21:27]
Fault Injection Successful after 4.966381311416626s
[INFO -- 2018-10-01 17:21:31]
event type: exit
[INFO -- 2018-10-01 17:21:31]
exit code: 0
