[INFO -- 2018-11-05 20:12:01]
Starting flip_value script
version: 1.1
[INFO -- 2018-11-05 20:12:01]
Initialization strings:
[INFO -- 2018-11-05 20:12:01]
(1) file /tmp/lreg/lreg
[INFO -- 2018-11-05 20:12:01]
(2) set args /tmp/lreg/randInput /tmp/lreg/output /tmp/lreg/detected.log
[INFO -- 2018-11-05 20:12:01]
initSignal:0
[INFO -- 2018-11-05 20:12:01]
endSignal:10
[INFO -- 2018-11-05 20:12:01]
faultModel:2
[INFO -- 2018-11-05 20:12:06]
Backtrace BEGIN:
#0  0x00007ffff76da5c4 in __ieee754_pow_sse2 (x=12, y=3) at ../sysdeps/ieee754/dbl-64/e_pow.c:81
#1  0x00007ffff76db6be in __ieee754_pow_sse2 (x=<optimized out>, y=<optimized out>) at ../sysdeps/ieee754/dbl-64/e_pow.c:184
#2  0x00007ffff76bcb14 in __pow (x=-12, y=3) at w_pow_compat.c:30
#3  0x0000555555556131 in std::pow<double, int> (__x=-12, __y=3) at /usr/include/c++/7/cmath:418
#4  0x0000555555555237 in predict (v=-12) at lreg.cpp:50
#5  0x00005555555552ba in meanSquaredError () at lreg.cpp:61
#6  0x00005555555556b1 in train (iterations=45000, alpha=2.2222199999999999e-05, N=4, stopsWhenStable=true) at lreg.cpp:121
#7  0x0000555555555a1c in execute (input=0x7fffffffe1f3 "/tmp/lreg/randInput") at lreg.cpp:157
#8  0x0000555555555c60 in main (argc=4, argv=0x7fffffffde48) at lreg.cpp:191

76	../sysdeps/ieee754/dbl-64/e_pow.c: No such file or directory.

Backtrace END
Fliping value of field: std::_Vector_base<double, std::allocator<double> >
Fliping value of field: _M_impl
Fliping value of field: _M_finish
Fliping a bit of the value pointed by a pointer
Memory content before bitflip:0x000x000x000x000x000x000x000x00
Fault Model: Random bit-flip
base address to flip value: 0x555555772ba0
address max offset: 8
Memory content after  bitflip:0xf10x970x590x4f0x3f0x550x860xdc
frame name: train
symbol name: prevT
symbol filename: lreg.cpp
symbol line: 114
value: std::vector of length 4, capacity 4 = {-19.34637218089232, -267.48098102091791, 9.4834927926637427, 5.5130524200875275}
value address: 0x7fffffffd590
Type: The type is a structure.
Type sizeof: 24
Field name: std::_Vector_base<double, std::allocator<double> >
Field Type: The type is a structure.
Field Type sizeof: 24

[INFO -- 2018-11-05 20:12:06]
Fault Injection Successful after 5.343307971954346s
[INFO -- 2018-11-05 20:12:11]
event type: exit
[INFO -- 2018-11-05 20:12:11]
exit code: 0
