[INFO -- 2018-11-23 18:42:13]
Starting flip_value script
version: 1.1
[INFO -- 2018-11-23 18:42:13]
Initialization strings:
[INFO -- 2018-11-23 18:42:13]
(1) file /tmp/lreg/lreg
[INFO -- 2018-11-23 18:42:13]
(2) set args /tmp/lreg/randInput /tmp/lreg/output
[INFO -- 2018-11-23 18:42:13]
initSignal:0
[INFO -- 2018-11-23 18:42:13]
endSignal:3
[INFO -- 2018-11-23 18:42:13]
faultModel:2
[INFO -- 2018-11-23 18:42:14]
Backtrace BEGIN:
#0  0x00005555555553da in partialDerivate (pos=1) at lreg.cpp:74
#1  0x00005555555554b3 in adjust (alpha=2.2222199999999999e-05) at lreg.cpp:87
#2  0x000055555555565c in train (iterations=30000, alpha=2.2222199999999999e-05, N=4, stopsWhenStable=true) at lreg.cpp:120
#3  0x0000555555555ab7 in main (argc=3, argv=0x7fffffffde58) at lreg.cpp:174

69		to the adjustment variable whose position in T is passed in pos
70	*/
71	double partialDerivate(int pos){
72		double pD = 0;
73		for(int i = 0; i<x.size(); i++){
74			pD += ((predict(x[i]) - y[i])*pow(x[i], pos));	
75		}
76		pD *= (2.0/x.size());
77		return pD;
78	}

Backtrace END
Memory content before bitflip:0x040x000x000x00
Fault Model: Random bit-flip
base address to flip value: 0x7fffffffd818
address max offset: 4
Memory content after  bitflip:0x090x8f0x720x13
frame name: train
symbol name: N
symbol filename: lreg.cpp
symbol line: 105
value: 326274825
value address: 0x7fffffffd818
Type: The type is an integer type.
Type sizeof: 4

[INFO -- 2018-11-23 18:42:14]
Fault Injection Successful after 1.2896416187286377s
[INFO -- 2018-11-23 18:42:15]
event type: exit
[INFO -- 2018-11-23 18:42:15]
exit code: 0
