[INFO -- 2018-09-15 11:20:59]
Starting flip_value script
version: 1.1
[INFO -- 2018-09-15 11:20:59]
Initialization strings:
[INFO -- 2018-09-15 11:20:59]
(1) file /tmp/lreg/lreg
[INFO -- 2018-09-15 11:20:59]
(2) set args /tmp/lreg/randInput /tmp/lreg/output
[INFO -- 2018-09-15 11:20:59]
initSignal:0
[INFO -- 2018-09-15 11:20:59]
endSignal:2
[INFO -- 2018-09-15 11:20:59]
faultModel:0
[INFO -- 2018-09-15 11:21:00]
Backtrace BEGIN:
#0  __ieee754_pow_sse2 (x=-19, y=1) at ../sysdeps/ieee754/dbl-64/e_pow.c:65
#1  0x00007ffff76b7b14 in __pow (x=-19, y=1) at w_pow_compat.c:30
#2  0x0000555555555f39 in std::pow<double, int> (__x=-19, __y=1) at /usr/include/c++/7/cmath:418
#3  0x0000555555555451 in partialDerivate (pos=1) at lreg.cpp:74
#4  0x0000555555555503 in adjust (alpha=5.0000000000000002e-05) at lreg.cpp:87
#5  0x00005555555556ac in train (iterations=60000, alpha=5.0000000000000002e-05, N=3, stopsWhenStable=true) at lreg.cpp:120
#6  0x0000555555555c26 in main (argc=3, argv=0x7fffffffde68) at lreg.cpp:182

60	../sysdeps/ieee754/dbl-64/e_pow.c: No such file or directory.

Backtrace END
Fliping value of field name: x
Memory content before bitflip:0x000x000x000x000x000x000x300x43
Fault Model: Single bit-flip
base address to flip value: 0x7ffff779a5a8 
address max offset: 8
Memory content after  bitflip:0x000x000x020x000x000x000x300x43
frame name: __ieee754_pow_sse2
symbol name: t52
symbol filename: ../sysdeps/ieee754/dbl-64/upow.h
symbol line: 54
value: {i = {131072, 1127219200}, x = 4503599627501568}
value address: 0x7ffff779a5a8 <t52>
Type: The type is a union.
Type sizeof: 8
Field name: i
Field Type: The type is an array.
Field Type sizeof: 8
Field name: x
Field Type: A floating point type.
Field Type sizeof: 8

[INFO -- 2018-09-15 11:21:00]
Fault Injection Successful after 1.6010854244232178s
[INFO -- 2018-09-15 11:21:07]
event type: exit
[INFO -- 2018-09-15 11:21:07]
exit code: 0
