[INFO -- 2018-10-06 19:41:15]
Starting flip_value script
version: 1.1
[INFO -- 2018-10-06 19:41:15]
Initialization strings:
[INFO -- 2018-10-06 19:41:15]
(1) file /tmp/lreg/lreg
[INFO -- 2018-10-06 19:41:15]
(2) set args /tmp/lreg/randInput /tmp/lreg/output
[INFO -- 2018-10-06 19:41:15]
initSignal:0
[INFO -- 2018-10-06 19:41:15]
endSignal:10
[INFO -- 2018-10-06 19:41:15]
faultModel:1
[EXCEPTION -- 2018-10-06 19:41:19]
pythonException: empty range for randrange() (0,0, 0)
[INFO -- 2018-10-06 19:41:19]
Backtrace BEGIN:
#0  0x00007ffff76b7b47 in __pow (x=-6, y=1) at w_pow_compat.c:55
#1  0x00005555555560ba in std::pow<double, unsigned int> (__x=-6, __y=1) at /usr/include/c++/7/cmath:418
#2  0x00005555555552c2 in predict (v=-6) at lreg.cpp:77
#3  0x000055555555551d in partialDerivate (pos=2) at lreg.cpp:107
#4  0x0000555555555670 in adjust () at lreg.cpp:123
#5  0x0000555555555881 in train (iterations=90000, N=4, stopsWhenStable=true) at lreg.cpp:159
#6  0x0000555555555dba in main (argc=3, argv=0x7fffffffde68) at lreg.cpp:225

50	in w_pow_compat.c

Backtrace END
Memory content before bitflip:0x000x000x000x000x000x000x180xc0
Fault Model: Double bit-flip
base address to flip value: 0x7fffffffd6a0
address max offset: 8
Memory content after  bitflip:0x000x000x000x000x810x000x180xc0
frame name: __pow
symbol name: x
symbol filename: w_pow_compat.c
symbol line: 28
value: -6.0004920959472656
value address: 0x7fffffffd6a0
Type: A floating point type.
Type sizeof: 8

[INFO -- 2018-10-06 19:41:19]
Fault Injection Successful after 4.798031330108643s
[INFO -- 2018-10-06 19:41:24]
event type: exit
[INFO -- 2018-10-06 19:41:24]
exit code: 0
