[INFO -- 2018-11-08 17:41:18]
Starting flip_value script
version: 1.1
[INFO -- 2018-11-08 17:41:18]
Initialization strings:
[INFO -- 2018-11-08 17:41:18]
(1) file /tmp/lreg/lreg
[INFO -- 2018-11-08 17:41:18]
(2) set args /tmp/lreg/randInput /tmp/lreg/output /tmp/lreg/detected.log
[INFO -- 2018-11-08 17:41:18]
initSignal:0
[INFO -- 2018-11-08 17:41:18]
endSignal:10
[INFO -- 2018-11-08 17:41:18]
faultModel:1
[INFO -- 2018-11-08 17:41:18]
Backtrace BEGIN:
#0  0x00007ffff7705270 in ?? ()
#1  0x00007ffff7de1b73 in elf_machine_lazy_rel (skip_ifunc=<optimized out>, reloc=0x7ffff76b9778, l_addr=140737344364544, map=0x7ffff7fde4f0) at ../sysdeps/x86_64/dl-machine.h:577
#2  elf_dynamic_do_Rela (skip_ifunc=<optimized out>, lazy=<optimized out>, nrelative=<optimized out>, relsize=<optimized out>, reladdr=<optimized out>, map=0x7ffff7fde4f0) at do-rel.h:77
#3  _dl_relocate_object (scope=<optimized out>, reloc_mode=<optimized out>, consider_profiling=<optimized out>, consider_profiling@entry=0) at dl-reloc.c:258
#4  0x00007ffff7dd9307 in dl_main (phdr=<optimized out>, phnum=<optimized out>, user_entry=<optimized out>, auxv=<optimized out>) at rtld.c:2190
#5  0x00007ffff7defdd0 in _dl_sysdep_start (start_argptr=start_argptr@entry=0x7fffffffde40, dl_main=dl_main@entry=0x7ffff7dd7660 <dl_main>) at ../elf/dl-sysdep.c:253
#6  0x00007ffff7dd7128 in _dl_start_final (arg=0x7fffffffde40) at rtld.c:414
#7  _dl_start (arg=0x7fffffffde40) at rtld.c:521
#8  0x00007ffff7dd6098 in _start () from /lib64/ld-linux-x86-64.so.2
#9  0x0000000000000004 in ?? ()
#10 0x00007fffffffe1e2 in ?? ()
#11 0x00007fffffffe1f1 in ?? ()
#12 0x00007fffffffe205 in ?? ()
#13 0x00007fffffffe216 in ?? ()
#14 0x0000000000000000 in ?? ()

165		inp.close();
166	}
167	
168	/*
169	It must receive an input file formated as follows:
170		1° Line : one integer T -> number of test cases
171		2° to 5° repeat to all test case	
172		2° Line : method parameters -> alpha, iterations, N, size of 
173			      training set, predictions
174		3° Line : inputs x of the training set

Backtrace END
Fliping array at pos: 0
Fliping value of field: start
Memory content before bitflip:0x400x930x6b0xf70xff0x7f0x000x00
Fault Model: Double bit-flip
base address to flip value: 0x7fffffffdac0
address max offset: 8
Memory content after  bitflip:0x610x930x6b0xf70xff0x7f0x000x00
frame name: elf_dynamic_do_Rela
symbol name: ranges
symbol filename: dl-reloc.c
symbol line: 258
value: {{start = 140737344410465, size = 312, nrelative = 3, lazy = 0}, {start = 140737344410744, size = 888, nrelative = 0, lazy = 1}}
value address: 0x7fffffffdac0
Type: The type is an array.
Type sizeof: 64
Field name: None
Field Type: A range type, that is, an integer type with bounds.
Field Type sizeof: 8
Field Type range: (0, 1)

[INFO -- 2018-11-08 17:41:18]
Fault Injection Successful after 0.7404952049255371s
[INFO -- 2018-11-08 17:41:31]
event type: exit
[INFO -- 2018-11-08 17:41:31]
exit code: 0
