[INFO -- 2018-11-27 18:26:02]
Starting flip_value script
version: 1.1
[INFO -- 2018-11-27 18:26:02]
Initialization strings:
[INFO -- 2018-11-27 18:26:02]
(1) file /tmp/lreg/lreg
[INFO -- 2018-11-27 18:26:02]
(2) set args /tmp/lreg/randInput /tmp/lreg/output
[INFO -- 2018-11-27 18:26:02]
initSignal:0
[INFO -- 2018-11-27 18:26:02]
endSignal:3
[INFO -- 2018-11-27 18:26:02]
faultModel:2
[INFO -- 2018-11-27 18:26:03]
Backtrace BEGIN:
#0  0x000055555555511b in verifyUintDup (a=5, b=5) at lreg.cpp:61
#1  0x0000555555555a67 in partialDerivate (pos1=0, pos2=0) at lreg.cpp:142
#2  0x0000555555555bbe in adjust (alpha1=2.2222199999999999e-05, alpha2=2.2222199999999999e-05) at lreg.cpp:156
#3  0x0000555555555ee0 in train (iter1=30000, iter2=30000, N=4, alpha1=2.2222199999999999e-05, alpha2=2.2222199999999999e-05, stopsWhenStable=true) at lreg.cpp:193
#4  0x0000555555556467 in main (argc=3, argv=0x7fffffffde58) at lreg.cpp:253

56	*/
57	
58	int detected = 0;
59	
60	
61	UINT verifyUintDup(UINT a, UINT b){
62		if (a != b && detected != 1){
63			//gerar entrada no log
64			ofstream fp ("/tmp/lreg/detected.log", std::ofstream::app);
65			fp << "verifyUint: a = "<<a<<"; b = "<<b<<endl;

Backtrace END
Fliping value of field: std::_Vector_base<double, std::allocator<double> >
Fliping value of field: _M_impl
Fliping value of field: _M_start
Fliping a bit of the value pointed by a pointer
Memory content before bitflip:0x000x000x000x000x800xac0xc90x40
Fault Model: Random bit-flip
base address to flip value: 0x555555772720
address max offset: 8
Memory content after  bitflip:0xec0xd20x3e0x800x750x580x080x5e
frame name: train
symbol name: y
symbol filename: lreg.cpp
symbol line: 35
value: std::vector of length 17, capacity 32 = {9.5000829155596816e+144, 2813, 13, -99407, -575, 22793, -121267, 15973, 22793, 86413, -63895, 10673, -1507, 41, 19181, -38047, -130860}
value address: 0x55555575b160 <y>
Type: The type is a structure.
Type sizeof: 24
Field name: std::_Vector_base<double, std::allocator<double> >
Field Type: The type is a structure.
Field Type sizeof: 24

[INFO -- 2018-11-27 18:26:03]
Fault Injection Successful after 1.808063268661499s
[INFO -- 2018-11-27 18:26:05]
event type: exit
[INFO -- 2018-11-27 18:26:05]
exit code: 0
