[INFO -- 2018-10-06 20:26:53]
Starting flip_value script
version: 1.1
[INFO -- 2018-10-06 20:26:53]
Initialization strings:
[INFO -- 2018-10-06 20:26:53]
(1) file /tmp/lreg/lreg
[INFO -- 2018-10-06 20:26:53]
(2) set args /tmp/lreg/randInput /tmp/lreg/output
[INFO -- 2018-10-06 20:26:53]
initSignal:0
[INFO -- 2018-10-06 20:26:53]
endSignal:10
[INFO -- 2018-10-06 20:26:53]
faultModel:1
[INFO -- 2018-10-06 20:26:59]
Backtrace BEGIN:
#0  0x00007ffff76b7b37 in __pow (x=16, y=2) at w_pow_compat.c:31
#1  0x00005555555560ba in std::pow<double, unsigned int> (__x=16, __y=2) at /usr/include/c++/7/cmath:418
#2  0x00005555555552c2 in predict (v=16) at lreg.cpp:77
#3  0x000055555555551d in partialDerivate (pos=0) at lreg.cpp:107
#4  0x0000555555555670 in adjust () at lreg.cpp:123
#5  0x0000555555555881 in train (iterations=90000, N=4, stopsWhenStable=true) at lreg.cpp:159
#6  0x0000555555555dba in main (argc=3, argv=0x7fffffffde68) at lreg.cpp:225

26	w_pow_compat.c: No such file or directory.

Backtrace END
Memory content before bitflip:0x020x000x000x00
Fault Model: Double bit-flip
base address to flip value: 0x7fffffffd724
address max offset: 4
Memory content after  bitflip:0x020x000x900x00
frame name: predict
symbol name: i3
symbol filename: lreg.cpp
symbol line: 73
value: 9437186
value address: 0x7fffffffd724
Type: The type is an integer type.
Type sizeof: 4

[INFO -- 2018-10-06 20:26:59]
Fault Injection Successful after 6.7411298751831055s
[INFO -- 2018-10-06 20:27:02]
event type: exit
[INFO -- 2018-10-06 20:27:02]
exit code: 0
