[INFO -- 2018-11-12 19:15:26]
Starting flip_value script
version: 1.1
[INFO -- 2018-11-12 19:15:26]
Initialization strings:
[INFO -- 2018-11-12 19:15:26]
(1) file /tmp/lreg/lreg
[INFO -- 2018-11-12 19:15:26]
(2) set args /tmp/lreg/randInput /tmp/lreg/output
[INFO -- 2018-11-12 19:15:26]
initSignal:0
[INFO -- 2018-11-12 19:15:26]
endSignal:10
[INFO -- 2018-11-12 19:15:26]
faultModel:0
[INFO -- 2018-11-12 19:15:27]
Backtrace BEGIN:
#0  0x0000555555555664 in predict (v=-16) at lreg.cpp:113
#1  0x000055555555591a in partialDerivate (pos1=0, pos2=0) at lreg.cpp:139
#2  0x0000555555555a81 in adjust (alpha1=5.0000000000000002e-05, alpha2=5.0000000000000002e-05) at lreg.cpp:153
#3  0x0000555555555da3 in train (iter1=30000, iter2=30000, N=3, alpha1=5.0000000000000002e-05, alpha2=5.0000000000000002e-05, stopsWhenStable=true) at lreg.cpp:190
#4  0x00005555555562e6 in main (argc=3, argv=0x7fffffffde68) at lreg.cpp:246

108	*/
109	double predict(double v){
110		double val = 0;
111		
112		for(UINT i1 = 0, i2 = 0; verifyUintDup(i1, i2)<T1.size(); i1++, i2++){
113			val+= (verifyDoubleDup(T1[verifyUintDup(i1, i2)], T2[verifyUintDup(i1, i2)]) * pow(v, verifyUintDup(i1, i2)));
114		}
115		return val;
116		
117	}

Backtrace END
Memory content before bitflip:0x010x000x000x00
Fault Model: Single bit-flip
base address to flip value: 0x7fffffffd90c
address max offset: 4
Memory content after  bitflip:0x210x000x000x00
frame name: main
symbol name: i1
symbol filename: lreg.cpp
symbol line: 229
value: 33
value address: 0x7fffffffd90c
Type: The type is an integer type.
Type sizeof: 4

[INFO -- 2018-11-12 19:15:27]
Fault Injection Successful after 1.2078526020050049s
[INFO -- 2018-11-12 19:15:27]
event type: exit
[INFO -- 2018-11-12 19:15:27]
exit code: 0
