[INFO -- 2018-10-06 20:49:03]
Starting flip_value script
version: 1.1
[INFO -- 2018-10-06 20:49:03]
Initialization strings:
[INFO -- 2018-10-06 20:49:03]
(1) file /tmp/lreg/lreg
[INFO -- 2018-10-06 20:49:03]
(2) set args /tmp/lreg/randInput /tmp/lreg/output
[INFO -- 2018-10-06 20:49:03]
initSignal:0
[INFO -- 2018-10-06 20:49:03]
endSignal:10
[INFO -- 2018-10-06 20:49:03]
faultModel:1
[INFO -- 2018-10-06 20:49:08]
Backtrace BEGIN:
#0  0x00007ffff76d098d in __exp1 (x=<optimized out>, xx=<optimized out>, error=<optimized out>) at ../sysdeps/ieee754/dbl-64/e_exp.c:280
#1  0x00007ffff76d58dc in __ieee754_pow_sse2 (x=13, y=3) at ../sysdeps/ieee754/dbl-64/e_pow.c:115
#2  0x00007ffff76b7b14 in __pow (x=13, y=3) at w_pow_compat.c:30
#3  0x00005555555560ba in std::pow<double, unsigned int> (__x=13, __y=3) at /usr/include/c++/7/cmath:418
#4  0x00005555555552c2 in predict (v=13) at lreg.cpp:77
#5  0x000055555555551d in partialDerivate (pos=0) at lreg.cpp:107
#6  0x0000555555555670 in adjust () at lreg.cpp:123
#7  0x0000555555555881 in train (iterations=90000, N=4, stopsWhenStable=true) at lreg.cpp:159
#8  0x0000555555555dba in main (argc=3, argv=0x7fffffffde68) at lreg.cpp:225

275	../sysdeps/ieee754/dbl-64/e_exp.c: No such file or directory.

Backtrace END
Memory content before bitflip:0x000x000x000x000x000x000x2a0x40
Fault Model: Double bit-flip
base address to flip value: 0x7fffffffd618
address max offset: 8
Memory content after  bitflip:0x000x000x000x440x000x000x2a0x40
frame name: __ieee754_pow_sse2
symbol name: x
symbol filename: ../sysdeps/ieee754/dbl-64/e_pow.c
symbol line: 64
value: 13.000002026557922
value address: 0x7fffffffd618
Type: A floating point type.
Type sizeof: 8

[INFO -- 2018-10-06 20:49:08]
Fault Injection Successful after 5.8405210971832275s
[INFO -- 2018-10-06 20:49:12]
event type: exit
[INFO -- 2018-10-06 20:49:12]
exit code: 0
