[INFO -- 2018-11-23 22:07:04]
Starting flip_value script
version: 1.1
[INFO -- 2018-11-23 22:07:04]
Initialization strings:
[INFO -- 2018-11-23 22:07:04]
(1) file /tmp/lreg/lreg
[INFO -- 2018-11-23 22:07:04]
(2) set args /tmp/lreg/randInput /tmp/lreg/output
[INFO -- 2018-11-23 22:07:04]
initSignal:0
[INFO -- 2018-11-23 22:07:04]
endSignal:3
[INFO -- 2018-11-23 22:07:04]
faultModel:1
[INFO -- 2018-11-23 22:07:04]
Backtrace BEGIN:
#0  0x00007ffff7de0103 in dl_new_hash (s=0x7ffff7aa698b "mIwSt11char_traitsIwESaIwEED0Ev") at dl-lookup.c:556
#1  _dl_lookup_symbol_x (undef_name=0x7ffff7aa696a "_ZNSt7__cxx1119basic_istringstreamIwSt11char_traitsIwESaIwEED0Ev", undef_map=undef_map@entry=0x7ffff7fdd000, ref=ref@entry=0x7fffffffdac0, symbol_scope=symbol_scope@entry=0x7ffff7fdd358, version=0x7ffff7fdb228, type_class=0, flags=1, skip_map=0x0) at dl-lookup.c:791
#2  0x00007ffff7de1af9 in elf_machine_rela (skip_ifunc=<optimized out>, reloc_addr_arg=0x7ffff7dccfa8, version=<optimized out>, sym=<optimized out>, reloc=0x7ffff7acdb08, map=0x7ffff7fdd000) at ../sysdeps/x86_64/dl-machine.h:308
#3  elf_dynamic_do_Rela (skip_ifunc=<optimized out>, lazy=<optimized out>, nrelative=<optimized out>, relsize=<optimized out>, reladdr=<optimized out>, map=0x7ffff7fdd000) at do-rel.h:137
#4  _dl_relocate_object (scope=<optimized out>, reloc_mode=<optimized out>, consider_profiling=<optimized out>, consider_profiling@entry=0) at dl-reloc.c:258
#5  0x00007ffff7dd9307 in dl_main (phdr=<optimized out>, phnum=<optimized out>, user_entry=<optimized out>, auxv=<optimized out>) at rtld.c:2190
#6  0x00007ffff7defdd0 in _dl_sysdep_start (start_argptr=start_argptr@entry=0x7fffffffde50, dl_main=dl_main@entry=0x7ffff7dd7660 <dl_main>) at ../elf/dl-sysdep.c:253
#7  0x00007ffff7dd7128 in _dl_start_final (arg=0x7fffffffde50) at rtld.c:414
#8  _dl_start (arg=0x7fffffffde50) at rtld.c:521
#9  0x00007ffff7dd6098 in _start () from /lib64/ld-linux-x86-64.so.2
#10 0x0000000000000003 in ?? ()
#11 0x00007fffffffe1fe in ?? ()
#12 0x00007fffffffe20d in ?? ()
#13 0x00007fffffffe221 in ?? ()
#14 0x0000000000000000 in ?? ()

551	dl-lookup.c: No such file or directory.

Backtrace END
Fliping array at pos: 0
Fliping value of field: lazy
Memory content before bitflip:0x000x000x000x00
Fault Model: Double bit-flip
base address to flip value: 0x7fffffffdae8
address max offset: 4
Memory content after  bitflip:0x000x000x810x00
frame name: _dl_relocate_object
symbol name: ranges
symbol filename: dl-reloc.c
symbol line: 258
value: {{start = 140737348605248, size = 93336, nrelative = 765, lazy = 8454144}, {start = 140737348698584, size = 19848, nrelative = 0, lazy = 1}}
value address: 0x7fffffffdad0
Type: The type is an array.
Type sizeof: 64
Field name: None
Field Type: A range type, that is, an integer type with bounds.
Field Type sizeof: 8
Field Type range: (0, 1)

[INFO -- 2018-11-23 22:07:04]
Fault Injection Successful after 0.748389482498169s
[INFO -- 2018-11-23 22:07:06]
event type: exit
[INFO -- 2018-11-23 22:07:06]
exit code: 0
