[INFO -- 2018-10-03 16:35:54]
Starting flip_value script
version: 1.1
[INFO -- 2018-10-03 16:35:54]
Initialization strings:
[INFO -- 2018-10-03 16:35:54]
(1) file /tmp/lreg/lreg
[INFO -- 2018-10-03 16:35:54]
(2) set args /tmp/lreg/randInput /tmp/lreg/output
[INFO -- 2018-10-03 16:35:54]
initSignal:0
[INFO -- 2018-10-03 16:35:54]
endSignal:10
[INFO -- 2018-10-03 16:35:54]
faultModel:2
[EXCEPTION -- 2018-10-03 16:35:58]
pythonException: Unable to exit loop in struct fields; Exiting wihtout making a bit flip
[INFO -- 2018-10-03 16:35:58]
Backtrace BEGIN:
#0  0x0000555555555cda in std::vector<double, std::allocator<double> >::size (this=0xc000000000000000) at /usr/include/c++/7/bits/stl_vector.h:670
#1  0x00005555555551a9 in predict (v=-2) at lreg.cpp:49
#2  0x000055555555526a in meanSquaredError () at lreg.cpp:61
#3  0x0000555555555661 in train (iterations=90000, alpha=2.2222199999999999e-05, N=4, stopsWhenStable=true) at lreg.cpp:121
#4  0x0000555555555ab7 in main (argc=3, argv=0x7fffffffde58) at lreg.cpp:174

665	#endif
666	
667	      // [23.2.4.2] capacity
668	      /**  Returns the number of elements in the %vector.  */
669	      size_type
670	      size() const _GLIBCXX_NOEXCEPT
671	      { return size_type(this->_M_impl._M_finish - this->_M_impl._M_start); }
672	
673	      /**  Returns the size() of the largest possible %vector.  */
674	      size_type

Backtrace END
Fliping value of field: std::_Vector_base<double, std::allocator<double> >
Fliping value of field: _M_impl
Fliping value of field: _M_end_of_storage
Fliping a bit of the pointer
Memory content before bitflip:0x700x1b0x770x550x550x550x000x00
Fault Model: Random bit-flip
base address to flip value: 0x55555575a170 
address max offset: 8
Memory content after  bitflip:0x4c0xbd0xa10xfd0x9f0xa40xc50x0d
frame name: std::vector<double, std::allocator<double> >::size
symbol name: y
symbol filename: lreg.cpp
symbol line: 33
value: std::vector of length 36, capacity 124035809371575419 = {-10, 1, 7, 1, 11, -8, 8, -14, 1, 1, 16, -2, -14, 13, 4, -4, -14, -20, 15, -16, -866, -10370, -3890, 25, 1213, -7746, 5, 19373, -10370, 30, -2562, 25, -3181, -11877, 26654, 24055}
value address: 0x55555575a160 <y>
Type: The type is a structure.
Type sizeof: 24
Field name: std::_Vector_base<double, std::allocator<double> >
Field Type: The type is a structure.
Field Type sizeof: 24

[INFO -- 2018-10-03 16:35:58]
Fault Injection Successful after 4.455227375030518s
[INFO -- 2018-10-03 16:36:02]
event type: exit
[INFO -- 2018-10-03 16:36:02]
exit code: 0
