[INFO -- 2018-11-23 19:11:23]
Starting flip_value script
version: 1.1
[INFO -- 2018-11-23 19:11:23]
Initialization strings:
[INFO -- 2018-11-23 19:11:23]
(1) file /tmp/lreg/lreg
[INFO -- 2018-11-23 19:11:23]
(2) set args /tmp/lreg/randInput /tmp/lreg/output
[INFO -- 2018-11-23 19:11:23]
initSignal:0
[INFO -- 2018-11-23 19:11:23]
endSignal:3
[INFO -- 2018-11-23 19:11:23]
faultModel:0
[EXCEPTION -- 2018-11-23 19:11:25]
gdbException: Attempt to dereference a generic pointer.
[INFO -- 2018-11-23 19:11:26]
Backtrace BEGIN:
#0  0x00007ffff76d581d in __exp1 (x=0, xx=0, error=0) at ../sysdeps/ieee754/dbl-64/e_exp.c:243
#1  0x00007ffff76da8dc in __ieee754_pow_sse2 (x=1, y=3) at ../sysdeps/ieee754/dbl-64/e_pow.c:115
#2  0x00007ffff76db6be in __ieee754_pow_sse2 (x=<optimized out>, y=<optimized out>) at ../sysdeps/ieee754/dbl-64/e_pow.c:184
#3  0x00007ffff76bcb14 in __pow (x=-1, y=3) at w_pow_compat.c:30
#4  0x0000555555555d5f in std::pow<double, int> (__x=-1, __y=3) at /usr/include/c++/7/cmath:418
#5  0x00005555555551e7 in predict (v=-1) at lreg.cpp:50
#6  0x000055555555526a in meanSquaredError () at lreg.cpp:61
#7  0x0000555555555661 in train (iterations=30000, alpha=2.2222199999999999e-05, N=4, stopsWhenStable=true) at lreg.cpp:121
#8  0x0000555555555ab7 in main (argc=3, argv=0x7fffffffde58) at lreg.cpp:174

238	../sysdeps/ieee754/dbl-64/e_exp.c: No such file or directory.

Backtrace END
Fliping value of field: std::_Vector_base<double, std::allocator<double> >
Fliping value of field: _M_impl
Fliping value of field: _M_finish
Fliping a bit of the value pointed by a pointer
Memory content before bitflip:0x000x000x000x000x000x000x000x00
Fault Model: Single bit-flip
base address to flip value: 0x5555557715c0
address max offset: 8
Memory content after  bitflip:0x000x000x020x000x000x000x000x00
frame name: train
symbol name: y
symbol filename: lreg.cpp
symbol line: 33
value: std::vector of length 16, capacity 16 = {13145, 2813, 13, -99407, -575, 22793, -121267, 15973, 22793, 86413, -63895, 10673, -1507, 41, 19181, -38047}
value address: 0x55555575a160 <y>
Type: The type is a structure.
Type sizeof: 24
Field name: std::_Vector_base<double, std::allocator<double> >
Field Type: The type is a structure.
Field Type sizeof: 24

[INFO -- 2018-11-23 19:11:26]
Fault Injection Successful after 3.202029228210449s
[INFO -- 2018-11-23 19:11:27]
event type: exit
[INFO -- 2018-11-23 19:11:27]
exit code: 0
