[INFO -- 2018-11-23 18:31:28]
Starting flip_value script
version: 1.1
[INFO -- 2018-11-23 18:31:28]
Initialization strings:
[INFO -- 2018-11-23 18:31:28]
(1) file /tmp/lreg/lreg
[INFO -- 2018-11-23 18:31:28]
(2) set args /tmp/lreg/randInput /tmp/lreg/output
[INFO -- 2018-11-23 18:31:28]
initSignal:0
[INFO -- 2018-11-23 18:31:28]
endSignal:3
[INFO -- 2018-11-23 18:31:28]
faultModel:0
[INFO -- 2018-11-23 18:31:29]
Backtrace BEGIN:
#0  0x00007ffff76dabbc in __ieee754_pow_sse2 (x=<optimized out>, y=2) at ../sysdeps/ieee754/dbl-64/e_pow.c:82
#1  0x00007ffff76bcb14 in __pow (x=-15, y=2) at w_pow_compat.c:30
#2  0x0000555555555d5f in std::pow<double, int> (__x=-15, __y=2) at /usr/include/c++/7/cmath:418
#3  0x0000555555555401 in partialDerivate (pos=2) at lreg.cpp:74
#4  0x00005555555554b3 in adjust (alpha=2.2222199999999999e-05) at lreg.cpp:87
#5  0x000055555555565c in train (iterations=30000, alpha=2.2222199999999999e-05, N=4, stopsWhenStable=true) at lreg.cpp:120
#6  0x0000555555555ab7 in main (argc=3, argv=0x7fffffffde58) at lreg.cpp:174

77	../sysdeps/ieee754/dbl-64/e_pow.c: No such file or directory.

Backtrace END
Memory content before bitflip:0x460x5a0xb70xf40x390x4d0xf70x3e
Fault Model: Single bit-flip
base address to flip value: 0x7fffffffd940
address max offset: 8
Memory content after  bitflip:0x460x5a0xb70xf40x390x4d0xf30x3e
frame name: main
symbol name: alpha
symbol filename: lreg.cpp
symbol line: 160
value: 1.8407502734374999e-05
value address: 0x7fffffffd940
Type: A floating point type.
Type sizeof: 8

[INFO -- 2018-11-23 18:31:29]
Fault Injection Successful after 1.7648837566375732s
[INFO -- 2018-11-23 18:31:29]
event type: exit
[INFO -- 2018-11-23 18:31:29]
exit code: 0
