[INFO -- 2018-11-27 17:11:22]
Starting flip_value script
version: 1.1
[INFO -- 2018-11-27 17:11:22]
Initialization strings:
[INFO -- 2018-11-27 17:11:22]
(1) file /tmp/lreg/lreg
[INFO -- 2018-11-27 17:11:22]
(2) set args /tmp/lreg/randInput /tmp/lreg/output
[INFO -- 2018-11-27 17:11:22]
initSignal:0
[INFO -- 2018-11-27 17:11:22]
endSignal:3
[INFO -- 2018-11-27 17:11:22]
faultModel:0
[INFO -- 2018-11-27 17:11:23]
Backtrace BEGIN:
#0  0x00005555555551e0 in verifyUintDup (a=2, b=2) at lreg.cpp:69
#1  0x000055555555576f in predict (v=-4) at lreg.cpp:115
#2  0x0000555555555928 in meanSquaredError () at lreg.cpp:128
#3  0x0000555555555ee5 in train (iter1=20000, iter2=20000, N=3, alpha1=5.0000000000000002e-05, alpha2=5.0000000000000002e-05, stopsWhenStable=true) at lreg.cpp:194
#4  0x0000555555556467 in main (argc=3, argv=0x7fffffffde58) at lreg.cpp:253

64			ofstream fp ("/tmp/lreg/detected.log", std::ofstream::app);
65			fp << "verifyUint: a = "<<a<<"; b = "<<b<<endl;
66	        detected = 1;	
67		}
68		return a;
69	}
70	double verifyDoubleDup(double a, double b){
71		if (a != b && detected != 1){
72			//gerar entrada no log
73			ofstream fp ("/tmp/lreg/detected.log", std::ofstream::app);

Backtrace END
Memory content before bitflip:0x200x4e0x000x00
Fault Model: Single bit-flip
base address to flip value: 0x7fffffffd8dc
address max offset: 4
Memory content after  bitflip:0x200x4e0x400x00
frame name: main
symbol name: iterations
symbol filename: lreg.cpp
symbol line: 236
value: 4214304
value address: 0x7fffffffd8dc
Type: The type is an integer type.
Type sizeof: 4

[INFO -- 2018-11-27 17:11:23]
Fault Injection Successful after 1.1417131423950195s
[INFO -- 2018-11-27 17:11:24]
event type: exit
[INFO -- 2018-11-27 17:11:24]
exit code: 0
