[INFO -- 2018-11-24 15:14:23]
Starting flip_value script
version: 1.1
[INFO -- 2018-11-24 15:14:23]
Initialization strings:
[INFO -- 2018-11-24 15:14:23]
(1) file /tmp/lreg/lreg
[INFO -- 2018-11-24 15:14:23]
(2) set args /tmp/lreg/randInput /tmp/lreg/output /tmp/lreg/detected.log
[INFO -- 2018-11-24 15:14:23]
initSignal:0
[INFO -- 2018-11-24 15:14:23]
endSignal:6
[INFO -- 2018-11-24 15:14:23]
faultModel:2
[EXCEPTION -- 2018-11-24 15:14:24]
gdbException: Attempt to dereference a generic pointer.
[EXCEPTION -- 2018-11-24 15:14:25]
pythonException: Unable to exit loop in struct fields; Exiting wihtout making a bit flip
[INFO -- 2018-11-24 15:14:26]
Backtrace BEGIN:
#0  __ieee754_pow_sse2 (x=7, y=0) at ../sysdeps/ieee754/dbl-64/e_pow.c:85
#1  0x00007ffff76bcb14 in __pow (x=7, y=0) at w_pow_compat.c:30
#2  0x0000555555556149 in std::pow<double, int> (__x=7, __y=0) at /usr/include/c++/7/cmath:418
#3  0x0000555555555237 in predict (v=7) at lreg.cpp:50
#4  0x00005555555553fc in partialDerivate (pos=0) at lreg.cpp:74
#5  0x0000555555555503 in adjust (alpha=2.2222199999999999e-05) at lreg.cpp:87
#6  0x00005555555556ac in train (iterations=30000, alpha=2.2222199999999999e-05, N=4, stopsWhenStable=true) at lreg.cpp:120
#7  0x0000555555555a1c in execute (input=0x7fffffffe1f2 "/tmp/lreg/randInput") at lreg.cpp:157
#8  0x0000555555555c78 in main (argc=4, argv=0x7fffffffde48) at lreg.cpp:193

80	in ../sysdeps/ieee754/dbl-64/e_pow.c

Backtrace END
Memory content before bitflip:0x000x000x000x000x000x000x1c0x40
Fault Model: Random bit-flip
base address to flip value: 0x7fffffffd410
address max offset: 8
Memory content after  bitflip:0x7a0xa40xdb0x940xed0x100xfd0xf7
frame name: __pow
symbol name: x
symbol filename: w_pow_compat.c
symbol line: 28
value: -9.5971718671508419e+269
value address: 0x7fffffffd410
Type: A floating point type.
Type sizeof: 8

[INFO -- 2018-11-24 15:14:26]
Fault Injection Successful after 3.2251977920532227s
[INFO -- 2018-11-24 15:14:30]
event type: exit
[INFO -- 2018-11-24 15:14:30]
exit code: 0
