[INFO -- 2018-11-05 18:33:28]
Starting flip_value script
version: 1.1
[INFO -- 2018-11-05 18:33:28]
Initialization strings:
[INFO -- 2018-11-05 18:33:28]
(1) file /tmp/lreg/lreg
[INFO -- 2018-11-05 18:33:28]
(2) set args /tmp/lreg/randInput /tmp/lreg/output /tmp/lreg/detected.log
[INFO -- 2018-11-05 18:33:28]
initSignal:0
[INFO -- 2018-11-05 18:33:28]
endSignal:10
[INFO -- 2018-11-05 18:33:28]
faultModel:2
[INFO -- 2018-11-05 18:33:35]
Backtrace BEGIN:
#0  0x0000555555556127 in std::pow<double, int> (__x=14, __y=2) at /usr/include/c++/7/cmath:418
#1  0x0000555555555451 in partialDerivate (pos=2) at lreg.cpp:74
#2  0x0000555555555503 in adjust (alpha=2.2222199999999999e-05) at lreg.cpp:87
#3  0x00005555555556ac in train (iterations=45000, alpha=2.2222199999999999e-05, N=4, stopsWhenStable=true) at lreg.cpp:120
#4  0x0000555555555a1c in execute (input=0x7fffffffe1f3 "/tmp/lreg/randInput") at lreg.cpp:157
#5  0x0000555555555c60 in main (argc=4, argv=0x7fffffffde48) at lreg.cpp:191

413	    inline _GLIBCXX_CONSTEXPR
414	    typename __gnu_cxx::__promote_2<_Tp, _Up>::__type
415	    pow(_Tp __x, _Up __y)
416	    {
417	      typedef typename __gnu_cxx::__promote_2<_Tp, _Up>::__type __type;
418	      return pow(__type(__x), __type(__y));
419	    }
420	
421	  using ::sin;
422	

Backtrace END
Fliping value of field: std::_Vector_base<double, std::allocator<double> >
Fliping value of field: _M_impl
Fliping value of field: _M_start
Fliping a bit of the value pointed by a pointer
Memory content before bitflip:0xb50xd00xb80x680xa50x670x280xc0
Fault Model: Random bit-flip
base address to flip value: 0x555555772bb0
address max offset: 8
Memory content after  bitflip:0xcf0x020x9f0x4c0x020x6c0xd20xc5
frame name: train
symbol name: bestT
symbol filename: lreg.cpp
symbol line: 115
value: std::vector of length 4, capacity 4 = {-2.2805220093784218e+28, -169.35946945616868, 9.7173806651854857, 5.3794163537650483}
value address: 0x7fffffffd5b0
Type: The type is a structure.
Type sizeof: 24
Field name: std::_Vector_base<double, std::allocator<double> >
Field Type: The type is a structure.
Field Type sizeof: 24

[INFO -- 2018-11-05 18:33:35]
Fault Injection Successful after 7.4847753047943115s
[INFO -- 2018-11-05 18:33:48]
event type: exit
[INFO -- 2018-11-05 18:33:48]
exit code: 0
