[INFO -- 2018-09-30 16:49:43]
Starting flip_value script
version: 1.1
[INFO -- 2018-09-30 16:49:43]
Initialization strings:
[INFO -- 2018-09-30 16:49:43]
(1) file /tmp/lreg/lreg
[INFO -- 2018-09-30 16:49:43]
(2) set args /tmp/lreg/randInput /tmp/lreg/output
[INFO -- 2018-09-30 16:49:43]
initSignal:0
[INFO -- 2018-09-30 16:49:43]
endSignal:30
[INFO -- 2018-09-30 16:49:43]
faultModel:2
[INFO -- 2018-09-30 16:49:45]
Backtrace BEGIN:
#0  std::pow<double, unsigned int> (__x=4.6355706433354767e-310, __y=0) at /usr/include/c++/7/cmath:415
#1  0x00005555555552e6 in predict (v=-5) at lreg.cpp:65
#2  0x0000555555555492 in meanSquaredError () at lreg.cpp:93
#3  0x0000555555555827 in train (iterations=60000, alpha=5.0000000000000002e-05, N=3, stopsWhenStable=true) at lreg.cpp:153
#4  0x0000555555555d59 in lreg (input=0x7fffffffe210 "/tmp/lreg/randInput", output=0x7fffffffe224 "/tmp/lreg/output") at lreg.cpp:205
#5  0x00005555555564e2 in main (argc=3, argv=0x7fffffffde68) at lreg.cpp:276

410	#endif
411	
412	  template<typename _Tp, typename _Up>
413	    inline _GLIBCXX_CONSTEXPR
414	    typename __gnu_cxx::__promote_2<_Tp, _Up>::__type
415	    pow(_Tp __x, _Up __y)
416	    {
417	      typedef typename __gnu_cxx::__promote_2<_Tp, _Up>::__type __type;
418	      return pow(__type(__x), __type(__y));
419	    }

Backtrace END
Memory content before bitflip:0x800xb10x750x550x550x550x000x00
Fault Model: Random bit-flip
base address to flip value: 0x7fffffffd5b8
address max offset: 8
Memory content after  bitflip:0x220xea0xb80x670xce0xe00x1e0xff
frame name: std::pow<double, unsigned int>
symbol name: __x
symbol filename: /usr/include/c++/7/cmath
symbol line: 415
value: -2.1175169891586686e+304
value address: 0x7fffffffd5b8
Type: A floating point type.
Type sizeof: 8

[INFO -- 2018-09-30 16:49:45]
Fault Injection Successful after 2.261342763900757s
[INFO -- 2018-09-30 16:50:07]
event type: exit
[INFO -- 2018-09-30 16:50:07]
exit code: 0
