[INFO -- 2018-11-07 14:15:59]
Starting flip_value script
version: 1.1
[INFO -- 2018-11-07 14:15:59]
Initialization strings:
[INFO -- 2018-11-07 14:15:59]
(1) file /tmp/lreg/lreg
[INFO -- 2018-11-07 14:15:59]
(2) set args /tmp/lreg/randInput /tmp/lreg/output /tmp/lreg/detected.log
[INFO -- 2018-11-07 14:15:59]
initSignal:0
[INFO -- 2018-11-07 14:15:59]
endSignal:10
[INFO -- 2018-11-07 14:15:59]
faultModel:0
[INFO -- 2018-11-07 14:16:03]
Backtrace BEGIN:
#0  0x00007ffff76da528 in __ieee754_pow_sse2 (x=13, y=1) at ../sysdeps/ieee754/dbl-64/e_pow.c:65
#1  0x00007ffff76bcb14 in __pow (x=13, y=1) at w_pow_compat.c:30
#2  0x0000555555556131 in std::pow<double, int> (__x=13, __y=1) at /usr/include/c++/7/cmath:418
#3  0x0000555555555451 in partialDerivate (pos=1) at lreg.cpp:74
#4  0x0000555555555503 in adjust (alpha=2.2222199999999999e-05) at lreg.cpp:87
#5  0x00005555555556ac in train (iterations=45000, alpha=2.2222199999999999e-05, N=4, stopsWhenStable=true) at lreg.cpp:120
#6  0x0000555555555a1c in execute (input=0x7fffffffe1f2 "/tmp/lreg/randInput") at lreg.cpp:157
#7  0x0000555555555c60 in main (argc=4, argv=0x7fffffffde48) at lreg.cpp:191

60	../sysdeps/ieee754/dbl-64/e_pow.c: No such file or directory.

Backtrace END
Fliping value of field: std::_Vector_base<double, std::allocator<double> >
Fliping value of field: _M_impl
Fliping value of field: _M_end_of_storage
Fliping a bit of the pointer
Memory content before bitflip:0xd00x2b0x770x550x550x550x000x00
Fault Model: Single bit-flip
base address to flip value: 0x7fffffffd5c0
address max offset: 8
Memory content after  bitflip:0xd00x2b0x770x570x550x550x000x00
frame name: train
symbol name: bestT
symbol filename: lreg.cpp
symbol line: 115
value: std::vector of length 4, capacity 4194308 = {31.338988137644062, 80.173077096814254, -21.342982658775743, -2.2708074423156961}
value address: 0x7fffffffd5b0
Type: The type is a structure.
Type sizeof: 24
Field name: std::_Vector_base<double, std::allocator<double> >
Field Type: The type is a structure.
Field Type sizeof: 24

[INFO -- 2018-11-07 14:16:03]
Fault Injection Successful after 4.068917274475098s
[INFO -- 2018-11-07 14:16:08]
event type: exit
[INFO -- 2018-11-07 14:16:08]
exit code: 0
