[INFO -- 2018-11-05 21:56:56]
Starting flip_value script
version: 1.1
[INFO -- 2018-11-05 21:56:56]
Initialization strings:
[INFO -- 2018-11-05 21:56:56]
(1) file /tmp/lreg/lreg
[INFO -- 2018-11-05 21:56:56]
(2) set args /tmp/lreg/randInput /tmp/lreg/output /tmp/lreg/detected.log
[INFO -- 2018-11-05 21:56:56]
initSignal:0
[INFO -- 2018-11-05 21:56:56]
endSignal:10
[INFO -- 2018-11-05 21:56:56]
faultModel:0
[INFO -- 2018-11-05 21:56:58]
Backtrace BEGIN:
#0  0x00007ffff76da53c in __ieee754_pow_sse2 (x=-5, y=1) at ../sysdeps/ieee754/dbl-64/e_pow.c:65
#1  0x00007ffff76bcb14 in __pow (x=-5, y=1) at w_pow_compat.c:30
#2  0x0000555555556131 in std::pow<double, int> (__x=-5, __y=1) at /usr/include/c++/7/cmath:418
#3  0x0000555555555237 in predict (v=-5) at lreg.cpp:50
#4  0x00005555555552ba in meanSquaredError () at lreg.cpp:61
#5  0x00005555555556b1 in train (iterations=45000, alpha=2.2222199999999999e-05, N=4, stopsWhenStable=true) at lreg.cpp:121
#6  0x0000555555555a1c in execute (input=0x7fffffffe1f3 "/tmp/lreg/randInput") at lreg.cpp:157
#7  0x0000555555555c60 in main (argc=4, argv=0x7fffffffde48) at lreg.cpp:191

60	../sysdeps/ieee754/dbl-64/e_pow.c: No such file or directory.

Backtrace END
Memory content before bitflip:0x000x000x000x000x000x000xf00x3f
Fault Model: Single bit-flip
base address to flip value: 0x7fffffffd478
address max offset: 8
Memory content after  bitflip:0x000x000x100x000x000x000xf00x3f
frame name: __pow
symbol name: y
symbol filename: w_pow_compat.c
symbol line: 28
value: 1.0000000002328306
value address: 0x7fffffffd478
Type: A floating point type.
Type sizeof: 8

[INFO -- 2018-11-05 21:56:58]
Fault Injection Successful after 2.5396416187286377s
[INFO -- 2018-11-05 21:57:03]
event type: exit
[INFO -- 2018-11-05 21:57:03]
exit code: 0
