[INFO -- 2018-10-13 10:43:13]
Starting flip_value script
version: 1.1
[INFO -- 2018-10-13 10:43:13]
Initialization strings:
[INFO -- 2018-10-13 10:43:13]
(1) file /tmp/lreg/lreg
[INFO -- 2018-10-13 10:43:13]
(2) set args /tmp/lreg/randInput /tmp/lreg/output
[INFO -- 2018-10-13 10:43:13]
initSignal:0
[INFO -- 2018-10-13 10:43:13]
endSignal:10
[INFO -- 2018-10-13 10:43:13]
faultModel:1
[INFO -- 2018-10-13 10:43:14]
Backtrace BEGIN:
#0  0x00005555555553ac in meanSquaredError () at lreg.cpp:91
#1  0x0000555555555886 in train (iterations=60000, N=3, stopsWhenStable=true) at lreg.cpp:160
#2  0x0000555555555dba in main (argc=3, argv=0x7fffffffde68) at lreg.cpp:225

86		double error = 0;
87		for(UINT i1 = 0, i2 = 0, i3 = 0; 
88			selectTriUInt(i1, i2, i3)<x.size(); 
89			i1++, i2++, i3++)
90		{
91			error+= ((predict(x[selectTriUInt(i1, i2, i3)]) - y[selectTriUInt(i1, i2, i3)]) * (predict(x[selectTriUInt(i1, i2, i3)]) - y[selectTriUInt(i1, i2, i3)]));	
92		}
93		error /= x.size();
94		return error;
95	

Backtrace END
Memory content before bitflip:0xa30xe80x970x4a0x120x190x070x41
Fault Model: Double bit-flip
base address to flip value: 0x7fffffffd7d8
address max offset: 8
Memory content after  bitflip:0xa30xac0x970x4a0x120x190x070x41
frame name: meanSquaredError
symbol name: error
symbol filename: lreg.cpp
symbol line: 86
value: 189218.28642210839
value address: 0x7fffffffd7d8
Type: A floating point type.
Type sizeof: 8

[INFO -- 2018-10-13 10:43:14]
Fault Injection Successful after 1.2067501544952393s
[INFO -- 2018-10-13 10:43:22]
event type: exit
[INFO -- 2018-10-13 10:43:22]
exit code: 0
