[INFO -- 2018-09-30 21:07:57]
Starting flip_value script
version: 1.1
[INFO -- 2018-09-30 21:07:57]
Initialization strings:
[INFO -- 2018-09-30 21:07:57]
(1) file /tmp/lreg/lreg
[INFO -- 2018-09-30 21:07:57]
(2) set args /tmp/lreg/randInput /tmp/lreg/output
[INFO -- 2018-09-30 21:07:57]
initSignal:0
[INFO -- 2018-09-30 21:07:57]
endSignal:10
[INFO -- 2018-09-30 21:07:57]
faultModel:0
[INFO -- 2018-09-30 21:08:01]
Backtrace BEGIN:
#0  0x00007ffff76d5528 in __ieee754_pow_sse2 (x=3, y=3) at ../sysdeps/ieee754/dbl-64/e_pow.c:65
#1  0x00007ffff76d66be in __ieee754_pow_sse2 (x=<optimized out>, y=<optimized out>) at ../sysdeps/ieee754/dbl-64/e_pow.c:184
#2  0x00007ffff76b7b14 in __pow (x=-3, y=3) at w_pow_compat.c:30
#3  0x0000555555555f39 in std::pow<double, int> (__x=-3, __y=3) at /usr/include/c++/7/cmath:418
#4  0x0000555555555237 in predict (v=-3) at lreg.cpp:50
#5  0x00005555555553fc in partialDerivate (pos=3) at lreg.cpp:74
#6  0x0000555555555503 in adjust (alpha=2.2222199999999999e-05) at lreg.cpp:87
#7  0x00005555555556ac in train (iterations=90000, alpha=2.2222199999999999e-05, N=4, stopsWhenStable=true) at lreg.cpp:120
#8  0x0000555555555c26 in main (argc=3, argv=0x7fffffffde58) at lreg.cpp:182

60	../sysdeps/ieee754/dbl-64/e_pow.c: No such file or directory.

Backtrace END
Memory content before bitflip:0x460x5a0xb70xf40x390x4d0xf70x3e
Fault Model: Single bit-flip
base address to flip value: 0x7fffffffd7c8
address max offset: 8
Memory content after  bitflip:0x460x5a0xb70xb40x390x4d0xf70x3e
frame name: adjust
symbol name: alpha
symbol filename: lreg.cpp
symbol line: 83
value: 2.2222196362021192e-05
value address: 0x7fffffffd7c8
Type: A floating point type.
Type sizeof: 8

[INFO -- 2018-09-30 21:08:01]
Fault Injection Successful after 4.648922443389893s
[INFO -- 2018-09-30 21:08:04]
event type: exit
[INFO -- 2018-09-30 21:08:04]
exit code: 0
