[INFO -- 2018-11-08 17:57:34]
Starting flip_value script
version: 1.1
[INFO -- 2018-11-08 17:57:34]
Initialization strings:
[INFO -- 2018-11-08 17:57:34]
(1) file /tmp/lreg/lreg
[INFO -- 2018-11-08 17:57:34]
(2) set args /tmp/lreg/randInput /tmp/lreg/output /tmp/lreg/detected.log
[INFO -- 2018-11-08 17:57:34]
initSignal:0
[INFO -- 2018-11-08 17:57:34]
endSignal:10
[INFO -- 2018-11-08 17:57:34]
faultModel:1
[INFO -- 2018-11-08 17:57:37]
Backtrace BEGIN:
#0  __exp1 (x=<optimized out>, xx=4.3641490605948144e-16, error=<optimized out>) at ../sysdeps/ieee754/dbl-64/e_exp.c:265
#1  0x00007ffff76da8dc in __ieee754_pow_sse2 (x=13, y=3) at ../sysdeps/ieee754/dbl-64/e_pow.c:115
#2  0x00007ffff76db6be in __ieee754_pow_sse2 (x=<optimized out>, y=<optimized out>) at ../sysdeps/ieee754/dbl-64/e_pow.c:184
#3  0x00007ffff76bcb14 in __pow (x=-13, y=3) at w_pow_compat.c:30
#4  0x0000555555556131 in std::pow<double, int> (__x=-13, __y=3) at /usr/include/c++/7/cmath:418
#5  0x0000555555555237 in predict (v=-13) at lreg.cpp:50
#6  0x00005555555552ba in meanSquaredError () at lreg.cpp:61
#7  0x00005555555556b1 in train (iterations=45000, alpha=2.2222199999999999e-05, N=4, stopsWhenStable=true) at lreg.cpp:121
#8  0x0000555555555a1c in execute (input=0x7fffffffe1f1 "/tmp/lreg/randInput") at lreg.cpp:157
#9  0x0000555555555c60 in main (argc=4, argv=0x7fffffffde48) at lreg.cpp:191

260	../sysdeps/ieee754/dbl-64/e_exp.c: No such file or directory.

Backtrace END
Fliping value of field: std::_Vector_base<double, std::allocator<double> >
Fliping value of field: _M_impl
Fliping value of field: _M_finish
Fliping a bit of the value pointed by a pointer
Memory content before bitflip:0x000x000x000x000x000x000x000x00
Fault Model: Double bit-flip
base address to flip value: 0x555555772880
address max offset: 8
Memory content after  bitflip:0x000x000x000x000x600x000x000x00
frame name: main
symbol name: x
symbol filename: lreg.cpp
symbol line: 32
value: std::vector of length 36, capacity 64 = {-11, -3, -4, -7, 11, -5, 8, -2, 12, -7, 7, 19, -19, -3, 1, 23, 9, 7, -4, 10, 26, 8, -9, -20, -27, 12, 11, -4, 10, -13, 12, 32, -3, -10, 29, -31}
value address: 0x55555575b140 <x>
Type: The type is a structure.
Type sizeof: 24
Field name: std::_Vector_base<double, std::allocator<double> >
Field Type: The type is a structure.
Field Type sizeof: 24

[INFO -- 2018-11-08 17:57:37]
Fault Injection Successful after 3.5354039669036865s
[INFO -- 2018-11-08 17:57:42]
event type: exit
[INFO -- 2018-11-08 17:57:42]
exit code: 0
