[INFO -- 2018-11-15 19:57:32]
Starting flip_value script
version: 1.1
[INFO -- 2018-11-15 19:57:32]
Initialization strings:
[INFO -- 2018-11-15 19:57:32]
(1) file /tmp/lreg/lreg
[INFO -- 2018-11-15 19:57:32]
(2) set args /tmp/lreg/randInput /tmp/lreg/output
[INFO -- 2018-11-15 19:57:32]
initSignal:0
[INFO -- 2018-11-15 19:57:32]
endSignal:5
[INFO -- 2018-11-15 19:57:32]
faultModel:0
[INFO -- 2018-11-15 19:57:33]
Backtrace BEGIN:
#0  0x00005555555558bb in meanSquaredError () at lreg.cpp:128
#1  0x0000555555555ee5 in train (iter1=30000, iter2=30000, N=3, alpha1=5.0000000000000002e-05, alpha2=5.0000000000000002e-05, stopsWhenStable=true) at lreg.cpp:194
#2  0x0000555555556467 in main (argc=3, argv=0x7fffffffde68) at lreg.cpp:253

123	*/
124	double meanSquaredError(){
125		double error = 0;
126		
127		for(UINT i1 = 0, i2 = 0; verifyUintDup(i1, i2)<(x.size() - 1); i1++, i2++){
128			error+= ((predict(x[verifyUintDup(i1, i2)]) - y[verifyUintDup(i1, i2)]) * (predict(x[verifyUintDup(i1, i2)]) - y[verifyUintDup(i1, i2)]));	
129		}
130		error /= (x.size() - 1);
131		return error;
132	

Backtrace END
Fliping value of field: std::_Vector_base<double, std::allocator<double> >
Fliping value of field: _M_impl
Fliping value of field: _M_start
Fliping a bit of the value pointed by a pointer
Memory content before bitflip:0xd90xf80x130xb70xe30xc70xa90x3f
Fault Model: Single bit-flip
base address to flip value: 0x555555772360
address max offset: 8
Memory content after  bitflip:0xd90xf80x130xb70xe30xe70xa90x3f
frame name: train
symbol name: prevT
symbol filename: lreg.cpp
symbol line: 187
value: std::vector of length 3, capacity 3 = {0.050597301576986893, 0.16503368359595144, 0.87855140552193434}
value address: 0x7fffffffd810
Type: The type is a structure.
Type sizeof: 24
Field name: std::_Vector_base<double, std::allocator<double> >
Field Type: The type is a structure.
Field Type sizeof: 24

[INFO -- 2018-11-15 19:57:33]
Fault Injection Successful after 1.2326416969299316s
[INFO -- 2018-11-15 19:57:35]
event type: exit
[INFO -- 2018-11-15 19:57:35]
exit code: 0
