[INFO -- 2018-11-24 15:56:41]
Starting flip_value script
version: 1.1
[INFO -- 2018-11-24 15:56:41]
Initialization strings:
[INFO -- 2018-11-24 15:56:41]
(1) file /tmp/lreg/lreg
[INFO -- 2018-11-24 15:56:41]
(2) set args /tmp/lreg/randInput /tmp/lreg/output /tmp/lreg/detected.log
[INFO -- 2018-11-24 15:56:41]
initSignal:0
[INFO -- 2018-11-24 15:56:41]
endSignal:6
[INFO -- 2018-11-24 15:56:41]
faultModel:0
[EXCEPTION -- 2018-11-24 15:56:44]
pythonException: empty range for randrange() (0,0, 0)
[EXCEPTION -- 2018-11-24 15:56:44]
pythonException: Unable to exit loop in struct fields; Exiting wihtout making a bit flip
[EXCEPTION -- 2018-11-24 15:56:44]
pythonException: empty range for randrange() (0,0, 0)
[INFO -- 2018-11-24 15:56:44]
event type: exit
[EXCEPTION -- 2018-11-24 15:56:44]
exit code: no exit code available
