[INFO -- 2018-11-25 14:33:36]
Starting flip_value script
version: 1.1
[INFO -- 2018-11-25 14:33:36]
Initialization strings:
[INFO -- 2018-11-25 14:33:36]
(1) file /tmp/lreg/lreg
[INFO -- 2018-11-25 14:33:36]
(2) set args /tmp/lreg/randInput /tmp/lreg/output /tmp/lreg/detected.log
[INFO -- 2018-11-25 14:33:36]
initSignal:0
[INFO -- 2018-11-25 14:33:36]
endSignal:6
[INFO -- 2018-11-25 14:33:36]
faultModel:2
[INFO -- 2018-11-25 14:33:38]
Backtrace BEGIN:
#0  0x00005555555561ca in std::vector<double, std::allocator<double> >::size (this=0x55555575b140 <x>) at /usr/include/c++/7/bits/stl_vector.h:671
#1  0x0000555555555287 in meanSquaredError () at lreg.cpp:60
#2  0x00005555555556b1 in train (iterations=30000, alpha=2.2222199999999999e-05, N=4, stopsWhenStable=true) at lreg.cpp:121
#3  0x0000555555555a1c in execute (input=0x7fffffffe1f1 "/tmp/lreg/randInput") at lreg.cpp:157
#4  0x0000555555555cb0 in main (argc=4, argv=0x7fffffffde48) at lreg.cpp:196

666	
667	      // [23.2.4.2] capacity
668	      /**  Returns the number of elements in the %vector.  */
669	      size_type
670	      size() const _GLIBCXX_NOEXCEPT
671	      { return size_type(this->_M_impl._M_finish - this->_M_impl._M_start); }
672	
673	      /**  Returns the size() of the largest possible %vector.  */
674	      size_type
675	      max_size() const _GLIBCXX_NOEXCEPT

Backtrace END
Fliping value of field: std::_Vector_base<double, std::allocator<double> >
Fliping value of field: _M_impl
Fliping value of field: _M_start
Fliping a bit of the value pointed by a pointer
Memory content before bitflip:0x000x000x000x000x000x000x2e0xc0
Fault Model: Random bit-flip
base address to flip value: 0x5555557724b0
address max offset: 8
Memory content after  bitflip:0xd10x0b0x830x8c0x6d0x820x330x24
frame name: std::vector<double, std::allocator<double> >::size
symbol name: x
symbol filename: lreg.cpp
symbol line: 32
value: std::vector of length 16, capacity 16 = {2.6841558424224922e-134, -9, -1, 29, 5, -18, 31, -16, -18, -28, 25, -14, 7, -2, -17, 21}
value address: 0x55555575b140 <x>
Type: The type is a structure.
Type sizeof: 24
Field name: std::_Vector_base<double, std::allocator<double> >
Field Type: The type is a structure.
Field Type sizeof: 24

[INFO -- 2018-11-25 14:33:38]
Fault Injection Successful after 2.3502097129821777s
[INFO -- 2018-11-25 14:33:38]
event type: exit
[INFO -- 2018-11-25 14:33:38]
exit code: 0
