[INFO -- 2018-10-04 17:08:29]
Starting flip_value script
version: 1.1
[INFO -- 2018-10-04 17:08:29]
Initialization strings:
[INFO -- 2018-10-04 17:08:29]
(1) file /tmp/lreg/lreg
[INFO -- 2018-10-04 17:08:29]
(2) set args /tmp/lreg/randInput /tmp/lreg/output
[INFO -- 2018-10-04 17:08:29]
initSignal:0
[INFO -- 2018-10-04 17:08:29]
endSignal:10
[INFO -- 2018-10-04 17:08:29]
faultModel:1
[INFO -- 2018-10-04 17:08:31]
Backtrace BEGIN:
#0  libc_feholdsetround_sse_ctx (r=0, ctx=<synthetic pointer>) at ../sysdeps/i386/fpu/fenv_private.h:447
#1  __ieee754_pow_sse2 (x=6, y=3) at ../sysdeps/ieee754/dbl-64/e_pow.c:97
#2  0x00007ffff76d66be in __ieee754_pow_sse2 (x=<optimized out>, y=<optimized out>) at ../sysdeps/ieee754/dbl-64/e_pow.c:184
#3  0x00007ffff76b7b14 in __pow (x=-6, y=3) at w_pow_compat.c:30
#4  0x0000555555555d47 in std::pow<double, int> (__x=-6, __y=3) at /usr/include/c++/7/cmath:418
#5  0x00005555555551e7 in predict (v=-6) at lreg.cpp:50
#6  0x00005555555553ac in partialDerivate (pos=1) at lreg.cpp:74
#7  0x00005555555554b3 in adjust (alpha=2.2222199999999999e-05) at lreg.cpp:87
#8  0x000055555555565c in train (iterations=90000, alpha=2.2222199999999999e-05, N=4, stopsWhenStable=true) at lreg.cpp:120
#9  0x0000555555555ab7 in main (argc=3, argv=0x7fffffffde58) at lreg.cpp:174

442	../sysdeps/i386/fpu/fenv_private.h: No such file or directory.

Backtrace END
Memory content before bitflip:0x030x000x000x00
Fault Model: Double bit-flip
base address to flip value: 0x7fffffffd734
address max offset: 4
Memory content after  bitflip:0x030x000x000x81
frame name: predict
symbol name: i
symbol filename: lreg.cpp
symbol line: 49
value: -2130706429
value address: 0x7fffffffd734
Type: The type is an integer type.
Type sizeof: 4

[INFO -- 2018-10-04 17:08:31]
Fault Injection Successful after 2.4866559505462646s
[INFO -- 2018-10-04 17:08:36]
event type: exit
[INFO -- 2018-10-04 17:08:36]
exit code: 0
