[INFO -- 2018-09-15 16:30:47]
Starting flip_value script
version: 1.1
[INFO -- 2018-09-15 16:30:47]
Initialization strings:
[INFO -- 2018-09-15 16:30:47]
(1) file /tmp/lreg/lreg
[INFO -- 2018-09-15 16:30:47]
(2) set args /tmp/lreg/randInput /tmp/lreg/output
[INFO -- 2018-09-15 16:30:47]
initSignal:0
[INFO -- 2018-09-15 16:30:47]
endSignal:2
[INFO -- 2018-09-15 16:30:47]
faultModel:1
[INFO -- 2018-09-15 16:30:48]
Backtrace BEGIN:
#0  0x00007ffff76b7b0f in __pow (x=-15, y=1) at w_pow_compat.c:30
#1  0x0000555555555f39 in std::pow<double, int> (__x=-15, __y=1) at /usr/include/c++/7/cmath:418
#2  0x0000555555555237 in predict (v=-15) at lreg.cpp:50
#3  0x00005555555553fc in partialDerivate (pos=0) at lreg.cpp:74
#4  0x0000555555555503 in adjust (alpha=5.0000000000000002e-05) at lreg.cpp:87
#5  0x00005555555556ac in train (iterations=60000, alpha=5.0000000000000002e-05, N=3, stopsWhenStable=true) at lreg.cpp:120
#6  0x0000555555555c26 in main (argc=3, argv=0x7fffffffde68) at lreg.cpp:182

25	w_pow_compat.c: No such file or directory.

Backtrace END
Memory content before bitflip:0x2f0xb90x000x00
Fault Model: Double bit-flip
base address to flip value: 0x7fffffffd83c
address max offset: 4
Memory content after  bitflip:0x2f0xb90x000x03
frame name: train
symbol name: i
symbol filename: lreg.cpp
symbol line: 118
value: 50379055
value address: 0x7fffffffd83c
Type: The type is an integer type.
Type sizeof: 4

[INFO -- 2018-09-15 16:30:48]
Fault Injection Successful after 1.3311212062835693s
[INFO -- 2018-09-15 16:30:54]
event type: exit
[INFO -- 2018-09-15 16:30:54]
exit code: 0
