[INFO -- 2018-11-14 15:23:15]
Starting flip_value script
version: 1.1
[INFO -- 2018-11-14 15:23:15]
Initialization strings:
[INFO -- 2018-11-14 15:23:15]
(1) file /tmp/lreg/lreg
[INFO -- 2018-11-14 15:23:15]
(2) set args /tmp/lreg/randInput /tmp/lreg/output
[INFO -- 2018-11-14 15:23:15]
initSignal:0
[INFO -- 2018-11-14 15:23:15]
endSignal:5
[INFO -- 2018-11-14 15:23:15]
faultModel:2
[INFO -- 2018-11-14 15:23:16]
Backtrace BEGIN:
#0  0x0000555555555a42 in partialDerivate (pos1=0, pos2=0) at lreg.cpp:142
#1  0x0000555555555bbe in adjust (alpha1=0.00020000000000000001, alpha2=0.00020000000000000001) at lreg.cpp:156
#2  0x0000555555555ee0 in train (iter1=15000, iter2=15000, N=2, alpha1=0.00020000000000000001, alpha2=0.00020000000000000001, stopsWhenStable=true) at lreg.cpp:193
#3  0x0000555555556467 in main (argc=3, argv=0x7fffffffde68) at lreg.cpp:253

137	*/
138	double partialDerivate(UINT pos1, UINT pos2){
139		double pD = 0;
140		
141		for(UINT i1 = 0, i2 = 0; verifyUintDup(i1, i2)<(x.size() - 1); i1++, i2++){
142			pD += ((predict(x[verifyUintDup(i1, i2)]) - y[verifyUintDup(i1, i2)])*pow(x[verifyUintDup(i1, i2)], verifyUintDup(pos1, pos2)));	
143		}
144		pD *= (2.0/(x.size() - 1));
145		return pD;
146	}

Backtrace END
Fliping value of field: std::_Vector_base<double, std::allocator<double> >
Fliping value of field: _M_impl
Fliping value of field: _M_finish
Fliping a bit of the pointer
Memory content before bitflip:0x700x230x770x550x550x550x000x00
Fault Model: Random bit-flip
base address to flip value: 0x55555575b1a8 
address max offset: 8
Memory content after  bitflip:0x1d0xd30x510x120x3b0x810xa20x73
frame name: main
symbol name: T2
symbol filename: lreg.cpp
symbol line: 37
value: std::vector of length 1041533815788099063, capacity 2 = {-1.1630157344501986, 0.016237164417442978, 0, 2.4209216646221081e-322, 0, -2, -2, -2, 0, 4.001931731314097e-322, 0, 1.5810100666919889e-322, 2.1219957904712067e-314, 6.3462732208308119e-320, 0, 0, 0, 0, 0, 7.1639518646980749e-322, -7, 13, 9, -9, -3, -12, 3, -5, -11, 0, 0, 0, 0, 0, 0, 0, 0, 7.1639518646980749e-322, -2, -2, -2, -2, -2, -2, -2, -2, -16, 0, 0, 0, 0, 0, 0, 0, 0, 1.6304166312761136e-322, -1.1630157344501986, 0.016237164417442978, 0, 1.6304166312761136e-322, -1.1630157344501986, 0.016237164417442978, 0, 1.6304166312761136e-322, 4.6355706480405627e-310, 0.016242118441138806, 0, 1.6304166312761136e-322, 0, 0.016237164417442978, 0, 2.155756632499111e-319, 0, 0, 0, 0, 0, 0, 0, 0, 0, 0, 0, 0, 0, 0, 0, 0, 0, 0, 0, 0, 0, 0, 0, 0, 0, 0, 0, 0, 0, 0, 0, 0, 0, 0, 0, 0, 0, 0, 0, 0, 0, 0, 0, 0, 0, 0, 0, 0, 0, 0, 0, 0, 0, 0, 0, 0, 0, 0, 0, 0, 0, 0, 0, 0, 0, 0, 0, 0, 0, 0, 0, 0, 0, 0, 0, 0, 0, 0, 0, 0, 0, 0, 0, 0, 0, 0, 0, 0, 0, 0, 0, 0, 0, 0, 0, 0, 0, 0, 0, 0, 0, 0, 0, 0, 0, 0, 0, 0, 0, 0, 0, 0, 0, 0, 0, 0, 0, 0, 0, 0, 0, 0, 0, 0, 0, 0, 0, 0...}
value address: 0x55555575b1a0 <T2>
Type: The type is a structure.
Type sizeof: 24
Field name: std::_Vector_base<double, std::allocator<double> >
Field Type: The type is a structure.
Field Type sizeof: 24

[INFO -- 2018-11-14 15:23:16]
Fault Injection Successful after 1.9239332675933838s
[INFO -- 2018-11-14 15:23:23]
event type: exit
[INFO -- 2018-11-14 15:23:23]
exit code: 0
