[INFO -- 2018-11-27 19:54:37]
Starting flip_value script
version: 1.1
[INFO -- 2018-11-27 19:54:37]
Initialization strings:
[INFO -- 2018-11-27 19:54:37]
(1) file /tmp/lreg/lreg
[INFO -- 2018-11-27 19:54:37]
(2) set args /tmp/lreg/randInput /tmp/lreg/output
[INFO -- 2018-11-27 19:54:37]
initSignal:0
[INFO -- 2018-11-27 19:54:37]
endSignal:3
[INFO -- 2018-11-27 19:54:37]
faultModel:0
[INFO -- 2018-11-27 19:54:39]
Backtrace BEGIN:
#0  __exp1 (x=<optimized out>, xx=<optimized out>, error=<optimized out>) at ../sysdeps/ieee754/dbl-64/e_exp.c:273
#1  0x00007ffff76da8dc in __ieee754_pow_sse2 (x=16, y=3) at ../sysdeps/ieee754/dbl-64/e_pow.c:115
#2  0x00007ffff76db6be in __ieee754_pow_sse2 (x=<optimized out>, y=<optimized out>) at ../sysdeps/ieee754/dbl-64/e_pow.c:184
#3  0x00007ffff76bcb14 in __pow (x=-16, y=3) at w_pow_compat.c:30
#4  0x0000555555556826 in std::pow<double, unsigned int> (__x=-16, __y=3) at /usr/include/c++/7/cmath:418
#5  0x0000555555555814 in predict (v=-16) at lreg.cpp:116
#6  0x0000555555555a53 in partialDerivate (pos1=3, pos2=3) at lreg.cpp:142
#7  0x0000555555555bbe in adjust (alpha1=2.2222199999999999e-05, alpha2=2.2222199999999999e-05) at lreg.cpp:156
#8  0x0000555555555ee0 in train (iter1=30000, iter2=30000, N=4, alpha1=2.2222199999999999e-05, alpha2=2.2222199999999999e-05, stopsWhenStable=true) at lreg.cpp:193
#9  0x0000555555556467 in main (argc=3, argv=0x7fffffffde58) at lreg.cpp:253

268	../sysdeps/ieee754/dbl-64/e_exp.c: No such file or directory.

Backtrace END
Fliping value of field name: i
Fliping array at pos: 1
Memory content before bitflip:0x000x000x180x42
Fault Model: Single bit-flip
base address to flip value: 0x7ffff77917ec 
address max offset: 4
Memory content after  bitflip:0x000x000x580x42
frame name: __exp1
symbol name: three33
symbol filename: ../sysdeps/ieee754/dbl-64/uexp.h
symbol line: 64
value: {i = {0, 1113063424}, x = 412316860416}
value address: 0x7ffff77917e8 <three33>
Type: The type is a union.
Type sizeof: 8
Field name: i
Field Type: The type is an array.
Field Type sizeof: 8
Field name: x
Field Type: A floating point type.
Field Type sizeof: 8

[INFO -- 2018-11-27 19:54:39]
Fault Injection Successful after 2.9722235202789307s
[INFO -- 2018-11-27 19:54:41]
event type: exit
[INFO -- 2018-11-27 19:54:41]
exit code: 0
