[INFO -- 2018-11-23 19:38:37]
Starting flip_value script
version: 1.1
[INFO -- 2018-11-23 19:38:37]
Initialization strings:
[INFO -- 2018-11-23 19:38:37]
(1) file /tmp/lreg/lreg
[INFO -- 2018-11-23 19:38:37]
(2) set args /tmp/lreg/randInput /tmp/lreg/output
[INFO -- 2018-11-23 19:38:37]
initSignal:0
[INFO -- 2018-11-23 19:38:37]
endSignal:3
[INFO -- 2018-11-23 19:38:37]
faultModel:0
[INFO -- 2018-11-23 19:38:37]
Backtrace BEGIN:
#0  0x00007ffff76bcb0a in __pow (x=6, y=2) at w_pow_compat.c:30
#1  0x0000555555555d5f in std::pow<double, int> (__x=6, __y=2) at /usr/include/c++/7/cmath:418
#2  0x00005555555551e7 in predict (v=6) at lreg.cpp:50
#3  0x00005555555552ba in meanSquaredError () at lreg.cpp:61
#4  0x0000555555555661 in train (iterations=20000, alpha=5.0000000000000002e-05, N=3, stopsWhenStable=true) at lreg.cpp:121
#5  0x0000555555555ab7 in main (argc=3, argv=0x7fffffffde58) at lreg.cpp:174

25	w_pow_compat.c: No such file or directory.

Backtrace END
Memory content before bitflip:0xb90x060x000x00
Fault Model: Single bit-flip
base address to flip value: 0x7fffffffd82c
address max offset: 4
Memory content after  bitflip:0xb90x160x000x00
frame name: train
symbol name: i
symbol filename: lreg.cpp
symbol line: 118
value: 5817
value address: 0x7fffffffd82c
Type: The type is an integer type.
Type sizeof: 4

[INFO -- 2018-11-23 19:38:37]
Fault Injection Successful after 0.9440302848815918s
[INFO -- 2018-11-23 19:38:39]
event type: exit
[INFO -- 2018-11-23 19:38:39]
exit code: 0
