[INFO -- 2018-10-02 19:08:44]
Starting flip_value script
version: 1.1
[INFO -- 2018-10-02 19:08:44]
Initialization strings:
[INFO -- 2018-10-02 19:08:44]
(1) file /tmp/lreg/lreg
[INFO -- 2018-10-02 19:08:44]
(2) set args /tmp/lreg/randInput /tmp/lreg/output
[INFO -- 2018-10-02 19:08:44]
initSignal:0
[INFO -- 2018-10-02 19:08:44]
endSignal:10
[INFO -- 2018-10-02 19:08:44]
faultModel:2
[INFO -- 2018-10-02 19:08:47]
Backtrace BEGIN:
#0  0x00005555555553ce in partialDerivate (pos=0) at lreg.cpp:74
#1  0x00005555555554b3 in adjust (alpha=2.2222199999999999e-05) at lreg.cpp:87
#2  0x000055555555565c in train (iterations=90000, alpha=2.2222199999999999e-05, N=4, stopsWhenStable=true) at lreg.cpp:120
#3  0x0000555555555ab7 in main (argc=3, argv=0x7fffffffde58) at lreg.cpp:174

69		to the adjustment variable whose position in T is passed in pos
70	*/
71	double partialDerivate(int pos){
72		double pD = 0;
73		for(int i = 0; i<x.size(); i++){
74			pD += ((predict(x[i]) - y[i])*pow(x[i], pos));	
75		}
76		pD *= (2.0/x.size());
77		return pD;
78	}

Backtrace END
Memory content before bitflip:0x000x000x000x000x000x000x000x00
Fault Model: Random bit-flip
base address to flip value: 0x7fffffffd7d8
address max offset: 8
Memory content after  bitflip:0x2b0x840xc40x6e0x9a0x9c0x960x3e
frame name: adjust
symbol name: PD
symbol filename: lreg.cpp
symbol line: 85
value: 3.3694105529459659e-07
value address: 0x7fffffffd7d8
Type: A floating point type.
Type sizeof: 8

[INFO -- 2018-10-02 19:08:47]
Fault Injection Successful after 3.589431047439575s
[INFO -- 2018-10-02 19:08:51]
event type: exit
[INFO -- 2018-10-02 19:08:51]
exit code: 0
