[INFO -- 2018-09-30 19:55:05]
Starting flip_value script
version: 1.1
[INFO -- 2018-09-30 19:55:05]
Initialization strings:
[INFO -- 2018-09-30 19:55:05]
(1) file /tmp/lreg/lreg
[INFO -- 2018-09-30 19:55:05]
(2) set args /tmp/lreg/randInput /tmp/lreg/output
[INFO -- 2018-09-30 19:55:05]
initSignal:0
[INFO -- 2018-09-30 19:55:05]
endSignal:10
[INFO -- 2018-09-30 19:55:05]
faultModel:0
[INFO -- 2018-09-30 19:55:12]
Backtrace BEGIN:
#0  __exp1 (x=<optimized out>, xx=4.3641490605948144e-16, error=<optimized out>) at ../sysdeps/ieee754/dbl-64/e_exp.c:262
#1  0x00007ffff76d58dc in __ieee754_pow_sse2 (x=13, y=3) at ../sysdeps/ieee754/dbl-64/e_pow.c:115
#2  0x00007ffff76b7b14 in __pow (x=13, y=3) at w_pow_compat.c:30
#3  0x0000555555555f39 in std::pow<double, int> (__x=13, __y=3) at /usr/include/c++/7/cmath:418
#4  0x0000555555555237 in predict (v=13) at lreg.cpp:50
#5  0x00005555555553fc in partialDerivate (pos=2) at lreg.cpp:74
#6  0x0000555555555503 in adjust (alpha=2.2222199999999999e-05) at lreg.cpp:87
#7  0x00005555555556ac in train (iterations=90000, alpha=2.2222199999999999e-05, N=4, stopsWhenStable=true) at lreg.cpp:120
#8  0x0000555555555c26 in main (argc=3, argv=0x7fffffffde58) at lreg.cpp:182

257	../sysdeps/ieee754/dbl-64/e_exp.c: No such file or directory.

Backtrace END
Fliping value of field: std::_Vector_base<double, std::allocator<double> >
Fliping value of field: _M_impl
Fliping value of field: _M_start
Fliping a bit of the value pointed by a pointer
Memory content before bitflip:0x000x000x000x000x000x000xf00x3f
Fault Model: Single bit-flip
base address to flip value: 0x555555771970
address max offset: 8
Memory content after  bitflip:0x000x000x800x000x000x000xf00x3f
frame name: adjust
symbol name: y
symbol filename: lreg.cpp
symbol line: 33
value: std::vector of length 36, capacity 64 = {1.0000000018626451, 1, 1, 1, 1, 1, 1, 1, 1101, 417, -3, 837, -3, 141, 21, 261, 37, 541, 1, 21, -25136, 6049, -2399, -1151, -26, 289, 16474, -101276, -21599, -3266, 49, -224, -3266, 6049, -83606, 13825}
value address: 0x55555575a160 <y>
Type: The type is a structure.
Type sizeof: 24
Field name: std::_Vector_base<double, std::allocator<double> >
Field Type: The type is a structure.
Field Type sizeof: 24

[INFO -- 2018-09-30 19:55:12]
Fault Injection Successful after 7.375669956207275s
[INFO -- 2018-09-30 19:55:14]
event type: exit
[INFO -- 2018-09-30 19:55:14]
exit code: 0
