[INFO -- 2018-11-26 16:28:46]
Starting flip_value script
version: 1.1
[INFO -- 2018-11-26 16:28:46]
Initialization strings:
[INFO -- 2018-11-26 16:28:46]
(1) file /tmp/lreg/lreg
[INFO -- 2018-11-26 16:28:46]
(2) set args /tmp/lreg/randInput /tmp/lreg/output
[INFO -- 2018-11-26 16:28:46]
initSignal:0
[INFO -- 2018-11-26 16:28:46]
endSignal:3
[INFO -- 2018-11-26 16:28:46]
faultModel:1
[INFO -- 2018-11-26 16:28:47]
Backtrace BEGIN:
#0  0x000055555555520f in verifyUintDup (a=3, b=3) at lreg.cpp:69
#1  0x000055555555576f in predict (v=6) at lreg.cpp:115
#2  0x0000555555555a53 in partialDerivate (pos1=2, pos2=2) at lreg.cpp:142
#3  0x0000555555555bbe in adjust (alpha1=5.0000000000000002e-05, alpha2=5.0000000000000002e-05) at lreg.cpp:156
#4  0x0000555555555ee0 in train (iter1=20000, iter2=20000, N=3, alpha1=5.0000000000000002e-05, alpha2=5.0000000000000002e-05, stopsWhenStable=true) at lreg.cpp:193
#5  0x0000555555556467 in main (argc=3, argv=0x7fffffffde58) at lreg.cpp:253

64			ofstream fp ("/tmp/lreg/detected.log", std::ofstream::app);
65			fp << "verifyUint: a = "<<a<<"; b = "<<b<<endl;
66	        detected = 1;	
67		}
68		return a;
69	}
70	double verifyDoubleDup(double a, double b){
71		if (a != b && detected != 1){
72			//gerar entrada no log
73			ofstream fp ("/tmp/lreg/detected.log", std::ofstream::app);

Backtrace END
Fliping a bit of the value pointed by a pointer
Fliping a bit of the pointer
Memory content before bitflip:0xff0xe10xff0xff0xff0x7f0x000x00
Fault Model: Double bit-flip
base address to flip value: 0x7fffffffde58
address max offset: 8
Memory content after  bitflip:0xff0xe10xff0xff0xff0x570x000x00
frame name: main
symbol name: argv
symbol filename: lreg.cpp
symbol line: 217
value: 0x7fffffffde58
value address: 0x7fffffffd8c0
Type: The type is a pointer.
Type sizeof: 8

[INFO -- 2018-11-26 16:28:47]
Fault Injection Successful after 1.1975433826446533s
[INFO -- 2018-11-26 16:28:48]
event type: exit
[INFO -- 2018-11-26 16:28:48]
exit code: 0
