[INFO -- 2018-11-26 17:34:50]
Starting flip_value script
version: 1.1
[INFO -- 2018-11-26 17:34:50]
Initialization strings:
[INFO -- 2018-11-26 17:34:50]
(1) file /tmp/lreg/lreg
[INFO -- 2018-11-26 17:34:50]
(2) set args /tmp/lreg/randInput /tmp/lreg/output
[INFO -- 2018-11-26 17:34:50]
initSignal:0
[INFO -- 2018-11-26 17:34:50]
endSignal:3
[INFO -- 2018-11-26 17:34:50]
faultModel:2
[INFO -- 2018-11-26 17:34:50]
Backtrace BEGIN:
#0  0x000055555555524c in verifyDoubleDup (a=1.6704765733722748, b=1.6704765733722748) at lreg.cpp:71
#1  0x00005555555557ea in predict (v=6) at lreg.cpp:116
#2  0x0000555555555a53 in partialDerivate (pos1=0, pos2=0) at lreg.cpp:142
#3  0x0000555555555bbe in adjust (alpha1=5.0000000000000002e-05, alpha2=5.0000000000000002e-05) at lreg.cpp:156
#4  0x0000555555555ee0 in train (iter1=20000, iter2=20000, N=3, alpha1=5.0000000000000002e-05, alpha2=5.0000000000000002e-05, stopsWhenStable=true) at lreg.cpp:193
#5  0x0000555555556467 in main (argc=3, argv=0x7fffffffde58) at lreg.cpp:253

66	        detected = 1;	
67		}
68		return a;
69	}
70	double verifyDoubleDup(double a, double b){
71		if (a != b && detected != 1){
72			//gerar entrada no log
73			ofstream fp ("/tmp/lreg/detected.log", std::ofstream::app);
74			fp << "verifyDouble: a = "<<a<<"; b = "<<b<<endl;
75	        detected = 1;	

Backtrace END
Memory content before bitflip:0x0c0x000x000x00
Fault Model: Random bit-flip
base address to flip value: 0x7fffffffd8e4
address max offset: 4
Memory content after  bitflip:0xdc0x5f0x4f0x8b
frame name: main
symbol name: sizeOfTraining
symbol filename: lreg.cpp
symbol line: 236
value: 2337234908
value address: 0x7fffffffd8e4
Type: The type is an integer type.
Type sizeof: 4

[INFO -- 2018-11-26 17:34:50]
Fault Injection Successful after 0.9434025287628174s
[INFO -- 2018-11-26 17:34:52]
event type: exit
[INFO -- 2018-11-26 17:34:52]
exit code: 0
