[INFO -- 2018-09-05 18:34:13]
Starting flip_value script
version: 1.1
[INFO -- 2018-09-05 18:34:13]
Initialization strings:
[INFO -- 2018-09-05 18:34:13]
(1) file /tmp/lreg/lreg
[INFO -- 2018-09-05 18:34:13]
(2) set args /tmp/lreg/randInput /tmp/lreg/output
[INFO -- 2018-09-05 18:34:13]
initSignal:0
[INFO -- 2018-09-05 18:34:13]
endSignal:2
[INFO -- 2018-09-05 18:34:13]
faultModel:2
[INFO -- 2018-09-05 18:34:14]
Backtrace BEGIN:
#0  0x00007ffff76d5519 in __ieee754_pow_sse2 (x=-5, y=0) at ../sysdeps/ieee754/dbl-64/e_pow.c:65
#1  0x00007ffff76b7b14 in __pow (x=-5, y=0) at w_pow_compat.c:30
#2  0x0000555555555f39 in std::pow<double, int> (__x=-5, __y=0) at /usr/include/c++/7/cmath:418
#3  0x0000555555555237 in predict (v=-5) at lreg.cpp:50
#4  0x000055555555530a in meanSquaredError () at lreg.cpp:61
#5  0x00005555555556b1 in train (iterations=60000, alpha=5.0000000000000002e-05, N=3, stopsWhenStable=true) at lreg.cpp:121
#6  0x0000555555555c26 in main (argc=3, argv=0x7fffffffde78) at lreg.cpp:182

60	../sysdeps/ieee754/dbl-64/e_pow.c: No such file or directory.

Backtrace END
Memory content before bitflip:0xb30x4d0xff0xc10x950xda0x5a0x40
Fault Model: Random bit-flip
base address to flip value: 0x7fffffffd858
address max offset: 8
Memory content after  bitflip:0x4a0xce0x500x040x2a0x7e0xfa0xd6
frame name: train
symbol name: MSE
symbol filename: lreg.cpp
symbol line: 117
value: -9.9551257867467575e+110
value address: 0x7fffffffd858
Type: A floating point type.
Type sizeof: 8

[INFO -- 2018-09-05 18:34:14]
Fault Injection Successful after 1.350693702697754s
[INFO -- 2018-09-05 18:34:20]
event type: exit
[INFO -- 2018-09-05 18:34:20]
exit code: 0
