[INFO -- 2018-10-13 16:28:52]
Starting flip_value script
version: 1.1
[INFO -- 2018-10-13 16:28:52]
Initialization strings:
[INFO -- 2018-10-13 16:28:52]
(1) file /tmp/lreg/lreg
[INFO -- 2018-10-13 16:28:52]
(2) set args /tmp/lreg/randInput /tmp/lreg/output
[INFO -- 2018-10-13 16:28:52]
initSignal:0
[INFO -- 2018-10-13 16:28:52]
endSignal:10
[INFO -- 2018-10-13 16:28:52]
faultModel:1
[INFO -- 2018-10-13 16:28:56]
Backtrace BEGIN:
#0  0x00007ffff76bcb4d in __pow (x=-5, y=0) at w_pow_compat.c:62
#1  0x00005555555560ba in std::pow<double, unsigned int> (__x=-5, __y=0) at /usr/include/c++/7/cmath:418
#2  0x00005555555552c2 in predict (v=-5) at lreg.cpp:77
#3  0x000055555555551d in partialDerivate (pos=1) at lreg.cpp:107
#4  0x0000555555555670 in adjust () at lreg.cpp:123
#5  0x0000555555555881 in train (iterations=90000, N=4, stopsWhenStable=true) at lreg.cpp:159
#6  0x0000555555555dba in main (argc=3, argv=0x7fffffffde68) at lreg.cpp:225

57	w_pow_compat.c: No such file or directory.

Backtrace END
Memory content before bitflip:0x000x000x000x000x000x000x000x00
Fault Model: Double bit-flip
base address to flip value: 0x7fffffffd6a8
address max offset: 8
Memory content after  bitflip:0x000x000x000x000x000x000x000x28
frame name: __pow
symbol name: y
symbol filename: w_pow_compat.c
symbol line: 28
value: 5.0758836746312984e-116
value address: 0x7fffffffd6a8
Type: A floating point type.
Type sizeof: 8

[INFO -- 2018-10-13 16:28:56]
Fault Injection Successful after 4.434988737106323s
[INFO -- 2018-10-13 16:29:02]
event type: exit
[INFO -- 2018-10-13 16:29:02]
exit code: 0
