[INFO -- 2018-11-25 14:06:31]
Starting flip_value script
version: 1.1
[INFO -- 2018-11-25 14:06:31]
Initialization strings:
[INFO -- 2018-11-25 14:06:31]
(1) file /tmp/lreg/lreg
[INFO -- 2018-11-25 14:06:31]
(2) set args /tmp/lreg/randInput /tmp/lreg/output /tmp/lreg/detected.log
[INFO -- 2018-11-25 14:06:31]
initSignal:0
[INFO -- 2018-11-25 14:06:31]
endSignal:6
[INFO -- 2018-11-25 14:06:31]
faultModel:2
[INFO -- 2018-11-25 14:06:32]
Backtrace BEGIN:
#0  0x0000555555556dde in std::copy<__gnu_cxx::__normal_iterator<double const*, std::vector<double, std::allocator<double> > >, __gnu_cxx::__normal_iterator<double*, std::vector<double, std::allocator<double> > > > (__first=0.2816764444457675, __last=0, __result=0.2819271106345701) at /usr/include/c++/7/bits/stl_algobase.h:455
#1  0x0000555555556709 in std::vector<double, std::allocator<double> >::operator= (this=0x7fffffffd590, __x=std::vector of length 4, capacity 4 = {...}) at /usr/include/c++/7/bits/vector.tcc:218
#2  0x0000555555555691 in train (iterations=30000, alpha=2.2222199999999999e-05, N=4, stopsWhenStable=true) at lreg.cpp:119
#3  0x0000555555555a1c in execute (input=0x7fffffffe1f1 "/tmp/lreg/randInput") at lreg.cpp:157
#4  0x0000555555555c78 in main (argc=4, argv=0x7fffffffde48) at lreg.cpp:193

450	      __glibcxx_function_requires(_OutputIteratorConcept<_OI,
451		    typename iterator_traits<_II>::value_type>)
452	      __glibcxx_requires_valid_range(__first, __last);
453	
454	      return (std::__copy_move_a2<__is_move_iterator<_II>::__value>
455		      (std::__miter_base(__first), std::__miter_base(__last),
456		       __result));
457	    }
458	
459	#if __cplusplus >= 201103L

Backtrace END
Memory content before bitflip:0x040x000x000x00
Fault Model: Random bit-flip
base address to flip value: 0x7fffffffd66c
address max offset: 4
Memory content after  bitflip:0x180x1b0xfd0x67
frame name: execute
symbol name: N
symbol filename: lreg.cpp
symbol line: 144
value: 1744640792
value address: 0x7fffffffd66c
Type: The type is an integer type.
Type sizeof: 4

[INFO -- 2018-11-25 14:06:32]
Fault Injection Successful after 1.9321653842926025s
[INFO -- 2018-11-25 14:06:34]
event type: exit
[INFO -- 2018-11-25 14:06:34]
exit code: 0
