[INFO -- 2018-11-07 18:48:33]
Starting flip_value script
version: 1.1
[INFO -- 2018-11-07 18:48:33]
Initialization strings:
[INFO -- 2018-11-07 18:48:33]
(1) file /tmp/lreg/lreg
[INFO -- 2018-11-07 18:48:33]
(2) set args /tmp/lreg/randInput /tmp/lreg/output /tmp/lreg/detected.log
[INFO -- 2018-11-07 18:48:33]
initSignal:0
[INFO -- 2018-11-07 18:48:33]
endSignal:10
[INFO -- 2018-11-07 18:48:33]
faultModel:1
[INFO -- 2018-11-07 18:48:36]
Backtrace BEGIN:
#0  __exp1 (x=8.987196820661973, xx=-2.654394792414084e-17, error=<optimized out>) at ../sysdeps/ieee754/dbl-64/e_exp.c:254
#1  0x00007ffff76da8dc in __ieee754_pow_sse2 (x=20, y=3) at ../sysdeps/ieee754/dbl-64/e_pow.c:115
#2  0x00007ffff76db6be in __ieee754_pow_sse2 (x=<optimized out>, y=<optimized out>) at ../sysdeps/ieee754/dbl-64/e_pow.c:184
#3  0x00007ffff76bcb14 in __pow (x=-20, y=3) at w_pow_compat.c:30
#4  0x0000555555556131 in std::pow<double, int> (__x=-20, __y=3) at /usr/include/c++/7/cmath:418
#5  0x0000555555555237 in predict (v=-20) at lreg.cpp:50
#6  0x00005555555553fc in partialDerivate (pos=2) at lreg.cpp:74
#7  0x0000555555555503 in adjust (alpha=2.2222199999999999e-05) at lreg.cpp:87
#8  0x00005555555556ac in train (iterations=45000, alpha=2.2222199999999999e-05, N=4, stopsWhenStable=true) at lreg.cpp:120
#9  0x0000555555555a1c in execute (input=0x7fffffffe1f2 "/tmp/lreg/randInput") at lreg.cpp:157
#10 0x0000555555555c60 in main (argc=4, argv=0x7fffffffde48) at lreg.cpp:191

249	../sysdeps/ieee754/dbl-64/e_exp.c: No such file or directory.

Backtrace END
Fliping value of field: std::_Vector_base<double, std::allocator<double> >
Fliping value of field: _M_impl
Fliping value of field: _M_finish
Fliping a bit of the value pointed by a pointer
Memory content before bitflip:0x000x000x000x000x000x000x000x00
Fault Model: Double bit-flip
base address to flip value: 0x555555772880
address max offset: 8
Memory content after  bitflip:0x000x000x000x000x000x000x000x0a
frame name: partialDerivate
symbol name: x
symbol filename: lreg.cpp
symbol line: 32
value: std::vector of length 36, capacity 64 = {7, -1, -10, -4, -11, -7, 4, -11, -5, -19, -23, 22, 7, 8, 17, 13, -18, -24, 18, -7, -21, 27, -20, -11, 26, -14, 32, -32, -8, -22, 13, 13, -28, -29, 3, 26}
value address: 0x55555575b140 <x>
Type: The type is a structure.
Type sizeof: 24
Field name: std::_Vector_base<double, std::allocator<double> >
Field Type: The type is a structure.
Field Type sizeof: 24

[INFO -- 2018-11-07 18:48:36]
Fault Injection Successful after 3.002393960952759s
[INFO -- 2018-11-07 18:48:47]
event type: exit
[INFO -- 2018-11-07 18:48:47]
exit code: 0
