[INFO -- 2018-10-13 18:45:08]
Starting flip_value script
version: 1.1
[INFO -- 2018-10-13 18:45:08]
Initialization strings:
[INFO -- 2018-10-13 18:45:08]
(1) file /tmp/lreg/lreg
[INFO -- 2018-10-13 18:45:08]
(2) set args /tmp/lreg/randInput /tmp/lreg/output
[INFO -- 2018-10-13 18:45:08]
initSignal:0
[INFO -- 2018-10-13 18:45:08]
endSignal:10
[INFO -- 2018-10-13 18:45:08]
faultModel:0
[INFO -- 2018-10-13 18:45:17]
Backtrace BEGIN:
#0  0x00005555555569b9 in std::vector<double, std::allocator<double> >::begin (this=0x7fffffffd830) at /usr/include/c++/7/bits/stl_vector.h:573
#1  0x00005555555562cc in std::vector<double, std::allocator<double> >::vector (this=0x7fffffffd890, __x=std::vector of length 4, capacity 4 = {...}) at /usr/include/c++/7/bits/stl_vector.h:331
#2  0x00005555555558e8 in train (iterations=90000, N=4, stopsWhenStable=true) at lreg.cpp:165
#3  0x0000555555555dba in main (argc=3, argv=0x7fffffffde68) at lreg.cpp:225

568	       *  first element in the %vector.  Iteration is done in ordinary
569	       *  element order.
570	       */
571	      const_iterator
572	      begin() const _GLIBCXX_NOEXCEPT
573	      { return const_iterator(this->_M_impl._M_start); }
574	
575	      /**
576	       *  Returns a read/write iterator that points one past the last
577	       *  element in the %vector.  Iteration is done in ordinary

Backtrace END
Memory content before bitflip:0x030x000x000x00
Fault Model: Single bit-flip
base address to flip value: 0x7fffffffd8fc
address max offset: 4
Memory content after  bitflip:0x030x000x000x01
frame name: main
symbol name: argc
symbol filename: lreg.cpp
symbol line: 183
value: 16777219
value address: 0x7fffffffd8fc
Type: The type is an integer type.
Type sizeof: 4

[INFO -- 2018-10-13 18:45:17]
Fault Injection Successful after 9.130078315734863s
[INFO -- 2018-10-13 18:45:17]
event type: exit
[INFO -- 2018-10-13 18:45:17]
exit code: 0
