[INFO -- 2018-11-12 17:40:04]
Starting flip_value script
version: 1.1
[INFO -- 2018-11-12 17:40:04]
Initialization strings:
[INFO -- 2018-11-12 17:40:04]
(1) file /tmp/lreg/lreg
[INFO -- 2018-11-12 17:40:04]
(2) set args /tmp/lreg/randInput /tmp/lreg/output
[INFO -- 2018-11-12 17:40:04]
initSignal:0
[INFO -- 2018-11-12 17:40:04]
endSignal:10
[INFO -- 2018-11-12 17:40:04]
faultModel:0
[INFO -- 2018-11-12 17:40:06]
Backtrace BEGIN:
#0  0x00005555555556f1 in predict (v=12) at lreg.cpp:113
#1  0x000055555555578f in meanSquaredError () at lreg.cpp:125
#2  0x0000555555555da8 in train (iter1=30000, iter2=30000, N=3, alpha1=5.0000000000000002e-05, alpha2=5.0000000000000002e-05, stopsWhenStable=true) at lreg.cpp:191
#3  0x00005555555562e6 in main (argc=3, argv=0x7fffffffde68) at lreg.cpp:246

108	*/
109	double predict(double v){
110		double val = 0;
111		
112		for(UINT i1 = 0, i2 = 0; verifyUintDup(i1, i2)<T1.size(); i1++, i2++){
113			val+= (verifyDoubleDup(T1[verifyUintDup(i1, i2)], T2[verifyUintDup(i1, i2)]) * pow(v, verifyUintDup(i1, i2)));
114		}
115		return val;
116		
117	}

Backtrace END
Fliping value of field: std::_Vector_base<double, std::allocator<double> >
Fliping value of field: _M_impl
Fliping value of field: _M_finish
Fliping a bit of the value pointed by a pointer
Memory content before bitflip:0x000x000x000x000x000x000x000x00
Fault Model: Single bit-flip
base address to flip value: 0x555555772600
address max offset: 8
Memory content after  bitflip:0x000x000x000x000x000x000x000x08
frame name: predict
symbol name: x
symbol filename: lreg.cpp
symbol line: 34
value: std::vector of length 20, capacity 32 = {13, -7, 11, 12, -2, 16, 14, -16, -14, 16, -7, -14, -14, -20, 10, 0, 22, 2, -16, 18}
value address: 0x55555575b140 <x>
Type: The type is a structure.
Type sizeof: 24
Field name: std::_Vector_base<double, std::allocator<double> >
Field Type: The type is a structure.
Field Type sizeof: 24

[INFO -- 2018-11-12 17:40:06]
Fault Injection Successful after 2.731243848800659s
[INFO -- 2018-11-12 17:40:19]
event type: exit
[INFO -- 2018-11-12 17:40:19]
exit code: 0
