[INFO -- 2018-11-26 14:36:31]
Starting flip_value script
version: 1.1
[INFO -- 2018-11-26 14:36:31]
Initialization strings:
[INFO -- 2018-11-26 14:36:31]
(1) file /tmp/lreg/lreg
[INFO -- 2018-11-26 14:36:31]
(2) set args /tmp/lreg/randInput /tmp/lreg/output
[INFO -- 2018-11-26 14:36:31]
initSignal:0
[INFO -- 2018-11-26 14:36:31]
endSignal:3
[INFO -- 2018-11-26 14:36:31]
faultModel:2
[INFO -- 2018-11-26 14:36:33]
Backtrace BEGIN:
#0  0x0000555555555106 in verifyUintDup (a=1, b=1) at lreg.cpp:61
#1  0x000055555555576f in predict (v=29) at lreg.cpp:115
#2  0x0000555555555928 in meanSquaredError () at lreg.cpp:128
#3  0x0000555555555ee5 in train (iter1=30000, iter2=30000, N=4, alpha1=2.2222199999999999e-05, alpha2=2.2222199999999999e-05, stopsWhenStable=true) at lreg.cpp:194
#4  0x0000555555556467 in main (argc=3, argv=0x7fffffffde58) at lreg.cpp:253

56	*/
57	
58	int detected = 0;
59	
60	
61	UINT verifyUintDup(UINT a, UINT b){
62		if (a != b && detected != 1){
63			//gerar entrada no log
64			ofstream fp ("/tmp/lreg/detected.log", std::ofstream::app);
65			fp << "verifyUint: a = "<<a<<"; b = "<<b<<endl;

Backtrace END
Memory content before bitflip:0x000x000x000x00
Fault Model: Random bit-flip
base address to flip value: 0x55555575b1b8 
address max offset: 4
Memory content after  bitflip:0x9a0x0f0x2f0x0a
frame name: train
symbol name: detected
symbol filename: lreg.cpp
symbol line: 58
value: 170856346
value address: 0x55555575b1b8 <detected>
Type: The type is an integer type.
Type sizeof: 4

[INFO -- 2018-11-26 14:36:33]
Fault Injection Successful after 2.3472719192504883s
[INFO -- 2018-11-26 14:36:34]
event type: exit
[INFO -- 2018-11-26 14:36:34]
exit code: 0
