[INFO -- 2018-11-25 11:25:36]
Starting flip_value script
version: 1.1
[INFO -- 2018-11-25 11:25:36]
Initialization strings:
[INFO -- 2018-11-25 11:25:36]
(1) file /tmp/lreg/lreg
[INFO -- 2018-11-25 11:25:36]
(2) set args /tmp/lreg/randInput /tmp/lreg/output /tmp/lreg/detected.log
[INFO -- 2018-11-25 11:25:36]
initSignal:0
[INFO -- 2018-11-25 11:25:36]
endSignal:6
[INFO -- 2018-11-25 11:25:36]
faultModel:0
[EXCEPTION -- 2018-11-25 11:25:39]
pythonException: Unable to exit loop in struct fields; Exiting wihtout making a bit flip
[INFO -- 2018-11-25 11:25:39]
event type: exit
[INFO -- 2018-11-25 11:25:39]
exit code: 0
