[INFO -- 2018-10-01 20:46:44]
Starting flip_value script
version: 1.1
[INFO -- 2018-10-01 20:46:44]
Initialization strings:
[INFO -- 2018-10-01 20:46:44]
(1) file /tmp/lreg/lreg
[INFO -- 2018-10-01 20:46:44]
(2) set args /tmp/lreg/randInput /tmp/lreg/output
[INFO -- 2018-10-01 20:46:44]
initSignal:0
[INFO -- 2018-10-01 20:46:44]
endSignal:10
[INFO -- 2018-10-01 20:46:44]
faultModel:1
[INFO -- 2018-10-01 20:46:45]
Backtrace BEGIN:
#0  0x00005555555551af in predict (v=24) at lreg.cpp:49
#1  0x00005555555553ac in partialDerivate (pos=1) at lreg.cpp:74
#2  0x00005555555554b3 in adjust (alpha=5.0000000000000002e-05) at lreg.cpp:87
#3  0x000055555555565c in train (iterations=60000, alpha=5.0000000000000002e-05, N=3, stopsWhenStable=true) at lreg.cpp:120
#4  0x0000555555555ab7 in main (argc=3, argv=0x7fffffffde58) at lreg.cpp:174

44	/**
45		Predicts the value related to v using the Ts variables
46	*/
47	double predict(double v){
48		double val = 0;
49		for(int i = 0; i<T.size(); i++){
50			val+= (T[i] * pow(v, i));
51		}
52		return val;
53		

Backtrace END
Memory content before bitflip:0x2d0x430x1c0xeb0xe20x360x0a0x3f
Fault Model: Double bit-flip
base address to flip value: 0x7fffffffd7c8
address max offset: 8
Memory content after  bitflip:0x2d0x430x1c0xeb0xe20x360x030x3f
frame name: adjust
symbol name: alpha
symbol filename: lreg.cpp
symbol line: 83
value: 3.6648559570312502e-05
value address: 0x7fffffffd7c8
Type: A floating point type.
Type sizeof: 8

[INFO -- 2018-10-01 20:46:45]
Fault Injection Successful after 1.6226825714111328s
[INFO -- 2018-10-01 20:46:51]
event type: exit
[INFO -- 2018-10-01 20:46:51]
exit code: 0
