[INFO -- 2018-10-04 18:07:29]
Starting flip_value script
version: 1.1
[INFO -- 2018-10-04 18:07:29]
Initialization strings:
[INFO -- 2018-10-04 18:07:29]
(1) file /tmp/lreg/lreg
[INFO -- 2018-10-04 18:07:29]
(2) set args /tmp/lreg/randInput /tmp/lreg/output
[INFO -- 2018-10-04 18:07:29]
initSignal:0
[INFO -- 2018-10-04 18:07:29]
endSignal:10
[INFO -- 2018-10-04 18:07:29]
faultModel:0
[INFO -- 2018-10-04 18:07:33]
Backtrace BEGIN:
#0  0x0000555555556689 in std::vector<double, std::allocator<double> >::end (this=0x55555575a180 <T>) at /usr/include/c++/7/bits/stl_vector.h:591
#1  0x0000555555556218 in std::vector<double, std::allocator<double> >::operator= (this=0x7fffffffd860, __x=std::vector of length 4, capacity 4 = {...}) at /usr/include/c++/7/bits/vector.tcc:218
#2  0x00005555555556a2 in train (iterations=90000, alpha=2.2222199999999999e-05, N=4, stopsWhenStable=true) at lreg.cpp:124
#3  0x0000555555555ab7 in main (argc=3, argv=0x7fffffffde58) at lreg.cpp:174

586	       *  the last element in the %vector.  Iteration is done in
587	       *  ordinary element order.
588	       */
589	      const_iterator
590	      end() const _GLIBCXX_NOEXCEPT
591	      { return const_iterator(this->_M_impl._M_finish); }
592	
593	      /**
594	       *  Returns a read/write reverse iterator that points to the
595	       *  last element in the %vector.  Iteration is done in reverse

Backtrace END
Fliping value of field: std::_Vector_base<double, std::allocator<double> >
Fliping value of field: _M_impl
Fliping value of field: _M_end_of_storage
Fliping a bit of the pointer
Memory content before bitflip:0xa00x130x770x550x550x550x000x00
Fault Model: Single bit-flip
base address to flip value: 0x55555575a190 
address max offset: 8
Memory content after  bitflip:0xa00x130x770x540x550x550x000x00
frame name: std::vector<double, std::allocator<double> >::end
symbol name: T
symbol filename: lreg.cpp
symbol line: 34
value: std::vector of length 4, capacity -2097148 = {11.000649400108347, 235.06742869452722, 6.8214237931922579, -5.8354502625764768}
value address: 0x55555575a180 <T>
Type: The type is a structure.
Type sizeof: 24
Field name: std::_Vector_base<double, std::allocator<double> >
Field Type: The type is a structure.
Field Type sizeof: 24

[INFO -- 2018-10-04 18:07:33]
Fault Injection Successful after 4.8831658363342285s
[INFO -- 2018-10-04 18:07:36]
event type: exit
[INFO -- 2018-10-04 18:07:36]
exit code: 0
