[INFO -- 2018-10-13 14:40:04]
Starting flip_value script
version: 1.1
[INFO -- 2018-10-13 14:40:04]
Initialization strings:
[INFO -- 2018-10-13 14:40:04]
(1) file /tmp/lreg/lreg
[INFO -- 2018-10-13 14:40:04]
(2) set args /tmp/lreg/randInput /tmp/lreg/output
[INFO -- 2018-10-13 14:40:04]
initSignal:0
[INFO -- 2018-10-13 14:40:04]
endSignal:10
[INFO -- 2018-10-13 14:40:04]
faultModel:0
[INFO -- 2018-10-13 14:40:09]
Backtrace BEGIN:
#0  0x00007ffff76da5c6 in __ieee754_pow_sse2 (x=-10, y=2) at ../sysdeps/ieee754/dbl-64/e_pow.c:81
#1  0x00007ffff76bcb14 in __pow (x=-10, y=2) at w_pow_compat.c:30
#2  0x00005555555560ba in std::pow<double, unsigned int> (__x=-10, __y=2) at /usr/include/c++/7/cmath:418
#3  0x00005555555552c2 in predict (v=-10) at lreg.cpp:77
#4  0x00005555555553e9 in meanSquaredError () at lreg.cpp:91
#5  0x0000555555555886 in train (iterations=90000, N=4, stopsWhenStable=true) at lreg.cpp:160
#6  0x0000555555555dba in main (argc=3, argv=0x7fffffffde68) at lreg.cpp:225

76	../sysdeps/ieee754/dbl-64/e_pow.c: No such file or directory.

Backtrace END
Fliping value of field name: x
Memory content before bitflip:0x2c0xfd0xff0xff0xff0xff0x970x42
Fault Model: Single bit-flip
base address to flip value: 0x7ffff779f5b8 
address max offset: 8
Memory content after  bitflip:0x2c0xfd0xff0xff0xff0xff0x950x42
frame name: __ieee754_pow_sse2
symbol name: bigu
symbol filename: ../sysdeps/ieee754/dbl-64/upow.h
symbol line: 52
value: {i = {-724, 1117126655}, x = 6047313952767.293}
value address: 0x7ffff779f5b8 <bigu>
Type: The type is a union.
Type sizeof: 8
Field name: i
Field Type: The type is an array.
Field Type sizeof: 8
Field name: x
Field Type: A floating point type.
Field Type sizeof: 8

[INFO -- 2018-10-13 14:40:09]
Fault Injection Successful after 5.22058367729187s
[INFO -- 2018-10-13 14:40:13]
event type: exit
[INFO -- 2018-10-13 14:40:13]
exit code: 0
