[INFO -- 2018-10-13 17:48:11]
Starting flip_value script
version: 1.1
[INFO -- 2018-10-13 17:48:11]
Initialization strings:
[INFO -- 2018-10-13 17:48:11]
(1) file /tmp/lreg/lreg
[INFO -- 2018-10-13 17:48:11]
(2) set args /tmp/lreg/randInput /tmp/lreg/output
[INFO -- 2018-10-13 17:48:11]
initSignal:0
[INFO -- 2018-10-13 17:48:11]
endSignal:10
[INFO -- 2018-10-13 17:48:11]
faultModel:0
[INFO -- 2018-10-13 17:48:11]
Backtrace BEGIN:
#0  0x0000555555557b7e in std::__copy_move<false, true, std::random_access_iterator_tag>::__copy_m<double> (__first=0x555555771340, __last=0x555555771350, __result=0x555555771490) at /usr/include/c++/7/bits/stl_algobase.h:366
#1  0x0000555555557940 in std::__copy_move_a<false, double const*, double*> (__first=0x555555771340, __last=0x555555771350, __result=0x555555771490) at /usr/include/c++/7/bits/stl_algobase.h:386
#2  0x0000555555557cae in std::__copy_move_a2<false, __gnu_cxx::__normal_iterator<double const*, std::vector<double, std::allocator<double> > >, double*> (__first=-1.0000003622865525, __last=0, __result=0x555555771490) at /usr/include/c++/7/bits/stl_algobase.h:424
#3  0x0000555555557b05 in std::copy<__gnu_cxx::__normal_iterator<double const*, std::vector<double, std::allocator<double> > >, double*> (__first=-1.0000003622865525, __last=0, __result=0x555555771490) at /usr/include/c++/7/bits/stl_algobase.h:456
#4  0x0000555555557888 in std::__uninitialized_copy<true>::__uninit_copy<__gnu_cxx::__normal_iterator<double const*, std::vector<double, std::allocator<double> > >, double*> (__first=-1.0000003622865525, __last=0, __result=0x555555771490) at /usr/include/c++/7/bits/stl_uninitialized.h:101
#5  0x00005555555572fe in std::uninitialized_copy<__gnu_cxx::__normal_iterator<double const*, std::vector<double, std::allocator<double> > >, double*> (__first=-1.0000003622865525, __last=0, __result=0x555555771490) at /usr/include/c++/7/bits/stl_uninitialized.h:134
#6  0x0000555555556a57 in std::__uninitialized_copy_a<__gnu_cxx::__normal_iterator<double const*, std::vector<double, std::allocator<double> > >, double*, double> (__first=-1.0000003622865525, __last=0, __result=0x555555771490) at /usr/include/c++/7/bits/stl_uninitialized.h:289
#7  0x00005555555562dd in std::vector<double, std::allocator<double> >::vector (this=0x7fffffffd870, __x=std::vector of length 2, capacity 2 = {...}) at /usr/include/c++/7/bits/stl_vector.h:331
#8  0x0000555555555900 in train (iterations=30000, N=2, stopsWhenStable=true) at lreg.cpp:165
#9  0x0000555555555dba in main (argc=3, argv=0x7fffffffde68) at lreg.cpp:225

361						   is_move_assignable<_Tp>,
362						   is_copy_assignable<_Tp>>;
363		  // trivial types can have deleted assignment
364		  static_assert( __assignable::type::value, "type is not assignable" );
365	#endif
366		  const ptrdiff_t _Num = __last - __first;
367		  if (_Num)
368		    __builtin_memmove(__result, __first, sizeof(_Tp) * _Num);
369		  return __result + _Num;
370		}

Backtrace END
Memory content before bitflip:0x2d0x430x1c0xeb0xe20x360x2a0x3f
Fault Model: Single bit-flip
base address to flip value: 0x55555575a1a0 
address max offset: 8
Memory content after  bitflip:0x2d0x430x5c0xeb0xe20x360x2a0x3f
frame name: std::copy<__gnu_cxx::__normal_iterator<double const*, std::vector<double, std::allocator<double> > >, double*>
symbol name: a2
symbol filename: lreg.cpp
symbol line: 45
value: 0.00020000000011368685
value address: 0x55555575a1a0 <a2>
Type: A floating point type.
Type sizeof: 8

[INFO -- 2018-10-13 17:48:11]
Fault Injection Successful after 0.8683209419250488s
[INFO -- 2018-10-13 17:48:20]
event type: exit
[INFO -- 2018-10-13 17:48:20]
exit code: 0
