[INFO -- 2018-09-25 17:48:18]
Starting flip_value script
version: 1.1
[INFO -- 2018-09-25 17:48:18]
Initialization strings:
[INFO -- 2018-09-25 17:48:18]
(1) file /tmp/lreg/lreg
[INFO -- 2018-09-25 17:48:18]
(2) set args /tmp/lreg/randInput /tmp/lreg/output
[INFO -- 2018-09-25 17:48:18]
initSignal:0
[INFO -- 2018-09-25 17:48:18]
endSignal:2
[INFO -- 2018-09-25 17:48:18]
faultModel:2
[INFO -- 2018-09-25 17:48:19]
Backtrace BEGIN:
#0  __ieee754_pow_sse2 (x=24, y=0) at ../sysdeps/ieee754/dbl-64/e_pow.c:65
#1  0x00007ffff76b7b14 in __pow (x=24, y=0) at w_pow_compat.c:30
#2  0x0000555555555f39 in std::pow<double, int> (__x=24, __y=0) at /usr/include/c++/7/cmath:418
#3  0x0000555555555237 in predict (v=24) at lreg.cpp:50
#4  0x000055555555530a in meanSquaredError () at lreg.cpp:61
#5  0x00005555555556b1 in train (iterations=60000, alpha=5.0000000000000002e-05, N=3, stopsWhenStable=true) at lreg.cpp:121
#6  0x0000555555555c26 in main (argc=3, argv=0x7fffffffde68) at lreg.cpp:182

60	../sysdeps/ieee754/dbl-64/e_pow.c: No such file or directory.

Backtrace END
Memory content before bitflip:0x2d0x430x1c0xeb0xe20x360x0a0x3f
Fault Model: Random bit-flip
base address to flip value: 0x7fffffffd950
address max offset: 8
Memory content after  bitflip:0x8f0x480xdc0x950x3d0x540xc50x54
frame name: main
symbol name: alpha
symbol filename: lreg.cpp
symbol line: 168
value: 2.3326006132256339e+100
value address: 0x7fffffffd950
Type: A floating point type.
Type sizeof: 8

[INFO -- 2018-09-25 17:48:19]
Fault Injection Successful after 1.6326768398284912s
[INFO -- 2018-09-25 17:48:25]
event type: exit
[INFO -- 2018-09-25 17:48:25]
exit code: 0
