[INFO -- 2018-10-06 17:32:58]
Starting flip_value script
version: 1.1
[INFO -- 2018-10-06 17:32:58]
Initialization strings:
[INFO -- 2018-10-06 17:32:58]
(1) file /tmp/lreg/lreg
[INFO -- 2018-10-06 17:32:58]
(2) set args /tmp/lreg/randInput /tmp/lreg/output
[INFO -- 2018-10-06 17:32:58]
initSignal:0
[INFO -- 2018-10-06 17:32:58]
endSignal:10
[INFO -- 2018-10-06 17:32:58]
faultModel:0
[INFO -- 2018-10-06 17:33:01]
Backtrace BEGIN:
#0  0x00007ffff76b7b20 in __pow (x=-11, y=1) at w_pow_compat.c:31
#1  0x00005555555560ba in std::pow<double, unsigned int> (__x=-11, __y=1) at /usr/include/c++/7/cmath:418
#2  0x00005555555552c2 in predict (v=-11) at lreg.cpp:77
#3  0x000055555555551d in partialDerivate (pos=3) at lreg.cpp:107
#4  0x0000555555555670 in adjust () at lreg.cpp:123
#5  0x0000555555555881 in train (iterations=90000, N=4, stopsWhenStable=true) at lreg.cpp:159
#6  0x0000555555555dba in main (argc=3, argv=0x7fffffffde68) at lreg.cpp:225

26	w_pow_compat.c: No such file or directory.

Backtrace END
Memory content before bitflip:0x000x000x000x000x000xf90xea0x40
Fault Model: Single bit-flip
base address to flip value: 0x7fffffffd958
address max offset: 8
Memory content after  bitflip:0x000x000x000x020x000xf90xea0x40
frame name: main
symbol name: temp
symbol filename: lreg.cpp
symbol line: 202
value: 55240.000244140625
value address: 0x7fffffffd958
Type: A floating point type.
Type sizeof: 8

[INFO -- 2018-10-06 17:33:01]
Fault Injection Successful after 3.684896469116211s
[INFO -- 2018-10-06 17:33:08]
event type: exit
[INFO -- 2018-10-06 17:33:08]
exit code: 0
