[INFO -- 2018-10-11 18:42:34]
Starting flip_value script
version: 1.1
[INFO -- 2018-10-11 18:42:34]
Initialization strings:
[INFO -- 2018-10-11 18:42:34]
(1) file /tmp/lreg/lreg
[INFO -- 2018-10-11 18:42:34]
(2) set args /tmp/lreg/randInput /tmp/lreg/output
[INFO -- 2018-10-11 18:42:34]
initSignal:0
[INFO -- 2018-10-11 18:42:34]
endSignal:10
[INFO -- 2018-10-11 18:42:34]
faultModel:1
[EXCEPTION -- 2018-10-11 18:42:36]
pythonException: Unable to exit loop in struct fields; Exiting wihtout making a bit flip
[INFO -- 2018-10-11 18:42:36]
Backtrace BEGIN:
#0  0x00005555555552d9 in predict (v=-4) at lreg.cpp:73
#1  0x000055555555551d in partialDerivate (pos=2) at lreg.cpp:107
#2  0x0000555555555670 in adjust () at lreg.cpp:123
#3  0x0000555555555881 in train (iterations=90000, N=4, stopsWhenStable=true) at lreg.cpp:159
#4  0x0000555555555dba in main (argc=3, argv=0x7fffffffde68) at lreg.cpp:225

68	/**
69		Predicts the value related to v using the Ts variables
70	*/
71	double predict(double v){
72		double val = 0;
73		for(UINT i1 = 0, i2 = 0, i3 = 0; 
74			selectTriUInt(i1, i2, i3)<T.size(); 
75			i1++, i2++, i3++)
76		{
77			val+= (T[selectTriUInt(i1, i2, i3)] * pow(v, selectTriUInt(i1, i2, i3)));

Backtrace END
Memory content before bitflip:0x460x5a0xb70xf40x390x4d0xf70x3e
Fault Model: Double bit-flip
base address to flip value: 0x55555575a1a0 
address max offset: 8
Memory content after  bitflip:0x460x5a0xb70xf40x390x4d0xf70x7f
frame name: train
symbol name: a2
symbol filename: lreg.cpp
symbol line: 45
value: nan(0x74d39f4b75a46)
value address: 0x55555575a1a0 <a2>
Type: A floating point type.
Type sizeof: 8

[INFO -- 2018-10-11 18:42:36]
Fault Injection Successful after 2.3880512714385986s
[INFO -- 2018-10-11 18:42:44]
event type: exit
[INFO -- 2018-10-11 18:42:44]
exit code: 0
