[INFO -- 2018-10-01 19:32:09]
Starting flip_value script
version: 1.1
[INFO -- 2018-10-01 19:32:09]
Initialization strings:
[INFO -- 2018-10-01 19:32:09]
(1) file /tmp/lreg/lreg
[INFO -- 2018-10-01 19:32:09]
(2) set args /tmp/lreg/randInput /tmp/lreg/output
[INFO -- 2018-10-01 19:32:09]
initSignal:0
[INFO -- 2018-10-01 19:32:09]
endSignal:10
[INFO -- 2018-10-01 19:32:09]
faultModel:1
[INFO -- 2018-10-01 19:32:16]
Backtrace BEGIN:
#0  __exp1 (x=<optimized out>, xx=<optimized out>, error=<optimized out>) at ../sysdeps/ieee754/dbl-64/e_exp.c:271
#1  0x00007ffff76d58dc in __ieee754_pow_sse2 (x=14, y=3) at ../sysdeps/ieee754/dbl-64/e_pow.c:115
#2  0x00007ffff76b7b14 in __pow (x=14, y=3) at w_pow_compat.c:30
#3  0x0000555555555d47 in std::pow<double, int> (__x=14, __y=3) at /usr/include/c++/7/cmath:418
#4  0x00005555555551e7 in predict (v=14) at lreg.cpp:50
#5  0x00005555555553ac in partialDerivate (pos=0) at lreg.cpp:74
#6  0x00005555555554b3 in adjust (alpha=2.2222199999999999e-05) at lreg.cpp:87
#7  0x000055555555565c in train (iterations=90000, alpha=2.2222199999999999e-05, N=4, stopsWhenStable=true) at lreg.cpp:120
#8  0x0000555555555ab7 in main (argc=3, argv=0x7fffffffde58) at lreg.cpp:174

266	../sysdeps/ieee754/dbl-64/e_exp.c: No such file or directory.

Backtrace END
Fliping value of field name: i
Fliping array at pos: 1
Memory content before bitflip:0x000x000x380x43
Fault Model: Double bit-flip
base address to flip value: 0x7ffff778c7e4 
address max offset: 4
Memory content after  bitflip:0x000x000x380x51
frame name: __exp1
symbol name: three51
symbol filename: ../sysdeps/ieee754/dbl-64/uexp.h
symbol line: 65
value: {i = {0, 1362624512}, x = 1.821252086461621e+83}
value address: 0x7ffff778c7e0 <three51>
Type: The type is a union.
Type sizeof: 8
Field name: i
Field Type: The type is an array.
Field Type sizeof: 8
Field name: x
Field Type: A floating point type.
Field Type sizeof: 8

[INFO -- 2018-10-01 19:32:16]
Fault Injection Successful after 7.419423341751099s
[INFO -- 2018-10-01 19:32:16]
event type: exit
[INFO -- 2018-10-01 19:32:16]
exit code: 0
