[INFO -- 2018-09-15 20:04:18]
Starting flip_value script
version: 1.1
[INFO -- 2018-09-15 20:04:18]
Initialization strings:
[INFO -- 2018-09-15 20:04:18]
(1) file /tmp/lreg/lreg
[INFO -- 2018-09-15 20:04:18]
(2) set args /tmp/lreg/randInput /tmp/lreg/output
[INFO -- 2018-09-15 20:04:18]
initSignal:0
[INFO -- 2018-09-15 20:04:18]
endSignal:2
[INFO -- 2018-09-15 20:04:18]
faultModel:1
[INFO -- 2018-09-15 20:04:18]
Backtrace BEGIN:
#0  0x0000555555555237 in predict (v=13) at lreg.cpp:50
#1  0x000055555555530a in meanSquaredError () at lreg.cpp:61
#2  0x00005555555556b1 in train (iterations=30000, alpha=0.00020000000000000001, N=2, stopsWhenStable=true) at lreg.cpp:121
#3  0x0000555555555c26 in main (argc=3, argv=0x7fffffffde68) at lreg.cpp:182

45		Predicts the value related to v using the Ts variables
46	*/
47	double predict(double v){
48		double val = 0;
49		for(int i = 0; i<T.size(); i++){
50			val+= (T[i] * pow(v, i));
51		}
52		return val;
53		
54	}

Backtrace END
Memory content before bitflip:0x2d0x430x1c0xeb0xe20x360x2a0x3f
Fault Model: Double bit-flip
base address to flip value: 0x7fffffffd950
address max offset: 8
Memory content after  bitflip:0x210x430x1c0xeb0xe20x360x2a0x3f
frame name: main
symbol name: alpha
symbol filename: lreg.cpp
symbol line: 168
value: 0.00019999999999999968
value address: 0x7fffffffd950
Type: A floating point type.
Type sizeof: 8

[INFO -- 2018-09-15 20:04:18]
Fault Injection Successful after 0.8259005546569824s
[INFO -- 2018-09-15 20:04:25]
event type: exit
[INFO -- 2018-09-15 20:04:25]
exit code: 0
