[INFO -- 2018-11-27 21:07:58]
Starting flip_value script
version: 1.1
[INFO -- 2018-11-27 21:07:58]
Initialization strings:
[INFO -- 2018-11-27 21:07:58]
(1) file /tmp/lreg/lreg
[INFO -- 2018-11-27 21:07:58]
(2) set args /tmp/lreg/randInput /tmp/lreg/output
[INFO -- 2018-11-27 21:07:58]
initSignal:0
[INFO -- 2018-11-27 21:07:58]
endSignal:3
[INFO -- 2018-11-27 21:07:58]
faultModel:2
[EXCEPTION -- 2018-11-27 21:07:59]
gdbException: Attempt to dereference a generic pointer.
[INFO -- 2018-11-27 21:08:00]
Backtrace BEGIN:
#0  0x00007ffff76bcb31 in __pow (x=-19, y=0) at w_pow_compat.c:31
#1  0x0000555555556826 in std::pow<double, unsigned int> (__x=-19, __y=0) at /usr/include/c++/7/cmath:418
#2  0x0000555555555814 in predict (v=-19) at lreg.cpp:116
#3  0x0000555555555928 in meanSquaredError () at lreg.cpp:128
#4  0x0000555555555ee5 in train (iter1=20000, iter2=20000, N=3, alpha1=5.0000000000000002e-05, alpha2=5.0000000000000002e-05, stopsWhenStable=true) at lreg.cpp:194
#5  0x0000555555556467 in main (argc=3, argv=0x7fffffffde58) at lreg.cpp:253

26	w_pow_compat.c: No such file or directory.

Backtrace END
Memory content before bitflip:0xa30x550x6f0xd30xab0x400x1d0x40
Fault Model: Random bit-flip
base address to flip value: 0x7fffffffd7f8
address max offset: 8
Memory content after  bitflip:0x740x880x2b0xb60x8d0x160x3b0x24
frame name: train
symbol name: MSE
symbol filename: lreg.cpp
symbol line: 190
value: 3.7268377346970019e-134
value address: 0x7fffffffd7f8
Type: A floating point type.
Type sizeof: 8

[INFO -- 2018-11-27 21:08:00]
Fault Injection Successful after 2.1124014854431152s
[INFO -- 2018-11-27 21:08:03]
event type: exit
[INFO -- 2018-11-27 21:08:03]
exit code: 0
