[INFO -- 2018-11-23 18:18:47]
Starting flip_value script
version: 1.1
[INFO -- 2018-11-23 18:18:47]
Initialization strings:
[INFO -- 2018-11-23 18:18:47]
(1) file /tmp/lreg/lreg
[INFO -- 2018-11-23 18:18:47]
(2) set args /tmp/lreg/randInput /tmp/lreg/output
[INFO -- 2018-11-23 18:18:47]
initSignal:0
[INFO -- 2018-11-23 18:18:47]
endSignal:3
[INFO -- 2018-11-23 18:18:47]
faultModel:0
[INFO -- 2018-11-23 18:18:48]
Backtrace BEGIN:
#0  0x00005555555551ec in predict (v=-15) at lreg.cpp:50
#1  0x00005555555553ac in partialDerivate (pos=3) at lreg.cpp:74
#2  0x00005555555554b3 in adjust (alpha=2.2222199999999999e-05) at lreg.cpp:87
#3  0x000055555555565c in train (iterations=30000, alpha=2.2222199999999999e-05, N=4, stopsWhenStable=true) at lreg.cpp:120
#4  0x0000555555555ab7 in main (argc=3, argv=0x7fffffffde58) at lreg.cpp:174

45		Predicts the value related to v using the Ts variables
46	*/
47	double predict(double v){
48		double val = 0;
49		for(int i = 0; i<T.size(); i++){
50			val+= (T[i] * pow(v, i));
51		}
52		return val;
53		
54	}

Backtrace END
Memory content before bitflip:0x0e0xa50x400xd40x310xc20x230x40
Fault Model: Single bit-flip
base address to flip value: 0x7fffffffd738
address max offset: 8
Memory content after  bitflip:0x0e0xa50x400xd40x310xc20x230x00
frame name: predict
symbol name: val
symbol filename: lreg.cpp
symbol line: 48
value: 5.4955354862089208e-308
value address: 0x7fffffffd738
Type: A floating point type.
Type sizeof: 8

[INFO -- 2018-11-23 18:18:48]
Fault Injection Successful after 1.6553230285644531s
[INFO -- 2018-11-23 18:18:49]
event type: exit
[INFO -- 2018-11-23 18:18:49]
exit code: 0
