[INFO -- 2018-10-13 11:28:13]
Starting flip_value script
version: 1.1
[INFO -- 2018-10-13 11:28:13]
Initialization strings:
[INFO -- 2018-10-13 11:28:13]
(1) file /tmp/lreg/lreg
[INFO -- 2018-10-13 11:28:13]
(2) set args /tmp/lreg/randInput /tmp/lreg/output
[INFO -- 2018-10-13 11:28:13]
initSignal:0
[INFO -- 2018-10-13 11:28:13]
endSignal:10
[INFO -- 2018-10-13 11:28:13]
faultModel:2
[EXCEPTION -- 2018-10-13 11:28:20]
pythonException: Unable to exit loop in struct fields; Exiting wihtout making a bit flip
[INFO -- 2018-10-13 11:28:20]
Backtrace BEGIN:
#0  0x00007ffff76bcb0a in __pow (x=-19, y=3) at w_pow_compat.c:30
#1  0x00005555555560ba in std::pow<double, unsigned int> (__x=-19, __y=3) at /usr/include/c++/7/cmath:418
#2  0x00005555555552c2 in predict (v=-19) at lreg.cpp:77
#3  0x00005555555553e9 in meanSquaredError () at lreg.cpp:91
#4  0x0000555555555886 in train (iterations=90000, N=4, stopsWhenStable=true) at lreg.cpp:160
#5  0x0000555555555dba in main (argc=3, argv=0x7fffffffde68) at lreg.cpp:225

25	in w_pow_compat.c

Backtrace END
Memory content before bitflip:0x340x510x1e0xcf0xb10x800xa00x41
Fault Model: Random bit-flip
base address to flip value: 0x7fffffffd828
address max offset: 8
Memory content after  bitflip:0x9d0xc20x160xb90xaf0xa60xb50xcc
frame name: train
symbol name: MSE
symbol filename: lreg.cpp
symbol line: 153
value: -3.4792006533022705e+61
value address: 0x7fffffffd828
Type: A floating point type.
Type sizeof: 8

[INFO -- 2018-10-13 11:28:20]
Fault Injection Successful after 7.28415060043335s
[INFO -- 2018-10-13 11:28:23]
event type: exit
[INFO -- 2018-10-13 11:28:23]
exit code: 0
