[INFO -- 2018-10-10 17:40:43]
Starting flip_value script
version: 1.1
[INFO -- 2018-10-10 17:40:43]
Initialization strings:
[INFO -- 2018-10-10 17:40:43]
(1) file /tmp/lreg/lreg
[INFO -- 2018-10-10 17:40:43]
(2) set args /tmp/lreg/randInput /tmp/lreg/output
[INFO -- 2018-10-10 17:40:43]
initSignal:0
[INFO -- 2018-10-10 17:40:43]
endSignal:10
[INFO -- 2018-10-10 17:40:43]
faultModel:0
[INFO -- 2018-10-10 17:40:46]
Backtrace BEGIN:
#0  __pow (x=-1, y=1) at w_pow_compat.c:29
#1  0x00005555555560ba in std::pow<double, unsigned int> (__x=-1, __y=1) at /usr/include/c++/7/cmath:418
#2  0x00005555555552c2 in predict (v=-1) at lreg.cpp:77
#3  0x000055555555551d in partialDerivate (pos=2) at lreg.cpp:107
#4  0x0000555555555670 in adjust () at lreg.cpp:123
#5  0x0000555555555881 in train (iterations=90000, N=4, stopsWhenStable=true) at lreg.cpp:159
#6  0x0000555555555dba in main (argc=3, argv=0x7fffffffde68) at lreg.cpp:225

24	w_pow_compat.c: No such file or directory.

Backtrace END
Memory content before bitflip:0x8e0x8e0xc90x380x430x600x220x41
Fault Model: Single bit-flip
base address to flip value: 0x7fffffffd788
address max offset: 8
Memory content after  bitflip:0x8e0x8e0xc90x380x530x600x220x41
frame name: partialDerivate
symbol name: pD
symbol filename: lreg.cpp
symbol line: 102
value: 602153.61091275676
value address: 0x7fffffffd788
Type: A floating point type.
Type sizeof: 8

[INFO -- 2018-10-10 17:40:46]
Fault Injection Successful after 3.8329577445983887s
[INFO -- 2018-10-10 17:40:53]
event type: exit
[INFO -- 2018-10-10 17:40:53]
exit code: 0
