[INFO -- 2018-09-16 01:02:15]
Starting flip_value script
version: 1.1
[INFO -- 2018-09-16 01:02:15]
Initialization strings:
[INFO -- 2018-09-16 01:02:15]
(1) file /tmp/lreg/lreg
[INFO -- 2018-09-16 01:02:15]
(2) set args /tmp/lreg/randInput /tmp/lreg/output
[INFO -- 2018-09-16 01:02:15]
initSignal:0
[INFO -- 2018-09-16 01:02:15]
endSignal:2
[INFO -- 2018-09-16 01:02:15]
faultModel:2
[EXCEPTION -- 2018-09-16 01:02:17]
pythonException: empty range for randrange() (0,0, 0)
[INFO -- 2018-09-16 01:02:17]
Backtrace BEGIN:
#0  0x000055555555534b in meanSquaredError () at lreg.cpp:60
#1  0x00005555555556b1 in train (iterations=90000, alpha=2.2222199999999999e-05, N=4, stopsWhenStable=true) at lreg.cpp:121
#2  0x0000555555555c26 in main (argc=3, argv=0x7fffffffde68) at lreg.cpp:182

55	/**
56		Calculates the mean squared error of T
57	*/
58	double meanSquaredError(){
59		double error = 0;
60		for(int i = 0; i<x.size(); i++){
61			error+= ((predict(x[i]) - y[i]) * (predict(x[i]) - y[i]));	
62		}
63		error /= x.size();
64		return error;

Backtrace END
Memory content before bitflip:0x080x000x000x00
Fault Model: Random bit-flip
base address to flip value: 0x7fffffffd93c
address max offset: 4
Memory content after  bitflip:0x4d0x490x100x9f
frame name: main
symbol name: predictions
symbol filename: lreg.cpp
symbol line: 169
value: -1626322611
value address: 0x7fffffffd93c
Type: The type is an integer type.
Type sizeof: 4

[INFO -- 2018-09-16 01:02:17]
Fault Injection Successful after 2.8840558528900146s
[INFO -- 2018-09-16 01:02:23]
event type: exit
[INFO -- 2018-09-16 01:02:23]
exit code: 0
