[INFO -- 2018-11-27 21:39:42]
Starting flip_value script
version: 1.1
[INFO -- 2018-11-27 21:39:42]
Initialization strings:
[INFO -- 2018-11-27 21:39:42]
(1) file /tmp/lreg/lreg
[INFO -- 2018-11-27 21:39:42]
(2) set args /tmp/lreg/randInput /tmp/lreg/output
[INFO -- 2018-11-27 21:39:42]
initSignal:0
[INFO -- 2018-11-27 21:39:42]
endSignal:3
[INFO -- 2018-11-27 21:39:42]
faultModel:1
[EXCEPTION -- 2018-11-27 21:39:42]
gdbException: Attempt to dereference a generic pointer.
[INFO -- 2018-11-27 21:39:42]
Backtrace BEGIN:
#0  malloc (n=12) at dl-minimal.c:50
#1  <function called from gdb>
#2  malloc (n=12) at dl-minimal.c:50
#3  <function called from gdb>
#4  check_match (num_versions=<synthetic pointer>, versioned_sym=<synthetic pointer>, map=0x7ffff7fdd000, strtab=0x7ffff7a74f00 "", symidx=1994, sym=0x7ffff7a601a0, type_class=0, flags=1, version=0x7ffff7fdb030, ref=0x7ffff7a601a0, undef_name=0x7ffff7aa044f "_ZNSt8messagesIcED0Ev") at dl-lookup.c:97
#5  do_lookup_x (undef_name=undef_name@entry=0x7ffff7aa044f "_ZNSt8messagesIcED0Ev", new_hash=new_hash@entry=742953795, old_hash=old_hash@entry=0x7fffffffd990, ref=0x7ffff7a601a0, result=result@entry=0x7fffffffd9a0, scope=<optimized out>, i=<optimized out>, version=0x7ffff7fdb030, flags=1, skip=0x0, type_class=0, undef_map=0x7ffff7fdd000) at dl-lookup.c:406
#6  0x00007ffff7de01ef in _dl_lookup_symbol_x (undef_name=0x7ffff7aa044f "_ZNSt8messagesIcED0Ev", undef_map=undef_map@entry=0x7ffff7fdd000, ref=ref@entry=0x7fffffffdac0, symbol_scope=symbol_scope@entry=0x7ffff7fdd358, version=0x7ffff7fdb030, type_class=0, flags=1, skip_map=<optimized out>) at dl-lookup.c:813
#7  0x00007ffff7de1af9 in elf_machine_rela (skip_ifunc=<optimized out>, reloc_addr_arg=0x7ffff7dcc540, version=<optimized out>, sym=<optimized out>, reloc=0x7ffff7acce90, map=0x7ffff7fdd000) at ../sysdeps/x86_64/dl-machine.h:308
#8  elf_dynamic_do_Rela (skip_ifunc=<optimized out>, lazy=<optimized out>, nrelative=<optimized out>, relsize=<optimized out>, reladdr=<optimized out>, map=0x7ffff7fdd000) at do-rel.h:137
#9  _dl_relocate_object (scope=<optimized out>, reloc_mode=<optimized out>, consider_profiling=<optimized out>, consider_profiling@entry=0) at dl-reloc.c:258
#10 0x00007ffff7dd9307 in dl_main (phdr=<optimized out>, phnum=<optimized out>, user_entry=<optimized out>, auxv=<optimized out>) at rtld.c:2190
#11 0x00007ffff7defdd0 in _dl_sysdep_start (start_argptr=start_argptr@entry=0x7fffffffde50, dl_main=dl_main@entry=0x7ffff7dd7660 <dl_main>) at ../elf/dl-sysdep.c:253
#12 0x00007ffff7dd7128 in _dl_start_final (arg=0x7fffffffde50) at rtld.c:414
#13 _dl_start (arg=0x7fffffffde50) at rtld.c:521
#14 0x00007ffff7dd6098 in _start () from /lib64/ld-linux-x86-64.so.2
#15 0x0000000000000003 in ?? ()
#16 0x00007fffffffe1fe in ?? ()
#17 0x00007fffffffe20d in ?? ()
#18 0x00007fffffffe221 in ?? ()
#19 0x0000000000000000 in ?? ()

45	in dl-minimal.c

Backtrace END
Memory content before bitflip:0x000x000x000x00
Fault Model: Double bit-flip
base address to flip value: 0x7fffffffd8b8
address max offset: 4
Memory content after  bitflip:0x000x000x000x18
frame name: do_lookup_x
symbol name: num_versions
symbol filename: dl-lookup.c
symbol line: 374
value: 402653184
value address: 0x7fffffffd8b8
Type: The type is an integer type.
Type sizeof: 4

[INFO -- 2018-11-27 21:39:42]
Fault Injection Successful after 0.5882534980773926s
[INFO -- 2018-11-27 21:39:47]
event type: exit
[INFO -- 2018-11-27 21:39:47]
exit code: 0
