[INFO -- 2018-10-12 15:10:12]
Starting flip_value script
version: 1.1
[INFO -- 2018-10-12 15:10:12]
Initialization strings:
[INFO -- 2018-10-12 15:10:12]
(1) file /tmp/lreg/lreg
[INFO -- 2018-10-12 15:10:12]
(2) set args /tmp/lreg/randInput /tmp/lreg/output
[INFO -- 2018-10-12 15:10:12]
initSignal:0
[INFO -- 2018-10-12 15:10:12]
endSignal:10
[INFO -- 2018-10-12 15:10:12]
faultModel:2
[INFO -- 2018-10-12 15:10:14]
Backtrace BEGIN:
#0  0x00005555555550b1 in selectTriUInt (a=0, b=1433772416, c=0) at lreg.cpp:47
#1  0x0000555555555280 in predict (v=24) at lreg.cpp:77
#2  0x000055555555551d in partialDerivate (pos=2) at lreg.cpp:107
#3  0x0000555555555670 in adjust () at lreg.cpp:123
#4  0x0000555555555881 in train (iterations=60000, N=3, stopsWhenStable=true) at lreg.cpp:159
#5  0x0000555555555dba in main (argc=3, argv=0x7fffffffde68) at lreg.cpp:225

42	vector<double> y; // observed values of training set inputs
43	vector<double> T; // the adjustment variables
44	
45	double a1, a2, a3; // triplication of alpha
46	
47	UINT selectTriUInt(UINT a, UINT b, UINT c){
48		return (a == b)? a : c;
49	}
50	double selectTriDouble(double a, double b, double c){
51		return (a == b)? a : c;

Backtrace END
Memory content before bitflip:0x670xc60x270x1c0x8f0x960xad0x3f
Fault Model: Random bit-flip
base address to flip value: 0x7fffffffd7d8
address max offset: 8
Memory content after  bitflip:0x3a0x490xd30x650x160xad0x130x98
frame name: adjust
symbol name: PD
symbol filename: lreg.cpp
symbol line: 118
value: -1.0781577592826269e-192
value address: 0x7fffffffd7d8
Type: A floating point type.
Type sizeof: 8

[INFO -- 2018-10-12 15:10:14]
Fault Injection Successful after 2.488053798675537s
[INFO -- 2018-10-12 15:10:25]
event type: exit
[INFO -- 2018-10-12 15:10:25]
exit code: 0
