[INFO -- 2018-11-16 12:37:11]
Starting flip_value script
version: 1.1
[INFO -- 2018-11-16 12:37:11]
Initialization strings:
[INFO -- 2018-11-16 12:37:11]
(1) file /tmp/lreg/lreg
[INFO -- 2018-11-16 12:37:11]
(2) set args /tmp/lreg/randInput /tmp/lreg/output
[INFO -- 2018-11-16 12:37:11]
initSignal:0
[INFO -- 2018-11-16 12:37:11]
endSignal:5
[INFO -- 2018-11-16 12:37:11]
faultModel:1
[INFO -- 2018-11-16 12:37:13]
Backtrace BEGIN:
#0  0x000055555555522d in verifyDoubleDup (a=1.9948096266984807, b=-0.45790257367709897) at lreg.cpp:70
#1  0x00005555555557ea in predict (v=10) at lreg.cpp:116
#2  0x0000555555555928 in meanSquaredError () at lreg.cpp:128
#3  0x0000555555555ee5 in train (iter1=30000, iter2=30000, N=3, alpha1=5.0000000000000002e-05, alpha2=5.0000000000000002e-05, stopsWhenStable=true) at lreg.cpp:194
#4  0x0000555555556467 in main (argc=3, argv=0x7fffffffde58) at lreg.cpp:253

65			fp << "verifyUint: a = "<<a<<"; b = "<<b<<endl;
66	        detected = 1;	
67		}
68		return a;
69	}
70	double verifyDoubleDup(double a, double b){
71		if (a != b && detected != 1){
72			//gerar entrada no log
73			ofstream fp ("/tmp/lreg/detected.log", std::ofstream::app);
74			fp << "verifyDouble: a = "<<a<<"; b = "<<b<<endl;

Backtrace END
Memory content before bitflip:0x010x000x000x00
Fault Model: Double bit-flip
base address to flip value: 0x7fffffffd8ec
address max offset: 4
Memory content after  bitflip:0x010x180x000x00
frame name: main
symbol name: i1
symbol filename: lreg.cpp
symbol line: 232
value: 6145
value address: 0x7fffffffd8ec
Type: The type is an integer type.
Type sizeof: 4

[INFO -- 2018-11-16 12:37:13]
Fault Injection Successful after 2.1812987327575684s
[INFO -- 2018-11-16 12:37:14]
event type: exit
[INFO -- 2018-11-16 12:37:14]
exit code: 0
