[INFO -- 2018-11-25 13:50:15]
Starting flip_value script
version: 1.1
[INFO -- 2018-11-25 13:50:15]
Initialization strings:
[INFO -- 2018-11-25 13:50:15]
(1) file /tmp/lreg/lreg
[INFO -- 2018-11-25 13:50:15]
(2) set args /tmp/lreg/randInput /tmp/lreg/output /tmp/lreg/detected.log
[INFO -- 2018-11-25 13:50:15]
initSignal:0
[INFO -- 2018-11-25 13:50:15]
endSignal:6
[INFO -- 2018-11-25 13:50:15]
faultModel:0
[EXCEPTION -- 2018-11-25 13:50:17]
pythonException: empty range for randrange() (0,0, 0)
[EXCEPTION -- 2018-11-25 13:50:17]
pythonException: Unable to exit loop in struct fields; Exiting wihtout making a bit flip
[EXCEPTION -- 2018-11-25 13:50:18]
pythonException: empty range for randrange() (0,0, 0)
[INFO -- 2018-11-25 13:50:18]
event type: exit
[EXCEPTION -- 2018-11-25 13:50:18]
exit code: no exit code available
