[INFO -- 2018-09-30 17:59:11]
Starting flip_value script
version: 1.1
[INFO -- 2018-09-30 17:59:11]
Initialization strings:
[INFO -- 2018-09-30 17:59:11]
(1) file /tmp/lreg/lreg
[INFO -- 2018-09-30 17:59:11]
(2) set args /tmp/lreg/randInput /tmp/lreg/output
[INFO -- 2018-09-30 17:59:11]
initSignal:0
[INFO -- 2018-09-30 17:59:11]
endSignal:30
[INFO -- 2018-09-30 17:59:11]
faultModel:1
[INFO -- 2018-09-30 17:59:20]
Backtrace BEGIN:
#0  std::_Vector_base<double, std::allocator<double> >::_M_deallocate (this=0x7fffffffd720, __p=0x555555772970, __n=4) at /usr/include/c++/7/bits/stl_vector.h:179
#1  0x0000555555556d79 in std::_Vector_base<double, std::allocator<double> >::~_Vector_base (this=0x7fffffffd720, __in_chrg=<optimized out>) at /usr/include/c++/7/bits/stl_vector.h:162
#2  0x00005555555567cb in std::vector<double, std::allocator<double> >::~vector (this=0x7fffffffd720, __in_chrg=<optimized out>) at /usr/include/c++/7/bits/stl_vector.h:435
#3  0x00005555555558f6 in train (iterations=90000, alpha=2.2222199999999999e-05, N=4, stopsWhenStable=true) at lreg.cpp:158
#4  0x0000555555555d59 in lreg (input=0x7fffffffe210 "/tmp/lreg/randInput", output=0x7fffffffe224 "/tmp/lreg/output") at lreg.cpp:205
#5  0x00005555555564e2 in main (argc=3, argv=0x7fffffffde68) at lreg.cpp:276

174	
175	      void
176	      _M_deallocate(pointer __p, size_t __n)
177	      {
178		typedef __gnu_cxx::__alloc_traits<_Tp_alloc_type> _Tr;
179		if (__p)
180		  _Tr::deallocate(_M_impl, __p, __n);
181	      }
182	
183	    private:

Backtrace END
Fliping value of field: std::_Vector_base<double, std::allocator<double> >
Fliping value of field: _M_impl
Fliping value of field: _M_start
Fliping a bit of the value pointed by a pointer
Memory content before bitflip:0x000x000x000x000x000x000x300x40
Fault Model: Double bit-flip
base address to flip value: 0x5555557727f0
address max offset: 8
Memory content after  bitflip:0x000x000x000x000x000x140x300x40
frame name: std::_Vector_base<double, std::allocator<double> >::~_Vector_base
symbol name: x
symbol filename: lreg.cpp
symbol line: 35
value: std::vector of length 16, capacity 16 = {16.078125, 6, -25, -31, 7, 0, -11, -5, 21, 18, 17, 28, 16, -13, -1, 25}
value address: 0x55555575b140 <x>
Type: The type is a structure.
Type sizeof: 24
Field name: std::_Vector_base<double, std::allocator<double> >
Field Type: The type is a structure.
Field Type sizeof: 24

[INFO -- 2018-09-30 17:59:20]
Fault Injection Successful after 9.705908060073853s
[INFO -- 2018-09-30 17:59:36]
event type: exit
[INFO -- 2018-09-30 17:59:36]
exit code: 0
