[INFO -- 2018-11-09 13:31:47]
Starting flip_value script
version: 1.1
[INFO -- 2018-11-09 13:31:47]
Initialization strings:
[INFO -- 2018-11-09 13:31:47]
(1) file /tmp/lreg/lreg
[INFO -- 2018-11-09 13:31:47]
(2) set args /tmp/lreg/randInput /tmp/lreg/output /tmp/lreg/detected.log
[INFO -- 2018-11-09 13:31:47]
initSignal:0
[INFO -- 2018-11-09 13:31:47]
endSignal:10
[INFO -- 2018-11-09 13:31:47]
faultModel:2
[EXCEPTION -- 2018-11-09 13:31:48]
pythonException: Unable to exit loop in struct fields; Exiting wihtout making a bit flip
[INFO -- 2018-11-09 13:31:48]
Backtrace BEGIN:
#0  0x00007ffff76bcb37 in __pow (x=-13, y=1) at w_pow_compat.c:31
#1  0x0000555555556131 in std::pow<double, int> (__x=-13, __y=1) at /usr/include/c++/7/cmath:418
#2  0x0000555555555451 in partialDerivate (pos=1) at lreg.cpp:74
#3  0x0000555555555503 in adjust (alpha=5.0000000000000002e-05) at lreg.cpp:87
#4  0x00005555555556ac in train (iterations=30000, alpha=5.0000000000000002e-05, N=3, stopsWhenStable=true) at lreg.cpp:120
#5  0x0000555555555a1c in execute (input=0x7fffffffe1f3 "/tmp/lreg/randInput") at lreg.cpp:157
#6  0x0000555555555c60 in main (argc=4, argv=0x7fffffffde48) at lreg.cpp:191

26	in w_pow_compat.c

Backtrace END
Memory content before bitflip:0x0d0x000x000x00
Fault Model: Random bit-flip
base address to flip value: 0x7fffffffd4d4
address max offset: 4
Memory content after  bitflip:0xcb0x150x730x0c
frame name: partialDerivate
symbol name: i
symbol filename: lreg.cpp
symbol line: 73
value: 208868811
value address: 0x7fffffffd4d4
Type: The type is an integer type.
Type sizeof: 4

[INFO -- 2018-11-09 13:31:48]
Fault Injection Successful after 1.705902099609375s
[INFO -- 2018-11-09 13:31:56]
event type: exit
[INFO -- 2018-11-09 13:31:56]
exit code: 0
