[INFO -- 2018-09-15 19:00:45]
Starting flip_value script
version: 1.1
[INFO -- 2018-09-15 19:00:45]
Initialization strings:
[INFO -- 2018-09-15 19:00:45]
(1) file /tmp/lreg/lreg
[INFO -- 2018-09-15 19:00:45]
(2) set args /tmp/lreg/randInput /tmp/lreg/output
[INFO -- 2018-09-15 19:00:45]
initSignal:0
[INFO -- 2018-09-15 19:00:45]
endSignal:2
[INFO -- 2018-09-15 19:00:45]
faultModel:0
[INFO -- 2018-09-15 19:00:47]
Backtrace BEGIN:
#0  log1 (error=<synthetic pointer>, delta=<synthetic pointer>, x=9) at ../sysdeps/ieee754/dbl-64/e_pow.c:329
#1  __ieee754_pow_sse2 (x=9, y=3) at ../sysdeps/ieee754/dbl-64/e_pow.c:103
#2  0x00007ffff76b7b14 in __pow (x=9, y=3) at w_pow_compat.c:30
#3  0x0000555555555f39 in std::pow<double, int> (__x=9, __y=3) at /usr/include/c++/7/cmath:418
#4  0x0000555555555237 in predict (v=9) at lreg.cpp:50
#5  0x00005555555553fc in partialDerivate (pos=2) at lreg.cpp:74
#6  0x0000555555555503 in adjust (alpha=2.2222199999999999e-05) at lreg.cpp:87
#7  0x00005555555556ac in train (iterations=90000, alpha=2.2222199999999999e-05, N=4, stopsWhenStable=true) at lreg.cpp:120
#8  0x0000555555555c26 in main (argc=3, argv=0x7fffffffde68) at lreg.cpp:182

324	../sysdeps/ieee754/dbl-64/e_pow.c: No such file or directory.

Backtrace END
Fliping value of field name: i
Fliping array at pos: 1
Memory content before bitflip:0x000x000x000x80
Fault Model: Single bit-flip
base address to flip value: 0x7ffff779a5e4 
address max offset: 4
Memory content after  bitflip:0x000x800x000x80
frame name: log1
symbol name: nZERO
symbol filename: ../sysdeps/ieee754/dbl-64/upow.h
symbol line: 47
value: {i = {0, -2147450880}, x = -6.9533558078350043e-310}
value address: 0x7ffff779a5e0 <nZERO>
Type: The type is a union.
Type sizeof: 8
Field name: i
Field Type: The type is an array.
Field Type sizeof: 8
Field name: x
Field Type: A floating point type.
Field Type sizeof: 8

[INFO -- 2018-09-15 19:00:47]
Fault Injection Successful after 2.5744075775146484s
[INFO -- 2018-09-15 19:00:52]
event type: exit
[INFO -- 2018-09-15 19:00:52]
exit code: 0
