[INFO -- 2018-11-29 13:18:40]
Starting flip_value script
version: 1.1
[INFO -- 2018-11-29 13:18:40]
Initialization strings:
[INFO -- 2018-11-29 13:18:40]
(1) file /tmp/lreg/lreg
[INFO -- 2018-11-29 13:18:40]
(2) set args /tmp/lreg/randInput /tmp/lreg/output /tmp/lreg/detected.log
[INFO -- 2018-11-29 13:18:40]
initSignal:0
[INFO -- 2018-11-29 13:18:40]
endSignal:6
[INFO -- 2018-11-29 13:18:40]
faultModel:0
[INFO -- 2018-11-29 13:18:41]
Backtrace BEGIN:
#0  0x00007ffff76da528 in __ieee754_pow_sse2 (x=25, y=0) at ../sysdeps/ieee754/dbl-64/e_pow.c:65
#1  0x00007ffff76bcb14 in __pow (x=25, y=0) at w_pow_compat.c:30
#2  0x000055555555621b in std::pow<double, int> (__x=25, __y=0) at /usr/include/c++/7/cmath:418
#3  0x0000555555555237 in predict (v=25) at lreg.cpp:50
#4  0x00005555555552ba in meanSquaredError () at lreg.cpp:61
#5  0x00005555555556b1 in train (iterations=30000, alpha=2.2222199999999999e-05, N=4, stopsWhenStable=true) at lreg.cpp:121
#6  0x0000555555555a1c in execute (input=0x7fffffffe1f1 "/tmp/lreg/randInput") at lreg.cpp:157
#7  0x0000555555555c78 in main (argc=4, argv=0x7fffffffde48) at lreg.cpp:193

60	../sysdeps/ieee754/dbl-64/e_pow.c: No such file or directory.

Backtrace END
Fliping value of field name: x
Memory content before bitflip:0x000x000x000x000x000x000x300x43
Fault Model: Single bit-flip
base address to flip value: 0x7ffff779f5a8 
address max offset: 8
Memory content after  bitflip:0x000x000x000x000x000x010x300x43
frame name: __ieee754_pow_sse2
symbol name: t52
symbol filename: ../sysdeps/ieee754/dbl-64/upow.h
symbol line: 54
value: {i = {0, 1127219456}, x = 4504699138998272}
value address: 0x7ffff779f5a8 <t52>
Type: The type is a union.
Type sizeof: 8
Field name: i
Field Type: The type is an array.
Field Type sizeof: 8
Field name: x
Field Type: A floating point type.
Field Type sizeof: 8

[INFO -- 2018-11-29 13:18:41]
Fault Injection Successful after 1.7717843055725098s
[INFO -- 2018-11-29 13:18:42]
event type: exit
[INFO -- 2018-11-29 13:18:42]
exit code: 0
