[INFO -- 2018-11-26 19:42:06]
Starting flip_value script
version: 1.1
[INFO -- 2018-11-26 19:42:06]
Initialization strings:
[INFO -- 2018-11-26 19:42:06]
(1) file /tmp/lreg/lreg
[INFO -- 2018-11-26 19:42:06]
(2) set args /tmp/lreg/randInput /tmp/lreg/output
[INFO -- 2018-11-26 19:42:06]
initSignal:0
[INFO -- 2018-11-26 19:42:06]
endSignal:3
[INFO -- 2018-11-26 19:42:06]
faultModel:2
[INFO -- 2018-11-26 19:42:08]
Backtrace BEGIN:
#0  0x000055555555522d in verifyDoubleDup (a=2.2222199999999999e-05, b=134217729) at lreg.cpp:70
#1  0x0000555555555be2 in adjust (alpha1=2.2222199999999999e-05, alpha2=2.2222199999999999e-05) at lreg.cpp:158
#2  0x0000555555555ee0 in train (iter1=30000, iter2=30000, N=4, alpha1=2.2222199999999999e-05, alpha2=2.2222199999999999e-05, stopsWhenStable=true) at lreg.cpp:193
#3  0x0000555555556467 in main (argc=3, argv=0x7fffffffde58) at lreg.cpp:253

65			fp << "verifyUint: a = "<<a<<"; b = "<<b<<endl;
66	        detected = 1;	
67		}
68		return a;
69	}
70	double verifyDoubleDup(double a, double b){
71		if (a != b && detected != 1){
72			//gerar entrada no log
73			ofstream fp ("/tmp/lreg/detected.log", std::ofstream::app);
74			fp << "verifyDouble: a = "<<a<<"; b = "<<b<<endl;

Backtrace END
Memory content before bitflip:0x460x5a0xb70xf40x390x4d0xf70x3e
Fault Model: Random bit-flip
base address to flip value: 0x7fffffffd7c0
address max offset: 8
Memory content after  bitflip:0x7f0x070x2d0x0e0x4a0xaa0xc00x6b
frame name: train
symbol name: alpha2
symbol filename: lreg.cpp
symbol line: 177
value: 1.0957647168868958e+211
value address: 0x7fffffffd7c0
Type: A floating point type.
Type sizeof: 8

[INFO -- 2018-11-26 19:42:08]
Fault Injection Successful after 2.8305420875549316s
[INFO -- 2018-11-26 19:42:09]
event type: exit
[INFO -- 2018-11-26 19:42:09]
exit code: 0
