[INFO -- 2018-10-06 20:19:41]
Starting flip_value script
version: 1.1
[INFO -- 2018-10-06 20:19:41]
Initialization strings:
[INFO -- 2018-10-06 20:19:41]
(1) file /tmp/lreg/lreg
[INFO -- 2018-10-06 20:19:41]
(2) set args /tmp/lreg/randInput /tmp/lreg/output
[INFO -- 2018-10-06 20:19:41]
initSignal:0
[INFO -- 2018-10-06 20:19:41]
endSignal:10
[INFO -- 2018-10-06 20:19:41]
faultModel:1
[INFO -- 2018-10-06 20:19:43]
Backtrace BEGIN:
#0  0x0000555555556054 in std::vector<double, std::allocator<double> >::operator[] (this=0xb0000000b, __n=47244640266) at /usr/include/c++/7/bits/stl_vector.h:795
#1  0x000055555555550c in partialDerivate (pos=1) at lreg.cpp:107
#2  0x0000555555555670 in adjust () at lreg.cpp:123
#3  0x0000555555555881 in train (iterations=60000, N=3, stopsWhenStable=true) at lreg.cpp:159
#4  0x0000555555555dba in main (argc=3, argv=0x7fffffffde68) at lreg.cpp:225

790	       *  Note that data access with this operator is unchecked and
791	       *  out_of_range lookups are not defined. (For checked lookups
792	       *  see at().)
793	       */
794	      reference
795	      operator[](size_type __n) _GLIBCXX_NOEXCEPT
796	      {
797		__glibcxx_requires_subscript(__n);
798		return *(this->_M_impl._M_start + __n);
799	      }

Backtrace END
Fliping value of field: std::_Vector_base<double, std::allocator<double> >
Fliping value of field: _M_impl
Fliping value of field: _M_finish
Fliping a bit of the pointer
Memory content before bitflip:0x580x130x770x550x550x550x000x00
Fault Model: Double bit-flip
base address to flip value: 0x7fffffffd838
address max offset: 8
Memory content after  bitflip:0x580x510x770x550x550x550x000x00
frame name: train
symbol name: prevT
symbol filename: lreg.cpp
symbol line: 150
value: std::vector of length 1987, capacity 3 = {-4.8980173171782857, 0.053549878286297564, 1.9623555095330241, 1.6304166312761136e-322, -4.8983459940480456, 0.053549878286297564, 1.9623555095330241, 2.4209216646221081e-322, 0, 2, 2, 2, 0, 4.001931731314097e-322, 4.6355706478057827e-310, 1.5810100666919889e-322, 2.0000019073486324, 2.000000001606872, 2, 2, 2, 2, 0, 4.001931731314097e-322, 0, 1.5810100666919889e-322, 2.1219957904712067e-314, 1.1286365798613813e-312, 0, 0, 0, 0, 0, 1.6304166312761136e-322, -4.8980173171782857, 0.053549878286297564, 1.9623555095330241, 1.6304166312761136e-322, 4.6355706478263358e-310, 0.053571274901663954, 1.962507614090754, 1.6304166312761136e-322, 0, 0.053549878286297564, 1.9623555095330241, 7.1639518646980749e-322, 0, 2, 2, 2, 2, 2, 2, 2, 547, 267, 367, 115, 1203, 927, 147, 547, 0, 1.3487992131466031e-321, -6, 3, 15, 5, -3, 7, 5, -5, 16, -12, 13, 7, 24, -22, 8, 16, -16, 4, 24, -12, 0, 0, 0, 0, 0, 0, 0, 0, 0, 0, 0, 0, 0, 1.3487992131466031e-321, 2, 2, 2, 2, 2, 2, 2, 2, 547, 267, 367, 115, 1203, 927, 147, 547, 483, 43, 1203, 267, 0, 0, 0, 0, 0, 0, 0, 0, 0, 0, 0, 0, 0, 2.1336224915654232e-319, 0, 0, 0, 0, 0, 0, 0, 0, 0, 0, 0, 0, 0, 0, 0, 0, 0, 0, 0, 0, 0, 0, 0, 0, 0, 0, 0, 0, 0, 0, 0, 0, 0, 0, 0, 0, 0, 0, 0, 0, 0, 0, 0, 0, 0, 0, 0, 0, 0, 0, 0, 0, 0, 0, 0, 0, 0, 0, 0, 0, 0, 0, 0, 0, 0, 0, 0, 0...}
value address: 0x7fffffffd830
Type: The type is a structure.
Type sizeof: 24
Field name: std::_Vector_base<double, std::allocator<double> >
Field Type: The type is a structure.
Field Type sizeof: 24

[INFO -- 2018-10-06 20:19:43]
Fault Injection Successful after 2.1683497428894043s
[INFO -- 2018-10-06 20:19:51]
event type: exit
[INFO -- 2018-10-06 20:19:51]
exit code: 0
