[INFO -- 2018-10-06 17:02:39]
Starting flip_value script
version: 1.1
[INFO -- 2018-10-06 17:02:39]
Initialization strings:
[INFO -- 2018-10-06 17:02:39]
(1) file /tmp/lreg/lreg
[INFO -- 2018-10-06 17:02:39]
(2) set args /tmp/lreg/randInput /tmp/lreg/output
[INFO -- 2018-10-06 17:02:39]
initSignal:0
[INFO -- 2018-10-06 17:02:39]
endSignal:10
[INFO -- 2018-10-06 17:02:39]
faultModel:2
[INFO -- 2018-10-06 17:02:46]
Backtrace BEGIN:
#0  0x0000555555556058 in std::vector<double, std::allocator<double> >::operator[] (this=0x55555575a160 <y>, __n=115964117019) at /usr/include/c++/7/bits/stl_vector.h:795
#1  0x0000555555555545 in partialDerivate (pos=0) at lreg.cpp:107
#2  0x0000555555555670 in adjust () at lreg.cpp:123
#3  0x0000555555555881 in train (iterations=90000, N=4, stopsWhenStable=true) at lreg.cpp:159
#4  0x0000555555555dba in main (argc=3, argv=0x7fffffffde68) at lreg.cpp:225

790	       *  Note that data access with this operator is unchecked and
791	       *  out_of_range lookups are not defined. (For checked lookups
792	       *  see at().)
793	       */
794	      reference
795	      operator[](size_type __n) _GLIBCXX_NOEXCEPT
796	      {
797		__glibcxx_requires_subscript(__n);
798		return *(this->_M_impl._M_start + __n);
799	      }

Backtrace END
Memory content before bitflip:0x460x5a0xb70xf40x390x4d0xf70x3e
Fault Model: Random bit-flip
base address to flip value: 0x55555575a198 
address max offset: 8
Memory content after  bitflip:0xf50x920x6f0x600x460x500xa20x05
frame name: std::vector<double, std::allocator<double> >::operator[]
symbol name: a1
symbol filename: lreg.cpp
symbol line: 45
value: 1.5764026899308547e-281
value address: 0x55555575a198 <a1>
Type: A floating point type.
Type sizeof: 8

[INFO -- 2018-10-06 17:02:46]
Fault Injection Successful after 7.099441766738892s
[INFO -- 2018-10-06 17:02:49]
event type: exit
[INFO -- 2018-10-06 17:02:49]
exit code: 0
