[INFO -- 2018-09-15 23:11:07]
Starting flip_value script
version: 1.1
[INFO -- 2018-09-15 23:11:07]
Initialization strings:
[INFO -- 2018-09-15 23:11:07]
(1) file /tmp/lreg/lreg
[INFO -- 2018-09-15 23:11:07]
(2) set args /tmp/lreg/randInput /tmp/lreg/output
[INFO -- 2018-09-15 23:11:07]
initSignal:0
[INFO -- 2018-09-15 23:11:07]
endSignal:2
[INFO -- 2018-09-15 23:11:07]
faultModel:0
[EXCEPTION -- 2018-09-15 23:11:08]
gdbException: Attempt to dereference a generic pointer.
[INFO -- 2018-09-15 23:11:10]
Backtrace BEGIN:
#0  0x00007ffff76b4990 in *ABS*+0x2d7c0@plt () from /lib/x86_64-linux-gnu/libm.so.6
#1  0x00007ffff76b7b14 in __pow (x=-23, y=3) at w_pow_compat.c:30
#2  0x0000555555555f39 in std::pow<double, int> (__x=-23, __y=3) at /usr/include/c++/7/cmath:418
#3  0x0000555555555237 in predict (v=-23) at lreg.cpp:50
#4  0x00005555555553fc in partialDerivate (pos=2) at lreg.cpp:74
#5  0x0000555555555503 in adjust (alpha=2.2222199999999999e-05) at lreg.cpp:87
#6  0x00005555555556ac in train (iterations=90000, alpha=2.2222199999999999e-05, N=4, stopsWhenStable=true) at lreg.cpp:120
#7  0x0000555555555c26 in main (argc=3, argv=0x7fffffffde68) at lreg.cpp:182

2284	in rtld.c

Backtrace END
Fliping value of field: std::_Vector_base<double, std::allocator<double> >
Fliping value of field: _M_impl
Fliping value of field: _M_finish
Fliping a bit of the pointer
Memory content before bitflip:0x900x1a0x770x550x550x550x000x00
Fault Model: Single bit-flip
base address to flip value: 0x55555575a168 
address max offset: 8
Memory content after  bitflip:0x900x1a0x770x510x550x550x000x00
frame name: main
symbol name: y
symbol filename: lreg.cpp
symbol line: 33
value: std::vector of length -8388572, capacity 64 = {-12, -6, -6, 11, -1, 8, -3, -5, 423, 59, 345, 213, 23, 383, 345, 33, 135, 383, 555, 23, 109701, 78072, 98358, -121890, -46266, -60792, -618, -6636, -24534, 0, -1071, 612, -6, -6636, -6, 13689, 0, 0, 0, 0, 0, 0, 0, 0, 0, 0, 0, 0, 0, 0, 0, 0, 0, 0, 0, 0, 0, 0, 0, 0, 0, 0, 0, 0, 0, 2.4209216646221081e-322, -15.512432985999302, -115.11819701649739, 10.283351245635975, 4.1977033395002259, 0, 2.4209216646221081e-322, -15.512432985999302, -115.11819701649739, 10.283351245635975, 4.1977033395002259, 0, 2.4209216646221081e-322, 4.6355706479211964e-310, -115.11142936250219, 10.284112424870163, 4.2312951082750221, 0, 2.4209216646221081e-322, 0, -115.11819701649739, 10.283351245635975, 4.1977033395002259, 0, 2.0719630989644356e-319, 0, 0, 0, 0, 0, 0, 0, 0, 0, 0, 0, 0, 0, 0, 0, 0, 0, 0, 0, 0, 0, 0, 0, 0, 0, 0, 0, 0, 0, 0, 0, 0, 0, 0, 0, 0, 0, 0, 0, 0, 0, 0, 0, 0, 0, 0, 0, 0, 0, 0, 0, 0, 0, 0, 0, 0, 0, 0, 0, 0, 0, 0, 0, 0, 0, 0, 0, 0, 0, 0, 0, 0, 0, 0, 0, 0, 0, 0, 0, 0, 0, 0, 0, 0, 0, 0, 0, 0, 0, 0, 0, 0, 0, 0, 0, 0, 0, 0, 0, 0, 0, 0, 0, 0, 0, 0, 0, 0, 0, 0...}
value address: 0x55555575a160 <y>
Type: The type is a structure.
Type sizeof: 24
Field name: std::_Vector_base<double, std::allocator<double> >
Field Type: The type is a structure.
Field Type sizeof: 24

[INFO -- 2018-09-15 23:11:10]
Fault Injection Successful after 3.1523120403289795s
[INFO -- 2018-09-15 23:11:15]
event type: exit
[INFO -- 2018-09-15 23:11:15]
exit code: 0
