[INFO -- 2018-09-16 01:15:03]
Starting flip_value script
version: 1.1
[INFO -- 2018-09-16 01:15:03]
Initialization strings:
[INFO -- 2018-09-16 01:15:03]
(1) file /tmp/lreg/lreg
[INFO -- 2018-09-16 01:15:03]
(2) set args /tmp/lreg/randInput /tmp/lreg/output
[INFO -- 2018-09-16 01:15:03]
initSignal:0
[INFO -- 2018-09-16 01:15:03]
endSignal:2
[INFO -- 2018-09-16 01:15:03]
faultModel:1
[INFO -- 2018-09-16 01:15:04]
Backtrace BEGIN:
#0  std::allocator<double>::~allocator (this=0x7fffffffd890, __in_chrg=<optimized out>) at /usr/include/c++/7/bits/allocator.h:139
#1  0x000055555555657a in std::_Vector_base<double, std::allocator<double> >::_Vector_impl::~_Vector_impl (this=0x7fffffffd890, __in_chrg=<optimized out>) at /usr/include/c++/7/bits/stl_vector.h:81
#2  0x00005555555565e7 in std::_Vector_base<double, std::allocator<double> >::~_Vector_base (this=0x7fffffffd890, __in_chrg=<optimized out>) at /usr/include/c++/7/bits/stl_vector.h:163
#3  0x000055555555602d in std::vector<double, std::allocator<double> >::~vector (this=0x7fffffffd890, __in_chrg=<optimized out>) at /usr/include/c++/7/bits/stl_vector.h:435
#4  0x0000555555555770 in train (iterations=30000, alpha=0.00020000000000000001, N=2, stopsWhenStable=true) at lreg.cpp:126
#5  0x0000555555555c26 in main (argc=3, argv=0x7fffffffde68) at lreg.cpp:182

134	      : __allocator_base<_Tp>(__a) { }
135	
136	      template<typename _Tp1>
137		allocator(const allocator<_Tp1>&) throw() { }
138	
139	      ~allocator() throw() { }
140	
141	      // Inherit everything else.
142	    };
143	

Backtrace END
Fliping a bit of the value pointed by a pointer
Fliping value of field: _M_end_of_storage
Fliping a bit of the pointer
Memory content before bitflip:0xa00x140x770x550x550x550x000x00
Fault Model: Double bit-flip
base address to flip value: 0x7fffffffd8a0
address max offset: 8
Memory content after  bitflip:0xa00x120x770x550x550x550x000x00
frame name: std::_Vector_base<double, std::allocator<double> >::_Vector_impl::~_Vector_impl
symbol name: this
symbol filename: lreg.cpp
symbol line: 0
value: 0x7fffffffd890
value address: 0x7fffffffd7b8
Type: The type is a pointer.
Type sizeof: 8

[INFO -- 2018-09-16 01:15:04]
Fault Injection Successful after 1.6199049949645996s
[INFO -- 2018-09-16 01:15:11]
event type: exit
[INFO -- 2018-09-16 01:15:11]
exit code: 0
