[INFO -- 2018-11-27 20:40:20]
Starting flip_value script
version: 1.1
[INFO -- 2018-11-27 20:40:20]
Initialization strings:
[INFO -- 2018-11-27 20:40:20]
(1) file /tmp/lreg/lreg
[INFO -- 2018-11-27 20:40:20]
(2) set args /tmp/lreg/randInput /tmp/lreg/output
[INFO -- 2018-11-27 20:40:20]
initSignal:0
[INFO -- 2018-11-27 20:40:20]
endSignal:3
[INFO -- 2018-11-27 20:40:20]
faultModel:0
[INFO -- 2018-11-27 20:40:22]
Backtrace BEGIN:
#0  verifyUintDup (a=1073510895, b=2699281397) at lreg.cpp:61
#1  0x00005555555557fe in predict (v=-10) at lreg.cpp:116
#2  0x0000555555555928 in meanSquaredError () at lreg.cpp:128
#3  0x0000555555555ee5 in train (iter1=10000, iter2=10000, N=2, alpha1=0.00020000000000000001, alpha2=0.00020000000000000001, stopsWhenStable=true) at lreg.cpp:194
#4  0x0000555555556467 in main (argc=3, argv=0x7fffffffde58) at lreg.cpp:253

56	*/
57	
58	int detected = 0;
59	
60	
61	UINT verifyUintDup(UINT a, UINT b){
62		if (a != b && detected != 1){
63			//gerar entrada no log
64			ofstream fp ("/tmp/lreg/detected.log", std::ofstream::app);
65			fp << "verifyUint: a = "<<a<<"; b = "<<b<<endl;

Backtrace END
Memory content before bitflip:0x2e0xce0x900x830x160x930xa70x3f
Fault Model: Single bit-flip
base address to flip value: 0x7fffffffd7f0
address max offset: 8
Memory content after  bitflip:0x2e0xce0x900x830x160x930xb70x3f
frame name: train
symbol name: bestMSE
symbol filename: lreg.cpp
symbol line: 189
value: 0.092088133926886612
value address: 0x7fffffffd7f0
Type: A floating point type.
Type sizeof: 8

[INFO -- 2018-11-27 20:40:22]
Fault Injection Successful after 2.060927391052246s
[INFO -- 2018-11-27 20:40:26]
event type: exit
[INFO -- 2018-11-27 20:40:26]
exit code: 0
