[INFO -- 2018-10-12 13:12:48]
Starting flip_value script
version: 1.1
[INFO -- 2018-10-12 13:12:48]
Initialization strings:
[INFO -- 2018-10-12 13:12:48]
(1) file /tmp/lreg/lreg
[INFO -- 2018-10-12 13:12:48]
(2) set args /tmp/lreg/randInput /tmp/lreg/output
[INFO -- 2018-10-12 13:12:48]
initSignal:0
[INFO -- 2018-10-12 13:12:48]
endSignal:10
[INFO -- 2018-10-12 13:12:48]
faultModel:1
[INFO -- 2018-10-12 13:12:55]
Backtrace BEGIN:
#0  libc_feholdsetround_sse_ctx (r=0, ctx=<synthetic pointer>) at ../sysdeps/i386/fpu/fenv_private.h:447
#1  __ieee754_pow_sse2 (x=-5, y=3) at ../sysdeps/ieee754/dbl-64/e_pow.c:183
#2  0x00007ffff76b7b14 in __pow (x=-5, y=3) at w_pow_compat.c:30
#3  0x00005555555560ba in std::pow<double, unsigned int> (__x=-5, __y=3) at /usr/include/c++/7/cmath:418
#4  0x00005555555552c2 in predict (v=-5) at lreg.cpp:77
#5  0x000055555555551d in partialDerivate (pos=0) at lreg.cpp:107
#6  0x0000555555555670 in adjust () at lreg.cpp:123
#7  0x0000555555555881 in train (iterations=90000, N=4, stopsWhenStable=true) at lreg.cpp:159
#8  0x0000555555555dba in main (argc=3, argv=0x7fffffffde68) at lreg.cpp:225

442	../sysdeps/i386/fpu/fenv_private.h: No such file or directory.

Backtrace END
Fliping value of field name: i
Fliping array at pos: 0
Memory content before bitflip:0x000x000x000x00
Fault Model: Double bit-flip
base address to flip value: 0x7ffff779a5a8 
address max offset: 4
Memory content after  bitflip:0x410x000x000x00
frame name: __ieee754_pow_sse2
symbol name: t52
symbol filename: ../sysdeps/ieee754/dbl-64/upow.h
symbol line: 54
value: {i = {65, 1127219200}, x = 4503599627370561}
value address: 0x7ffff779a5a8 <t52>
Type: The type is a union.
Type sizeof: 8
Field name: i
Field Type: The type is an array.
Field Type sizeof: 8
Field name: x
Field Type: A floating point type.
Field Type sizeof: 8

[INFO -- 2018-10-12 13:12:55]
Fault Injection Successful after 7.698175430297852s
[INFO -- 2018-10-12 13:12:58]
event type: exit
[INFO -- 2018-10-12 13:12:58]
exit code: 0
