[INFO -- 2018-10-09 20:03:55]
Starting flip_value script
version: 1.1
[INFO -- 2018-10-09 20:03:55]
Initialization strings:
[INFO -- 2018-10-09 20:03:55]
(1) file /tmp/lreg/lreg
[INFO -- 2018-10-09 20:03:55]
(2) set args /tmp/lreg/randInput /tmp/lreg/output
[INFO -- 2018-10-09 20:03:55]
initSignal:0
[INFO -- 2018-10-09 20:03:55]
endSignal:10
[INFO -- 2018-10-09 20:03:55]
faultModel:1
[INFO -- 2018-10-09 20:03:57]
Backtrace BEGIN:
#0  0x00007ffff76d55c4 in __ieee754_pow_sse2 (x=8, y=0) at ../sysdeps/ieee754/dbl-64/e_pow.c:81
#1  0x00007ffff76b7b14 in __pow (x=8, y=0) at w_pow_compat.c:30
#2  0x00005555555560ba in std::pow<double, unsigned int> (__x=8, __y=0) at /usr/include/c++/7/cmath:418
#3  0x0000555555555590 in partialDerivate (pos=0) at lreg.cpp:107
#4  0x0000555555555670 in adjust () at lreg.cpp:123
#5  0x0000555555555881 in train (iterations=90000, N=4, stopsWhenStable=true) at lreg.cpp:159
#6  0x0000555555555dba in main (argc=3, argv=0x7fffffffde68) at lreg.cpp:225

76	../sysdeps/ieee754/dbl-64/e_pow.c: No such file or directory.

Backtrace END
Memory content before bitflip:0x1a0x000x000x00
Fault Model: Double bit-flip
base address to flip value: 0x7fffffffd780
address max offset: 4
Memory content after  bitflip:0x1a0xc00x000x00
frame name: partialDerivate
symbol name: i2
symbol filename: lreg.cpp
symbol line: 103
value: 49178
value address: 0x7fffffffd780
Type: The type is an integer type.
Type sizeof: 4

[INFO -- 2018-10-09 20:03:57]
Fault Injection Successful after 2.8928022384643555s
[INFO -- 2018-10-09 20:04:05]
event type: exit
[INFO -- 2018-10-09 20:04:05]
exit code: 0
