[INFO -- 2018-10-03 16:27:06]
Starting flip_value script
version: 1.1
[INFO -- 2018-10-03 16:27:06]
Initialization strings:
[INFO -- 2018-10-03 16:27:06]
(1) file /tmp/lreg/lreg
[INFO -- 2018-10-03 16:27:06]
(2) set args /tmp/lreg/randInput /tmp/lreg/output
[INFO -- 2018-10-03 16:27:06]
initSignal:0
[INFO -- 2018-10-03 16:27:06]
endSignal:10
[INFO -- 2018-10-03 16:27:06]
faultModel:0
[INFO -- 2018-10-03 16:27:06]
Backtrace BEGIN:
#0  0x000055555555775f in std::copy<__gnu_cxx::__normal_iterator<double const*, std::vector<double, std::allocator<double> > >, double*> (__first=-1.0000001324381729, __last=0, __result=0x5555555577da <__gnu_cxx::new_allocator<double>::allocate(unsigned long, void const*)+64>) at /usr/include/c++/7/bits/stl_algobase.h:446
#1  0x0000555555557516 in std::__uninitialized_copy<true>::__uninit_copy<__gnu_cxx::__normal_iterator<double const*, std::vector<double, std::allocator<double> > >, double*> (__first=-1.0000001324381729, __last=0, __result=0x555555771490) at /usr/include/c++/7/bits/stl_uninitialized.h:101
#2  0x0000555555556f8c in std::uninitialized_copy<__gnu_cxx::__normal_iterator<double const*, std::vector<double, std::allocator<double> > >, double*> (__first=-1.0000001324381729, __last=0, __result=0x555555771490) at /usr/include/c++/7/bits/stl_uninitialized.h:134
#3  0x00005555555566e5 in std::__uninitialized_copy_a<__gnu_cxx::__normal_iterator<double const*, std::vector<double, std::allocator<double> > >, double*, double> (__first=-1.0000001324381729, __last=0, __result=0x555555771490) at /usr/include/c++/7/bits/stl_uninitialized.h:289
#4  0x0000555555555f6b in std::vector<double, std::allocator<double> >::vector (this=0x7fffffffd880, __x=std::vector of length 2, capacity 2 = {...}) at /usr/include/c++/7/bits/stl_vector.h:331
#5  0x00005555555556db in train (iterations=30000, alpha=0.00020000000000000001, N=2, stopsWhenStable=true) at lreg.cpp:126
#6  0x0000555555555ab7 in main (argc=3, argv=0x7fffffffde58) at lreg.cpp:174

441	   *  Note that the end of the output range is permitted to be contained
442	   *  within [first,last).
443	  */
444	  template<typename _II, typename _OI>
445	    inline _OI
446	    copy(_II __first, _II __last, _OI __result)
447	    {
448	      // concept requirements
449	      __glibcxx_function_requires(_InputIteratorConcept<_II>)
450	      __glibcxx_function_requires(_OutputIteratorConcept<_OI,

Backtrace END
Fliping value of field: _M_current
Fliping a bit of the pointer
Memory content before bitflip:0x400x130x770x550x550x550x000x00
Fault Model: Single bit-flip
base address to flip value: 0x7fffffffd758
address max offset: 8
Memory content after  bitflip:0x400x130x770x550x750x550x000x00
frame name: std::uninitialized_copy<__gnu_cxx::__normal_iterator<double const*, std::vector<double, std::allocator<double> > >, double*>
symbol name: __first
symbol filename: /usr/include/c++/7/bits/stl_uninitialized.h
symbol line: 115
value: <error reading variable: Cannot access memory at address 0x557555771340>
value address: 0x7fffffffd758
Type: The type is a structure.
Type sizeof: 8
Field name: _M_current
Field Type: The type is a pointer.
Field Type sizeof: 8

[INFO -- 2018-10-03 16:27:06]
Fault Injection Successful after 0.8217995166778564s
[INFO -- 2018-10-03 16:27:13]
event type: exit
[INFO -- 2018-10-03 16:27:13]
exit code: 0
