[INFO -- 2018-10-13 15:25:24]
Starting flip_value script
version: 1.1
[INFO -- 2018-10-13 15:25:24]
Initialization strings:
[INFO -- 2018-10-13 15:25:24]
(1) file /tmp/lreg/lreg
[INFO -- 2018-10-13 15:25:24]
(2) set args /tmp/lreg/randInput /tmp/lreg/output
[INFO -- 2018-10-13 15:25:24]
initSignal:0
[INFO -- 2018-10-13 15:25:24]
endSignal:10
[INFO -- 2018-10-13 15:25:24]
faultModel:2
[EXCEPTION -- 2018-10-13 15:25:27]
pythonException: empty range for randrange() (0,0, 0)
[INFO -- 2018-10-13 15:25:27]
Backtrace BEGIN:
#0  predict (v=2) at lreg.cpp:74
#1  0x000055555555551d in partialDerivate (pos=3) at lreg.cpp:107
#2  0x0000555555555670 in adjust () at lreg.cpp:123
#3  0x0000555555555881 in train (iterations=90000, N=4, stopsWhenStable=true) at lreg.cpp:159
#4  0x0000555555555dba in main (argc=3, argv=0x7fffffffde68) at lreg.cpp:225

69		Predicts the value related to v using the Ts variables
70	*/
71	double predict(double v){
72		double val = 0;
73		for(UINT i1 = 0, i2 = 0, i3 = 0; 
74			selectTriUInt(i1, i2, i3)<T.size(); 
75			i1++, i2++, i3++)
76		{
77			val+= (T[selectTriUInt(i1, i2, i3)] * pow(v, selectTriUInt(i1, i2, i3)));
78		}

Backtrace END
Memory content before bitflip:0x030x000x000x00
Fault Model: Random bit-flip
base address to flip value: 0x7fffffffd7d4
address max offset: 4
Memory content after  bitflip:0xcc0xc30x300xfd
frame name: adjust
symbol name: i3
symbol filename: lreg.cpp
symbol line: 119
value: 4247831500
value address: 0x7fffffffd7d4
Type: The type is an integer type.
Type sizeof: 4

[INFO -- 2018-10-13 15:25:27]
Fault Injection Successful after 3.3130099773406982s
[INFO -- 2018-10-13 15:25:33]
event type: exit
[INFO -- 2018-10-13 15:25:33]
exit code: 0
