[INFO -- 2018-10-10 15:49:15]
Starting flip_value script
version: 1.1
[INFO -- 2018-10-10 15:49:15]
Initialization strings:
[INFO -- 2018-10-10 15:49:15]
(1) file /tmp/lreg/lreg
[INFO -- 2018-10-10 15:49:15]
(2) set args /tmp/lreg/randInput /tmp/lreg/output
[INFO -- 2018-10-10 15:49:15]
initSignal:0
[INFO -- 2018-10-10 15:49:15]
endSignal:10
[INFO -- 2018-10-10 15:49:15]
faultModel:1
[EXCEPTION -- 2018-10-10 15:49:18]
pythonException: Unable to exit loop in struct fields; Exiting wihtout making a bit flip
[INFO -- 2018-10-10 15:49:18]
Backtrace BEGIN:
#0  0x0000555555556054 in std::vector<double, std::allocator<double> >::operator[] (this=0x0, __n=0) at /usr/include/c++/7/bits/stl_vector.h:795
#1  0x00005555555551d4 in equals (a=std::vector of length 3, capacity 3 = {...}, b=std::vector of length 3, capacity 3 = {...}) at lreg.cpp:62
#2  0x0000555555555919 in train (iterations=60000, N=3, stopsWhenStable=true) at lreg.cpp:165
#3  0x0000555555555dba in main (argc=3, argv=0x7fffffffde68) at lreg.cpp:225

790	       *  Note that data access with this operator is unchecked and
791	       *  out_of_range lookups are not defined. (For checked lookups
792	       *  see at().)
793	       */
794	      reference
795	      operator[](size_type __n) _GLIBCXX_NOEXCEPT
796	      {
797		__glibcxx_requires_subscript(__n);
798		return *(this->_M_impl._M_start + __n);
799	      }

Backtrace END
Memory content before bitflip:0x2d0x430x1c0xeb0xe20x360x0a0x3f
Fault Model: Double bit-flip
base address to flip value: 0x7fffffffd950
address max offset: 8
Memory content after  bitflip:0x2d0x430x1c0xeb0xe10x360x0a0x3f
frame name: main
symbol name: alpha
symbol filename: lreg.cpp
symbol line: 202
value: 4.9999970896169546e-05
value address: 0x7fffffffd950
Type: A floating point type.
Type sizeof: 8

[INFO -- 2018-10-10 15:49:18]
Fault Injection Successful after 3.389918088912964s
[INFO -- 2018-10-10 15:49:26]
event type: exit
[INFO -- 2018-10-10 15:49:26]
exit code: 0
