[INFO -- 2018-10-06 20:20:02]
Starting flip_value script
version: 1.1
[INFO -- 2018-10-06 20:20:02]
Initialization strings:
[INFO -- 2018-10-06 20:20:02]
(1) file /tmp/lreg/lreg
[INFO -- 2018-10-06 20:20:02]
(2) set args /tmp/lreg/randInput /tmp/lreg/output
[INFO -- 2018-10-06 20:20:02]
initSignal:0
[INFO -- 2018-10-06 20:20:02]
endSignal:10
[INFO -- 2018-10-06 20:20:02]
faultModel:0
[INFO -- 2018-10-06 20:20:08]
Backtrace BEGIN:
#0  0x000055555555607d in std::pow<double, unsigned int> (__x=15, __y=0) at /usr/include/c++/7/cmath:415
#1  0x00005555555552c2 in predict (v=15) at lreg.cpp:77
#2  0x000055555555551d in partialDerivate (pos=0) at lreg.cpp:107
#3  0x0000555555555670 in adjust () at lreg.cpp:123
#4  0x0000555555555881 in train (iterations=90000, N=4, stopsWhenStable=true) at lreg.cpp:159
#5  0x0000555555555dba in main (argc=3, argv=0x7fffffffde68) at lreg.cpp:225

410	#endif
411	
412	  template<typename _Tp, typename _Up>
413	    inline _GLIBCXX_CONSTEXPR
414	    typename __gnu_cxx::__promote_2<_Tp, _Up>::__type
415	    pow(_Tp __x, _Up __y)
416	    {
417	      typedef typename __gnu_cxx::__promote_2<_Tp, _Up>::__type __type;
418	      return pow(__type(__x), __type(__y));
419	    }

Backtrace END
Memory content before bitflip:0x600xb70x000x00
Fault Model: Single bit-flip
base address to flip value: 0x7fffffffd814
address max offset: 4
Memory content after  bitflip:0x600xb70x010x00
frame name: train
symbol name: i1
symbol filename: lreg.cpp
symbol line: 154
value: 112480
value address: 0x7fffffffd814
Type: The type is an integer type.
Type sizeof: 4

[INFO -- 2018-10-06 20:20:08]
Fault Injection Successful after 6.855486154556274s
[INFO -- 2018-10-06 20:20:12]
event type: exit
[INFO -- 2018-10-06 20:20:12]
exit code: 0
