[INFO -- 2018-11-22 16:25:29]
Starting flip_value script
version: 1.1
[INFO -- 2018-11-22 16:25:29]
Initialization strings:
[INFO -- 2018-11-22 16:25:29]
(1) file /tmp/lreg/lreg
[INFO -- 2018-11-22 16:25:29]
(2) set args /tmp/lreg/randInput /tmp/lreg/output
[INFO -- 2018-11-22 16:25:29]
initSignal:0
[INFO -- 2018-11-22 16:25:29]
endSignal:3
[INFO -- 2018-11-22 16:25:29]
faultModel:1
[EXCEPTION -- 2018-11-22 16:25:30]
gdbException: Attempt to dereference a generic pointer.
[INFO -- 2018-11-22 16:25:30]
Backtrace BEGIN:
#0  _dl_lookup_symbol_x (undef_name=0x7ffff7a88f5b "_ZTINSt6thread6_StateE", undef_map=undef_map@entry=0x7ffff7fde000, ref=ref@entry=0x7fffffffdac0, symbol_scope=symbol_scope@entry=0x7ffff7fde358, version=0x7ffff7fdc240, type_class=0, flags=1, skip_map=0x0) at dl-lookup.c:800
#1  0x00007ffff7de1af9 in elf_machine_rela (skip_ifunc=<optimized out>, reloc_addr_arg=0x7ffff7dc8c58, version=<optimized out>, sym=<optimized out>, reloc=0x7ffff7ac6200, map=0x7ffff7fde000) at ../sysdeps/x86_64/dl-machine.h:308
#2  elf_dynamic_do_Rela (skip_ifunc=<optimized out>, lazy=<optimized out>, nrelative=<optimized out>, relsize=<optimized out>, reladdr=<optimized out>, map=0x7ffff7fde000) at do-rel.h:137
#3  _dl_relocate_object (scope=<optimized out>, reloc_mode=<optimized out>, consider_profiling=<optimized out>, consider_profiling@entry=0) at dl-reloc.c:258
#4  0x00007ffff7dd9307 in dl_main (phdr=<optimized out>, phnum=<optimized out>, user_entry=<optimized out>, auxv=<optimized out>) at rtld.c:2190
#5  0x00007ffff7defdd0 in _dl_sysdep_start (start_argptr=start_argptr@entry=0x7fffffffde50, dl_main=dl_main@entry=0x7ffff7dd7660 <dl_main>) at ../elf/dl-sysdep.c:253
#6  0x00007ffff7dd7128 in _dl_start_final (arg=0x7fffffffde50) at rtld.c:414
#7  _dl_start (arg=0x7fffffffde50) at rtld.c:521
#8  0x00007ffff7dd6098 in _start () from /lib64/ld-linux-x86-64.so.2
#9  0x0000000000000003 in ?? ()
#10 0x00007fffffffe1fd in ?? ()
#11 0x00007fffffffe20c in ?? ()
#12 0x00007fffffffe220 in ?? ()
#13 0x0000000000000000 in ?? ()

795	in dl-lookup.c

Backtrace END
Fliping array at pos: 1
Fliping value of field: nrelative
Memory content before bitflip:0x000x000x000x000x000x000x000x00
Fault Model: Double bit-flip
base address to flip value: 0x7fffffffdb00
address max offset: 8
Memory content after  bitflip:0x000x000x000x000x440x000x000x00
frame name: _dl_relocate_object
symbol name: ranges
symbol filename: dl-reloc.c
symbol line: 258
value: {{start = 140737348605248, size = 93336, nrelative = 765, lazy = 0}, {start = 140737348698584, size = 19848, nrelative = 292057776128, lazy = 1}}
value address: 0x7fffffffdad0
Type: The type is an array.
Type sizeof: 64
Field name: None
Field Type: A range type, that is, an integer type with bounds.
Field Type sizeof: 8
Field Type range: (0, 1)

[INFO -- 2018-11-22 16:25:30]
Fault Injection Successful after 1.1528468132019043s
[INFO -- 2018-11-22 16:25:34]
event type: exit
[INFO -- 2018-11-22 16:25:34]
exit code: 0
