[INFO -- 2018-11-29 14:45:45]
Starting flip_value script
version: 1.1
[INFO -- 2018-11-29 14:45:45]
Initialization strings:
[INFO -- 2018-11-29 14:45:45]
(1) file /tmp/lreg/lreg
[INFO -- 2018-11-29 14:45:45]
(2) set args /tmp/lreg/randInput /tmp/lreg/output /tmp/lreg/detected.log
[INFO -- 2018-11-29 14:45:45]
initSignal:0
[INFO -- 2018-11-29 14:45:45]
endSignal:6
[INFO -- 2018-11-29 14:45:45]
faultModel:2
[INFO -- 2018-11-29 14:45:47]
Backtrace BEGIN:
#0  log1 (error=<synthetic pointer>, delta=<synthetic pointer>, x=14) at ../sysdeps/ieee754/dbl-64/e_pow.c:336
#1  __ieee754_pow_sse2 (x=14, y=3) at ../sysdeps/ieee754/dbl-64/e_pow.c:103
#2  0x00007ffff76db6be in __ieee754_pow_sse2 (x=<optimized out>, y=<optimized out>) at ../sysdeps/ieee754/dbl-64/e_pow.c:184
#3  0x00007ffff76bcb14 in __pow (x=-14, y=3) at w_pow_compat.c:30
#4  0x000055555555621b in std::pow<double, int> (__x=-14, __y=3) at /usr/include/c++/7/cmath:418
#5  0x0000555555555237 in predict (v=-14) at lreg.cpp:50
#6  0x00005555555553fc in partialDerivate (pos=1) at lreg.cpp:74
#7  0x0000555555555503 in adjust (alpha=2.2222199999999999e-05) at lreg.cpp:87
#8  0x00005555555556ac in train (iterations=30000, alpha=2.2222199999999999e-05, N=4, stopsWhenStable=true) at lreg.cpp:120
#9  0x0000555555555a1c in execute (input=0x7fffffffe1f1 "/tmp/lreg/randInput") at lreg.cpp:157
#10 0x0000555555555c78 in main (argc=4, argv=0x7fffffffde48) at lreg.cpp:193

331	../sysdeps/ieee754/dbl-64/e_pow.c: No such file or directory.

Backtrace END
Fliping value of field: std::_Vector_base<double, std::allocator<double> >
Fliping value of field: _M_impl
Fliping value of field: _M_start
Fliping a bit of the value pointed by a pointer
Memory content before bitflip:0xe90xed0xbc0xb90x0a0x000xd00x3f
Fault Model: Random bit-flip
base address to flip value: 0x555555772380
address max offset: 8
Memory content after  bitflip:0x230xf20x7c0xf50x8a0x600xed0xdf
frame name: main
symbol name: T
symbol filename: lreg.cpp
symbol line: 34
value: std::vector of length 4, capacity 4 = {-1.2308837097567984e+154, -1.130998710740688, -1.9469947150752969, -3.9699990625131996}
value address: 0x55555575b180 <T>
Type: The type is a structure.
Type sizeof: 24
Field name: std::_Vector_base<double, std::allocator<double> >
Field Type: The type is a structure.
Field Type sizeof: 24

[INFO -- 2018-11-29 14:45:47]
Fault Injection Successful after 2.693809747695923s
[INFO -- 2018-11-29 14:45:49]
event type: exit
[INFO -- 2018-11-29 14:45:49]
exit code: 0
