[INFO -- 2018-10-02 17:39:38]
Starting flip_value script
version: 1.1
[INFO -- 2018-10-02 17:39:38]
Initialization strings:
[INFO -- 2018-10-02 17:39:38]
(1) file /tmp/lreg/lreg
[INFO -- 2018-10-02 17:39:38]
(2) set args /tmp/lreg/randInput /tmp/lreg/output
[INFO -- 2018-10-02 17:39:38]
initSignal:0
[INFO -- 2018-10-02 17:39:38]
endSignal:10
[INFO -- 2018-10-02 17:39:38]
faultModel:2
[EXCEPTION -- 2018-10-02 17:39:38]
gdbException: Attempt to dereference a generic pointer.
[INFO -- 2018-10-02 17:39:41]
Backtrace BEGIN:
#0  0x00007ffff76d5519 in __ieee754_pow_sse2 (x=-14, y=3) at ../sysdeps/ieee754/dbl-64/e_pow.c:65
#1  0x00007ffff76b7b14 in __pow (x=-14, y=3) at w_pow_compat.c:30
#2  0x0000555555555d47 in std::pow<double, int> (__x=-14, __y=3) at /usr/include/c++/7/cmath:418
#3  0x00005555555551e7 in predict (v=-14) at lreg.cpp:50
#4  0x00005555555553ac in partialDerivate (pos=1) at lreg.cpp:74
#5  0x00005555555554b3 in adjust (alpha=2.2222199999999999e-05) at lreg.cpp:87
#6  0x000055555555565c in train (iterations=90000, alpha=2.2222199999999999e-05, N=4, stopsWhenStable=true) at lreg.cpp:120
#7  0x0000555555555ab7 in main (argc=3, argv=0x7fffffffde58) at lreg.cpp:174

60	../sysdeps/ieee754/dbl-64/e_pow.c: No such file or directory.

Backtrace END
Memory content before bitflip:0x000x000x000x000x000x000x2c0xc0
Fault Model: Random bit-flip
base address to flip value: 0x7fffffffd6c0
address max offset: 8
Memory content after  bitflip:0xe20xc90xf60x4e0x7b0x4a0xf30x93
frame name: __pow
symbol name: x
symbol filename: w_pow_compat.c
symbol line: 28
value: -1.4325723053085746e-212
value address: 0x7fffffffd6c0
Type: A floating point type.
Type sizeof: 8

[INFO -- 2018-10-02 17:39:41]
Fault Injection Successful after 3.593489408493042s
[INFO -- 2018-10-02 17:39:45]
event type: exit
[INFO -- 2018-10-02 17:39:45]
exit code: 0
