[INFO -- 2018-10-05 22:22:08]
Starting flip_value script
version: 1.1
[INFO -- 2018-10-05 22:22:08]
Initialization strings:
[INFO -- 2018-10-05 22:22:08]
(1) file /tmp/lreg/lreg
[INFO -- 2018-10-05 22:22:08]
(2) set args /tmp/lreg/randInput /tmp/lreg/output
[INFO -- 2018-10-05 22:22:08]
initSignal:0
[INFO -- 2018-10-05 22:22:08]
endSignal:10
[INFO -- 2018-10-05 22:22:08]
faultModel:0
[INFO -- 2018-10-05 22:22:09]
Backtrace BEGIN:
#0  0x0000555555556a06 in std::vector<double, std::allocator<double> >::end (this=0x55555575a180 <T>) at /usr/include/c++/7/bits/stl_vector.h:591
#1  0x00005555555562bd in std::vector<double, std::allocator<double> >::vector (this=0x7fffffffd870, __x=std::vector of length 3, capacity 3 = {...}) at /usr/include/c++/7/bits/stl_vector.h:331
#2  0x0000555555555900 in train (iterations=60000, N=3, stopsWhenStable=true) at lreg.cpp:165
#3  0x0000555555555dba in main (argc=3, argv=0x7fffffffde68) at lreg.cpp:225

586	       *  the last element in the %vector.  Iteration is done in
587	       *  ordinary element order.
588	       */
589	      const_iterator
590	      end() const _GLIBCXX_NOEXCEPT
591	      { return const_iterator(this->_M_impl._M_finish); }
592	
593	      /**
594	       *  Returns a read/write reverse iterator that points to the
595	       *  last element in the %vector.  Iteration is done in reverse

Backtrace END
Memory content before bitflip:0x030x000x000x00
Fault Model: Single bit-flip
base address to flip value: 0x7fffffffd914
address max offset: 4
Memory content after  bitflip:0x070x000x000x00
frame name: main
symbol name: N
symbol filename: lreg.cpp
symbol line: 203
value: 7
value address: 0x7fffffffd914
Type: The type is an integer type.
Type sizeof: 4

[INFO -- 2018-10-05 22:22:09]
Fault Injection Successful after 1.9000318050384521s
[INFO -- 2018-10-05 22:22:18]
event type: exit
[INFO -- 2018-10-05 22:22:18]
exit code: 0
