[INFO -- 2018-11-22 16:18:30]
Starting flip_value script
version: 1.1
[INFO -- 2018-11-22 16:18:30]
Initialization strings:
[INFO -- 2018-11-22 16:18:30]
(1) file /tmp/lreg/lreg
[INFO -- 2018-11-22 16:18:30]
(2) set args /tmp/lreg/randInput /tmp/lreg/output
[INFO -- 2018-11-22 16:18:30]
initSignal:0
[INFO -- 2018-11-22 16:18:30]
endSignal:3
[INFO -- 2018-11-22 16:18:30]
faultModel:2
[INFO -- 2018-11-22 16:18:32]
Backtrace BEGIN:
#0  0x00007ffff76bcb0f in __pow (x=-18, y=2) at w_pow_compat.c:30
#1  0x0000555555555d5f in std::pow<double, int> (__x=-18, __y=2) at /usr/include/c++/7/cmath:418
#2  0x00005555555551e7 in predict (v=-18) at lreg.cpp:50
#3  0x00005555555553ac in partialDerivate (pos=0) at lreg.cpp:74
#4  0x00005555555554b3 in adjust (alpha=2.2222199999999999e-05) at lreg.cpp:87
#5  0x000055555555565c in train (iterations=30000, alpha=2.2222199999999999e-05, N=4, stopsWhenStable=true) at lreg.cpp:120
#6  0x0000555555555ab7 in main (argc=3, argv=0x7fffffffde58) at lreg.cpp:174

25	w_pow_compat.c: No such file or directory.

Backtrace END
Fliping value of field: std::_Vector_base<double, std::allocator<double> >
Fliping value of field: _M_impl
Fliping value of field: _M_finish
Fliping a bit of the value pointed by a pointer
Memory content before bitflip:0x000x000x000x000x000x000x000x00
Fault Model: Random bit-flip
base address to flip value: 0x5555557715c0
address max offset: 8
Memory content after  bitflip:0x230x370x380xef0xdc0x850xe60x7f
frame name: std::pow<double, int>
symbol name: y
symbol filename: lreg.cpp
symbol line: 33
value: std::vector of length 16, capacity 16 = {13145, 2813, 13, -99407, -575, 22793, -121267, 15973, 22793, 86413, -63895, 10673, -1507, 41, 19181, -38047}
value address: 0x55555575a160 <y>
Type: The type is a structure.
Type sizeof: 24
Field name: std::_Vector_base<double, std::allocator<double> >
Field Type: The type is a structure.
Field Type sizeof: 24

[INFO -- 2018-11-22 16:18:32]
Fault Injection Successful after 2.6542177200317383s
[INFO -- 2018-11-22 16:18:34]
event type: exit
[INFO -- 2018-11-22 16:18:34]
exit code: 0
