[INFO -- 2018-10-13 13:39:59]
Starting flip_value script
version: 1.1
[INFO -- 2018-10-13 13:39:59]
Initialization strings:
[INFO -- 2018-10-13 13:39:59]
(1) file /tmp/lreg/lreg
[INFO -- 2018-10-13 13:39:59]
(2) set args /tmp/lreg/randInput /tmp/lreg/output
[INFO -- 2018-10-13 13:39:59]
initSignal:0
[INFO -- 2018-10-13 13:39:59]
endSignal:10
[INFO -- 2018-10-13 13:39:59]
faultModel:2
[INFO -- 2018-10-13 13:40:00]
Backtrace BEGIN:
#0  0x00007ffff76daa31 in __ieee754_pow_sse2 (x=<optimized out>, y=<optimized out>) at ../sysdeps/ieee754/dbl-64/e_pow.c:215
#1  0x00007ffff76bcb14 in __pow (x=-10, y=1) at w_pow_compat.c:30
#2  0x00005555555560ba in std::pow<double, unsigned int> (__x=-10, __y=1) at /usr/include/c++/7/cmath:418
#3  0x00005555555552c2 in predict (v=-10) at lreg.cpp:77
#4  0x000055555555537b in meanSquaredError () at lreg.cpp:91
#5  0x0000555555555886 in train (iterations=60000, N=3, stopsWhenStable=true) at lreg.cpp:160
#6  0x0000555555555dba in main (argc=3, argv=0x7fffffffde68) at lreg.cpp:225

210	../sysdeps/ieee754/dbl-64/e_pow.c: No such file or directory.

Backtrace END
Fliping value of field: std::_Vector_base<double, std::allocator<double> >
Fliping value of field: _M_impl
Fliping value of field: _M_start
Fliping a bit of the value pointed by a pointer
Memory content before bitflip:0xa00x090xe60x170xfc0x9d0x240x40
Fault Model: Random bit-flip
base address to flip value: 0x555555771360
address max offset: 8
Memory content after  bitflip:0x4e0x4f0xa90x670x210x9e0x400x39
frame name: main
symbol name: T
symbol filename: lreg.cpp
symbol line: 43
value: std::vector of length 3, capacity 3 = {6.4009041360655925e-33, -1.3470103707850876, -1.9699068543525571}
value address: 0x55555575a180 <T>
Type: The type is a structure.
Type sizeof: 24
Field name: std::_Vector_base<double, std::allocator<double> >
Field Type: The type is a structure.
Field Type sizeof: 24

[INFO -- 2018-10-13 13:40:00]
Fault Injection Successful after 1.5977182388305664s
[INFO -- 2018-10-13 13:40:08]
event type: exit
[INFO -- 2018-10-13 13:40:08]
exit code: 0
