[INFO -- 2018-11-23 19:55:15]
Starting flip_value script
version: 1.1
[INFO -- 2018-11-23 19:55:15]
Initialization strings:
[INFO -- 2018-11-23 19:55:15]
(1) file /tmp/lreg/lreg
[INFO -- 2018-11-23 19:55:15]
(2) set args /tmp/lreg/randInput /tmp/lreg/output
[INFO -- 2018-11-23 19:55:15]
initSignal:0
[INFO -- 2018-11-23 19:55:15]
endSignal:3
[INFO -- 2018-11-23 19:55:15]
faultModel:1
[EXCEPTION -- 2018-11-23 19:55:16]
pythonException: empty range for randrange() (0,0, 0)
[INFO -- 2018-11-23 19:55:16]
Backtrace BEGIN:
#0  0x00007ffff76da5e4 in __ieee754_pow_sse2 (x=2, y=3) at ../sysdeps/ieee754/dbl-64/e_pow.c:85
#1  0x00007ffff76db6be in __ieee754_pow_sse2 (x=<optimized out>, y=<optimized out>) at ../sysdeps/ieee754/dbl-64/e_pow.c:184
#2  0x00007ffff76bcb14 in __pow (x=-2, y=3) at w_pow_compat.c:30
#3  0x0000555555555d5f in std::pow<double, int> (__x=-2, __y=3) at /usr/include/c++/7/cmath:418
#4  0x00005555555551e7 in predict (v=-2) at lreg.cpp:50
#5  0x00005555555553ac in partialDerivate (pos=0) at lreg.cpp:74
#6  0x00005555555554b3 in adjust (alpha=2.2222199999999999e-05) at lreg.cpp:87
#7  0x000055555555565c in train (iterations=30000, alpha=2.2222199999999999e-05, N=4, stopsWhenStable=true) at lreg.cpp:120
#8  0x0000555555555ab7 in main (argc=3, argv=0x7fffffffde58) at lreg.cpp:174

80	in ../sysdeps/ieee754/dbl-64/e_pow.c

Backtrace END
Fliping value of field name: x
Memory content before bitflip:0x6a0x010xf80xff0xff0xff0x070x42
Fault Model: Double bit-flip
base address to flip value: 0x7ffff779f5b0 
address max offset: 8
Memory content after  bitflip:0x6a0x010xf80xde0xff0xff0x070x42
frame name: __ieee754_pow_sse2
symbol name: bigv
symbol filename: ../sysdeps/ieee754/dbl-64/upow.h
symbol line: 53
value: {i = {-554172054, 1107820543}, x = 12884900831.00069}
value address: 0x7ffff779f5b0 <bigv>
Type: The type is a union.
Type sizeof: 8
Field name: i
Field Type: The type is an array.
Field Type sizeof: 8
Field name: x
Field Type: A floating point type.
Field Type sizeof: 8

[INFO -- 2018-11-23 19:55:16]
Fault Injection Successful after 1.4888181686401367s
[INFO -- 2018-11-23 19:55:16]
event type: exit
[INFO -- 2018-11-23 19:55:16]
exit code: 0
