[INFO -- 2018-09-15 12:59:35]
Starting flip_value script
version: 1.1
[INFO -- 2018-09-15 12:59:35]
Initialization strings:
[INFO -- 2018-09-15 12:59:35]
(1) file /tmp/lreg/lreg
[INFO -- 2018-09-15 12:59:35]
(2) set args /tmp/lreg/randInput /tmp/lreg/output
[INFO -- 2018-09-15 12:59:35]
initSignal:0
[INFO -- 2018-09-15 12:59:35]
endSignal:2
[INFO -- 2018-09-15 12:59:35]
faultModel:0
[INFO -- 2018-09-15 12:59:37]
Backtrace BEGIN:
#0  log1 (error=<synthetic pointer>, delta=<synthetic pointer>, x=12) at ../sysdeps/ieee754/dbl-64/e_pow.c:328
#1  __ieee754_pow_sse2 (x=12, y=3) at ../sysdeps/ieee754/dbl-64/e_pow.c:103
#2  0x00007ffff76d66be in __ieee754_pow_sse2 (x=<optimized out>, y=<optimized out>) at ../sysdeps/ieee754/dbl-64/e_pow.c:184
#3  0x00007ffff76b7b14 in __pow (x=-12, y=3) at w_pow_compat.c:30
#4  0x0000555555555f39 in std::pow<double, int> (__x=-12, __y=3) at /usr/include/c++/7/cmath:418
#5  0x0000555555555237 in predict (v=-12) at lreg.cpp:50
#6  0x00005555555553fc in partialDerivate (pos=0) at lreg.cpp:74
#7  0x0000555555555503 in adjust (alpha=2.2222199999999999e-05) at lreg.cpp:87
#8  0x00005555555556ac in train (iterations=90000, alpha=2.2222199999999999e-05, N=4, stopsWhenStable=true) at lreg.cpp:120
#9  0x0000555555555c26 in main (argc=3, argv=0x7fffffffde68) at lreg.cpp:182

323	../sysdeps/ieee754/dbl-64/e_pow.c: No such file or directory.

Backtrace END
Fliping value of field name: i
Fliping array at pos: 1
Memory content before bitflip:0xff0xff0x970x42
Fault Model: Single bit-flip
base address to flip value: 0x7ffff779a5bc 
address max offset: 4
Memory content after  bitflip:0xfe0xff0x970x42
frame name: __ieee754_pow_sse2
symbol name: bigu
symbol filename: ../sysdeps/ieee754/dbl-64/upow.h
symbol line: 52
value: {i = {-724, 1117257726}, x = 6597065572351.293}
value address: 0x7ffff779a5b8 <bigu>
Type: The type is a union.
Type sizeof: 8
Field name: i
Field Type: The type is an array.
Field Type sizeof: 8
Field name: x
Field Type: A floating point type.
Field Type sizeof: 8

[INFO -- 2018-09-15 12:59:37]
Fault Injection Successful after 2.674703598022461s
[INFO -- 2018-09-15 12:59:42]
event type: exit
[INFO -- 2018-09-15 12:59:42]
exit code: 0
