[INFO -- 2018-11-29 13:39:05]
Starting flip_value script
version: 1.1
[INFO -- 2018-11-29 13:39:05]
Initialization strings:
[INFO -- 2018-11-29 13:39:05]
(1) file /tmp/lreg/lreg
[INFO -- 2018-11-29 13:39:05]
(2) set args /tmp/lreg/randInput /tmp/lreg/output /tmp/lreg/detected.log
[INFO -- 2018-11-29 13:39:05]
initSignal:0
[INFO -- 2018-11-29 13:39:05]
endSignal:6
[INFO -- 2018-11-29 13:39:05]
faultModel:0
[INFO -- 2018-11-29 13:39:07]
Backtrace BEGIN:
#0  log1 (error=<synthetic pointer>, delta=<synthetic pointer>, x=5) at ../sysdeps/ieee754/dbl-64/e_pow.c:335
#1  __ieee754_pow_sse2 (x=5, y=3) at ../sysdeps/ieee754/dbl-64/e_pow.c:103
#2  0x00007ffff76bcb14 in __pow (x=5, y=3) at w_pow_compat.c:30
#3  0x000055555555621b in std::pow<double, int> (__x=5, __y=3) at /usr/include/c++/7/cmath:418
#4  0x0000555555555237 in predict (v=5) at lreg.cpp:50
#5  0x000055555555530a in meanSquaredError () at lreg.cpp:61
#6  0x00005555555556b1 in train (iterations=30000, alpha=2.2222199999999999e-05, N=4, stopsWhenStable=true) at lreg.cpp:121
#7  0x0000555555555a1c in execute (input=0x7fffffffe1f1 "/tmp/lreg/randInput") at lreg.cpp:157
#8  0x0000555555555c78 in main (argc=4, argv=0x7fffffffde48) at lreg.cpp:193

330	../sysdeps/ieee754/dbl-64/e_pow.c: No such file or directory.

Backtrace END
Fliping value of field name: x
Memory content before bitflip:0x000x380xfa0xfe0x420x2e0xe60x3f
Fault Model: Single bit-flip
base address to flip value: 0x7ffff779f5c8 
address max offset: 8
Memory content after  bitflip:0x000x380xfa0xfe0x420x2c0xe60x3f
frame name: log1
symbol name: ln2a
symbol filename: ../sysdeps/ieee754/dbl-64/upow.h
symbol line: 50
value: {i = {-17156096, 1072049218}, x = 0.69290303993489033}
value address: 0x7ffff779f5c8 <ln2a>
Type: The type is a union.
Type sizeof: 8
Field name: i
Field Type: The type is an array.
Field Type sizeof: 8
Field name: x
Field Type: A floating point type.
Field Type sizeof: 8

[INFO -- 2018-11-29 13:39:07]
Fault Injection Successful after 2.3489181995391846s
[INFO -- 2018-11-29 13:39:12]
event type: exit
[INFO -- 2018-11-29 13:39:12]
exit code: 0
