[INFO -- 2018-10-13 16:11:26]
Starting flip_value script
version: 1.1
[INFO -- 2018-10-13 16:11:26]
Initialization strings:
[INFO -- 2018-10-13 16:11:26]
(1) file /tmp/lreg/lreg
[INFO -- 2018-10-13 16:11:26]
(2) set args /tmp/lreg/randInput /tmp/lreg/output
[INFO -- 2018-10-13 16:11:26]
initSignal:0
[INFO -- 2018-10-13 16:11:26]
endSignal:10
[INFO -- 2018-10-13 16:11:26]
faultModel:2
[INFO -- 2018-10-13 16:11:30]
Backtrace BEGIN:
#0  0x00007ffff76bcb47 in __pow (x=9, y=0) at w_pow_compat.c:55
#1  0x00005555555560ba in std::pow<double, unsigned int> (__x=9, __y=0) at /usr/include/c++/7/cmath:418
#2  0x00005555555552c2 in predict (v=9) at lreg.cpp:77
#3  0x000055555555551d in partialDerivate (pos=3) at lreg.cpp:107
#4  0x0000555555555670 in adjust () at lreg.cpp:123
#5  0x0000555555555881 in train (iterations=90000, N=4, stopsWhenStable=true) at lreg.cpp:159
#6  0x0000555555555dba in main (argc=3, argv=0x7fffffffde68) at lreg.cpp:225

50	w_pow_compat.c: No such file or directory.

Backtrace END
Memory content before bitflip:0x000x000x000x000x000x000x220x40
Fault Model: Random bit-flip
base address to flip value: 0x7fffffffd6a0
address max offset: 8
Memory content after  bitflip:0xa40x0f0xc10xf80xb40xc50xe10x5b
frame name: __pow
symbol name: x
symbol filename: w_pow_compat.c
symbol line: 28
value: 4.0367470387586079e+134
value address: 0x7fffffffd6a0
Type: A floating point type.
Type sizeof: 8

[INFO -- 2018-10-13 16:11:30]
Fault Injection Successful after 4.587643146514893s
[INFO -- 2018-10-13 16:11:35]
event type: exit
[INFO -- 2018-10-13 16:11:35]
exit code: 0
