[INFO -- 2018-11-07 15:45:30]
Starting flip_value script
version: 1.1
[INFO -- 2018-11-07 15:45:30]
Initialization strings:
[INFO -- 2018-11-07 15:45:30]
(1) file /tmp/lreg/lreg
[INFO -- 2018-11-07 15:45:30]
(2) set args /tmp/lreg/randInput /tmp/lreg/output /tmp/lreg/detected.log
[INFO -- 2018-11-07 15:45:30]
initSignal:0
[INFO -- 2018-11-07 15:45:30]
endSignal:10
[INFO -- 2018-11-07 15:45:30]
faultModel:0
[EXCEPTION -- 2018-11-07 15:45:33]
pythonException: Unable to exit loop in struct fields; Exiting wihtout making a bit flip
[INFO -- 2018-11-07 15:45:33]
Backtrace BEGIN:
#0  0x00007ffff76da519 in __ieee754_pow_sse2 (x=-8, y=1) at ../sysdeps/ieee754/dbl-64/e_pow.c:65
#1  0x00007ffff76bcb14 in __pow (x=-8, y=1) at w_pow_compat.c:30
#2  0x0000555555556131 in std::pow<double, int> (__x=-8, __y=1) at /usr/include/c++/7/cmath:418
#3  0x0000555555555237 in predict (v=-8) at lreg.cpp:50
#4  0x00005555555552ba in meanSquaredError () at lreg.cpp:61
#5  0x00005555555556b1 in train (iterations=30000, alpha=5.0000000000000002e-05, N=3, stopsWhenStable=true) at lreg.cpp:121
#6  0x0000555555555a1c in execute (input=0x7fffffffe1f2 "/tmp/lreg/randInput") at lreg.cpp:157
#7  0x0000555555555c60 in main (argc=4, argv=0x7fffffffde48) at lreg.cpp:191

60	in ../sysdeps/ieee754/dbl-64/e_pow.c

Backtrace END
Fliping value of field name: i
Fliping array at pos: 1
Memory content before bitflip:0x420x2e0xe60x3f
Fault Model: Single bit-flip
base address to flip value: 0x7ffff779f5cc 
address max offset: 4
Memory content after  bitflip:0x520x2e0xe60x3f
frame name: __ieee754_pow_sse2
symbol name: ln2a
symbol filename: ../sysdeps/ieee754/dbl-64/upow.h
symbol line: 50
value: {i = {-17156096, 1072049746}, x = 0.69315480995442158}
value address: 0x7ffff779f5c8 <ln2a>
Type: The type is a union.
Type sizeof: 8
Field name: i
Field Type: The type is an array.
Field Type sizeof: 8
Field name: x
Field Type: A floating point type.
Field Type sizeof: 8

[INFO -- 2018-11-07 15:45:33]
Fault Injection Successful after 3.612351417541504s
[INFO -- 2018-11-07 15:45:51]
event type: exit
[INFO -- 2018-11-07 15:45:51]
exit code: 0
