[INFO -- 2018-09-15 15:25:28]
Starting flip_value script
version: 1.1
[INFO -- 2018-09-15 15:25:28]
Initialization strings:
[INFO -- 2018-09-15 15:25:28]
(1) file /tmp/lreg/lreg
[INFO -- 2018-09-15 15:25:28]
(2) set args /tmp/lreg/randInput /tmp/lreg/output
[INFO -- 2018-09-15 15:25:28]
initSignal:0
[INFO -- 2018-09-15 15:25:28]
endSignal:2
[INFO -- 2018-09-15 15:25:28]
faultModel:1
[INFO -- 2018-09-15 15:25:29]
Backtrace BEGIN:
#0  std::_Destroy_aux<true>::__destroy<__gnu_cxx::__normal_iterator<double*, std::vector<double, std::allocator<double> > > > () at /usr/include/c++/7/bits/stl_construct.h:117
#1  0x000055555555731a in std::_Destroy<__gnu_cxx::__normal_iterator<double*, std::vector<double, std::allocator<double> > > > (__first=1.6304166312761136e-322, __last=1.6304166312761136e-322) at /usr/include/c++/7/bits/stl_construct.h:137
#2  0x0000555555556b5f in std::_Destroy<__gnu_cxx::__normal_iterator<double*, std::vector<double, std::allocator<double> > >, double> (__first=1.6304166312761136e-322, __last=1.6304166312761136e-322) at /usr/include/c++/7/bits/stl_construct.h:206
#3  0x0000555555556435 in std::vector<double, std::allocator<double> >::operator= (this=0x7fffffffd870, __x=std::vector of length 3, capacity 3 = {...}) at /usr/include/c++/7/bits/vector.tcc:218
#4  0x00005555555556f2 in train (iterations=60000, alpha=5.0000000000000002e-05, N=3, stopsWhenStable=true) at lreg.cpp:124
#5  0x0000555555555c26 in main (argc=3, argv=0x7fffffffde68) at lreg.cpp:182

112	  template<>
113	    struct _Destroy_aux<true>
114	    {
115	      template<typename _ForwardIterator>
116	        static void
117	        __destroy(_ForwardIterator, _ForwardIterator) { }
118	    };
119	
120	  /**
121	   * Destroy a range of objects.  If the value_type of the object has

Backtrace END
Memory content before bitflip:0x030x000x000x00
Fault Model: Double bit-flip
base address to flip value: 0x7fffffffd934
address max offset: 4
Memory content after  bitflip:0x420x000x000x00
frame name: main
symbol name: N
symbol filename: lreg.cpp
symbol line: 169
value: 66
value address: 0x7fffffffd934
Type: The type is an integer type.
Type sizeof: 4

[INFO -- 2018-09-15 15:25:29]
Fault Injection Successful after 1.7082865238189697s
[INFO -- 2018-09-15 15:25:36]
event type: exit
[INFO -- 2018-09-15 15:25:36]
exit code: 0
