[INFO -- 2018-10-12 14:47:05]
Starting flip_value script
version: 1.1
[INFO -- 2018-10-12 14:47:05]
Initialization strings:
[INFO -- 2018-10-12 14:47:05]
(1) file /tmp/lreg/lreg
[INFO -- 2018-10-12 14:47:05]
(2) set args /tmp/lreg/randInput /tmp/lreg/output
[INFO -- 2018-10-12 14:47:05]
initSignal:0
[INFO -- 2018-10-12 14:47:05]
endSignal:10
[INFO -- 2018-10-12 14:47:05]
faultModel:2
[INFO -- 2018-10-12 14:47:06]
Backtrace BEGIN:
#0  0x000055555555554e in partialDerivate (pos=2) at lreg.cpp:107
#1  0x0000555555555670 in adjust () at lreg.cpp:123
#2  0x0000555555555881 in train (iterations=60000, N=3, stopsWhenStable=true) at lreg.cpp:159
#3  0x0000555555555dba in main (argc=3, argv=0x7fffffffde68) at lreg.cpp:225

102		double pD = 0;
103		for(UINT i1 = 0, i2 = 0, i3 = 0; 
104			selectTriUInt(i1, i2, i3)<x.size(); 
105			i1++, i2++, i3++)
106		{
107			pD += ((predict(x[selectTriUInt(i1, i2, i3)]) - y[selectTriUInt(i1, i2, i3)])*pow(x[selectTriUInt(i1, i2, i3)], pos));	
108		}
109		pD *= (2.0/x.size());
110		return pD;
111	}

Backtrace END
Memory content before bitflip:0x870x3d0x000x00
Fault Model: Random bit-flip
base address to flip value: 0x7fffffffd818
address max offset: 4
Memory content after  bitflip:0x870xed0xe90x88
frame name: train
symbol name: i2
symbol filename: lreg.cpp
symbol line: 154
value: 2297032071
value address: 0x7fffffffd818
Type: The type is an integer type.
Type sizeof: 4

[INFO -- 2018-10-12 14:47:06]
Fault Injection Successful after 1.4040586948394775s
[INFO -- 2018-10-12 14:47:15]
event type: exit
[INFO -- 2018-10-12 14:47:15]
exit code: 0
