[INFO -- 2018-10-12 21:11:37]
Starting flip_value script
version: 1.1
[INFO -- 2018-10-12 21:11:37]
Initialization strings:
[INFO -- 2018-10-12 21:11:37]
(1) file /tmp/lreg/lreg
[INFO -- 2018-10-12 21:11:37]
(2) set args /tmp/lreg/randInput /tmp/lreg/output
[INFO -- 2018-10-12 21:11:37]
initSignal:0
[INFO -- 2018-10-12 21:11:37]
endSignal:10
[INFO -- 2018-10-12 21:11:37]
faultModel:0
[EXCEPTION -- 2018-10-12 21:11:39]
pythonException: Unable to exit loop in struct fields; Exiting wihtout making a bit flip
[INFO -- 2018-10-12 21:11:39]
Backtrace BEGIN:
#0  0x00005555555578f3 in std::__niter_base<double const*, std::vector<double, std::allocator<double> > > (__it=0) at /usr/include/c++/7/bits/stl_iterator.h:984
#1  0x0000555555557c91 in std::__copy_move_a2<false, __gnu_cxx::__normal_iterator<double const*, std::vector<double, std::allocator<double> > >, double*> (__first=-1.971985378130567, __last=0, __result=0x555555771470) at /usr/include/c++/7/bits/stl_algobase.h:422
#2  0x0000555555557b05 in std::copy<__gnu_cxx::__normal_iterator<double const*, std::vector<double, std::allocator<double> > >, double*> (__first=-1.971985378130567, __last=0, __result=0x555555771470) at /usr/include/c++/7/bits/stl_algobase.h:456
#3  0x0000555555557888 in std::__uninitialized_copy<true>::__uninit_copy<__gnu_cxx::__normal_iterator<double const*, std::vector<double, std::allocator<double> > >, double*> (__first=-1.971985378130567, __last=0, __result=0x555555771470) at /usr/include/c++/7/bits/stl_uninitialized.h:101
#4  0x00005555555572fe in std::uninitialized_copy<__gnu_cxx::__normal_iterator<double const*, std::vector<double, std::allocator<double> > >, double*> (__first=-1.971985378130567, __last=0, __result=0x555555771470) at /usr/include/c++/7/bits/stl_uninitialized.h:134
#5  0x0000555555556a57 in std::__uninitialized_copy_a<__gnu_cxx::__normal_iterator<double const*, std::vector<double, std::allocator<double> > >, double*, double> (__first=-1.971985378130567, __last=0, __result=0x555555771470) at /usr/include/c++/7/bits/stl_uninitialized.h:289
#6  0x00005555555562dd in std::vector<double, std::allocator<double> >::vector (this=0x7fffffffd890, __x=std::vector of length 2, capacity 2 = {...}) at /usr/include/c++/7/bits/stl_vector.h:331
#7  0x00005555555558e8 in train (iterations=30000, N=2, stopsWhenStable=true) at lreg.cpp:165
#8  0x0000555555555dba in main (argc=3, argv=0x7fffffffde68) at lreg.cpp:225

979	_GLIBCXX_BEGIN_NAMESPACE_VERSION
980	
981	  template<typename _Iterator, typename _Container>
982	    _Iterator
983	    __niter_base(__gnu_cxx::__normal_iterator<_Iterator, _Container> __it)
984	    { return __it.base(); }
985	
986	_GLIBCXX_END_NAMESPACE_VERSION
987	} // namespace
988	

Backtrace END
Memory content before bitflip:0x2d0x430x1c0xeb0xe20x360x2a0x3f
Fault Model: Single bit-flip
base address to flip value: 0x55555575a1a8 
address max offset: 8
Memory content after  bitflip:0x250x430x1c0xeb0xe20x360x2a0x3f
frame name: std::__niter_base<double const*, std::vector<double, std::allocator<double> > >
symbol name: a3
symbol filename: lreg.cpp
symbol line: 45
value: 0.00019999999999999979
value address: 0x55555575a1a8 <a3>
Type: A floating point type.
Type sizeof: 8

[INFO -- 2018-10-12 21:11:39]
Fault Injection Successful after 2.7852022647857666s
[INFO -- 2018-10-12 21:11:49]
event type: exit
[INFO -- 2018-10-12 21:11:49]
exit code: 0
