[INFO -- 2018-09-30 21:18:20]
Starting flip_value script
version: 1.1
[INFO -- 2018-09-30 21:18:20]
Initialization strings:
[INFO -- 2018-09-30 21:18:20]
(1) file /tmp/lreg/lreg
[INFO -- 2018-09-30 21:18:20]
(2) set args /tmp/lreg/randInput /tmp/lreg/output
[INFO -- 2018-09-30 21:18:20]
initSignal:0
[INFO -- 2018-09-30 21:18:20]
endSignal:10
[INFO -- 2018-09-30 21:18:20]
faultModel:0
[INFO -- 2018-09-30 21:18:25]
Backtrace BEGIN:
#0  libc_feholdsetround_sse_ctx (r=0, ctx=<synthetic pointer>) at ../sysdeps/i386/fpu/fenv_private.h:447
#1  __ieee754_pow_sse2 (x=5, y=3) at ../sysdeps/ieee754/dbl-64/e_pow.c:97
#2  0x00007ffff76b7b14 in __pow (x=5, y=3) at w_pow_compat.c:30
#3  0x0000555555555f39 in std::pow<double, int> (__x=5, __y=3) at /usr/include/c++/7/cmath:418
#4  0x0000555555555237 in predict (v=5) at lreg.cpp:50
#5  0x00005555555553fc in partialDerivate (pos=3) at lreg.cpp:74
#6  0x0000555555555503 in adjust (alpha=2.2222199999999999e-05) at lreg.cpp:87
#7  0x00005555555556ac in train (iterations=90000, alpha=2.2222199999999999e-05, N=4, stopsWhenStable=true) at lreg.cpp:120
#8  0x0000555555555c26 in main (argc=3, argv=0x7fffffffde58) at lreg.cpp:182

442	../sysdeps/i386/fpu/fenv_private.h: No such file or directory.

Backtrace END
Fliping value of field name: x
Memory content before bitflip:0xff0x030x000x000x000x000x300x43
Fault Model: Single bit-flip
base address to flip value: 0x7ffff779a5a0 
address max offset: 8
Memory content after  bitflip:0xff0x030x000x000x000x040x300x43
frame name: __ieee754_pow_sse2
symbol name: two52e
symbol filename: ../sysdeps/ieee754/dbl-64/upow.h
symbol line: 55
value: {i = {1023, 1127220224}, x = 4507997673882623}
value address: 0x7ffff779a5a0 <two52e>
Type: The type is a union.
Type sizeof: 8
Field name: i
Field Type: The type is an array.
Field Type sizeof: 8
Field name: x
Field Type: A floating point type.
Field Type sizeof: 8

[INFO -- 2018-09-30 21:18:25]
Fault Injection Successful after 5.9013378620147705s
[INFO -- 2018-09-30 21:18:32]
event type: exit
[INFO -- 2018-09-30 21:18:32]
exit code: 0
