[INFO -- 2018-09-05 18:49:58]
Starting flip_value script
version: 1.1
[INFO -- 2018-09-05 18:49:58]
Initialization strings:
[INFO -- 2018-09-05 18:49:58]
(1) file /tmp/lreg/lreg
[INFO -- 2018-09-05 18:49:58]
(2) set args /tmp/lreg/randInput /tmp/lreg/output
[INFO -- 2018-09-05 18:49:58]
initSignal:0
[INFO -- 2018-09-05 18:49:58]
endSignal:2
[INFO -- 2018-09-05 18:49:58]
faultModel:2
[INFO -- 2018-09-05 18:49:59]
Backtrace BEGIN:
#0  dl_main (phdr=<optimized out>, phnum=<optimized out>, user_entry=<optimized out>, auxv=<optimized out>) at rtld.c:2289
#1  0x00007ffff7defdd0 in _dl_sysdep_start (start_argptr=start_argptr@entry=0x7fffffffde70, dl_main=dl_main@entry=0x7ffff7dd7660 <dl_main>) at ../elf/dl-sysdep.c:253
#2  0x00007ffff7dd7128 in _dl_start_final (arg=0x7fffffffde70) at rtld.c:414
#3  _dl_start (arg=0x7fffffffde70) at rtld.c:521
#4  0x00007ffff7dd6098 in _start () from /lib64/ld-linux-x86-64.so.2
#5  0x0000000000000003 in ?? ()
#6  0x00007fffffffe216 in ?? ()
#7  0x00007fffffffe225 in ?? ()
#8  0x00007fffffffe239 in ?? ()
#9  0x0000000000000000 in ?? ()

2284	rtld.c: No such file or directory.

Backtrace END
Fliping array at pos: 0
Memory content before bitflip:0x64
Fault Model: Random bit-flip
base address to flip value: 0x7ffff7df7738  
address max offset: 1
Memory content after  bitflip:0x89
frame name: dl_main
symbol name: __PRETTY_FUNCTION__
symbol filename: rtld.c
symbol line: 0
value: "\211l_main"
value address: 0x7ffff7df7738 <__PRETTY_FUNCTION__.10243>
Type: The type is an array.
Type sizeof: 8
Field name: None
Field Type: A range type, that is, an integer type with bounds.
Field Type sizeof: 8
Field Type range: (0, 7)

[INFO -- 2018-09-05 18:49:59]
Fault Injection Successful after 1.3576512336730957s
[INFO -- 2018-09-05 18:50:06]
event type: exit
[INFO -- 2018-09-05 18:50:06]
exit code: 0
