[INFO -- 2018-10-11 20:16:55]
Starting flip_value script
version: 1.1
[INFO -- 2018-10-11 20:16:55]
Initialization strings:
[INFO -- 2018-10-11 20:16:55]
(1) file /tmp/lreg/lreg
[INFO -- 2018-10-11 20:16:55]
(2) set args /tmp/lreg/randInput /tmp/lreg/output
[INFO -- 2018-10-11 20:16:55]
initSignal:0
[INFO -- 2018-10-11 20:16:55]
endSignal:10
[INFO -- 2018-10-11 20:16:55]
faultModel:2
[INFO -- 2018-10-11 20:16:57]
Backtrace BEGIN:
#0  0x00005555555553a3 in meanSquaredError () at lreg.cpp:91
#1  0x0000555555555886 in train (iterations=90000, N=4, stopsWhenStable=true) at lreg.cpp:160
#2  0x0000555555555dba in main (argc=3, argv=0x7fffffffde68) at lreg.cpp:225

86		double error = 0;
87		for(UINT i1 = 0, i2 = 0, i3 = 0; 
88			selectTriUInt(i1, i2, i3)<x.size(); 
89			i1++, i2++, i3++)
90		{
91			error+= ((predict(x[selectTriUInt(i1, i2, i3)]) - y[selectTriUInt(i1, i2, i3)]) * (predict(x[selectTriUInt(i1, i2, i3)]) - y[selectTriUInt(i1, i2, i3)]));	
92		}
93		error /= x.size();
94		return error;
95	

Backtrace END
Memory content before bitflip:0x460x5a0xb70xf40x390x4d0xf70x3e
Fault Model: Random bit-flip
base address to flip value: 0x55555575a198 
address max offset: 8
Memory content after  bitflip:0xa90x1e0xbf0x7f0x3d0x860x160xc2
frame name: meanSquaredError
symbol name: a1
symbol filename: lreg.cpp
symbol line: 45
value: -24185364463.779942
value address: 0x55555575a198 <a1>
Type: A floating point type.
Type sizeof: 8

[INFO -- 2018-10-11 20:16:57]
Fault Injection Successful after 2.6330974102020264s
[INFO -- 2018-10-11 20:17:04]
event type: exit
[INFO -- 2018-10-11 20:17:04]
exit code: 0
