[INFO -- 2018-11-27 21:36:04]
Starting flip_value script
version: 1.1
[INFO -- 2018-11-27 21:36:04]
Initialization strings:
[INFO -- 2018-11-27 21:36:04]
(1) file /tmp/lreg/lreg
[INFO -- 2018-11-27 21:36:04]
(2) set args /tmp/lreg/randInput /tmp/lreg/output
[INFO -- 2018-11-27 21:36:04]
initSignal:0
[INFO -- 2018-11-27 21:36:04]
endSignal:3
[INFO -- 2018-11-27 21:36:04]
faultModel:0
[INFO -- 2018-11-27 21:36:06]
Backtrace BEGIN:
#0  0x00005555555567c0 in std::vector<double, std::allocator<double> >::operator[] (this=0x3, __n=3) at /usr/include/c++/7/bits/stl_vector.h:795
#1  0x000055555555594d in meanSquaredError () at lreg.cpp:128
#2  0x0000555555555ee5 in train (iter1=20000, iter2=20000, N=3, alpha1=5.0000000000000002e-05, alpha2=5.0000000000000002e-05, stopsWhenStable=true) at lreg.cpp:194
#3  0x0000555555556467 in main (argc=3, argv=0x7fffffffde58) at lreg.cpp:253

790	       *  Note that data access with this operator is unchecked and
791	       *  out_of_range lookups are not defined. (For checked lookups
792	       *  see at().)
793	       */
794	      reference
795	      operator[](size_type __n) _GLIBCXX_NOEXCEPT
796	      {
797		__glibcxx_requires_subscript(__n);
798		return *(this->_M_impl._M_start + __n);
799	      }

Backtrace END
Memory content before bitflip:0x030x000x000x000x000x000x000x00
Fault Model: Single bit-flip
base address to flip value: 0x7fffffffd750
address max offset: 8
Memory content after  bitflip:0x030x000x000x000x000x000x020x00
frame name: std::vector<double, std::allocator<double> >::operator[]
symbol name: __n
symbol filename: /usr/include/c++/7/bits/stl_vector.h
symbol line: 795
value: 562949953421315
value address: 0x7fffffffd750
Type: The type is an integer type.
Type sizeof: 8

[INFO -- 2018-11-27 21:36:06]
Fault Injection Successful after 2.282447099685669s
[INFO -- 2018-11-27 21:36:10]
event type: exit
[INFO -- 2018-11-27 21:36:10]
exit code: 0
