[INFO -- 2018-11-16 10:30:21]
Starting flip_value script
version: 1.1
[INFO -- 2018-11-16 10:30:21]
Initialization strings:
[INFO -- 2018-11-16 10:30:21]
(1) file /tmp/lreg/lreg
[INFO -- 2018-11-16 10:30:21]
(2) set args /tmp/lreg/randInput /tmp/lreg/output
[INFO -- 2018-11-16 10:30:21]
initSignal:0
[INFO -- 2018-11-16 10:30:21]
endSignal:5
[INFO -- 2018-11-16 10:30:21]
faultModel:2
[INFO -- 2018-11-16 10:30:24]
Backtrace BEGIN:
#0  0x0000555555555814 in predict (v=5) at lreg.cpp:116
#1  0x0000555555555a53 in partialDerivate (pos1=0, pos2=0) at lreg.cpp:142
#2  0x0000555555555bbe in adjust (alpha1=5.0000000000000002e-05, alpha2=5.0000000000000002e-05) at lreg.cpp:156
#3  0x0000555555555ee0 in train (iter1=30000, iter2=30000, N=3, alpha1=5.0000000000000002e-05, alpha2=5.0000000000000002e-05, stopsWhenStable=true) at lreg.cpp:193
#4  0x0000555555556467 in main (argc=3, argv=0x7fffffffde58) at lreg.cpp:253

111	*/
112	double predict(double v){
113		double val = 0;
114		
115		for(UINT i1 = 0, i2 = 0; verifyUintDup(i1, i2)<T1.size(); i1++, i2++){
116			val+= (verifyDoubleDup(T1[verifyUintDup(i1, i2)], T2[verifyUintDup(i1, i2)]) * pow(v, verifyUintDup(i1, i2)));
117		}
118		return val;
119		
120	}

Backtrace END
Fliping value of field: std::_Vector_base<double, std::allocator<double> >
Fliping value of field: _M_impl
Fliping value of field: _M_end_of_storage
Fliping a bit of the pointer
Memory content before bitflip:0x380x250x770x550x550x550x000x00
Fault Model: Random bit-flip
base address to flip value: 0x55555575b190 
address max offset: 8
Memory content after  bitflip:0x410x2b0x470x440x720x370xee0xe8
frame name: train
symbol name: T1
symbol filename: lreg.cpp
symbol line: 36
value: std::vector of length 3, capacity -207803009192034107 = {-0.62457336730879875, 1.9953703658100443, 1.9951118782474744}
value address: 0x55555575b180 <T1>
Type: The type is a structure.
Type sizeof: 24
Field name: std::_Vector_base<double, std::allocator<double> >
Field Type: The type is a structure.
Field Type sizeof: 24

[INFO -- 2018-11-16 10:30:24]
Fault Injection Successful after 3.1556787490844727s
[INFO -- 2018-11-16 10:30:30]
event type: exit
[INFO -- 2018-11-16 10:30:30]
exit code: 0
