[INFO -- 2018-11-26 16:56:40]
Starting flip_value script
version: 1.1
[INFO -- 2018-11-26 16:56:40]
Initialization strings:
[INFO -- 2018-11-26 16:56:40]
(1) file /tmp/lreg/lreg
[INFO -- 2018-11-26 16:56:40]
(2) set args /tmp/lreg/randInput /tmp/lreg/output
[INFO -- 2018-11-26 16:56:40]
initSignal:0
[INFO -- 2018-11-26 16:56:40]
endSignal:3
[INFO -- 2018-11-26 16:56:40]
faultModel:1
[INFO -- 2018-11-26 16:56:40]
Backtrace BEGIN:
#0  0x0000555555555254 in verifyDoubleDup (a=-1.0006616903632262, b=-1.0006616903632262) at lreg.cpp:71
#1  0x00005555555557ea in predict (v=-10) at lreg.cpp:116
#2  0x0000555555555928 in meanSquaredError () at lreg.cpp:128
#3  0x0000555555555ee5 in train (iter1=10000, iter2=10000, N=2, alpha1=0.00020000000000000001, alpha2=0.00020000000000000001, stopsWhenStable=true) at lreg.cpp:194
#4  0x0000555555556467 in main (argc=3, argv=0x7fffffffde58) at lreg.cpp:253

66	        detected = 1;	
67		}
68		return a;
69	}
70	double verifyDoubleDup(double a, double b){
71		if (a != b && detected != 1){
72			//gerar entrada no log
73			ofstream fp ("/tmp/lreg/detected.log", std::ofstream::app);
74			fp << "verifyDouble: a = "<<a<<"; b = "<<b<<endl;
75	        detected = 1;	

Backtrace END
Memory content before bitflip:0x100x270x000x00
Fault Model: Double bit-flip
base address to flip value: 0x7fffffffd8dc
address max offset: 4
Memory content after  bitflip:0x100x270x810x00
frame name: main
symbol name: iterations
symbol filename: lreg.cpp
symbol line: 236
value: 8464144
value address: 0x7fffffffd8dc
Type: The type is an integer type.
Type sizeof: 4

[INFO -- 2018-11-26 16:56:40]
Fault Injection Successful after 0.8514480590820312s
[INFO -- 2018-11-26 16:56:42]
event type: exit
[INFO -- 2018-11-26 16:56:42]
exit code: 0
