[INFO -- 2018-10-06 15:34:42]
Starting flip_value script
version: 1.1
[INFO -- 2018-10-06 15:34:42]
Initialization strings:
[INFO -- 2018-10-06 15:34:42]
(1) file /tmp/lreg/lreg
[INFO -- 2018-10-06 15:34:42]
(2) set args /tmp/lreg/randInput /tmp/lreg/output
[INFO -- 2018-10-06 15:34:42]
initSignal:0
[INFO -- 2018-10-06 15:34:42]
endSignal:10
[INFO -- 2018-10-06 15:34:42]
faultModel:0
[INFO -- 2018-10-06 15:34:45]
Backtrace BEGIN:
#0  0x00007ffff76d5b40 in checkint (x=3) at ../sysdeps/ieee754/dbl-64/e_pow.c:463
#1  __ieee754_pow_sse2 (x=0, y=3) at ../sysdeps/ieee754/dbl-64/e_pow.c:135
#2  0x00007ffff76b7b14 in __pow (x=0, y=3) at w_pow_compat.c:30
#3  0x00005555555560ba in std::pow<double, unsigned int> (__x=0, __y=3) at /usr/include/c++/7/cmath:418
#4  0x00005555555552c2 in predict (v=0) at lreg.cpp:77
#5  0x000055555555551d in partialDerivate (pos=1) at lreg.cpp:107
#6  0x0000555555555670 in adjust () at lreg.cpp:123
#7  0x0000555555555881 in train (iterations=90000, N=4, stopsWhenStable=true) at lreg.cpp:159
#8  0x0000555555555dba in main (argc=3, argv=0x7fffffffde68) at lreg.cpp:225

458	../sysdeps/ieee754/dbl-64/e_pow.c: No such file or directory.

Backtrace END
Memory content before bitflip:0x030x000x000x00
Fault Model: Single bit-flip
base address to flip value: 0x7fffffffd724
address max offset: 4
Memory content after  bitflip:0x030x000x000x02
frame name: predict
symbol name: i3
symbol filename: lreg.cpp
symbol line: 73
value: 33554435
value address: 0x7fffffffd724
Type: The type is an integer type.
Type sizeof: 4

[INFO -- 2018-10-06 15:34:45]
Fault Injection Successful after 3.0626938343048096s
[INFO -- 2018-10-06 15:34:51]
event type: exit
[INFO -- 2018-10-06 15:34:51]
exit code: 0
