[INFO -- 2018-10-08 18:15:36]
Starting flip_value script
version: 1.1
[INFO -- 2018-10-08 18:15:36]
Initialization strings:
[INFO -- 2018-10-08 18:15:36]
(1) file /tmp/lreg/lreg
[INFO -- 2018-10-08 18:15:36]
(2) set args /tmp/lreg/randInput /tmp/lreg/output
[INFO -- 2018-10-08 18:15:36]
initSignal:0
[INFO -- 2018-10-08 18:15:36]
endSignal:10
[INFO -- 2018-10-08 18:15:36]
faultModel:2
[INFO -- 2018-10-08 18:15:37]
Backtrace BEGIN:
#0  0x00005555555552bd in predict (v=15) at lreg.cpp:77
#1  0x00005555555553e9 in meanSquaredError () at lreg.cpp:91
#2  0x0000555555555886 in train (iterations=60000, N=3, stopsWhenStable=true) at lreg.cpp:160
#3  0x0000555555555dba in main (argc=3, argv=0x7fffffffde68) at lreg.cpp:225

72		double val = 0;
73		for(UINT i1 = 0, i2 = 0, i3 = 0; 
74			selectTriUInt(i1, i2, i3)<T.size(); 
75			i1++, i2++, i3++)
76		{
77			val+= (T[selectTriUInt(i1, i2, i3)] * pow(v, selectTriUInt(i1, i2, i3)));
78		}
79		return val;
80		
81	}

Backtrace END
Fliping value of field: std::_Vector_base<double, std::allocator<double> >
Fliping value of field: _M_impl
Fliping value of field: _M_start
Fliping a bit of the value pointed by a pointer
Memory content before bitflip:0xed0x130xc90x900xde0x800x140xc0
Fault Model: Random bit-flip
base address to flip value: 0x555555771360
address max offset: 8
Memory content after  bitflip:0x510x9f0x620x7a0xa20x390x440x46
frame name: train
symbol name: T
symbol filename: lreg.cpp
symbol line: 43
value: std::vector of length 3, capacity 3 = {3.2048006395517056e+30, -1.6376222665964157, 1.4859466335868294}
value address: 0x55555575a180 <T>
Type: The type is a structure.
Type sizeof: 24
Field name: std::_Vector_base<double, std::allocator<double> >
Field Type: The type is a structure.
Field Type sizeof: 24

[INFO -- 2018-10-08 18:15:37]
Fault Injection Successful after 1.2291033267974854s
[INFO -- 2018-10-08 18:15:45]
event type: exit
[INFO -- 2018-10-08 18:15:45]
exit code: 0
