[INFO -- 2018-11-07 14:54:32]
Starting flip_value script
version: 1.1
[INFO -- 2018-11-07 14:54:32]
Initialization strings:
[INFO -- 2018-11-07 14:54:32]
(1) file /tmp/lreg/lreg
[INFO -- 2018-11-07 14:54:32]
(2) set args /tmp/lreg/randInput /tmp/lreg/output /tmp/lreg/detected.log
[INFO -- 2018-11-07 14:54:32]
initSignal:0
[INFO -- 2018-11-07 14:54:32]
endSignal:10
[INFO -- 2018-11-07 14:54:32]
faultModel:2
[INFO -- 2018-11-07 14:54:35]
Backtrace BEGIN:
#0  __ieee754_pow_sse2 (x=-1, y=3) at ../sysdeps/ieee754/dbl-64/e_pow.c:142
#1  0x00007ffff76bcb14 in __pow (x=-1, y=3) at w_pow_compat.c:30
#2  0x0000555555556131 in std::pow<double, int> (__x=-1, __y=3) at /usr/include/c++/7/cmath:418
#3  0x0000555555555451 in partialDerivate (pos=3) at lreg.cpp:74
#4  0x0000555555555503 in adjust (alpha=2.2222199999999999e-05) at lreg.cpp:87
#5  0x00005555555556ac in train (iterations=45000, alpha=2.2222199999999999e-05, N=4, stopsWhenStable=true) at lreg.cpp:120
#6  0x0000555555555a1c in execute (input=0x7fffffffe1f2 "/tmp/lreg/randInput") at lreg.cpp:157
#7  0x0000555555555c60 in main (argc=4, argv=0x7fffffffde48) at lreg.cpp:191

137	../sysdeps/ieee754/dbl-64/e_pow.c: No such file or directory.

Backtrace END
Memory content before bitflip:0x000x000x000x000x000x000x080x40
Fault Model: Random bit-flip
base address to flip value: 0x7fffffffd468
address max offset: 8
Memory content after  bitflip:0xf90xf40x630x900xdf0x770x760x40
frame name: __pow
symbol name: y
symbol filename: w_pow_compat.c
symbol line: 28
value: 359.49208106084512
value address: 0x7fffffffd468
Type: A floating point type.
Type sizeof: 8

[INFO -- 2018-11-07 14:54:35]
Fault Injection Successful after 3.0379343032836914s
[INFO -- 2018-11-07 14:54:41]
event type: exit
[INFO -- 2018-11-07 14:54:41]
exit code: 0
