[INFO -- 2018-11-09 12:38:17]
Starting flip_value script
version: 1.1
[INFO -- 2018-11-09 12:38:17]
Initialization strings:
[INFO -- 2018-11-09 12:38:17]
(1) file /tmp/lreg/lreg
[INFO -- 2018-11-09 12:38:17]
(2) set args /tmp/lreg/randInput /tmp/lreg/output /tmp/lreg/detected.log
[INFO -- 2018-11-09 12:38:17]
initSignal:0
[INFO -- 2018-11-09 12:38:17]
endSignal:10
[INFO -- 2018-11-09 12:38:17]
faultModel:1
[INFO -- 2018-11-09 12:38:19]
Backtrace BEGIN:
#0  std::vector<double, std::allocator<double> >::operator= (this=0x7fffffffd590, __x=std::vector of length 3, capacity 3 = {...}) at /usr/include/c++/7/bits/vector.tcc:232
#1  0x0000555555555691 in train (iterations=30000, alpha=5.0000000000000002e-05, N=3, stopsWhenStable=true) at lreg.cpp:119
#2  0x0000555555555a1c in execute (input=0x7fffffffe1f3 "/tmp/lreg/randInput") at lreg.cpp:157
#3  0x0000555555555c60 in main (argc=4, argv=0x7fffffffde48) at lreg.cpp:191

227						  this->_M_impl._M_finish,
228						  _M_get_Tp_allocator());
229		    }
230		  this->_M_impl._M_finish = this->_M_impl._M_start + __xlen;
231		}
232	      return *this;
233	    }
234	
235	  template<typename _Tp, typename _Alloc>
236	    void

Backtrace END
Memory content before bitflip:0x2d0x430x1c0xeb0xe20x360x0a0x3f
Fault Model: Double bit-flip
base address to flip value: 0x7fffffffd560
address max offset: 8
Memory content after  bitflip:0x2d0x430x1c0xeb0xe20x220x0a0x3f
frame name: train
symbol name: alpha
symbol filename: lreg.cpp
symbol line: 105
value: 4.9850988388061526e-05
value address: 0x7fffffffd560
Type: A floating point type.
Type sizeof: 8

[INFO -- 2018-11-09 12:38:19]
Fault Injection Successful after 2.0533576011657715s
[INFO -- 2018-11-09 12:38:27]
event type: exit
[INFO -- 2018-11-09 12:38:27]
exit code: 0
