[INFO -- 2018-10-05 20:01:02]
Starting flip_value script
version: 1.1
[INFO -- 2018-10-05 20:01:02]
Initialization strings:
[INFO -- 2018-10-05 20:01:02]
(1) file /tmp/lreg/lreg
[INFO -- 2018-10-05 20:01:02]
(2) set args /tmp/lreg/randInput /tmp/lreg/output
[INFO -- 2018-10-05 20:01:02]
initSignal:0
[INFO -- 2018-10-05 20:01:02]
endSignal:30
[INFO -- 2018-10-05 20:01:02]
faultModel:1
[INFO -- 2018-10-05 20:01:05]
Backtrace BEGIN:
#0  0x00007ffff76b7b37 in __pow (x=14, y=1) at w_pow_compat.c:31
#1  0x0000555555557754 in std::pow<double, unsigned int> (__x=14, __y=1) at /usr/include/c++/7/cmath:418
#2  0x0000555555555306 in predict (v=14) at lreg.cpp:68
#3  0x00005555555554bb in partialDerivate (pos=3) at lreg.cpp:92
#4  0x00005555555555bb in adjust (alpha=2.2222199999999999e-05) at lreg.cpp:105
#5  0x0000555555555760 in train (iterations=90000, alpha=2.2222199999999999e-05, N=4, stopsWhenStable=true) at lreg.cpp:138
#6  0x0000555555555acb in lreg (input=0x7fffffffe210 "/tmp/lreg/randInput") at lreg.cpp:173
#7  0x0000555555555e26 in main (argc=3, argv=0x7fffffffde68) at lreg.cpp:220

26	w_pow_compat.c: No such file or directory.

Backtrace END
Memory content before bitflip:0x000x000x000x000x000x000xf00x3f
Fault Model: Double bit-flip
base address to flip value: 0x7fffffffd5a8
address max offset: 8
Memory content after  bitflip:0x440x000x000x000x000x000xf00x3f
frame name: __pow
symbol name: y
symbol filename: w_pow_compat.c
symbol line: 28
value: 1.0000000000000151
value address: 0x7fffffffd5a8
Type: A floating point type.
Type sizeof: 8

[INFO -- 2018-10-05 20:01:05]
Fault Injection Successful after 3.1195881366729736s
[INFO -- 2018-10-05 20:01:46]
event type: exit
[INFO -- 2018-10-05 20:01:46]
exit code: 0
