[INFO -- 2018-11-27 17:50:20]
Starting flip_value script
version: 1.1
[INFO -- 2018-11-27 17:50:20]
Initialization strings:
[INFO -- 2018-11-27 17:50:20]
(1) file /tmp/lreg/lreg
[INFO -- 2018-11-27 17:50:20]
(2) set args /tmp/lreg/randInput /tmp/lreg/output
[INFO -- 2018-11-27 17:50:20]
initSignal:0
[INFO -- 2018-11-27 17:50:20]
endSignal:3
[INFO -- 2018-11-27 17:50:20]
faultModel:1
[INFO -- 2018-11-27 17:50:20]
Backtrace BEGIN:
#0  0x00007ffff76da514 in __ieee754_pow_sse2 (x=23, y=0) at ../sysdeps/ieee754/dbl-64/e_pow.c:65
#1  0x00007ffff76bcb14 in __pow (x=23, y=0) at w_pow_compat.c:30
#2  0x0000555555556826 in std::pow<double, unsigned int> (__x=23, __y=0) at /usr/include/c++/7/cmath:418
#3  0x0000555555555814 in predict (v=23) at lreg.cpp:116
#4  0x0000555555555a53 in partialDerivate (pos1=0, pos2=0) at lreg.cpp:142
#5  0x0000555555555bbe in adjust (alpha1=5.0000000000000002e-05, alpha2=5.0000000000000002e-05) at lreg.cpp:156
#6  0x0000555555555ee0 in train (iter1=20000, iter2=20000, N=3, alpha1=5.0000000000000002e-05, alpha2=5.0000000000000002e-05, stopsWhenStable=true) at lreg.cpp:193
#7  0x0000555555556467 in main (argc=3, argv=0x7fffffffde58) at lreg.cpp:253

60	../sysdeps/ieee754/dbl-64/e_pow.c: No such file or directory.

Backtrace END
Memory content before bitflip:0x0c0x000x000x00
Fault Model: Double bit-flip
base address to flip value: 0x7fffffffd8e4
address max offset: 4
Memory content after  bitflip:0x0c0x000x000x09
frame name: main
symbol name: sizeOfTraining
symbol filename: lreg.cpp
symbol line: 236
value: 150994956
value address: 0x7fffffffd8e4
Type: The type is an integer type.
Type sizeof: 4

[INFO -- 2018-11-27 17:50:20]
Fault Injection Successful after 0.9829220771789551s
[INFO -- 2018-11-27 17:50:23]
event type: exit
[INFO -- 2018-11-27 17:50:23]
exit code: 0
