[INFO -- 2018-10-06 17:40:15]
Starting flip_value script
version: 1.1
[INFO -- 2018-10-06 17:40:15]
Initialization strings:
[INFO -- 2018-10-06 17:40:15]
(1) file /tmp/lreg/lreg
[INFO -- 2018-10-06 17:40:15]
(2) set args /tmp/lreg/randInput /tmp/lreg/output
[INFO -- 2018-10-06 17:40:15]
initSignal:0
[INFO -- 2018-10-06 17:40:15]
endSignal:10
[INFO -- 2018-10-06 17:40:15]
faultModel:0
[INFO -- 2018-10-06 17:40:17]
Backtrace BEGIN:
#0  0x0000555555555267 in predict (v=10) at lreg.cpp:74
#1  0x000055555555551d in partialDerivate (pos=1) at lreg.cpp:107
#2  0x0000555555555670 in adjust () at lreg.cpp:123
#3  0x0000555555555881 in train (iterations=60000, N=3, stopsWhenStable=true) at lreg.cpp:159
#4  0x0000555555555dba in main (argc=3, argv=0x7fffffffde68) at lreg.cpp:225

69		Predicts the value related to v using the Ts variables
70	*/
71	double predict(double v){
72		double val = 0;
73		for(UINT i1 = 0, i2 = 0, i3 = 0; 
74			selectTriUInt(i1, i2, i3)<T.size(); 
75			i1++, i2++, i3++)
76		{
77			val+= (T[selectTriUInt(i1, i2, i3)] * pow(v, selectTriUInt(i1, i2, i3)));
78		}

Backtrace END
Memory content before bitflip:0x010x000x000x00
Fault Model: Single bit-flip
base address to flip value: 0x7fffffffd928
address max offset: 4
Memory content after  bitflip:0x010x200x000x00
frame name: main
symbol name: i3
symbol filename: lreg.cpp
symbol line: 198
value: 8193
value address: 0x7fffffffd928
Type: The type is an integer type.
Type sizeof: 4

[INFO -- 2018-10-06 17:40:17]
Fault Injection Successful after 2.0157628059387207s
[INFO -- 2018-10-06 17:40:24]
event type: exit
[INFO -- 2018-10-06 17:40:24]
exit code: 0
