[INFO -- 2018-11-15 15:25:38]
Starting flip_value script
version: 1.1
[INFO -- 2018-11-15 15:25:38]
Initialization strings:
[INFO -- 2018-11-15 15:25:38]
(1) file /tmp/lreg/lreg
[INFO -- 2018-11-15 15:25:38]
(2) set args /tmp/lreg/randInput /tmp/lreg/output
[INFO -- 2018-11-15 15:25:38]
initSignal:0
[INFO -- 2018-11-15 15:25:38]
endSignal:5
[INFO -- 2018-11-15 15:25:38]
faultModel:2
[INFO -- 2018-11-15 15:25:41]
Backtrace BEGIN:
#0  0x00007ffff76da5c4 in __ieee754_pow_sse2 (x=-10, y=2) at ../sysdeps/ieee754/dbl-64/e_pow.c:81
#1  0x00007ffff76bcb14 in __pow (x=-10, y=2) at w_pow_compat.c:30
#2  0x0000555555556826 in std::pow<double, unsigned int> (__x=-10, __y=2) at /usr/include/c++/7/cmath:418
#3  0x0000555555555814 in predict (v=-10) at lreg.cpp:116
#4  0x0000555555555a53 in partialDerivate (pos1=0, pos2=0) at lreg.cpp:142
#5  0x0000555555555bbe in adjust (alpha1=2.2222199999999999e-05, alpha2=2.2222199999999999e-05) at lreg.cpp:156
#6  0x0000555555555ee0 in train (iter1=45000, iter2=45000, N=4, alpha1=2.2222199999999999e-05, alpha2=2.2222199999999999e-05, stopsWhenStable=true) at lreg.cpp:193
#7  0x0000555555556467 in main (argc=3, argv=0x7fffffffde58) at lreg.cpp:253

76	../sysdeps/ieee754/dbl-64/e_pow.c: No such file or directory.

Backtrace END
Memory content before bitflip:0x430x890x000x00
Fault Model: Random bit-flip
base address to flip value: 0x7fffffffd7e8
address max offset: 4
Memory content after  bitflip:0xea0xfe0xc40x7a
frame name: train
symbol name: i1
symbol filename: lreg.cpp
symbol line: 191
value: 2059730666
value address: 0x7fffffffd7e8
Type: The type is an integer type.
Type sizeof: 4

[INFO -- 2018-11-15 15:25:41]
Fault Injection Successful after 3.5413780212402344s
[INFO -- 2018-11-15 15:25:41]
event type: exit
[INFO -- 2018-11-15 15:25:41]
exit code: 0
