[INFO -- 2018-09-16 00:30:47]
Starting flip_value script
version: 1.1
[INFO -- 2018-09-16 00:30:47]
Initialization strings:
[INFO -- 2018-09-16 00:30:47]
(1) file /tmp/lreg/lreg
[INFO -- 2018-09-16 00:30:47]
(2) set args /tmp/lreg/randInput /tmp/lreg/output
[INFO -- 2018-09-16 00:30:47]
initSignal:0
[INFO -- 2018-09-16 00:30:47]
endSignal:2
[INFO -- 2018-09-16 00:30:47]
faultModel:2
[INFO -- 2018-09-16 00:30:48]
Backtrace BEGIN:
#0  0x000055555555534b in meanSquaredError () at lreg.cpp:60
#1  0x00005555555556b1 in train (iterations=60000, alpha=5.0000000000000002e-05, N=3, stopsWhenStable=true) at lreg.cpp:121
#2  0x0000555555555c26 in main (argc=3, argv=0x7fffffffde68) at lreg.cpp:182

55	/**
56		Calculates the mean squared error of T
57	*/
58	double meanSquaredError(){
59		double error = 0;
60		for(int i = 0; i<x.size(); i++){
61			error+= ((predict(x[i]) - y[i]) * (predict(x[i]) - y[i]));	
62		}
63		error /= x.size();
64		return error;

Backtrace END
Memory content before bitflip:0x600xea0x000x00
Fault Model: Random bit-flip
base address to flip value: 0x7fffffffd930
address max offset: 4
Memory content after  bitflip:0x620x470x3d0xde
frame name: main
symbol name: iterations
symbol filename: lreg.cpp
symbol line: 169
value: -566409374
value address: 0x7fffffffd930
Type: The type is an integer type.
Type sizeof: 4

[INFO -- 2018-09-16 00:30:48]
Fault Injection Successful after 1.475959062576294s
[INFO -- 2018-09-16 00:30:54]
event type: exit
[INFO -- 2018-09-16 00:30:54]
exit code: 0
