[INFO -- 2018-11-25 16:36:34]
Starting flip_value script
version: 1.1
[INFO -- 2018-11-25 16:36:34]
Initialization strings:
[INFO -- 2018-11-25 16:36:34]
(1) file /tmp/lreg/lreg
[INFO -- 2018-11-25 16:36:34]
(2) set args /tmp/lreg/randInput /tmp/lreg/output /tmp/lreg/detected.log
[INFO -- 2018-11-25 16:36:34]
initSignal:0
[INFO -- 2018-11-25 16:36:34]
endSignal:6
[INFO -- 2018-11-25 16:36:34]
faultModel:1
[EXCEPTION -- 2018-11-25 16:36:38]
pythonException: empty range for randrange() (0,0, 0)
[INFO -- 2018-11-25 16:36:39]
Backtrace BEGIN:
#0  0x000055555555622a in std::pow<double, int> (__x=-14, __y=3) at /usr/include/c++/7/cmath:419
#1  0x0000555555555237 in predict (v=-14) at lreg.cpp:50
#2  0x00005555555553fc in partialDerivate (pos=0) at lreg.cpp:74
#3  0x0000555555555503 in adjust (alpha=2.2222199999999999e-05) at lreg.cpp:87
#4  0x00005555555556ac in train (iterations=30000, alpha=2.2222199999999999e-05, N=4, stopsWhenStable=true) at lreg.cpp:120
#5  0x0000555555555a1c in execute (input=0x7fffffffe1f1 "/tmp/lreg/randInput") at lreg.cpp:157
#6  0x0000555555555c78 in main (argc=4, argv=0x7fffffffde48) at lreg.cpp:193

414	    typename __gnu_cxx::__promote_2<_Tp, _Up>::__type
415	    pow(_Tp __x, _Up __y)
416	    {
417	      typedef typename __gnu_cxx::__promote_2<_Tp, _Up>::__type __type;
418	      return pow(__type(__x), __type(__y));
419	    }
420	
421	  using ::sin;
422	
423	#ifndef __CORRECT_ISO_CPP_MATH_H_PROTO

Backtrace END
Memory content before bitflip:0x000x000x000x000x000x000x2c0xc0
Fault Model: Double bit-flip
base address to flip value: 0x7fffffffd448
address max offset: 8
Memory content after  bitflip:0x000x000x500x000x000x000x2c0xc0
frame name: std::pow<double, int>
symbol name: __x
symbol filename: /usr/include/c++/7/cmath
symbol line: 415
value: -14.000000009313226
value address: 0x7fffffffd448
Type: A floating point type.
Type sizeof: 8

[INFO -- 2018-11-25 16:36:39]
Fault Injection Successful after 5.453973770141602s
[INFO -- 2018-11-25 16:36:42]
event type: exit
[INFO -- 2018-11-25 16:36:42]
exit code: 0
