[INFO -- 2018-09-15 14:33:58]
Starting flip_value script
version: 1.1
[INFO -- 2018-09-15 14:33:58]
Initialization strings:
[INFO -- 2018-09-15 14:33:58]
(1) file /tmp/lreg/lreg
[INFO -- 2018-09-15 14:33:58]
(2) set args /tmp/lreg/randInput /tmp/lreg/output
[INFO -- 2018-09-15 14:33:58]
initSignal:0
[INFO -- 2018-09-15 14:33:58]
endSignal:2
[INFO -- 2018-09-15 14:33:58]
faultModel:2
[INFO -- 2018-09-15 14:33:59]
Backtrace BEGIN:
#0  0x0000555555555f01 in std::vector<double, std::allocator<double> >::operator[] (this=0x55555575a180 <T>, __n=0) at /usr/include/c++/7/bits/stl_vector.h:798
#1  0x0000555555555217 in predict (v=-3) at lreg.cpp:50
#2  0x00005555555552ba in meanSquaredError () at lreg.cpp:61
#3  0x00005555555556b1 in train (iterations=60000, alpha=5.0000000000000002e-05, N=3, stopsWhenStable=true) at lreg.cpp:121
#4  0x0000555555555c26 in main (argc=3, argv=0x7fffffffde68) at lreg.cpp:182

793	       */
794	      reference
795	      operator[](size_type __n) _GLIBCXX_NOEXCEPT
796	      {
797		__glibcxx_requires_subscript(__n);
798		return *(this->_M_impl._M_start + __n);
799	      }
800	
801	      /**
802	       *  @brief  Subscript access to the data contained in the %vector.

Backtrace END
Fliping value of field: std::_Vector_base<double, std::allocator<double> >
Fliping value of field: _M_impl
Fliping value of field: _M_end_of_storage
Fliping a bit of the value pointed by a pointer
Memory content before bitflip:0x000x000x000x000x000x000x000x00
Fault Model: Random bit-flip
base address to flip value: 0x555555771640
address max offset: 8
Memory content after  bitflip:0xc40x320x7d0x290xbb0xc80x7a0x6c
frame name: meanSquaredError
symbol name: x
symbol filename: lreg.cpp
symbol line: 32
value: std::vector of length 20, capacity 32 = {9, -12, -4, -2, 10, -15, 3, 12, 23, -9, -16, 17, 15, -3, 6, 0, 24, 1, -1, -15}
value address: 0x55555575a140 <x>
Type: The type is a structure.
Type sizeof: 24
Field name: std::_Vector_base<double, std::allocator<double> >
Field Type: The type is a structure.
Field Type sizeof: 24

[INFO -- 2018-09-15 14:33:59]
Fault Injection Successful after 1.4630041122436523s
[INFO -- 2018-09-15 14:34:05]
event type: exit
[INFO -- 2018-09-15 14:34:05]
exit code: 0
