[INFO -- 2018-11-26 15:28:57]
Starting flip_value script
version: 1.1
[INFO -- 2018-11-26 15:28:57]
Initialization strings:
[INFO -- 2018-11-26 15:28:57]
(1) file /tmp/lreg/lreg
[INFO -- 2018-11-26 15:28:57]
(2) set args /tmp/lreg/randInput /tmp/lreg/output
[INFO -- 2018-11-26 15:28:57]
initSignal:0
[INFO -- 2018-11-26 15:28:57]
endSignal:3
[INFO -- 2018-11-26 15:28:57]
faultModel:1
[INFO -- 2018-11-26 15:28:58]
Backtrace BEGIN:
#0  0x00007ffff76da512 in __ieee754_pow_sse2 (x=-18, y=0) at ../sysdeps/ieee754/dbl-64/e_pow.c:65
#1  0x00007ffff76bcb14 in __pow (x=-18, y=0) at w_pow_compat.c:30
#2  0x0000555555556826 in std::pow<double, unsigned int> (__x=-18, __y=0) at /usr/include/c++/7/cmath:418
#3  0x0000555555555814 in predict (v=-18) at lreg.cpp:116
#4  0x00005555555558c0 in meanSquaredError () at lreg.cpp:128
#5  0x0000555555555ee5 in train (iter1=30000, iter2=30000, N=4, alpha1=2.2222199999999999e-05, alpha2=2.2222199999999999e-05, stopsWhenStable=true) at lreg.cpp:194
#6  0x0000555555556467 in main (argc=3, argv=0x7fffffffde58) at lreg.cpp:253

60	../sysdeps/ieee754/dbl-64/e_pow.c: No such file or directory.

Backtrace END
Memory content before bitflip:0x000x000x000x000xe00x930xe20xc0
Fault Model: Double bit-flip
base address to flip value: 0x7fffffffd918
address max offset: 8
Memory content after  bitflip:0x000x000x000x000xe00x930xe20xe4
frame name: main
symbol name: temp
symbol filename: lreg.cpp
symbol line: 233
value: -9.4101797848472082e+177
value address: 0x7fffffffd918
Type: A floating point type.
Type sizeof: 8

[INFO -- 2018-11-26 15:28:58]
Fault Injection Successful after 1.597672700881958s
[INFO -- 2018-11-26 15:28:59]
event type: exit
[INFO -- 2018-11-26 15:28:59]
exit code: 0
