[INFO -- 2018-09-30 21:20:50]
Starting flip_value script
version: 1.1
[INFO -- 2018-09-30 21:20:50]
Initialization strings:
[INFO -- 2018-09-30 21:20:50]
(1) file /tmp/lreg/lreg
[INFO -- 2018-09-30 21:20:50]
(2) set args /tmp/lreg/randInput /tmp/lreg/output
[INFO -- 2018-09-30 21:20:50]
initSignal:0
[INFO -- 2018-09-30 21:20:50]
endSignal:10
[INFO -- 2018-09-30 21:20:50]
faultModel:1
[INFO -- 2018-09-30 21:20:53]
Backtrace BEGIN:
#0  log1 (error=<synthetic pointer>, delta=<synthetic pointer>, x=3) at ../sysdeps/ieee754/dbl-64/e_pow.c:336
#1  __ieee754_pow_sse2 (x=3, y=3) at ../sysdeps/ieee754/dbl-64/e_pow.c:103
#2  0x00007ffff76d66be in __ieee754_pow_sse2 (x=<optimized out>, y=<optimized out>) at ../sysdeps/ieee754/dbl-64/e_pow.c:184
#3  0x00007ffff76b7b14 in __pow (x=-3, y=3) at w_pow_compat.c:30
#4  0x0000555555555f39 in std::pow<double, int> (__x=-3, __y=3) at /usr/include/c++/7/cmath:418
#5  0x0000555555555451 in partialDerivate (pos=3) at lreg.cpp:74
#6  0x0000555555555503 in adjust (alpha=2.2222199999999999e-05) at lreg.cpp:87
#7  0x00005555555556ac in train (iterations=90000, alpha=2.2222199999999999e-05, N=4, stopsWhenStable=true) at lreg.cpp:120
#8  0x0000555555555c26 in main (argc=3, argv=0x7fffffffde58) at lreg.cpp:182

331	../sysdeps/ieee754/dbl-64/e_pow.c: No such file or directory.

Backtrace END
Fliping value of field name: i
Fliping array at pos: 0
Memory content before bitflip:0x000x380xfa0xfe
Fault Model: Double bit-flip
base address to flip value: 0x7ffff779a5c8 
address max offset: 4
Memory content after  bitflip:0x000x1a0xfa0xfe
frame name: __ieee754_pow_sse2
symbol name: ln2a
symbol filename: ../sysdeps/ieee754/dbl-64/upow.h
symbol line: 50
value: {i = {-17163776, 1072049730}, x = 0.69314718055903768}
value address: 0x7ffff779a5c8 <ln2a>
Type: The type is a union.
Type sizeof: 8
Field name: i
Field Type: The type is an array.
Field Type sizeof: 8
Field name: x
Field Type: A floating point type.
Field Type sizeof: 8

[INFO -- 2018-09-30 21:20:53]
Fault Injection Successful after 3.8638181686401367s
[INFO -- 2018-09-30 21:20:58]
event type: exit
[INFO -- 2018-09-30 21:20:58]
exit code: 0
