[INFO -- 2018-11-15 14:06:25]
Starting flip_value script
version: 1.1
[INFO -- 2018-11-15 14:06:25]
Initialization strings:
[INFO -- 2018-11-15 14:06:25]
(1) file /tmp/lreg/lreg
[INFO -- 2018-11-15 14:06:25]
(2) set args /tmp/lreg/randInput /tmp/lreg/output
[INFO -- 2018-11-15 14:06:25]
initSignal:0
[INFO -- 2018-11-15 14:06:25]
endSignal:5
[INFO -- 2018-11-15 14:06:25]
faultModel:1
[INFO -- 2018-11-15 14:06:26]
Backtrace BEGIN:
#0  0x000055555555520f in verifyUintDup (a=1, b=1) at lreg.cpp:69
#1  0x00005555555557fe in predict (v=-1) at lreg.cpp:116
#2  0x0000555555555a53 in partialDerivate (pos1=1, pos2=1) at lreg.cpp:142
#3  0x0000555555555bbe in adjust (alpha1=0.00020000000000000001, alpha2=0.00020000000000000001) at lreg.cpp:156
#4  0x0000555555555ee0 in train (iter1=15000, iter2=15000, N=2, alpha1=0.00020000000000000001, alpha2=0.00020000000000000001, stopsWhenStable=true) at lreg.cpp:193
#5  0x0000555555556467 in main (argc=3, argv=0x7fffffffde58) at lreg.cpp:253

64			ofstream fp ("/tmp/lreg/detected.log", std::ofstream::app);
65			fp << "verifyUint: a = "<<a<<"; b = "<<b<<endl;
66	        detected = 1;	
67		}
68		return a;
69	}
70	double verifyDoubleDup(double a, double b){
71		if (a != b && detected != 1){
72			//gerar entrada no log
73			ofstream fp ("/tmp/lreg/detected.log", std::ofstream::app);

Backtrace END
Memory content before bitflip:0xd10x120x560x9f0xf10xaf0x630x3f
Fault Model: Double bit-flip
base address to flip value: 0x7fffffffd7f8
address max offset: 8
Memory content after  bitflip:0xd10x120x560x9f0xf10xaf0x2b0x3f
frame name: train
symbol name: MSE
symbol filename: lreg.cpp
symbol line: 190
value: 0.00021123718731188302
value address: 0x7fffffffd7f8
Type: A floating point type.
Type sizeof: 8

[INFO -- 2018-11-15 14:06:26]
Fault Injection Successful after 1.34956955909729s
[INFO -- 2018-11-15 14:06:29]
event type: exit
[INFO -- 2018-11-15 14:06:29]
exit code: 0
