[INFO -- 2018-09-25 19:35:42]
Starting flip_value script
version: 1.1
[INFO -- 2018-09-25 19:35:42]
Initialization strings:
[INFO -- 2018-09-25 19:35:42]
(1) file /tmp/lreg/lreg
[INFO -- 2018-09-25 19:35:42]
(2) set args /tmp/lreg/randInput /tmp/lreg/output
[INFO -- 2018-09-25 19:35:42]
initSignal:0
[INFO -- 2018-09-25 19:35:42]
endSignal:2
[INFO -- 2018-09-25 19:35:42]
faultModel:0
[INFO -- 2018-09-25 19:35:44]
Backtrace BEGIN:
#0  0x0000555555555441 in partialDerivate (pos=2) at lreg.cpp:74
#1  0x0000555555555503 in adjust (alpha=2.2222199999999999e-05) at lreg.cpp:87
#2  0x00005555555556ac in train (iterations=90000, alpha=2.2222199999999999e-05, N=4, stopsWhenStable=true) at lreg.cpp:120
#3  0x0000555555555c26 in main (argc=3, argv=0x7fffffffde68) at lreg.cpp:182

69		to the adjustment variable whose position in T is passed in pos
70	*/
71	double partialDerivate(int pos){
72		double pD = 0;
73		for(int i = 0; i<x.size(); i++){
74			pD += ((predict(x[i]) - y[i])*pow(x[i], pos));	
75		}
76		pD *= (2.0/x.size());
77		return pD;
78	}

Backtrace END
Memory content before bitflip:0x460x5a0xb70xf40x390x4d0xf70x3e
Fault Model: Single bit-flip
base address to flip value: 0x7fffffffd950
address max offset: 8
Memory content after  bitflip:0x460x5a0xb30xf40x390x4d0xf70x3e
frame name: main
symbol name: alpha
symbol filename: lreg.cpp
symbol line: 168
value: 2.222219999911182e-05
value address: 0x7fffffffd950
Type: A floating point type.
Type sizeof: 8

[INFO -- 2018-09-25 19:35:44]
Fault Injection Successful after 2.7910680770874023s
[INFO -- 2018-09-25 19:35:49]
event type: exit
[INFO -- 2018-09-25 19:35:49]
exit code: 0
