[INFO -- 2018-09-05 20:17:59]
Starting flip_value script
version: 1.1
[INFO -- 2018-09-05 20:17:59]
Initialization strings:
[INFO -- 2018-09-05 20:17:59]
(1) file /tmp/lreg/lreg
[INFO -- 2018-09-05 20:17:59]
(2) set args /tmp/lreg/randInput /tmp/lreg/output
[INFO -- 2018-09-05 20:17:59]
initSignal:0
[INFO -- 2018-09-05 20:17:59]
endSignal:2
[INFO -- 2018-09-05 20:17:59]
faultModel:2
[INFO -- 2018-09-05 20:18:00]
Backtrace BEGIN:
#0  std::vector<double, std::allocator<double> >::operator[] (this=0x55555575a180 <T>, __n=1) at /usr/include/c++/7/bits/stl_vector.h:795
#1  0x0000555555555217 in predict (v=7) at lreg.cpp:50
#2  0x00005555555553fc in partialDerivate (pos=1) at lreg.cpp:74
#3  0x0000555555555503 in adjust (alpha=0.00020000000000000001) at lreg.cpp:87
#4  0x00005555555556ac in train (iterations=30000, alpha=0.00020000000000000001, N=2, stopsWhenStable=true) at lreg.cpp:120
#5  0x0000555555555c26 in main (argc=3, argv=0x7fffffffde78) at lreg.cpp:182

790	       *  Note that data access with this operator is unchecked and
791	       *  out_of_range lookups are not defined. (For checked lookups
792	       *  see at().)
793	       */
794	      reference
795	      operator[](size_type __n) _GLIBCXX_NOEXCEPT
796	      {
797		__glibcxx_requires_subscript(__n);
798		return *(this->_M_impl._M_start + __n);
799	      }

Backtrace END
Fliping value of field: std::_Vector_base<double, std::allocator<double> >
Fliping value of field: _M_impl
Fliping value of field: _M_end_of_storage
Fliping a bit of the value pointed by a pointer
Memory content before bitflip:0x000x000x000x000x000x000x000x00
Fault Model: Random bit-flip
base address to flip value: 0x555555771330
address max offset: 8
Memory content after  bitflip:0x990x0e0x220x560x700x820xaa0x24
frame name: std::vector<double, std::allocator<double> >::operator[]
symbol name: x
symbol filename: lreg.cpp
symbol line: 32
value: std::vector of length 8, capacity 8 = {7, 12, -3, -7, 13, 10, -2, -12}
value address: 0x55555575a140 <x>
Type: The type is a structure.
Type sizeof: 24
Field name: std::_Vector_base<double, std::allocator<double> >
Field Type: The type is a structure.
Field Type sizeof: 24

[INFO -- 2018-09-05 20:18:00]
Fault Injection Successful after 1.6854791641235352s
[INFO -- 2018-09-05 20:18:07]
event type: exit
[INFO -- 2018-09-05 20:18:07]
exit code: 0
