[INFO -- 2018-11-22 14:37:16]
Starting flip_value script
version: 1.1
[INFO -- 2018-11-22 14:37:16]
Initialization strings:
[INFO -- 2018-11-22 14:37:16]
(1) file /tmp/lreg/lreg
[INFO -- 2018-11-22 14:37:16]
(2) set args /tmp/lreg/randInput /tmp/lreg/output
[INFO -- 2018-11-22 14:37:16]
initSignal:0
[INFO -- 2018-11-22 14:37:16]
endSignal:3
[INFO -- 2018-11-22 14:37:16]
faultModel:0
[EXCEPTION -- 2018-11-22 14:37:17]
gdbException: Attempt to dereference a generic pointer.
[INFO -- 2018-11-22 14:37:20]
event type: exit
[INFO -- 2018-11-22 14:37:20]
exit code: 0
