[INFO -- 2018-11-26 15:30:18]
Starting flip_value script
version: 1.1
[INFO -- 2018-11-26 15:30:18]
Initialization strings:
[INFO -- 2018-11-26 15:30:18]
(1) file /tmp/lreg/lreg
[INFO -- 2018-11-26 15:30:18]
(2) set args /tmp/lreg/randInput /tmp/lreg/output
[INFO -- 2018-11-26 15:30:18]
initSignal:0
[INFO -- 2018-11-26 15:30:18]
endSignal:3
[INFO -- 2018-11-26 15:30:18]
faultModel:0
[INFO -- 2018-11-26 15:30:19]
Backtrace BEGIN:
#0  verifyUintDup (a=0, b=0) at lreg.cpp:68
#1  0x000055555555576f in predict (v=-2) at lreg.cpp:115
#2  0x0000555555555a53 in partialDerivate (pos1=0, pos2=0) at lreg.cpp:142
#3  0x0000555555555bbe in adjust (alpha1=5.0000000000000002e-05, alpha2=5.0000000000000002e-05) at lreg.cpp:156
#4  0x0000555555555ee0 in train (iter1=20000, iter2=20000, N=3, alpha1=5.0000000000000002e-05, alpha2=5.0000000000000002e-05, stopsWhenStable=true) at lreg.cpp:193
#5  0x0000555555556467 in main (argc=3, argv=0x7fffffffde58) at lreg.cpp:253

63			//gerar entrada no log
64			ofstream fp ("/tmp/lreg/detected.log", std::ofstream::app);
65			fp << "verifyUint: a = "<<a<<"; b = "<<b<<endl;
66	        detected = 1;	
67		}
68		return a;
69	}
70	double verifyDoubleDup(double a, double b){
71		if (a != b && detected != 1){
72			//gerar entrada no log

Backtrace END
Memory content before bitflip:0x010x000x000x00
Fault Model: Single bit-flip
base address to flip value: 0x7fffffffd8ec
address max offset: 4
Memory content after  bitflip:0x010x000x000x80
frame name: main
symbol name: i1
symbol filename: lreg.cpp
symbol line: 232
value: 2147483649
value address: 0x7fffffffd8ec
Type: The type is an integer type.
Type sizeof: 4

[INFO -- 2018-11-26 15:30:19]
Fault Injection Successful after 1.2707626819610596s
[INFO -- 2018-11-26 15:30:19]
event type: exit
[INFO -- 2018-11-26 15:30:19]
exit code: 0
