[INFO -- 2018-11-26 16:03:59]
Starting flip_value script
version: 1.1
[INFO -- 2018-11-26 16:03:59]
Initialization strings:
[INFO -- 2018-11-26 16:03:59]
(1) file /tmp/lreg/lreg
[INFO -- 2018-11-26 16:03:59]
(2) set args /tmp/lreg/randInput /tmp/lreg/output
[INFO -- 2018-11-26 16:03:59]
initSignal:0
[INFO -- 2018-11-26 16:03:59]
endSignal:3
[INFO -- 2018-11-26 16:03:59]
faultModel:0
[INFO -- 2018-11-26 16:04:00]
Backtrace BEGIN:
#0  0x00005555555567e9 in std::pow<double, unsigned int> (__x=-12, __y=0) at /usr/include/c++/7/cmath:415
#1  0x0000555555555ace in partialDerivate (pos1=1, pos2=1) at lreg.cpp:142
#2  0x0000555555555bbe in adjust (alpha1=0.00020000000000000001, alpha2=0.00020000000000000001) at lreg.cpp:156
#3  0x0000555555555ee0 in train (iter1=10000, iter2=10000, N=2, alpha1=0.00020000000000000001, alpha2=0.00020000000000000001, stopsWhenStable=true) at lreg.cpp:193
#4  0x0000555555556467 in main (argc=3, argv=0x7fffffffde58) at lreg.cpp:253

410	#endif
411	
412	  template<typename _Tp, typename _Up>
413	    inline _GLIBCXX_CONSTEXPR
414	    typename __gnu_cxx::__promote_2<_Tp, _Up>::__type
415	    pow(_Tp __x, _Up __y)
416	    {
417	      typedef typename __gnu_cxx::__promote_2<_Tp, _Up>::__type __type;
418	      return pow(__type(__x), __type(__y));
419	    }

Backtrace END
Memory content before bitflip:0x2d0x430x1c0xeb0xe20x360x2a0x3f
Fault Model: Single bit-flip
base address to flip value: 0x7fffffffd760
address max offset: 8
Memory content after  bitflip:0x2d0xc30x1c0xeb0xe20x360x2a0x3f
frame name: adjust
symbol name: alpha2
symbol filename: lreg.cpp
symbol line: 151
value: 0.00020000000000088819
value address: 0x7fffffffd760
Type: A floating point type.
Type sizeof: 8

[INFO -- 2018-11-26 16:04:00]
Fault Injection Successful after 1.5784125328063965s
[INFO -- 2018-11-26 16:04:02]
event type: exit
[INFO -- 2018-11-26 16:04:02]
exit code: 0
