[INFO -- 2018-11-25 18:41:59]
Starting flip_value script
version: 1.1
[INFO -- 2018-11-25 18:41:59]
Initialization strings:
[INFO -- 2018-11-25 18:41:59]
(1) file /tmp/lreg/lreg
[INFO -- 2018-11-25 18:41:59]
(2) set args /tmp/lreg/randInput /tmp/lreg/output /tmp/lreg/detected.log
[INFO -- 2018-11-25 18:41:59]
initSignal:0
[INFO -- 2018-11-25 18:41:59]
endSignal:6
[INFO -- 2018-11-25 18:41:59]
faultModel:0
[INFO -- 2018-11-25 18:42:00]
Backtrace BEGIN:
#0  0x00007ffff76da518 in __ieee754_pow_sse2 (x=6, y=2) at ../sysdeps/ieee754/dbl-64/e_pow.c:65
#1  0x00007ffff76bcb14 in __pow (x=6, y=2) at w_pow_compat.c:30
#2  0x000055555555621b in std::pow<double, int> (__x=6, __y=2) at /usr/include/c++/7/cmath:418
#3  0x0000555555555237 in predict (v=6) at lreg.cpp:50
#4  0x00005555555553fc in partialDerivate (pos=1) at lreg.cpp:74
#5  0x0000555555555503 in adjust (alpha=5.0000000000000002e-05) at lreg.cpp:87
#6  0x00005555555556ac in train (iterations=20000, alpha=5.0000000000000002e-05, N=3, stopsWhenStable=true) at lreg.cpp:120
#7  0x0000555555555a1c in execute (input=0x7fffffffe1f1 "/tmp/lreg/randInput") at lreg.cpp:157
#8  0x0000555555555c78 in main (argc=4, argv=0x7fffffffde48) at lreg.cpp:193

60	../sysdeps/ieee754/dbl-64/e_pow.c: No such file or directory.

Backtrace END
Memory content before bitflip:0x000x000x000x000x000x000x000x40
Fault Model: Single bit-flip
base address to flip value: 0x7fffffffd418
address max offset: 8
Memory content after  bitflip:0x200x000x000x000x000x000x000x40
frame name: __pow
symbol name: y
symbol filename: w_pow_compat.c
symbol line: 28
value: 2.0000000000000142
value address: 0x7fffffffd418
Type: A floating point type.
Type sizeof: 8

[INFO -- 2018-11-25 18:42:00]
Fault Injection Successful after 1.4154901504516602s
[INFO -- 2018-11-25 18:42:02]
event type: exit
[INFO -- 2018-11-25 18:42:02]
exit code: 0
