[INFO -- 2018-11-22 16:53:02]
Starting flip_value script
version: 1.1
[INFO -- 2018-11-22 16:53:02]
Initialization strings:
[INFO -- 2018-11-22 16:53:02]
(1) file /tmp/lreg/lreg
[INFO -- 2018-11-22 16:53:02]
(2) set args /tmp/lreg/randInput /tmp/lreg/output
[INFO -- 2018-11-22 16:53:02]
initSignal:0
[INFO -- 2018-11-22 16:53:02]
endSignal:3
[INFO -- 2018-11-22 16:53:02]
faultModel:0
[INFO -- 2018-11-22 16:53:04]
Backtrace BEGIN:
#0  0x0000555555557912 in std::__copy_move_a2<false, __gnu_cxx::__normal_iterator<double const*, std::vector<double, std::allocator<double> > >, double*> (__first=0.86970017966700064, __last=0, __result=0x555555771450) at /usr/include/c++/7/bits/stl_algobase.h:420
#1  0x00005555555577ad in std::copy<__gnu_cxx::__normal_iterator<double const*, std::vector<double, std::allocator<double> > >, double*> (__first=0.86940732513488961, __last=0, __result=0x555555771470) at /usr/include/c++/7/bits/stl_algobase.h:456
#2  0x0000555555557530 in std::__uninitialized_copy<true>::__uninit_copy<__gnu_cxx::__normal_iterator<double const*, std::vector<double, std::allocator<double> > >, double*> (__first=0.86940732513488961, __last=0, __result=0x555555771470) at /usr/include/c++/7/bits/stl_uninitialized.h:101
#3  0x0000555555556fea in std::uninitialized_copy<__gnu_cxx::__normal_iterator<double const*, std::vector<double, std::allocator<double> > >, double*> (__first=0.86940732513488961, __last=0, __result=0x555555771470) at /usr/include/c++/7/bits/stl_uninitialized.h:134
#4  0x0000555555556723 in std::__uninitialized_copy_a<__gnu_cxx::__normal_iterator<double const*, std::vector<double, std::allocator<double> > >, double*, double> (__first=0.86940732513488961, __last=0, __result=0x555555771470) at /usr/include/c++/7/bits/stl_uninitialized.h:289
#5  0x0000555555555f83 in std::vector<double, std::allocator<double> >::vector (this=0x7fffffffd8a0, __x=std::vector of length 2, capacity 2 = {...}) at /usr/include/c++/7/bits/stl_vector.h:331
#6  0x00005555555556c3 in train (iterations=10000, alpha=0.00020000000000000001, N=2, stopsWhenStable=true) at lreg.cpp:126
#7  0x0000555555555ab7 in main (argc=3, argv=0x7fffffffde58) at lreg.cpp:174

415	    __copy_move_a2(istreambuf_iterator<_CharT, char_traits<_CharT> >,
416			   istreambuf_iterator<_CharT, char_traits<_CharT> >, _CharT*);
417	
418	  template<bool _IsMove, typename _II, typename _OI>
419	    inline _OI
420	    __copy_move_a2(_II __first, _II __last, _OI __result)
421	    {
422	      return _OI(std::__copy_move_a<_IsMove>(std::__niter_base(__first),
423						     std::__niter_base(__last),
424						     std::__niter_base(__result)));

Backtrace END
Fliping value of field: _M_current
Fliping a bit of the pointer
Memory content before bitflip:0x700x130x770x550x550x550x000x00
Fault Model: Single bit-flip
base address to flip value: 0x7fffffffd720
address max offset: 8
Memory content after  bitflip:0x700x130x770x550x550x550x000x01
frame name: std::__uninitialized_copy<true>::__uninit_copy<__gnu_cxx::__normal_iterator<double const*, std::vector<double, std::allocator<double> > >, double*>
symbol name: __last
symbol filename: /usr/include/c++/7/bits/stl_uninitialized.h
symbol line: 99
value: <error reading variable: Cannot access memory at address 0x100555555771370>
value address: 0x7fffffffd720
Type: The type is a structure.
Type sizeof: 8
Field name: _M_current
Field Type: The type is a pointer.
Field Type sizeof: 8

[INFO -- 2018-11-22 16:53:04]
Fault Injection Successful after 2.663771867752075s
[INFO -- 2018-11-22 16:53:07]
event type: exit
[INFO -- 2018-11-22 16:53:07]
exit code: 0
