[INFO -- 2018-11-24 09:46:04]
Starting flip_value script
version: 1.1
[INFO -- 2018-11-24 09:46:04]
Initialization strings:
[INFO -- 2018-11-24 09:46:04]
(1) file /tmp/lreg/lreg
[INFO -- 2018-11-24 09:46:04]
(2) set args /tmp/lreg/randInput /tmp/lreg/output
[INFO -- 2018-11-24 09:46:04]
initSignal:0
[INFO -- 2018-11-24 09:46:04]
endSignal:2
[INFO -- 2018-11-24 09:46:04]
faultModel:0
[INFO -- 2018-11-24 09:46:05]
Backtrace BEGIN:
#0  0x00007ffff76db6a7 in libc_feholdsetround_sse_ctx (r=0, ctx=<synthetic pointer>) at ../sysdeps/i386/fpu/fenv_private.h:447
#1  __ieee754_pow_sse2 (x=<optimized out>, y=3) at ../sysdeps/ieee754/dbl-64/e_pow.c:183
#2  0x00007ffff76bcb14 in __pow (x=-2, y=3) at w_pow_compat.c:30
#3  0x0000555555555d5f in std::pow<double, int> (__x=-2, __y=3) at /usr/include/c++/7/cmath:418
#4  0x00005555555551e7 in predict (v=-2) at lreg.cpp:50
#5  0x00005555555553ac in partialDerivate (pos=1) at lreg.cpp:74
#6  0x00005555555554b3 in adjust (alpha=2.2222199999999999e-05) at lreg.cpp:87
#7  0x000055555555565c in train (iterations=30000, alpha=2.2222199999999999e-05, N=4, stopsWhenStable=true) at lreg.cpp:120
#8  0x0000555555555ab7 in main (argc=3, argv=0x7fffffffde58) at lreg.cpp:174

442	../sysdeps/i386/fpu/fenv_private.h: No such file or directory.

Backtrace END
Fliping value of field name: x
Memory content before bitflip:0xff0x030x000x000x000x000x300x43
Fault Model: Single bit-flip
base address to flip value: 0x7ffff779f5a0 
address max offset: 8
Memory content after  bitflip:0xff0x030x000x000x000x000x300x03
frame name: libc_feholdsetround_sse_ctx
symbol name: two52e
symbol filename: ../sysdeps/ieee754/dbl-64/upow.h
symbol line: 55
value: {i = {1023, 53477376}, x = 2.505210450011785e-293}
value address: 0x7ffff779f5a0 <two52e>
Type: The type is a union.
Type sizeof: 8
Field name: i
Field Type: The type is an array.
Field Type sizeof: 8
Field name: x
Field Type: A floating point type.
Field Type sizeof: 8

[INFO -- 2018-11-24 09:46:05]
Fault Injection Successful after 1.4186320304870605s
[INFO -- 2018-11-24 09:46:06]
event type: exit
[INFO -- 2018-11-24 09:46:06]
exit code: 0
