[INFO -- 2018-09-16 10:54:20]
Starting flip_value script
version: 1.1
[INFO -- 2018-09-16 10:54:20]
Initialization strings:
[INFO -- 2018-09-16 10:54:20]
(1) file /tmp/lreg/lreg
[INFO -- 2018-09-16 10:54:20]
(2) set args /tmp/lreg/randInput /tmp/lreg/output
[INFO -- 2018-09-16 10:54:20]
initSignal:0
[INFO -- 2018-09-16 10:54:20]
endSignal:2
[INFO -- 2018-09-16 10:54:20]
faultModel:2
[INFO -- 2018-09-16 10:54:21]
Backtrace BEGIN:
#0  0x0000555555555ef2 in std::vector<double, std::allocator<double> >::operator[] (this=0x55555575a180 <T>, __n=0) at /usr/include/c++/7/bits/stl_vector.h:795
#1  0x0000555555555217 in predict (v=0) at lreg.cpp:50
#2  0x00005555555553fc in partialDerivate (pos=0) at lreg.cpp:74
#3  0x0000555555555503 in adjust (alpha=5.0000000000000002e-05) at lreg.cpp:87
#4  0x00005555555556ac in train (iterations=60000, alpha=5.0000000000000002e-05, N=3, stopsWhenStable=true) at lreg.cpp:120
#5  0x0000555555555c26 in main (argc=3, argv=0x7fffffffde68) at lreg.cpp:182

790	       *  Note that data access with this operator is unchecked and
791	       *  out_of_range lookups are not defined. (For checked lookups
792	       *  see at().)
793	       */
794	      reference
795	      operator[](size_type __n) _GLIBCXX_NOEXCEPT
796	      {
797		__glibcxx_requires_subscript(__n);
798		return *(this->_M_impl._M_start + __n);
799	      }

Backtrace END
Fliping value of field: std::_Vector_base<double, std::allocator<double> >
Fliping value of field: _M_impl
Fliping value of field: _M_start
Fliping a bit of the value pointed by a pointer
Memory content before bitflip:0x000x000x000x000x000x000x000x00
Fault Model: Random bit-flip
base address to flip value: 0x555555771540
address max offset: 8
Memory content after  bitflip:0x0f0x7b0xd20x740x1a0x6c0xd20x7d
frame name: partialDerivate
symbol name: x
symbol filename: lreg.cpp
symbol line: 32
value: std::vector of length 20, capacity 32 = {1.2048114124816094e+298, 2, 1, -3, -4, -8, -16, -5, 20, -19, 14, 0, -20, -19, -20, 10, -13, -21, 24, -9}
value address: 0x55555575a140 <x>
Type: The type is a structure.
Type sizeof: 24
Field name: std::_Vector_base<double, std::allocator<double> >
Field Type: The type is a structure.
Field Type sizeof: 24

[INFO -- 2018-09-16 10:54:21]
Fault Injection Successful after 1.3857030868530273s
[INFO -- 2018-09-16 10:54:27]
event type: exit
[INFO -- 2018-09-16 10:54:27]
exit code: 0
