[INFO -- 2018-09-15 15:09:43]
Starting flip_value script
version: 1.1
[INFO -- 2018-09-15 15:09:43]
Initialization strings:
[INFO -- 2018-09-15 15:09:43]
(1) file /tmp/lreg/lreg
[INFO -- 2018-09-15 15:09:43]
(2) set args /tmp/lreg/randInput /tmp/lreg/output
[INFO -- 2018-09-15 15:09:43]
initSignal:0
[INFO -- 2018-09-15 15:09:43]
endSignal:2
[INFO -- 2018-09-15 15:09:43]
faultModel:0
[EXCEPTION -- 2018-09-15 15:09:44]
pythonException: Unable to exit loop in struct fields; Exiting wihtout making a bit flip
[EXCEPTION -- 2018-09-15 15:09:45]
pythonException: Unable to exit loop in struct fields; Exiting wihtout making a bit flip
[INFO -- 2018-09-15 15:09:51]
event type: exit
[INFO -- 2018-09-15 15:09:51]
exit code: 0
