[INFO -- 2018-10-13 12:34:24]
Starting flip_value script
version: 1.1
[INFO -- 2018-10-13 12:34:24]
Initialization strings:
[INFO -- 2018-10-13 12:34:24]
(1) file /tmp/lreg/lreg
[INFO -- 2018-10-13 12:34:24]
(2) set args /tmp/lreg/randInput /tmp/lreg/output
[INFO -- 2018-10-13 12:34:24]
initSignal:0
[INFO -- 2018-10-13 12:34:24]
endSignal:10
[INFO -- 2018-10-13 12:34:24]
faultModel:2
[INFO -- 2018-10-13 12:34:32]
Backtrace BEGIN:
#0  0x00007ffff76da528 in __ieee754_pow_sse2 (x=-7, y=1) at ../sysdeps/ieee754/dbl-64/e_pow.c:65
#1  0x00007ffff76bcb14 in __pow (x=-7, y=1) at w_pow_compat.c:30
#2  0x00005555555560ba in std::pow<double, unsigned int> (__x=-7, __y=1) at /usr/include/c++/7/cmath:418
#3  0x0000555555555590 in partialDerivate (pos=1) at lreg.cpp:107
#4  0x0000555555555670 in adjust () at lreg.cpp:123
#5  0x0000555555555881 in train (iterations=90000, N=4, stopsWhenStable=true) at lreg.cpp:159
#6  0x0000555555555dba in main (argc=3, argv=0x7fffffffde68) at lreg.cpp:225

60	../sysdeps/ieee754/dbl-64/e_pow.c: No such file or directory.

Backtrace END
Fliping value of field name: i
Fliping array at pos: 1
Memory content before bitflip:0x000x000x300x43
Fault Model: Random bit-flip
base address to flip value: 0x7ffff779f5ac 
address max offset: 4
Memory content after  bitflip:0x140xf20x860x70
frame name: __ieee754_pow_sse2
symbol name: t52
symbol filename: ../sysdeps/ieee754/dbl-64/upow.h
symbol line: 54
value: {i = {0, 1887891988}, x = 1.1399515705812907e+234}
value address: 0x7ffff779f5a8 <t52>
Type: The type is a union.
Type sizeof: 8
Field name: i
Field Type: The type is an array.
Field Type sizeof: 8
Field name: x
Field Type: A floating point type.
Field Type sizeof: 8

[INFO -- 2018-10-13 12:34:32]
Fault Injection Successful after 8.037905931472778s
[INFO -- 2018-10-13 12:34:34]
event type: exit
[INFO -- 2018-10-13 12:34:34]
exit code: 0
