[INFO -- 2018-11-24 18:31:10]
Starting flip_value script
version: 1.1
[INFO -- 2018-11-24 18:31:10]
Initialization strings:
[INFO -- 2018-11-24 18:31:10]
(1) file /tmp/lreg/lreg
[INFO -- 2018-11-24 18:31:10]
(2) set args /tmp/lreg/randInput /tmp/lreg/output /tmp/lreg/detected.log
[INFO -- 2018-11-24 18:31:10]
initSignal:0
[INFO -- 2018-11-24 18:31:10]
endSignal:6
[INFO -- 2018-11-24 18:31:10]
faultModel:2
[INFO -- 2018-11-24 18:31:11]
Backtrace BEGIN:
#0  0x00007ffff76bcb4d in __pow (x=-2, y=2) at w_pow_compat.c:62
#1  0x0000555555556149 in std::pow<double, int> (__x=-2, __y=2) at /usr/include/c++/7/cmath:418
#2  0x0000555555555451 in partialDerivate (pos=2) at lreg.cpp:74
#3  0x0000555555555503 in adjust (alpha=5.0000000000000002e-05) at lreg.cpp:87
#4  0x00005555555556ac in train (iterations=20000, alpha=5.0000000000000002e-05, N=3, stopsWhenStable=true) at lreg.cpp:120
#5  0x0000555555555a1c in execute (input=0x7fffffffe1f2 "/tmp/lreg/randInput") at lreg.cpp:157
#6  0x0000555555555c78 in main (argc=4, argv=0x7fffffffde48) at lreg.cpp:193

57	w_pow_compat.c: No such file or directory.

Backtrace END
Memory content before bitflip:0x000x000x000x000x000x000x000xc0
Fault Model: Random bit-flip
base address to flip value: 0x7fffffffd460
address max offset: 8
Memory content after  bitflip:0xa90x280x410xe10xf80x780xad0x89
frame name: __pow
symbol name: x
symbol filename: w_pow_compat.c
symbol line: 28
value: -4.6798449360395538e-262
value address: 0x7fffffffd460
Type: A floating point type.
Type sizeof: 8

[INFO -- 2018-11-24 18:31:11]
Fault Injection Successful after 1.6079375743865967s
[INFO -- 2018-11-24 18:31:14]
event type: exit
[INFO -- 2018-11-24 18:31:14]
exit code: 0
