[INFO -- 2018-09-30 21:41:01]
Starting flip_value script
version: 1.1
[INFO -- 2018-09-30 21:41:01]
Initialization strings:
[INFO -- 2018-09-30 21:41:01]
(1) file /tmp/lreg/lreg
[INFO -- 2018-09-30 21:41:01]
(2) set args /tmp/lreg/randInput /tmp/lreg/output
[INFO -- 2018-09-30 21:41:01]
initSignal:0
[INFO -- 2018-09-30 21:41:01]
endSignal:10
[INFO -- 2018-09-30 21:41:01]
faultModel:0
[INFO -- 2018-09-30 21:41:02]
Backtrace BEGIN:
#0  0x00007ffff76d5518 in __ieee754_pow_sse2 (x=24, y=2) at ../sysdeps/ieee754/dbl-64/e_pow.c:65
#1  0x00007ffff76b7b14 in __pow (x=24, y=2) at w_pow_compat.c:30
#2  0x0000555555555f39 in std::pow<double, int> (__x=24, __y=2) at /usr/include/c++/7/cmath:418
#3  0x0000555555555237 in predict (v=24) at lreg.cpp:50
#4  0x000055555555530a in meanSquaredError () at lreg.cpp:61
#5  0x00005555555556b1 in train (iterations=60000, alpha=5.0000000000000002e-05, N=3, stopsWhenStable=true) at lreg.cpp:121
#6  0x0000555555555c26 in main (argc=3, argv=0x7fffffffde58) at lreg.cpp:182

60	../sysdeps/ieee754/dbl-64/e_pow.c: No such file or directory.

Backtrace END
Memory content before bitflip:0x000x000x000x000x000x000x380x40
Fault Model: Single bit-flip
base address to flip value: 0x7fffffffd720
address max offset: 8
Memory content after  bitflip:0x000x000x000x000x000x000x300x40
frame name: __pow
symbol name: x
symbol filename: w_pow_compat.c
symbol line: 28
value: 16
value address: 0x7fffffffd720
Type: A floating point type.
Type sizeof: 8

[INFO -- 2018-09-30 21:41:02]
Fault Injection Successful after 1.5605533123016357s
[INFO -- 2018-09-30 21:41:08]
event type: exit
[INFO -- 2018-09-30 21:41:08]
exit code: 0
