[INFO -- 2018-11-26 18:52:56]
Starting flip_value script
version: 1.1
[INFO -- 2018-11-26 18:52:56]
Initialization strings:
[INFO -- 2018-11-26 18:52:56]
(1) file /tmp/lreg/lreg
[INFO -- 2018-11-26 18:52:56]
(2) set args /tmp/lreg/randInput /tmp/lreg/output
[INFO -- 2018-11-26 18:52:56]
initSignal:0
[INFO -- 2018-11-26 18:52:56]
endSignal:3
[INFO -- 2018-11-26 18:52:56]
faultModel:1
[INFO -- 2018-11-26 18:52:57]
Backtrace BEGIN:
#0  __ieee754_pow_sse2 (x=-2, y=0) at ../sysdeps/ieee754/dbl-64/e_pow.c:65
#1  0x00007ffff76bcb14 in __pow (x=-2, y=0) at w_pow_compat.c:30
#2  0x0000555555556826 in std::pow<double, unsigned int> (__x=-2, __y=0) at /usr/include/c++/7/cmath:418
#3  0x0000555555555814 in predict (v=-2) at lreg.cpp:116
#4  0x0000555555555a53 in partialDerivate (pos1=1, pos2=1) at lreg.cpp:142
#5  0x0000555555555bbe in adjust (alpha1=2.2222199999999999e-05, alpha2=2.2222199999999999e-05) at lreg.cpp:156
#6  0x0000555555555ee0 in train (iter1=30000, iter2=30000, N=4, alpha1=2.2222199999999999e-05, alpha2=2.2222199999999999e-05, stopsWhenStable=true) at lreg.cpp:193
#7  0x0000555555556467 in main (argc=3, argv=0x7fffffffde58) at lreg.cpp:253

60	../sysdeps/ieee754/dbl-64/e_pow.c: No such file or directory.

Backtrace END
Memory content before bitflip:0x130x2f0x000x00
Fault Model: Double bit-flip
base address to flip value: 0x7fffffffd7e8
address max offset: 4
Memory content after  bitflip:0x130x2f0x600x00
frame name: train
symbol name: i1
symbol filename: lreg.cpp
symbol line: 191
value: 6303507
value address: 0x7fffffffd7e8
Type: The type is an integer type.
Type sizeof: 4

[INFO -- 2018-11-26 18:52:57]
Fault Injection Successful after 1.7318098545074463s
[INFO -- 2018-11-26 18:52:57]
event type: exit
[INFO -- 2018-11-26 18:52:57]
exit code: 0
