[INFO -- 2018-11-15 12:53:48]
Starting flip_value script
version: 1.1
[INFO -- 2018-11-15 12:53:48]
Initialization strings:
[INFO -- 2018-11-15 12:53:48]
(1) file /tmp/lreg/lreg
[INFO -- 2018-11-15 12:53:48]
(2) set args /tmp/lreg/randInput /tmp/lreg/output
[INFO -- 2018-11-15 12:53:48]
initSignal:0
[INFO -- 2018-11-15 12:53:48]
endSignal:5
[INFO -- 2018-11-15 12:53:48]
faultModel:1
[INFO -- 2018-11-15 12:53:52]
Backtrace BEGIN:
#0  std::vector<double, std::allocator<double> >::operator[] (this=0x3, __n=8589934594) at /usr/include/c++/7/bits/stl_vector.h:795
#1  0x00005555555557ab in predict (v=15) at lreg.cpp:116
#2  0x0000555555555a53 in partialDerivate (pos1=3, pos2=3) at lreg.cpp:142
#3  0x0000555555555bbe in adjust (alpha1=2.2222199999999999e-05, alpha2=2.2222199999999999e-05) at lreg.cpp:156
#4  0x0000555555555ee0 in train (iter1=45000, iter2=45000, N=4, alpha1=2.2222199999999999e-05, alpha2=2.2222199999999999e-05, stopsWhenStable=true) at lreg.cpp:193
#5  0x0000555555556467 in main (argc=3, argv=0x7fffffffde58) at lreg.cpp:253

790	       *  Note that data access with this operator is unchecked and
791	       *  out_of_range lookups are not defined. (For checked lookups
792	       *  see at().)
793	       */
794	      reference
795	      operator[](size_type __n) _GLIBCXX_NOEXCEPT
796	      {
797		__glibcxx_requires_subscript(__n);
798		return *(this->_M_impl._M_start + __n);
799	      }

Backtrace END
Fliping value of field: std::_Vector_base<double, std::allocator<double> >
Fliping value of field: _M_impl
Fliping value of field: _M_start
Fliping a bit of the value pointed by a pointer
Memory content before bitflip:0xad0xbd0xa70xe30x8f0x220xb70x3f
Fault Model: Double bit-flip
base address to flip value: 0x555555772830
address max offset: 8
Memory content after  bitflip:0xad0xbd0xa70xe30x8f0x220x330x3f
frame name: predict
symbol name: T2
symbol filename: lreg.cpp
symbol line: 37
value: std::vector of length 4, capacity 4 = {0.00029197705194313855, 0.27746710056535939, 2.0057915116344711, 6.0563607855470494}
value address: 0x55555575b1a0 <T2>
Type: The type is a structure.
Type sizeof: 24
Field name: std::_Vector_base<double, std::allocator<double> >
Field Type: The type is a structure.
Field Type sizeof: 24

[INFO -- 2018-11-15 12:53:52]
Fault Injection Successful after 4.500181198120117s
[INFO -- 2018-11-15 12:53:56]
event type: exit
[INFO -- 2018-11-15 12:53:56]
exit code: 0
