[INFO -- 2018-11-08 19:15:06]
Starting flip_value script
version: 1.1
[INFO -- 2018-11-08 19:15:06]
Initialization strings:
[INFO -- 2018-11-08 19:15:06]
(1) file /tmp/lreg/lreg
[INFO -- 2018-11-08 19:15:06]
(2) set args /tmp/lreg/randInput /tmp/lreg/output /tmp/lreg/detected.log
[INFO -- 2018-11-08 19:15:06]
initSignal:0
[INFO -- 2018-11-08 19:15:06]
endSignal:10
[INFO -- 2018-11-08 19:15:06]
faultModel:0
[EXCEPTION -- 2018-11-08 19:15:07]
gdbException: Attempt to dereference a generic pointer.
[INFO -- 2018-11-08 19:15:11]
Backtrace BEGIN:
#0  0x0000555555556113 in std::pow<double, int> (__x=-11, __y=0) at /usr/include/c++/7/cmath:415
#1  0x0000555555555237 in predict (v=-11) at lreg.cpp:50
#2  0x00005555555553fc in partialDerivate (pos=1) at lreg.cpp:74
#3  0x0000555555555503 in adjust (alpha=2.2222199999999999e-05) at lreg.cpp:87
#4  0x00005555555556ac in train (iterations=45000, alpha=2.2222199999999999e-05, N=4, stopsWhenStable=true) at lreg.cpp:120
#5  0x0000555555555a1c in execute (input=0x7fffffffe1f1 "/tmp/lreg/randInput") at lreg.cpp:157
#6  0x0000555555555c60 in main (argc=4, argv=0x7fffffffde48) at lreg.cpp:191

410	#endif
411	
412	  template<typename _Tp, typename _Up>
413	    inline _GLIBCXX_CONSTEXPR
414	    typename __gnu_cxx::__promote_2<_Tp, _Up>::__type
415	    pow(_Tp __x, _Up __y)
416	    {
417	      typedef typename __gnu_cxx::__promote_2<_Tp, _Up>::__type __type;
418	      return pow(__type(__x), __type(__y));
419	    }

Backtrace END
Memory content before bitflip:0x000x000x000x000x000x000x260xc0
Fault Model: Single bit-flip
base address to flip value: 0x7fffffffd478
address max offset: 8
Memory content after  bitflip:0x000x010x000x000x000x000x260xc0
frame name: predict
symbol name: v
symbol filename: lreg.cpp
symbol line: 47
value: -11.000000000000455
value address: 0x7fffffffd478
Type: A floating point type.
Type sizeof: 8

[INFO -- 2018-11-08 19:15:11]
Fault Injection Successful after 5.393322467803955s
[INFO -- 2018-11-08 19:15:16]
event type: exit
[INFO -- 2018-11-08 19:15:16]
exit code: 0
