[INFO -- 2018-11-23 17:42:05]
Starting flip_value script
version: 1.1
[INFO -- 2018-11-23 17:42:05]
Initialization strings:
[INFO -- 2018-11-23 17:42:05]
(1) file /tmp/lreg/lreg
[INFO -- 2018-11-23 17:42:05]
(2) set args /tmp/lreg/randInput /tmp/lreg/output
[INFO -- 2018-11-23 17:42:05]
initSignal:0
[INFO -- 2018-11-23 17:42:05]
endSignal:3
[INFO -- 2018-11-23 17:42:05]
faultModel:0
[INFO -- 2018-11-23 17:42:06]
Backtrace BEGIN:
#0  0x00007ffff76da516 in __ieee754_pow_sse2 (x=-3, y=0) at ../sysdeps/ieee754/dbl-64/e_pow.c:65
#1  0x00007ffff76bcb14 in __pow (x=-3, y=0) at w_pow_compat.c:30
#2  0x0000555555555d5f in std::pow<double, int> (__x=-3, __y=0) at /usr/include/c++/7/cmath:418
#3  0x0000555555555401 in partialDerivate (pos=0) at lreg.cpp:74
#4  0x00005555555554b3 in adjust (alpha=5.0000000000000002e-05) at lreg.cpp:87
#5  0x000055555555565c in train (iterations=20000, alpha=5.0000000000000002e-05, N=3, stopsWhenStable=true) at lreg.cpp:120
#6  0x0000555555555ab7 in main (argc=3, argv=0x7fffffffde58) at lreg.cpp:174

60	../sysdeps/ieee754/dbl-64/e_pow.c: No such file or directory.

Backtrace END
Memory content before bitflip:0x000x000x000x000x000x000x080xc0
Fault Model: Single bit-flip
base address to flip value: 0x7fffffffd710
address max offset: 8
Memory content after  bitflip:0x000x000x000x000x000x000x080xc8
frame name: __pow
symbol name: x
symbol filename: w_pow_compat.c
symbol line: 28
value: -1.0208471007628154e+39
value address: 0x7fffffffd710
Type: A floating point type.
Type sizeof: 8

[INFO -- 2018-11-23 17:42:06]
Fault Injection Successful after 1.5316362380981445s
[INFO -- 2018-11-23 17:42:07]
event type: exit
[INFO -- 2018-11-23 17:42:07]
exit code: 0
