[INFO -- 2018-11-09 19:23:42]
Starting flip_value script
version: 1.1
[INFO -- 2018-11-09 19:23:42]
Initialization strings:
[INFO -- 2018-11-09 19:23:42]
(1) file /tmp/lreg/lreg
[INFO -- 2018-11-09 19:23:42]
(2) set args /tmp/lreg/randInput /tmp/lreg/output /tmp/lreg/detected.log
[INFO -- 2018-11-09 19:23:42]
initSignal:0
[INFO -- 2018-11-09 19:23:42]
endSignal:10
[INFO -- 2018-11-09 19:23:42]
faultModel:2
[INFO -- 2018-11-09 19:23:43]
Backtrace BEGIN:
#0  0x0000555555555220 in predict (v=10) at lreg.cpp:50
#1  0x00005555555553fc in partialDerivate (pos=0) at lreg.cpp:74
#2  0x0000555555555503 in adjust (alpha=0.00020000000000000001) at lreg.cpp:87
#3  0x00005555555556ac in train (iterations=15000, alpha=0.00020000000000000001, N=2, stopsWhenStable=true) at lreg.cpp:120
#4  0x0000555555555a1c in execute (input=0x7fffffffe1f3 "/tmp/lreg/randInput") at lreg.cpp:157
#5  0x0000555555555c60 in main (argc=4, argv=0x7fffffffde48) at lreg.cpp:191

45		Predicts the value related to v using the Ts variables
46	*/
47	double predict(double v){
48		double val = 0;
49		for(int i = 0; i<T.size(); i++){
50			val+= (T[i] * pow(v, i));
51		}
52		return val;
53		
54	}

Backtrace END
Memory content before bitflip:0x980x3a0x000x00
Fault Model: Random bit-flip
base address to flip value: 0x7fffffffd56c
address max offset: 4
Memory content after  bitflip:0x3e0x770x7c0xeb
frame name: train
symbol name: iterations
symbol filename: lreg.cpp
symbol line: 105
value: -344164546
value address: 0x7fffffffd56c
Type: The type is an integer type.
Type sizeof: 4

[INFO -- 2018-11-09 19:23:43]
Fault Injection Successful after 1.178100824356079s
[INFO -- 2018-11-09 19:23:57]
event type: exit
[INFO -- 2018-11-09 19:23:57]
exit code: 0
