[INFO -- 2018-11-14 18:34:46]
Starting flip_value script
version: 1.1
[INFO -- 2018-11-14 18:34:46]
Initialization strings:
[INFO -- 2018-11-14 18:34:46]
(1) file /tmp/lreg/lreg
[INFO -- 2018-11-14 18:34:46]
(2) set args /tmp/lreg/randInput /tmp/lreg/output
[INFO -- 2018-11-14 18:34:46]
initSignal:0
[INFO -- 2018-11-14 18:34:46]
endSignal:5
[INFO -- 2018-11-14 18:34:46]
faultModel:1
[EXCEPTION -- 2018-11-14 18:34:48]
pythonException: Unable to exit loop in struct fields; Exiting wihtout making a bit flip
[INFO -- 2018-11-14 18:34:48]
Backtrace BEGIN:
#0  log1 (error=<synthetic pointer>, delta=<synthetic pointer>, x=28) at ../sysdeps/ieee754/dbl-64/e_pow.c:335
#1  __ieee754_pow_sse2 (x=28, y=3) at ../sysdeps/ieee754/dbl-64/e_pow.c:103
#2  0x00007ffff76bcb14 in __pow (x=28, y=3) at w_pow_compat.c:30
#3  0x0000555555556826 in std::pow<double, unsigned int> (__x=28, __y=3) at /usr/include/c++/7/cmath:418
#4  0x0000555555555814 in predict (v=28) at lreg.cpp:116
#5  0x0000555555555a53 in partialDerivate (pos1=1, pos2=1) at lreg.cpp:142
#6  0x0000555555555bbe in adjust (alpha1=2.2222199999999999e-05, alpha2=2.2222199999999999e-05) at lreg.cpp:156
#7  0x0000555555555ee0 in train (iter1=45000, iter2=45000, N=4, alpha1=2.2222199999999999e-05, alpha2=2.2222199999999999e-05, stopsWhenStable=true) at lreg.cpp:193
#8  0x0000555555556467 in main (argc=3, argv=0x7fffffffde68) at lreg.cpp:253

330	in ../sysdeps/ieee754/dbl-64/e_pow.c

Backtrace END
Memory content before bitflip:0x000x000x000x000x000x000x3c0x40
Fault Model: Double bit-flip
base address to flip value: 0x7fffffffd670
address max offset: 8
Memory content after  bitflip:0xc00x000x000x000x000x000x3c0x40
frame name: __pow
symbol name: x
symbol filename: w_pow_compat.c
symbol line: 28
value: 28.000000000000682
value address: 0x7fffffffd670
Type: A floating point type.
Type sizeof: 8

[INFO -- 2018-11-14 18:34:48]
Fault Injection Successful after 2.4855966567993164s
[INFO -- 2018-11-14 18:34:50]
event type: exit
[INFO -- 2018-11-14 18:34:50]
exit code: 0
