[INFO -- 2018-11-15 19:46:33]
Starting flip_value script
version: 1.1
[INFO -- 2018-11-15 19:46:33]
Initialization strings:
[INFO -- 2018-11-15 19:46:33]
(1) file /tmp/lreg/lreg
[INFO -- 2018-11-15 19:46:33]
(2) set args /tmp/lreg/randInput /tmp/lreg/output
[INFO -- 2018-11-15 19:46:33]
initSignal:0
[INFO -- 2018-11-15 19:46:33]
endSignal:5
[INFO -- 2018-11-15 19:46:33]
faultModel:1
[EXCEPTION -- 2018-11-15 19:46:34]
gdbException: Attempt to dereference a generic pointer.
[INFO -- 2018-11-15 19:46:36]
Backtrace BEGIN:
#0  log1 (error=<synthetic pointer>, delta=<synthetic pointer>, x=10) at ../sysdeps/ieee754/dbl-64/e_pow.c:286
#1  __ieee754_pow_sse2 (x=10, y=3) at ../sysdeps/ieee754/dbl-64/e_pow.c:103
#2  0x00007ffff76bcb14 in __pow (x=10, y=3) at w_pow_compat.c:30
#3  0x0000555555556826 in std::pow<double, unsigned int> (__x=10, __y=3) at /usr/include/c++/7/cmath:418
#4  0x0000555555555814 in predict (v=10) at lreg.cpp:116
#5  0x0000555555555928 in meanSquaredError () at lreg.cpp:128
#6  0x0000555555555ee5 in train (iter1=45000, iter2=45000, N=4, alpha1=2.2222199999999999e-05, alpha2=2.2222199999999999e-05, stopsWhenStable=true) at lreg.cpp:194
#7  0x0000555555556467 in main (argc=3, argv=0x7fffffffde68) at lreg.cpp:253

281	../sysdeps/ieee754/dbl-64/e_pow.c: No such file or directory.

Backtrace END
Memory content before bitflip:0x000x000x000x000x000x000x240x40
Fault Model: Double bit-flip
base address to flip value: 0x7fffffffd688
address max offset: 8
Memory content after  bitflip:0x000x000x000x000x240x000x240x40
frame name: log1
symbol name: x
symbol filename: ../sysdeps/ieee754/dbl-64/e_pow.c
symbol line: 247
value: 10.000274658203125
value address: 0x7fffffffd688
Type: A floating point type.
Type sizeof: 8

[INFO -- 2018-11-15 19:46:36]
Fault Injection Successful after 3.0394208431243896s
[INFO -- 2018-11-15 19:46:39]
event type: exit
[INFO -- 2018-11-15 19:46:39]
exit code: 0
