[INFO -- 2018-09-25 19:48:16]
Starting flip_value script
version: 1.1
[INFO -- 2018-09-25 19:48:16]
Initialization strings:
[INFO -- 2018-09-25 19:48:16]
(1) file /tmp/lreg/lreg
[INFO -- 2018-09-25 19:48:16]
(2) set args /tmp/lreg/randInput /tmp/lreg/output
[INFO -- 2018-09-25 19:48:16]
initSignal:0
[INFO -- 2018-09-25 19:48:16]
endSignal:2
[INFO -- 2018-09-25 19:48:16]
faultModel:0
[INFO -- 2018-09-25 19:48:17]
Backtrace BEGIN:
#0  0x00005555555566be in std::_Destroy<double*, double> (__first=0x7fffffffd8b0, __last=0x5555557714a0) at /usr/include/c++/7/bits/stl_construct.h:203
#1  0x0000555555556021 in std::vector<double, std::allocator<double> >::~vector (this=0x7fffffffd8b0, __in_chrg=<optimized out>) at /usr/include/c++/7/bits/stl_vector.h:434
#2  0x0000555555555780 in train (iterations=30000, alpha=0.00020000000000000001, N=2, stopsWhenStable=true) at lreg.cpp:126
#3  0x0000555555555c26 in main (argc=3, argv=0x7fffffffde68) at lreg.cpp:182

198		__traits::destroy(__alloc, std::__addressof(*__first));
199	    }
200	
201	  template<typename _ForwardIterator, typename _Tp>
202	    inline void
203	    _Destroy(_ForwardIterator __first, _ForwardIterator __last,
204		     allocator<_Tp>&)
205	    {
206	      _Destroy(__first, __last);
207	    }

Backtrace END
Memory content before bitflip:0x000x000x000x000x000x000x000x00
Fault Model: Single bit-flip
base address to flip value: 0x7fffffffd840
address max offset: 8
Memory content after  bitflip:0x000x000x010x000x000x000x000x00
frame name: train
symbol name: bestMSE
symbol filename: lreg.cpp
symbol line: 116
value: 3.2379086165851934e-319
value address: 0x7fffffffd840
Type: A floating point type.
Type sizeof: 8

[INFO -- 2018-09-25 19:48:17]
Fault Injection Successful after 1.4202244281768799s
[INFO -- 2018-09-25 19:48:23]
event type: exit
[INFO -- 2018-09-25 19:48:23]
exit code: 0
