[INFO -- 2018-11-09 15:58:15]
Starting flip_value script
version: 1.1
[INFO -- 2018-11-09 15:58:15]
Initialization strings:
[INFO -- 2018-11-09 15:58:15]
(1) file /tmp/lreg/lreg
[INFO -- 2018-11-09 15:58:15]
(2) set args /tmp/lreg/randInput /tmp/lreg/output /tmp/lreg/detected.log
[INFO -- 2018-11-09 15:58:15]
initSignal:0
[INFO -- 2018-11-09 15:58:15]
endSignal:10
[INFO -- 2018-11-09 15:58:15]
faultModel:0
[INFO -- 2018-11-09 15:58:19]
Backtrace BEGIN:
#0  0x0000555555555220 in predict (v=0) at lreg.cpp:50
#1  0x000055555555530a in meanSquaredError () at lreg.cpp:61
#2  0x00005555555556b1 in train (iterations=30000, alpha=5.0000000000000002e-05, N=3, stopsWhenStable=true) at lreg.cpp:121
#3  0x0000555555555a1c in execute (input=0x7fffffffe1f3 "/tmp/lreg/randInput") at lreg.cpp:157
#4  0x0000555555555c98 in main (argc=4, argv=0x7fffffffde48) at lreg.cpp:194

45		Predicts the value related to v using the Ts variables
46	*/
47	double predict(double v){
48		double val = 0;
49		for(int i = 0; i<T.size(); i++){
50			val+= (T[i] * pow(v, i));
51		}
52		return val;
53		
54	}

Backtrace END
Fliping value of field: std::_Vector_base<double, std::allocator<double> >
Fliping value of field: _M_impl
Fliping value of field: _M_end_of_storage
Fliping a bit of the value pointed by a pointer
Memory content before bitflip:0x000x000x000x000x000x000x000x00
Fault Model: Single bit-flip
base address to flip value: 0x555555772750
address max offset: 8
Memory content after  bitflip:0x000x000x000x000x000x400x000x00
frame name: main
symbol name: e1
symbol filename: lreg.cpp
symbol line: 191
value: std::vector of length 18, capacity 32 = {-31.000024147655623, -15.000012071577835, 23.000016609106911, 23.000016609106911, -919.99046102511443, 17.477231757287974, -1045.7557281552149, -262.69465700117678, -765.44602770774077, -1016.8046758431133, -2808.2725028586874, -1624.371620781455, -399.5339468346221, -337.7758107243634, -1028.541384825498, -203.25908732555322, -540.37005233072966, -2615.6533182127141}
value address: 0x7fffffffd900
Type: The type is a structure.
Type sizeof: 24
Field name: std::_Vector_base<double, std::allocator<double> >
Field Type: The type is a structure.
Field Type sizeof: 24

[INFO -- 2018-11-09 15:58:19]
Fault Injection Successful after 4.46843409538269s
[INFO -- 2018-11-09 15:58:22]
event type: exit
[INFO -- 2018-11-09 15:58:22]
exit code: 0
