[INFO -- 2018-09-15 15:32:34]
Starting flip_value script
version: 1.1
[INFO -- 2018-09-15 15:32:34]
Initialization strings:
[INFO -- 2018-09-15 15:32:34]
(1) file /tmp/lreg/lreg
[INFO -- 2018-09-15 15:32:34]
(2) set args /tmp/lreg/randInput /tmp/lreg/output
[INFO -- 2018-09-15 15:32:34]
initSignal:0
[INFO -- 2018-09-15 15:32:34]
endSignal:2
[INFO -- 2018-09-15 15:32:34]
faultModel:2
[INFO -- 2018-09-15 15:32:35]
Backtrace BEGIN:
#0  0x0000555555555f0d in std::vector<double, std::allocator<double> >::operator[] (this=0x55555575a140 <x>, __n=1) at /usr/include/c++/7/bits/stl_vector.h:799
#1  0x000055555555543b in partialDerivate (pos=1) at lreg.cpp:74
#2  0x0000555555555503 in adjust (alpha=5.0000000000000002e-05) at lreg.cpp:87
#3  0x00005555555556ac in train (iterations=60000, alpha=5.0000000000000002e-05, N=3, stopsWhenStable=true) at lreg.cpp:120
#4  0x0000555555555c26 in main (argc=3, argv=0x7fffffffde68) at lreg.cpp:182

794	      reference
795	      operator[](size_type __n) _GLIBCXX_NOEXCEPT
796	      {
797		__glibcxx_requires_subscript(__n);
798		return *(this->_M_impl._M_start + __n);
799	      }
800	
801	      /**
802	       *  @brief  Subscript access to the data contained in the %vector.
803	       *  @param __n The index of the element for which data should be

Backtrace END
Memory content before bitflip:0xc50x4b0xbf0x8b0xb70xd00x870xc0
Fault Model: Random bit-flip
base address to flip value: 0x7fffffffd798
address max offset: 8
Memory content after  bitflip:0xd30xe40x260x870x350xc60xf10x4b
frame name: partialDerivate
symbol name: pD
symbol filename: lreg.cpp
symbol line: 72
value: 6.9731751458034894e+57
value address: 0x7fffffffd798
Type: A floating point type.
Type sizeof: 8

[INFO -- 2018-09-15 15:32:35]
Fault Injection Successful after 1.3578846454620361s
[INFO -- 2018-09-15 15:32:41]
event type: exit
[INFO -- 2018-09-15 15:32:41]
exit code: 0
