[INFO -- 2018-10-08 19:54:56]
Starting flip_value script
version: 1.1
[INFO -- 2018-10-08 19:54:56]
Initialization strings:
[INFO -- 2018-10-08 19:54:56]
(1) file /tmp/lreg/lreg
[INFO -- 2018-10-08 19:54:56]
(2) set args /tmp/lreg/randInput /tmp/lreg/output
[INFO -- 2018-10-08 19:54:56]
initSignal:0
[INFO -- 2018-10-08 19:54:56]
endSignal:10
[INFO -- 2018-10-08 19:54:56]
faultModel:2
[INFO -- 2018-10-08 19:54:59]
Backtrace BEGIN:
#0  0x000055555555607d in std::pow<double, unsigned int> (__x=-3, __y=0) at /usr/include/c++/7/cmath:415
#1  0x0000555555555590 in partialDerivate (pos=1) at lreg.cpp:107
#2  0x0000555555555670 in adjust () at lreg.cpp:123
#3  0x0000555555555881 in train (iterations=90000, N=4, stopsWhenStable=true) at lreg.cpp:159
#4  0x0000555555555dba in main (argc=3, argv=0x7fffffffde68) at lreg.cpp:225

410	#endif
411	
412	  template<typename _Tp, typename _Up>
413	    inline _GLIBCXX_CONSTEXPR
414	    typename __gnu_cxx::__promote_2<_Tp, _Up>::__type
415	    pow(_Tp __x, _Up __y)
416	    {
417	      typedef typename __gnu_cxx::__promote_2<_Tp, _Up>::__type __type;
418	      return pow(__type(__x), __type(__y));
419	    }

Backtrace END
Fliping value of field: std::_Vector_base<double, std::allocator<double> >
Fliping value of field: _M_impl
Fliping value of field: _M_finish
Fliping a bit of the value pointed by a pointer
Memory content before bitflip:0x000x000x000x000x000x000x000x00
Fault Model: Random bit-flip
base address to flip value: 0x555555771880
address max offset: 8
Memory content after  bitflip:0x600x7b0xd60xb30xfc0xfc0xdd0x50
frame name: std::pow<double, unsigned int>
symbol name: x
symbol filename: lreg.cpp
symbol line: 41
value: std::vector of length 36, capacity 64 = {-3, 11, -10, 8, 16, 12, 15, -15, -11, 20, 13, 3, 21, -12, -3, 5, 20, -1, -1, -16, 8, -23, -20, -4, -5, 16, 24, 31, -11, -20, 21, 2, 22, -24, -26, 21}
value address: 0x55555575a140 <x>
Type: The type is a structure.
Type sizeof: 24
Field name: std::_Vector_base<double, std::allocator<double> >
Field Type: The type is a structure.
Field Type sizeof: 24

[INFO -- 2018-10-08 19:54:59]
Fault Injection Successful after 3.0630240440368652s
[INFO -- 2018-10-08 19:55:06]
event type: exit
[INFO -- 2018-10-08 19:55:06]
exit code: 0
