[INFO -- 2018-09-15 17:02:48]
Starting flip_value script
version: 1.1
[INFO -- 2018-09-15 17:02:48]
Initialization strings:
[INFO -- 2018-09-15 17:02:48]
(1) file /tmp/lreg/lreg
[INFO -- 2018-09-15 17:02:48]
(2) set args /tmp/lreg/randInput /tmp/lreg/output
[INFO -- 2018-09-15 17:02:48]
initSignal:0
[INFO -- 2018-09-15 17:02:48]
endSignal:2
[INFO -- 2018-09-15 17:02:48]
faultModel:0
[INFO -- 2018-09-15 17:02:50]
Backtrace BEGIN:
#0  0x00007ffff76d5813 in log1 (error=<synthetic pointer>, delta=<synthetic pointer>, x=11) at ../sysdeps/ieee754/dbl-64/e_pow.c:335
#1  __ieee754_pow_sse2 (x=11, y=3) at ../sysdeps/ieee754/dbl-64/e_pow.c:103
#2  0x00007ffff76b7b14 in __pow (x=11, y=3) at w_pow_compat.c:30
#3  0x0000555555555f39 in std::pow<double, int> (__x=11, __y=3) at /usr/include/c++/7/cmath:418
#4  0x0000555555555237 in predict (v=11) at lreg.cpp:50
#5  0x00005555555552ba in meanSquaredError () at lreg.cpp:61
#6  0x00005555555556b1 in train (iterations=90000, alpha=2.2222199999999999e-05, N=4, stopsWhenStable=true) at lreg.cpp:121
#7  0x0000555555555c26 in main (argc=3, argv=0x7fffffffde68) at lreg.cpp:182

330	../sysdeps/ieee754/dbl-64/e_pow.c: No such file or directory.

Backtrace END
Fliping value of field: std::_Vector_base<double, std::allocator<double> >
Fliping value of field: _M_impl
Fliping value of field: _M_end_of_storage
Fliping a bit of the pointer
Memory content before bitflip:0x600x190x770x550x550x550x000x00
Fault Model: Single bit-flip
base address to flip value: 0x55555575a150 
address max offset: 8
Memory content after  bitflip:0x600x190x750x550x550x550x000x00
frame name: predict
symbol name: x
symbol filename: lreg.cpp
symbol line: 32
value: std::vector of length 36, capacity -16320 = {9, -12, -4, -2, 10, -15, 3, 12, 23, -9, -16, 17, 15, -3, 6, 0, 24, 1, -1, -15, -14, 1, 20, -3, 6, -2, -17, 11, -31, -30, -21, -6, -32, -27, 25, 28}
value address: 0x55555575a140 <x>
Type: The type is a structure.
Type sizeof: 24
Field name: std::_Vector_base<double, std::allocator<double> >
Field Type: The type is a structure.
Field Type sizeof: 24

[INFO -- 2018-09-15 17:02:50]
Fault Injection Successful after 2.942089319229126s
[INFO -- 2018-09-15 17:02:55]
event type: exit
[INFO -- 2018-09-15 17:02:55]
exit code: 0
