[INFO -- 2018-11-26 17:18:55]
Starting flip_value script
version: 1.1
[INFO -- 2018-11-26 17:18:55]
Initialization strings:
[INFO -- 2018-11-26 17:18:55]
(1) file /tmp/lreg/lreg
[INFO -- 2018-11-26 17:18:55]
(2) set args /tmp/lreg/randInput /tmp/lreg/output
[INFO -- 2018-11-26 17:18:55]
initSignal:0
[INFO -- 2018-11-26 17:18:55]
endSignal:3
[INFO -- 2018-11-26 17:18:55]
faultModel:2
[INFO -- 2018-11-26 17:18:56]
Backtrace BEGIN:
#0  0x00005555555567c4 in std::vector<double, std::allocator<double> >::operator[] (this=0x55555575b180 <T1>, __n=0) at /usr/include/c++/7/bits/stl_vector.h:795
#1  0x00005555555557d4 in predict (v=-3) at lreg.cpp:116
#2  0x0000555555555928 in meanSquaredError () at lreg.cpp:128
#3  0x0000555555555ee5 in train (iter1=20000, iter2=20000, N=3, alpha1=5.0000000000000002e-05, alpha2=5.0000000000000002e-05, stopsWhenStable=true) at lreg.cpp:194
#4  0x0000555555556467 in main (argc=3, argv=0x7fffffffde58) at lreg.cpp:253

790	       *  Note that data access with this operator is unchecked and
791	       *  out_of_range lookups are not defined. (For checked lookups
792	       *  see at().)
793	       */
794	      reference
795	      operator[](size_type __n) _GLIBCXX_NOEXCEPT
796	      {
797		__glibcxx_requires_subscript(__n);
798		return *(this->_M_impl._M_start + __n);
799	      }

Backtrace END
Memory content before bitflip:0xe30x050x000x00
Fault Model: Random bit-flip
base address to flip value: 0x7fffffffd7ec
address max offset: 4
Memory content after  bitflip:0x050x220x640x8d
frame name: train
symbol name: i2
symbol filename: lreg.cpp
symbol line: 191
value: 2372149765
value address: 0x7fffffffd7ec
Type: The type is an integer type.
Type sizeof: 4

[INFO -- 2018-11-26 17:18:56]
Fault Injection Successful after 1.4741699695587158s
[INFO -- 2018-11-26 17:18:58]
event type: exit
[INFO -- 2018-11-26 17:18:58]
exit code: 0
