[INFO -- 2018-11-24 15:27:25]
sending 5 signals using command: 'killall -2 lreg' after 5.36380762439s
[INFO -- 2018-11-24 15:27:25]
sending 5 signals using command: 'killall -2 lreg' after 5.46454910293s
[INFO -- 2018-11-24 15:27:25]
sending 5 signals using command: 'killall -2 lreg' after 5.84264154764s
[INFO -- 2018-11-24 15:27:25]
Starting GDB script
[INFO -- 2018-11-24 15:27:25]
initSignal:0.0
[INFO -- 2018-11-24 15:27:25]
endSignal:6.0
[INFO -- 2018-11-24 15:27:27]
sending 5 signals using command: 'killall -2 lreg' after 1.38875324979s
[INFO -- 2018-11-24 15:27:29]
sending 5 signals using command: 'killall -2 lreg' after 3.63856872474s
[INFO -- 2018-11-24 15:27:29]
sending 5 signals using command: 'killall -2 lreg' after 3.94093273865s
[INFO -- 2018-11-24 15:27:31]
Execution finished before waitTime
