[INFO -- 2018-11-24 14:53:29]
Starting flip_value script
version: 1.1
[INFO -- 2018-11-24 14:53:29]
Initialization strings:
[INFO -- 2018-11-24 14:53:29]
(1) file /tmp/lreg/lreg
[INFO -- 2018-11-24 14:53:29]
(2) set args /tmp/lreg/randInput /tmp/lreg/output /tmp/lreg/detected.log
[INFO -- 2018-11-24 14:53:29]
initSignal:0
[INFO -- 2018-11-24 14:53:29]
endSignal:6
[INFO -- 2018-11-24 14:53:29]
faultModel:2
[EXCEPTION -- 2018-11-24 14:53:31]
gdbException: Attempt to dereference a generic pointer.
[INFO -- 2018-11-24 14:53:32]
Backtrace BEGIN:
#0  0x00007ffff76da813 in log1 (error=<synthetic pointer>, delta=<synthetic pointer>, x=18) at ../sysdeps/ieee754/dbl-64/e_pow.c:335
#1  __ieee754_pow_sse2 (x=18, y=3) at ../sysdeps/ieee754/dbl-64/e_pow.c:103
#2  0x00007ffff76db6be in __ieee754_pow_sse2 (x=<optimized out>, y=<optimized out>) at ../sysdeps/ieee754/dbl-64/e_pow.c:184
#3  0x00007ffff76bcb14 in __pow (x=-18, y=3) at w_pow_compat.c:30
#4  0x0000555555556149 in std::pow<double, int> (__x=-18, __y=3) at /usr/include/c++/7/cmath:418
#5  0x0000555555555237 in predict (v=-18) at lreg.cpp:50
#6  0x00005555555552ba in meanSquaredError () at lreg.cpp:61
#7  0x00005555555556b1 in train (iterations=30000, alpha=2.2222199999999999e-05, N=4, stopsWhenStable=true) at lreg.cpp:121
#8  0x0000555555555a1c in execute (input=0x7fffffffe1f2 "/tmp/lreg/randInput") at lreg.cpp:157
#9  0x0000555555555c78 in main (argc=4, argv=0x7fffffffde48) at lreg.cpp:193

330	../sysdeps/ieee754/dbl-64/e_pow.c: No such file or directory.

Backtrace END
Fliping value of field: std::_Vector_base<double, std::allocator<double> >
Fliping value of field: _M_impl
Fliping value of field: _M_end_of_storage
Fliping a bit of the pointer
Memory content before bitflip:0x300x250x770x550x550x550x000x00
Fault Model: Random bit-flip
base address to flip value: 0x55555575b150 
address max offset: 8
Memory content after  bitflip:0x7b0x150x050xee0xb70x690x180x4c
frame name: predict
symbol name: x
symbol filename: lreg.cpp
symbol line: 32
value: std::vector of length 16, capacity 685394370002796057 = {-15, -9, -1, 29, 5, -18, 31, -16, -18, -28, 25, -14, 7, -2, -17, 21}
value address: 0x55555575b140 <x>
Type: The type is a structure.
Type sizeof: 24
Field name: std::_Vector_base<double, std::allocator<double> >
Field Type: The type is a structure.
Field Type sizeof: 24

[INFO -- 2018-11-24 14:53:32]
Fault Injection Successful after 3.601938009262085s
[INFO -- 2018-11-24 14:53:37]
event type: exit
[INFO -- 2018-11-24 14:53:37]
exit code: 0
