[INFO -- 2018-09-05 19:48:26]
Starting flip_value script
version: 1.1
[INFO -- 2018-09-05 19:48:26]
Initialization strings:
[INFO -- 2018-09-05 19:48:26]
(1) file /tmp/lreg/lreg
[INFO -- 2018-09-05 19:48:26]
(2) set args /tmp/lreg/randInput /tmp/lreg/output
[INFO -- 2018-09-05 19:48:26]
initSignal:0
[INFO -- 2018-09-05 19:48:26]
endSignal:2
[INFO -- 2018-09-05 19:48:26]
faultModel:2
[INFO -- 2018-09-05 19:48:26]
Backtrace BEGIN:
#0  0x000055555555523c in predict (v=-12) at lreg.cpp:50
#1  0x00005555555552ba in meanSquaredError () at lreg.cpp:61
#2  0x00005555555556b1 in train (iterations=30000, alpha=0.00020000000000000001, N=2, stopsWhenStable=true) at lreg.cpp:121
#3  0x0000555555555c26 in main (argc=3, argv=0x7fffffffde78) at lreg.cpp:182

45		Predicts the value related to v using the Ts variables
46	*/
47	double predict(double v){
48		double val = 0;
49		for(int i = 0; i<T.size(); i++){
50			val+= (T[i] * pow(v, i));
51		}
52		return val;
53		
54	}

Backtrace END
Memory content before bitflip:0x080x000x000x00
Fault Model: Random bit-flip
base address to flip value: 0x7fffffffd948
address max offset: 4
Memory content after  bitflip:0x050x460x0a0xb3
frame name: main
symbol name: sizeOfTraining
symbol filename: lreg.cpp
symbol line: 169
value: -1291172347
value address: 0x7fffffffd948
Type: The type is an integer type.
Type sizeof: 4

[INFO -- 2018-09-05 19:48:26]
Fault Injection Successful after 0.8124127388000488s
[INFO -- 2018-09-05 19:48:33]
event type: exit
[INFO -- 2018-09-05 19:48:33]
exit code: 0
