[INFO -- 2018-11-15 20:12:19]
Starting flip_value script
version: 1.1
[INFO -- 2018-11-15 20:12:19]
Initialization strings:
[INFO -- 2018-11-15 20:12:19]
(1) file /tmp/lreg/lreg
[INFO -- 2018-11-15 20:12:19]
(2) set args /tmp/lreg/randInput /tmp/lreg/output
[INFO -- 2018-11-15 20:12:19]
initSignal:0
[INFO -- 2018-11-15 20:12:19]
endSignal:5
[INFO -- 2018-11-15 20:12:19]
faultModel:1
[INFO -- 2018-11-15 20:12:20]
Backtrace BEGIN:
#0  __ieee754_pow_sse2 (x=-4, y=0) at ../sysdeps/ieee754/dbl-64/e_pow.c:76
#1  0x00007ffff76bcb14 in __pow (x=-4, y=0) at w_pow_compat.c:30
#2  0x0000555555556826 in std::pow<double, unsigned int> (__x=-4, __y=0) at /usr/include/c++/7/cmath:418
#3  0x0000555555555814 in predict (v=-4) at lreg.cpp:116
#4  0x00005555555558c0 in meanSquaredError () at lreg.cpp:128
#5  0x0000555555555ee5 in train (iter1=15000, iter2=15000, N=2, alpha1=0.00020000000000000001, alpha2=0.00020000000000000001, stopsWhenStable=true) at lreg.cpp:194
#6  0x0000555555556467 in main (argc=3, argv=0x7fffffffde68) at lreg.cpp:253

71	../sysdeps/ieee754/dbl-64/e_pow.c: No such file or directory.

Backtrace END
Fliping value of field name: x
Memory content before bitflip:0xff0x030x000x000x000x000x300x43
Fault Model: Double bit-flip
base address to flip value: 0x7ffff779f5a0 
address max offset: 8
Memory content after  bitflip:0xff0x030x000x000x000x480x300x43
frame name: __ieee754_pow_sse2
symbol name: two52e
symbol filename: ../sysdeps/ieee754/dbl-64/upow.h
symbol line: 55
value: {i = {1023, 1127237632}, x = 4582764464571391}
value address: 0x7ffff779f5a0 <two52e>
Type: The type is a union.
Type sizeof: 8
Field name: i
Field Type: The type is an array.
Field Type sizeof: 8
Field name: x
Field Type: A floating point type.
Field Type sizeof: 8

[INFO -- 2018-11-15 20:12:20]
Fault Injection Successful after 1.0258879661560059s
[INFO -- 2018-11-15 20:12:25]
event type: exit
[INFO -- 2018-11-15 20:12:25]
exit code: 0
