[INFO -- 2018-09-15 13:29:23]
Starting flip_value script
version: 1.1
[INFO -- 2018-09-15 13:29:23]
Initialization strings:
[INFO -- 2018-09-15 13:29:23]
(1) file /tmp/lreg/lreg
[INFO -- 2018-09-15 13:29:23]
(2) set args /tmp/lreg/randInput /tmp/lreg/output
[INFO -- 2018-09-15 13:29:23]
initSignal:0
[INFO -- 2018-09-15 13:29:23]
endSignal:2
[INFO -- 2018-09-15 13:29:23]
faultModel:1
[INFO -- 2018-09-15 13:29:25]
Backtrace BEGIN:
#0  __ieee754_pow_sse2 (x=13, y=3) at ../sysdeps/ieee754/dbl-64/e_pow.c:112
#1  0x00007ffff76d66be in __ieee754_pow_sse2 (x=<optimized out>, y=<optimized out>) at ../sysdeps/ieee754/dbl-64/e_pow.c:184
#2  0x00007ffff76b7b14 in __pow (x=-13, y=3) at w_pow_compat.c:30
#3  0x0000555555555f39 in std::pow<double, int> (__x=-13, __y=3) at /usr/include/c++/7/cmath:418
#4  0x0000555555555451 in partialDerivate (pos=3) at lreg.cpp:74
#5  0x0000555555555503 in adjust (alpha=2.2222199999999999e-05) at lreg.cpp:87
#6  0x00005555555556ac in train (iterations=90000, alpha=2.2222199999999999e-05, N=4, stopsWhenStable=true) at lreg.cpp:120
#7  0x0000555555555c26 in main (argc=3, argv=0x7fffffffde68) at lreg.cpp:182

107	../sysdeps/ieee754/dbl-64/e_pow.c: No such file or directory.

Backtrace END
Memory content before bitflip:0x020x000x000x00
Fault Model: Double bit-flip
base address to flip value: 0x7fffffffd940
address max offset: 4
Memory content after  bitflip:0x020x000x000x21
frame name: main
symbol name: i
symbol filename: lreg.cpp
symbol line: 167
value: 553648130
value address: 0x7fffffffd940
Type: The type is an integer type.
Type sizeof: 4

[INFO -- 2018-09-15 13:29:25]
Fault Injection Successful after 2.367177724838257s
[INFO -- 2018-09-15 13:29:30]
event type: exit
[INFO -- 2018-09-15 13:29:30]
exit code: 0
