[INFO -- 2018-09-15 20:56:53]
Starting flip_value script
version: 1.1
[INFO -- 2018-09-15 20:56:53]
Initialization strings:
[INFO -- 2018-09-15 20:56:53]
(1) file /tmp/lreg/lreg
[INFO -- 2018-09-15 20:56:53]
(2) set args /tmp/lreg/randInput /tmp/lreg/output
[INFO -- 2018-09-15 20:56:53]
initSignal:0
[INFO -- 2018-09-15 20:56:53]
endSignal:2
[INFO -- 2018-09-15 20:56:53]
faultModel:1
[INFO -- 2018-09-15 20:56:55]
Backtrace BEGIN:
#0  0x00007ffff76b7b20 in __pow (x=-6, y=1) at w_pow_compat.c:31
#1  0x0000555555555f39 in std::pow<double, int> (__x=-6, __y=1) at /usr/include/c++/7/cmath:418
#2  0x0000555555555237 in predict (v=-6) at lreg.cpp:50
#3  0x00005555555553fc in partialDerivate (pos=0) at lreg.cpp:74
#4  0x0000555555555503 in adjust (alpha=2.2222199999999999e-05) at lreg.cpp:87
#5  0x00005555555556ac in train (iterations=90000, alpha=2.2222199999999999e-05, N=4, stopsWhenStable=true) at lreg.cpp:120
#6  0x0000555555555c26 in main (argc=3, argv=0x7fffffffde68) at lreg.cpp:182

26	w_pow_compat.c: No such file or directory.

Backtrace END
Memory content before bitflip:0x460x5a0xb70xf40x390x4d0xf70x3e
Fault Model: Double bit-flip
base address to flip value: 0x7fffffffd950
address max offset: 8
Memory content after  bitflip:0x460x5a0xb70xf40x3f0x4d0xf70x3e
frame name: main
symbol name: alpha
symbol filename: lreg.cpp
symbol line: 168
value: 2.2222287311491369e-05
value address: 0x7fffffffd950
Type: A floating point type.
Type sizeof: 8

[INFO -- 2018-09-15 20:56:55]
Fault Injection Successful after 2.7983205318450928s
[INFO -- 2018-09-15 20:57:01]
event type: exit
[INFO -- 2018-09-15 20:57:01]
exit code: 0
