[INFO -- 2018-11-25 10:46:59]
Starting flip_value script
version: 1.1
[INFO -- 2018-11-25 10:46:59]
Initialization strings:
[INFO -- 2018-11-25 10:46:59]
(1) file /tmp/lreg/lreg
[INFO -- 2018-11-25 10:46:59]
(2) set args /tmp/lreg/randInput /tmp/lreg/output /tmp/lreg/detected.log
[INFO -- 2018-11-25 10:46:59]
initSignal:0
[INFO -- 2018-11-25 10:46:59]
endSignal:6
[INFO -- 2018-11-25 10:46:59]
faultModel:0
[EXCEPTION -- 2018-11-25 10:47:01]
pythonException: Unable to exit loop in struct fields; Exiting wihtout making a bit flip
[INFO -- 2018-11-25 10:47:01]
Backtrace BEGIN:
#0  0x00007ffff76b9990 in *ABS*+0x2d7c0@plt () from /lib/x86_64-linux-gnu/libm.so.6
#1  0x00007ffff76bcb14 in __pow (x=-14, y=1) at w_pow_compat.c:30
#2  0x000055555555621b in std::pow<double, int> (__x=-14, __y=1) at /usr/include/c++/7/cmath:418
#3  0x0000555555555237 in predict (v=-14) at lreg.cpp:50
#4  0x00005555555553fc in partialDerivate (pos=2) at lreg.cpp:74
#5  0x0000555555555503 in adjust (alpha=2.2222199999999999e-05) at lreg.cpp:87
#6  0x00005555555556ac in train (iterations=30000, alpha=2.2222199999999999e-05, N=4, stopsWhenStable=true) at lreg.cpp:120
#7  0x0000555555555a1c in execute (input=0x7fffffffe1f1 "/tmp/lreg/randInput") at lreg.cpp:157
#8  0x0000555555555cb0 in main (argc=4, argv=0x7fffffffde48) at lreg.cpp:196

177		4° Line : values y of the training set
178		5° Line : set z of new inputs to predict*/
179	
180	
181	int main(int argc, char* argv[]){
182		
183		if (argc != 4) {
184			cout << "Wrong number of arguments" <<endl;
185			cout <<"  Use as : " << endl; 
186			cout <<'\t'<<argv[0]<<" <input file> "<<"<output file> "<<"<detected log file>"<<endl;

Backtrace END
Fliping value of field: std::_Vector_base<double, std::allocator<double> >
Fliping value of field: _M_impl
Fliping value of field: _M_start
Fliping a bit of the value pointed by a pointer
Memory content before bitflip:0x4b0xef0x980x8d0xde0xff0x230x40
Fault Model: Single bit-flip
base address to flip value: 0x555555772720
address max offset: 8
Memory content after  bitflip:0x4b0xef0x980x8d0xdc0xff0x230x40
frame name: main
symbol name: e1
symbol filename: lreg.cpp
symbol line: 193
value: std::vector of length 18, capacity 32 = {9.9997295617282784, 10.999751207252501, 12.999763980722822, -7.0003637539803849, -1078.8160145721722, -1078.8160145721722, -1722.5303976432911, -1319.1177772194476, -1582.6669839552355, -584.82432114594803, 97026.528835098041, -561.68664594912298, -9235.2779191372501, 69793.215647290359, -295.84796972341951, 42146.236069249338, 19328.177037179787, -20460.150394813842}
value address: 0x7fffffffd900
Type: The type is a structure.
Type sizeof: 24
Field name: std::_Vector_base<double, std::allocator<double> >
Field Type: The type is a structure.
Field Type sizeof: 24

[INFO -- 2018-11-25 10:47:01]
Fault Injection Successful after 2.6358208656311035s
[INFO -- 2018-11-25 10:47:01]
event type: exit
[INFO -- 2018-11-25 10:47:01]
exit code: 0
