[INFO -- 2018-11-01 21:01:04]
Starting flip_value script
version: 1.1
[INFO -- 2018-11-01 21:01:04]
Initialization strings:
[INFO -- 2018-11-01 21:01:04]
(1) file /tmp/lreg/lreg
[INFO -- 2018-11-01 21:01:04]
(2) set args /tmp/lreg/randInput /tmp/lreg/output /tmp/lreg/detected.log
[INFO -- 2018-11-01 21:01:04]
initSignal:0
[INFO -- 2018-11-01 21:01:04]
endSignal:20
[INFO -- 2018-11-01 21:01:04]
faultModel:0
[INFO -- 2018-11-01 21:01:06]
Backtrace BEGIN:
#0  0x00007ffff76da519 in __ieee754_pow_sse2 (x=-9, y=0) at ../sysdeps/ieee754/dbl-64/e_pow.c:65
#1  0x00007ffff76bcb14 in __pow (x=-9, y=0) at w_pow_compat.c:30
#2  0x0000555555556131 in std::pow<double, int> (__x=-9, __y=0) at /usr/include/c++/7/cmath:418
#3  0x0000555555555237 in predict (v=-9) at lreg.cpp:50
#4  0x00005555555552ba in meanSquaredError () at lreg.cpp:61
#5  0x00005555555556b1 in train (iterations=40000, alpha=5.0000000000000002e-05, N=3, stopsWhenStable=true) at lreg.cpp:121
#6  0x0000555555555a1c in execute (input=0x7fffffffe1f3 "/tmp/lreg/randInput") at lreg.cpp:157
#7  0x0000555555555c60 in main (argc=4, argv=0x7fffffffde48) at lreg.cpp:191

60	../sysdeps/ieee754/dbl-64/e_pow.c: No such file or directory.

Backtrace END
Memory content before bitflip:0x000x000x000x000x000x000x220xc0
Fault Model: Single bit-flip
base address to flip value: 0x7fffffffd4d8
address max offset: 8
Memory content after  bitflip:0x000x000x000x000x000x000x220xd0
frame name: predict
symbol name: v
symbol filename: lreg.cpp
symbol line: 47
value: -1.0421288031358458e+78
value address: 0x7fffffffd4d8
Type: A floating point type.
Type sizeof: 8

[INFO -- 2018-11-01 21:01:06]
Fault Injection Successful after 2.0667552947998047s
[INFO -- 2018-11-01 21:01:17]
event type: exit
[INFO -- 2018-11-01 21:01:17]
exit code: 0
