[INFO -- 2018-11-12 15:07:58]
Starting flip_value script
version: 1.1
[INFO -- 2018-11-12 15:07:58]
Initialization strings:
[INFO -- 2018-11-12 15:07:58]
(1) file /tmp/lreg/lreg
[INFO -- 2018-11-12 15:07:58]
(2) set args /tmp/lreg/randInput /tmp/lreg/output
[INFO -- 2018-11-12 15:07:58]
initSignal:0
[INFO -- 2018-11-12 15:07:58]
endSignal:10
[INFO -- 2018-11-12 15:07:58]
faultModel:1
[EXCEPTION -- 2018-11-12 15:07:59]
gdbException: Attempt to dereference a generic pointer.
[INFO -- 2018-11-12 15:08:04]
Backtrace BEGIN:
#0  __exp1 (x=<optimized out>, xx=<optimized out>, error=<optimized out>) at ../sysdeps/ieee754/dbl-64/e_exp.c:278
#1  0x00007ffff76da8dc in __ieee754_pow_sse2 (x=13, y=3) at ../sysdeps/ieee754/dbl-64/e_pow.c:115
#2  0x00007ffff76db6be in __ieee754_pow_sse2 (x=<optimized out>, y=<optimized out>) at ../sysdeps/ieee754/dbl-64/e_pow.c:184
#3  0x00007ffff76bcb14 in __pow (x=-13, y=3) at w_pow_compat.c:30
#4  0x00005555555566b8 in std::pow<double, unsigned int> (__x=-13, __y=3) at /usr/include/c++/7/cmath:418
#5  0x00005555555556e7 in predict (v=-13) at lreg.cpp:113
#6  0x000055555555591a in partialDerivate (pos1=2, pos2=2) at lreg.cpp:139
#7  0x0000555555555a81 in adjust (alpha1=2.2222199999999999e-05, alpha2=2.2222199999999999e-05) at lreg.cpp:153
#8  0x0000555555555da3 in train (iter1=45000, iter2=45000, N=4, alpha1=2.2222199999999999e-05, alpha2=2.2222199999999999e-05, stopsWhenStable=true) at lreg.cpp:190
#9  0x00005555555562e6 in main (argc=3, argv=0x7fffffffde68) at lreg.cpp:246

273	../sysdeps/ieee754/dbl-64/e_exp.c: No such file or directory.

Backtrace END
Memory content before bitflip:0x000x000x000x00
Fault Model: Double bit-flip
base address to flip value: 0x55555575b1c8 
address max offset: 4
Memory content after  bitflip:0x000x900x000x00
frame name: adjust
symbol name: detected
symbol filename: lreg.cpp
symbol line: 58
value: 36864
value address: 0x55555575b1c8 <detected>
Type: The type is an integer type.
Type sizeof: 4

[INFO -- 2018-11-12 15:08:04]
Fault Injection Successful after 6.5925352573394775s
[INFO -- 2018-11-12 15:08:13]
event type: exit
[INFO -- 2018-11-12 15:08:13]
exit code: 0
