[INFO -- 2018-11-26 19:28:56]
Starting flip_value script
version: 1.1
[INFO -- 2018-11-26 19:28:56]
Initialization strings:
[INFO -- 2018-11-26 19:28:56]
(1) file /tmp/lreg/lreg
[INFO -- 2018-11-26 19:28:56]
(2) set args /tmp/lreg/randInput /tmp/lreg/output
[INFO -- 2018-11-26 19:28:56]
initSignal:0
[INFO -- 2018-11-26 19:28:56]
endSignal:3
[INFO -- 2018-11-26 19:28:56]
faultModel:0
[EXCEPTION -- 2018-11-26 19:28:57]
pythonException: empty range for randrange() (0,0, 0)
[EXCEPTION -- 2018-11-26 19:28:57]
pythonException: empty range for randrange() (0,0, 0)
[EXCEPTION -- 2018-11-26 19:28:58]
pythonException: empty range for randrange() (0,0, 0)
[INFO -- 2018-11-26 19:28:58]
event type: exit
[EXCEPTION -- 2018-11-26 19:28:58]
exit code: no exit code available
