[INFO -- 2018-11-04 19:11:34]
Starting flip_value script
version: 1.1
[INFO -- 2018-11-04 19:11:34]
Initialization strings:
[INFO -- 2018-11-04 19:11:34]
(1) file /tmp/lreg/lreg
[INFO -- 2018-11-04 19:11:34]
(2) set args /tmp/lreg/randInput /tmp/lreg/output /tmp/lreg/detected.log
[INFO -- 2018-11-04 19:11:34]
initSignal:0
[INFO -- 2018-11-04 19:11:34]
endSignal:10
[INFO -- 2018-11-04 19:11:34]
faultModel:2
[EXCEPTION -- 2018-11-04 19:11:40]
pythonException: Unable to exit loop in struct fields; Exiting wihtout making a bit flip
[INFO -- 2018-11-04 19:11:41]
Backtrace BEGIN:
#0  0x0000555555556105 in std::vector<double, std::allocator<double> >::operator[] (this=0x55555575b160 <y>, __n=0) at /usr/include/c++/7/bits/stl_vector.h:799
#1  0x0000555555555415 in partialDerivate (pos=1) at lreg.cpp:74
#2  0x0000555555555503 in adjust (alpha=2.2222199999999999e-05) at lreg.cpp:87
#3  0x00005555555556ac in train (iterations=45000, alpha=2.2222199999999999e-05, N=4, stopsWhenStable=true) at lreg.cpp:120
#4  0x0000555555555a1c in execute (input=0x7fffffffe1f1 "/tmp/lreg/randInput") at lreg.cpp:157
#5  0x0000555555555c60 in main (argc=4, argv=0x7fffffffde48) at lreg.cpp:191

794	      reference
795	      operator[](size_type __n) _GLIBCXX_NOEXCEPT
796	      {
797		__glibcxx_requires_subscript(__n);
798		return *(this->_M_impl._M_start + __n);
799	      }
800	
801	      /**
802	       *  @brief  Subscript access to the data contained in the %vector.
803	       *  @param __n The index of the element for which data should be

Backtrace END
Memory content before bitflip:0x040x000x000x00
Fault Model: Random bit-flip
base address to flip value: 0x7fffffffd66c
address max offset: 4
Memory content after  bitflip:0x160x970x570x8a
frame name: execute
symbol name: N
symbol filename: lreg.cpp
symbol line: 144
value: -1973971178
value address: 0x7fffffffd66c
Type: The type is an integer type.
Type sizeof: 4

[INFO -- 2018-11-04 19:11:41]
Fault Injection Successful after 7.024612188339233s
[INFO -- 2018-11-04 19:11:47]
event type: exit
[INFO -- 2018-11-04 19:11:47]
exit code: 0
