[INFO -- 2018-11-01 21:01:36]
Starting flip_value script
version: 1.1
[INFO -- 2018-11-01 21:01:36]
Initialization strings:
[INFO -- 2018-11-01 21:01:36]
(1) file /tmp/lreg/lreg
[INFO -- 2018-11-01 21:01:36]
(2) set args /tmp/lreg/randInput /tmp/lreg/output /tmp/lreg/detected.log
[INFO -- 2018-11-01 21:01:36]
initSignal:0
[INFO -- 2018-11-01 21:01:36]
endSignal:20
[INFO -- 2018-11-01 21:01:36]
faultModel:2
[INFO -- 2018-11-01 21:01:39]
Backtrace BEGIN:
#0  predict (v=9) at lreg.cpp:49
#1  0x00005555555553fc in partialDerivate (pos=3) at lreg.cpp:74
#2  0x0000555555555503 in adjust (alpha=2.2222199999999999e-05) at lreg.cpp:87
#3  0x00005555555556ac in train (iterations=60000, alpha=2.2222199999999999e-05, N=4, stopsWhenStable=true) at lreg.cpp:120
#4  0x0000555555555a1c in execute (input=0x7fffffffe1f3 "/tmp/lreg/randInput") at lreg.cpp:157
#5  0x0000555555555c60 in main (argc=4, argv=0x7fffffffde48) at lreg.cpp:191

44	/**
45		Predicts the value related to v using the Ts variables
46	*/
47	double predict(double v){
48		double val = 0;
49		for(int i = 0; i<T.size(); i++){
50			val+= (T[i] * pow(v, i));
51		}
52		return val;
53		

Backtrace END
Memory content before bitflip:0x040x000x000x00
Fault Model: Random bit-flip
base address to flip value: 0x7fffffffd66c
address max offset: 4
Memory content after  bitflip:0x880x130xcd0xf6
frame name: execute
symbol name: N
symbol filename: lreg.cpp
symbol line: 144
value: -154332280
value address: 0x7fffffffd66c
Type: The type is an integer type.
Type sizeof: 4

[INFO -- 2018-11-01 21:01:39]
Fault Injection Successful after 3.2613587379455566s
[INFO -- 2018-11-01 21:01:49]
event type: exit
[INFO -- 2018-11-01 21:01:49]
exit code: 0
