[INFO -- 2018-11-16 14:45:49]
Starting flip_value script
version: 1.1
[INFO -- 2018-11-16 14:45:49]
Initialization strings:
[INFO -- 2018-11-16 14:45:49]
(1) file /tmp/lreg/lreg
[INFO -- 2018-11-16 14:45:49]
(2) set args /tmp/lreg/randInput /tmp/lreg/output
[INFO -- 2018-11-16 14:45:49]
initSignal:0
[INFO -- 2018-11-16 14:45:49]
endSignal:5
[INFO -- 2018-11-16 14:45:49]
faultModel:2
[INFO -- 2018-11-16 14:45:54]
Backtrace BEGIN:
#0  0x00005555555557e5 in predict (v=25) at lreg.cpp:116
#1  0x0000555555555928 in meanSquaredError () at lreg.cpp:128
#2  0x0000555555555ee5 in train (iter1=45000, iter2=45000, N=4, alpha1=2.2222199999999999e-05, alpha2=2.2222199999999999e-05, stopsWhenStable=true) at lreg.cpp:194
#3  0x0000555555556467 in main (argc=3, argv=0x7fffffffde58) at lreg.cpp:253

111	*/
112	double predict(double v){
113		double val = 0;
114		
115		for(UINT i1 = 0, i2 = 0; verifyUintDup(i1, i2)<T1.size(); i1++, i2++){
116			val+= (verifyDoubleDup(T1[verifyUintDup(i1, i2)], T2[verifyUintDup(i1, i2)]) * pow(v, verifyUintDup(i1, i2)));
117		}
118		return val;
119		
120	}

Backtrace END
Memory content before bitflip:0x000x000x000x000x000x000x390x40
Fault Model: Random bit-flip
base address to flip value: 0x7fffffffd738
address max offset: 8
Memory content after  bitflip:0x940x7b0xeb0xdb0x670x010x780x5c
frame name: predict
symbol name: v
symbol filename: lreg.cpp
symbol line: 112
value: 2.7916992742968403e+137
value address: 0x7fffffffd738
Type: A floating point type.
Type sizeof: 8

[INFO -- 2018-11-16 14:45:54]
Fault Injection Successful after 5.134075164794922s
[INFO -- 2018-11-16 14:45:57]
event type: exit
[INFO -- 2018-11-16 14:45:57]
exit code: 0
