[INFO -- 2018-10-06 14:47:45]
Starting flip_value script
version: 1.1
[INFO -- 2018-10-06 14:47:45]
Initialization strings:
[INFO -- 2018-10-06 14:47:45]
(1) file /tmp/lreg/lreg
[INFO -- 2018-10-06 14:47:45]
(2) set args /tmp/lreg/randInput /tmp/lreg/output
[INFO -- 2018-10-06 14:47:45]
initSignal:0
[INFO -- 2018-10-06 14:47:45]
endSignal:10
[INFO -- 2018-10-06 14:47:45]
faultModel:1
[INFO -- 2018-10-06 14:47:49]
Backtrace BEGIN:
#0  0x00005555555550b1 in selectTriUInt (a=0, b=0, c=32767) at lreg.cpp:47
#1  0x0000555555555256 in predict (v=-3) at lreg.cpp:74
#2  0x000055555555551d in partialDerivate (pos=0) at lreg.cpp:107
#3  0x0000555555555670 in adjust () at lreg.cpp:123
#4  0x0000555555555881 in train (iterations=90000, N=4, stopsWhenStable=true) at lreg.cpp:159
#5  0x0000555555555dba in main (argc=3, argv=0x7fffffffde68) at lreg.cpp:225

42	vector<double> y; // observed values of training set inputs
43	vector<double> T; // the adjustment variables
44	
45	double a1, a2, a3; // triplication of alpha
46	
47	UINT selectTriUInt(UINT a, UINT b, UINT c){
48		return (a == b)? a : c;
49	}
50	double selectTriDouble(double a, double b, double c){
51		return (a == b)? a : c;

Backtrace END
Memory content before bitflip:0xff0x7f0x000x00
Fault Model: Double bit-flip
base address to flip value: 0x7fffffffd6d4
address max offset: 4
Memory content after  bitflip:0xff0x570x000x00
frame name: selectTriUInt
symbol name: c
symbol filename: lreg.cpp
symbol line: 47
value: 22527
value address: 0x7fffffffd6d4
Type: The type is an integer type.
Type sizeof: 4

[INFO -- 2018-10-06 14:47:49]
Fault Injection Successful after 4.974151611328125s
[INFO -- 2018-10-06 14:47:55]
event type: exit
[INFO -- 2018-10-06 14:47:55]
exit code: 0
