[INFO -- 2018-10-04 20:16:53]
Starting flip_value script
version: 1.1
[INFO -- 2018-10-04 20:16:53]
Initialization strings:
[INFO -- 2018-10-04 20:16:53]
(1) file /tmp/lreg/lreg
[INFO -- 2018-10-04 20:16:53]
(2) set args /tmp/lreg/randInput /tmp/lreg/output
[INFO -- 2018-10-04 20:16:53]
initSignal:0
[INFO -- 2018-10-04 20:16:53]
endSignal:10
[INFO -- 2018-10-04 20:16:53]
faultModel:1
[INFO -- 2018-10-04 20:16:57]
Backtrace BEGIN:
#0  0x00007ffff76d5514 in __ieee754_pow_sse2 (x=14, y=3) at ../sysdeps/ieee754/dbl-64/e_pow.c:65
#1  0x00007ffff76b7b14 in __pow (x=14, y=3) at w_pow_compat.c:30
#2  0x0000555555555d47 in std::pow<double, int> (__x=14, __y=3) at /usr/include/c++/7/cmath:418
#3  0x00005555555551e7 in predict (v=14) at lreg.cpp:50
#4  0x000055555555526a in meanSquaredError () at lreg.cpp:61
#5  0x0000555555555661 in train (iterations=90000, alpha=2.2222199999999999e-05, N=4, stopsWhenStable=true) at lreg.cpp:121
#6  0x0000555555555ab7 in main (argc=3, argv=0x7fffffffde58) at lreg.cpp:174

60	../sysdeps/ieee754/dbl-64/e_pow.c: No such file or directory.

Backtrace END
Memory content before bitflip:0x560x7a0x440xdb0x620x7c0xb00x40
Fault Model: Double bit-flip
base address to flip value: 0x7fffffffd798
address max offset: 8
Memory content after  bitflip:0x560x7a0x440xdb0xe60x7c0xb00x40
frame name: predict
symbol name: val
symbol filename: lreg.cpp
symbol line: 48
value: 4220.9017832564041
value address: 0x7fffffffd798
Type: A floating point type.
Type sizeof: 8

[INFO -- 2018-10-04 20:16:57]
Fault Injection Successful after 4.093329668045044s
[INFO -- 2018-10-04 20:17:00]
event type: exit
[INFO -- 2018-10-04 20:17:00]
exit code: 0
