[INFO -- 2018-10-12 19:40:58]
Starting flip_value script
version: 1.1
[INFO -- 2018-10-12 19:40:58]
Initialization strings:
[INFO -- 2018-10-12 19:40:58]
(1) file /tmp/lreg/lreg
[INFO -- 2018-10-12 19:40:58]
(2) set args /tmp/lreg/randInput /tmp/lreg/output
[INFO -- 2018-10-12 19:40:58]
initSignal:0
[INFO -- 2018-10-12 19:40:58]
endSignal:10
[INFO -- 2018-10-12 19:40:58]
faultModel:0
[INFO -- 2018-10-12 19:41:00]
Backtrace BEGIN:
#0  0x0000555555556041 in std::vector<double, std::allocator<double> >::size (this=0x55555575a180 <T>) at /usr/include/c++/7/bits/stl_vector.h:671
#1  0x0000555555555264 in predict (v=-10) at lreg.cpp:74
#2  0x000055555555551d in partialDerivate (pos=2) at lreg.cpp:107
#3  0x0000555555555670 in adjust () at lreg.cpp:123
#4  0x0000555555555881 in train (iterations=60000, N=3, stopsWhenStable=true) at lreg.cpp:159
#5  0x0000555555555dba in main (argc=3, argv=0x7fffffffde68) at lreg.cpp:225

666	
667	      // [23.2.4.2] capacity
668	      /**  Returns the number of elements in the %vector.  */
669	      size_type
670	      size() const _GLIBCXX_NOEXCEPT
671	      { return size_type(this->_M_impl._M_finish - this->_M_impl._M_start); }
672	
673	      /**  Returns the size() of the largest possible %vector.  */
674	      size_type
675	      max_size() const _GLIBCXX_NOEXCEPT

Backtrace END
Memory content before bitflip:0x2d0x430x1c0xeb0xe20x360x0a0x3f
Fault Model: Single bit-flip
base address to flip value: 0x55555575a1a8 
address max offset: 8
Memory content after  bitflip:0x2d0x530x1c0xeb0xe20x360x0a0x3f
frame name: main
symbol name: a3
symbol filename: lreg.cpp
symbol line: 45
value: 5.0000000000027758e-05
value address: 0x55555575a1a8 <a3>
Type: A floating point type.
Type sizeof: 8

[INFO -- 2018-10-12 19:41:00]
Fault Injection Successful after 2.1089651584625244s
[INFO -- 2018-10-12 19:41:08]
event type: exit
[INFO -- 2018-10-12 19:41:08]
exit code: 0
