[INFO -- 2018-09-05 18:56:28]
Starting flip_value script
version: 1.1
[INFO -- 2018-09-05 18:56:28]
Initialization strings:
[INFO -- 2018-09-05 18:56:28]
(1) file /tmp/lreg/lreg
[INFO -- 2018-09-05 18:56:28]
(2) set args /tmp/lreg/randInput /tmp/lreg/output
[INFO -- 2018-09-05 18:56:28]
initSignal:0
[INFO -- 2018-09-05 18:56:28]
endSignal:2
[INFO -- 2018-09-05 18:56:28]
faultModel:2
[INFO -- 2018-09-05 18:56:29]
Backtrace BEGIN:
#0  0x0000555555555ef2 in std::vector<double, std::allocator<double> >::operator[] (this=0x55555575a160 <y>, __n=0) at /usr/include/c++/7/bits/stl_vector.h:795
#1  0x000055555555543b in partialDerivate (pos=0) at lreg.cpp:74
#2  0x0000555555555503 in adjust (alpha=0.00020000000000000001) at lreg.cpp:87
#3  0x00005555555556ac in train (iterations=30000, alpha=0.00020000000000000001, N=2, stopsWhenStable=true) at lreg.cpp:120
#4  0x0000555555555c26 in main (argc=3, argv=0x7fffffffde78) at lreg.cpp:182

790	       *  Note that data access with this operator is unchecked and
791	       *  out_of_range lookups are not defined. (For checked lookups
792	       *  see at().)
793	       */
794	      reference
795	      operator[](size_type __n) _GLIBCXX_NOEXCEPT
796	      {
797		__glibcxx_requires_subscript(__n);
798		return *(this->_M_impl._M_start + __n);
799	      }

Backtrace END
Fliping value of field: std::_Vector_base<double, std::allocator<double> >
Fliping value of field: _M_impl
Fliping value of field: _M_start
Fliping a bit of the value pointed by a pointer
Memory content before bitflip:0x830xcd0x260x4c0x000x000xf00xbf
Fault Model: Random bit-flip
base address to flip value: 0x555555771340
address max offset: 8
Memory content after  bitflip:0xb40x950x2f0x0e0xf60xdd0xa60x32
frame name: partialDerivate
symbol name: T
symbol filename: lreg.cpp
symbol line: 34
value: std::vector of length 2, capacity 2 = {1.0856774359075574e-64, -1.662320432308501e-06}
value address: 0x55555575a180 <T>
Type: The type is a structure.
Type sizeof: 24
Field name: std::_Vector_base<double, std::allocator<double> >
Field Type: The type is a structure.
Field Type sizeof: 24

[INFO -- 2018-09-05 18:56:29]
Fault Injection Successful after 1.162888526916504s
[INFO -- 2018-09-05 18:56:35]
event type: exit
[INFO -- 2018-09-05 18:56:35]
exit code: 0
