[INFO -- 2018-11-09 19:12:18]
Starting flip_value script
version: 1.1
[INFO -- 2018-11-09 19:12:18]
Initialization strings:
[INFO -- 2018-11-09 19:12:18]
(1) file /tmp/lreg/lreg
[INFO -- 2018-11-09 19:12:18]
(2) set args /tmp/lreg/randInput /tmp/lreg/output /tmp/lreg/detected.log
[INFO -- 2018-11-09 19:12:18]
initSignal:0
[INFO -- 2018-11-09 19:12:18]
endSignal:10
[INFO -- 2018-11-09 19:12:18]
faultModel:2
[INFO -- 2018-11-09 19:12:21]
Backtrace BEGIN:
#0  log1 (error=<synthetic pointer>, delta=<synthetic pointer>, x=18) at ../sysdeps/ieee754/dbl-64/e_pow.c:332
#1  __ieee754_pow_sse2 (x=18, y=3) at ../sysdeps/ieee754/dbl-64/e_pow.c:103
#2  0x00007ffff76bcb14 in __pow (x=18, y=3) at w_pow_compat.c:30
#3  0x0000555555556131 in std::pow<double, int> (__x=18, __y=3) at /usr/include/c++/7/cmath:418
#4  0x0000555555555237 in predict (v=18) at lreg.cpp:50
#5  0x00005555555552ba in meanSquaredError () at lreg.cpp:61
#6  0x00005555555556b1 in train (iterations=45000, alpha=2.2222199999999999e-05, N=4, stopsWhenStable=true) at lreg.cpp:121
#7  0x0000555555555a1c in execute (input=0x7fffffffe1f3 "/tmp/lreg/randInput") at lreg.cpp:157
#8  0x0000555555555c60 in main (argc=4, argv=0x7fffffffde48) at lreg.cpp:191

327	../sysdeps/ieee754/dbl-64/e_pow.c: No such file or directory.

Backtrace END
Fliping value of field: std::_Vector_base<double, std::allocator<double> >
Fliping value of field: _M_impl
Fliping value of field: _M_finish
Fliping a bit of the value pointed by a pointer
Memory content before bitflip:0x000x000x000x000x000x000x000x00
Fault Model: Random bit-flip
base address to flip value: 0x555555772a90
address max offset: 8
Memory content after  bitflip:0xd30xfe0xcb0x770x4e0xf40x450x97
frame name: execute
symbol name: y
symbol filename: lreg.cpp
symbol line: 33
value: std::vector of length 36, capacity 64 = {-2, -2, -2, -2, -2, -2, -2, -2, 1584, 1282, 889, 1044, 337, 1918, 394, 1467, 693, 1318, 1044, 72, 785, 3, 1611, 851, 1431, 1303, 661, 885, 11, 1901, 991, 81, 495, 25, 311, 141}
value address: 0x55555575b160 <y>
Type: The type is a structure.
Type sizeof: 24
Field name: std::_Vector_base<double, std::allocator<double> >
Field Type: The type is a structure.
Field Type sizeof: 24

[INFO -- 2018-11-09 19:12:21]
Fault Injection Successful after 3.585378646850586s
[INFO -- 2018-11-09 19:12:31]
event type: exit
[INFO -- 2018-11-09 19:12:31]
exit code: 0
