[INFO -- 2018-11-09 14:54:37]
Starting flip_value script
version: 1.1
[INFO -- 2018-11-09 14:54:37]
Initialization strings:
[INFO -- 2018-11-09 14:54:37]
(1) file /tmp/lreg/lreg
[INFO -- 2018-11-09 14:54:37]
(2) set args /tmp/lreg/randInput /tmp/lreg/output /tmp/lreg/detected.log
[INFO -- 2018-11-09 14:54:37]
initSignal:0
[INFO -- 2018-11-09 14:54:37]
endSignal:10
[INFO -- 2018-11-09 14:54:37]
faultModel:0
[INFO -- 2018-11-09 14:54:43]
Backtrace BEGIN:
#0  0x000055555555541e in partialDerivate (pos=3) at lreg.cpp:74
#1  0x0000555555555503 in adjust (alpha=2.2222199999999999e-05) at lreg.cpp:87
#2  0x00005555555556ac in train (iterations=45000, alpha=2.2222199999999999e-05, N=4, stopsWhenStable=true) at lreg.cpp:120
#3  0x0000555555555a1c in execute (input=0x7fffffffe1f3 "/tmp/lreg/randInput") at lreg.cpp:157
#4  0x0000555555555c98 in main (argc=4, argv=0x7fffffffde48) at lreg.cpp:194

69		to the adjustment variable whose position in T is passed in pos
70	*/
71	double partialDerivate(int pos){
72		double pD = 0;
73		for(int i = 0; i<x.size(); i++){
74			pD += ((predict(x[i]) - y[i])*pow(x[i], pos));	
75		}
76		pD *= (2.0/x.size());
77		return pD;
78	}

Backtrace END
Memory content before bitflip:0x540xfb0x960xe60x100x450xef0x40
Fault Model: Single bit-flip
base address to flip value: 0x7fffffffd588
address max offset: 8
Memory content after  bitflip:0x540xfb0x960xe60x140x450xef0x40
frame name: train
symbol name: MSE
symbol filename: lreg.cpp
symbol line: 117
value: 64040.653148165584
value address: 0x7fffffffd588
Type: A floating point type.
Type sizeof: 8

[INFO -- 2018-11-09 14:54:43]
Fault Injection Successful after 6.865065097808838s
[INFO -- 2018-11-09 14:54:46]
event type: exit
[INFO -- 2018-11-09 14:54:46]
exit code: 0
