[INFO -- 2018-09-16 12:31:13]
Starting flip_value script
version: 1.1
[INFO -- 2018-09-16 12:31:13]
Initialization strings:
[INFO -- 2018-09-16 12:31:13]
(1) file /tmp/lreg/lreg
[INFO -- 2018-09-16 12:31:13]
(2) set args /tmp/lreg/randInput /tmp/lreg/output
[INFO -- 2018-09-16 12:31:13]
initSignal:0
[INFO -- 2018-09-16 12:31:13]
endSignal:2
[INFO -- 2018-09-16 12:31:13]
faultModel:1
[EXCEPTION -- 2018-09-16 12:31:14]
pythonException: Unable to exit loop in struct fields; Exiting wihtout making a bit flip
[INFO -- 2018-09-16 12:31:14]
Backtrace BEGIN:
#0  0x0000555555555241 in predict (v=0) at lreg.cpp:50
#1  0x000055555555530a in meanSquaredError () at lreg.cpp:61
#2  0x00005555555556b1 in train (iterations=30000, alpha=0.00020000000000000001, N=2, stopsWhenStable=true) at lreg.cpp:121
#3  0x0000555555555c26 in main (argc=3, argv=0x7fffffffde68) at lreg.cpp:182

45		Predicts the value related to v using the Ts variables
46	*/
47	double predict(double v){
48		double val = 0;
49		for(int i = 0; i<T.size(); i++){
50			val+= (T[i] * pow(v, i));
51		}
52		return val;
53		
54	}

Backtrace END
Fliping value of field: std::_Vector_base<double, std::allocator<double> >
Fliping value of field: _M_impl
Fliping value of field: _M_start
Fliping a bit of the value pointed by a pointer
Memory content before bitflip:0x000x000x000x000x000x000x000x00
Fault Model: Double bit-flip
base address to flip value: 0x5555557712f0
address max offset: 8
Memory content after  bitflip:0x000x000x000x000x000x000x110x00
frame name: meanSquaredError
symbol name: x
symbol filename: lreg.cpp
symbol line: 32
value: std::vector of length 8, capacity 8 = {2.3641409746639015e-308, 2, 1, -3, -4, -8, -16, -5}
value address: 0x55555575a140 <x>
Type: The type is a structure.
Type sizeof: 24
Field name: std::_Vector_base<double, std::allocator<double> >
Field Type: The type is a structure.
Field Type sizeof: 24

[INFO -- 2018-09-16 12:31:14]
Fault Injection Successful after 1.1612858772277832s
[INFO -- 2018-09-16 12:31:23]
event type: exit
[INFO -- 2018-09-16 12:31:23]
exit code: 0
