[INFO -- 2018-10-12 15:25:40]
Starting flip_value script
version: 1.1
[INFO -- 2018-10-12 15:25:40]
Initialization strings:
[INFO -- 2018-10-12 15:25:40]
(1) file /tmp/lreg/lreg
[INFO -- 2018-10-12 15:25:40]
(2) set args /tmp/lreg/randInput /tmp/lreg/output
[INFO -- 2018-10-12 15:25:40]
initSignal:0
[INFO -- 2018-10-12 15:25:40]
endSignal:10
[INFO -- 2018-10-12 15:25:40]
faultModel:2
[INFO -- 2018-10-12 15:25:44]
Backtrace BEGIN:
#0  __exp1 (x=<optimized out>, xx=<optimized out>, error=<optimized out>) at ../sysdeps/ieee754/dbl-64/e_exp.c:273
#1  0x00007ffff76d58dc in __ieee754_pow_sse2 (x=13, y=3) at ../sysdeps/ieee754/dbl-64/e_pow.c:115
#2  0x00007ffff76b7b14 in __pow (x=13, y=3) at w_pow_compat.c:30
#3  0x00005555555560ba in std::pow<double, unsigned int> (__x=13, __y=3) at /usr/include/c++/7/cmath:418
#4  0x00005555555552c2 in predict (v=13) at lreg.cpp:77
#5  0x000055555555537b in meanSquaredError () at lreg.cpp:91
#6  0x0000555555555886 in train (iterations=90000, N=4, stopsWhenStable=true) at lreg.cpp:160
#7  0x0000555555555dba in main (argc=3, argv=0x7fffffffde68) at lreg.cpp:225

268	../sysdeps/ieee754/dbl-64/e_exp.c: No such file or directory.

Backtrace END
Memory content before bitflip:0x460x5a0xb70xf40x390x4d0xf70x3e
Fault Model: Random bit-flip
base address to flip value: 0x55555575a1a0 
address max offset: 8
Memory content after  bitflip:0x620x3b0x140x820x8b0xc60x140xc8
frame name: std::pow<double, unsigned int>
symbol name: a2
symbol filename: lreg.cpp
symbol line: 45
value: -1.7673897122909272e+39
value address: 0x55555575a1a0 <a2>
Type: A floating point type.
Type sizeof: 8

[INFO -- 2018-10-12 15:25:44]
Fault Injection Successful after 4.127887010574341s
[INFO -- 2018-10-12 15:25:50]
event type: exit
[INFO -- 2018-10-12 15:25:50]
exit code: 0
