[INFO -- 2018-11-24 10:21:40]
Starting flip_value script
version: 1.1
[INFO -- 2018-11-24 10:21:40]
Initialization strings:
[INFO -- 2018-11-24 10:21:40]
(1) file /tmp/lreg/lreg
[INFO -- 2018-11-24 10:21:40]
(2) set args /tmp/lreg/randInput /tmp/lreg/output
[INFO -- 2018-11-24 10:21:40]
initSignal:0
[INFO -- 2018-11-24 10:21:40]
endSignal:2
[INFO -- 2018-11-24 10:21:40]
faultModel:2
[INFO -- 2018-11-24 10:21:41]
Backtrace BEGIN:
#0  0x00007ffff76bcb0f in __pow (x=-3, y=1) at w_pow_compat.c:30
#1  0x0000555555555d5f in std::pow<double, int> (__x=-3, __y=1) at /usr/include/c++/7/cmath:418
#2  0x00005555555551e7 in predict (v=-3) at lreg.cpp:50
#3  0x00005555555553ac in partialDerivate (pos=2) at lreg.cpp:74
#4  0x00005555555554b3 in adjust (alpha=5.0000000000000002e-05) at lreg.cpp:87
#5  0x000055555555565c in train (iterations=20000, alpha=5.0000000000000002e-05, N=3, stopsWhenStable=true) at lreg.cpp:120
#6  0x0000555555555ab7 in main (argc=3, argv=0x7fffffffde58) at lreg.cpp:174

25	w_pow_compat.c: No such file or directory.

Backtrace END
Fliping value of field: std::_Vector_base<double, std::allocator<double> >
Fliping value of field: _M_impl
Fliping value of field: _M_end_of_storage
Fliping a bit of the pointer
Memory content before bitflip:0x780x130x770x550x550x550x000x00
Fault Model: Random bit-flip
base address to flip value: 0x55555575a190 
address max offset: 8
Memory content after  bitflip:0x7a0x790x2b0x560xed0x880x0b0xfd
frame name: adjust
symbol name: T
symbol filename: lreg.cpp
symbol line: 34
value: std::vector of length 3, capacity -26627478678762300 = {-0.033133188115840068, -0.034397777941554235, -2.9897586669288971}
value address: 0x55555575a180 <T>
Type: The type is a structure.
Type sizeof: 24
Field name: std::_Vector_base<double, std::allocator<double> >
Field Type: The type is a structure.
Field Type sizeof: 24

[INFO -- 2018-11-24 10:21:41]
Fault Injection Successful after 1.4476418495178223s
[INFO -- 2018-11-24 10:21:42]
event type: exit
[INFO -- 2018-11-24 10:21:42]
exit code: 0
