[INFO -- 2018-10-03 19:50:15]
Starting flip_value script
version: 1.1
[INFO -- 2018-10-03 19:50:15]
Initialization strings:
[INFO -- 2018-10-03 19:50:15]
(1) file /tmp/lreg/lreg
[INFO -- 2018-10-03 19:50:15]
(2) set args /tmp/lreg/randInput /tmp/lreg/output
[INFO -- 2018-10-03 19:50:15]
initSignal:0
[INFO -- 2018-10-03 19:50:15]
endSignal:10
[INFO -- 2018-10-03 19:50:15]
faultModel:1
[INFO -- 2018-10-03 19:50:15]
Backtrace BEGIN:
#0  0x00007ffff7def913 in _dl_sysdep_start (start_argptr=start_argptr@entry=0x7fffffffde50, dl_main=dl_main@entry=0x7ffff7dd7660 <dl_main>) at ../elf/dl-sysdep.c:113
#1  0x00007ffff7dd7128 in _dl_start_final (arg=0x7fffffffde50) at rtld.c:414
#2  _dl_start (arg=0x7fffffffde50) at rtld.c:521
#3  0x00007ffff7dd6098 in _start () from /lib64/ld-linux-x86-64.so.2
#4  0x0000000000000003 in ?? ()
#5  0x00007fffffffe1fb in ?? ()
#6  0x00007fffffffe20a in ?? ()
#7  0x00007fffffffe21e in ?? ()
#8  0x0000000000000000 in ?? ()

108	../elf/dl-sysdep.c: No such file or directory.

Backtrace END
Memory content before bitflip:0x000x000x000x00
Fault Model: Double bit-flip
base address to flip value: 0x7ffff7ffc680 
address max offset: 4
Memory content after  bitflip:0x000x000x480x00
frame name: _dl_start_final
symbol name: any_debug
symbol filename: rtld.c
symbol line: 2322
value: 4718592
value address: 0x7ffff7ffc680 <any_debug>
Type: The type is an integer type.
Type sizeof: 4

[INFO -- 2018-10-03 19:50:15]
Fault Injection Successful after 0.09974837303161621s
[INFO -- 2018-10-03 19:50:22]
event type: exit
[INFO -- 2018-10-03 19:50:22]
exit code: 0
