[INFO -- 2018-09-16 01:04:35]
Starting flip_value script
version: 1.1
[INFO -- 2018-09-16 01:04:35]
Initialization strings:
[INFO -- 2018-09-16 01:04:35]
(1) file /tmp/lreg/lreg
[INFO -- 2018-09-16 01:04:35]
(2) set args /tmp/lreg/randInput /tmp/lreg/output
[INFO -- 2018-09-16 01:04:35]
initSignal:0
[INFO -- 2018-09-16 01:04:35]
endSignal:2
[INFO -- 2018-09-16 01:04:35]
faultModel:1
[INFO -- 2018-09-16 01:04:35]
Backtrace BEGIN:
#0  0x00007ffff76b7b0f in __pow (x=13, y=2) at w_pow_compat.c:30
#1  0x0000555555555f39 in std::pow<double, int> (__x=13, __y=2) at /usr/include/c++/7/cmath:418
#2  0x0000555555555237 in predict (v=13) at lreg.cpp:50
#3  0x00005555555552ba in meanSquaredError () at lreg.cpp:61
#4  0x00005555555556b1 in train (iterations=60000, alpha=5.0000000000000002e-05, N=3, stopsWhenStable=true) at lreg.cpp:121
#5  0x0000555555555c26 in main (argc=3, argv=0x7fffffffde68) at lreg.cpp:182

25	w_pow_compat.c: No such file or directory.

Backtrace END
Memory content before bitflip:0x020x000x000x00
Fault Model: Double bit-flip
base address to flip value: 0x7fffffffd764
address max offset: 4
Memory content after  bitflip:0x020x000x810x00
frame name: std::pow<double, int>
symbol name: __y
symbol filename: /usr/include/c++/7/cmath
symbol line: 415
value: 8454146
value address: 0x7fffffffd764
Type: The type is an integer type.
Type sizeof: 4

[INFO -- 2018-09-16 01:04:35]
Fault Injection Successful after 0.8695945739746094s
[INFO -- 2018-09-16 01:04:42]
event type: exit
[INFO -- 2018-09-16 01:04:42]
exit code: 0
