[INFO -- 2018-09-15 23:40:56]
Starting flip_value script
version: 1.1
[INFO -- 2018-09-15 23:40:56]
Initialization strings:
[INFO -- 2018-09-15 23:40:56]
(1) file /tmp/lreg/lreg
[INFO -- 2018-09-15 23:40:56]
(2) set args /tmp/lreg/randInput /tmp/lreg/output
[INFO -- 2018-09-15 23:40:56]
initSignal:0
[INFO -- 2018-09-15 23:40:56]
endSignal:2
[INFO -- 2018-09-15 23:40:56]
faultModel:1
[INFO -- 2018-09-15 23:40:57]
Backtrace BEGIN:
#0  0x00007ffff76b7b31 in __pow (x=-19, y=2) at w_pow_compat.c:31
#1  0x0000555555555f39 in std::pow<double, int> (__x=-19, __y=2) at /usr/include/c++/7/cmath:418
#2  0x0000555555555451 in partialDerivate (pos=2) at lreg.cpp:74
#3  0x0000555555555503 in adjust (alpha=5.0000000000000002e-05) at lreg.cpp:87
#4  0x00005555555556ac in train (iterations=60000, alpha=5.0000000000000002e-05, N=3, stopsWhenStable=true) at lreg.cpp:120
#5  0x0000555555555c26 in main (argc=3, argv=0x7fffffffde68) at lreg.cpp:182

26	w_pow_compat.c: No such file or directory.

Backtrace END
Memory content before bitflip:0x600xea0x000x00
Fault Model: Double bit-flip
base address to flip value: 0x7fffffffd82c
address max offset: 4
Memory content after  bitflip:0x600xae0x000x00
frame name: train
symbol name: iterations
symbol filename: lreg.cpp
symbol line: 105
value: 44640
value address: 0x7fffffffd82c
Type: The type is an integer type.
Type sizeof: 4

[INFO -- 2018-09-15 23:40:57]
Fault Injection Successful after 1.396744728088379s
[INFO -- 2018-09-15 23:41:03]
event type: exit
[INFO -- 2018-09-15 23:41:03]
exit code: 0
