[INFO -- 2018-11-23 20:05:12]
Starting flip_value script
version: 1.1
[INFO -- 2018-11-23 20:05:12]
Initialization strings:
[INFO -- 2018-11-23 20:05:12]
(1) file /tmp/lreg/lreg
[INFO -- 2018-11-23 20:05:12]
(2) set args /tmp/lreg/randInput /tmp/lreg/output
[INFO -- 2018-11-23 20:05:12]
initSignal:0
[INFO -- 2018-11-23 20:05:12]
endSignal:3
[INFO -- 2018-11-23 20:05:12]
faultModel:1
[INFO -- 2018-11-23 20:05:13]
Backtrace BEGIN:
#0  std::vector<double, std::allocator<double> >::size (this=0x55555575a140 <x>) at /usr/include/c++/7/bits/stl_vector.h:671
#1  0x0000555555555379 in partialDerivate (pos=0) at lreg.cpp:73
#2  0x00005555555554b3 in adjust (alpha=5.0000000000000002e-05) at lreg.cpp:87
#3  0x000055555555565c in train (iterations=20000, alpha=5.0000000000000002e-05, N=3, stopsWhenStable=true) at lreg.cpp:120
#4  0x0000555555555ab7 in main (argc=3, argv=0x7fffffffde58) at lreg.cpp:174

666	
667	      // [23.2.4.2] capacity
668	      /**  Returns the number of elements in the %vector.  */
669	      size_type
670	      size() const _GLIBCXX_NOEXCEPT
671	      { return size_type(this->_M_impl._M_finish - this->_M_impl._M_start); }
672	
673	      /**  Returns the size() of the largest possible %vector.  */
674	      size_type
675	      max_size() const _GLIBCXX_NOEXCEPT

Backtrace END
Memory content before bitflip:0x2d0x430x1c0xeb0xe20x360x0a0x3f
Fault Model: Double bit-flip
base address to flip value: 0x7fffffffd7c8
address max offset: 8
Memory content after  bitflip:0xaf0x430x1c0xeb0xe20x360x0a0x3f
frame name: adjust
symbol name: alpha
symbol filename: lreg.cpp
symbol line: 83
value: 5.0000000000000883e-05
value address: 0x7fffffffd7c8
Type: A floating point type.
Type sizeof: 8

[INFO -- 2018-11-23 20:05:13]
Fault Injection Successful after 1.7172188758850098s
[INFO -- 2018-11-23 20:05:14]
event type: exit
[INFO -- 2018-11-23 20:05:14]
exit code: 0
