[INFO -- 2018-11-15 19:15:43]
Starting flip_value script
version: 1.1
[INFO -- 2018-11-15 19:15:43]
Initialization strings:
[INFO -- 2018-11-15 19:15:43]
(1) file /tmp/lreg/lreg
[INFO -- 2018-11-15 19:15:43]
(2) set args /tmp/lreg/randInput /tmp/lreg/output
[INFO -- 2018-11-15 19:15:43]
initSignal:0
[INFO -- 2018-11-15 19:15:43]
endSignal:5
[INFO -- 2018-11-15 19:15:43]
faultModel:2
[EXCEPTION -- 2018-11-15 19:15:43]
gdbException: Attempt to dereference a generic pointer.
[INFO -- 2018-11-15 19:15:43]
Backtrace BEGIN:
#0  0x00005555555550fe in verifyUintDup (a=0, b=0) at lreg.cpp:61
#1  0x0000555555555aaa in partialDerivate (pos1=0, pos2=0) at lreg.cpp:142
#2  0x0000555555555bbe in adjust (alpha1=0.00020000000000000001, alpha2=0.00020000000000000001) at lreg.cpp:156
#3  0x0000555555555ee0 in train (iter1=15000, iter2=15000, N=2, alpha1=0.00020000000000000001, alpha2=0.00020000000000000001, stopsWhenStable=true) at lreg.cpp:193
#4  0x0000555555556467 in main (argc=3, argv=0x7fffffffde68) at lreg.cpp:253

56	*/
57	
58	int detected = 0;
59	
60	
61	UINT verifyUintDup(UINT a, UINT b){
62		if (a != b && detected != 1){
63			//gerar entrada no log
64			ofstream fp ("/tmp/lreg/detected.log", std::ofstream::app);
65			fp << "verifyUint: a = "<<a<<"; b = "<<b<<endl;

Backtrace END
Memory content before bitflip:0x000x000x000x00
Fault Model: Random bit-flip
base address to flip value: 0x55555575b1b8 
address max offset: 4
Memory content after  bitflip:0x8e0xa70x190xd2
frame name: partialDerivate
symbol name: detected
symbol filename: lreg.cpp
symbol line: 58
value: -770070642
value address: 0x55555575b1b8 <detected>
Type: The type is an integer type.
Type sizeof: 4

[INFO -- 2018-11-15 19:15:43]
Fault Injection Successful after 0.7495484352111816s
[INFO -- 2018-11-15 19:15:47]
event type: exit
[INFO -- 2018-11-15 19:15:47]
exit code: 0
