[INFO -- 2018-11-12 17:31:07]
Starting flip_value script
version: 1.1
[INFO -- 2018-11-12 17:31:07]
Initialization strings:
[INFO -- 2018-11-12 17:31:07]
(1) file /tmp/lreg/lreg
[INFO -- 2018-11-12 17:31:07]
(2) set args /tmp/lreg/randInput /tmp/lreg/output
[INFO -- 2018-11-12 17:31:07]
initSignal:0
[INFO -- 2018-11-12 17:31:07]
endSignal:10
[INFO -- 2018-11-12 17:31:07]
faultModel:2
[INFO -- 2018-11-12 17:31:11]
Backtrace BEGIN:
#0  0x0000555555556656 in std::vector<double, std::allocator<double> >::operator[] (this=0x55555575b180 <T1>, __n=1) at /usr/include/c++/7/bits/stl_vector.h:795
#1  0x00005555555556a7 in predict (v=-18) at lreg.cpp:113
#2  0x000055555555578f in meanSquaredError () at lreg.cpp:125
#3  0x0000555555555da8 in train (iter1=45000, iter2=45000, N=4, alpha1=2.2222199999999999e-05, alpha2=2.2222199999999999e-05, stopsWhenStable=true) at lreg.cpp:191
#4  0x00005555555562e6 in main (argc=3, argv=0x7fffffffde68) at lreg.cpp:246

790	       *  Note that data access with this operator is unchecked and
791	       *  out_of_range lookups are not defined. (For checked lookups
792	       *  see at().)
793	       */
794	      reference
795	      operator[](size_type __n) _GLIBCXX_NOEXCEPT
796	      {
797		__glibcxx_requires_subscript(__n);
798		return *(this->_M_impl._M_start + __n);
799	      }

Backtrace END
Memory content before bitflip:0x000x000x000x000x000x800x590x40
Fault Model: Random bit-flip
base address to flip value: 0x55555575b1b8 
address max offset: 8
Memory content after  bitflip:0xae0x0e0xd50xed0xaa0x040x4b0x12
frame name: meanSquaredError
symbol name: xChecksum
symbol filename: lreg.cpp
symbol line: 39
value: 1.4948930828766272e-220
value address: 0x55555575b1b8 <xChecksum>
Type: A floating point type.
Type sizeof: 8

[INFO -- 2018-11-12 17:31:11]
Fault Injection Successful after 4.4544007778167725s
[INFO -- 2018-11-12 17:31:20]
event type: exit
[INFO -- 2018-11-12 17:31:20]
exit code: 0
