[INFO -- 2018-11-14 13:10:41]
Starting flip_value script
version: 1.1
[INFO -- 2018-11-14 13:10:41]
Initialization strings:
[INFO -- 2018-11-14 13:10:41]
(1) file /tmp/lreg/lreg
[INFO -- 2018-11-14 13:10:41]
(2) set args /tmp/lreg/randInput /tmp/lreg/output
[INFO -- 2018-11-14 13:10:41]
initSignal:0
[INFO -- 2018-11-14 13:10:41]
endSignal:5
[INFO -- 2018-11-14 13:10:41]
faultModel:0
[INFO -- 2018-11-14 13:10:43]
Backtrace BEGIN:
#0  0x000055555555520f in verifyUintDup (a=2, b=2) at lreg.cpp:69
#1  0x000055555555576f in predict (v=-18) at lreg.cpp:115
#2  0x0000555555555a53 in partialDerivate (pos1=0, pos2=0) at lreg.cpp:142
#3  0x0000555555555bbe in adjust (alpha1=5.0000000000000002e-05, alpha2=5.0000000000000002e-05) at lreg.cpp:156
#4  0x0000555555555ee0 in train (iter1=30000, iter2=30000, N=3, alpha1=5.0000000000000002e-05, alpha2=5.0000000000000002e-05, stopsWhenStable=true) at lreg.cpp:193
#5  0x0000555555556467 in main (argc=3, argv=0x7fffffffde68) at lreg.cpp:253

64			ofstream fp ("/tmp/lreg/detected.log", std::ofstream::app);
65			fp << "verifyUint: a = "<<a<<"; b = "<<b<<endl;
66	        detected = 1;	
67		}
68		return a;
69	}
70	double verifyDoubleDup(double a, double b){
71		if (a != b && detected != 1){
72			//gerar entrada no log
73			ofstream fp ("/tmp/lreg/detected.log", std::ofstream::app);

Backtrace END
Memory content before bitflip:0x000x000x000x00
Fault Model: Single bit-flip
base address to flip value: 0x7fffffffd728
address max offset: 4
Memory content after  bitflip:0x000x000x100x00
frame name: partialDerivate
symbol name: pos2
symbol filename: lreg.cpp
symbol line: 138
value: 1048576
value address: 0x7fffffffd728
Type: The type is an integer type.
Type sizeof: 4

[INFO -- 2018-11-14 13:10:43]
Fault Injection Successful after 2.492582321166992s
[INFO -- 2018-11-14 13:10:48]
event type: exit
[INFO -- 2018-11-14 13:10:48]
exit code: 0
