[INFO -- 2018-11-14 18:44:24]
Starting flip_value script
version: 1.1
[INFO -- 2018-11-14 18:44:24]
Initialization strings:
[INFO -- 2018-11-14 18:44:24]
(1) file /tmp/lreg/lreg
[INFO -- 2018-11-14 18:44:24]
(2) set args /tmp/lreg/randInput /tmp/lreg/output
[INFO -- 2018-11-14 18:44:24]
initSignal:0
[INFO -- 2018-11-14 18:44:24]
endSignal:5
[INFO -- 2018-11-14 18:44:24]
faultModel:0
[EXCEPTION -- 2018-11-14 18:44:25]
pythonException: empty range for randrange() (0,0, 0)
[EXCEPTION -- 2018-11-14 18:44:26]
pythonException: empty range for randrange() (0,0, 0)
[EXCEPTION -- 2018-11-14 18:44:26]
pythonException: empty range for randrange() (0,0, 0)
[INFO -- 2018-11-14 18:44:27]
event type: exit
[EXCEPTION -- 2018-11-14 18:44:27]
exit code: no exit code available
