[INFO -- 2018-09-14 22:03:33]
Starting flip_value script
version: 1.1
[INFO -- 2018-09-14 22:03:33]
Initialization strings:
[INFO -- 2018-09-14 22:03:33]
(1) file /tmp/lreg/lreg
[INFO -- 2018-09-14 22:03:33]
(2) set args /tmp/lreg/randInput /tmp/lreg/output
[INFO -- 2018-09-14 22:03:33]
initSignal:0
[INFO -- 2018-09-14 22:03:33]
endSignal:2
[INFO -- 2018-09-14 22:03:33]
faultModel:1
[INFO -- 2018-09-14 22:03:34]
Backtrace BEGIN:
#0  0x00007ffff76d5a2d in __ieee754_pow_sse2 (x=<optimized out>, y=<optimized out>) at ../sysdeps/ieee754/dbl-64/e_pow.c:215
#1  0x00007ffff76b7b14 in __pow (x=7, y=2) at w_pow_compat.c:30
#2  0x0000555555555f39 in std::pow<double, int> (__x=7, __y=2) at /usr/include/c++/7/cmath:418
#3  0x0000555555555237 in predict (v=7) at lreg.cpp:50
#4  0x000055555555530a in meanSquaredError () at lreg.cpp:61
#5  0x00005555555556b1 in train (iterations=60000, alpha=5.0000000000000002e-05, N=3, stopsWhenStable=true) at lreg.cpp:121
#6  0x0000555555555c26 in main (argc=3, argv=0x7fffffffde68) at lreg.cpp:182

210	../sysdeps/ieee754/dbl-64/e_pow.c: No such file or directory.

Backtrace END
Fliping value of field: std::_Vector_base<double, std::allocator<double> >
Fliping value of field: _M_impl
Fliping value of field: _M_finish
Fliping a bit of the value pointed by a pointer
Memory content before bitflip:0x000x000x000x000x000x000x000x00
Fault Model: Double bit-flip
base address to flip value: 0x5555557716f0
address max offset: 8
Memory content after  bitflip:0x000x000x000x000x000x000x880x00
frame name: predict
symbol name: y
symbol filename: lreg.cpp
symbol line: 33
value: std::vector of length 20, capacity 32 = {-16, 9, -1, 4, 4, 6, -11, 0, 41, 29, 45, -87, -63, 17, -39, 37, -75, -91, -63, -87}
value address: 0x55555575a160 <y>
Type: The type is a structure.
Type sizeof: 24
Field name: std::_Vector_base<double, std::allocator<double> >
Field Type: The type is a structure.
Field Type sizeof: 24

[INFO -- 2018-09-14 22:03:34]
Fault Injection Successful after 1.3516008853912354s
[INFO -- 2018-09-14 22:03:41]
event type: exit
[INFO -- 2018-09-14 22:03:41]
exit code: 0
