[INFO -- 2018-11-08 19:53:25]
Starting flip_value script
version: 1.1
[INFO -- 2018-11-08 19:53:25]
Initialization strings:
[INFO -- 2018-11-08 19:53:25]
(1) file /tmp/lreg/lreg
[INFO -- 2018-11-08 19:53:25]
(2) set args /tmp/lreg/randInput /tmp/lreg/output /tmp/lreg/detected.log
[INFO -- 2018-11-08 19:53:25]
initSignal:0
[INFO -- 2018-11-08 19:53:25]
endSignal:10
[INFO -- 2018-11-08 19:53:25]
faultModel:2
[INFO -- 2018-11-08 19:53:27]
Backtrace BEGIN:
#0  0x00007ffff76da53c in __ieee754_pow_sse2 (x=16, y=2) at ../sysdeps/ieee754/dbl-64/e_pow.c:65
#1  0x00007ffff76bcb14 in __pow (x=16, y=2) at w_pow_compat.c:30
#2  0x0000555555556131 in std::pow<double, int> (__x=16, __y=2) at /usr/include/c++/7/cmath:418
#3  0x0000555555555237 in predict (v=16) at lreg.cpp:50
#4  0x00005555555552ba in meanSquaredError () at lreg.cpp:61
#5  0x00005555555556b1 in train (iterations=30000, alpha=5.0000000000000002e-05, N=3, stopsWhenStable=true) at lreg.cpp:121
#6  0x0000555555555a1c in execute (input=0x7fffffffe1f1 "/tmp/lreg/randInput") at lreg.cpp:157
#7  0x0000555555555c60 in main (argc=4, argv=0x7fffffffde48) at lreg.cpp:191

60	../sysdeps/ieee754/dbl-64/e_pow.c: No such file or directory.

Backtrace END
Memory content before bitflip:0x000x000x000x000x000x000x300x40
Fault Model: Random bit-flip
base address to flip value: 0x7fffffffd4a8
address max offset: 8
Memory content after  bitflip:0x070x490x1c0x4f0x470xc00x310x9e
frame name: std::pow<double, int>
symbol name: __x
symbol filename: /usr/include/c++/7/cmath
symbol line: 415
value: -3.0825301846516378e-163
value address: 0x7fffffffd4a8
Type: A floating point type.
Type sizeof: 8

[INFO -- 2018-11-08 19:53:27]
Fault Injection Successful after 2.6958305835723877s
[INFO -- 2018-11-08 19:53:46]
event type: exit
[INFO -- 2018-11-08 19:53:46]
exit code: 0
