[INFO -- 2018-11-09 13:36:27]
Starting flip_value script
version: 1.1
[INFO -- 2018-11-09 13:36:27]
Initialization strings:
[INFO -- 2018-11-09 13:36:27]
(1) file /tmp/lreg/lreg
[INFO -- 2018-11-09 13:36:27]
(2) set args /tmp/lreg/randInput /tmp/lreg/output /tmp/lreg/detected.log
[INFO -- 2018-11-09 13:36:27]
initSignal:0
[INFO -- 2018-11-09 13:36:27]
endSignal:10
[INFO -- 2018-11-09 13:36:27]
faultModel:2
[INFO -- 2018-11-09 13:36:30]
Backtrace BEGIN:
#0  0x00005555555560e0 in std::vector<double, std::allocator<double> >::size (this=0x55555575b140 <x>) at /usr/include/c++/7/bits/stl_vector.h:671
#1  0x0000555555555287 in meanSquaredError () at lreg.cpp:60
#2  0x00005555555556b1 in train (iterations=45000, alpha=2.2222199999999999e-05, N=4, stopsWhenStable=true) at lreg.cpp:121
#3  0x0000555555555a1c in execute (input=0x7fffffffe1f3 "/tmp/lreg/randInput") at lreg.cpp:157
#4  0x0000555555555c60 in main (argc=4, argv=0x7fffffffde48) at lreg.cpp:191

666	
667	      // [23.2.4.2] capacity
668	      /**  Returns the number of elements in the %vector.  */
669	      size_type
670	      size() const _GLIBCXX_NOEXCEPT
671	      { return size_type(this->_M_impl._M_finish - this->_M_impl._M_start); }
672	
673	      /**  Returns the size() of the largest possible %vector.  */
674	      size_type
675	      max_size() const _GLIBCXX_NOEXCEPT

Backtrace END
Fliping value of field: std::_Vector_base<double, std::allocator<double> >
Fliping value of field: _M_impl
Fliping value of field: _M_end_of_storage
Fliping a bit of the pointer
Memory content before bitflip:0x700x2b0x770x550x550x550x000x00
Fault Model: Random bit-flip
base address to flip value: 0x55555575b170 
address max offset: 8
Memory content after  bitflip:0xc40x360x640xd20xdd0x6a0x2c0x58
frame name: std::vector<double, std::allocator<double> >::size
symbol name: y
symbol filename: lreg.cpp
symbol line: 33
value: std::vector of length 36, capacity 794184606283571626 = {31, 31, 1, 21, -13, 1, -3, 3, -19, -68, -1499, -803, -164, -459, -24, -136, -59, -1163, -1124, -411, 2, -82, -142, -2242, -82, -758, -178, -10, -1198, -38, -1982, -1858, -22, -22, -262, -178}
value address: 0x55555575b160 <y>
Type: The type is a structure.
Type sizeof: 24
Field name: std::_Vector_base<double, std::allocator<double> >
Field Type: The type is a structure.
Field Type sizeof: 24

[INFO -- 2018-11-09 13:36:30]
Fault Injection Successful after 3.865577220916748s
[INFO -- 2018-11-09 13:36:39]
event type: exit
[INFO -- 2018-11-09 13:36:39]
exit code: 0
