[INFO -- 2018-09-15 16:47:49]
Starting flip_value script
version: 1.1
[INFO -- 2018-09-15 16:47:49]
Initialization strings:
[INFO -- 2018-09-15 16:47:49]
(1) file /tmp/lreg/lreg
[INFO -- 2018-09-15 16:47:49]
(2) set args /tmp/lreg/randInput /tmp/lreg/output
[INFO -- 2018-09-15 16:47:49]
initSignal:0
[INFO -- 2018-09-15 16:47:49]
endSignal:2
[INFO -- 2018-09-15 16:47:49]
faultModel:2
[INFO -- 2018-09-15 16:47:51]
Backtrace BEGIN:
#0  __ieee754_pow_sse2 (x=9, y=2) at ../sysdeps/ieee754/dbl-64/e_pow.c:76
#1  0x00007ffff76b7b14 in __pow (x=9, y=2) at w_pow_compat.c:30
#2  0x0000555555555f39 in std::pow<double, int> (__x=9, __y=2) at /usr/include/c++/7/cmath:418
#3  0x0000555555555237 in predict (v=9) at lreg.cpp:50
#4  0x00005555555553fc in partialDerivate (pos=2) at lreg.cpp:74
#5  0x0000555555555503 in adjust (alpha=2.2222199999999999e-05) at lreg.cpp:87
#6  0x00005555555556ac in train (iterations=90000, alpha=2.2222199999999999e-05, N=4, stopsWhenStable=true) at lreg.cpp:120
#7  0x0000555555555c26 in main (argc=3, argv=0x7fffffffde68) at lreg.cpp:182

71	../sysdeps/ieee754/dbl-64/e_pow.c: No such file or directory.

Backtrace END
Fliping value of field name: x
Memory content before bitflip:0x000x000x000x000x000x000xf00x7f
Fault Model: Random bit-flip
base address to flip value: 0x7ffff779a5d8 
address max offset: 8
Memory content after  bitflip:0x540xdc0xfa0x3c0x8c0x9d0xcb0xbb
frame name: __ieee754_pow_sse2
symbol name: INF
symbol filename: ../sysdeps/ieee754/dbl-64/upow.h
symbol line: 48
value: {i = {1023073364, -1144283764}, x = -1.1695585768419394e-20}
value address: 0x7ffff779a5d8 <INF>
Type: The type is a union.
Type sizeof: 8
Field name: i
Field Type: The type is an array.
Field Type sizeof: 8
Field name: x
Field Type: A floating point type.
Field Type sizeof: 8

[INFO -- 2018-09-15 16:47:51]
Fault Injection Successful after 2.587965488433838s
[INFO -- 2018-09-15 16:47:56]
event type: exit
[INFO -- 2018-09-15 16:47:56]
exit code: 0
