[INFO -- 2018-11-25 22:08:47]
Starting flip_value script
version: 1.1
[INFO -- 2018-11-25 22:08:47]
Initialization strings:
[INFO -- 2018-11-25 22:08:47]
(1) file /tmp/lreg/lreg
[INFO -- 2018-11-25 22:08:47]
(2) set args /tmp/lreg/randInput /tmp/lreg/output /tmp/lreg/detected.log
[INFO -- 2018-11-25 22:08:47]
initSignal:0
[INFO -- 2018-11-25 22:08:47]
endSignal:6
[INFO -- 2018-11-25 22:08:47]
faultModel:1
[EXCEPTION -- 2018-11-25 22:08:48]
pythonException: Unable to exit loop in struct fields; Exiting wihtout making a bit flip
[INFO -- 2018-11-25 22:08:48]
Backtrace BEGIN:
#0  0x0000555555556258 in std::allocator<double>::~allocator (this=0x7fffffffd5d0, __in_chrg=<optimized out>) at /usr/include/c++/7/bits/allocator.h:139
#1  0x00005555555568c2 in std::_Vector_base<double, std::allocator<double> >::_Vector_impl::~_Vector_impl (this=0x7fffffffd5d0, __in_chrg=<optimized out>) at /usr/include/c++/7/bits/stl_vector.h:81
#2  0x000055555555692f in std::_Vector_base<double, std::allocator<double> >::~_Vector_base (this=0x7fffffffd5d0, __in_chrg=<optimized out>) at /usr/include/c++/7/bits/stl_vector.h:163
#3  0x000055555555630f in std::vector<double, std::allocator<double> >::~vector (this=0x7fffffffd5d0, __in_chrg=<optimized out>) at /usr/include/c++/7/bits/stl_vector.h:435
#4  0x0000555555555770 in train (iterations=20000, alpha=5.0000000000000002e-05, N=3, stopsWhenStable=true) at lreg.cpp:126
#5  0x0000555555555a1c in execute (input=0x7fffffffe1f1 "/tmp/lreg/randInput") at lreg.cpp:157
#6  0x0000555555555c78 in main (argc=4, argv=0x7fffffffde48) at lreg.cpp:193

134	      : __allocator_base<_Tp>(__a) { }
135	
136	      template<typename _Tp1>
137		allocator(const allocator<_Tp1>&) throw() { }
138	
139	      ~allocator() throw() { }
140	
141	      // Inherit everything else.
142	    };
143	

Backtrace END
Memory content before bitflip:0x2d0x430x1c0xeb0xe20x360x0a0x3f
Fault Model: Double bit-flip
base address to flip value: 0x7fffffffd560
address max offset: 8
Memory content after  bitflip:0x2d0x430x3d0xeb0xe20x360x0a0x3f
frame name: train
symbol name: alpha
symbol filename: lreg.cpp
symbol line: 105
value: 5.0000000014654946e-05
value address: 0x7fffffffd560
Type: A floating point type.
Type sizeof: 8

[INFO -- 2018-11-25 22:08:48]
Fault Injection Successful after 1.9498145580291748s
[INFO -- 2018-11-25 22:08:51]
event type: exit
[INFO -- 2018-11-25 22:08:51]
exit code: 0
