[INFO -- 2018-09-14 22:39:20]
Starting flip_value script
version: 1.1
[INFO -- 2018-09-14 22:39:20]
Initialization strings:
[INFO -- 2018-09-14 22:39:20]
(1) file /tmp/lreg/lreg
[INFO -- 2018-09-14 22:39:20]
(2) set args /tmp/lreg/randInput /tmp/lreg/output
[INFO -- 2018-09-14 22:39:20]
initSignal:0
[INFO -- 2018-09-14 22:39:20]
endSignal:2
[INFO -- 2018-09-14 22:39:20]
faultModel:2
[INFO -- 2018-09-14 22:39:21]
Backtrace BEGIN:
#0  0x0000555555557712 in __gnu_cxx::new_allocator<double>::deallocate (this=0x7fffffffd890, __p=0x555555771490) at /usr/include/c++/7/ext/new_allocator.h:116
#1  0x00005555555571f0 in std::allocator_traits<std::allocator<double> >::deallocate (__a=..., __p=0x555555771470, __n=2) at /usr/include/c++/7/bits/alloc_traits.h:462
#2  0x0000555555556944 in std::_Vector_base<double, std::allocator<double> >::_M_deallocate (this=0x7fffffffd8b0, __p=0x555555771470, __n=2) at /usr/include/c++/7/bits/stl_vector.h:180
#3  0x00005555555565db in std::_Vector_base<double, std::allocator<double> >::~_Vector_base (this=0x7fffffffd8b0, __in_chrg=<optimized out>) at /usr/include/c++/7/bits/stl_vector.h:162
#4  0x000055555555602d in std::vector<double, std::allocator<double> >::~vector (this=0x7fffffffd8b0, __in_chrg=<optimized out>) at /usr/include/c++/7/bits/stl_vector.h:435
#5  0x0000555555555780 in train (iterations=30000, alpha=0.00020000000000000001, N=2, stopsWhenStable=true) at lreg.cpp:126
#6  0x0000555555555c26 in main (argc=3, argv=0x7fffffffde68) at lreg.cpp:182

111		return static_cast<_Tp*>(::operator new(__n * sizeof(_Tp)));
112	      }
113	
114	      // __p is not permitted to be a null pointer.
115	      void
116	      deallocate(pointer __p, size_type)
117	      {
118	#if __cpp_aligned_new
119		if (alignof(_Tp) > __STDCPP_DEFAULT_NEW_ALIGNMENT__)
120		  {

Backtrace END
Fliping value of field: std::_Vector_base<double, std::allocator<double> >
Fliping value of field: _M_impl
Fliping value of field: _M_finish
Fliping a bit of the value pointed by a pointer
Memory content before bitflip:0x000x000x000x000x000x000x000x00
Fault Model: Random bit-flip
base address to flip value: 0x555555771330
address max offset: 8
Memory content after  bitflip:0x270x2e0xa60xf00x570xcc0xba0xc5
frame name: __gnu_cxx::new_allocator<double>::deallocate
symbol name: x
symbol filename: lreg.cpp
symbol line: 32
value: std::vector of length 8, capacity 8 = {-15, 10, 0, 5, 5, 7, -10, 1}
value address: 0x55555575a140 <x>
Type: The type is a structure.
Type sizeof: 24
Field name: std::_Vector_base<double, std::allocator<double> >
Field Type: The type is a structure.
Field Type sizeof: 24

[INFO -- 2018-09-14 22:39:21]
Fault Injection Successful after 1.9339354038238525s
[INFO -- 2018-09-14 22:39:28]
event type: exit
[INFO -- 2018-09-14 22:39:28]
exit code: 0
