[INFO -- 2018-09-15 16:24:54]
Starting flip_value script
version: 1.1
[INFO -- 2018-09-15 16:24:54]
Initialization strings:
[INFO -- 2018-09-15 16:24:54]
(1) file /tmp/lreg/lreg
[INFO -- 2018-09-15 16:24:54]
(2) set args /tmp/lreg/randInput /tmp/lreg/output
[INFO -- 2018-09-15 16:24:54]
initSignal:0
[INFO -- 2018-09-15 16:24:54]
endSignal:2
[INFO -- 2018-09-15 16:24:54]
faultModel:1
[EXCEPTION -- 2018-09-15 16:24:56]
pythonException: Unable to exit loop in struct fields; Exiting wihtout making a bit flip
[EXCEPTION -- 2018-09-15 16:24:56]
pythonException: Unable to exit loop in struct fields; Exiting wihtout making a bit flip
[INFO -- 2018-09-15 16:25:02]
event type: exit
[INFO -- 2018-09-15 16:25:02]
exit code: 0
