[INFO -- 2018-11-05 20:12:37]
Starting flip_value script
version: 1.1
[INFO -- 2018-11-05 20:12:37]
Initialization strings:
[INFO -- 2018-11-05 20:12:37]
(1) file /tmp/lreg/lreg
[INFO -- 2018-11-05 20:12:37]
(2) set args /tmp/lreg/randInput /tmp/lreg/output /tmp/lreg/detected.log
[INFO -- 2018-11-05 20:12:37]
initSignal:0
[INFO -- 2018-11-05 20:12:37]
endSignal:10
[INFO -- 2018-11-05 20:12:37]
faultModel:2
[INFO -- 2018-11-05 20:12:42]
Backtrace BEGIN:
#0  0x00007ffff76bcb0f in __pow (x=16, y=2) at w_pow_compat.c:30
#1  0x0000555555556131 in std::pow<double, int> (__x=16, __y=2) at /usr/include/c++/7/cmath:418
#2  0x0000555555555451 in partialDerivate (pos=2) at lreg.cpp:74
#3  0x0000555555555503 in adjust (alpha=5.0000000000000002e-05) at lreg.cpp:87
#4  0x00005555555556ac in train (iterations=30000, alpha=5.0000000000000002e-05, N=3, stopsWhenStable=true) at lreg.cpp:120
#5  0x0000555555555a1c in execute (input=0x7fffffffe1f3 "/tmp/lreg/randInput") at lreg.cpp:157
#6  0x0000555555555c98 in main (argc=4, argv=0x7fffffffde48) at lreg.cpp:194

25	w_pow_compat.c: No such file or directory.

Backtrace END
Memory content before bitflip:0x000x000x000x000x000x800x5a0x40
Fault Model: Random bit-flip
base address to flip value: 0x7fffffffd690
address max offset: 8
Memory content after  bitflip:0xaf0x460x570xe60x310x4f0xeb0x83
frame name: execute
symbol name: temp
symbol filename: lreg.cpp
symbol line: 143
value: -8.7572072870441321e-290
value address: 0x7fffffffd690
Type: A floating point type.
Type sizeof: 8

[INFO -- 2018-11-05 20:12:42]
Fault Injection Successful after 5.034107446670532s
[INFO -- 2018-11-05 20:12:45]
event type: exit
[INFO -- 2018-11-05 20:12:45]
exit code: 0
