[INFO -- 2018-11-26 16:54:39]
Starting flip_value script
version: 1.1
[INFO -- 2018-11-26 16:54:39]
Initialization strings:
[INFO -- 2018-11-26 16:54:39]
(1) file /tmp/lreg/lreg
[INFO -- 2018-11-26 16:54:39]
(2) set args /tmp/lreg/randInput /tmp/lreg/output
[INFO -- 2018-11-26 16:54:39]
initSignal:0
[INFO -- 2018-11-26 16:54:39]
endSignal:3
[INFO -- 2018-11-26 16:54:39]
faultModel:0
[INFO -- 2018-11-26 16:54:40]
Backtrace BEGIN:
#0  0x00007ffff76da5c4 in __ieee754_pow_sse2 (x=13, y=2) at ../sysdeps/ieee754/dbl-64/e_pow.c:81
#1  0x00007ffff76bcb14 in __pow (x=13, y=2) at w_pow_compat.c:30
#2  0x0000555555556826 in std::pow<double, unsigned int> (__x=13, __y=2) at /usr/include/c++/7/cmath:418
#3  0x0000555555555814 in predict (v=13) at lreg.cpp:116
#4  0x0000555555555a53 in partialDerivate (pos1=0, pos2=0) at lreg.cpp:142
#5  0x0000555555555bbe in adjust (alpha1=5.0000000000000002e-05, alpha2=5.0000000000000002e-05) at lreg.cpp:156
#6  0x0000555555555ee0 in train (iter1=20000, iter2=20000, N=3, alpha1=5.0000000000000002e-05, alpha2=5.0000000000000002e-05, stopsWhenStable=true) at lreg.cpp:193
#7  0x0000555555556467 in main (argc=3, argv=0x7fffffffde58) at lreg.cpp:253

76	../sysdeps/ieee754/dbl-64/e_pow.c: No such file or directory.

Backtrace END
Memory content before bitflip:0x000x000x000x000x000x000x000x40
Fault Model: Single bit-flip
base address to flip value: 0x7fffffffd668
address max offset: 8
Memory content after  bitflip:0x000x200x000x000x000x000x000x40
frame name: __pow
symbol name: y
symbol filename: w_pow_compat.c
symbol line: 28
value: 2.000000000003638
value address: 0x7fffffffd668
Type: A floating point type.
Type sizeof: 8

[INFO -- 2018-11-26 16:54:40]
Fault Injection Successful after 1.5981714725494385s
[INFO -- 2018-11-26 16:54:42]
event type: exit
[INFO -- 2018-11-26 16:54:42]
exit code: 0
