[INFO -- 2018-10-01 13:24:00]
Starting flip_value script
version: 1.1
[INFO -- 2018-10-01 13:24:00]
Initialization strings:
[INFO -- 2018-10-01 13:24:00]
(1) file /tmp/lreg/lreg
[INFO -- 2018-10-01 13:24:00]
(2) set args /tmp/lreg/randInput /tmp/lreg/output
[INFO -- 2018-10-01 13:24:00]
initSignal:0
[INFO -- 2018-10-01 13:24:00]
endSignal:10
[INFO -- 2018-10-01 13:24:00]
faultModel:0
[INFO -- 2018-10-01 13:24:01]
Backtrace BEGIN:
#0  0x00005555555551ac in predict (v=-3) at lreg.cpp:49
#1  0x000055555555526a in meanSquaredError () at lreg.cpp:61
#2  0x0000555555555661 in train (iterations=90000, alpha=2.2222199999999999e-05, N=4, stopsWhenStable=true) at lreg.cpp:121
#3  0x0000555555555ab7 in main (argc=3, argv=0x7fffffffde58) at lreg.cpp:174

44	/**
45		Predicts the value related to v using the Ts variables
46	*/
47	double predict(double v){
48		double val = 0;
49		for(int i = 0; i<T.size(); i++){
50			val+= (T[i] * pow(v, i));
51		}
52		return val;
53		

Backtrace END
Memory content before bitflip:0x4f0x130xb10x420x880x750xf20x41
Fault Model: Single bit-flip
base address to flip value: 0x7fffffffd7d8
address max offset: 8
Memory content after  bitflip:0x4f0x130xb10x420x880x740xf20x41
frame name: meanSquaredError
symbol name: error
symbol filename: lreg.cpp
symbol line: 59
value: 4954031147.067214
value address: 0x7fffffffd7d8
Type: A floating point type.
Type sizeof: 8

[INFO -- 2018-10-01 13:24:01]
Fault Injection Successful after 1.7420244216918945s
[INFO -- 2018-10-01 13:24:07]
event type: exit
[INFO -- 2018-10-01 13:24:07]
exit code: 0
