[INFO -- 2018-11-14 17:09:12]
Starting flip_value script
version: 1.1
[INFO -- 2018-11-14 17:09:12]
Initialization strings:
[INFO -- 2018-11-14 17:09:12]
(1) file /tmp/lreg/lreg
[INFO -- 2018-11-14 17:09:12]
(2) set args /tmp/lreg/randInput /tmp/lreg/output
[INFO -- 2018-11-14 17:09:12]
initSignal:0
[INFO -- 2018-11-14 17:09:12]
endSignal:5
[INFO -- 2018-11-14 17:09:12]
faultModel:1
[INFO -- 2018-11-14 17:09:13]
Backtrace BEGIN:
#0  0x00005555555557b4 in predict (v=6) at lreg.cpp:116
#1  0x0000555555555928 in meanSquaredError () at lreg.cpp:128
#2  0x0000555555555ee5 in train (iter1=30000, iter2=30000, N=3, alpha1=5.0000000000000002e-05, alpha2=5.0000000000000002e-05, stopsWhenStable=true) at lreg.cpp:194
#3  0x0000555555556467 in main (argc=3, argv=0x7fffffffde68) at lreg.cpp:253

111	*/
112	double predict(double v){
113		double val = 0;
114		
115		for(UINT i1 = 0, i2 = 0; verifyUintDup(i1, i2)<T1.size(); i1++, i2++){
116			val+= (verifyDoubleDup(T1[verifyUintDup(i1, i2)], T2[verifyUintDup(i1, i2)]) * pow(v, verifyUintDup(i1, i2)));
117		}
118		return val;
119		
120	}

Backtrace END
Memory content before bitflip:0xa80x3e0x890x0a0xf40x2e0x370x40
Fault Model: Double bit-flip
base address to flip value: 0x7fffffffd758
address max offset: 8
Memory content after  bitflip:0xa80x3e0x890x0a0xf40x2e0x370x51
frame name: predict
symbol name: val
symbol filename: lreg.cpp
symbol line: 113
value: 1.7592848396415686e+83
value address: 0x7fffffffd758
Type: A floating point type.
Type sizeof: 8

[INFO -- 2018-11-14 17:09:13]
Fault Injection Successful after 1.322378158569336s
[INFO -- 2018-11-14 17:09:15]
event type: exit
[INFO -- 2018-11-14 17:09:15]
exit code: 0
