[INFO -- 2018-10-01 20:14:18]
Starting flip_value script
version: 1.1
[INFO -- 2018-10-01 20:14:18]
Initialization strings:
[INFO -- 2018-10-01 20:14:18]
(1) file /tmp/lreg/lreg
[INFO -- 2018-10-01 20:14:18]
(2) set args /tmp/lreg/randInput /tmp/lreg/output
[INFO -- 2018-10-01 20:14:18]
initSignal:0
[INFO -- 2018-10-01 20:14:18]
endSignal:10
[INFO -- 2018-10-01 20:14:18]
faultModel:0
[INFO -- 2018-10-01 20:14:21]
Backtrace BEGIN:
#0  __ieee754_pow_sse2 (x=24, y=3) at ../sysdeps/ieee754/dbl-64/e_pow.c:97
#1  0x00007ffff76b7b14 in __pow (x=24, y=3) at w_pow_compat.c:30
#2  0x0000555555555d47 in std::pow<double, int> (__x=24, __y=3) at /usr/include/c++/7/cmath:418
#3  0x00005555555551e7 in predict (v=24) at lreg.cpp:50
#4  0x000055555555526a in meanSquaredError () at lreg.cpp:61
#5  0x0000555555555661 in train (iterations=90000, alpha=2.2222199999999999e-05, N=4, stopsWhenStable=true) at lreg.cpp:121
#6  0x0000555555555ab7 in main (argc=3, argv=0x7fffffffde58) at lreg.cpp:174

92	../sysdeps/ieee754/dbl-64/e_pow.c: No such file or directory.

Backtrace END
Fliping value of field name: x
Memory content before bitflip:0xff0x030x000x000x000x000x300x43
Fault Model: Single bit-flip
base address to flip value: 0x7ffff779a5a0 
address max offset: 8
Memory content after  bitflip:0xff0x130x000x000x000x000x300x43
frame name: __ieee754_pow_sse2
symbol name: two52e
symbol filename: ../sysdeps/ieee754/dbl-64/upow.h
symbol line: 55
value: {i = {5119, 1127219200}, x = 4503599627375615}
value address: 0x7ffff779a5a0 <two52e>
Type: The type is a union.
Type sizeof: 8
Field name: i
Field Type: The type is an array.
Field Type sizeof: 8
Field name: x
Field Type: A floating point type.
Field Type sizeof: 8

[INFO -- 2018-10-01 20:14:21]
Fault Injection Successful after 3.33270001411438s
[INFO -- 2018-10-01 20:14:32]
event type: exit
[INFO -- 2018-10-01 20:14:32]
exit code: 0
