[INFO -- 2018-11-29 14:02:06]
Starting flip_value script
version: 1.1
[INFO -- 2018-11-29 14:02:06]
Initialization strings:
[INFO -- 2018-11-29 14:02:07]
(1) file /tmp/lreg/lreg
[INFO -- 2018-11-29 14:02:07]
(2) set args /tmp/lreg/randInput /tmp/lreg/output /tmp/lreg/detected.log
[INFO -- 2018-11-29 14:02:07]
initSignal:0
[INFO -- 2018-11-29 14:02:07]
endSignal:6
[INFO -- 2018-11-29 14:02:07]
faultModel:2
[EXCEPTION -- 2018-11-29 14:02:08]
pythonException: empty range for randrange() (0,0, 0)
[EXCEPTION -- 2018-11-29 14:02:09]
pythonException: Unable to exit loop in struct fields; Exiting wihtout making a bit flip
[EXCEPTION -- 2018-11-29 14:02:09]
gdbException: Cannot access memory at address 0x5c1b13132a557212
[INFO -- 2018-11-29 14:02:10]
event type: exit
[EXCEPTION -- 2018-11-29 14:02:10]
exit code: no exit code available
