[INFO -- 2018-11-16 16:21:50]
Starting flip_value script
version: 1.1
[INFO -- 2018-11-16 16:21:50]
Initialization strings:
[INFO -- 2018-11-16 16:21:50]
(1) file /tmp/lreg/lreg
[INFO -- 2018-11-16 16:21:50]
(2) set args /tmp/lreg/randInput /tmp/lreg/output
[INFO -- 2018-11-16 16:21:50]
initSignal:0
[INFO -- 2018-11-16 16:21:50]
endSignal:5
[INFO -- 2018-11-16 16:21:50]
faultModel:0
[INFO -- 2018-11-16 16:21:51]
Backtrace BEGIN:
#0  0x00005555555557d4 in predict (v=16) at lreg.cpp:116
#1  0x0000555555555a53 in partialDerivate (pos1=0, pos2=0) at lreg.cpp:142
#2  0x0000555555555bbe in adjust (alpha1=0.00020000000000000001, alpha2=0.00020000000000000001) at lreg.cpp:156
#3  0x0000555555555ee0 in train (iter1=15000, iter2=15000, N=2, alpha1=0.00020000000000000001, alpha2=0.00020000000000000001, stopsWhenStable=true) at lreg.cpp:193
#4  0x0000555555556467 in main (argc=3, argv=0x7fffffffde58) at lreg.cpp:253

111	*/
112	double predict(double v){
113		double val = 0;
114		
115		for(UINT i1 = 0, i2 = 0; verifyUintDup(i1, i2)<T1.size(); i1++, i2++){
116			val+= (verifyDoubleDup(T1[verifyUintDup(i1, i2)], T2[verifyUintDup(i1, i2)]) * pow(v, verifyUintDup(i1, i2)));
117		}
118		return val;
119		
120	}

Backtrace END
Memory content before bitflip:0x980x3a0x000x00
Fault Model: Single bit-flip
base address to flip value: 0x7fffffffd7d8
address max offset: 4
Memory content after  bitflip:0x880x3a0x000x00
frame name: train
symbol name: iter2
symbol filename: lreg.cpp
symbol line: 177
value: 14984
value address: 0x7fffffffd7d8
Type: The type is an integer type.
Type sizeof: 4

[INFO -- 2018-11-16 16:21:51]
Fault Injection Successful after 1.6154394149780273s
[INFO -- 2018-11-16 16:21:57]
event type: exit
[INFO -- 2018-11-16 16:21:57]
exit code: 0
