[INFO -- 2018-11-23 18:41:42]
Starting flip_value script
version: 1.1
[INFO -- 2018-11-23 18:41:42]
Initialization strings:
[INFO -- 2018-11-23 18:41:42]
(1) file /tmp/lreg/lreg
[INFO -- 2018-11-23 18:41:42]
(2) set args /tmp/lreg/randInput /tmp/lreg/output
[INFO -- 2018-11-23 18:41:42]
initSignal:0
[INFO -- 2018-11-23 18:41:42]
endSignal:3
[INFO -- 2018-11-23 18:41:42]
faultModel:2
[INFO -- 2018-11-23 18:41:43]
Backtrace BEGIN:
#0  0x00007ffff76d597d in __exp1 (x=<optimized out>, xx=<optimized out>, error=<optimized out>) at ../sysdeps/ieee754/dbl-64/e_exp.c:279
#1  0x00007ffff76da8dc in __ieee754_pow_sse2 (x=5, y=3) at ../sysdeps/ieee754/dbl-64/e_pow.c:115
#2  0x00007ffff76bcb14 in __pow (x=5, y=3) at w_pow_compat.c:30
#3  0x0000555555555d5f in std::pow<double, int> (__x=5, __y=3) at /usr/include/c++/7/cmath:418
#4  0x00005555555551e7 in predict (v=5) at lreg.cpp:50
#5  0x00005555555552ba in meanSquaredError () at lreg.cpp:61
#6  0x0000555555555661 in train (iterations=30000, alpha=2.2222199999999999e-05, N=4, stopsWhenStable=true) at lreg.cpp:121
#7  0x0000555555555ab7 in main (argc=3, argv=0x7fffffffde58) at lreg.cpp:174

274	../sysdeps/ieee754/dbl-64/e_exp.c: No such file or directory.

Backtrace END
Memory content before bitflip:0x250x4c0x050x8b0x690x780x2a0x41
Fault Model: Random bit-flip
base address to flip value: 0x7fffffffd7d8
address max offset: 8
Memory content after  bitflip:0x0d0xe60x1a0x930x2b0x920x060x0a
frame name: meanSquaredError
symbol name: error
symbol filename: lreg.cpp
symbol line: 59
value: 2.2937396670211833e-260
value address: 0x7fffffffd7d8
Type: A floating point type.
Type sizeof: 8

[INFO -- 2018-11-23 18:41:43]
Fault Injection Successful after 1.9497265815734863s
[INFO -- 2018-11-23 18:41:44]
event type: exit
[INFO -- 2018-11-23 18:41:44]
exit code: 0
