[INFO -- 2018-09-15 23:28:15]
Starting flip_value script
version: 1.1
[INFO -- 2018-09-15 23:28:15]
Initialization strings:
[INFO -- 2018-09-15 23:28:15]
(1) file /tmp/lreg/lreg
[INFO -- 2018-09-15 23:28:15]
(2) set args /tmp/lreg/randInput /tmp/lreg/output
[INFO -- 2018-09-15 23:28:15]
initSignal:0
[INFO -- 2018-09-15 23:28:15]
endSignal:2
[INFO -- 2018-09-15 23:28:15]
faultModel:1
[INFO -- 2018-09-15 23:28:16]
Backtrace BEGIN:
#0  0x00007ffff76d55e4 in __ieee754_pow_sse2 (x=4, y=0) at ../sysdeps/ieee754/dbl-64/e_pow.c:85
#1  0x00007ffff76b7b14 in __pow (x=4, y=0) at w_pow_compat.c:30
#2  0x0000555555555f39 in std::pow<double, int> (__x=4, __y=0) at /usr/include/c++/7/cmath:418
#3  0x0000555555555237 in predict (v=4) at lreg.cpp:50
#4  0x00005555555553fc in partialDerivate (pos=1) at lreg.cpp:74
#5  0x0000555555555503 in adjust (alpha=5.0000000000000002e-05) at lreg.cpp:87
#6  0x00005555555556ac in train (iterations=60000, alpha=5.0000000000000002e-05, N=3, stopsWhenStable=true) at lreg.cpp:120
#7  0x0000555555555c26 in main (argc=3, argv=0x7fffffffde68) at lreg.cpp:182

80	../sysdeps/ieee754/dbl-64/e_pow.c: No such file or directory.

Backtrace END
Memory content before bitflip:0x2d0x430x1c0xeb0xe20x360x0a0x3f
Fault Model: Double bit-flip
base address to flip value: 0x7fffffffd950
address max offset: 8
Memory content after  bitflip:0x2d0x430x1c0xeb0x6a0x360x0a0x3f
frame name: main
symbol name: alpha
symbol filename: lreg.cpp
symbol line: 168
value: 4.9996507540345194e-05
value address: 0x7fffffffd950
Type: A floating point type.
Type sizeof: 8

[INFO -- 2018-09-15 23:28:16]
Fault Injection Successful after 1.9094760417938232s
[INFO -- 2018-09-15 23:28:23]
event type: exit
[INFO -- 2018-09-15 23:28:23]
exit code: 0
