[INFO -- 2018-10-12 21:28:47]
Starting flip_value script
version: 1.1
[INFO -- 2018-10-12 21:28:47]
Initialization strings:
[INFO -- 2018-10-12 21:28:47]
(1) file /tmp/lreg/lreg
[INFO -- 2018-10-12 21:28:47]
(2) set args /tmp/lreg/randInput /tmp/lreg/output
[INFO -- 2018-10-12 21:28:47]
initSignal:0
[INFO -- 2018-10-12 21:28:47]
endSignal:10
[INFO -- 2018-10-12 21:28:47]
faultModel:2
[EXCEPTION -- 2018-10-12 21:28:52]
pythonException: Unable to exit loop in struct fields; Exiting wihtout making a bit flip
[INFO -- 2018-10-12 21:28:53]
Backtrace BEGIN:
#0  0x00007ffff76d5a31 in __ieee754_pow_sse2 (x=<optimized out>, y=<optimized out>) at ../sysdeps/ieee754/dbl-64/e_pow.c:215
#1  0x00007ffff76d66be in __ieee754_pow_sse2 (x=<optimized out>, y=<optimized out>) at ../sysdeps/ieee754/dbl-64/e_pow.c:184
#2  0x00007ffff76b7b14 in __pow (x=-17, y=3) at w_pow_compat.c:30
#3  0x00005555555560ba in std::pow<double, unsigned int> (__x=-17, __y=3) at /usr/include/c++/7/cmath:418
#4  0x00005555555552c2 in predict (v=-17) at lreg.cpp:77
#5  0x000055555555551d in partialDerivate (pos=1) at lreg.cpp:107
#6  0x0000555555555670 in adjust () at lreg.cpp:123
#7  0x0000555555555881 in train (iterations=90000, N=4, stopsWhenStable=true) at lreg.cpp:159
#8  0x0000555555555dba in main (argc=3, argv=0x7fffffffde68) at lreg.cpp:225

210	../sysdeps/ieee754/dbl-64/e_pow.c: No such file or directory.

Backtrace END
Memory content before bitflip:0x000x000x000x000x000x000x310xc0
Fault Model: Random bit-flip
base address to flip value: 0x7fffffffd708
address max offset: 8
Memory content after  bitflip:0x6a0xcd0x750x200xe40x910x330x9e
frame name: predict
symbol name: v
symbol filename: lreg.cpp
symbol line: 71
value: -3.3983701543031892e-163
value address: 0x7fffffffd708
Type: A floating point type.
Type sizeof: 8

[INFO -- 2018-10-12 21:28:53]
Fault Injection Successful after 6.792753458023071s
[INFO -- 2018-10-12 21:28:58]
event type: exit
[INFO -- 2018-10-12 21:28:58]
exit code: 0
