[INFO -- 2018-10-02 17:59:15]
Starting flip_value script
version: 1.1
[INFO -- 2018-10-02 17:59:15]
Initialization strings:
[INFO -- 2018-10-02 17:59:15]
(1) file /tmp/lreg/lreg
[INFO -- 2018-10-02 17:59:15]
(2) set args /tmp/lreg/randInput /tmp/lreg/output
[INFO -- 2018-10-02 17:59:15]
initSignal:0
[INFO -- 2018-10-02 17:59:15]
endSignal:10
[INFO -- 2018-10-02 17:59:15]
faultModel:0
[INFO -- 2018-10-02 17:59:18]
Backtrace BEGIN:
#0  0x0000555555555d3d in std::pow<double, int> (__x=0, __y=0) at /usr/include/c++/7/cmath:418
#1  0x00005555555551e7 in predict (v=0) at lreg.cpp:50
#2  0x00005555555553ac in partialDerivate (pos=3) at lreg.cpp:74
#3  0x00005555555554b3 in adjust (alpha=2.2222199999999999e-05) at lreg.cpp:87
#4  0x000055555555565c in train (iterations=90000, alpha=2.2222199999999999e-05, N=4, stopsWhenStable=true) at lreg.cpp:120
#5  0x0000555555555ab7 in main (argc=3, argv=0x7fffffffde58) at lreg.cpp:174

413	    inline _GLIBCXX_CONSTEXPR
414	    typename __gnu_cxx::__promote_2<_Tp, _Up>::__type
415	    pow(_Tp __x, _Up __y)
416	    {
417	      typedef typename __gnu_cxx::__promote_2<_Tp, _Up>::__type __type;
418	      return pow(__type(__x), __type(__y));
419	    }
420	
421	  using ::sin;
422	

Backtrace END
Memory content before bitflip:0x460x5a0xb70xf40x390x4d0xf70x3e
Fault Model: Single bit-flip
base address to flip value: 0x7fffffffd940
address max offset: 8
Memory content after  bitflip:0x460x5a0xb50xf40x390x4d0xf70x3e
frame name: main
symbol name: alpha
symbol filename: lreg.cpp
symbol line: 160
value: 2.222219999955591e-05
value address: 0x7fffffffd940
Type: A floating point type.
Type sizeof: 8

[INFO -- 2018-10-02 17:59:18]
Fault Injection Successful after 3.2880070209503174s
[INFO -- 2018-10-02 17:59:22]
event type: exit
[INFO -- 2018-10-02 17:59:22]
exit code: 0
