[INFO -- 2018-11-12 19:14:54]
Starting flip_value script
version: 1.1
[INFO -- 2018-11-12 19:14:54]
Initialization strings:
[INFO -- 2018-11-12 19:14:54]
(1) file /tmp/lreg/lreg
[INFO -- 2018-11-12 19:14:54]
(2) set args /tmp/lreg/randInput /tmp/lreg/output
[INFO -- 2018-11-12 19:14:54]
initSignal:0
[INFO -- 2018-11-12 19:14:54]
endSignal:10
[INFO -- 2018-11-12 19:14:54]
faultModel:2
[INFO -- 2018-11-12 19:14:57]
Backtrace BEGIN:
#0  0x00007ffff76da514 in __ieee754_pow_sse2 (x=-30, y=3) at ../sysdeps/ieee754/dbl-64/e_pow.c:65
#1  0x00007ffff76bcb14 in __pow (x=-30, y=3) at w_pow_compat.c:30
#2  0x00005555555566b8 in std::pow<double, unsigned int> (__x=-30, __y=3) at /usr/include/c++/7/cmath:418
#3  0x00005555555556e7 in predict (v=-30) at lreg.cpp:113
#4  0x000055555555591a in partialDerivate (pos1=2, pos2=2) at lreg.cpp:139
#5  0x0000555555555a81 in adjust (alpha1=2.2222199999999999e-05, alpha2=2.2222199999999999e-05) at lreg.cpp:153
#6  0x0000555555555da3 in train (iter1=45000, iter2=45000, N=4, alpha1=2.2222199999999999e-05, alpha2=2.2222199999999999e-05, stopsWhenStable=true) at lreg.cpp:190
#7  0x00005555555562e6 in main (argc=3, argv=0x7fffffffde68) at lreg.cpp:246

60	../sysdeps/ieee754/dbl-64/e_pow.c: No such file or directory.

Backtrace END
Fliping value of field: std::_Vector_base<double, std::allocator<double> >
Fliping value of field: _M_impl
Fliping value of field: _M_finish
Fliping a bit of the value pointed by a pointer
Memory content before bitflip:0x000x000x000x000x000x000x000x00
Fault Model: Random bit-flip
base address to flip value: 0x5555557723a0
address max offset: 8
Memory content after  bitflip:0x060x5e0x380x1a0xd30x9d0x640xd6
frame name: std::pow<double, unsigned int>
symbol name: T1
symbol filename: lreg.cpp
symbol line: 36
value: std::vector of length 4, capacity 4 = {5.074220932581154, -56.494740960025517, -2.000270079364904, 1.9816562429693159}
value address: 0x55555575b180 <T1>
Type: The type is a structure.
Type sizeof: 24
Field name: std::_Vector_base<double, std::allocator<double> >
Field Type: The type is a structure.
Field Type sizeof: 24

[INFO -- 2018-11-12 19:14:57]
Fault Injection Successful after 3.0305399894714355s
[INFO -- 2018-11-12 19:15:01]
event type: exit
[INFO -- 2018-11-12 19:15:01]
exit code: 0
