[INFO -- 2018-11-04 19:16:00]
Starting flip_value script
version: 1.1
[INFO -- 2018-11-04 19:16:00]
Initialization strings:
[INFO -- 2018-11-04 19:16:00]
(1) file /tmp/lreg/lreg
[INFO -- 2018-11-04 19:16:00]
(2) set args /tmp/lreg/randInput /tmp/lreg/output /tmp/lreg/detected.log
[INFO -- 2018-11-04 19:16:00]
initSignal:0
[INFO -- 2018-11-04 19:16:00]
endSignal:10
[INFO -- 2018-11-04 19:16:00]
faultModel:0
[EXCEPTION -- 2018-11-04 19:16:01]
gdbException: Attempt to dereference a generic pointer.
[INFO -- 2018-11-04 19:16:03]
Backtrace BEGIN:
#0  log1 (error=<synthetic pointer>, delta=<synthetic pointer>, x=16) at ../sysdeps/ieee754/dbl-64/e_pow.c:336
#1  __ieee754_pow_sse2 (x=16, y=3) at ../sysdeps/ieee754/dbl-64/e_pow.c:103
#2  0x00007ffff76db6be in __ieee754_pow_sse2 (x=<optimized out>, y=<optimized out>) at ../sysdeps/ieee754/dbl-64/e_pow.c:184
#3  0x00007ffff76bcb14 in __pow (x=-16, y=3) at w_pow_compat.c:30
#4  0x0000555555556131 in std::pow<double, int> (__x=-16, __y=3) at /usr/include/c++/7/cmath:418
#5  0x0000555555555237 in predict (v=-16) at lreg.cpp:50
#6  0x00005555555553fc in partialDerivate (pos=3) at lreg.cpp:74
#7  0x0000555555555503 in adjust (alpha=2.2222199999999999e-05) at lreg.cpp:87
#8  0x00005555555556ac in train (iterations=45000, alpha=2.2222199999999999e-05, N=4, stopsWhenStable=true) at lreg.cpp:120
#9  0x0000555555555a1c in execute (input=0x7fffffffe1f1 "/tmp/lreg/randInput") at lreg.cpp:157
#10 0x0000555555555c60 in main (argc=4, argv=0x7fffffffde48) at lreg.cpp:191

331	../sysdeps/ieee754/dbl-64/e_pow.c: No such file or directory.

Backtrace END
Fliping value of field: std::_Vector_base<double, std::allocator<double> >
Fliping value of field: _M_impl
Fliping value of field: _M_start
Fliping a bit of the value pointed by a pointer
Memory content before bitflip:0x000x000x000x000x000x000x310x40
Fault Model: Single bit-flip
base address to flip value: 0x555555772970
address max offset: 8
Memory content after  bitflip:0x000x000x000x000x000x000x310x60
frame name: partialDerivate
symbol name: y
symbol filename: lreg.cpp
symbol line: 33
value: std::vector of length 36, capacity 64 = {2.2793273480902415e+155, 3, -27, -23, -31, -1, -19, 27, 1130, 467, 408, 1130, 863, 5, 255, 107, 30, 68, 302, 8, -30465, 25185, -104506, 5, -44970, 4350, -13850, -11499, -22775, 54735, 75666, -86454, 54735, 38070, 18455, 755}
value address: 0x55555575b160 <y>
Type: The type is a structure.
Type sizeof: 24
Field name: std::_Vector_base<double, std::allocator<double> >
Field Type: The type is a structure.
Field Type sizeof: 24

[INFO -- 2018-11-04 19:16:03]
Fault Injection Successful after 3.4061551094055176s
[INFO -- 2018-11-04 19:16:09]
event type: exit
[INFO -- 2018-11-04 19:16:09]
exit code: 0
