[INFO -- 2018-10-13 12:00:16]
Starting flip_value script
version: 1.1
[INFO -- 2018-10-13 12:00:16]
Initialization strings:
[INFO -- 2018-10-13 12:00:16]
(1) file /tmp/lreg/lreg
[INFO -- 2018-10-13 12:00:16]
(2) set args /tmp/lreg/randInput /tmp/lreg/output
[INFO -- 2018-10-13 12:00:16]
initSignal:0
[INFO -- 2018-10-13 12:00:16]
endSignal:10
[INFO -- 2018-10-13 12:00:16]
faultModel:2
[INFO -- 2018-10-13 12:00:20]
Backtrace BEGIN:
#0  0x00007ffff76bcb0f in __pow (x=-30, y=2) at w_pow_compat.c:30
#1  0x00005555555560ba in std::pow<double, unsigned int> (__x=-30, __y=2) at /usr/include/c++/7/cmath:418
#2  0x0000555555555590 in partialDerivate (pos=2) at lreg.cpp:107
#3  0x0000555555555670 in adjust () at lreg.cpp:123
#4  0x0000555555555881 in train (iterations=90000, N=4, stopsWhenStable=true) at lreg.cpp:159
#5  0x0000555555555dba in main (argc=3, argv=0x7fffffffde68) at lreg.cpp:225

25	w_pow_compat.c: No such file or directory.

Backtrace END
Memory content before bitflip:0x460x5a0xb70xf40x390x4d0xf70x3e
Fault Model: Random bit-flip
base address to flip value: 0x7fffffffd950
address max offset: 8
Memory content after  bitflip:0xc10x9c0x870x630x2a0x4c0xd90x11
frame name: main
symbol name: alpha
symbol filename: lreg.cpp
symbol line: 202
value: 1.0935060651068506e-222
value address: 0x7fffffffd950
Type: A floating point type.
Type sizeof: 8

[INFO -- 2018-10-13 12:00:20]
Fault Injection Successful after 4.210575103759766s
[INFO -- 2018-10-13 12:00:26]
event type: exit
[INFO -- 2018-10-13 12:00:26]
exit code: 0
