[INFO -- 2018-11-23 16:54:18]
Starting flip_value script
version: 1.1
[INFO -- 2018-11-23 16:54:18]
Initialization strings:
[INFO -- 2018-11-23 16:54:18]
(1) file /tmp/lreg/lreg
[INFO -- 2018-11-23 16:54:18]
(2) set args /tmp/lreg/randInput /tmp/lreg/output
[INFO -- 2018-11-23 16:54:18]
initSignal:0
[INFO -- 2018-11-23 16:54:18]
endSignal:3
[INFO -- 2018-11-23 16:54:18]
faultModel:2
[INFO -- 2018-11-23 16:54:20]
Backtrace BEGIN:
#0  __memmove_ssse3 () at ../sysdeps/x86_64/multiarch/memcpy-ssse3.S:1809
#1  0x0000555555557854 in std::__copy_move<false, true, std::random_access_iterator_tag>::__copy_m<double> (__first=0x555555771360, __last=0x555555771378, __result=0x555555771490) at /usr/include/c++/7/bits/stl_algobase.h:368
#2  0x00005555555575e8 in std::__copy_move_a<false, double const*, double*> (__first=0x555555771360, __last=0x555555771378, __result=0x555555771490) at /usr/include/c++/7/bits/stl_algobase.h:386
#3  0x0000555555557956 in std::__copy_move_a2<false, __gnu_cxx::__normal_iterator<double const*, std::vector<double, std::allocator<double> > >, double*> (__first=1.5473893088098665, __last=2.4209216646221081e-322, __result=0x555555771490) at /usr/include/c++/7/bits/stl_algobase.h:424
#4  0x00005555555577ad in std::copy<__gnu_cxx::__normal_iterator<double const*, std::vector<double, std::allocator<double> > >, double*> (__first=1.5473893088098665, __last=2.4209216646221081e-322, __result=0x555555771490) at /usr/include/c++/7/bits/stl_algobase.h:456
#5  0x0000555555557530 in std::__uninitialized_copy<true>::__uninit_copy<__gnu_cxx::__normal_iterator<double const*, std::vector<double, std::allocator<double> > >, double*> (__first=1.5473893088098665, __last=2.4209216646221081e-322, __result=0x555555771490) at /usr/include/c++/7/bits/stl_uninitialized.h:101
#6  0x0000555555556fea in std::uninitialized_copy<__gnu_cxx::__normal_iterator<double const*, std::vector<double, std::allocator<double> > >, double*> (__first=1.5473893088098665, __last=2.4209216646221081e-322, __result=0x555555771490) at /usr/include/c++/7/bits/stl_uninitialized.h:134
#7  0x0000555555556723 in std::__uninitialized_copy_a<__gnu_cxx::__normal_iterator<double const*, std::vector<double, std::allocator<double> > >, double*, double> (__first=1.5473893088098665, __last=2.4209216646221081e-322, __result=0x555555771490) at /usr/include/c++/7/bits/stl_uninitialized.h:289
#8  0x0000555555555f83 in std::vector<double, std::allocator<double> >::vector (this=0x7fffffffd880, __x=std::vector of length 3, capacity 3 = {...}) at /usr/include/c++/7/bits/stl_vector.h:331
#9  0x00005555555556db in train (iterations=20000, alpha=5.0000000000000002e-05, N=3, stopsWhenStable=true) at lreg.cpp:126
#10 0x0000555555555ab7 in main (argc=3, argv=0x7fffffffde58) at lreg.cpp:174

1804	../sysdeps/x86_64/multiarch/memcpy-ssse3.S: No such file or directory.

Backtrace END
Fliping a bit of the pointer
Memory content before bitflip:0x900x140x770x550x550x550x000x00
Fault Model: Random bit-flip
base address to flip value: 0x7fffffffd698
address max offset: 8
Memory content after  bitflip:0x850x120xcc0x5c0x4f0x270x9c0xd0
frame name: std::__copy_move_a2<false, __gnu_cxx::__normal_iterator<double const*, std::vector<double, std::allocator<double> > >, double*>
symbol name: __result
symbol filename: /usr/include/c++/7/bits/stl_algobase.h
symbol line: 420
value: 0x555555771490
value address: 0x7fffffffd698
Type: The type is a pointer.
Type sizeof: 8

[INFO -- 2018-11-23 16:54:20]
Fault Injection Successful after 2.813106060028076s
[INFO -- 2018-11-23 16:54:23]
event type: exit
[INFO -- 2018-11-23 16:54:23]
exit code: 0
