[INFO -- 2018-11-27 20:31:24]
Starting flip_value script
version: 1.1
[INFO -- 2018-11-27 20:31:24]
Initialization strings:
[INFO -- 2018-11-27 20:31:24]
(1) file /tmp/lreg/lreg
[INFO -- 2018-11-27 20:31:24]
(2) set args /tmp/lreg/randInput /tmp/lreg/output
[INFO -- 2018-11-27 20:31:24]
initSignal:0
[INFO -- 2018-11-27 20:31:24]
endSignal:3
[INFO -- 2018-11-27 20:31:24]
faultModel:2
[INFO -- 2018-11-27 20:31:26]
Backtrace BEGIN:
#0  0x00007ffff76da514 in __ieee754_pow_sse2 (x=-12, y=1) at ../sysdeps/ieee754/dbl-64/e_pow.c:65
#1  0x00007ffff76bcb14 in __pow (x=-12, y=1) at w_pow_compat.c:30
#2  0x0000555555556826 in std::pow<double, unsigned int> (__x=-12, __y=1) at /usr/include/c++/7/cmath:418
#3  0x0000555555555814 in predict (v=-12) at lreg.cpp:116
#4  0x0000555555555a53 in partialDerivate (pos1=1, pos2=1) at lreg.cpp:142
#5  0x0000555555555bbe in adjust (alpha1=0.00020000000000000001, alpha2=0.00020000000000000001) at lreg.cpp:156
#6  0x0000555555555ee0 in train (iter1=10000, iter2=10000, N=2, alpha1=0.00020000000000000001, alpha2=0.00020000000000000001, stopsWhenStable=true) at lreg.cpp:193
#7  0x0000555555556467 in main (argc=3, argv=0x7fffffffde58) at lreg.cpp:253

60	../sysdeps/ieee754/dbl-64/e_pow.c: No such file or directory.

Backtrace END
Memory content before bitflip:0x000x000x000x00
Fault Model: Random bit-flip
base address to flip value: 0x55555575b1b8 
address max offset: 4
Memory content after  bitflip:0xa80xc90x8a0x6d
frame name: predict
symbol name: detected
symbol filename: lreg.cpp
symbol line: 58
value: 1837812136
value address: 0x55555575b1b8 <detected>
Type: The type is an integer type.
Type sizeof: 4

[INFO -- 2018-11-27 20:31:26]
Fault Injection Successful after 2.194638252258301s
[INFO -- 2018-11-27 20:31:29]
event type: exit
[INFO -- 2018-11-27 20:31:29]
exit code: 0
