[INFO -- 2018-10-03 17:18:18]
Starting flip_value script
version: 1.1
[INFO -- 2018-10-03 17:18:18]
Initialization strings:
[INFO -- 2018-10-03 17:18:18]
(1) file /tmp/lreg/lreg
[INFO -- 2018-10-03 17:18:18]
(2) set args /tmp/lreg/randInput /tmp/lreg/output
[INFO -- 2018-10-03 17:18:18]
initSignal:0
[INFO -- 2018-10-03 17:18:18]
endSignal:10
[INFO -- 2018-10-03 17:18:18]
faultModel:2
[INFO -- 2018-10-03 17:18:22]
Backtrace BEGIN:
#0  0x00007ffff76b7b4d in __pow (x=2, y=3) at w_pow_compat.c:62
#1  0x0000555555555d47 in std::pow<double, int> (__x=2, __y=3) at /usr/include/c++/7/cmath:418
#2  0x00005555555551e7 in predict (v=2) at lreg.cpp:50
#3  0x00005555555553ac in partialDerivate (pos=0) at lreg.cpp:74
#4  0x00005555555554b3 in adjust (alpha=2.2222199999999999e-05) at lreg.cpp:87
#5  0x000055555555565c in train (iterations=90000, alpha=2.2222199999999999e-05, N=4, stopsWhenStable=true) at lreg.cpp:120
#6  0x0000555555555ab7 in main (argc=3, argv=0x7fffffffde58) at lreg.cpp:174

57	w_pow_compat.c: No such file or directory.

Backtrace END
Memory content before bitflip:0x670x3d0x610x8d0x140x5b0x830xc0
Fault Model: Random bit-flip
base address to flip value: 0x7fffffffd738
address max offset: 8
Memory content after  bitflip:0xaf0xfe0xbe0x3b0x650x410x390x80
frame name: predict
symbol name: val
symbol filename: lreg.cpp
symbol line: 48
value: -1.4048810922768033e-307
value address: 0x7fffffffd738
Type: A floating point type.
Type sizeof: 8

[INFO -- 2018-10-03 17:18:22]
Fault Injection Successful after 4.952188014984131s
[INFO -- 2018-10-03 17:18:25]
event type: exit
[INFO -- 2018-10-03 17:18:25]
exit code: 0
