[INFO -- 2018-11-23 18:29:59]
Starting flip_value script
version: 1.1
[INFO -- 2018-11-23 18:29:59]
Initialization strings:
[INFO -- 2018-11-23 18:29:59]
(1) file /tmp/lreg/lreg
[INFO -- 2018-11-23 18:29:59]
(2) set args /tmp/lreg/randInput /tmp/lreg/output
[INFO -- 2018-11-23 18:29:59]
initSignal:0
[INFO -- 2018-11-23 18:29:59]
endSignal:3
[INFO -- 2018-11-23 18:29:59]
faultModel:1
[INFO -- 2018-11-23 18:30:00]
Backtrace BEGIN:
#0  std::vector<double, std::allocator<double> >::operator[] (this=0x55555575a160 <y>, __n=2) at /usr/include/c++/7/bits/stl_vector.h:795
#1  0x00005555555552a9 in meanSquaredError () at lreg.cpp:61
#2  0x0000555555555661 in train (iterations=10000, alpha=0.00020000000000000001, N=2, stopsWhenStable=true) at lreg.cpp:121
#3  0x0000555555555ab7 in main (argc=3, argv=0x7fffffffde58) at lreg.cpp:174

790	       *  Note that data access with this operator is unchecked and
791	       *  out_of_range lookups are not defined. (For checked lookups
792	       *  see at().)
793	       */
794	      reference
795	      operator[](size_type __n) _GLIBCXX_NOEXCEPT
796	      {
797		__glibcxx_requires_subscript(__n);
798		return *(this->_M_impl._M_start + __n);
799	      }

Backtrace END
Memory content before bitflip:0x020x000x000x00
Fault Model: Double bit-flip
base address to flip value: 0x7fffffffd818
address max offset: 4
Memory content after  bitflip:0x920x000x000x00
frame name: train
symbol name: N
symbol filename: lreg.cpp
symbol line: 105
value: 146
value address: 0x7fffffffd818
Type: The type is an integer type.
Type sizeof: 4

[INFO -- 2018-11-23 18:30:00]
Fault Injection Successful after 1.1434290409088135s
[INFO -- 2018-11-23 18:30:01]
event type: exit
[INFO -- 2018-11-23 18:30:01]
exit code: 0
