[INFO -- 2018-11-26 16:26:51]
Starting flip_value script
version: 1.1
[INFO -- 2018-11-26 16:26:51]
Initialization strings:
[INFO -- 2018-11-26 16:26:51]
(1) file /tmp/lreg/lreg
[INFO -- 2018-11-26 16:26:51]
(2) set args /tmp/lreg/randInput /tmp/lreg/output
[INFO -- 2018-11-26 16:26:51]
initSignal:0
[INFO -- 2018-11-26 16:26:51]
endSignal:3
[INFO -- 2018-11-26 16:26:51]
faultModel:2
[INFO -- 2018-11-26 16:26:52]
Backtrace BEGIN:
#0  0x000055555555525e in verifyDoubleDup (a=0.29870142514521031, b=0.29870142514521031) at lreg.cpp:71
#1  0x00005555555557ea in predict (v=12) at lreg.cpp:116
#2  0x0000555555555a53 in partialDerivate (pos1=1, pos2=1) at lreg.cpp:142
#3  0x0000555555555bbe in adjust (alpha1=0.00020000000000000001, alpha2=0.00020000000000000001) at lreg.cpp:156
#4  0x0000555555555ee0 in train (iter1=10000, iter2=10000, N=2, alpha1=0.00020000000000000001, alpha2=0.00020000000000000001, stopsWhenStable=true) at lreg.cpp:193
#5  0x0000555555556467 in main (argc=3, argv=0x7fffffffde58) at lreg.cpp:253

66	        detected = 1;	
67		}
68		return a;
69	}
70	double verifyDoubleDup(double a, double b){
71		if (a != b && detected != 1){
72			//gerar entrada no log
73			ofstream fp ("/tmp/lreg/detected.log", std::ofstream::app);
74			fp << "verifyDouble: a = "<<a<<"; b = "<<b<<endl;
75	        detected = 1;	

Backtrace END
Memory content before bitflip:0x920x020x000x00
Fault Model: Random bit-flip
base address to flip value: 0x7fffffffd7ec
address max offset: 4
Memory content after  bitflip:0xd10xfa0x900xba
frame name: train
symbol name: i2
symbol filename: lreg.cpp
symbol line: 191
value: 3130063569
value address: 0x7fffffffd7ec
Type: The type is an integer type.
Type sizeof: 4

[INFO -- 2018-11-26 16:26:52]
Fault Injection Successful after 1.037496566772461s
[INFO -- 2018-11-26 16:26:54]
event type: exit
[INFO -- 2018-11-26 16:26:54]
exit code: 0
