[INFO -- 2018-11-05 21:04:21]
Starting flip_value script
version: 1.1
[INFO -- 2018-11-05 21:04:21]
Initialization strings:
[INFO -- 2018-11-05 21:04:21]
(1) file /tmp/lreg/lreg
[INFO -- 2018-11-05 21:04:21]
(2) set args /tmp/lreg/randInput /tmp/lreg/output /tmp/lreg/detected.log
[INFO -- 2018-11-05 21:04:21]
initSignal:0
[INFO -- 2018-11-05 21:04:21]
endSignal:10
[INFO -- 2018-11-05 21:04:21]
faultModel:0
[INFO -- 2018-11-05 21:04:24]
Backtrace BEGIN:
#0  0x00007ffff76da5d6 in __ieee754_pow_sse2 (x=-31, y=0) at ../sysdeps/ieee754/dbl-64/e_pow.c:83
#1  0x00007ffff76bcb14 in __pow (x=-31, y=0) at w_pow_compat.c:30
#2  0x0000555555556131 in std::pow<double, int> (__x=-31, __y=0) at /usr/include/c++/7/cmath:418
#3  0x0000555555555237 in predict (v=-31) at lreg.cpp:50
#4  0x00005555555553fc in partialDerivate (pos=2) at lreg.cpp:74
#5  0x0000555555555503 in adjust (alpha=2.2222199999999999e-05) at lreg.cpp:87
#6  0x00005555555556ac in train (iterations=45000, alpha=2.2222199999999999e-05, N=4, stopsWhenStable=true) at lreg.cpp:120
#7  0x0000555555555a1c in execute (input=0x7fffffffe1f3 "/tmp/lreg/randInput") at lreg.cpp:157
#8  0x0000555555555c60 in main (argc=4, argv=0x7fffffffde48) at lreg.cpp:191

78	../sysdeps/ieee754/dbl-64/e_pow.c: No such file or directory.

Backtrace END
Fliping value of field: std::_Vector_base<double, std::allocator<double> >
Fliping value of field: _M_impl
Fliping value of field: _M_end_of_storage
Fliping a bit of the pointer
Memory content before bitflip:0x600x290x770x550x550x550x000x00
Fault Model: Single bit-flip
base address to flip value: 0x55555575b150 
address max offset: 8
Memory content after  bitflip:0x600x290x770x550x550x450x000x00
frame name: train
symbol name: x
symbol filename: lreg.cpp
symbol line: 32
value: std::vector of length 36, capacity -2199023255488 = {13, 13, -14, 5, 12, -10, -15, 12, 9, -18, -8, -13, 0, 24, 14, -9, 6, -22, -7, -4, 1, -12, -9, -20, -9, -7, -23, 5, -23, 3, -31, -18, -16, -19, 0, -5}
value address: 0x55555575b140 <x>
Type: The type is a structure.
Type sizeof: 24
Field name: std::_Vector_base<double, std::allocator<double> >
Field Type: The type is a structure.
Field Type sizeof: 24

[INFO -- 2018-11-05 21:04:24]
Fault Injection Successful after 3.8663697242736816s
[INFO -- 2018-11-05 21:04:29]
event type: exit
[INFO -- 2018-11-05 21:04:29]
exit code: 0
