[INFO -- 2018-11-01 22:24:59]
Starting flip_value script
version: 1.1
[INFO -- 2018-11-01 22:24:59]
Initialization strings:
[INFO -- 2018-11-01 22:24:59]
(1) file /tmp/lreg/lreg
[INFO -- 2018-11-01 22:24:59]
(2) set args /tmp/lreg/randInput /tmp/lreg/output /tmp/lreg/detected.log
[INFO -- 2018-11-01 22:24:59]
initSignal:0
[INFO -- 2018-11-01 22:24:59]
endSignal:20
[INFO -- 2018-11-01 22:24:59]
faultModel:1
[INFO -- 2018-11-01 22:25:07]
Backtrace BEGIN:
#0  0x00007ffff76d5819 in __exp1 (x=2.0794415416798357, xx=1.8059370596418856e-16, error=5.699999999999999e-05) at ../sysdeps/ieee754/dbl-64/e_exp.c:243
#1  0x00007ffff76da8dc in __ieee754_pow_sse2 (x=2, y=3) at ../sysdeps/ieee754/dbl-64/e_pow.c:115
#2  0x00007ffff76db6be in __ieee754_pow_sse2 (x=<optimized out>, y=<optimized out>) at ../sysdeps/ieee754/dbl-64/e_pow.c:184
#3  0x00007ffff76bcb14 in __pow (x=-2, y=3) at w_pow_compat.c:30
#4  0x0000555555556131 in std::pow<double, int> (__x=-2, __y=3) at /usr/include/c++/7/cmath:418
#5  0x0000555555555451 in partialDerivate (pos=3) at lreg.cpp:74
#6  0x0000555555555503 in adjust (alpha=2.2222199999999999e-05) at lreg.cpp:87
#7  0x00005555555556ac in train (iterations=60000, alpha=2.2222199999999999e-05, N=4, stopsWhenStable=true) at lreg.cpp:120
#8  0x0000555555555a1c in execute (input=0x7fffffffe1f3 "/tmp/lreg/randInput") at lreg.cpp:157
#9  0x0000555555555c98 in main (argc=4, argv=0x7fffffffde48) at lreg.cpp:194

238	../sysdeps/ieee754/dbl-64/e_exp.c: No such file or directory.

Backtrace END
Fliping value of field name: x
Memory content before bitflip:0x000x000x000x000x000x000x380x43
Fault Model: Double bit-flip
base address to flip value: 0x7ffff77917e0 
address max offset: 8
Memory content after  bitflip:0x000x000x000x000x120x000x380x43
frame name: __exp1
symbol name: three51
symbol filename: ../sysdeps/ieee754/dbl-64/uexp.h
symbol line: 65
value: {i = {0, 1127743506}, x = 6755476750467072}
value address: 0x7ffff77917e0 <three51>
Type: The type is a union.
Type sizeof: 8
Field name: i
Field Type: The type is an array.
Field Type sizeof: 8
Field name: x
Field Type: A floating point type.
Field Type sizeof: 8

[INFO -- 2018-11-01 22:25:07]
Fault Injection Successful after 8.408209323883057s
[INFO -- 2018-11-01 22:25:16]
event type: exit
[INFO -- 2018-11-01 22:25:16]
exit code: 0
