[INFO -- 2018-11-16 10:28:05]
Starting flip_value script
version: 1.1
[INFO -- 2018-11-16 10:28:05]
Initialization strings:
[INFO -- 2018-11-16 10:28:05]
(1) file /tmp/lreg/lreg
[INFO -- 2018-11-16 10:28:05]
(2) set args /tmp/lreg/randInput /tmp/lreg/output
[INFO -- 2018-11-16 10:28:05]
initSignal:0
[INFO -- 2018-11-16 10:28:05]
endSignal:5
[INFO -- 2018-11-16 10:28:05]
faultModel:1
[INFO -- 2018-11-16 10:28:08]
Backtrace BEGIN:
#0  0x0000555555555106 in verifyUintDup (a=2, b=2) at lreg.cpp:61
#1  0x000055555555576f in predict (v=-29) at lreg.cpp:115
#2  0x0000555555555a53 in partialDerivate (pos1=3, pos2=3) at lreg.cpp:142
#3  0x0000555555555bbe in adjust (alpha1=2.2222199999999999e-05, alpha2=2.2222199999999999e-05) at lreg.cpp:156
#4  0x0000555555555ee0 in train (iter1=45000, iter2=45000, N=4, alpha1=2.2222199999999999e-05, alpha2=2.2222199999999999e-05, stopsWhenStable=true) at lreg.cpp:193
#5  0x0000555555556467 in main (argc=3, argv=0x7fffffffde58) at lreg.cpp:253

56	*/
57	
58	int detected = 0;
59	
60	
61	UINT verifyUintDup(UINT a, UINT b){
62		if (a != b && detected != 1){
63			//gerar entrada no log
64			ofstream fp ("/tmp/lreg/detected.log", std::ofstream::app);
65			fp << "verifyUint: a = "<<a<<"; b = "<<b<<endl;

Backtrace END
Memory content before bitflip:0x270x320xfb0x7d0x120xb00x690xbf
Fault Model: Double bit-flip
base address to flip value: 0x7fffffffd788
address max offset: 8
Memory content after  bitflip:0x270x320xfb0x7d0x120xf40x690xbf
frame name: adjust
symbol name: diff
symbol filename: lreg.cpp
symbol line: 158
value: -0.0031681405233483675
value address: 0x7fffffffd788
Type: A floating point type.
Type sizeof: 8

[INFO -- 2018-11-16 10:28:08]
Fault Injection Successful after 3.827401638031006s
[INFO -- 2018-11-16 10:28:10]
event type: exit
[INFO -- 2018-11-16 10:28:10]
exit code: 0
