[INFO -- 2018-11-26 17:09:08]
Starting flip_value script
version: 1.1
[INFO -- 2018-11-26 17:09:08]
Initialization strings:
[INFO -- 2018-11-26 17:09:08]
(1) file /tmp/lreg/lreg
[INFO -- 2018-11-26 17:09:08]
(2) set args /tmp/lreg/randInput /tmp/lreg/output
[INFO -- 2018-11-26 17:09:08]
initSignal:0
[INFO -- 2018-11-26 17:09:08]
endSignal:3
[INFO -- 2018-11-26 17:09:08]
faultModel:1
[INFO -- 2018-11-26 17:09:09]
Backtrace BEGIN:
#0  0x0000555555555254 in verifyDoubleDup (a=-1.0377256806476576, b=-1.0377256806476576) at lreg.cpp:71
#1  0x00005555555557ea in predict (v=-10) at lreg.cpp:116
#2  0x0000555555555a53 in partialDerivate (pos1=0, pos2=0) at lreg.cpp:142
#3  0x0000555555555bbe in adjust (alpha1=0.00020000000000000001, alpha2=0.00020000000000000001) at lreg.cpp:156
#4  0x0000555555555ee0 in train (iter1=10000, iter2=10000, N=2, alpha1=0.00020000000000000001, alpha2=0.00020000000000000001, stopsWhenStable=true) at lreg.cpp:193
#5  0x0000555555556467 in main (argc=3, argv=0x7fffffffde58) at lreg.cpp:253

66	        detected = 1;	
67		}
68		return a;
69	}
70	double verifyDoubleDup(double a, double b){
71		if (a != b && detected != 1){
72			//gerar entrada no log
73			ofstream fp ("/tmp/lreg/detected.log", std::ofstream::app);
74			fp << "verifyDouble: a = "<<a<<"; b = "<<b<<endl;
75	        detected = 1;	

Backtrace END
Fliping value of field: std::_Vector_base<double, std::allocator<double> >
Fliping value of field: _M_impl
Fliping value of field: _M_finish
Fliping a bit of the value pointed by a pointer
Memory content before bitflip:0x000x000x000x000x000x000x000x00
Fault Model: Double bit-flip
base address to flip value: 0x555555772448
address max offset: 8
Memory content after  bitflip:0x000x000x000x000x000x000x000x09
frame name: predict
symbol name: x
symbol filename: lreg.cpp
symbol line: 34
value: std::vector of length 9, capacity 16 = {12, -6, -10, -3, 7, -12, 6, -10, -16}
value address: 0x55555575b140 <x>
Type: The type is a structure.
Type sizeof: 24
Field name: std::_Vector_base<double, std::allocator<double> >
Field Type: The type is a structure.
Field Type sizeof: 24

[INFO -- 2018-11-26 17:09:09]
Fault Injection Successful after 1.2416315078735352s
[INFO -- 2018-11-26 17:09:11]
event type: exit
[INFO -- 2018-11-26 17:09:11]
exit code: 0
