[INFO -- 2018-11-24 17:34:32]
Starting flip_value script
version: 1.1
[INFO -- 2018-11-24 17:34:32]
Initialization strings:
[INFO -- 2018-11-24 17:34:32]
(1) file /tmp/lreg/lreg
[INFO -- 2018-11-24 17:34:32]
(2) set args /tmp/lreg/randInput /tmp/lreg/output /tmp/lreg/detected.log
[INFO -- 2018-11-24 17:34:32]
initSignal:0
[INFO -- 2018-11-24 17:34:32]
endSignal:6
[INFO -- 2018-11-24 17:34:32]
faultModel:1
[INFO -- 2018-11-24 17:34:34]
Backtrace BEGIN:
#0  __ieee754_pow_sse2 (x=15, y=3) at ../sysdeps/ieee754/dbl-64/e_pow.c:90
#1  0x00007ffff76db6be in __ieee754_pow_sse2 (x=<optimized out>, y=<optimized out>) at ../sysdeps/ieee754/dbl-64/e_pow.c:184
#2  0x00007ffff76bcb14 in __pow (x=-15, y=3) at w_pow_compat.c:30
#3  0x0000555555556149 in std::pow<double, int> (__x=-15, __y=3) at /usr/include/c++/7/cmath:418
#4  0x0000555555555237 in predict (v=-15) at lreg.cpp:50
#5  0x00005555555553fc in partialDerivate (pos=1) at lreg.cpp:74
#6  0x0000555555555503 in adjust (alpha=2.2222199999999999e-05) at lreg.cpp:87
#7  0x00005555555556ac in train (iterations=30000, alpha=2.2222199999999999e-05, N=4, stopsWhenStable=true) at lreg.cpp:120
#8  0x0000555555555a1c in execute (input=0x7fffffffe1f2 "/tmp/lreg/randInput") at lreg.cpp:157
#9  0x0000555555555cb0 in main (argc=4, argv=0x7fffffffde48) at lreg.cpp:196

85	../sysdeps/ieee754/dbl-64/e_pow.c: No such file or directory.

Backtrace END
Fliping value of field name: x
Memory content before bitflip:0x000x000x000x000x000x000x300x43
Fault Model: Double bit-flip
base address to flip value: 0x7ffff779f5a8 
address max offset: 8
Memory content after  bitflip:0x000x000x000x180x000x000x300x43
frame name: __ieee754_pow_sse2
symbol name: t52
symbol filename: ../sysdeps/ieee754/dbl-64/upow.h
symbol line: 54
value: {i = {402653184, 1127219200}, x = 4503600030023680}
value address: 0x7ffff779f5a8 <t52>
Type: The type is a union.
Type sizeof: 8
Field name: i
Field Type: The type is an array.
Field Type sizeof: 8
Field name: x
Field Type: A floating point type.
Field Type sizeof: 8

[INFO -- 2018-11-24 17:34:34]
Fault Injection Successful after 2.7196922302246094s
[INFO -- 2018-11-24 17:34:35]
event type: exit
[INFO -- 2018-11-24 17:34:35]
exit code: 0
