[INFO -- 2018-09-15 01:03:19]
Starting flip_value script
version: 1.1
[INFO -- 2018-09-15 01:03:19]
Initialization strings:
[INFO -- 2018-09-15 01:03:19]
(1) file /tmp/lreg/lreg
[INFO -- 2018-09-15 01:03:19]
(2) set args /tmp/lreg/randInput /tmp/lreg/output
[INFO -- 2018-09-15 01:03:19]
initSignal:0
[INFO -- 2018-09-15 01:03:19]
endSignal:2
[INFO -- 2018-09-15 01:03:19]
faultModel:1
[EXCEPTION -- 2018-09-15 01:03:21]
pythonException: Unable to exit loop in struct fields; Exiting wihtout making a bit flip
[INFO -- 2018-09-15 01:03:21]
Backtrace BEGIN:
#0  __ieee754_pow_sse2 (x=28, y=0) at ../sysdeps/ieee754/dbl-64/e_pow.c:85
#1  0x00007ffff76b7b14 in __pow (x=28, y=0) at w_pow_compat.c:30
#2  0x0000555555555f39 in std::pow<double, int> (__x=28, __y=0) at /usr/include/c++/7/cmath:418
#3  0x0000555555555237 in predict (v=28) at lreg.cpp:50
#4  0x00005555555553fc in partialDerivate (pos=1) at lreg.cpp:74
#5  0x0000555555555503 in adjust (alpha=2.2222199999999999e-05) at lreg.cpp:87
#6  0x00005555555556ac in train (iterations=90000, alpha=2.2222199999999999e-05, N=4, stopsWhenStable=true) at lreg.cpp:120
#7  0x0000555555555c26 in main (argc=3, argv=0x7fffffffde68) at lreg.cpp:182

80	in ../sysdeps/ieee754/dbl-64/e_pow.c

Backtrace END
Memory content before bitflip:0x000x000x000x000x000x000x3c0x40
Fault Model: Double bit-flip
base address to flip value: 0x7fffffffd738
address max offset: 8
Memory content after  bitflip:0x210x000x000x000x000x000x3c0x40
frame name: predict
symbol name: v
symbol filename: lreg.cpp
symbol line: 47
value: 28.000000000000117
value address: 0x7fffffffd738
Type: A floating point type.
Type sizeof: 8

[INFO -- 2018-09-15 01:03:21]
Fault Injection Successful after 2.118689775466919s
[INFO -- 2018-09-15 01:03:26]
event type: exit
[INFO -- 2018-09-15 01:03:26]
exit code: 0
