[INFO -- 2018-11-15 13:51:51]
Starting flip_value script
version: 1.1
[INFO -- 2018-11-15 13:51:51]
Initialization strings:
[INFO -- 2018-11-15 13:51:51]
(1) file /tmp/lreg/lreg
[INFO -- 2018-11-15 13:51:51]
(2) set args /tmp/lreg/randInput /tmp/lreg/output
[INFO -- 2018-11-15 13:51:51]
initSignal:0
[INFO -- 2018-11-15 13:51:51]
endSignal:5
[INFO -- 2018-11-15 13:51:51]
faultModel:0
[INFO -- 2018-11-15 13:51:52]
Backtrace BEGIN:
#0  __ieee754_pow_sse2 (x=<optimized out>, y=<optimized out>) at ../sysdeps/ieee754/dbl-64/e_pow.c:215
#1  0x00007ffff76bcb14 in __pow (x=-14, y=0) at w_pow_compat.c:30
#2  0x0000555555556826 in std::pow<double, unsigned int> (__x=-14, __y=0) at /usr/include/c++/7/cmath:418
#3  0x0000555555555814 in predict (v=-14) at lreg.cpp:116
#4  0x0000555555555a53 in partialDerivate (pos1=1, pos2=1) at lreg.cpp:142
#5  0x0000555555555bbe in adjust (alpha1=0.00020000000000000001, alpha2=0.00020000000000000001) at lreg.cpp:156
#6  0x0000555555555ee0 in train (iter1=15000, iter2=15000, N=2, alpha1=0.00020000000000000001, alpha2=0.00020000000000000001, stopsWhenStable=true) at lreg.cpp:193
#7  0x0000555555556467 in main (argc=3, argv=0x7fffffffde58) at lreg.cpp:253

210	../sysdeps/ieee754/dbl-64/e_pow.c: No such file or directory.

Backtrace END
Memory content before bitflip:0x000x000x000x00
Fault Model: Single bit-flip
base address to flip value: 0x7fffffffd6d4
address max offset: 4
Memory content after  bitflip:0x000x000x000x40
frame name: predict
symbol name: i2
symbol filename: lreg.cpp
symbol line: 115
value: 1073741824
value address: 0x7fffffffd6d4
Type: The type is an integer type.
Type sizeof: 4

[INFO -- 2018-11-15 13:51:52]
Fault Injection Successful after 1.595003604888916s
[INFO -- 2018-11-15 13:51:58]
event type: exit
[INFO -- 2018-11-15 13:51:58]
exit code: 0
