[INFO -- 2018-11-26 18:06:53]
Starting flip_value script
version: 1.1
[INFO -- 2018-11-26 18:06:53]
Initialization strings:
[INFO -- 2018-11-26 18:06:53]
(1) file /tmp/lreg/lreg
[INFO -- 2018-11-26 18:06:53]
(2) set args /tmp/lreg/randInput /tmp/lreg/output
[INFO -- 2018-11-26 18:06:53]
initSignal:0
[INFO -- 2018-11-26 18:06:53]
endSignal:3
[INFO -- 2018-11-26 18:06:53]
faultModel:2
[INFO -- 2018-11-26 18:06:55]
Backtrace BEGIN:
#0  0x0000555555557a61 in std::allocator<double>::allocator (this=0x7fffffffd777, __a=...) at /usr/include/c++/7/bits/allocator.h:134
#1  0x0000555555557a37 in std::allocator_traits<std::allocator<double> >::select_on_container_copy_construction (__rhs=...) at /usr/include/c++/7/bits/alloc_traits.h:505
#2  0x00005555555570ea in __gnu_cxx::__alloc_traits<std::allocator<double> >::_S_select_on_copy (__a=...) at /usr/include/c++/7/ext/alloc_traits.h:95
#3  0x00005555555569da in std::vector<double, std::allocator<double> >::vector (this=0x7fffffffd840, __x=std::vector of length 3, capacity 3 = {...}) at /usr/include/c++/7/bits/stl_vector.h:328
#4  0x0000555555555f5f in train (iter1=20000, iter2=20000, N=3, alpha1=5.0000000000000002e-05, alpha2=5.0000000000000002e-05, stopsWhenStable=true) at lreg.cpp:199
#5  0x0000555555556467 in main (argc=3, argv=0x7fffffffde58) at lreg.cpp:253

129	#endif
130	
131	      allocator() throw() { }
132	
133	      allocator(const allocator& __a) throw()
134	      : __allocator_base<_Tp>(__a) { }
135	
136	      template<typename _Tp1>
137		allocator(const allocator<_Tp1>&) throw() { }
138	

Backtrace END
Memory content before bitflip:0x000x000x000x00
Fault Model: Random bit-flip
base address to flip value: 0x55555575b1b8 
address max offset: 4
Memory content after  bitflip:0x180x4d0xeb0xed
frame name: std::vector<double, std::allocator<double> >::vector
symbol name: detected
symbol filename: lreg.cpp
symbol line: 58
value: -303346408
value address: 0x55555575b1b8 <detected>
Type: The type is an integer type.
Type sizeof: 4

[INFO -- 2018-11-26 18:06:55]
Fault Injection Successful after 2.2277839183807373s
[INFO -- 2018-11-26 18:06:58]
event type: exit
[INFO -- 2018-11-26 18:06:58]
exit code: 0
