[INFO -- 2018-11-16 11:37:06]
Starting flip_value script
version: 1.1
[INFO -- 2018-11-16 11:37:06]
Initialization strings:
[INFO -- 2018-11-16 11:37:06]
(1) file /tmp/lreg/lreg
[INFO -- 2018-11-16 11:37:06]
(2) set args /tmp/lreg/randInput /tmp/lreg/output
[INFO -- 2018-11-16 11:37:06]
initSignal:0
[INFO -- 2018-11-16 11:37:06]
endSignal:5
[INFO -- 2018-11-16 11:37:06]
faultModel:1
[INFO -- 2018-11-16 11:37:07]
Backtrace BEGIN:
#0  0x00005555555551e0 in verifyUintDup (a=1, b=1) at lreg.cpp:69
#1  0x00005555555557fe in predict (v=-8) at lreg.cpp:116
#2  0x0000555555555928 in meanSquaredError () at lreg.cpp:128
#3  0x0000555555555ee5 in train (iter1=15000, iter2=15000, N=2, alpha1=0.00020000000000000001, alpha2=0.00020000000000000001, stopsWhenStable=true) at lreg.cpp:194
#4  0x0000555555556467 in main (argc=3, argv=0x7fffffffde58) at lreg.cpp:253

64			ofstream fp ("/tmp/lreg/detected.log", std::ofstream::app);
65			fp << "verifyUint: a = "<<a<<"; b = "<<b<<endl;
66	        detected = 1;	
67		}
68		return a;
69	}
70	double verifyDoubleDup(double a, double b){
71		if (a != b && detected != 1){
72			//gerar entrada no log
73			ofstream fp ("/tmp/lreg/detected.log", std::ofstream::app);

Backtrace END
Memory content before bitflip:0x010x000x000x00
Fault Model: Double bit-flip
base address to flip value: 0x7fffffffd4ec
address max offset: 4
Memory content after  bitflip:0x010x0c0x000x00
frame name: verifyUintDup
symbol name: a
symbol filename: lreg.cpp
symbol line: 61
value: 3073
value address: 0x7fffffffd4ec
Type: The type is an integer type.
Type sizeof: 4

[INFO -- 2018-11-16 11:37:07]
Fault Injection Successful after 1.7758941650390625s
[INFO -- 2018-11-16 11:37:14]
event type: exit
[INFO -- 2018-11-16 11:37:14]
exit code: 0
