[INFO -- 2018-11-27 16:11:18]
Starting flip_value script
version: 1.1
[INFO -- 2018-11-27 16:11:18]
Initialization strings:
[INFO -- 2018-11-27 16:11:18]
(1) file /tmp/lreg/lreg
[INFO -- 2018-11-27 16:11:18]
(2) set args /tmp/lreg/randInput /tmp/lreg/output
[INFO -- 2018-11-27 16:11:18]
initSignal:0
[INFO -- 2018-11-27 16:11:18]
endSignal:3
[INFO -- 2018-11-27 16:11:18]
faultModel:1
[INFO -- 2018-11-27 16:11:19]
Backtrace BEGIN:
#0  verifyDoubleDup (a=2.121995791459338e-314, b=0.046314653254149164) at lreg.cpp:70
#1  0x00005555555557ea in predict (v=-15) at lreg.cpp:116
#2  0x0000555555555a53 in partialDerivate (pos1=2, pos2=2) at lreg.cpp:142
#3  0x0000555555555bbe in adjust (alpha1=2.2222199999999999e-05, alpha2=2.2222199999999999e-05) at lreg.cpp:156
#4  0x0000555555555ee0 in train (iter1=30000, iter2=30000, N=4, alpha1=2.2222199999999999e-05, alpha2=2.2222199999999999e-05, stopsWhenStable=true) at lreg.cpp:193
#5  0x0000555555556467 in main (argc=3, argv=0x7fffffffde58) at lreg.cpp:253

65			fp << "verifyUint: a = "<<a<<"; b = "<<b<<endl;
66	        detected = 1;	
67		}
68		return a;
69	}
70	double verifyDoubleDup(double a, double b){
71		if (a != b && detected != 1){
72			//gerar entrada no log
73			ofstream fp ("/tmp/lreg/detected.log", std::ofstream::app);
74			fp << "verifyDouble: a = "<<a<<"; b = "<<b<<endl;

Backtrace END
Fliping value of field: std::_Vector_base<double, std::allocator<double> >
Fliping value of field: _M_impl
Fliping value of field: _M_end_of_storage
Fliping a bit of the pointer
Memory content before bitflip:0x100x270x770x550x550x550x000x00
Fault Model: Double bit-flip
base address to flip value: 0x55555575b150 
address max offset: 8
Memory content after  bitflip:0x100x270x770x550x560x550x000x00
frame name: adjust
symbol name: x
symbol filename: lreg.cpp
symbol line: 34
value: std::vector of length 17, capacity 536870944 = {-15, -9, -1, 29, 5, -18, 31, -16, -18, -28, 25, -14, 7, -2, -17, 21, -20}
value address: 0x55555575b140 <x>
Type: The type is a structure.
Type sizeof: 24
Field name: std::_Vector_base<double, std::allocator<double> >
Field Type: The type is a structure.
Field Type sizeof: 24

[INFO -- 2018-11-27 16:11:19]
Fault Injection Successful after 1.5936033725738525s
[INFO -- 2018-11-27 16:11:20]
event type: exit
[INFO -- 2018-11-27 16:11:20]
exit code: 0
