[INFO -- 2018-11-05 18:24:22]
Starting flip_value script
version: 1.1
[INFO -- 2018-11-05 18:24:22]
Initialization strings:
[INFO -- 2018-11-05 18:24:22]
(1) file /tmp/lreg/lreg
[INFO -- 2018-11-05 18:24:22]
(2) set args /tmp/lreg/randInput /tmp/lreg/output /tmp/lreg/detected.log
[INFO -- 2018-11-05 18:24:22]
initSignal:0
[INFO -- 2018-11-05 18:24:22]
endSignal:10
[INFO -- 2018-11-05 18:24:22]
faultModel:0
[INFO -- 2018-11-05 18:24:24]
Backtrace BEGIN:
#0  partialDerivate (pos=0) at lreg.cpp:71
#1  0x0000555555555503 in adjust (alpha=5.0000000000000002e-05) at lreg.cpp:87
#2  0x00005555555556ac in train (iterations=30000, alpha=5.0000000000000002e-05, N=3, stopsWhenStable=true) at lreg.cpp:120
#3  0x0000555555555a1c in execute (input=0x7fffffffe1f3 "/tmp/lreg/randInput") at lreg.cpp:157
#4  0x0000555555555c60 in main (argc=4, argv=0x7fffffffde48) at lreg.cpp:191

66	}
67	/**
68		Calculates the partial derivate of the meanSquaredError function 
69		to the adjustment variable whose position in T is passed in pos
70	*/
71	double partialDerivate(int pos){
72		double pD = 0;
73		for(int i = 0; i<x.size(); i++){
74			pD += ((predict(x[i]) - y[i])*pow(x[i], pos));	
75		}

Backtrace END
Memory content before bitflip:0x060x000x000x00
Fault Model: Single bit-flip
base address to flip value: 0x7fffffffd674
address max offset: 4
Memory content after  bitflip:0x460x000x000x00
frame name: execute
symbol name: predictions
symbol filename: lreg.cpp
symbol line: 144
value: 70
value address: 0x7fffffffd674
Type: The type is an integer type.
Type sizeof: 4

[INFO -- 2018-11-05 18:24:24]
Fault Injection Successful after 2.836803436279297s
[INFO -- 2018-11-05 18:24:34]
event type: exit
[INFO -- 2018-11-05 18:24:34]
exit code: 0
