[INFO -- 2018-11-01 17:07:37]
Starting flip_value script
version: 1.1
[INFO -- 2018-11-01 17:07:37]
Initialization strings:
[INFO -- 2018-11-01 17:07:37]
(1) file /tmp/lreg/lreg
[INFO -- 2018-11-01 17:07:37]
(2) set args /tmp/lreg/randInput /tmp/lreg/output /tmp/lreg/detected.log
[INFO -- 2018-11-01 17:07:37]
initSignal:0
[INFO -- 2018-11-01 17:07:37]
endSignal:20
[INFO -- 2018-11-01 17:07:37]
faultModel:1
[INFO -- 2018-11-01 17:07:42]
Backtrace BEGIN:
#0  0x00007ffff76daa2b in __ieee754_pow_sse2 (x=<optimized out>, y=<optimized out>) at ../sysdeps/ieee754/dbl-64/e_pow.c:215
#1  0x00007ffff76bcb14 in __pow (x=30, y=3) at w_pow_compat.c:30
#2  0x0000555555556131 in std::pow<double, int> (__x=30, __y=3) at /usr/include/c++/7/cmath:418
#3  0x0000555555555451 in partialDerivate (pos=3) at lreg.cpp:74
#4  0x0000555555555503 in adjust (alpha=2.2222199999999999e-05) at lreg.cpp:87
#5  0x00005555555556ac in train (iterations=60000, alpha=2.2222199999999999e-05, N=4, stopsWhenStable=true) at lreg.cpp:120
#6  0x0000555555555a1c in execute (input=0x7fffffffe1f3 "/tmp/lreg/randInput") at lreg.cpp:157
#7  0x0000555555555c60 in main (argc=4, argv=0x7fffffffde48) at lreg.cpp:191

210	../sysdeps/ieee754/dbl-64/e_pow.c: No such file or directory.

Backtrace END
Memory content before bitflip:0x01
Fault Model: Double bit-flip
base address to flip value: 0x7fffffffd55c
address max offset: 1
Memory content after  bitflip:0x20
frame name: train
symbol name: stopsWhenStable
symbol filename: lreg.cpp
symbol line: 105
value: 32
value address: 0x7fffffffd55c
Type: A boolean type.
Type sizeof: 1

[INFO -- 2018-11-01 17:07:42]
Fault Injection Successful after 5.046412229537964s
[INFO -- 2018-11-01 17:07:53]
event type: exit
[INFO -- 2018-11-01 17:07:53]
exit code: 0
