[INFO -- 2018-11-26 18:00:19]
Starting flip_value script
version: 1.1
[INFO -- 2018-11-26 18:00:19]
Initialization strings:
[INFO -- 2018-11-26 18:00:19]
(1) file /tmp/lreg/lreg
[INFO -- 2018-11-26 18:00:19]
(2) set args /tmp/lreg/randInput /tmp/lreg/output
[INFO -- 2018-11-26 18:00:19]
initSignal:0
[INFO -- 2018-11-26 18:00:19]
endSignal:3
[INFO -- 2018-11-26 18:00:19]
faultModel:1
[EXCEPTION -- 2018-11-26 18:00:20]
gdbException: Attempt to dereference a generic pointer.
[EXCEPTION -- 2018-11-26 18:00:20]
pythonException: Unable to exit loop in struct fields; Exiting wihtout making a bit flip
[INFO -- 2018-11-26 18:00:20]
Backtrace BEGIN:
#0  0x0000555555555254 in verifyDoubleDup (a=1.3732008659608759, b=1.3732008659608759) at lreg.cpp:71
#1  0x00005555555557ea in predict (v=-3) at lreg.cpp:116
#2  0x0000555555555928 in meanSquaredError () at lreg.cpp:128
#3  0x0000555555555ee5 in train (iter1=10000, iter2=10000, N=2, alpha1=0.00020000000000000001, alpha2=0.00020000000000000001, stopsWhenStable=true) at lreg.cpp:194
#4  0x0000555555556467 in main (argc=3, argv=0x7fffffffde58) at lreg.cpp:253

66	        detected = 1;	
67		}
68		return a;
69	}
70	double verifyDoubleDup(double a, double b){
71		if (a != b && detected != 1){
72			//gerar entrada no log
73			ofstream fp ("/tmp/lreg/detected.log", std::ofstream::app);
74			fp << "verifyDouble: a = "<<a<<"; b = "<<b<<endl;
75	        detected = 1;	

Backtrace END
Memory content before bitflip:0x2d0x430x1c0xeb0xe20x360x2a0x3f
Fault Model: Double bit-flip
base address to flip value: 0x7fffffffd7c0
address max offset: 8
Memory content after  bitflip:0x2d0x620x1c0xeb0xe20x360x2a0x3f
frame name: train
symbol name: alpha2
symbol filename: lreg.cpp
symbol line: 177
value: 0.00020000000000021512
value address: 0x7fffffffd7c0
Type: A floating point type.
Type sizeof: 8

[INFO -- 2018-11-26 18:00:20]
Fault Injection Successful after 1.4415719509124756s
[INFO -- 2018-11-26 18:00:22]
event type: exit
[INFO -- 2018-11-26 18:00:22]
exit code: 0
