[INFO -- 2018-11-25 21:43:35]
Starting flip_value script
version: 1.1
[INFO -- 2018-11-25 21:43:35]
Initialization strings:
[INFO -- 2018-11-25 21:43:35]
(1) file /tmp/lreg/lreg
[INFO -- 2018-11-25 21:43:35]
(2) set args /tmp/lreg/randInput /tmp/lreg/output /tmp/lreg/detected.log
[INFO -- 2018-11-25 21:43:35]
initSignal:0
[INFO -- 2018-11-25 21:43:35]
endSignal:6
[INFO -- 2018-11-25 21:43:35]
faultModel:2
[INFO -- 2018-11-25 21:43:36]
Backtrace BEGIN:
#0  log1 (error=<synthetic pointer>, delta=<synthetic pointer>, x=21) at ../sysdeps/ieee754/dbl-64/e_pow.c:338
#1  __ieee754_pow_sse2 (x=21, y=3) at ../sysdeps/ieee754/dbl-64/e_pow.c:103
#2  0x00007ffff76bcb14 in __pow (x=21, y=3) at w_pow_compat.c:30
#3  0x000055555555621b in std::pow<double, int> (__x=21, __y=3) at /usr/include/c++/7/cmath:418
#4  0x0000555555555237 in predict (v=21) at lreg.cpp:50
#5  0x00005555555552ba in meanSquaredError () at lreg.cpp:61
#6  0x00005555555556b1 in train (iterations=30000, alpha=2.2222199999999999e-05, N=4, stopsWhenStable=true) at lreg.cpp:121
#7  0x0000555555555a1c in execute (input=0x7fffffffe1f1 "/tmp/lreg/randInput") at lreg.cpp:157
#8  0x0000555555555c78 in main (argc=4, argv=0x7fffffffde48) at lreg.cpp:193

333	../sysdeps/ieee754/dbl-64/e_pow.c: No such file or directory.

Backtrace END
Memory content before bitflip:0x100x000x000x00
Fault Model: Random bit-flip
base address to flip value: 0x7fffffffd670
address max offset: 4
Memory content after  bitflip:0x030x500x550xa1
frame name: execute
symbol name: sizeOfTraining
symbol filename: lreg.cpp
symbol line: 144
value: -1588244477
value address: 0x7fffffffd670
Type: The type is an integer type.
Type sizeof: 4

[INFO -- 2018-11-25 21:43:36]
Fault Injection Successful after 1.4393458366394043s
[INFO -- 2018-11-25 21:43:37]
event type: exit
[INFO -- 2018-11-25 21:43:37]
exit code: 0
