[INFO -- 2018-10-12 11:11:03]
Starting flip_value script
version: 1.1
[INFO -- 2018-10-12 11:11:03]
Initialization strings:
[INFO -- 2018-10-12 11:11:03]
(1) file /tmp/lreg/lreg
[INFO -- 2018-10-12 11:11:03]
(2) set args /tmp/lreg/randInput /tmp/lreg/output
[INFO -- 2018-10-12 11:11:03]
initSignal:0
[INFO -- 2018-10-12 11:11:03]
endSignal:10
[INFO -- 2018-10-12 11:11:03]
faultModel:0
[INFO -- 2018-10-12 11:11:05]
Backtrace BEGIN:
#0  0x00007ffff76d5518 in __ieee754_pow_sse2 (x=11, y=1) at ../sysdeps/ieee754/dbl-64/e_pow.c:65
#1  0x00007ffff76b7b14 in __pow (x=11, y=1) at w_pow_compat.c:30
#2  0x00005555555560ba in std::pow<double, unsigned int> (__x=11, __y=1) at /usr/include/c++/7/cmath:418
#3  0x00005555555552c2 in predict (v=11) at lreg.cpp:77
#4  0x00005555555553e9 in meanSquaredError () at lreg.cpp:91
#5  0x0000555555555886 in train (iterations=60000, N=3, stopsWhenStable=true) at lreg.cpp:160
#6  0x0000555555555dba in main (argc=3, argv=0x7fffffffde68) at lreg.cpp:225

60	../sysdeps/ieee754/dbl-64/e_pow.c: No such file or directory.

Backtrace END
Fliping value of field: std::_Vector_base<double, std::allocator<double> >
Fliping value of field: _M_impl
Fliping value of field: _M_finish
Fliping a bit of the value pointed by a pointer
Memory content before bitflip:0x000x000x000x000x000x000x000x00
Fault Model: Single bit-flip
base address to flip value: 0x5555557716f0
address max offset: 8
Memory content after  bitflip:0x040x000x000x000x000x000x000x00
frame name: predict
symbol name: y
symbol filename: lreg.cpp
symbol line: 42
value: std::vector of length 20, capacity 32 = {-22, 14, -12, 20, -12, 30, -20, -20, 1025, 2117, 101, 1601, 485, 5, 785, 197, 2117, 1937, 5, 1937}
value address: 0x55555575a160 <y>
Type: The type is a structure.
Type sizeof: 24
Field name: std::_Vector_base<double, std::allocator<double> >
Field Type: The type is a structure.
Field Type sizeof: 24

[INFO -- 2018-10-12 11:11:05]
Fault Injection Successful after 2.8696439266204834s
[INFO -- 2018-10-12 11:11:20]
event type: exit
[INFO -- 2018-10-12 11:11:20]
exit code: 0
