[INFO -- 2018-09-15 20:25:50]
Starting flip_value script
version: 1.1
[INFO -- 2018-09-15 20:25:50]
Initialization strings:
[INFO -- 2018-09-15 20:25:50]
(1) file /tmp/lreg/lreg
[INFO -- 2018-09-15 20:25:50]
(2) set args /tmp/lreg/randInput /tmp/lreg/output
[INFO -- 2018-09-15 20:25:50]
initSignal:0
[INFO -- 2018-09-15 20:25:50]
endSignal:2
[INFO -- 2018-09-15 20:25:50]
faultModel:1
[INFO -- 2018-09-15 20:25:50]
Backtrace BEGIN:
#0  0x00005555555554a2 in partialDerivate (pos=0) at lreg.cpp:76
#1  0x0000555555555503 in adjust (alpha=5.0000000000000002e-05) at lreg.cpp:87
#2  0x00005555555556ac in train (iterations=60000, alpha=5.0000000000000002e-05, N=3, stopsWhenStable=true) at lreg.cpp:120
#3  0x0000555555555c26 in main (argc=3, argv=0x7fffffffde68) at lreg.cpp:182

71	double partialDerivate(int pos){
72		double pD = 0;
73		for(int i = 0; i<x.size(); i++){
74			pD += ((predict(x[i]) - y[i])*pow(x[i], pos));	
75		}
76		pD *= (2.0/x.size());
77		return pD;
78	}
79	
80	/**

Backtrace END
Memory content before bitflip:0x000x000x000x00
Fault Model: Double bit-flip
base address to flip value: 0x7fffffffd78c
address max offset: 4
Memory content after  bitflip:0x220x000x000x00
frame name: partialDerivate
symbol name: pos
symbol filename: lreg.cpp
symbol line: 71
value: 34
value address: 0x7fffffffd78c
Type: The type is an integer type.
Type sizeof: 4

[INFO -- 2018-09-15 20:25:50]
Fault Injection Successful after 0.8854985237121582s
[INFO -- 2018-09-15 20:25:57]
event type: exit
[INFO -- 2018-09-15 20:25:57]
exit code: 0
