[INFO -- 2018-11-09 15:08:06]
Starting flip_value script
version: 1.1
[INFO -- 2018-11-09 15:08:06]
Initialization strings:
[INFO -- 2018-11-09 15:08:06]
(1) file /tmp/lreg/lreg
[INFO -- 2018-11-09 15:08:06]
(2) set args /tmp/lreg/randInput /tmp/lreg/output /tmp/lreg/detected.log
[INFO -- 2018-11-09 15:08:06]
initSignal:0
[INFO -- 2018-11-09 15:08:06]
endSignal:10
[INFO -- 2018-11-09 15:08:06]
faultModel:2
[INFO -- 2018-11-09 15:08:08]
Backtrace BEGIN:
#0  0x00007ffff76bcb2d in __pow (x=15, y=1) at w_pow_compat.c:31
#1  0x0000555555556131 in std::pow<double, int> (__x=15, __y=1) at /usr/include/c++/7/cmath:418
#2  0x0000555555555237 in predict (v=15) at lreg.cpp:50
#3  0x00005555555552ba in meanSquaredError () at lreg.cpp:61
#4  0x00005555555556b1 in train (iterations=30000, alpha=5.0000000000000002e-05, N=3, stopsWhenStable=true) at lreg.cpp:121
#5  0x0000555555555a1c in execute (input=0x7fffffffe1f3 "/tmp/lreg/randInput") at lreg.cpp:157
#6  0x0000555555555c60 in main (argc=4, argv=0x7fffffffde48) at lreg.cpp:191

26	w_pow_compat.c: No such file or directory.

Backtrace END
Memory content before bitflip:0x000x000x000x000x000x000xf00x3f
Fault Model: Random bit-flip
base address to flip value: 0x7fffffffd478
address max offset: 8
Memory content after  bitflip:0x480x660x160x660x630x260xeb0x55
frame name: __pow
symbol name: y
symbol filename: w_pow_compat.c
symbol line: 28
value: 7.7835477991719579e+105
value address: 0x7fffffffd478
Type: A floating point type.
Type sizeof: 8

[INFO -- 2018-11-09 15:08:08]
Fault Injection Successful after 2.958662509918213s
[INFO -- 2018-11-09 15:08:26]
event type: exit
[INFO -- 2018-11-09 15:08:26]
exit code: 0
