[INFO -- 2018-11-15 13:25:16]
Starting flip_value script
version: 1.1
[INFO -- 2018-11-15 13:25:16]
Initialization strings:
[INFO -- 2018-11-15 13:25:16]
(1) file /tmp/lreg/lreg
[INFO -- 2018-11-15 13:25:16]
(2) set args /tmp/lreg/randInput /tmp/lreg/output
[INFO -- 2018-11-15 13:25:16]
initSignal:0
[INFO -- 2018-11-15 13:25:16]
endSignal:5
[INFO -- 2018-11-15 13:25:16]
faultModel:0
[INFO -- 2018-11-15 13:25:18]
Backtrace BEGIN:
#0  std::vector<double, std::allocator<double> >::operator[] (this=0x4, __n=4) at /usr/include/c++/7/bits/stl_vector.h:795
#1  0x0000555555555a78 in partialDerivate (pos1=3, pos2=3) at lreg.cpp:142
#2  0x0000555555555bbe in adjust (alpha1=2.2222199999999999e-05, alpha2=2.2222199999999999e-05) at lreg.cpp:156
#3  0x0000555555555ee0 in train (iter1=45000, iter2=45000, N=4, alpha1=2.2222199999999999e-05, alpha2=2.2222199999999999e-05, stopsWhenStable=true) at lreg.cpp:193
#4  0x0000555555556467 in main (argc=3, argv=0x7fffffffde58) at lreg.cpp:253

790	       *  Note that data access with this operator is unchecked and
791	       *  out_of_range lookups are not defined. (For checked lookups
792	       *  see at().)
793	       */
794	      reference
795	      operator[](size_type __n) _GLIBCXX_NOEXCEPT
796	      {
797		__glibcxx_requires_subscript(__n);
798		return *(this->_M_impl._M_start + __n);
799	      }

Backtrace END
Memory content before bitflip:0x460x5a0xb70xf40x390x4d0xf70x3e
Fault Model: Single bit-flip
base address to flip value: 0x7fffffffd760
address max offset: 8
Memory content after  bitflip:0x460x7a0xb70xf40x390x4d0xf70x3e
frame name: adjust
symbol name: alpha2
symbol filename: lreg.cpp
symbol line: 151
value: 2.2222200000027754e-05
value address: 0x7fffffffd760
Type: A floating point type.
Type sizeof: 8

[INFO -- 2018-11-15 13:25:18]
Fault Injection Successful after 2.940950632095337s
[INFO -- 2018-11-15 13:25:20]
event type: exit
[INFO -- 2018-11-15 13:25:20]
exit code: 0
