[INFO -- 2018-09-16 13:24:39]
Starting flip_value script
version: 1.1
[INFO -- 2018-09-16 13:24:39]
Initialization strings:
[INFO -- 2018-09-16 13:24:39]
(1) file /tmp/lreg/lreg
[INFO -- 2018-09-16 13:24:39]
(2) set args /tmp/lreg/randInput /tmp/lreg/output
[INFO -- 2018-09-16 13:24:39]
initSignal:0
[INFO -- 2018-09-16 13:24:39]
endSignal:2
[INFO -- 2018-09-16 13:24:39]
faultModel:2
[EXCEPTION -- 2018-09-16 13:24:39]
gdbException: Attempt to dereference a generic pointer.
[INFO -- 2018-09-16 13:24:47]
event type: exit
[INFO -- 2018-09-16 13:24:47]
exit code: 0
