[INFO -- 2018-10-06 20:04:09]
Starting flip_value script
version: 1.1
[INFO -- 2018-10-06 20:04:09]
Initialization strings:
[INFO -- 2018-10-06 20:04:09]
(1) file /tmp/lreg/lreg
[INFO -- 2018-10-06 20:04:09]
(2) set args /tmp/lreg/randInput /tmp/lreg/output
[INFO -- 2018-10-06 20:04:09]
initSignal:0
[INFO -- 2018-10-06 20:04:09]
endSignal:10
[INFO -- 2018-10-06 20:04:09]
faultModel:1
[INFO -- 2018-10-06 20:04:10]
Backtrace BEGIN:
#0  __ieee754_pow_sse2 (x=7, y=2) at ../sysdeps/ieee754/dbl-64/e_pow.c:76
#1  0x00007ffff76b7b14 in __pow (x=7, y=2) at w_pow_compat.c:30
#2  0x00005555555560ba in std::pow<double, unsigned int> (__x=7, __y=2) at /usr/include/c++/7/cmath:418
#3  0x00005555555552c2 in predict (v=7) at lreg.cpp:77
#4  0x000055555555551d in partialDerivate (pos=2) at lreg.cpp:107
#5  0x0000555555555670 in adjust () at lreg.cpp:123
#6  0x0000555555555881 in train (iterations=60000, N=3, stopsWhenStable=true) at lreg.cpp:159
#7  0x0000555555555dba in main (argc=3, argv=0x7fffffffde68) at lreg.cpp:225

71	../sysdeps/ieee754/dbl-64/e_pow.c: No such file or directory.

Backtrace END
Memory content before bitflip:0x000x000x000x000x000x000x1c0x40
Fault Model: Double bit-flip
base address to flip value: 0x7fffffffd708
address max offset: 8
Memory content after  bitflip:0x000x000x000x0c0x000x000x1c0x40
frame name: predict
symbol name: v
symbol filename: lreg.cpp
symbol line: 71
value: 7.0000001788139343
value address: 0x7fffffffd708
Type: A floating point type.
Type sizeof: 8

[INFO -- 2018-10-06 20:04:10]
Fault Injection Successful after 1.8559212684631348s
[INFO -- 2018-10-06 20:04:18]
event type: exit
[INFO -- 2018-10-06 20:04:18]
exit code: 0
