[INFO -- 2018-09-25 20:07:24]
Starting flip_value script
version: 1.1
[INFO -- 2018-09-25 20:07:24]
Initialization strings:
[INFO -- 2018-09-25 20:07:24]
(1) file /tmp/lreg/lreg
[INFO -- 2018-09-25 20:07:24]
(2) set args /tmp/lreg/randInput /tmp/lreg/output
[INFO -- 2018-09-25 20:07:24]
initSignal:0
[INFO -- 2018-09-25 20:07:24]
endSignal:2
[INFO -- 2018-09-25 20:07:24]
faultModel:0
[INFO -- 2018-09-25 20:07:25]
Backtrace BEGIN:
#0  0x00007ffff76b7b0f in __pow (x=4, y=0) at w_pow_compat.c:30
#1  0x0000555555555f39 in std::pow<double, int> (__x=4, __y=0) at /usr/include/c++/7/cmath:418
#2  0x0000555555555237 in predict (v=4) at lreg.cpp:50
#3  0x000055555555530a in meanSquaredError () at lreg.cpp:61
#4  0x00005555555556b1 in train (iterations=60000, alpha=5.0000000000000002e-05, N=3, stopsWhenStable=true) at lreg.cpp:121
#5  0x0000555555555c26 in main (argc=3, argv=0x7fffffffde68) at lreg.cpp:182

25	w_pow_compat.c: No such file or directory.

Backtrace END
Fliping value of field: std::_Vector_base<double, std::allocator<double> >
Fliping value of field: _M_impl
Fliping value of field: _M_start
Fliping a bit of the value pointed by a pointer
Memory content before bitflip:0x000x000x000x000x000x000x260xc0
Fault Model: Single bit-flip
base address to flip value: 0x555555771540
address max offset: 8
Memory content after  bitflip:0x000x000x000x000x000x080x260xc0
frame name: meanSquaredError
symbol name: x
symbol filename: lreg.cpp
symbol line: 32
value: std::vector of length 20, capacity 32 = {-11.015625, 13, 8, -14, 14, 9, -2, 2, 4, -18, -13, 24, -1, 22, 22, 4, 13, -18, 18, 12}
value address: 0x55555575a140 <x>
Type: The type is a structure.
Type sizeof: 24
Field name: std::_Vector_base<double, std::allocator<double> >
Field Type: The type is a structure.
Field Type sizeof: 24

[INFO -- 2018-09-25 20:07:25]
Fault Injection Successful after 1.155634880065918s
[INFO -- 2018-09-25 20:07:31]
event type: exit
[INFO -- 2018-09-25 20:07:31]
exit code: 0
