[INFO -- 2018-11-08 18:21:38]
Starting flip_value script
version: 1.1
[INFO -- 2018-11-08 18:21:38]
Initialization strings:
[INFO -- 2018-11-08 18:21:38]
(1) file /tmp/lreg/lreg
[INFO -- 2018-11-08 18:21:38]
(2) set args /tmp/lreg/randInput /tmp/lreg/output /tmp/lreg/detected.log
[INFO -- 2018-11-08 18:21:38]
initSignal:0
[INFO -- 2018-11-08 18:21:38]
endSignal:10
[INFO -- 2018-11-08 18:21:38]
faultModel:0
[INFO -- 2018-11-08 18:21:42]
Backtrace BEGIN:
#0  log1 (error=<synthetic pointer>, delta=<synthetic pointer>, x=32) at ../sysdeps/ieee754/dbl-64/e_pow.c:334
#1  __ieee754_pow_sse2 (x=32, y=3) at ../sysdeps/ieee754/dbl-64/e_pow.c:103
#2  0x00007ffff76bcb14 in __pow (x=32, y=3) at w_pow_compat.c:30
#3  0x0000555555556131 in std::pow<double, int> (__x=32, __y=3) at /usr/include/c++/7/cmath:418
#4  0x0000555555555237 in predict (v=32) at lreg.cpp:50
#5  0x000055555555530a in meanSquaredError () at lreg.cpp:61
#6  0x00005555555556b1 in train (iterations=45000, alpha=2.2222199999999999e-05, N=4, stopsWhenStable=true) at lreg.cpp:121
#7  0x0000555555555a1c in execute (input=0x7fffffffe1f1 "/tmp/lreg/randInput") at lreg.cpp:157
#8  0x0000555555555c60 in main (argc=4, argv=0x7fffffffde48) at lreg.cpp:191

329	../sysdeps/ieee754/dbl-64/e_pow.c: No such file or directory.

Backtrace END
Memory content before bitflip:0x000x000x000x000x000x000x400x40
Fault Model: Single bit-flip
base address to flip value: 0x7fffffffd470
address max offset: 8
Memory content after  bitflip:0x000x000x000x000x000x020x400x40
frame name: __pow
symbol name: x
symbol filename: w_pow_compat.c
symbol line: 28
value: 32.015625
value address: 0x7fffffffd470
Type: A floating point type.
Type sizeof: 8

[INFO -- 2018-11-08 18:21:42]
Fault Injection Successful after 4.112457752227783s
[INFO -- 2018-11-08 18:21:49]
event type: exit
[INFO -- 2018-11-08 18:21:49]
exit code: 0
