[INFO -- 2018-10-12 11:36:22]
Starting flip_value script
version: 1.1
[INFO -- 2018-10-12 11:36:22]
Initialization strings:
[INFO -- 2018-10-12 11:36:22]
(1) file /tmp/lreg/lreg
[INFO -- 2018-10-12 11:36:22]
(2) set args /tmp/lreg/randInput /tmp/lreg/output
[INFO -- 2018-10-12 11:36:22]
initSignal:0
[INFO -- 2018-10-12 11:36:22]
endSignal:10
[INFO -- 2018-10-12 11:36:22]
faultModel:2
[INFO -- 2018-10-12 11:36:25]
Backtrace BEGIN:
#0  log1 (error=<synthetic pointer>, delta=<synthetic pointer>, x=11) at ../sysdeps/ieee754/dbl-64/e_pow.c:338
#1  __ieee754_pow_sse2 (x=11, y=3) at ../sysdeps/ieee754/dbl-64/e_pow.c:103
#2  0x00007ffff76b7b14 in __pow (x=11, y=3) at w_pow_compat.c:30
#3  0x00005555555560ba in std::pow<double, unsigned int> (__x=11, __y=3) at /usr/include/c++/7/cmath:418
#4  0x00005555555552c2 in predict (v=11) at lreg.cpp:77
#5  0x000055555555551d in partialDerivate (pos=1) at lreg.cpp:107
#6  0x0000555555555670 in adjust () at lreg.cpp:123
#7  0x0000555555555881 in train (iterations=90000, N=4, stopsWhenStable=true) at lreg.cpp:159
#8  0x0000555555555dba in main (argc=3, argv=0x7fffffffde68) at lreg.cpp:225

333	../sysdeps/ieee754/dbl-64/e_pow.c: No such file or directory.

Backtrace END
Memory content before bitflip:0x030x000x000x00
Fault Model: Random bit-flip
base address to flip value: 0x7fffffffd784
address max offset: 4
Memory content after  bitflip:0x2a0xd20xc10x3d
frame name: partialDerivate
symbol name: i3
symbol filename: lreg.cpp
symbol line: 103
value: 1036112426
value address: 0x7fffffffd784
Type: The type is an integer type.
Type sizeof: 4

[INFO -- 2018-10-12 11:36:25]
Fault Injection Successful after 3.3852951526641846s
[INFO -- 2018-10-12 11:36:31]
event type: exit
[INFO -- 2018-10-12 11:36:31]
exit code: 0
