[INFO -- 2018-11-01 17:02:53]
Starting flip_value script
version: 1.1
[INFO -- 2018-11-01 17:02:53]
Initialization strings:
[INFO -- 2018-11-01 17:02:53]
(1) file /tmp/lreg/lreg
[INFO -- 2018-11-01 17:02:53]
(2) set args /tmp/lreg/randInput /tmp/lreg/output /tmp/lreg/detected.log
[INFO -- 2018-11-01 17:02:53]
initSignal:0
[INFO -- 2018-11-01 17:02:53]
endSignal:20
[INFO -- 2018-11-01 17:02:53]
faultModel:2
[INFO -- 2018-11-01 17:02:56]
Backtrace BEGIN:
#0  0x00005555555551ff in predict (v=-21) at lreg.cpp:49
#1  0x00005555555553fc in partialDerivate (pos=0) at lreg.cpp:74
#2  0x0000555555555503 in adjust (alpha=5.0000000000000002e-05) at lreg.cpp:87
#3  0x00005555555556ac in train (iterations=40000, alpha=5.0000000000000002e-05, N=3, stopsWhenStable=true) at lreg.cpp:120
#4  0x0000555555555a1c in execute (input=0x7fffffffe1f3 "/tmp/lreg/randInput") at lreg.cpp:157
#5  0x0000555555555c60 in main (argc=4, argv=0x7fffffffde48) at lreg.cpp:191

44	/**
45		Predicts the value related to v using the Ts variables
46	*/
47	double predict(double v){
48		double val = 0;
49		for(int i = 0; i<T.size(); i++){
50			val+= (T[i] * pow(v, i));
51		}
52		return val;
53		

Backtrace END
Memory content before bitflip:0x810x8e0x020x980xbc0x100x7d0xc0
Fault Model: Random bit-flip
base address to flip value: 0x7fffffffd4d8
address max offset: 8
Memory content after  bitflip:0x2f0x110xef0xbe0x880xbe0x270xf3
frame name: partialDerivate
symbol name: pD
symbol filename: lreg.cpp
symbol line: 72
value: -5.1880644521515583e+246
value address: 0x7fffffffd4d8
Type: A floating point type.
Type sizeof: 8

[INFO -- 2018-11-01 17:02:56]
Fault Injection Successful after 3.8516111373901367s
[INFO -- 2018-11-01 17:03:20]
event type: exit
[INFO -- 2018-11-01 17:03:20]
exit code: 0
