[INFO -- 2018-10-13 16:57:43]
Starting flip_value script
version: 1.1
[INFO -- 2018-10-13 16:57:43]
Initialization strings:
[INFO -- 2018-10-13 16:57:43]
(1) file /tmp/lreg/lreg
[INFO -- 2018-10-13 16:57:43]
(2) set args /tmp/lreg/randInput /tmp/lreg/output
[INFO -- 2018-10-13 16:57:43]
initSignal:0
[INFO -- 2018-10-13 16:57:43]
endSignal:10
[INFO -- 2018-10-13 16:57:43]
faultModel:2
[INFO -- 2018-10-13 16:57:44]
Backtrace BEGIN:
#0  selectTriUInt (a=12, b=12, c=12) at lreg.cpp:48
#1  0x0000555555555534 in partialDerivate (pos=1) at lreg.cpp:107
#2  0x0000555555555670 in adjust () at lreg.cpp:123
#3  0x0000555555555881 in train (iterations=60000, N=3, stopsWhenStable=true) at lreg.cpp:159
#4  0x0000555555555dba in main (argc=3, argv=0x7fffffffde68) at lreg.cpp:225

43	vector<double> T; // the adjustment variables
44	
45	double a1, a2, a3; // triplication of alpha
46	
47	UINT selectTriUInt(UINT a, UINT b, UINT c){
48		return (a == b)? a : c;
49	}
50	double selectTriDouble(double a, double b, double c){
51		return (a == b)? a : c;
52	}

Backtrace END
Memory content before bitflip:0x120xb50x140x780x610x9c0x480xc0
Fault Model: Random bit-flip
base address to flip value: 0x7fffffffd7d8
address max offset: 8
Memory content after  bitflip:0xbb0x5c0xfe0xc00xb40xb00x490x3f
frame name: adjust
symbol name: PD
symbol filename: lreg.cpp
symbol line: 118
value: 0.00078400445817097071
value address: 0x7fffffffd7d8
Type: A floating point type.
Type sizeof: 8

[INFO -- 2018-10-13 16:57:44]
Fault Injection Successful after 1.446279764175415s
[INFO -- 2018-10-13 16:57:52]
event type: exit
[INFO -- 2018-10-13 16:57:52]
exit code: 0
