[INFO -- 2018-11-05 21:10:08]
Starting flip_value script
version: 1.1
[INFO -- 2018-11-05 21:10:08]
Initialization strings:
[INFO -- 2018-11-05 21:10:08]
(1) file /tmp/lreg/lreg
[INFO -- 2018-11-05 21:10:08]
(2) set args /tmp/lreg/randInput /tmp/lreg/output /tmp/lreg/detected.log
[INFO -- 2018-11-05 21:10:08]
initSignal:0
[INFO -- 2018-11-05 21:10:08]
endSignal:10
[INFO -- 2018-11-05 21:10:08]
faultModel:0
[INFO -- 2018-11-05 21:10:10]
Backtrace BEGIN:
#0  0x00005555555551fc in predict (v=-20) at lreg.cpp:49
#1  0x00005555555553fc in partialDerivate (pos=3) at lreg.cpp:74
#2  0x0000555555555503 in adjust (alpha=2.2222199999999999e-05) at lreg.cpp:87
#3  0x00005555555556ac in train (iterations=45000, alpha=2.2222199999999999e-05, N=4, stopsWhenStable=true) at lreg.cpp:120
#4  0x0000555555555a1c in execute (input=0x7fffffffe1f3 "/tmp/lreg/randInput") at lreg.cpp:157
#5  0x0000555555555c60 in main (argc=4, argv=0x7fffffffde48) at lreg.cpp:191

44	/**
45		Predicts the value related to v using the Ts variables
46	*/
47	double predict(double v){
48		double val = 0;
49		for(int i = 0; i<T.size(); i++){
50			val+= (T[i] * pow(v, i));
51		}
52		return val;
53		

Backtrace END
Fliping value of field: std::_Vector_base<double, std::allocator<double> >
Fliping value of field: _M_impl
Fliping value of field: _M_end_of_storage
Fliping a bit of the pointer
Memory content before bitflip:0x600x290x770x550x550x550x000x00
Fault Model: Single bit-flip
base address to flip value: 0x55555575b150 
address max offset: 8
Memory content after  bitflip:0x600x290x770x510x550x550x000x00
frame name: partialDerivate
symbol name: x
symbol filename: lreg.cpp
symbol line: 32
value: std::vector of length 36, capacity -8388544 = {13, 13, -14, 5, 12, -10, -15, 12, 9, -18, -8, -13, 0, 24, 14, -9, 6, -22, -7, -4, 1, -12, -9, -20, -9, -7, -23, 5, -23, 3, -31, -18, -16, -19, 0, -5}
value address: 0x55555575b140 <x>
Type: The type is a structure.
Type sizeof: 24
Field name: std::_Vector_base<double, std::allocator<double> >
Field Type: The type is a structure.
Field Type sizeof: 24

[INFO -- 2018-11-05 21:10:10]
Fault Injection Successful after 2.3127260208129883s
[INFO -- 2018-11-05 21:10:16]
event type: exit
[INFO -- 2018-11-05 21:10:16]
exit code: 0
