[INFO -- 2018-09-30 20:39:39]
Starting flip_value script
version: 1.1
[INFO -- 2018-09-30 20:39:39]
Initialization strings:
[INFO -- 2018-09-30 20:39:39]
(1) file /tmp/lreg/lreg
[INFO -- 2018-09-30 20:39:39]
(2) set args /tmp/lreg/randInput /tmp/lreg/output
[INFO -- 2018-09-30 20:39:39]
initSignal:0
[INFO -- 2018-09-30 20:39:39]
endSignal:10
[INFO -- 2018-09-30 20:39:39]
faultModel:0
[INFO -- 2018-09-30 20:39:40]
Backtrace BEGIN:
#0  0x00005555555551ea in predict (v=15) at lreg.cpp:49
#1  0x00005555555553fc in partialDerivate (pos=1) at lreg.cpp:74
#2  0x0000555555555503 in adjust (alpha=0.00020000000000000001) at lreg.cpp:87
#3  0x00005555555556ac in train (iterations=30000, alpha=0.00020000000000000001, N=2, stopsWhenStable=true) at lreg.cpp:120
#4  0x0000555555555c26 in main (argc=3, argv=0x7fffffffde58) at lreg.cpp:182

44	/**
45		Predicts the value related to v using the Ts variables
46	*/
47	double predict(double v){
48		double val = 0;
49		for(int i = 0; i<T.size(); i++){
50			val+= (T[i] * pow(v, i));
51		}
52		return val;
53		

Backtrace END
Memory content before bitflip:0x8c0x6f0x000x00
Fault Model: Single bit-flip
base address to flip value: 0x7fffffffd82c
address max offset: 4
Memory content after  bitflip:0x8c0x6f0x000x01
frame name: train
symbol name: i
symbol filename: lreg.cpp
symbol line: 118
value: 16805772
value address: 0x7fffffffd82c
Type: The type is an integer type.
Type sizeof: 4

[INFO -- 2018-09-30 20:39:40]
Fault Injection Successful after 1.450829029083252s
[INFO -- 2018-09-30 20:39:49]
event type: exit
[INFO -- 2018-09-30 20:39:49]
exit code: 0
