[INFO -- 2018-11-26 18:20:46]
Starting flip_value script
version: 1.1
[INFO -- 2018-11-26 18:20:46]
Initialization strings:
[INFO -- 2018-11-26 18:20:46]
(1) file /tmp/lreg/lreg
[INFO -- 2018-11-26 18:20:46]
(2) set args /tmp/lreg/randInput /tmp/lreg/output
[INFO -- 2018-11-26 18:20:46]
initSignal:0
[INFO -- 2018-11-26 18:20:46]
endSignal:3
[INFO -- 2018-11-26 18:20:46]
faultModel:0
[INFO -- 2018-11-26 18:20:47]
Backtrace BEGIN:
#0  0x00007ffff76da683 in __ieee754_pow_sse2 (x=21, y=3) at ../sysdeps/ieee754/dbl-64/e_pow.c:101
#1  0x00007ffff76bcb14 in __pow (x=21, y=3) at w_pow_compat.c:30
#2  0x0000555555556826 in std::pow<double, unsigned int> (__x=21, __y=3) at /usr/include/c++/7/cmath:418
#3  0x0000555555555814 in predict (v=21) at lreg.cpp:116
#4  0x00005555555558c0 in meanSquaredError () at lreg.cpp:128
#5  0x0000555555555ee5 in train (iter1=30000, iter2=30000, N=4, alpha1=2.2222199999999999e-05, alpha2=2.2222199999999999e-05, stopsWhenStable=true) at lreg.cpp:194
#6  0x0000555555556467 in main (argc=3, argv=0x7fffffffde58) at lreg.cpp:253

96	../sysdeps/ieee754/dbl-64/e_pow.c: No such file or directory.

Backtrace END
Memory content before bitflip:0x030x000x000x00
Fault Model: Single bit-flip
base address to flip value: 0x7fffffffd740
address max offset: 4
Memory content after  bitflip:0x020x000x000x00
frame name: predict
symbol name: i1
symbol filename: lreg.cpp
symbol line: 115
value: 2
value address: 0x7fffffffd740
Type: The type is an integer type.
Type sizeof: 4

[INFO -- 2018-11-26 18:20:47]
Fault Injection Successful after 1.1760544776916504s
[INFO -- 2018-11-26 18:20:48]
event type: exit
[INFO -- 2018-11-26 18:20:48]
exit code: 0
