[INFO -- 2018-10-01 18:51:19]
Starting flip_value script
version: 1.1
[INFO -- 2018-10-01 18:51:19]
Initialization strings:
[INFO -- 2018-10-01 18:51:19]
(1) file /tmp/lreg/lreg
[INFO -- 2018-10-01 18:51:19]
(2) set args /tmp/lreg/randInput /tmp/lreg/output
[INFO -- 2018-10-01 18:51:19]
initSignal:0
[INFO -- 2018-10-01 18:51:19]
endSignal:10
[INFO -- 2018-10-01 18:51:19]
faultModel:0
[INFO -- 2018-10-01 18:51:23]
Backtrace BEGIN:
#0  std::pow<double, int> (__x=-17, __y=0) at /usr/include/c++/7/cmath:418
#1  0x00005555555551e7 in predict (v=-17) at lreg.cpp:50
#2  0x00005555555553ac in partialDerivate (pos=1) at lreg.cpp:74
#3  0x00005555555554b3 in adjust (alpha=2.2222199999999999e-05) at lreg.cpp:87
#4  0x000055555555565c in train (iterations=90000, alpha=2.2222199999999999e-05, N=4, stopsWhenStable=true) at lreg.cpp:120
#5  0x0000555555555ab7 in main (argc=3, argv=0x7fffffffde58) at lreg.cpp:174

413	    inline _GLIBCXX_CONSTEXPR
414	    typename __gnu_cxx::__promote_2<_Tp, _Up>::__type
415	    pow(_Tp __x, _Up __y)
416	    {
417	      typedef typename __gnu_cxx::__promote_2<_Tp, _Up>::__type __type;
418	      return pow(__type(__x), __type(__y));
419	    }
420	
421	  using ::sin;
422	

Backtrace END
Memory content before bitflip:0x460x5a0xb70xf40x390x4d0xf70x3e
Fault Model: Single bit-flip
base address to flip value: 0x7fffffffd810
address max offset: 8
Memory content after  bitflip:0x460x5a0xb70xf40x390x4c0xf70x3e
frame name: train
symbol name: alpha
symbol filename: lreg.cpp
symbol line: 105
value: 2.2218474709701537e-05
value address: 0x7fffffffd810
Type: A floating point type.
Type sizeof: 8

[INFO -- 2018-10-01 18:51:23]
Fault Injection Successful after 4.731931209564209s
[INFO -- 2018-10-01 18:51:26]
event type: exit
[INFO -- 2018-10-01 18:51:26]
exit code: 0
