[INFO -- 2018-10-03 15:25:00]
Starting flip_value script
version: 1.1
[INFO -- 2018-10-03 15:25:00]
Initialization strings:
[INFO -- 2018-10-03 15:25:00]
(1) file /tmp/lreg/lreg
[INFO -- 2018-10-03 15:25:00]
(2) set args /tmp/lreg/randInput /tmp/lreg/output
[INFO -- 2018-10-03 15:25:00]
initSignal:0
[INFO -- 2018-10-03 15:25:00]
endSignal:10
[INFO -- 2018-10-03 15:25:00]
faultModel:2
[INFO -- 2018-10-03 15:25:02]
Backtrace BEGIN:
#0  log1 (error=<synthetic pointer>, delta=<synthetic pointer>, x=25) at ../sysdeps/ieee754/dbl-64/e_pow.c:334
#1  __ieee754_pow_sse2 (x=25, y=3) at ../sysdeps/ieee754/dbl-64/e_pow.c:103
#2  0x00007ffff76d66be in __ieee754_pow_sse2 (x=<optimized out>, y=<optimized out>) at ../sysdeps/ieee754/dbl-64/e_pow.c:184
#3  0x00007ffff76b7b14 in __pow (x=-25, y=3) at w_pow_compat.c:30
#4  0x0000555555555d47 in std::pow<double, int> (__x=-25, __y=3) at /usr/include/c++/7/cmath:418
#5  0x00005555555551e7 in predict (v=-25) at lreg.cpp:50
#6  0x00005555555553ac in partialDerivate (pos=2) at lreg.cpp:74
#7  0x00005555555554b3 in adjust (alpha=2.2222199999999999e-05) at lreg.cpp:87
#8  0x000055555555565c in train (iterations=90000, alpha=2.2222199999999999e-05, N=4, stopsWhenStable=true) at lreg.cpp:120
#9  0x0000555555555ab7 in main (argc=3, argv=0x7fffffffde58) at lreg.cpp:174

329	../sysdeps/ieee754/dbl-64/e_pow.c: No such file or directory.

Backtrace END
Memory content before bitflip:0x000x000x000x000x000x000x390x40
Fault Model: Random bit-flip
base address to flip value: 0x7fffffffd5a8
address max offset: 8
Memory content after  bitflip:0xa80x9f0xb10xac0x590x180x300x09
frame name: log1
symbol name: x
symbol filename: ../sysdeps/ieee754/dbl-64/e_pow.c
symbol line: 247
value: 1.9966318264128469e-264
value address: 0x7fffffffd5a8
Type: A floating point type.
Type sizeof: 8

[INFO -- 2018-10-03 15:25:02]
Fault Injection Successful after 2.8620691299438477s
[INFO -- 2018-10-03 15:25:08]
event type: exit
[INFO -- 2018-10-03 15:25:08]
exit code: 0
