[INFO -- 2018-11-22 15:01:30]
Starting flip_value script
version: 1.1
[INFO -- 2018-11-22 15:01:30]
Initialization strings:
[INFO -- 2018-11-22 15:01:30]
(1) file /tmp/lreg/lreg
[INFO -- 2018-11-22 15:01:30]
(2) set args /tmp/lreg/randInput /tmp/lreg/output
[INFO -- 2018-11-22 15:01:30]
initSignal:0
[INFO -- 2018-11-22 15:01:30]
endSignal:3
[INFO -- 2018-11-22 15:01:30]
faultModel:2
[INFO -- 2018-11-22 15:01:32]
Backtrace BEGIN:
#0  log1 (error=<synthetic pointer>, delta=<synthetic pointer>, x=14) at ../sysdeps/ieee754/dbl-64/e_pow.c:329
#1  __ieee754_pow_sse2 (x=14, y=3) at ../sysdeps/ieee754/dbl-64/e_pow.c:103
#2  0x00007ffff76db6be in __ieee754_pow_sse2 (x=<optimized out>, y=<optimized out>) at ../sysdeps/ieee754/dbl-64/e_pow.c:184
#3  0x00007ffff76bcb14 in __pow (x=-14, y=3) at w_pow_compat.c:30
#4  0x0000555555555d5f in std::pow<double, int> (__x=-14, __y=3) at /usr/include/c++/7/cmath:418
#5  0x0000555555555401 in partialDerivate (pos=3) at lreg.cpp:74
#6  0x00005555555554b3 in adjust (alpha=2.2222199999999999e-05) at lreg.cpp:87
#7  0x000055555555565c in train (iterations=30000, alpha=2.2222199999999999e-05, N=4, stopsWhenStable=true) at lreg.cpp:120
#8  0x0000555555555ab7 in main (argc=3, argv=0x7fffffffde58) at lreg.cpp:174

324	../sysdeps/ieee754/dbl-64/e_pow.c: No such file or directory.

Backtrace END
Memory content before bitflip:0x000x000x000x000x000x000x2c0x40
Fault Model: Random bit-flip
base address to flip value: 0x7fffffffd5f8
address max offset: 8
Memory content after  bitflip:0x980x8a0xf90x660x2f0x030xff0xb8
frame name: log1
symbol name: x
symbol filename: ../sysdeps/ieee754/dbl-64/e_pow.c
symbol line: 247
value: -3.7329869246453938e-34
value address: 0x7fffffffd5f8
Type: A floating point type.
Type sizeof: 8

[INFO -- 2018-11-22 15:01:32]
Fault Injection Successful after 2.9309329986572266s
[INFO -- 2018-11-22 15:01:34]
event type: exit
[INFO -- 2018-11-22 15:01:34]
exit code: 0
