[INFO -- 2018-11-05 19:42:20]
Starting flip_value script
version: 1.1
[INFO -- 2018-11-05 19:42:20]
Initialization strings:
[INFO -- 2018-11-05 19:42:20]
(1) file /tmp/lreg/lreg
[INFO -- 2018-11-05 19:42:20]
(2) set args /tmp/lreg/randInput /tmp/lreg/output /tmp/lreg/detected.log
[INFO -- 2018-11-05 19:42:20]
initSignal:0
[INFO -- 2018-11-05 19:42:20]
endSignal:10
[INFO -- 2018-11-05 19:42:20]
faultModel:1
[INFO -- 2018-11-05 19:42:22]
Backtrace BEGIN:
#0  std::pow<double, int> (__x=4.6355706433354767e-310, __y=0) at /usr/include/c++/7/cmath:415
#1  0x0000555555555237 in predict (v=2) at lreg.cpp:50
#2  0x00005555555553fc in partialDerivate (pos=0) at lreg.cpp:74
#3  0x0000555555555503 in adjust (alpha=5.0000000000000002e-05) at lreg.cpp:87
#4  0x00005555555556ac in train (iterations=30000, alpha=5.0000000000000002e-05, N=3, stopsWhenStable=true) at lreg.cpp:120
#5  0x0000555555555a1c in execute (input=0x7fffffffe1f3 "/tmp/lreg/randInput") at lreg.cpp:157
#6  0x0000555555555c60 in main (argc=4, argv=0x7fffffffde48) at lreg.cpp:191

410	#endif
411	
412	  template<typename _Tp, typename _Up>
413	    inline _GLIBCXX_CONSTEXPR
414	    typename __gnu_cxx::__promote_2<_Tp, _Up>::__type
415	    pow(_Tp __x, _Up __y)
416	    {
417	      typedef typename __gnu_cxx::__promote_2<_Tp, _Up>::__type __type;
418	      return pow(__type(__x), __type(__y));
419	    }

Backtrace END
Fliping value of field: std::_Vector_base<double, std::allocator<double> >
Fliping value of field: _M_impl
Fliping value of field: _M_end_of_storage
Fliping a bit of the pointer
Memory content before bitflip:0x680x240x770x550x550x550x000x00
Fault Model: Double bit-flip
base address to flip value: 0x55555575b190 
address max offset: 8
Memory content after  bitflip:0x680x240x770x5f0x550x550x000x00
frame name: adjust
symbol name: T
symbol filename: lreg.cpp
symbol line: 34
value: std::vector of length 3, capacity 20971523 = {-12.872882452482912, -2.3772578328396761, 2.7406602232626951}
value address: 0x55555575b180 <T>
Type: The type is a structure.
Type sizeof: 24
Field name: std::_Vector_base<double, std::allocator<double> >
Field Type: The type is a structure.
Field Type sizeof: 24

[INFO -- 2018-11-05 19:42:22]
Fault Injection Successful after 2.334867238998413s
[INFO -- 2018-11-05 19:42:32]
event type: exit
[INFO -- 2018-11-05 19:42:32]
exit code: 0
