[INFO -- 2018-09-16 00:08:04]
Starting flip_value script
version: 1.1
[INFO -- 2018-09-16 00:08:04]
Initialization strings:
[INFO -- 2018-09-16 00:08:04]
(1) file /tmp/lreg/lreg
[INFO -- 2018-09-16 00:08:04]
(2) set args /tmp/lreg/randInput /tmp/lreg/output
[INFO -- 2018-09-16 00:08:04]
initSignal:0
[INFO -- 2018-09-16 00:08:04]
endSignal:2
[INFO -- 2018-09-16 00:08:04]
faultModel:1
[EXCEPTION -- 2018-09-16 00:08:05]
pythonException: Unable to exit loop in struct fields; Exiting wihtout making a bit flip
[INFO -- 2018-09-16 00:08:05]
Backtrace BEGIN:
#0  0x00005555555554a2 in partialDerivate (pos=2) at lreg.cpp:76
#1  0x0000555555555503 in adjust (alpha=5.0000000000000002e-05) at lreg.cpp:87
#2  0x00005555555556ac in train (iterations=60000, alpha=5.0000000000000002e-05, N=3, stopsWhenStable=true) at lreg.cpp:120
#3  0x0000555555555c26 in main (argc=3, argv=0x7fffffffde68) at lreg.cpp:182

71	double partialDerivate(int pos){
72		double pD = 0;
73		for(int i = 0; i<x.size(); i++){
74			pD += ((predict(x[i]) - y[i])*pow(x[i], pos));	
75		}
76		pD *= (2.0/x.size());
77		return pD;
78	}
79	
80	/**

Backtrace END
Fliping value of field: std::_Vector_base<double, std::allocator<double> >
Fliping value of field: _M_impl
Fliping value of field: _M_end_of_storage
Fliping a bit of the value pointed by a pointer
Memory content before bitflip:0x000x000x000x000x000x000x000x00
Fault Model: Double bit-flip
base address to flip value: 0x555555771750
address max offset: 8
Memory content after  bitflip:0x000x000x000x000x000x280x000x00
frame name: main
symbol name: y
symbol filename: lreg.cpp
symbol line: 33
value: std::vector of length 20, capacity 32 = {-12, -6, -6, 11, -1, 8, -3, -5, 423, 59, 345, 213, 23, 383, 345, 33, 135, 383, 555, 23}
value address: 0x55555575a160 <y>
Type: The type is a structure.
Type sizeof: 24
Field name: std::_Vector_base<double, std::allocator<double> >
Field Type: The type is a structure.
Field Type sizeof: 24

[INFO -- 2018-09-16 00:08:05]
Fault Injection Successful after 1.9243113994598389s
[INFO -- 2018-09-16 00:08:12]
event type: exit
[INFO -- 2018-09-16 00:08:12]
exit code: 0
