[INFO -- 2018-10-03 13:18:55]
Starting flip_value script
version: 1.1
[INFO -- 2018-10-03 13:18:55]
Initialization strings:
[INFO -- 2018-10-03 13:18:55]
(1) file /tmp/lreg/lreg
[INFO -- 2018-10-03 13:18:55]
(2) set args /tmp/lreg/randInput /tmp/lreg/output
[INFO -- 2018-10-03 13:18:55]
initSignal:0
[INFO -- 2018-10-03 13:18:55]
endSignal:10
[INFO -- 2018-10-03 13:18:55]
faultModel:0
[INFO -- 2018-10-03 13:18:56]
Backtrace BEGIN:
#0  0x00007ffff76d5567 in __ieee754_pow_sse2 (x=-2, y=0) at ../sysdeps/ieee754/dbl-64/e_pow.c:76
#1  0x00007ffff76b7b14 in __pow (x=-2, y=0) at w_pow_compat.c:30
#2  0x0000555555555d47 in std::pow<double, int> (__x=-2, __y=0) at /usr/include/c++/7/cmath:418
#3  0x00005555555551e7 in predict (v=-2) at lreg.cpp:50
#4  0x00005555555553ac in partialDerivate (pos=1) at lreg.cpp:74
#5  0x00005555555554b3 in adjust (alpha=5.0000000000000002e-05) at lreg.cpp:87
#6  0x000055555555565c in train (iterations=60000, alpha=5.0000000000000002e-05, N=3, stopsWhenStable=true) at lreg.cpp:120
#7  0x0000555555555ab7 in main (argc=3, argv=0x7fffffffde58) at lreg.cpp:174

71	../sysdeps/ieee754/dbl-64/e_pow.c: No such file or directory.

Backtrace END
Memory content before bitflip:0x010x000x000x00
Fault Model: Single bit-flip
base address to flip value: 0x7fffffffd77c
address max offset: 4
Memory content after  bitflip:0x010x000x000x10
frame name: partialDerivate
symbol name: pos
symbol filename: lreg.cpp
symbol line: 71
value: 268435457
value address: 0x7fffffffd77c
Type: The type is an integer type.
Type sizeof: 4

[INFO -- 2018-10-03 13:18:56]
Fault Injection Successful after 1.4145359992980957s
[INFO -- 2018-10-03 13:19:03]
event type: exit
[INFO -- 2018-10-03 13:19:03]
exit code: 0
