[INFO -- 2018-11-14 15:46:42]
Starting flip_value script
version: 1.1
[INFO -- 2018-11-14 15:46:42]
Initialization strings:
[INFO -- 2018-11-14 15:46:42]
(1) file /tmp/lreg/lreg
[INFO -- 2018-11-14 15:46:42]
(2) set args /tmp/lreg/randInput /tmp/lreg/output
[INFO -- 2018-11-14 15:46:42]
initSignal:0
[INFO -- 2018-11-14 15:46:42]
endSignal:5
[INFO -- 2018-11-14 15:46:42]
faultModel:2
[INFO -- 2018-11-14 15:46:44]
Backtrace BEGIN:
#0  0x00005555555557e5 in predict (v=-5) at lreg.cpp:116
#1  0x00005555555558c0 in meanSquaredError () at lreg.cpp:128
#2  0x0000555555555ee5 in train (iter1=15000, iter2=15000, N=2, alpha1=0.00020000000000000001, alpha2=0.00020000000000000001, stopsWhenStable=true) at lreg.cpp:194
#3  0x0000555555556467 in main (argc=3, argv=0x7fffffffde68) at lreg.cpp:253

111	*/
112	double predict(double v){
113		double val = 0;
114		
115		for(UINT i1 = 0, i2 = 0; verifyUintDup(i1, i2)<T1.size(); i1++, i2++){
116			val+= (verifyDoubleDup(T1[verifyUintDup(i1, i2)], T2[verifyUintDup(i1, i2)]) * pow(v, verifyUintDup(i1, i2)));
117		}
118		return val;
119		
120	}

Backtrace END
Memory content before bitflip:0x000x000x000x000x000x000x000xc0
Fault Model: Random bit-flip
base address to flip value: 0x7fffffffd928
address max offset: 8
Memory content after  bitflip:0xd80xad0x2f0xf80x490xe50x8a0x43
frame name: main
symbol name: temp
symbol filename: lreg.cpp
symbol line: 233
value: 2.4225456811918822e+17
value address: 0x7fffffffd928
Type: A floating point type.
Type sizeof: 8

[INFO -- 2018-11-14 15:46:44]
Fault Injection Successful after 2.2885520458221436s
[INFO -- 2018-11-14 15:46:52]
event type: exit
[INFO -- 2018-11-14 15:46:52]
exit code: 0
