[INFO -- 2018-10-06 19:38:17]
Starting flip_value script
version: 1.1
[INFO -- 2018-10-06 19:38:17]
Initialization strings:
[INFO -- 2018-10-06 19:38:17]
(1) file /tmp/lreg/lreg
[INFO -- 2018-10-06 19:38:17]
(2) set args /tmp/lreg/randInput /tmp/lreg/output
[INFO -- 2018-10-06 19:38:17]
initSignal:0
[INFO -- 2018-10-06 19:38:17]
endSignal:10
[INFO -- 2018-10-06 19:38:17]
faultModel:2
[INFO -- 2018-10-06 19:38:20]
Backtrace BEGIN:
#0  log1 (error=<synthetic pointer>, delta=<synthetic pointer>, x=11) at ../sysdeps/ieee754/dbl-64/e_pow.c:265
#1  __ieee754_pow_sse2 (x=11, y=3) at ../sysdeps/ieee754/dbl-64/e_pow.c:103
#2  0x00007ffff76d66be in __ieee754_pow_sse2 (x=<optimized out>, y=<optimized out>) at ../sysdeps/ieee754/dbl-64/e_pow.c:184
#3  0x00007ffff76b7b14 in __pow (x=-11, y=3) at w_pow_compat.c:30
#4  0x00005555555560ba in std::pow<double, unsigned int> (__x=-11, __y=3) at /usr/include/c++/7/cmath:418
#5  0x00005555555552c2 in predict (v=-11) at lreg.cpp:77
#6  0x000055555555551d in partialDerivate (pos=2) at lreg.cpp:107
#7  0x0000555555555670 in adjust () at lreg.cpp:123
#8  0x0000555555555881 in train (iterations=90000, N=4, stopsWhenStable=true) at lreg.cpp:159
#9  0x0000555555555dba in main (argc=3, argv=0x7fffffffde68) at lreg.cpp:225

260	../sysdeps/ieee754/dbl-64/e_pow.c: No such file or directory.

Backtrace END
Memory content before bitflip:0x000x000x000x000x000x000x080x40
Fault Model: Random bit-flip
base address to flip value: 0x7fffffffd6a8
address max offset: 8
Memory content after  bitflip:0x720xf50xd20x2a0x730x6f0xf50xb4
frame name: __pow
symbol name: y
symbol filename: w_pow_compat.c
symbol line: 28
value: -1.3987219206617435e-53
value address: 0x7fffffffd6a8
Type: A floating point type.
Type sizeof: 8

[INFO -- 2018-10-06 19:38:20]
Fault Injection Successful after 3.512646436691284s
[INFO -- 2018-10-06 19:38:27]
event type: exit
[INFO -- 2018-10-06 19:38:27]
exit code: 0
