[INFO -- 2018-10-12 14:33:20]
Starting flip_value script
version: 1.1
[INFO -- 2018-10-12 14:33:20]
Initialization strings:
[INFO -- 2018-10-12 14:33:20]
(1) file /tmp/lreg/lreg
[INFO -- 2018-10-12 14:33:20]
(2) set args /tmp/lreg/randInput /tmp/lreg/output
[INFO -- 2018-10-12 14:33:20]
initSignal:0
[INFO -- 2018-10-12 14:33:20]
endSignal:10
[INFO -- 2018-10-12 14:33:20]
faultModel:0
[INFO -- 2018-10-12 14:33:22]
Backtrace BEGIN:
#0  0x00007ffff76d5567 in __ieee754_pow_sse2 (x=21, y=2) at ../sysdeps/ieee754/dbl-64/e_pow.c:76
#1  0x00007ffff76b7b14 in __pow (x=21, y=2) at w_pow_compat.c:30
#2  0x00005555555560ba in std::pow<double, unsigned int> (__x=21, __y=2) at /usr/include/c++/7/cmath:418
#3  0x00005555555552c2 in predict (v=21) at lreg.cpp:77
#4  0x000055555555551d in partialDerivate (pos=0) at lreg.cpp:107
#5  0x0000555555555670 in adjust () at lreg.cpp:123
#6  0x0000555555555881 in train (iterations=60000, N=3, stopsWhenStable=true) at lreg.cpp:159
#7  0x0000555555555dba in main (argc=3, argv=0x7fffffffde68) at lreg.cpp:225

71	../sysdeps/ieee754/dbl-64/e_pow.c: No such file or directory.

Backtrace END
Fliping value of field: std::_Vector_base<double, std::allocator<double> >
Fliping value of field: _M_impl
Fliping value of field: _M_start
Fliping a bit of the value pointed by a pointer
Memory content before bitflip:0x000x000x000x000x000x000xf00xbf
Fault Model: Single bit-flip
base address to flip value: 0x555555771540
address max offset: 8
Memory content after  bitflip:0x000x000x000x000x000x000xe00xbf
frame name: partialDerivate
symbol name: x
symbol filename: lreg.cpp
symbol line: 41
value: std::vector of length 20, capacity 32 = {-0.5, -13, -3, -16, -9, 14, 7, 8, -1, -21, -13, 21, -10, 11, -24, -9, -17, 18, 4, 24}
value address: 0x55555575a140 <x>
Type: The type is a structure.
Type sizeof: 24
Field name: std::_Vector_base<double, std::allocator<double> >
Field Type: The type is a structure.
Field Type sizeof: 24

[INFO -- 2018-10-12 14:33:22]
Fault Injection Successful after 2.271162271499634s
[INFO -- 2018-10-12 14:33:33]
event type: exit
[INFO -- 2018-10-12 14:33:33]
exit code: 0
