[INFO -- 2018-11-26 16:12:22]
Starting flip_value script
version: 1.1
[INFO -- 2018-11-26 16:12:22]
Initialization strings:
[INFO -- 2018-11-26 16:12:22]
(1) file /tmp/lreg/lreg
[INFO -- 2018-11-26 16:12:22]
(2) set args /tmp/lreg/randInput /tmp/lreg/output
[INFO -- 2018-11-26 16:12:22]
initSignal:0
[INFO -- 2018-11-26 16:12:22]
endSignal:3
[INFO -- 2018-11-26 16:12:22]
faultModel:0
[INFO -- 2018-11-26 16:12:22]
Backtrace BEGIN:
#0  0x0000555555555254 in verifyDoubleDup (a=-2.9909759442091524, b=-2.9909759442091524) at lreg.cpp:71
#1  0x00005555555557ea in predict (v=-7) at lreg.cpp:116
#2  0x0000555555555a53 in partialDerivate (pos1=2, pos2=2) at lreg.cpp:142
#3  0x0000555555555bbe in adjust (alpha1=5.0000000000000002e-05, alpha2=5.0000000000000002e-05) at lreg.cpp:156
#4  0x0000555555555ee0 in train (iter1=20000, iter2=20000, N=3, alpha1=5.0000000000000002e-05, alpha2=5.0000000000000002e-05, stopsWhenStable=true) at lreg.cpp:193
#5  0x0000555555556467 in main (argc=3, argv=0x7fffffffde58) at lreg.cpp:253

66	        detected = 1;	
67		}
68		return a;
69	}
70	double verifyDoubleDup(double a, double b){
71		if (a != b && detected != 1){
72			//gerar entrada no log
73			ofstream fp ("/tmp/lreg/detected.log", std::ofstream::app);
74			fp << "verifyDouble: a = "<<a<<"; b = "<<b<<endl;
75	        detected = 1;	

Backtrace END
Memory content before bitflip:0x2d0x430x1c0xeb0xe20x360x0a0x3f
Fault Model: Single bit-flip
base address to flip value: 0x7fffffffd7c8
address max offset: 8
Memory content after  bitflip:0x2d0x430x1c0xeb0xe20x760x0a0x3f
frame name: train
symbol name: alpha1
symbol filename: lreg.cpp
symbol line: 177
value: 5.0476837158203127e-05
value address: 0x7fffffffd7c8
Type: A floating point type.
Type sizeof: 8

[INFO -- 2018-11-26 16:12:22]
Fault Injection Successful after 0.9816639423370361s
[INFO -- 2018-11-26 16:12:24]
event type: exit
[INFO -- 2018-11-26 16:12:24]
exit code: 0
