[INFO -- 2018-11-25 11:01:30]
Starting flip_value script
version: 1.1
[INFO -- 2018-11-25 11:01:30]
Initialization strings:
[INFO -- 2018-11-25 11:01:30]
(1) file /tmp/lreg/lreg
[INFO -- 2018-11-25 11:01:30]
(2) set args /tmp/lreg/randInput /tmp/lreg/output /tmp/lreg/detected.log
[INFO -- 2018-11-25 11:01:30]
initSignal:0
[INFO -- 2018-11-25 11:01:30]
endSignal:6
[INFO -- 2018-11-25 11:01:30]
faultModel:2
[EXCEPTION -- 2018-11-25 11:01:33]
pythonException: Unable to exit loop in struct fields; Exiting wihtout making a bit flip
[INFO -- 2018-11-25 11:01:34]
Backtrace BEGIN:
#0  0x00007ffff76da66e in __ieee754_pow_sse2 (x=29, y=3) at ../sysdeps/ieee754/dbl-64/e_pow.c:101
#1  0x00007ffff76bcb14 in __pow (x=29, y=3) at w_pow_compat.c:30
#2  0x000055555555621b in std::pow<double, int> (__x=29, __y=3) at /usr/include/c++/7/cmath:418
#3  0x0000555555555237 in predict (v=29) at lreg.cpp:50
#4  0x00005555555553fc in partialDerivate (pos=0) at lreg.cpp:74
#5  0x0000555555555503 in adjust (alpha=2.2222199999999999e-05) at lreg.cpp:87
#6  0x00005555555556ac in train (iterations=30000, alpha=2.2222199999999999e-05, N=4, stopsWhenStable=true) at lreg.cpp:120
#7  0x0000555555555a1c in execute (input=0x7fffffffe1f1 "/tmp/lreg/randInput") at lreg.cpp:157
#8  0x0000555555555cb0 in main (argc=4, argv=0x7fffffffde48) at lreg.cpp:196

96	../sysdeps/ieee754/dbl-64/e_pow.c: No such file or directory.

Backtrace END
Memory content before bitflip:0x000x000x000x000x000x000x3d0x40
Fault Model: Random bit-flip
base address to flip value: 0x7fffffffd410
address max offset: 8
Memory content after  bitflip:0xa10x1d0xea0x830x830xa90x140x43
frame name: __pow
symbol name: x
symbol filename: w_pow_compat.c
symbol line: 28
value: 1453970463295336.2
value address: 0x7fffffffd410
Type: A floating point type.
Type sizeof: 8

[INFO -- 2018-11-25 11:01:34]
Fault Injection Successful after 4.680155038833618s
[INFO -- 2018-11-25 11:01:34]
event type: exit
[INFO -- 2018-11-25 11:01:34]
exit code: 0
