[INFO -- 2018-09-16 00:23:18]
Starting flip_value script
version: 1.1
[INFO -- 2018-09-16 00:23:18]
Initialization strings:
[INFO -- 2018-09-16 00:23:18]
(1) file /tmp/lreg/lreg
[INFO -- 2018-09-16 00:23:18]
(2) set args /tmp/lreg/randInput /tmp/lreg/output
[INFO -- 2018-09-16 00:23:18]
initSignal:0
[INFO -- 2018-09-16 00:23:18]
endSignal:2
[INFO -- 2018-09-16 00:23:18]
faultModel:1
[INFO -- 2018-09-16 00:23:19]
Backtrace BEGIN:
#0  0x0000555555555f2f in std::pow<double, int> (__x=-4, __y=0) at /usr/include/c++/7/cmath:418
#1  0x0000555555555237 in predict (v=-4) at lreg.cpp:50
#2  0x00005555555553fc in partialDerivate (pos=1) at lreg.cpp:74
#3  0x0000555555555503 in adjust (alpha=5.0000000000000002e-05) at lreg.cpp:87
#4  0x00005555555556ac in train (iterations=60000, alpha=5.0000000000000002e-05, N=3, stopsWhenStable=true) at lreg.cpp:120
#5  0x0000555555555c26 in main (argc=3, argv=0x7fffffffde68) at lreg.cpp:182

413	    inline _GLIBCXX_CONSTEXPR
414	    typename __gnu_cxx::__promote_2<_Tp, _Up>::__type
415	    pow(_Tp __x, _Up __y)
416	    {
417	      typedef typename __gnu_cxx::__promote_2<_Tp, _Up>::__type __type;
418	      return pow(__type(__x), __type(__y));
419	    }
420	
421	  using ::sin;
422	

Backtrace END
Memory content before bitflip:0x750x590xea0xca0xd70xdf0x370x40
Fault Model: Double bit-flip
base address to flip value: 0x7fffffffd7e8
address max offset: 8
Memory content after  bitflip:0x750x590xea0xca0xd70xdf0x370x02
frame name: adjust
symbol name: PD
symbol filename: lreg.cpp
symbol line: 85
value: 5.7039606579018776e-298
value address: 0x7fffffffd7e8
Type: A floating point type.
Type sizeof: 8

[INFO -- 2018-09-16 00:23:19]
Fault Injection Successful after 1.109403371810913s
[INFO -- 2018-09-16 00:23:25]
event type: exit
[INFO -- 2018-09-16 00:23:25]
exit code: 0
