[INFO -- 2018-10-06 15:32:36]
Starting flip_value script
version: 1.1
[INFO -- 2018-10-06 15:32:36]
Initialization strings:
[INFO -- 2018-10-06 15:32:36]
(1) file /tmp/lreg/lreg
[INFO -- 2018-10-06 15:32:36]
(2) set args /tmp/lreg/randInput /tmp/lreg/output
[INFO -- 2018-10-06 15:32:36]
initSignal:0
[INFO -- 2018-10-06 15:32:36]
endSignal:10
[INFO -- 2018-10-06 15:32:36]
faultModel:0
[INFO -- 2018-10-06 15:32:38]
Backtrace BEGIN:
#0  0x00005555555550ae in selectTriUInt (a=3222798336, b=0, c=3) at lreg.cpp:47
#1  0x0000555555555256 in predict (v=-6) at lreg.cpp:74
#2  0x000055555555551d in partialDerivate (pos=3) at lreg.cpp:107
#3  0x0000555555555670 in adjust () at lreg.cpp:123
#4  0x0000555555555881 in train (iterations=90000, N=4, stopsWhenStable=true) at lreg.cpp:159
#5  0x0000555555555dba in main (argc=3, argv=0x7fffffffde68) at lreg.cpp:225

42	vector<double> y; // observed values of training set inputs
43	vector<double> T; // the adjustment variables
44	
45	double a1, a2, a3; // triplication of alpha
46	
47	UINT selectTriUInt(UINT a, UINT b, UINT c){
48		return (a == b)? a : c;
49	}
50	double selectTriDouble(double a, double b, double c){
51		return (a == b)? a : c;

Backtrace END
Memory content before bitflip:0x460x5a0xb70xf40x390x4d0xf70x3e
Fault Model: Single bit-flip
base address to flip value: 0x55555575a198 
address max offset: 8
Memory content after  bitflip:0x460x520xb70xf40x390x4d0xf70x3e
frame name: selectTriUInt
symbol name: a1
symbol filename: lreg.cpp
symbol line: 45
value: 2.222219999999306e-05
value address: 0x55555575a198 <a1>
Type: A floating point type.
Type sizeof: 8

[INFO -- 2018-10-06 15:32:38]
Fault Injection Successful after 2.5002121925354004s
[INFO -- 2018-10-06 15:32:46]
event type: exit
[INFO -- 2018-10-06 15:32:46]
exit code: 0
