[INFO -- 2018-11-26 21:11:18]
Starting flip_value script
version: 1.1
[INFO -- 2018-11-26 21:11:18]
Initialization strings:
[INFO -- 2018-11-26 21:11:18]
(1) file /tmp/lreg/lreg
[INFO -- 2018-11-26 21:11:18]
(2) set args /tmp/lreg/randInput /tmp/lreg/output
[INFO -- 2018-11-26 21:11:18]
initSignal:0
[INFO -- 2018-11-26 21:11:18]
endSignal:3
[INFO -- 2018-11-26 21:11:18]
faultModel:2
[EXCEPTION -- 2018-11-26 21:11:19]
gdbException: Attempt to dereference a generic pointer.
[INFO -- 2018-11-26 21:11:19]
Backtrace BEGIN:
#0  0x0000555555555106 in verifyUintDup (a=0, b=0) at lreg.cpp:61
#1  0x000055555555576f in predict (v=-1) at lreg.cpp:115
#2  0x00005555555558c0 in meanSquaredError () at lreg.cpp:128
#3  0x0000555555555ee5 in train (iter1=20000, iter2=20000, N=3, alpha1=5.0000000000000002e-05, alpha2=5.0000000000000002e-05, stopsWhenStable=true) at lreg.cpp:194
#4  0x0000555555556467 in main (argc=3, argv=0x7fffffffde58) at lreg.cpp:253

56	*/
57	
58	int detected = 0;
59	
60	
61	UINT verifyUintDup(UINT a, UINT b){
62		if (a != b && detected != 1){
63			//gerar entrada no log
64			ofstream fp ("/tmp/lreg/detected.log", std::ofstream::app);
65			fp << "verifyUint: a = "<<a<<"; b = "<<b<<endl;

Backtrace END
Fliping value of field: std::_Vector_base<double, std::allocator<double> >
Fliping value of field: _M_impl
Fliping value of field: _M_finish
Fliping a bit of the pointer
Memory content before bitflip:0x580x230x770x550x550x550x000x00
Fault Model: Random bit-flip
base address to flip value: 0x55555575b1a8 
address max offset: 8
Memory content after  bitflip:0x170x560x420x9c0x020xe00x060x8d
frame name: meanSquaredError
symbol name: T2
symbol filename: lreg.cpp
symbol line: 37
value: std::vector of length -1035597748459968933, capacity 3 = {0.73668361451029052, -0.027982878833017127, -2.9918342990450095, 1.6304166312761136e-322, 0.73658125936784391, -0.027991335108496707, -2.9917012867225425, 2.4209216646221081e-322, 0, 8, 12, 5, 0, 4.001931731314097e-322, 0, 1.5810100666919889e-322, 2.1219957904712067e-314, 6.3482494834141768e-320, 0, 0, 0, 0, 0, 7.1639518646980749e-322, -4, -3, -7, -2, -1, -1, -21, -3, -19, 13, 6, 23, -19, 0, 0, 0, 0, 7.1639518646980749e-322, -44, -23, -143, -8, 1, 1, -1319, -23, -1079, -503, -104, -1583, -4827, 0, 0, 0, 0, 1.6304166312761136e-322, 0.73668361451029052, -0.027982878833017127, -2.9918342990450095, 1.6304166312761136e-322, 0.73658125936784391, -0.027991335108496707, -2.9917012867225425, 1.6304166312761136e-322, 4.6355706480405627e-310, -0.027984637641348984, -2.9918337815286176, 1.6304166312761136e-322, 0, -0.027991335108496707, -2.9917012867225425, 2.155756632499111e-319, 0, 0, 0, 0, 0, 0, 0, 0, 0, 0, 0, 0, 0, 0, 0, 0, 0, 0, 0, 0, 0, 0, 0, 0, 0, 0, 0, 0, 0, 0, 0, 0, 0, 0, 0, 0, 0, 0, 0, 0, 0, 0, 0, 0, 0, 0, 0, 0, 0, 0, 0, 0, 0, 0, 0, 0, 0, 0, 0, 0, 0, 0, 0, 0, 0, 0, 0, 0, 0, 0, 0, 0, 0, 0, 0, 0, 0, 0, 0, 0, 0, 0, 0, 0, 0, 0, 0, 0, 0, 0, 0, 0, 0, 0, 0, 0, 0, 0, 0, 0, 0, 0, 0, 0, 0, 0, 0, 0, 0, 0, 0, 0, 0, 0, 0, 0, 0, 0, 0, 0, 0, 0, 0, 0...}
value address: 0x55555575b1a0 <T2>
Type: The type is a structure.
Type sizeof: 24
Field name: std::_Vector_base<double, std::allocator<double> >
Field Type: The type is a structure.
Field Type sizeof: 24

[INFO -- 2018-11-26 21:11:19]
Fault Injection Successful after 1.5236115455627441s
[INFO -- 2018-11-26 21:11:20]
event type: exit
[INFO -- 2018-11-26 21:11:20]
exit code: 0
