[INFO -- 2018-11-25 12:18:40]
sending 5 signals using command: 'killall -2 lreg' after 3.57106526766s
[INFO -- 2018-11-25 12:18:40]
sending 5 signals using command: 'killall -2 lreg' after 3.60939022144s
[INFO -- 2018-11-25 12:18:42]
sending 5 signals using command: 'killall -2 lreg' after 4.82608103452s
[INFO -- 2018-11-25 12:18:42]
Starting GDB script
[INFO -- 2018-11-25 12:18:42]
initSignal:0.0
[INFO -- 2018-11-25 12:18:42]
endSignal:6.0
[INFO -- 2018-11-25 12:18:42]
sending 5 signals using command: 'killall -2 lreg' after 0.26862148558s
[INFO -- 2018-11-25 12:18:42]
sending 5 signals using command: 'killall -2 lreg' after 0.562382033185s
[INFO -- 2018-11-25 12:18:43]
sending 5 signals using command: 'killall -2 lreg' after 0.761368915083s
[INFO -- 2018-11-25 12:18:45]
Execution finished before waitTime
