[INFO -- 2018-11-24 15:42:11]
Starting flip_value script
version: 1.1
[INFO -- 2018-11-24 15:42:11]
Initialization strings:
[INFO -- 2018-11-24 15:42:11]
(1) file /tmp/lreg/lreg
[INFO -- 2018-11-24 15:42:11]
(2) set args /tmp/lreg/randInput /tmp/lreg/output /tmp/lreg/detected.log
[INFO -- 2018-11-24 15:42:11]
initSignal:0
[INFO -- 2018-11-24 15:42:11]
endSignal:6
[INFO -- 2018-11-24 15:42:11]
faultModel:1
[EXCEPTION -- 2018-11-24 15:42:13]
pythonException: Unable to exit loop in struct fields; Exiting wihtout making a bit flip
[INFO -- 2018-11-24 15:42:14]
Backtrace BEGIN:
#0  0x0000555555556827 in std::_Vector_base<double, std::allocator<double> >::~_Vector_base (this=0x7fffffffd5d0, __in_chrg=<optimized out>) at /usr/include/c++/7/bits/stl_vector.h:163
#1  0x000055555555623d in std::vector<double, std::allocator<double> >::~vector (this=0x7fffffffd5d0, __in_chrg=<optimized out>) at /usr/include/c++/7/bits/stl_vector.h:435
#2  0x0000555555555770 in train (iterations=10000, alpha=0.00020000000000000001, N=2, stopsWhenStable=true) at lreg.cpp:126
#3  0x0000555555555a1c in execute (input=0x7fffffffe1f2 "/tmp/lreg/randInput") at lreg.cpp:157
#4  0x0000555555555cb0 in main (argc=4, argv=0x7fffffffde48) at lreg.cpp:196

158	      }
159	#endif
160	
161	      ~_Vector_base() _GLIBCXX_NOEXCEPT
162	      { _M_deallocate(this->_M_impl._M_start, this->_M_impl._M_end_of_storage
163			      - this->_M_impl._M_start); }
164	
165	    public:
166	      _Vector_impl _M_impl;
167	

Backtrace END
Memory content before bitflip:0x100x270x000x00
Fault Model: Double bit-flip
base address to flip value: 0x7fffffffd668
address max offset: 4
Memory content after  bitflip:0x010x270x000x00
frame name: execute
symbol name: iterations
symbol filename: lreg.cpp
symbol line: 144
value: 9985
value address: 0x7fffffffd668
Type: The type is an integer type.
Type sizeof: 4

[INFO -- 2018-11-24 15:42:14]
Fault Injection Successful after 3.0307819843292236s
[INFO -- 2018-11-24 15:42:15]
event type: exit
[INFO -- 2018-11-24 15:42:15]
exit code: 0
