[INFO -- 2018-10-04 19:32:35]
Starting flip_value script
version: 1.1
[INFO -- 2018-10-04 19:32:35]
Initialization strings:
[INFO -- 2018-10-04 19:32:35]
(1) file /tmp/lreg/lreg
[INFO -- 2018-10-04 19:32:35]
(2) set args /tmp/lreg/randInput /tmp/lreg/output
[INFO -- 2018-10-04 19:32:35]
initSignal:0
[INFO -- 2018-10-04 19:32:35]
endSignal:10
[INFO -- 2018-10-04 19:32:35]
faultModel:0
[INFO -- 2018-10-04 19:32:40]
Backtrace BEGIN:
#0  0x00005555555551f1 in predict (v=-4) at lreg.cpp:50
#1  0x000055555555526a in meanSquaredError () at lreg.cpp:61
#2  0x0000555555555661 in train (iterations=90000, alpha=2.2222199999999999e-05, N=4, stopsWhenStable=true) at lreg.cpp:121
#3  0x0000555555555ab7 in main (argc=3, argv=0x7fffffffde58) at lreg.cpp:174

45		Predicts the value related to v using the Ts variables
46	*/
47	double predict(double v){
48		double val = 0;
49		for(int i = 0; i<T.size(); i++){
50			val+= (T[i] * pow(v, i));
51		}
52		return val;
53		
54	}

Backtrace END
Memory content before bitflip:0x360xcd0x300x210x0b0xe70x910x41
Fault Model: Single bit-flip
base address to flip value: 0x7fffffffd838
address max offset: 8
Memory content after  bitflip:0x360xcd0x300x210x0b0xe70x990x41
frame name: train
symbol name: MSE
symbol filename: lreg.cpp
symbol line: 117
value: 108643016.29765782
value address: 0x7fffffffd838
Type: A floating point type.
Type sizeof: 8

[INFO -- 2018-10-04 19:32:40]
Fault Injection Successful after 5.222464084625244s
[INFO -- 2018-10-04 19:32:42]
event type: exit
[INFO -- 2018-10-04 19:32:42]
exit code: 0
