[INFO -- 2018-10-11 18:09:15]
Starting flip_value script
version: 1.1
[INFO -- 2018-10-11 18:09:15]
Initialization strings:
[INFO -- 2018-10-11 18:09:15]
(1) file /tmp/lreg/lreg
[INFO -- 2018-10-11 18:09:15]
(2) set args /tmp/lreg/randInput /tmp/lreg/output
[INFO -- 2018-10-11 18:09:15]
initSignal:0
[INFO -- 2018-10-11 18:09:15]
endSignal:10
[INFO -- 2018-10-11 18:09:15]
faultModel:1
[INFO -- 2018-10-11 18:09:18]
Backtrace BEGIN:
#0  __exp1 (x=<optimized out>, xx=<optimized out>, error=<optimized out>) at ../sysdeps/ieee754/dbl-64/e_exp.c:273
#1  0x00007ffff76d58dc in __ieee754_pow_sse2 (x=19, y=3) at ../sysdeps/ieee754/dbl-64/e_pow.c:115
#2  0x00007ffff76b7b14 in __pow (x=19, y=3) at w_pow_compat.c:30
#3  0x00005555555560ba in std::pow<double, unsigned int> (__x=19, __y=3) at /usr/include/c++/7/cmath:418
#4  0x00005555555552c2 in predict (v=19) at lreg.cpp:77
#5  0x000055555555551d in partialDerivate (pos=3) at lreg.cpp:107
#6  0x0000555555555670 in adjust () at lreg.cpp:123
#7  0x0000555555555881 in train (iterations=90000, N=4, stopsWhenStable=true) at lreg.cpp:159
#8  0x0000555555555dba in main (argc=3, argv=0x7fffffffde68) at lreg.cpp:225

268	../sysdeps/ieee754/dbl-64/e_exp.c: No such file or directory.

Backtrace END
Memory content before bitflip:0x030x000x000x00
Fault Model: Double bit-flip
base address to flip value: 0x7fffffffd71c
address max offset: 4
Memory content after  bitflip:0x030x000x420x00
frame name: predict
symbol name: i1
symbol filename: lreg.cpp
symbol line: 73
value: 4325379
value address: 0x7fffffffd71c
Type: The type is an integer type.
Type sizeof: 4

[INFO -- 2018-10-11 18:09:18]
Fault Injection Successful after 3.8340799808502197s
[INFO -- 2018-10-11 18:09:26]
event type: exit
[INFO -- 2018-10-11 18:09:26]
exit code: 0
