[INFO -- 2018-10-12 14:29:04]
Starting flip_value script
version: 1.1
[INFO -- 2018-10-12 14:29:04]
Initialization strings:
[INFO -- 2018-10-12 14:29:04]
(1) file /tmp/lreg/lreg
[INFO -- 2018-10-12 14:29:04]
(2) set args /tmp/lreg/randInput /tmp/lreg/output
[INFO -- 2018-10-12 14:29:04]
initSignal:0
[INFO -- 2018-10-12 14:29:04]
endSignal:10
[INFO -- 2018-10-12 14:29:04]
faultModel:1
[INFO -- 2018-10-12 14:29:05]
Backtrace BEGIN:
#0  0x00005555555560ac in std::pow<double, unsigned int> (__x=-9, __y=2) at /usr/include/c++/7/cmath:418
#1  0x00005555555552c2 in predict (v=-9) at lreg.cpp:77
#2  0x000055555555551d in partialDerivate (pos=1) at lreg.cpp:107
#3  0x0000555555555670 in adjust () at lreg.cpp:123
#4  0x0000555555555881 in train (iterations=60000, N=3, stopsWhenStable=true) at lreg.cpp:159
#5  0x0000555555555dba in main (argc=3, argv=0x7fffffffde68) at lreg.cpp:225

413	    inline _GLIBCXX_CONSTEXPR
414	    typename __gnu_cxx::__promote_2<_Tp, _Up>::__type
415	    pow(_Tp __x, _Up __y)
416	    {
417	      typedef typename __gnu_cxx::__promote_2<_Tp, _Up>::__type __type;
418	      return pow(__type(__x), __type(__y));
419	    }
420	
421	  using ::sin;
422	

Backtrace END
Memory content before bitflip:0x5d0x010x740xd80xad0x3e0xb20xc0
Fault Model: Double bit-flip
base address to flip value: 0x7fffffffd788
address max offset: 8
Memory content after  bitflip:0x5d0x010x740x990xad0x3e0xb20xc0
frame name: partialDerivate
symbol name: pD
symbol filename: lreg.cpp
symbol line: 102
value: -4670.6781227591828
value address: 0x7fffffffd788
Type: A floating point type.
Type sizeof: 8

[INFO -- 2018-10-12 14:29:05]
Fault Injection Successful after 1.3771162033081055s
[INFO -- 2018-10-12 14:29:16]
event type: exit
[INFO -- 2018-10-12 14:29:16]
exit code: 0
