[INFO -- 2018-10-09 19:08:28]
Starting flip_value script
version: 1.1
[INFO -- 2018-10-09 19:08:28]
Initialization strings:
[INFO -- 2018-10-09 19:08:28]
(1) file /tmp/lreg/lreg
[INFO -- 2018-10-09 19:08:28]
(2) set args /tmp/lreg/randInput /tmp/lreg/output
[INFO -- 2018-10-09 19:08:28]
initSignal:0
[INFO -- 2018-10-09 19:08:28]
endSignal:10
[INFO -- 2018-10-09 19:08:28]
faultModel:1
[INFO -- 2018-10-09 19:08:31]
Backtrace BEGIN:
#0  selectTriUInt (a=0, b=0, c=0) at lreg.cpp:49
#1  0x0000555555555256 in predict (v=-14) at lreg.cpp:74
#2  0x000055555555537b in meanSquaredError () at lreg.cpp:91
#3  0x0000555555555886 in train (iterations=90000, N=4, stopsWhenStable=true) at lreg.cpp:160
#4  0x0000555555555dba in main (argc=3, argv=0x7fffffffde68) at lreg.cpp:225

44	
45	double a1, a2, a3; // triplication of alpha
46	
47	UINT selectTriUInt(UINT a, UINT b, UINT c){
48		return (a == b)? a : c;
49	}
50	double selectTriDouble(double a, double b, double c){
51		return (a == b)? a : c;
52	}
53	

Backtrace END
Memory content before bitflip:0x510x0a0x000x00
Fault Model: Double bit-flip
base address to flip value: 0x7fffffffd818
address max offset: 4
Memory content after  bitflip:0x510x0a0x900x00
frame name: train
symbol name: i2
symbol filename: lreg.cpp
symbol line: 154
value: 9439825
value address: 0x7fffffffd818
Type: The type is an integer type.
Type sizeof: 4

[INFO -- 2018-10-09 19:08:31]
Fault Injection Successful after 3.089226722717285s
[INFO -- 2018-10-09 19:08:38]
event type: exit
[INFO -- 2018-10-09 19:08:38]
exit code: 0
