[INFO -- 2018-11-22 20:26:11]
Starting flip_value script
version: 1.1
[INFO -- 2018-11-22 20:26:11]
Initialization strings:
[INFO -- 2018-11-22 20:26:11]
(1) file /tmp/lreg/lreg
[INFO -- 2018-11-22 20:26:11]
(2) set args /tmp/lreg/randInput /tmp/lreg/output
[INFO -- 2018-11-22 20:26:11]
initSignal:0
[INFO -- 2018-11-22 20:26:11]
endSignal:3
[INFO -- 2018-11-22 20:26:11]
faultModel:0
[EXCEPTION -- 2018-11-22 20:26:12]
gdbException: Attempt to dereference a generic pointer.
[INFO -- 2018-11-22 20:26:13]
Backtrace BEGIN:
#0  __ieee754_pow_sse2 (x=<optimized out>, y=<optimized out>) at ../sysdeps/ieee754/dbl-64/e_pow.c:215
#1  0x00007ffff76db6be in __ieee754_pow_sse2 (x=<optimized out>, y=<optimized out>) at ../sysdeps/ieee754/dbl-64/e_pow.c:184
#2  0x00007ffff76bcb14 in __pow (x=-15, y=3) at w_pow_compat.c:30
#3  0x0000555555555d5f in std::pow<double, int> (__x=-15, __y=3) at /usr/include/c++/7/cmath:418
#4  0x00005555555551e7 in predict (v=-15) at lreg.cpp:50
#5  0x000055555555526a in meanSquaredError () at lreg.cpp:61
#6  0x0000555555555661 in train (iterations=30000, alpha=2.2222199999999999e-05, N=4, stopsWhenStable=true) at lreg.cpp:121
#7  0x0000555555555ab7 in main (argc=3, argv=0x7fffffffde58) at lreg.cpp:174

210	../sysdeps/ieee754/dbl-64/e_pow.c: No such file or directory.

Backtrace END
Memory content before bitflip:0x000x000x000x000x000x000x2e0xc0
Fault Model: Single bit-flip
base address to flip value: 0x7fffffffd720
address max offset: 8
Memory content after  bitflip:0x000x000x400x000x000x000x2e0xc0
frame name: __pow
symbol name: x
symbol filename: w_pow_compat.c
symbol line: 28
value: -15.000000007450581
value address: 0x7fffffffd720
Type: A floating point type.
Type sizeof: 8

[INFO -- 2018-11-22 20:26:13]
Fault Injection Successful after 2.8728268146514893s
[INFO -- 2018-11-22 20:26:15]
event type: exit
[INFO -- 2018-11-22 20:26:15]
exit code: 0
