[INFO -- 2018-11-23 21:03:34]
Starting flip_value script
version: 1.1
[INFO -- 2018-11-23 21:03:34]
Initialization strings:
[INFO -- 2018-11-23 21:03:34]
(1) file /tmp/lreg/lreg
[INFO -- 2018-11-23 21:03:34]
(2) set args /tmp/lreg/randInput /tmp/lreg/output
[INFO -- 2018-11-23 21:03:34]
initSignal:0
[INFO -- 2018-11-23 21:03:34]
endSignal:3
[INFO -- 2018-11-23 21:03:34]
faultModel:1
[INFO -- 2018-11-23 21:03:35]
Backtrace BEGIN:
#0  0x00005555555553a2 in partialDerivate (pos=0) at lreg.cpp:74
#1  0x00005555555554b3 in adjust (alpha=2.2222199999999999e-05) at lreg.cpp:87
#2  0x000055555555565c in train (iterations=30000, alpha=2.2222199999999999e-05, N=4, stopsWhenStable=true) at lreg.cpp:120
#3  0x0000555555555ab7 in main (argc=3, argv=0x7fffffffde58) at lreg.cpp:174

69		to the adjustment variable whose position in T is passed in pos
70	*/
71	double partialDerivate(int pos){
72		double pD = 0;
73		for(int i = 0; i<x.size(); i++){
74			pD += ((predict(x[i]) - y[i])*pow(x[i], pos));	
75		}
76		pD *= (2.0/x.size());
77		return pD;
78	}

Backtrace END
Fliping value of field: std::_Vector_base<double, std::allocator<double> >
Fliping value of field: _M_impl
Fliping value of field: _M_end_of_storage
Fliping a bit of the value pointed by a pointer
Memory content before bitflip:0x000x000x000x000x000x000x000x00
Fault Model: Double bit-flip
base address to flip value: 0x5555557715c0
address max offset: 8
Memory content after  bitflip:0x000x000x000x000x810x000x000x00
frame name: partialDerivate
symbol name: y
symbol filename: lreg.cpp
symbol line: 33
value: std::vector of length 16, capacity 16 = {13145, 2813, 13, -99407, -575, 22793, -121267, 15973, 22793, 86413, -63895, 10673, -1507, 41, 19181, -38047}
value address: 0x55555575a160 <y>
Type: The type is a structure.
Type sizeof: 24
Field name: std::_Vector_base<double, std::allocator<double> >
Field Type: The type is a structure.
Field Type sizeof: 24

[INFO -- 2018-11-23 21:03:35]
Fault Injection Successful after 1.6237998008728027s
[INFO -- 2018-11-23 21:03:35]
event type: exit
[INFO -- 2018-11-23 21:03:35]
exit code: 0
