[INFO -- 2018-09-15 20:23:55]
Starting flip_value script
version: 1.1
[INFO -- 2018-09-15 20:23:55]
Initialization strings:
[INFO -- 2018-09-15 20:23:55]
(1) file /tmp/lreg/lreg
[INFO -- 2018-09-15 20:23:55]
(2) set args /tmp/lreg/randInput /tmp/lreg/output
[INFO -- 2018-09-15 20:23:55]
initSignal:0
[INFO -- 2018-09-15 20:23:55]
endSignal:2
[INFO -- 2018-09-15 20:23:55]
faultModel:1
[INFO -- 2018-09-15 20:23:57]
Backtrace BEGIN:
#0  0x0000555555555415 in partialDerivate (pos=2) at lreg.cpp:74
#1  0x0000555555555503 in adjust (alpha=5.0000000000000002e-05) at lreg.cpp:87
#2  0x00005555555556ac in train (iterations=60000, alpha=5.0000000000000002e-05, N=3, stopsWhenStable=true) at lreg.cpp:120
#3  0x0000555555555c26 in main (argc=3, argv=0x7fffffffde68) at lreg.cpp:182

69		to the adjustment variable whose position in T is passed in pos
70	*/
71	double partialDerivate(int pos){
72		double pD = 0;
73		for(int i = 0; i<x.size(); i++){
74			pD += ((predict(x[i]) - y[i])*pow(x[i], pos));	
75		}
76		pD *= (2.0/x.size());
77		return pD;
78	}

Backtrace END
Memory content before bitflip:0x2d0x430x1c0xeb0xe20x360x0a0x3f
Fault Model: Double bit-flip
base address to flip value: 0x7fffffffd820
address max offset: 8
Memory content after  bitflip:0x2d0x430x1c0xeb0xf60x360x0a0x3f
frame name: train
symbol name: alpha
symbol filename: lreg.cpp
symbol line: 105
value: 5.0000582076609137e-05
value address: 0x7fffffffd820
Type: A floating point type.
Type sizeof: 8

[INFO -- 2018-09-15 20:23:57]
Fault Injection Successful after 2.3203022480010986s
[INFO -- 2018-09-15 20:24:03]
event type: exit
[INFO -- 2018-09-15 20:24:03]
exit code: 0
