[INFO -- 2018-11-07 22:00:26]
Starting flip_value script
version: 1.1
[INFO -- 2018-11-07 22:00:26]
Initialization strings:
[INFO -- 2018-11-07 22:00:26]
(1) file /tmp/lreg/lreg
[INFO -- 2018-11-07 22:00:26]
(2) set args /tmp/lreg/randInput /tmp/lreg/output /tmp/lreg/detected.log
[INFO -- 2018-11-07 22:00:26]
initSignal:0
[INFO -- 2018-11-07 22:00:26]
endSignal:10
[INFO -- 2018-11-07 22:00:26]
faultModel:0
[INFO -- 2018-11-07 22:00:28]
Backtrace BEGIN:
#0  0x00007ffff76bcb0f in __pow (x=3, y=3) at w_pow_compat.c:30
#1  0x0000555555556131 in std::pow<double, int> (__x=3, __y=3) at /usr/include/c++/7/cmath:418
#2  0x0000555555555237 in predict (v=3) at lreg.cpp:50
#3  0x000055555555530a in meanSquaredError () at lreg.cpp:61
#4  0x00005555555556b1 in train (iterations=45000, alpha=2.2222199999999999e-05, N=4, stopsWhenStable=true) at lreg.cpp:121
#5  0x0000555555555a1c in execute (input=0x7fffffffe1f3 "/tmp/lreg/randInput") at lreg.cpp:157
#6  0x0000555555555c60 in main (argc=4, argv=0x7fffffffde48) at lreg.cpp:191

25	w_pow_compat.c: No such file or directory.

Backtrace END
Fliping value of field: std::_Vector_base<double, std::allocator<double> >
Fliping value of field: _M_impl
Fliping value of field: _M_end_of_storage
Fliping a bit of the pointer
Memory content before bitflip:0xd00x2b0x770x550x550x550x000x00
Fault Model: Single bit-flip
base address to flip value: 0x7fffffffd5c0
address max offset: 8
Memory content after  bitflip:0xd00x2b0x770x5d0x550x550x000x00
frame name: train
symbol name: bestT
symbol filename: lreg.cpp
symbol line: 115
value: std::vector of length 4, capacity 16777220 = {-1.6160678488427562, 22.172247989601882, -6.3254171411289555, -4.5282279323235048}
value address: 0x7fffffffd5b0
Type: The type is a structure.
Type sizeof: 24
Field name: std::_Vector_base<double, std::allocator<double> >
Field Type: The type is a structure.
Field Type sizeof: 24

[INFO -- 2018-11-07 22:00:28]
Fault Injection Successful after 2.445242166519165s
[INFO -- 2018-11-07 22:00:35]
event type: exit
[INFO -- 2018-11-07 22:00:35]
exit code: 0
