[INFO -- 2018-10-13 18:50:53]
Starting flip_value script
version: 1.1
[INFO -- 2018-10-13 18:50:53]
Initialization strings:
[INFO -- 2018-10-13 18:50:53]
(1) file /tmp/lreg/lreg
[INFO -- 2018-10-13 18:50:53]
(2) set args /tmp/lreg/randInput /tmp/lreg/output
[INFO -- 2018-10-13 18:50:53]
initSignal:0
[INFO -- 2018-10-13 18:50:53]
endSignal:10
[INFO -- 2018-10-13 18:50:53]
faultModel:1
[EXCEPTION -- 2018-10-13 18:50:56]
pythonException: Unable to exit loop in struct fields; Exiting wihtout making a bit flip
[INFO -- 2018-10-13 18:50:56]
Backtrace BEGIN:
#0  0x0000555555555274 in predict (v=-24) at lreg.cpp:77
#1  0x000055555555551d in partialDerivate (pos=0) at lreg.cpp:107
#2  0x0000555555555670 in adjust () at lreg.cpp:123
#3  0x0000555555555881 in train (iterations=90000, N=4, stopsWhenStable=true) at lreg.cpp:159
#4  0x0000555555555dba in main (argc=3, argv=0x7fffffffde68) at lreg.cpp:225

72		double val = 0;
73		for(UINT i1 = 0, i2 = 0, i3 = 0; 
74			selectTriUInt(i1, i2, i3)<T.size(); 
75			i1++, i2++, i3++)
76		{
77			val+= (T[selectTriUInt(i1, i2, i3)] * pow(v, selectTriUInt(i1, i2, i3)));
78		}
79		return val;
80		
81	}

Backtrace END
Fliping value of field: std::_Vector_base<double, std::allocator<double> >
Fliping value of field: _M_impl
Fliping value of field: _M_end_of_storage
Fliping a bit of the value pointed by a pointer
Memory content before bitflip:0x000x000x000x000x000x000x000x00
Fault Model: Double bit-flip
base address to flip value: 0x555555771960
address max offset: 8
Memory content after  bitflip:0x000x810x000x000x000x000x000x00
frame name: predict
symbol name: x
symbol filename: lreg.cpp
symbol line: 41
value: std::vector of length 36, capacity 64 = {-8, 3, 9, -2, 6, 15, 13, -2, 24, -20, -24, -12, -6, -15, 18, 15, -17, 23, 9, 16, 26, -2, -12, -1, 28, -20, 15, -5, 9, 19, -4, -5, 24, -21, 27, 11}
value address: 0x55555575a140 <x>
Type: The type is a structure.
Type sizeof: 24
Field name: std::_Vector_base<double, std::allocator<double> >
Field Type: The type is a structure.
Field Type sizeof: 24

[INFO -- 2018-10-13 18:50:56]
Fault Injection Successful after 3.1578469276428223s
[INFO -- 2018-10-13 18:51:03]
event type: exit
[INFO -- 2018-10-13 18:51:03]
exit code: 0
