[INFO -- 2018-11-23 17:40:53]
Starting flip_value script
version: 1.1
[INFO -- 2018-11-23 17:40:53]
Initialization strings:
[INFO -- 2018-11-23 17:40:53]
(1) file /tmp/lreg/lreg
[INFO -- 2018-11-23 17:40:53]
(2) set args /tmp/lreg/randInput /tmp/lreg/output
[INFO -- 2018-11-23 17:40:53]
initSignal:0
[INFO -- 2018-11-23 17:40:53]
endSignal:3
[INFO -- 2018-11-23 17:40:53]
faultModel:1
[INFO -- 2018-11-23 17:40:55]
Backtrace BEGIN:
#0  0x00007ffff76bceb8 in __sqrt (x=11275562.498637509) at w_sqrt_compat.c:30
#1  0x00005555555554ef in adjust (alpha=2.2222199999999999e-05) at lreg.cpp:89
#2  0x000055555555565c in train (iterations=30000, alpha=2.2222199999999999e-05, N=4, stopsWhenStable=true) at lreg.cpp:120
#3  0x0000555555555ab7 in main (argc=3, argv=0x7fffffffde58) at lreg.cpp:174

25	w_sqrt_compat.c: No such file or directory.

Backtrace END
Memory content before bitflip:0x1c0x960xde0x6e0x200xf80x090x41
Fault Model: Double bit-flip
base address to flip value: 0x7fffffffd838
address max offset: 8
Memory content after  bitflip:0x1c0x960x5c0x6e0x200xf80x090x41
frame name: train
symbol name: MSE
symbol filename: lreg.cpp
symbol line: 117
value: 212740.05388753198
value address: 0x7fffffffd838
Type: A floating point type.
Type sizeof: 8

[INFO -- 2018-11-23 17:40:55]
Fault Injection Successful after 2.659327507019043s
[INFO -- 2018-11-23 17:40:55]
event type: exit
[INFO -- 2018-11-23 17:40:55]
exit code: 0
