[INFO -- 2018-10-04 20:46:55]
Starting flip_value script
version: 1.1
[INFO -- 2018-10-04 20:46:55]
Initialization strings:
[INFO -- 2018-10-04 20:46:55]
(1) file /tmp/lreg/lreg
[INFO -- 2018-10-04 20:46:55]
(2) set args /tmp/lreg/randInput /tmp/lreg/output
[INFO -- 2018-10-04 20:46:55]
initSignal:0
[INFO -- 2018-10-04 20:46:55]
endSignal:10
[INFO -- 2018-10-04 20:46:55]
faultModel:2
[INFO -- 2018-10-04 20:46:58]
Backtrace BEGIN:
#0  0x00005555555568bb in std::copy<__gnu_cxx::__normal_iterator<double const*, std::vector<double, std::allocator<double> > >, __gnu_cxx::__normal_iterator<double*, std::vector<double, std::allocator<double> > > > (__first=8.208027696481496, __last=<error reading variable: Cannot access memory at address 0xc0167cfd35083a5b>, __result=4.6355706478128972e-310) at /usr/include/c++/7/bits/stl_algobase.h:446
#1  0x0000555555556235 in std::vector<double, std::allocator<double> >::operator= (this=0x7fffffffd860, __x=std::vector of length 4, capacity 4 = {...}) at /usr/include/c++/7/bits/vector.tcc:218
#2  0x00005555555556a2 in train (iterations=90000, alpha=2.2222199999999999e-05, N=4, stopsWhenStable=true) at lreg.cpp:124
#3  0x0000555555555ab7 in main (argc=3, argv=0x7fffffffde58) at lreg.cpp:174

441	   *  Note that the end of the output range is permitted to be contained
442	   *  within [first,last).
443	  */
444	  template<typename _II, typename _OI>
445	    inline _OI
446	    copy(_II __first, _II __last, _OI __result)
447	    {
448	      // concept requirements
449	      __glibcxx_function_requires(_InputIteratorConcept<_II>)
450	      __glibcxx_function_requires(_OutputIteratorConcept<_OI,

Backtrace END
Fliping value of field: _M_current
Fliping a bit of the pointer
Memory content before bitflip:0x800xa10x750x550x550x550x000x00
Fault Model: Random bit-flip
base address to flip value: 0x7fffffffd778
address max offset: 8
Memory content after  bitflip:0x100xf70x520xb80xc30xf70x670xae
frame name: std::copy<__gnu_cxx::__normal_iterator<double const*, std::vector<double, std::allocator<double> > >, __gnu_cxx::__normal_iterator<double*, std::vector<double, std::allocator<double> > > >
symbol name: __result
symbol filename: /usr/include/c++/7/bits/stl_algobase.h
symbol line: 446
value: <error reading variable: Cannot access memory at address 0xae67f7c3b852f710>
value address: 0x7fffffffd778
Type: The type is a structure.
Type sizeof: 8
Field name: _M_current
Field Type: The type is a pointer.
Field Type sizeof: 8

[INFO -- 2018-10-04 20:46:58]
Fault Injection Successful after 3.5455589294433594s
[INFO -- 2018-10-04 20:47:02]
event type: exit
[INFO -- 2018-10-04 20:47:02]
exit code: 0
