[INFO -- 2018-10-11 19:19:20]
Starting flip_value script
version: 1.1
[INFO -- 2018-10-11 19:19:20]
Initialization strings:
[INFO -- 2018-10-11 19:19:20]
(1) file /tmp/lreg/lreg
[INFO -- 2018-10-11 19:19:20]
(2) set args /tmp/lreg/randInput /tmp/lreg/output
[INFO -- 2018-10-11 19:19:20]
initSignal:0
[INFO -- 2018-10-11 19:19:20]
endSignal:10
[INFO -- 2018-10-11 19:19:20]
faultModel:2
[INFO -- 2018-10-11 19:19:24]
Backtrace BEGIN:
#0  0x00005555555552cc in predict (v=8) at lreg.cpp:77
#1  0x000055555555551d in partialDerivate (pos=3) at lreg.cpp:107
#2  0x0000555555555670 in adjust () at lreg.cpp:123
#3  0x0000555555555881 in train (iterations=90000, N=4, stopsWhenStable=true) at lreg.cpp:159
#4  0x0000555555555dba in main (argc=3, argv=0x7fffffffde68) at lreg.cpp:225

72		double val = 0;
73		for(UINT i1 = 0, i2 = 0, i3 = 0; 
74			selectTriUInt(i1, i2, i3)<T.size(); 
75			i1++, i2++, i3++)
76		{
77			val+= (T[selectTriUInt(i1, i2, i3)] * pow(v, selectTriUInt(i1, i2, i3)));
78		}
79		return val;
80		
81	}

Backtrace END
Memory content before bitflip:0x520xee0x5f0xab0xb80x320x310xc0
Fault Model: Random bit-flip
base address to flip value: 0x7fffffffd728
address max offset: 8
Memory content after  bitflip:0x590x500xc70xa70x560x300x480x9a
frame name: predict
symbol name: val
symbol filename: lreg.cpp
symbol line: 72
value: -4.5541502553717953e-182
value address: 0x7fffffffd728
Type: A floating point type.
Type sizeof: 8

[INFO -- 2018-10-11 19:19:24]
Fault Injection Successful after 4.499154090881348s
[INFO -- 2018-10-11 19:19:29]
event type: exit
[INFO -- 2018-10-11 19:19:29]
exit code: 0
