[INFO -- 2018-10-06 20:46:09]
Starting flip_value script
version: 1.1
[INFO -- 2018-10-06 20:46:09]
Initialization strings:
[INFO -- 2018-10-06 20:46:09]
(1) file /tmp/lreg/lreg
[INFO -- 2018-10-06 20:46:09]
(2) set args /tmp/lreg/randInput /tmp/lreg/output
[INFO -- 2018-10-06 20:46:09]
initSignal:0
[INFO -- 2018-10-06 20:46:09]
endSignal:10
[INFO -- 2018-10-06 20:46:09]
faultModel:2
[EXCEPTION -- 2018-10-06 20:46:14]
pythonException: empty range for randrange() (0,0, 0)
[INFO -- 2018-10-06 20:46:14]
Backtrace BEGIN:
#0  __exp1 (x=<optimized out>, xx=<optimized out>, error=<optimized out>) at ../sysdeps/ieee754/dbl-64/e_exp.c:280
#1  0x00007ffff76d58dc in __ieee754_pow_sse2 (x=8, y=3) at ../sysdeps/ieee754/dbl-64/e_pow.c:115
#2  0x00007ffff76d66be in __ieee754_pow_sse2 (x=<optimized out>, y=<optimized out>) at ../sysdeps/ieee754/dbl-64/e_pow.c:184
#3  0x00007ffff76b7b14 in __pow (x=-8, y=3) at w_pow_compat.c:30
#4  0x00005555555560ba in std::pow<double, unsigned int> (__x=-8, __y=3) at /usr/include/c++/7/cmath:418
#5  0x00005555555552c2 in predict (v=-8) at lreg.cpp:77
#6  0x000055555555551d in partialDerivate (pos=2) at lreg.cpp:107
#7  0x0000555555555670 in adjust () at lreg.cpp:123
#8  0x0000555555555881 in train (iterations=90000, N=4, stopsWhenStable=true) at lreg.cpp:159
#9  0x0000555555555dba in main (argc=3, argv=0x7fffffffde68) at lreg.cpp:225

275	in ../sysdeps/ieee754/dbl-64/e_exp.c

Backtrace END
Fliping value of field name: i
Fliping array at pos: 1
Memory content before bitflip:0xff0xff0x070x42
Fault Model: Random bit-flip
base address to flip value: 0x7ffff779a5b4 
address max offset: 4
Memory content after  bitflip:0x5a0x7b0x1a0x37
frame name: __ieee754_pow_sse2
symbol name: bigv
symbol filename: ../sysdeps/ieee754/dbl-64/upow.h
symbol line: 53
value: {i = {-523926, 924482394}, x = 2.9687188771261549e-43}
value address: 0x7ffff779a5b0 <bigv>
Type: The type is a union.
Type sizeof: 8
Field name: i
Field Type: The type is an array.
Field Type sizeof: 8
Field name: x
Field Type: A floating point type.
Field Type sizeof: 8

[INFO -- 2018-10-06 20:46:14]
Fault Injection Successful after 5.180192708969116s
[INFO -- 2018-10-06 20:46:19]
event type: exit
[INFO -- 2018-10-06 20:46:19]
exit code: 0
