[INFO -- 2018-11-09 13:26:55]
Starting flip_value script
version: 1.1
[INFO -- 2018-11-09 13:26:55]
Initialization strings:
[INFO -- 2018-11-09 13:26:55]
(1) file /tmp/lreg/lreg
[INFO -- 2018-11-09 13:26:55]
(2) set args /tmp/lreg/randInput /tmp/lreg/output /tmp/lreg/detected.log
[INFO -- 2018-11-09 13:26:55]
initSignal:0
[INFO -- 2018-11-09 13:26:55]
endSignal:10
[INFO -- 2018-11-09 13:26:55]
faultModel:1
[EXCEPTION -- 2018-11-09 13:27:00]
pythonException: Unable to exit loop in struct fields; Exiting wihtout making a bit flip
[INFO -- 2018-11-09 13:27:00]
Backtrace BEGIN:
#0  0x00005555555560ee in std::vector<double, std::allocator<double> >::operator[] (this=0x55555575b140 <x>, __n=15) at /usr/include/c++/7/bits/stl_vector.h:795
#1  0x00005555555552a9 in meanSquaredError () at lreg.cpp:61
#2  0x00005555555556b1 in train (iterations=45000, alpha=2.2222199999999999e-05, N=4, stopsWhenStable=true) at lreg.cpp:121
#3  0x0000555555555a1c in execute (input=0x7fffffffe1f3 "/tmp/lreg/randInput") at lreg.cpp:157
#4  0x0000555555555c60 in main (argc=4, argv=0x7fffffffde48) at lreg.cpp:191

790	       *  Note that data access with this operator is unchecked and
791	       *  out_of_range lookups are not defined. (For checked lookups
792	       *  see at().)
793	       */
794	      reference
795	      operator[](size_type __n) _GLIBCXX_NOEXCEPT
796	      {
797		__glibcxx_requires_subscript(__n);
798		return *(this->_M_impl._M_start + __n);
799	      }

Backtrace END
Fliping value of field: std::_Vector_base<double, std::allocator<double> >
Fliping value of field: _M_impl
Fliping value of field: _M_start
Fliping a bit of the value pointed by a pointer
Memory content before bitflip:0x9d0x2a0xec0xf40x260xb70xb80x3f
Fault Model: Double bit-flip
base address to flip value: 0x555555772380
address max offset: 8
Memory content after  bitflip:0x9d0x2a0xec0xf40x260xf60xb80x3f
frame name: std::vector<double, std::allocator<double> >::operator[]
symbol name: T
symbol filename: lreg.cpp
symbol line: 34
value: std::vector of length 4, capacity 4 = {0.097505984111345659, 4.6302652343684345, -2.0901090064461276, 0.022122509362303464}
value address: 0x55555575b180 <T>
Type: The type is a structure.
Type sizeof: 24
Field name: std::_Vector_base<double, std::allocator<double> >
Field Type: The type is a structure.
Field Type sizeof: 24

[INFO -- 2018-11-09 13:27:00]
Fault Injection Successful after 5.924651861190796s
[INFO -- 2018-11-09 13:27:06]
event type: exit
[INFO -- 2018-11-09 13:27:06]
exit code: 0
