[INFO -- 2018-11-24 11:24:02]
Starting flip_value script
version: 1.1
[INFO -- 2018-11-24 11:24:02]
Initialization strings:
[INFO -- 2018-11-24 11:24:02]
(1) file /tmp/lreg/lreg
[INFO -- 2018-11-24 11:24:02]
(2) set args /tmp/lreg/randInput /tmp/lreg/output
[INFO -- 2018-11-24 11:24:02]
initSignal:0
[INFO -- 2018-11-24 11:24:02]
endSignal:2
[INFO -- 2018-11-24 11:24:02]
faultModel:1
[INFO -- 2018-11-24 11:24:03]
Backtrace BEGIN:
#0  0x00007ffff76da5b0 in __ieee754_pow_sse2 (x=-14, y=2) at ../sysdeps/ieee754/dbl-64/e_pow.c:79
#1  0x00007ffff76bcb14 in __pow (x=-14, y=2) at w_pow_compat.c:30
#2  0x0000555555555d5f in std::pow<double, int> (__x=-14, __y=2) at /usr/include/c++/7/cmath:418
#3  0x00005555555551e7 in predict (v=-14) at lreg.cpp:50
#4  0x00005555555553ac in partialDerivate (pos=1) at lreg.cpp:74
#5  0x00005555555554b3 in adjust (alpha=2.2222199999999999e-05) at lreg.cpp:87
#6  0x000055555555565c in train (iterations=30000, alpha=2.2222199999999999e-05, N=4, stopsWhenStable=true) at lreg.cpp:120
#7  0x0000555555555ab7 in main (argc=3, argv=0x7fffffffde58) at lreg.cpp:174

74	../sysdeps/ieee754/dbl-64/e_pow.c: No such file or directory.

Backtrace END
Fliping value of field: std::_Vector_base<double, std::allocator<double> >
Fliping value of field: _M_impl
Fliping value of field: _M_finish
Fliping a bit of the value pointed by a pointer
Memory content before bitflip:0x000x000x000x000x000x000x000x00
Fault Model: Double bit-flip
base address to flip value: 0x5555557715f0
address max offset: 8
Memory content after  bitflip:0x000x000x140x000x000x000x000x00
frame name: train
symbol name: prevT
symbol filename: lreg.cpp
symbol line: 114
value: std::vector of length 4, capacity 4 = {0.31288936201074413, -1.3115712103406441, -1.9485766980009265, -3.9697298098895506}
value address: 0x7fffffffd840
Type: The type is a structure.
Type sizeof: 24
Field name: std::_Vector_base<double, std::allocator<double> >
Field Type: The type is a structure.
Field Type sizeof: 24

[INFO -- 2018-11-24 11:24:03]
Fault Injection Successful after 1.8860342502593994s
[INFO -- 2018-11-24 11:24:04]
event type: exit
[INFO -- 2018-11-24 11:24:04]
exit code: 0
