[INFO -- 2018-10-09 17:34:16]
Starting flip_value script
version: 1.1
[INFO -- 2018-10-09 17:34:16]
Initialization strings:
[INFO -- 2018-10-09 17:34:16]
(1) file /tmp/lreg/lreg
[INFO -- 2018-10-09 17:34:16]
(2) set args /tmp/lreg/randInput /tmp/lreg/output
[INFO -- 2018-10-09 17:34:16]
initSignal:0
[INFO -- 2018-10-09 17:34:16]
endSignal:10
[INFO -- 2018-10-09 17:34:16]
faultModel:0
[INFO -- 2018-10-09 17:34:18]
Backtrace BEGIN:
#0  log1 (error=<synthetic pointer>, delta=<synthetic pointer>, x=13) at ../sysdeps/ieee754/dbl-64/e_pow.c:338
#1  __ieee754_pow_sse2 (x=13, y=3) at ../sysdeps/ieee754/dbl-64/e_pow.c:103
#2  0x00007ffff76b7b14 in __pow (x=13, y=3) at w_pow_compat.c:30
#3  0x00005555555560ba in std::pow<double, unsigned int> (__x=13, __y=3) at /usr/include/c++/7/cmath:418
#4  0x00005555555552c2 in predict (v=13) at lreg.cpp:77
#5  0x000055555555551d in partialDerivate (pos=2) at lreg.cpp:107
#6  0x0000555555555670 in adjust () at lreg.cpp:123
#7  0x0000555555555881 in train (iterations=90000, N=4, stopsWhenStable=true) at lreg.cpp:159
#8  0x0000555555555dba in main (argc=3, argv=0x7fffffffde68) at lreg.cpp:225

333	../sysdeps/ieee754/dbl-64/e_pow.c: No such file or directory.

Backtrace END
Memory content before bitflip:0x460x5a0xb70xf40x390x4d0xf70x3e
Fault Model: Single bit-flip
base address to flip value: 0x55555575a1a0 
address max offset: 8
Memory content after  bitflip:0x460x5a0xa70xf40x390x4d0xf70x3e
frame name: adjust
symbol name: a2
symbol filename: lreg.cpp
symbol line: 45
value: 2.2222199996447285e-05
value address: 0x55555575a1a0 <a2>
Type: A floating point type.
Type sizeof: 8

[INFO -- 2018-10-09 17:34:18]
Fault Injection Successful after 2.3390066623687744s
[INFO -- 2018-10-09 17:34:26]
event type: exit
[INFO -- 2018-10-09 17:34:26]
exit code: 0
