[INFO -- 2018-11-23 22:10:56]
Starting flip_value script
version: 1.1
[INFO -- 2018-11-23 22:10:56]
Initialization strings:
[INFO -- 2018-11-23 22:10:56]
(1) file /tmp/lreg/lreg
[INFO -- 2018-11-23 22:10:56]
(2) set args /tmp/lreg/randInput /tmp/lreg/output
[INFO -- 2018-11-23 22:10:56]
initSignal:0
[INFO -- 2018-11-23 22:10:56]
endSignal:3
[INFO -- 2018-11-23 22:10:56]
faultModel:1
[INFO -- 2018-11-23 22:10:57]
Backtrace BEGIN:
#0  __exp1 (x=<optimized out>, xx=<optimized out>, error=<optimized out>) at ../sysdeps/ieee754/dbl-64/e_exp.c:280
#1  0x00007ffff76da8dc in __ieee754_pow_sse2 (x=2, y=3) at ../sysdeps/ieee754/dbl-64/e_pow.c:115
#2  0x00007ffff76db6be in __ieee754_pow_sse2 (x=<optimized out>, y=<optimized out>) at ../sysdeps/ieee754/dbl-64/e_pow.c:184
#3  0x00007ffff76bcb14 in __pow (x=-2, y=3) at w_pow_compat.c:30
#4  0x0000555555555d5f in std::pow<double, int> (__x=-2, __y=3) at /usr/include/c++/7/cmath:418
#5  0x00005555555551e7 in predict (v=-2) at lreg.cpp:50
#6  0x000055555555526a in meanSquaredError () at lreg.cpp:61
#7  0x0000555555555661 in train (iterations=30000, alpha=2.2222199999999999e-05, N=4, stopsWhenStable=true) at lreg.cpp:121
#8  0x0000555555555ab7 in main (argc=3, argv=0x7fffffffde58) at lreg.cpp:174

275	../sysdeps/ieee754/dbl-64/e_exp.c: No such file or directory.

Backtrace END
Fliping value of field: std::_Vector_base<double, std::allocator<double> >
Fliping value of field: _M_impl
Fliping value of field: _M_end_of_storage
Fliping a bit of the value pointed by a pointer
Memory content before bitflip:0x000x000x000x000x000x000x000x00
Fault Model: Double bit-flip
base address to flip value: 0x5555557713a0
address max offset: 8
Memory content after  bitflip:0x000x000x000x000x600x000x000x00
frame name: std::pow<double, int>
symbol name: T
symbol filename: lreg.cpp
symbol line: 34
value: std::vector of length 4, capacity 4 = {-0.082421799968805942, -0.1614353099855057, -1.9472409450914636, -4.0460796568326058}
value address: 0x55555575a180 <T>
Type: The type is a structure.
Type sizeof: 24
Field name: std::_Vector_base<double, std::allocator<double> >
Field Type: The type is a structure.
Field Type sizeof: 24

[INFO -- 2018-11-23 22:10:57]
Fault Injection Successful after 1.5310454368591309s
[INFO -- 2018-11-23 22:10:58]
event type: exit
[INFO -- 2018-11-23 22:10:58]
exit code: 0
