[INFO -- 2018-11-09 12:59:24]
Starting flip_value script
version: 1.1
[INFO -- 2018-11-09 12:59:24]
Initialization strings:
[INFO -- 2018-11-09 12:59:24]
(1) file /tmp/lreg/lreg
[INFO -- 2018-11-09 12:59:24]
(2) set args /tmp/lreg/randInput /tmp/lreg/output /tmp/lreg/detected.log
[INFO -- 2018-11-09 12:59:24]
initSignal:0
[INFO -- 2018-11-09 12:59:24]
endSignal:10
[INFO -- 2018-11-09 12:59:24]
faultModel:2
[INFO -- 2018-11-09 12:59:28]
Backtrace BEGIN:
#0  log1 (error=<synthetic pointer>, delta=<synthetic pointer>, x=4) at ../sysdeps/ieee754/dbl-64/e_pow.c:335
#1  __ieee754_pow_sse2 (x=4, y=3) at ../sysdeps/ieee754/dbl-64/e_pow.c:103
#2  0x00007ffff76bcb14 in __pow (x=4, y=3) at w_pow_compat.c:30
#3  0x0000555555556131 in std::pow<double, int> (__x=4, __y=3) at /usr/include/c++/7/cmath:418
#4  0x0000555555555237 in predict (v=4) at lreg.cpp:50
#5  0x00005555555552ba in meanSquaredError () at lreg.cpp:61
#6  0x00005555555556b1 in train (iterations=45000, alpha=2.2222199999999999e-05, N=4, stopsWhenStable=true) at lreg.cpp:121
#7  0x0000555555555a1c in execute (input=0x7fffffffe1f3 "/tmp/lreg/randInput") at lreg.cpp:157
#8  0x0000555555555c60 in main (argc=4, argv=0x7fffffffde48) at lreg.cpp:191

330	../sysdeps/ieee754/dbl-64/e_pow.c: No such file or directory.

Backtrace END
Fliping value of field name: x
Memory content before bitflip:0x000x380xfa0xfe0x420x2e0xe60x3f
Fault Model: Random bit-flip
base address to flip value: 0x7ffff779f5c8 
address max offset: 8
Memory content after  bitflip:0xbf0x730xa40x700xdf0x610xb40x83
frame name: __ieee754_pow_sse2
symbol name: ln2a
symbol filename: ../sysdeps/ieee754/dbl-64/upow.h
symbol line: 50
value: {i = {1889825727, -2085330465}, x = -8.169918435497387e-291}
value address: 0x7ffff779f5c8 <ln2a>
Type: The type is a union.
Type sizeof: 8
Field name: i
Field Type: The type is an array.
Field Type sizeof: 8
Field name: x
Field Type: A floating point type.
Field Type sizeof: 8

[INFO -- 2018-11-09 12:59:28]
Fault Injection Successful after 4.227558851242065s
[INFO -- 2018-11-09 12:59:32]
event type: exit
[INFO -- 2018-11-09 12:59:32]
exit code: 0
