[INFO -- 2018-11-27 19:27:53]
Starting flip_value script
version: 1.1
[INFO -- 2018-11-27 19:27:53]
Initialization strings:
[INFO -- 2018-11-27 19:27:53]
(1) file /tmp/lreg/lreg
[INFO -- 2018-11-27 19:27:53]
(2) set args /tmp/lreg/randInput /tmp/lreg/output
[INFO -- 2018-11-27 19:27:53]
initSignal:0
[INFO -- 2018-11-27 19:27:53]
endSignal:3
[INFO -- 2018-11-27 19:27:53]
faultModel:1
[INFO -- 2018-11-27 19:27:54]
Backtrace BEGIN:
#0  0x0000555555555225 in verifyDoubleDup (a=2.121995791459338e-314, b=0.051797628102525445) at lreg.cpp:70
#1  0x00005555555557ea in predict (v=-16) at lreg.cpp:116
#2  0x0000555555555928 in meanSquaredError () at lreg.cpp:128
#3  0x0000555555555ee5 in train (iter1=30000, iter2=30000, N=4, alpha1=2.2222199999999999e-05, alpha2=2.2222199999999999e-05, stopsWhenStable=true) at lreg.cpp:194
#4  0x0000555555556467 in main (argc=3, argv=0x7fffffffde58) at lreg.cpp:253

65			fp << "verifyUint: a = "<<a<<"; b = "<<b<<endl;
66	        detected = 1;	
67		}
68		return a;
69	}
70	double verifyDoubleDup(double a, double b){
71		if (a != b && detected != 1){
72			//gerar entrada no log
73			ofstream fp ("/tmp/lreg/detected.log", std::ofstream::app);
74			fp << "verifyDouble: a = "<<a<<"; b = "<<b<<endl;

Backtrace END
Fliping value of field: std::_Vector_base<double, std::allocator<double> >
Fliping value of field: _M_impl
Fliping value of field: _M_finish
Fliping a bit of the value pointed by a pointer
Memory content before bitflip:0x000x000x000x000x000x000x000x00
Fault Model: Double bit-flip
base address to flip value: 0x5555557727a8
address max offset: 8
Memory content after  bitflip:0x0a0x000x000x000x000x000x000x00
frame name: predict
symbol name: y
symbol filename: lreg.cpp
symbol line: 35
value: std::vector of length 17, capacity 32 = {13145, 2813, 13, -99407, -575, 22793, -121267, 15973, 22793, 86413, -63895, 10673, -1507, 41, 19181, -38047, -130860}
value address: 0x55555575b160 <y>
Type: The type is a structure.
Type sizeof: 24
Field name: std::_Vector_base<double, std::allocator<double> >
Field Type: The type is a structure.
Field Type sizeof: 24

[INFO -- 2018-11-27 19:27:54]
Fault Injection Successful after 1.8251636028289795s
[INFO -- 2018-11-27 19:27:55]
event type: exit
[INFO -- 2018-11-27 19:27:55]
exit code: 0
