[INFO -- 2018-11-27 18:11:31]
Starting flip_value script
version: 1.1
[INFO -- 2018-11-27 18:11:31]
Initialization strings:
[INFO -- 2018-11-27 18:11:31]
(1) file /tmp/lreg/lreg
[INFO -- 2018-11-27 18:11:31]
(2) set args /tmp/lreg/randInput /tmp/lreg/output
[INFO -- 2018-11-27 18:11:31]
initSignal:0
[INFO -- 2018-11-27 18:11:31]
endSignal:3
[INFO -- 2018-11-27 18:11:31]
faultModel:1
[INFO -- 2018-11-27 18:11:32]
Backtrace BEGIN:
#0  0x00007ffff76da5c4 in __ieee754_pow_sse2 (x=7, y=3) at ../sysdeps/ieee754/dbl-64/e_pow.c:81
#1  0x00007ffff76bcb14 in __pow (x=7, y=3) at w_pow_compat.c:30
#2  0x0000555555556826 in std::pow<double, unsigned int> (__x=7, __y=3) at /usr/include/c++/7/cmath:418
#3  0x0000555555555814 in predict (v=7) at lreg.cpp:116
#4  0x0000555555555a53 in partialDerivate (pos1=0, pos2=0) at lreg.cpp:142
#5  0x0000555555555bbe in adjust (alpha1=2.2222199999999999e-05, alpha2=2.2222199999999999e-05) at lreg.cpp:156
#6  0x0000555555555ee0 in train (iter1=30000, iter2=30000, N=4, alpha1=2.2222199999999999e-05, alpha2=2.2222199999999999e-05, stopsWhenStable=true) at lreg.cpp:193
#7  0x0000555555556467 in main (argc=3, argv=0x7fffffffde58) at lreg.cpp:253

76	../sysdeps/ieee754/dbl-64/e_pow.c: No such file or directory.

Backtrace END
Memory content before bitflip:0xa50x4c0xb00x730x5b0x070x0a0x41
Fault Model: Double bit-flip
base address to flip value: 0x7fffffffd7f0
address max offset: 8
Memory content after  bitflip:0xa50x4c0xb00x730x7f0x070x0a0x41
frame name: train
symbol name: bestMSE
symbol filename: lreg.cpp
symbol line: 189
value: 213231.93148860816
value address: 0x7fffffffd7f0
Type: A floating point type.
Type sizeof: 8

[INFO -- 2018-11-27 18:11:32]
Fault Injection Successful after 1.5992059707641602s
[INFO -- 2018-11-27 18:11:33]
event type: exit
[INFO -- 2018-11-27 18:11:33]
exit code: 0
