[INFO -- 2018-11-12 17:06:09]
Starting flip_value script
version: 1.1
[INFO -- 2018-11-12 17:06:09]
Initialization strings:
[INFO -- 2018-11-12 17:06:09]
(1) file /tmp/lreg/lreg
[INFO -- 2018-11-12 17:06:09]
(2) set args /tmp/lreg/randInput /tmp/lreg/output
[INFO -- 2018-11-12 17:06:09]
initSignal:0
[INFO -- 2018-11-12 17:06:09]
endSignal:10
[INFO -- 2018-11-12 17:06:09]
faultModel:0
[INFO -- 2018-11-12 17:06:13]
Backtrace BEGIN:
#0  log1 (error=<synthetic pointer>, delta=<synthetic pointer>, x=10) at ../sysdeps/ieee754/dbl-64/e_pow.c:286
#1  __ieee754_pow_sse2 (x=10, y=3) at ../sysdeps/ieee754/dbl-64/e_pow.c:103
#2  0x00007ffff76bcb14 in __pow (x=10, y=3) at w_pow_compat.c:30
#3  0x00005555555566b8 in std::pow<double, unsigned int> (__x=10, __y=3) at /usr/include/c++/7/cmath:418
#4  0x00005555555556e7 in predict (v=10) at lreg.cpp:113
#5  0x000055555555591a in partialDerivate (pos1=3, pos2=3) at lreg.cpp:139
#6  0x0000555555555a81 in adjust (alpha1=2.2222199999999999e-05, alpha2=2.2222199999999999e-05) at lreg.cpp:153
#7  0x0000555555555da3 in train (iter1=45000, iter2=45000, N=4, alpha1=2.2222199999999999e-05, alpha2=2.2222199999999999e-05, stopsWhenStable=true) at lreg.cpp:190
#8  0x00005555555562e6 in main (argc=3, argv=0x7fffffffde68) at lreg.cpp:246

281	../sysdeps/ieee754/dbl-64/e_pow.c: No such file or directory.

Backtrace END
Fliping value of field name: x
Memory content before bitflip:0x000x000x000x000x000x000x300x43
Fault Model: Single bit-flip
base address to flip value: 0x7ffff779f5a8 
address max offset: 8
Memory content after  bitflip:0x000x000x000x000x000x010x300x43
frame name: __ieee754_pow_sse2
symbol name: t52
symbol filename: ../sysdeps/ieee754/dbl-64/upow.h
symbol line: 54
value: {i = {0, 1127219456}, x = 4504699138998272}
value address: 0x7ffff779f5a8 <t52>
Type: The type is a union.
Type sizeof: 8
Field name: i
Field Type: The type is an array.
Field Type sizeof: 8
Field name: x
Field Type: A floating point type.
Field Type sizeof: 8

[INFO -- 2018-11-12 17:06:13]
Fault Injection Successful after 4.562747478485107s
[INFO -- 2018-11-12 17:06:22]
event type: exit
[INFO -- 2018-11-12 17:06:22]
exit code: 0
