[INFO -- 2018-11-16 13:27:40]
Starting flip_value script
version: 1.1
[INFO -- 2018-11-16 13:27:40]
Initialization strings:
[INFO -- 2018-11-16 13:27:40]
(1) file /tmp/lreg/lreg
[INFO -- 2018-11-16 13:27:40]
(2) set args /tmp/lreg/randInput /tmp/lreg/output
[INFO -- 2018-11-16 13:27:40]
initSignal:0
[INFO -- 2018-11-16 13:27:40]
endSignal:5
[INFO -- 2018-11-16 13:27:40]
faultModel:0
[INFO -- 2018-11-16 13:27:43]
Backtrace BEGIN:
#0  0x00005555555557bc in predict (v=-12) at lreg.cpp:116
#1  0x0000555555555a53 in partialDerivate (pos1=1, pos2=1) at lreg.cpp:142
#2  0x0000555555555bbe in adjust (alpha1=5.0000000000000002e-05, alpha2=5.0000000000000002e-05) at lreg.cpp:156
#3  0x0000555555555ee0 in train (iter1=30000, iter2=30000, N=3, alpha1=5.0000000000000002e-05, alpha2=5.0000000000000002e-05, stopsWhenStable=true) at lreg.cpp:193
#4  0x0000555555556467 in main (argc=3, argv=0x7fffffffde58) at lreg.cpp:253

111	*/
112	double predict(double v){
113		double val = 0;
114		
115		for(UINT i1 = 0, i2 = 0; verifyUintDup(i1, i2)<T1.size(); i1++, i2++){
116			val+= (verifyDoubleDup(T1[verifyUintDup(i1, i2)], T2[verifyUintDup(i1, i2)]) * pow(v, verifyUintDup(i1, i2)));
117		}
118		return val;
119		
120	}

Backtrace END
Memory content before bitflip:0x000x000x000x00
Fault Model: Single bit-flip
base address to flip value: 0x7fffffffd6d4
address max offset: 4
Memory content after  bitflip:0x000x040x000x00
frame name: predict
symbol name: i2
symbol filename: lreg.cpp
symbol line: 115
value: 1024
value address: 0x7fffffffd6d4
Type: The type is an integer type.
Type sizeof: 4

[INFO -- 2018-11-16 13:27:43]
Fault Injection Successful after 3.550319194793701s
[INFO -- 2018-11-16 13:27:48]
event type: exit
[INFO -- 2018-11-16 13:27:48]
exit code: 0
