[INFO -- 2018-10-11 17:25:11]
Starting flip_value script
version: 1.1
[INFO -- 2018-10-11 17:25:11]
Initialization strings:
[INFO -- 2018-10-11 17:25:11]
(1) file /tmp/lreg/lreg
[INFO -- 2018-10-11 17:25:11]
(2) set args /tmp/lreg/randInput /tmp/lreg/output
[INFO -- 2018-10-11 17:25:11]
initSignal:0
[INFO -- 2018-10-11 17:25:11]
endSignal:10
[INFO -- 2018-10-11 17:25:11]
faultModel:0
[INFO -- 2018-10-11 17:25:13]
Backtrace BEGIN:
#0  0x00005555555550bf in selectTriUInt (a=1, b=1, c=1) at lreg.cpp:48
#1  0x00005555555552ac in predict (v=6) at lreg.cpp:77
#2  0x00005555555553e9 in meanSquaredError () at lreg.cpp:91
#3  0x0000555555555886 in train (iterations=60000, N=3, stopsWhenStable=true) at lreg.cpp:160
#4  0x0000555555555dba in main (argc=3, argv=0x7fffffffde68) at lreg.cpp:225

43	vector<double> T; // the adjustment variables
44	
45	double a1, a2, a3; // triplication of alpha
46	
47	UINT selectTriUInt(UINT a, UINT b, UINT c){
48		return (a == b)? a : c;
49	}
50	double selectTriDouble(double a, double b, double c){
51		return (a == b)? a : c;
52	}

Backtrace END
Fliping value of field: std::_Vector_base<double, std::allocator<double> >
Fliping value of field: _M_impl
Fliping value of field: _M_start
Fliping a bit of the value pointed by a pointer
Memory content before bitflip:0x000x000x000x000x000x000x180x40
Fault Model: Single bit-flip
base address to flip value: 0x555555771650
address max offset: 8
Memory content after  bitflip:0x000x000x000x000x000x080x180x40
frame name: selectTriUInt
symbol name: y
symbol filename: lreg.cpp
symbol line: 42
value: std::vector of length 20, capacity 32 = {6.0078125, 3, 4, 12, -3, 8, -9, 13, 839, 287, 1519, 727, 47, 119, 2207, 1519, 959, 959, 1847, 167}
value address: 0x55555575a160 <y>
Type: The type is a structure.
Type sizeof: 24
Field name: std::_Vector_base<double, std::allocator<double> >
Field Type: The type is a structure.
Field Type sizeof: 24

[INFO -- 2018-10-11 17:25:13]
Fault Injection Successful after 2.4788970947265625s
[INFO -- 2018-10-11 17:25:21]
event type: exit
[INFO -- 2018-10-11 17:25:21]
exit code: 0
