[INFO -- 2018-11-15 19:36:42]
Starting flip_value script
version: 1.1
[INFO -- 2018-11-15 19:36:42]
Initialization strings:
[INFO -- 2018-11-15 19:36:42]
(1) file /tmp/lreg/lreg
[INFO -- 2018-11-15 19:36:42]
(2) set args /tmp/lreg/randInput /tmp/lreg/output
[INFO -- 2018-11-15 19:36:42]
initSignal:0
[INFO -- 2018-11-15 19:36:42]
endSignal:5
[INFO -- 2018-11-15 19:36:42]
faultModel:1
[INFO -- 2018-11-15 19:36:46]
Backtrace BEGIN:
#0  0x0000555555555a17 in partialDerivate (pos1=2, pos2=2) at lreg.cpp:141
#1  0x0000555555555bbe in adjust (alpha1=2.2222199999999999e-05, alpha2=2.2222199999999999e-05) at lreg.cpp:156
#2  0x0000555555555ee0 in train (iter1=45000, iter2=45000, N=4, alpha1=2.2222199999999999e-05, alpha2=2.2222199999999999e-05, stopsWhenStable=true) at lreg.cpp:193
#3  0x0000555555556467 in main (argc=3, argv=0x7fffffffde68) at lreg.cpp:253

136		to the adjustment variable whose position in T is passed in pos
137	*/
138	double partialDerivate(UINT pos1, UINT pos2){
139		double pD = 0;
140		
141		for(UINT i1 = 0, i2 = 0; verifyUintDup(i1, i2)<(x.size() - 1); i1++, i2++){
142			pD += ((predict(x[verifyUintDup(i1, i2)]) - y[verifyUintDup(i1, i2)])*pow(x[verifyUintDup(i1, i2)], verifyUintDup(pos1, pos2)));	
143		}
144		pD *= (2.0/(x.size() - 1));
145		return pD;

Backtrace END
Memory content before bitflip:0x040x000x000x00
Fault Model: Double bit-flip
base address to flip value: 0x7fffffffd7e4
address max offset: 4
Memory content after  bitflip:0x040x000x000x88
frame name: train
symbol name: N
symbol filename: lreg.cpp
symbol line: 177
value: 2281701380
value address: 0x7fffffffd7e4
Type: The type is an integer type.
Type sizeof: 4

[INFO -- 2018-11-15 19:36:46]
Fault Injection Successful after 4.973312854766846s
[INFO -- 2018-11-15 19:36:50]
event type: exit
[INFO -- 2018-11-15 19:36:50]
exit code: 0
