[INFO -- 2018-11-12 17:11:57]
Starting flip_value script
version: 1.1
[INFO -- 2018-11-12 17:11:57]
Initialization strings:
[INFO -- 2018-11-12 17:11:57]
(1) file /tmp/lreg/lreg
[INFO -- 2018-11-12 17:11:57]
(2) set args /tmp/lreg/randInput /tmp/lreg/output
[INFO -- 2018-11-12 17:11:57]
initSignal:0
[INFO -- 2018-11-12 17:11:57]
endSignal:10
[INFO -- 2018-11-12 17:11:57]
faultModel:1
[INFO -- 2018-11-12 17:12:01]
Backtrace BEGIN:
#0  0x000055555555666d in std::vector<double, std::allocator<double> >::operator[] (this=0x55555575b180 <T1>, __n=1) at /usr/include/c++/7/bits/stl_vector.h:799
#1  0x00005555555556a7 in predict (v=2) at lreg.cpp:113
#2  0x000055555555591a in partialDerivate (pos1=2, pos2=2) at lreg.cpp:139
#3  0x0000555555555a81 in adjust (alpha1=5.0000000000000002e-05, alpha2=5.0000000000000002e-05) at lreg.cpp:153
#4  0x0000555555555da3 in train (iter1=30000, iter2=30000, N=3, alpha1=5.0000000000000002e-05, alpha2=5.0000000000000002e-05, stopsWhenStable=true) at lreg.cpp:190
#5  0x00005555555562e6 in main (argc=3, argv=0x7fffffffde68) at lreg.cpp:246

794	      reference
795	      operator[](size_type __n) _GLIBCXX_NOEXCEPT
796	      {
797		__glibcxx_requires_subscript(__n);
798		return *(this->_M_impl._M_start + __n);
799	      }
800	
801	      /**
802	       *  @brief  Subscript access to the data contained in the %vector.
803	       *  @param __n The index of the element for which data should be

Backtrace END
Memory content before bitflip:0x010x000x000x00
Fault Model: Double bit-flip
base address to flip value: 0x7fffffffd6f0
address max offset: 4
Memory content after  bitflip:0x100x000x000x00
frame name: predict
symbol name: i1
symbol filename: lreg.cpp
symbol line: 112
value: 16
value address: 0x7fffffffd6f0
Type: The type is an integer type.
Type sizeof: 4

[INFO -- 2018-11-12 17:12:01]
Fault Injection Successful after 4.243521451950073s
[INFO -- 2018-11-12 17:12:11]
event type: exit
[INFO -- 2018-11-12 17:12:11]
exit code: 0
