[INFO -- 2018-10-01 14:58:14]
Starting flip_value script
version: 1.1
[INFO -- 2018-10-01 14:58:14]
Initialization strings:
[INFO -- 2018-10-01 14:58:14]
(1) file /tmp/lreg/lreg
[INFO -- 2018-10-01 14:58:14]
(2) set args /tmp/lreg/randInput /tmp/lreg/output
[INFO -- 2018-10-01 14:58:14]
initSignal:0
[INFO -- 2018-10-01 14:58:14]
endSignal:10
[INFO -- 2018-10-01 14:58:14]
faultModel:2
[INFO -- 2018-10-01 14:58:17]
Backtrace BEGIN:
#0  0x00005555555551d0 in predict (v=24) at lreg.cpp:50
#1  0x00005555555553ac in partialDerivate (pos=0) at lreg.cpp:74
#2  0x00005555555554b3 in adjust (alpha=2.2222199999999999e-05) at lreg.cpp:87
#3  0x000055555555565c in train (iterations=90000, alpha=2.2222199999999999e-05, N=4, stopsWhenStable=true) at lreg.cpp:120
#4  0x0000555555555ab7 in main (argc=3, argv=0x7fffffffde58) at lreg.cpp:174

45		Predicts the value related to v using the Ts variables
46	*/
47	double predict(double v){
48		double val = 0;
49		for(int i = 0; i<T.size(); i++){
50			val+= (T[i] * pow(v, i));
51		}
52		return val;
53		
54	}

Backtrace END
Fliping value of field: std::_Vector_base<double, std::allocator<double> >
Fliping value of field: _M_impl
Fliping value of field: _M_start
Fliping a bit of the value pointed by a pointer
Memory content before bitflip:0x000x000x000x000x000x000x350x40
Fault Model: Random bit-flip
base address to flip value: 0x555555771970
address max offset: 8
Memory content after  bitflip:0xc30x4e0xdb0xf20xaf0x6c0x860x67
frame name: partialDerivate
symbol name: y
symbol filename: lreg.cpp
symbol line: 33
value: std::vector of length 36, capacity 64 = {4.9956407371659579e+190, 31, -13, -5, -13, -27, -15, 13, -164, -956, -2020, -356, -220, -220, -1084, -220, 4, -44, -724, -2204, -29517, -29517, -39597, 66153, -39597, 39609, -1047, 7731, 29529, -39, 58659, -66141, 83001, -66141, 83001, -14781}
value address: 0x55555575a160 <y>
Type: The type is a structure.
Type sizeof: 24
Field name: std::_Vector_base<double, std::allocator<double> >
Field Type: The type is a structure.
Field Type sizeof: 24

[INFO -- 2018-10-01 14:58:17]
Fault Injection Successful after 3.986999273300171s
[INFO -- 2018-10-01 14:58:21]
event type: exit
[INFO -- 2018-10-01 14:58:21]
exit code: 0
