[INFO -- 2018-10-10 17:10:36]
Starting flip_value script
version: 1.1
[INFO -- 2018-10-10 17:10:36]
Initialization strings:
[INFO -- 2018-10-10 17:10:36]
(1) file /tmp/lreg/lreg
[INFO -- 2018-10-10 17:10:36]
(2) set args /tmp/lreg/randInput /tmp/lreg/output
[INFO -- 2018-10-10 17:10:36]
initSignal:0
[INFO -- 2018-10-10 17:10:36]
endSignal:10
[INFO -- 2018-10-10 17:10:36]
faultModel:2
[EXCEPTION -- 2018-10-10 17:10:42]
pythonException: Unable to exit loop in struct fields; Exiting wihtout making a bit flip
[INFO -- 2018-10-10 17:10:42]
Backtrace BEGIN:
#0  0x0000555555556063 in std::vector<double, std::allocator<double> >::operator[] (this=0x55555575a160 <y>, __n=13) at /usr/include/c++/7/bits/stl_vector.h:798
#1  0x0000555555555545 in partialDerivate (pos=0) at lreg.cpp:107
#2  0x0000555555555670 in adjust () at lreg.cpp:123
#3  0x0000555555555881 in train (iterations=90000, N=4, stopsWhenStable=true) at lreg.cpp:159
#4  0x0000555555555dba in main (argc=3, argv=0x7fffffffde68) at lreg.cpp:225

793	       */
794	      reference
795	      operator[](size_type __n) _GLIBCXX_NOEXCEPT
796	      {
797		__glibcxx_requires_subscript(__n);
798		return *(this->_M_impl._M_start + __n);
799	      }
800	
801	      /**
802	       *  @brief  Subscript access to the data contained in the %vector.

Backtrace END
Fliping value of field: std::_Vector_base<double, std::allocator<double> >
Fliping value of field: _M_impl
Fliping value of field: _M_end_of_storage
Fliping a bit of the value pointed by a pointer
Memory content before bitflip:0x000x000x000x000x000x000x000x00
Fault Model: Random bit-flip
base address to flip value: 0x555555771b70
address max offset: 8
Memory content after  bitflip:0x4a0x2e0xa50x510xae0x0f0xfe0x5a
frame name: partialDerivate
symbol name: y
symbol filename: lreg.cpp
symbol line: 42
value: std::vector of length 36, capacity 64 = {-1, -1, -1, -1, -1, -1, -1, -1, 263, 1199, 479, 143, 111, 311, 23, 683, -1, 263, -1, 1103, 13720, -26888, 7912, -15533, 3307, -5, -2153, -7928, 7, 40, 10552, 10552, 3307, -5768, -3323, -4040}
value address: 0x55555575a160 <y>
Type: The type is a structure.
Type sizeof: 24
Field name: std::_Vector_base<double, std::allocator<double> >
Field Type: The type is a structure.
Field Type sizeof: 24

[INFO -- 2018-10-10 17:10:42]
Fault Injection Successful after 6.928475856781006s
[INFO -- 2018-10-10 17:10:50]
event type: exit
[INFO -- 2018-10-10 17:10:50]
exit code: 0
