[INFO -- 2018-10-13 11:32:54]
Starting flip_value script
version: 1.1
[INFO -- 2018-10-13 11:32:54]
Initialization strings:
[INFO -- 2018-10-13 11:32:54]
(1) file /tmp/lreg/lreg
[INFO -- 2018-10-13 11:32:54]
(2) set args /tmp/lreg/randInput /tmp/lreg/output
[INFO -- 2018-10-13 11:32:54]
initSignal:0
[INFO -- 2018-10-13 11:32:54]
endSignal:10
[INFO -- 2018-10-13 11:32:54]
faultModel:2
[INFO -- 2018-10-13 11:33:02]
Backtrace BEGIN:
#0  0x00007ffff76da6db in log1 (error=<synthetic pointer>, delta=<synthetic pointer>, x=24) at ../sysdeps/ieee754/dbl-64/e_pow.c:273
#1  __ieee754_pow_sse2 (x=24, y=3) at ../sysdeps/ieee754/dbl-64/e_pow.c:103
#2  0x00007ffff76bcb14 in __pow (x=24, y=3) at w_pow_compat.c:30
#3  0x00005555555560ba in std::pow<double, unsigned int> (__x=24, __y=3) at /usr/include/c++/7/cmath:418
#4  0x00005555555552c2 in predict (v=24) at lreg.cpp:77
#5  0x000055555555551d in partialDerivate (pos=2) at lreg.cpp:107
#6  0x0000555555555670 in adjust () at lreg.cpp:123
#7  0x0000555555555881 in train (iterations=90000, N=4, stopsWhenStable=true) at lreg.cpp:159
#8  0x0000555555555dba in main (argc=3, argv=0x7fffffffde68) at lreg.cpp:225

268	../sysdeps/ieee754/dbl-64/e_pow.c: No such file or directory.

Backtrace END
Fliping value of field name: i
Fliping array at pos: 1
Memory content before bitflip:0x000x000x000x80
Fault Model: Random bit-flip
base address to flip value: 0x7ffff779f5e4 
address max offset: 4
Memory content after  bitflip:0x100x1a0x790x2f
frame name: __ieee754_pow_sse2
symbol name: nZERO
symbol filename: ../sysdeps/ieee754/dbl-64/upow.h
symbol line: 47
value: {i = {0, 796465680}, x = 5.2925642867633433e-80}
value address: 0x7ffff779f5e0 <nZERO>
Type: The type is a union.
Type sizeof: 8
Field name: i
Field Type: The type is an array.
Field Type sizeof: 8
Field name: x
Field Type: A floating point type.
Field Type sizeof: 8

[INFO -- 2018-10-13 11:33:02]
Fault Injection Successful after 8.258863925933838s
[INFO -- 2018-10-13 11:33:04]
event type: exit
[INFO -- 2018-10-13 11:33:04]
exit code: 0
