[INFO -- 2018-09-15 22:55:40]
Starting flip_value script
version: 1.1
[INFO -- 2018-09-15 22:55:40]
Initialization strings:
[INFO -- 2018-09-15 22:55:40]
(1) file /tmp/lreg/lreg
[INFO -- 2018-09-15 22:55:40]
(2) set args /tmp/lreg/randInput /tmp/lreg/output
[INFO -- 2018-09-15 22:55:40]
initSignal:0
[INFO -- 2018-09-15 22:55:40]
endSignal:2
[INFO -- 2018-09-15 22:55:40]
faultModel:2
[INFO -- 2018-09-15 22:55:41]
Backtrace BEGIN:
#0  __ieee754_pow_sse2 (x=13, y=2) at ../sysdeps/ieee754/dbl-64/e_pow.c:65
#1  0x00007ffff76b7b14 in __pow (x=13, y=2) at w_pow_compat.c:30
#2  0x0000555555555f39 in std::pow<double, int> (__x=13, __y=2) at /usr/include/c++/7/cmath:418
#3  0x0000555555555237 in predict (v=13) at lreg.cpp:50
#4  0x000055555555530a in meanSquaredError () at lreg.cpp:61
#5  0x00005555555556b1 in train (iterations=60000, alpha=5.0000000000000002e-05, N=3, stopsWhenStable=true) at lreg.cpp:121
#6  0x0000555555555c26 in main (argc=3, argv=0x7fffffffde68) at lreg.cpp:182

60	../sysdeps/ieee754/dbl-64/e_pow.c: No such file or directory.

Backtrace END
Memory content before bitflip:0x8c0x750xfc0xdb0x1c0x6f0xea0xbf
Fault Model: Random bit-flip
base address to flip value: 0x7fffffffd7a8
address max offset: 8
Memory content after  bitflip:0x3d0x720x390x3a0x130xfa0x3a0x0c
frame name: predict
symbol name: val
symbol filename: lreg.cpp
symbol line: 48
value: 9.4196537563834824e-250
value address: 0x7fffffffd7a8
Type: A floating point type.
Type sizeof: 8

[INFO -- 2018-09-15 22:55:41]
Fault Injection Successful after 1.5665297508239746s
[INFO -- 2018-09-15 22:55:47]
event type: exit
[INFO -- 2018-09-15 22:55:47]
exit code: 0
