[INFO -- 2018-11-12 19:23:05]
Starting flip_value script
version: 1.1
[INFO -- 2018-11-12 19:23:05]
Initialization strings:
[INFO -- 2018-11-12 19:23:05]
(1) file /tmp/lreg/lreg
[INFO -- 2018-11-12 19:23:05]
(2) set args /tmp/lreg/randInput /tmp/lreg/output
[INFO -- 2018-11-12 19:23:05]
initSignal:0
[INFO -- 2018-11-12 19:23:05]
endSignal:10
[INFO -- 2018-11-12 19:23:05]
faultModel:2
[INFO -- 2018-11-12 19:23:10]
Backtrace BEGIN:
#0  0x0000555555555794 in meanSquaredError () at lreg.cpp:125
#1  0x0000555555555da8 in train (iter1=45000, iter2=45000, N=4, alpha1=2.2222199999999999e-05, alpha2=2.2222199999999999e-05, stopsWhenStable=true) at lreg.cpp:191
#2  0x00005555555562e6 in main (argc=3, argv=0x7fffffffde68) at lreg.cpp:246

120	*/
121	double meanSquaredError(){
122		double error = 0;
123		
124		for(UINT i1 = 0, i2 = 0; verifyUintDup(i1, i2)<x.size(); i1++, i2++){
125			error+= ((predict(x[verifyUintDup(i1, i2)]) - y[verifyUintDup(i1, i2)]) * (predict(x[verifyUintDup(i1, i2)]) - y[verifyUintDup(i1, i2)]));	
126		}
127		error /= x.size();
128		return error;
129	

Backtrace END
Memory content before bitflip:0x01
Fault Model: Random bit-flip
base address to flip value: 0x7fffffffd7f0
address max offset: 1
Memory content after  bitflip:0x09
frame name: train
symbol name: stopsWhenStable
symbol filename: lreg.cpp
symbol line: 174
value: 9
value address: 0x7fffffffd7f0
Type: A boolean type.
Type sizeof: 1

[INFO -- 2018-11-12 19:23:10]
Fault Injection Successful after 5.329277515411377s
[INFO -- 2018-11-12 19:23:14]
event type: exit
[INFO -- 2018-11-12 19:23:14]
exit code: 0
