[INFO -- 2018-11-26 16:57:56]
Starting flip_value script
version: 1.1
[INFO -- 2018-11-26 16:57:56]
Initialization strings:
[INFO -- 2018-11-26 16:57:56]
(1) file /tmp/lreg/lreg
[INFO -- 2018-11-26 16:57:56]
(2) set args /tmp/lreg/randInput /tmp/lreg/output
[INFO -- 2018-11-26 16:57:56]
initSignal:0
[INFO -- 2018-11-26 16:57:56]
endSignal:3
[INFO -- 2018-11-26 16:57:56]
faultModel:0
[EXCEPTION -- 2018-11-26 16:57:58]
gdbException: Cannot access memory at address 0x2
[INFO -- 2018-11-26 16:57:58]
Backtrace BEGIN:
#0  std::vector<double, std::allocator<double> >::size (this=0x2) at /usr/include/c++/7/bits/stl_vector.h:670
#1  0x000055555555577d in predict (v=-3) at lreg.cpp:115
#2  0x0000555555555a53 in partialDerivate (pos1=2, pos2=2) at lreg.cpp:142
#3  0x0000555555555bbe in adjust (alpha1=5.0000000000000002e-05, alpha2=5.0000000000000002e-05) at lreg.cpp:156
#4  0x0000555555555ee0 in train (iter1=20000, iter2=20000, N=3, alpha1=5.0000000000000002e-05, alpha2=5.0000000000000002e-05, stopsWhenStable=true) at lreg.cpp:193
#5  0x0000555555556467 in main (argc=3, argv=0x7fffffffde58) at lreg.cpp:253

665	#endif
666	
667	      // [23.2.4.2] capacity
668	      /**  Returns the number of elements in the %vector.  */
669	      size_type
670	      size() const _GLIBCXX_NOEXCEPT
671	      { return size_type(this->_M_impl._M_finish - this->_M_impl._M_start); }
672	
673	      /**  Returns the size() of the largest possible %vector.  */
674	      size_type

Backtrace END
Memory content before bitflip:0x010x000x000x00
Fault Model: Single bit-flip
base address to flip value: 0x7fffffffd8ec
address max offset: 4
Memory content after  bitflip:0x010x000x000x02
frame name: main
symbol name: i1
symbol filename: lreg.cpp
symbol line: 232
value: 33554433
value address: 0x7fffffffd8ec
Type: The type is an integer type.
Type sizeof: 4

[INFO -- 2018-11-26 16:57:58]
Fault Injection Successful after 2.666372060775757s
[INFO -- 2018-11-26 16:57:58]
event type: exit
[INFO -- 2018-11-26 16:57:58]
exit code: 0
