[INFO -- 2018-11-14 14:13:53]
Starting flip_value script
version: 1.1
[INFO -- 2018-11-14 14:13:53]
Initialization strings:
[INFO -- 2018-11-14 14:13:53]
(1) file /tmp/lreg/lreg
[INFO -- 2018-11-14 14:13:53]
(2) set args /tmp/lreg/randInput /tmp/lreg/output
[INFO -- 2018-11-14 14:13:53]
initSignal:0
[INFO -- 2018-11-14 14:13:53]
endSignal:5
[INFO -- 2018-11-14 14:13:53]
faultModel:1
[INFO -- 2018-11-14 14:13:55]
Backtrace BEGIN:
#0  0x00005555555567e9 in std::pow<double, unsigned int> (__x=8, __y=0) at /usr/include/c++/7/cmath:415
#1  0x0000555555555814 in predict (v=8) at lreg.cpp:116
#2  0x0000555555555a53 in partialDerivate (pos1=0, pos2=0) at lreg.cpp:142
#3  0x0000555555555bbe in adjust (alpha1=0.00020000000000000001, alpha2=0.00020000000000000001) at lreg.cpp:156
#4  0x0000555555555ee0 in train (iter1=15000, iter2=15000, N=2, alpha1=0.00020000000000000001, alpha2=0.00020000000000000001, stopsWhenStable=true) at lreg.cpp:193
#5  0x0000555555556467 in main (argc=3, argv=0x7fffffffde68) at lreg.cpp:253

410	#endif
411	
412	  template<typename _Tp, typename _Up>
413	    inline _GLIBCXX_CONSTEXPR
414	    typename __gnu_cxx::__promote_2<_Tp, _Up>::__type
415	    pow(_Tp __x, _Up __y)
416	    {
417	      typedef typename __gnu_cxx::__promote_2<_Tp, _Up>::__type __type;
418	      return pow(__type(__x), __type(__y));
419	    }

Backtrace END
Memory content before bitflip:0x000x000x000x00
Fault Model: Double bit-flip
base address to flip value: 0x7fffffffd788
address max offset: 4
Memory content after  bitflip:0x060x000x000x00
frame name: adjust
symbol name: i1
symbol filename: lreg.cpp
symbol line: 155
value: 6
value address: 0x7fffffffd788
Type: The type is an integer type.
Type sizeof: 4

[INFO -- 2018-11-14 14:13:55]
Fault Injection Successful after 2.5987513065338135s
[INFO -- 2018-11-14 14:14:02]
event type: exit
[INFO -- 2018-11-14 14:14:02]
exit code: 0
