[INFO -- 2018-11-15 12:39:31]
Starting flip_value script
version: 1.1
[INFO -- 2018-11-15 12:39:31]
Initialization strings:
[INFO -- 2018-11-15 12:39:31]
(1) file /tmp/lreg/lreg
[INFO -- 2018-11-15 12:39:31]
(2) set args /tmp/lreg/randInput /tmp/lreg/output
[INFO -- 2018-11-15 12:39:31]
initSignal:0
[INFO -- 2018-11-15 12:39:31]
endSignal:5
[INFO -- 2018-11-15 12:39:31]
faultModel:2
[INFO -- 2018-11-15 12:39:33]
Backtrace BEGIN:
#0  0x000055555555511b in verifyUintDup (a=3, b=3) at lreg.cpp:61
#1  0x00005555555557fe in predict (v=3) at lreg.cpp:116
#2  0x0000555555555a53 in partialDerivate (pos1=0, pos2=0) at lreg.cpp:142
#3  0x0000555555555bbe in adjust (alpha1=2.2222199999999999e-05, alpha2=2.2222199999999999e-05) at lreg.cpp:156
#4  0x0000555555555ee0 in train (iter1=45000, iter2=45000, N=4, alpha1=2.2222199999999999e-05, alpha2=2.2222199999999999e-05, stopsWhenStable=true) at lreg.cpp:193
#5  0x0000555555556467 in main (argc=3, argv=0x7fffffffde58) at lreg.cpp:253

56	*/
57	
58	int detected = 0;
59	
60	
61	UINT verifyUintDup(UINT a, UINT b){
62		if (a != b && detected != 1){
63			//gerar entrada no log
64			ofstream fp ("/tmp/lreg/detected.log", std::ofstream::app);
65			fp << "verifyUint: a = "<<a<<"; b = "<<b<<endl;

Backtrace END
Memory content before bitflip:0x000x000x000x000x000x000x080x40
Fault Model: Random bit-flip
base address to flip value: 0x7fffffffd6c8
address max offset: 8
Memory content after  bitflip:0x940x730x540x170x950x510x260x41
frame name: predict
symbol name: v
symbol filename: lreg.cpp
symbol line: 112
value: 731338.54556618864
value address: 0x7fffffffd6c8
Type: A floating point type.
Type sizeof: 8

[INFO -- 2018-11-15 12:39:33]
Fault Injection Successful after 2.4334628582000732s
[INFO -- 2018-11-15 12:39:35]
event type: exit
[INFO -- 2018-11-15 12:39:35]
exit code: 0
