[INFO -- 2018-10-13 17:14:54]
Starting flip_value script
version: 1.1
[INFO -- 2018-10-13 17:14:54]
Initialization strings:
[INFO -- 2018-10-13 17:14:54]
(1) file /tmp/lreg/lreg
[INFO -- 2018-10-13 17:14:54]
(2) set args /tmp/lreg/randInput /tmp/lreg/output
[INFO -- 2018-10-13 17:14:54]
initSignal:0
[INFO -- 2018-10-13 17:14:54]
endSignal:10
[INFO -- 2018-10-13 17:14:54]
faultModel:1
[INFO -- 2018-10-13 17:14:58]
Backtrace BEGIN:
#0  __ieee754_pow_sse2 (x=-24, y=3) at ../sysdeps/ieee754/dbl-64/e_pow.c:147
#1  0x00007ffff76bcb14 in __pow (x=-24, y=3) at w_pow_compat.c:30
#2  0x00005555555560ba in std::pow<double, unsigned int> (__x=-24, __y=3) at /usr/include/c++/7/cmath:418
#3  0x00005555555552c2 in predict (v=-24) at lreg.cpp:77
#4  0x000055555555551d in partialDerivate (pos=3) at lreg.cpp:107
#5  0x0000555555555670 in adjust () at lreg.cpp:123
#6  0x0000555555555881 in train (iterations=90000, N=4, stopsWhenStable=true) at lreg.cpp:159
#7  0x0000555555555dba in main (argc=3, argv=0x7fffffffde68) at lreg.cpp:225

142	../sysdeps/ieee754/dbl-64/e_pow.c: No such file or directory.

Backtrace END
Memory content before bitflip:0x460x5a0xb70xf40x390x4d0xf70x3e
Fault Model: Double bit-flip
base address to flip value: 0x7fffffffd950
address max offset: 8
Memory content after  bitflip:0x6e0x5a0xb70xf40x390x4d0xf70x3e
frame name: main
symbol name: alpha
symbol filename: lreg.cpp
symbol line: 202
value: 2.2222200000000134e-05
value address: 0x7fffffffd950
Type: A floating point type.
Type sizeof: 8

[INFO -- 2018-10-13 17:14:58]
Fault Injection Successful after 4.677797794342041s
[INFO -- 2018-10-13 17:15:03]
event type: exit
[INFO -- 2018-10-13 17:15:03]
exit code: 0
