[INFO -- 2018-11-01 21:26:40]
Starting flip_value script
version: 1.1
[INFO -- 2018-11-01 21:26:40]
Initialization strings:
[INFO -- 2018-11-01 21:26:40]
(1) file /tmp/lreg/lreg
[INFO -- 2018-11-01 21:26:40]
(2) set args /tmp/lreg/randInput /tmp/lreg/output /tmp/lreg/detected.log
[INFO -- 2018-11-01 21:26:40]
initSignal:0
[INFO -- 2018-11-01 21:26:40]
endSignal:20
[INFO -- 2018-11-01 21:26:40]
faultModel:1
[INFO -- 2018-11-01 21:26:45]
Backtrace BEGIN:
#0  0x00007ffff76d58c1 in __exp1 (x=<optimized out>, xx=<optimized out>, error=<optimized out>) at ../sysdeps/ieee754/dbl-64/e_exp.c:270
#1  0x00007ffff76da8dc in __ieee754_pow_sse2 (x=20, y=3) at ../sysdeps/ieee754/dbl-64/e_pow.c:115
#2  0x00007ffff76bcb14 in __pow (x=20, y=3) at w_pow_compat.c:30
#3  0x0000555555556131 in std::pow<double, int> (__x=20, __y=3) at /usr/include/c++/7/cmath:418
#4  0x0000555555555451 in partialDerivate (pos=3) at lreg.cpp:74
#5  0x0000555555555503 in adjust (alpha=2.2222199999999999e-05) at lreg.cpp:87
#6  0x00005555555556ac in train (iterations=60000, alpha=2.2222199999999999e-05, N=4, stopsWhenStable=true) at lreg.cpp:120
#7  0x0000555555555a1c in execute (input=0x7fffffffe1f3 "/tmp/lreg/randInput") at lreg.cpp:157
#8  0x0000555555555c60 in main (argc=4, argv=0x7fffffffde48) at lreg.cpp:191

265	../sysdeps/ieee754/dbl-64/e_exp.c: No such file or directory.

Backtrace END
Fliping value of field name: x
Memory content before bitflip:0xdc0x040x000x000x000x000xe00x3f
Fault Model: Double bit-flip
base address to flip value: 0x7ffff77917f8 
address max offset: 8
Memory content after  bitflip:0xdc0x040x500x000x000x000xe00x3f
frame name: __exp1
symbol name: p2
symbol filename: ../sysdeps/ieee754/dbl-64/uexp.h
symbol line: 61
value: {i = {5244124, 1071644672}, x = 0.50000000058221472}
value address: 0x7ffff77917f8 <p2>
Type: The type is a union.
Type sizeof: 8
Field name: i
Field Type: The type is an array.
Field Type sizeof: 8
Field name: x
Field Type: A floating point type.
Field Type sizeof: 8

[INFO -- 2018-11-01 21:26:45]
Fault Injection Successful after 5.452212572097778s
[INFO -- 2018-11-01 21:27:08]
event type: exit
[INFO -- 2018-11-01 21:27:08]
exit code: 0
