[INFO -- 2018-11-25 14:29:30]
Starting flip_value script
version: 1.1
[INFO -- 2018-11-25 14:29:30]
Initialization strings:
[INFO -- 2018-11-25 14:29:30]
(1) file /tmp/lreg/lreg
[INFO -- 2018-11-25 14:29:30]
(2) set args /tmp/lreg/randInput /tmp/lreg/output /tmp/lreg/detected.log
[INFO -- 2018-11-25 14:29:30]
initSignal:0
[INFO -- 2018-11-25 14:29:30]
endSignal:6
[INFO -- 2018-11-25 14:29:30]
faultModel:1
[INFO -- 2018-11-25 14:29:30]
Backtrace BEGIN:
#0  __ieee754_pow_sse2 (x=12, y=0) at ../sysdeps/ieee754/dbl-64/e_pow.c:85
#1  0x00007ffff76bcb14 in __pow (x=12, y=0) at w_pow_compat.c:30
#2  0x000055555555621b in std::pow<double, int> (__x=12, __y=0) at /usr/include/c++/7/cmath:418
#3  0x0000555555555237 in predict (v=12) at lreg.cpp:50
#4  0x00005555555553fc in partialDerivate (pos=1) at lreg.cpp:74
#5  0x0000555555555503 in adjust (alpha=0.00020000000000000001) at lreg.cpp:87
#6  0x00005555555556ac in train (iterations=10000, alpha=0.00020000000000000001, N=2, stopsWhenStable=true) at lreg.cpp:120
#7  0x0000555555555a1c in execute (input=0x7fffffffe1f1 "/tmp/lreg/randInput") at lreg.cpp:157
#8  0x0000555555555c78 in main (argc=4, argv=0x7fffffffde48) at lreg.cpp:193

80	../sysdeps/ieee754/dbl-64/e_pow.c: No such file or directory.

Backtrace END
Memory content before bitflip:0x000x000x000x000x000x000x000x00
Fault Model: Double bit-flip
base address to flip value: 0x7fffffffd418
address max offset: 8
Memory content after  bitflip:0x000x000x000x000x880x000x000x00
frame name: __pow
symbol name: y
symbol filename: w_pow_compat.c
symbol line: 28
value: 2.8859142757127703e-312
value address: 0x7fffffffd418
Type: A floating point type.
Type sizeof: 8

[INFO -- 2018-11-25 14:29:30]
Fault Injection Successful after 0.581416130065918s
[INFO -- 2018-11-25 14:29:32]
event type: exit
[INFO -- 2018-11-25 14:29:32]
exit code: 0
