[INFO -- 2018-10-03 15:20:58]
Starting flip_value script
version: 1.1
[INFO -- 2018-10-03 15:20:58]
Initialization strings:
[INFO -- 2018-10-03 15:20:58]
(1) file /tmp/lreg/lreg
[INFO -- 2018-10-03 15:20:58]
(2) set args /tmp/lreg/randInput /tmp/lreg/output
[INFO -- 2018-10-03 15:20:58]
initSignal:0
[INFO -- 2018-10-03 15:20:58]
endSignal:10
[INFO -- 2018-10-03 15:20:58]
faultModel:2
[EXCEPTION -- 2018-10-03 15:21:02]
gdbException: Cannot access memory at address 0x6f41363f7d19c87d
[EXCEPTION -- 2018-10-03 15:21:02]
pythonException: Unable to exit loop in struct fields; Exiting wihtout making a bit flip
[EXCEPTION -- 2018-10-03 15:21:03]
pythonException: empty range for randrange() (0,0, 0)
[INFO -- 2018-10-03 15:21:03]
event type: exit
[EXCEPTION -- 2018-10-03 15:21:03]
exit code: no exit code available
