[INFO -- 2018-10-04 19:11:30]
Starting flip_value script
version: 1.1
[INFO -- 2018-10-04 19:11:30]
Initialization strings:
[INFO -- 2018-10-04 19:11:30]
(1) file /tmp/lreg/lreg
[INFO -- 2018-10-04 19:11:30]
(2) set args /tmp/lreg/randInput /tmp/lreg/output
[INFO -- 2018-10-04 19:11:30]
initSignal:0
[INFO -- 2018-10-04 19:11:30]
endSignal:10
[INFO -- 2018-10-04 19:11:30]
faultModel:2
[INFO -- 2018-10-04 19:11:35]
Backtrace BEGIN:
#0  0x0000555555555cf6 in std::vector<double, std::allocator<double> >::size (this=0x55555575a180 <T>) at /usr/include/c++/7/bits/stl_vector.h:671
#1  0x00005555555551a9 in predict (v=20) at lreg.cpp:49
#2  0x00005555555553ac in partialDerivate (pos=1) at lreg.cpp:74
#3  0x00005555555554b3 in adjust (alpha=2.2222199999999999e-05) at lreg.cpp:87
#4  0x000055555555565c in train (iterations=90000, alpha=2.2222199999999999e-05, N=4, stopsWhenStable=true) at lreg.cpp:120
#5  0x0000555555555ab7 in main (argc=3, argv=0x7fffffffde58) at lreg.cpp:174

666	
667	      // [23.2.4.2] capacity
668	      /**  Returns the number of elements in the %vector.  */
669	      size_type
670	      size() const _GLIBCXX_NOEXCEPT
671	      { return size_type(this->_M_impl._M_finish - this->_M_impl._M_start); }
672	
673	      /**  Returns the size() of the largest possible %vector.  */
674	      size_type
675	      max_size() const _GLIBCXX_NOEXCEPT

Backtrace END
Fliping value of field: std::_Vector_base<double, std::allocator<double> >
Fliping value of field: _M_impl
Fliping value of field: _M_start
Fliping a bit of the value pointed by a pointer
Memory content before bitflip:0xec0xe30xe00x890x4f0x6b0x220x40
Fault Model: Random bit-flip
base address to flip value: 0x555555771380
address max offset: 8
Memory content after  bitflip:0x8f0xf70x6c0xe70x270xee0x880x70
frame name: predict
symbol name: T
symbol filename: lreg.cpp
symbol line: 34
value: std::vector of length 4, capacity 4 = {1.2385515579824884e+234, 273.98142965772479, 6.6738276898004116, -5.904904945810391}
value address: 0x55555575a180 <T>
Type: The type is a structure.
Type sizeof: 24
Field name: std::_Vector_base<double, std::allocator<double> >
Field Type: The type is a structure.
Field Type sizeof: 24

[INFO -- 2018-10-04 19:11:35]
Fault Injection Successful after 5.333536863327026s
[INFO -- 2018-10-04 19:11:37]
event type: exit
[INFO -- 2018-10-04 19:11:37]
exit code: 0
