[INFO -- 2018-11-22 16:20:17]
Starting flip_value script
version: 1.1
[INFO -- 2018-11-22 16:20:17]
Initialization strings:
[INFO -- 2018-11-22 16:20:17]
(1) file /tmp/lreg/lreg
[INFO -- 2018-11-22 16:20:17]
(2) set args /tmp/lreg/randInput /tmp/lreg/output
[INFO -- 2018-11-22 16:20:17]
initSignal:0
[INFO -- 2018-11-22 16:20:17]
endSignal:3
[INFO -- 2018-11-22 16:20:17]
faultModel:0
[INFO -- 2018-11-22 16:20:19]
Backtrace BEGIN:
#0  0x00007ffff76dabbc in __ieee754_pow_sse2 (x=<optimized out>, y=2) at ../sysdeps/ieee754/dbl-64/e_pow.c:82
#1  0x00007ffff76bcb14 in __pow (x=-4, y=2) at w_pow_compat.c:30
#2  0x0000555555555d5f in std::pow<double, int> (__x=-4, __y=2) at /usr/include/c++/7/cmath:418
#3  0x00005555555551e7 in predict (v=-4) at lreg.cpp:50
#4  0x00005555555553ac in partialDerivate (pos=1) at lreg.cpp:74
#5  0x00005555555554b3 in adjust (alpha=5.0000000000000002e-05) at lreg.cpp:87
#6  0x000055555555565c in train (iterations=20000, alpha=5.0000000000000002e-05, N=3, stopsWhenStable=true) at lreg.cpp:120
#7  0x0000555555555ab7 in main (argc=3, argv=0x7fffffffde58) at lreg.cpp:174

77	../sysdeps/ieee754/dbl-64/e_pow.c: No such file or directory.

Backtrace END
Memory content before bitflip:0x000x000x000x000x000x000x100xc0
Fault Model: Single bit-flip
base address to flip value: 0x7fffffffd728
address max offset: 8
Memory content after  bitflip:0x000x000x000x000x000x000x300xc0
frame name: predict
symbol name: v
symbol filename: lreg.cpp
symbol line: 47
value: -16
value address: 0x7fffffffd728
Type: A floating point type.
Type sizeof: 8

[INFO -- 2018-11-22 16:20:19]
Fault Injection Successful after 2.794524908065796s
[INFO -- 2018-11-22 16:20:22]
event type: exit
[INFO -- 2018-11-22 16:20:22]
exit code: 0
