[INFO -- 2018-10-13 12:14:15]
Starting flip_value script
version: 1.1
[INFO -- 2018-10-13 12:14:15]
Initialization strings:
[INFO -- 2018-10-13 12:14:15]
(1) file /tmp/lreg/lreg
[INFO -- 2018-10-13 12:14:15]
(2) set args /tmp/lreg/randInput /tmp/lreg/output
[INFO -- 2018-10-13 12:14:15]
initSignal:0
[INFO -- 2018-10-13 12:14:15]
endSignal:10
[INFO -- 2018-10-13 12:14:15]
faultModel:0
[INFO -- 2018-10-13 12:14:21]
Backtrace BEGIN:
#0  0x00007ffff76bcb31 in __pow (x=-3, y=0) at w_pow_compat.c:31
#1  0x00005555555560ba in std::pow<double, unsigned int> (__x=-3, __y=0) at /usr/include/c++/7/cmath:418
#2  0x0000555555555590 in partialDerivate (pos=0) at lreg.cpp:107
#3  0x0000555555555670 in adjust () at lreg.cpp:123
#4  0x0000555555555881 in train (iterations=90000, N=4, stopsWhenStable=true) at lreg.cpp:159
#5  0x0000555555555dba in main (argc=3, argv=0x7fffffffde68) at lreg.cpp:225

26	w_pow_compat.c: No such file or directory.

Backtrace END
Memory content before bitflip:0x0e0x000x000x00
Fault Model: Single bit-flip
base address to flip value: 0x7fffffffd780
address max offset: 4
Memory content after  bitflip:0x0e0x000x040x00
frame name: partialDerivate
symbol name: i2
symbol filename: lreg.cpp
symbol line: 103
value: 262158
value address: 0x7fffffffd780
Type: The type is an integer type.
Type sizeof: 4

[INFO -- 2018-10-13 12:14:21]
Fault Injection Successful after 6.8130974769592285s
[INFO -- 2018-10-13 12:14:27]
event type: exit
[INFO -- 2018-10-13 12:14:27]
exit code: 0
