[INFO -- 2018-11-25 11:28:25]
Starting flip_value script
version: 1.1
[INFO -- 2018-11-25 11:28:25]
Initialization strings:
[INFO -- 2018-11-25 11:28:25]
(1) file /tmp/lreg/lreg
[INFO -- 2018-11-25 11:28:25]
(2) set args /tmp/lreg/randInput /tmp/lreg/output /tmp/lreg/detected.log
[INFO -- 2018-11-25 11:28:25]
initSignal:0
[INFO -- 2018-11-25 11:28:25]
endSignal:6
[INFO -- 2018-11-25 11:28:25]
faultModel:1
[INFO -- 2018-11-25 11:28:27]
Backtrace BEGIN:
#0  0x000055555555732e in std::_Vector_base<double, std::allocator<double> >::_Vector_impl::_Vector_impl (this=0x7fffffffd5f0, __a=...) at /usr/include/c++/7/bits/stl_vector.h:93
#1  0x0000555555556972 in std::_Vector_base<double, std::allocator<double> >::_Vector_base (this=0x7fffffffd5f0, __n=2, __a=...) at /usr/include/c++/7/bits/stl_vector.h:137
#2  0x00005555555563f1 in std::vector<double, std::allocator<double> >::vector (this=0x7fffffffd5f0, __x=std::vector of length 2, capacity 2 = {...}) at /usr/include/c++/7/bits/stl_vector.h:328
#3  0x0000555555555713 in train (iterations=10000, alpha=0.00020000000000000001, N=2, stopsWhenStable=true) at lreg.cpp:126
#4  0x0000555555555a1c in execute (input=0x7fffffffe1f1 "/tmp/lreg/randInput") at lreg.cpp:157
#5  0x0000555555555cb0 in main (argc=4, argv=0x7fffffffde48) at lreg.cpp:196

88		_Vector_impl()
89		: _Tp_alloc_type(), _M_start(), _M_finish(), _M_end_of_storage()
90		{ }
91	
92		_Vector_impl(_Tp_alloc_type const& __a) _GLIBCXX_NOEXCEPT
93		: _Tp_alloc_type(__a), _M_start(), _M_finish(), _M_end_of_storage()
94		{ }
95	
96	#if __cplusplus >= 201103L
97		_Vector_impl(_Tp_alloc_type&& __a) noexcept

Backtrace END
Fliping value of field: std::_Vector_base<double, std::allocator<double> >
Fliping value of field: _M_impl
Fliping value of field: _M_start
Fliping a bit of the value pointed by a pointer
Memory content before bitflip:0x000x000x000x000x000x000x280x40
Fault Model: Double bit-flip
base address to flip value: 0x5555557724b0
address max offset: 8
Memory content after  bitflip:0x280x000x000x000x000x000x280x40
frame name: std::_Vector_base<double, std::allocator<double> >::_Vector_impl::_Vector_impl
symbol name: x
symbol filename: lreg.cpp
symbol line: 32
value: std::vector of length 8, capacity 16 = {12.000000000000071, -6, -10, -3, 7, -12, 6, -10}
value address: 0x55555575b140 <x>
Type: The type is a structure.
Type sizeof: 24
Field name: std::_Vector_base<double, std::allocator<double> >
Field Type: The type is a structure.
Field Type sizeof: 24

[INFO -- 2018-11-25 11:28:27]
Fault Injection Successful after 2.5307092666625977s
[INFO -- 2018-11-25 11:28:28]
event type: exit
[INFO -- 2018-11-25 11:28:28]
exit code: 0
