[INFO -- 2018-11-22 15:56:17]
Starting flip_value script
version: 1.1
[INFO -- 2018-11-22 15:56:17]
Initialization strings:
[INFO -- 2018-11-22 15:56:17]
(1) file /tmp/lreg/lreg
[INFO -- 2018-11-22 15:56:17]
(2) set args /tmp/lreg/randInput /tmp/lreg/output
[INFO -- 2018-11-22 15:56:17]
initSignal:0
[INFO -- 2018-11-22 15:56:17]
endSignal:3
[INFO -- 2018-11-22 15:56:17]
faultModel:1
[INFO -- 2018-11-22 15:56:20]
Backtrace BEGIN:
#0  0x00007ffff76da549 in __ieee754_pow_sse2 (x=7, y=2) at ../sysdeps/ieee754/dbl-64/e_pow.c:72
#1  0x00007ffff76bcb14 in __pow (x=7, y=2) at w_pow_compat.c:30
#2  0x0000555555555d5f in std::pow<double, int> (__x=7, __y=2) at /usr/include/c++/7/cmath:418
#3  0x00005555555551e7 in predict (v=7) at lreg.cpp:50
#4  0x00005555555553ac in partialDerivate (pos=1) at lreg.cpp:74
#5  0x00005555555554b3 in adjust (alpha=2.2222199999999999e-05) at lreg.cpp:87
#6  0x000055555555565c in train (iterations=30000, alpha=2.2222199999999999e-05, N=4, stopsWhenStable=true) at lreg.cpp:120
#7  0x0000555555555ab7 in main (argc=3, argv=0x7fffffffde58) at lreg.cpp:174

67	../sysdeps/ieee754/dbl-64/e_pow.c: No such file or directory.

Backtrace END
Fliping value of field name: x
Memory content before bitflip:0xff0x030x000x000x000x000x300x43
Fault Model: Double bit-flip
base address to flip value: 0x7ffff779f5a0 
address max offset: 8
Memory content after  bitflip:0xfa0x030x000x000x000x000x300x43
frame name: __ieee754_pow_sse2
symbol name: two52e
symbol filename: ../sysdeps/ieee754/dbl-64/upow.h
symbol line: 55
value: {i = {1018, 1127219200}, x = 4503599627371514}
value address: 0x7ffff779f5a0 <two52e>
Type: The type is a union.
Type sizeof: 8
Field name: i
Field Type: The type is an array.
Field Type sizeof: 8
Field name: x
Field Type: A floating point type.
Field Type sizeof: 8

[INFO -- 2018-11-22 15:56:20]
Fault Injection Successful after 3.1124866008758545s
[INFO -- 2018-11-22 15:56:22]
event type: exit
[INFO -- 2018-11-22 15:56:22]
exit code: 0
