[INFO -- 2018-11-15 20:03:42]
Starting flip_value script
version: 1.1
[INFO -- 2018-11-15 20:03:42]
Initialization strings:
[INFO -- 2018-11-15 20:03:42]
(1) file /tmp/lreg/lreg
[INFO -- 2018-11-15 20:03:42]
(2) set args /tmp/lreg/randInput /tmp/lreg/output
[INFO -- 2018-11-15 20:03:42]
initSignal:0
[INFO -- 2018-11-15 20:03:42]
endSignal:5
[INFO -- 2018-11-15 20:03:42]
faultModel:0
[INFO -- 2018-11-15 20:03:45]
Backtrace BEGIN:
#0  0x00007ffff76daa1e in __ieee754_pow_sse2 (x=<optimized out>, y=<optimized out>) at ../sysdeps/ieee754/dbl-64/e_pow.c:215
#1  0x00007ffff76bcb14 in __pow (x=-7, y=3) at w_pow_compat.c:30
#2  0x0000555555556826 in std::pow<double, unsigned int> (__x=-7, __y=3) at /usr/include/c++/7/cmath:418
#3  0x0000555555555814 in predict (v=-7) at lreg.cpp:116
#4  0x00005555555558c0 in meanSquaredError () at lreg.cpp:128
#5  0x0000555555555ee5 in train (iter1=45000, iter2=45000, N=4, alpha1=2.2222199999999999e-05, alpha2=2.2222199999999999e-05, stopsWhenStable=true) at lreg.cpp:194
#6  0x0000555555556467 in main (argc=3, argv=0x7fffffffde68) at lreg.cpp:253

210	../sysdeps/ieee754/dbl-64/e_pow.c: No such file or directory.

Backtrace END
Memory content before bitflip:0x010x000x000x00
Fault Model: Single bit-flip
base address to flip value: 0x7fffffffd794
address max offset: 4
Memory content after  bitflip:0x010x000x000x04
frame name: meanSquaredError
symbol name: i2
symbol filename: lreg.cpp
symbol line: 127
value: 67108865
value address: 0x7fffffffd794
Type: The type is an integer type.
Type sizeof: 4

[INFO -- 2018-11-15 20:03:45]
Fault Injection Successful after 3.8529741764068604s
[INFO -- 2018-11-15 20:03:46]
event type: exit
[INFO -- 2018-11-15 20:03:46]
exit code: 0
