[INFO -- 2018-10-06 19:15:35]
Starting flip_value script
version: 1.1
[INFO -- 2018-10-06 19:15:35]
Initialization strings:
[INFO -- 2018-10-06 19:15:35]
(1) file /tmp/lreg/lreg
[INFO -- 2018-10-06 19:15:35]
(2) set args /tmp/lreg/randInput /tmp/lreg/output
[INFO -- 2018-10-06 19:15:35]
initSignal:0
[INFO -- 2018-10-06 19:15:35]
endSignal:10
[INFO -- 2018-10-06 19:15:35]
faultModel:0
[INFO -- 2018-10-06 19:15:36]
Backtrace BEGIN:
#0  0x00005555555550bf in selectTriUInt (a=2, b=2, c=2) at lreg.cpp:48
#1  0x0000555555555256 in predict (v=-22) at lreg.cpp:74
#2  0x000055555555551d in partialDerivate (pos=0) at lreg.cpp:107
#3  0x0000555555555670 in adjust () at lreg.cpp:123
#4  0x0000555555555881 in train (iterations=60000, N=3, stopsWhenStable=true) at lreg.cpp:159
#5  0x0000555555555dba in main (argc=3, argv=0x7fffffffde68) at lreg.cpp:225

43	vector<double> T; // the adjustment variables
44	
45	double a1, a2, a3; // triplication of alpha
46	
47	UINT selectTriUInt(UINT a, UINT b, UINT c){
48		return (a == b)? a : c;
49	}
50	double selectTriDouble(double a, double b, double c){
51		return (a == b)? a : c;
52	}

Backtrace END
Fliping value of field: std::_Vector_base<double, std::allocator<double> >
Fliping value of field: _M_impl
Fliping value of field: _M_end_of_storage
Fliping a bit of the value pointed by a pointer
Memory content before bitflip:0x000x000x000x000x000x000x000x00
Fault Model: Single bit-flip
base address to flip value: 0x555555771750
address max offset: 8
Memory content after  bitflip:0x000x000x000x000x800x000x000x00
frame name: partialDerivate
symbol name: y
symbol filename: lreg.cpp
symbol line: 42
value: std::vector of length 20, capacity 32 = {2, 2, 2, 2, 2, 2, 2, 2, 547, 267, 367, 115, 1203, 927, 147, 547, 483, 43, 1203, 267}
value address: 0x55555575a160 <y>
Type: The type is a structure.
Type sizeof: 24
Field name: std::_Vector_base<double, std::allocator<double> >
Field Type: The type is a structure.
Field Type sizeof: 24

[INFO -- 2018-10-06 19:15:36]
Fault Injection Successful after 1.867408037185669s
[INFO -- 2018-10-06 19:15:44]
event type: exit
[INFO -- 2018-10-06 19:15:44]
exit code: 0
