[INFO -- 2018-11-24 17:25:01]
Starting flip_value script
version: 1.1
[INFO -- 2018-11-24 17:25:01]
Initialization strings:
[INFO -- 2018-11-24 17:25:01]
(1) file /tmp/lreg/lreg
[INFO -- 2018-11-24 17:25:01]
(2) set args /tmp/lreg/randInput /tmp/lreg/output /tmp/lreg/detected.log
[INFO -- 2018-11-24 17:25:01]
initSignal:0
[INFO -- 2018-11-24 17:25:01]
endSignal:6
[INFO -- 2018-11-24 17:25:01]
faultModel:0
[INFO -- 2018-11-24 17:25:01]
Backtrace BEGIN:
#0  std::_Destroy_aux<true>::__destroy<double*> () at /usr/include/c++/7/bits/stl_construct.h:117
#1  0x0000555555557315 in std::_Destroy<double*> (__first=0x555555772490, __last=0x5555557724a8) at /usr/include/c++/7/bits/stl_construct.h:137
#2  0x0000555555556953 in std::_Destroy<double*, double> (__first=0x555555772490, __last=0x5555557724a8) at /usr/include/c++/7/bits/stl_construct.h:206
#3  0x0000555555556231 in std::vector<double, std::allocator<double> >::~vector (this=0x7fffffffd5d0, __in_chrg=<optimized out>) at /usr/include/c++/7/bits/stl_vector.h:434
#4  0x0000555555555770 in train (iterations=20000, alpha=5.0000000000000002e-05, N=3, stopsWhenStable=true) at lreg.cpp:126
#5  0x0000555555555a1c in execute (input=0x7fffffffe1f2 "/tmp/lreg/randInput") at lreg.cpp:157
#6  0x0000555555555c78 in main (argc=4, argv=0x7fffffffde48) at lreg.cpp:193

112	  template<>
113	    struct _Destroy_aux<true>
114	    {
115	      template<typename _ForwardIterator>
116	        static void
117	        __destroy(_ForwardIterator, _ForwardIterator) { }
118	    };
119	
120	  /**
121	   * Destroy a range of objects.  If the value_type of the object has

Backtrace END
Fliping value of field: std::_Vector_base<double, std::allocator<double> >
Fliping value of field: _M_impl
Fliping value of field: _M_finish
Fliping a bit of the value pointed by a pointer
Memory content before bitflip:0x000x000x000x000x000x000x000x00
Fault Model: Single bit-flip
base address to flip value: 0x555555772510
address max offset: 8
Memory content after  bitflip:0x000x000x040x000x000x000x000x00
frame name: execute
symbol name: x
symbol filename: lreg.cpp
symbol line: 32
value: std::vector of length 12, capacity 16 = {-4, -3, -7, -2, -1, -1, -21, -3, -19, 13, 6, 23}
value address: 0x55555575b140 <x>
Type: The type is a structure.
Type sizeof: 24
Field name: std::_Vector_base<double, std::allocator<double> >
Field Type: The type is a structure.
Field Type sizeof: 24

[INFO -- 2018-11-24 17:25:01]
Fault Injection Successful after 0.8981554508209229s
[INFO -- 2018-11-24 17:25:03]
event type: exit
[INFO -- 2018-11-24 17:25:03]
exit code: 0
