[INFO -- 2018-11-08 19:06:40]
Starting flip_value script
version: 1.1
[INFO -- 2018-11-08 19:06:40]
Initialization strings:
[INFO -- 2018-11-08 19:06:40]
(1) file /tmp/lreg/lreg
[INFO -- 2018-11-08 19:06:40]
(2) set args /tmp/lreg/randInput /tmp/lreg/output /tmp/lreg/detected.log
[INFO -- 2018-11-08 19:06:40]
initSignal:0
[INFO -- 2018-11-08 19:06:40]
endSignal:10
[INFO -- 2018-11-08 19:06:40]
faultModel:1
[INFO -- 2018-11-08 19:06:42]
Backtrace BEGIN:
#0  libc_feholdsetround_sse_ctx (r=0, ctx=<synthetic pointer>) at ../sysdeps/i386/fpu/fenv_private.h:447
#1  __ieee754_pow_sse2 (x=16, y=3) at ../sysdeps/ieee754/dbl-64/e_pow.c:97
#2  0x00007ffff76bcb14 in __pow (x=16, y=3) at w_pow_compat.c:30
#3  0x0000555555556131 in std::pow<double, int> (__x=16, __y=3) at /usr/include/c++/7/cmath:418
#4  0x0000555555555237 in predict (v=16) at lreg.cpp:50
#5  0x00005555555552ba in meanSquaredError () at lreg.cpp:61
#6  0x00005555555556b1 in train (iterations=45000, alpha=2.2222199999999999e-05, N=4, stopsWhenStable=true) at lreg.cpp:121
#7  0x0000555555555a1c in execute (input=0x7fffffffe1f1 "/tmp/lreg/randInput") at lreg.cpp:157
#8  0x0000555555555c60 in main (argc=4, argv=0x7fffffffde48) at lreg.cpp:191

442	../sysdeps/i386/fpu/fenv_private.h: No such file or directory.

Backtrace END
Memory content before bitflip:0x000x000x000x000x000x000x300x40
Fault Model: Double bit-flip
base address to flip value: 0x7fffffffd470
address max offset: 8
Memory content after  bitflip:0x000x000x000x000x280x000x300x40
frame name: __pow
symbol name: x
symbol filename: w_pow_compat.c
symbol line: 28
value: 16.0006103515625
value address: 0x7fffffffd470
Type: A floating point type.
Type sizeof: 8

[INFO -- 2018-11-08 19:06:42]
Fault Injection Successful after 2.301225185394287s
[INFO -- 2018-11-08 19:06:47]
event type: exit
[INFO -- 2018-11-08 19:06:47]
exit code: 0
