[INFO -- 2018-10-03 15:10:43]
Starting flip_value script
version: 1.1
[INFO -- 2018-10-03 15:10:43]
Initialization strings:
[INFO -- 2018-10-03 15:10:43]
(1) file /tmp/lreg/lreg
[INFO -- 2018-10-03 15:10:43]
(2) set args /tmp/lreg/randInput /tmp/lreg/output
[INFO -- 2018-10-03 15:10:43]
initSignal:0
[INFO -- 2018-10-03 15:10:43]
endSignal:10
[INFO -- 2018-10-03 15:10:43]
faultModel:2
[INFO -- 2018-10-03 15:10:47]
Backtrace BEGIN:
#0  __ieee754_pow_sse2 (x=13, y=3) at ../sysdeps/ieee754/dbl-64/e_pow.c:85
#1  0x00007ffff76b7b14 in __pow (x=13, y=3) at w_pow_compat.c:30
#2  0x0000555555555d47 in std::pow<double, int> (__x=13, __y=3) at /usr/include/c++/7/cmath:418
#3  0x00005555555551e7 in predict (v=13) at lreg.cpp:50
#4  0x00005555555553ac in partialDerivate (pos=1) at lreg.cpp:74
#5  0x00005555555554b3 in adjust (alpha=2.2222199999999999e-05) at lreg.cpp:87
#6  0x000055555555565c in train (iterations=90000, alpha=2.2222199999999999e-05, N=4, stopsWhenStable=true) at lreg.cpp:120
#7  0x0000555555555ab7 in main (argc=3, argv=0x7fffffffde58) at lreg.cpp:174

80	../sysdeps/ieee754/dbl-64/e_pow.c: No such file or directory.

Backtrace END
Memory content before bitflip:0x970xcd0xc00xff0x890xc80xa00x40
Fault Model: Random bit-flip
base address to flip value: 0x7fffffffd738
address max offset: 8
Memory content after  bitflip:0x040x6f0x710xa70x2e0x1a0x100x75
frame name: predict
symbol name: val
symbol filename: lreg.cpp
symbol line: 48
value: 7.5555059953150844e+255
value address: 0x7fffffffd738
Type: A floating point type.
Type sizeof: 8

[INFO -- 2018-10-03 15:10:47]
Fault Injection Successful after 4.35919189453125s
[INFO -- 2018-10-03 15:10:50]
event type: exit
[INFO -- 2018-10-03 15:10:50]
exit code: 0
