[INFO -- 2018-11-25 12:53:00]
Starting flip_value script
version: 1.1
[INFO -- 2018-11-25 12:53:00]
Initialization strings:
[INFO -- 2018-11-25 12:53:00]
(1) file /tmp/lreg/lreg
[INFO -- 2018-11-25 12:53:00]
(2) set args /tmp/lreg/randInput /tmp/lreg/output /tmp/lreg/detected.log
[INFO -- 2018-11-25 12:53:00]
initSignal:0
[INFO -- 2018-11-25 12:53:00]
endSignal:6
[INFO -- 2018-11-25 12:53:00]
faultModel:1
[INFO -- 2018-11-25 12:53:02]
Backtrace BEGIN:
#0  0x00005555555561d8 in std::vector<double, std::allocator<double> >::operator[] (this=0x55555575b180 <T>, __n=0) at /usr/include/c++/7/bits/stl_vector.h:795
#1  0x0000555555555217 in predict (v=-1) at lreg.cpp:50
#2  0x00005555555553fc in partialDerivate (pos=2) at lreg.cpp:74
#3  0x0000555555555503 in adjust (alpha=2.2222199999999999e-05) at lreg.cpp:87
#4  0x00005555555556ac in train (iterations=30000, alpha=2.2222199999999999e-05, N=4, stopsWhenStable=true) at lreg.cpp:120
#5  0x0000555555555a1c in execute (input=0x7fffffffe1f1 "/tmp/lreg/randInput") at lreg.cpp:157
#6  0x0000555555555cb0 in main (argc=4, argv=0x7fffffffde48) at lreg.cpp:196

790	       *  Note that data access with this operator is unchecked and
791	       *  out_of_range lookups are not defined. (For checked lookups
792	       *  see at().)
793	       */
794	      reference
795	      operator[](size_type __n) _GLIBCXX_NOEXCEPT
796	      {
797		__glibcxx_requires_subscript(__n);
798		return *(this->_M_impl._M_start + __n);
799	      }

Backtrace END
Memory content before bitflip:0x010x000x000x00
Fault Model: Double bit-flip
base address to flip value: 0x7fffffffd484
address max offset: 4
Memory content after  bitflip:0x010x840x000x00
frame name: predict
symbol name: i
symbol filename: lreg.cpp
symbol line: 49
value: 33793
value address: 0x7fffffffd484
Type: The type is an integer type.
Type sizeof: 4

[INFO -- 2018-11-25 12:53:02]
Fault Injection Successful after 2.9819648265838623s
[INFO -- 2018-11-25 12:53:03]
event type: exit
[INFO -- 2018-11-25 12:53:03]
exit code: 0
