[INFO -- 2018-11-22 15:15:04]
Starting flip_value script
version: 1.1
[INFO -- 2018-11-22 15:15:04]
Initialization strings:
[INFO -- 2018-11-22 15:15:04]
(1) file /tmp/lreg/lreg
[INFO -- 2018-11-22 15:15:04]
(2) set args /tmp/lreg/randInput /tmp/lreg/output
[INFO -- 2018-11-22 15:15:04]
initSignal:0
[INFO -- 2018-11-22 15:15:04]
endSignal:3
[INFO -- 2018-11-22 15:15:04]
faultModel:0
[EXCEPTION -- 2018-11-22 15:15:05]
gdbException: Attempt to dereference a generic pointer.
[INFO -- 2018-11-22 15:15:07]
Backtrace BEGIN:
#0  0x00007ffff76da549 in __ieee754_pow_sse2 (x=-17, y=0) at ../sysdeps/ieee754/dbl-64/e_pow.c:72
#1  0x00007ffff76bcb14 in __pow (x=-17, y=0) at w_pow_compat.c:30
#2  0x0000555555555d5f in std::pow<double, int> (__x=-17, __y=0) at /usr/include/c++/7/cmath:418
#3  0x00005555555551e7 in predict (v=-17) at lreg.cpp:50
#4  0x00005555555553ac in partialDerivate (pos=3) at lreg.cpp:74
#5  0x00005555555554b3 in adjust (alpha=2.2222199999999999e-05) at lreg.cpp:87
#6  0x000055555555565c in train (iterations=30000, alpha=2.2222199999999999e-05, N=4, stopsWhenStable=true) at lreg.cpp:120
#7  0x0000555555555ab7 in main (argc=3, argv=0x7fffffffde58) at lreg.cpp:174

67	../sysdeps/ieee754/dbl-64/e_pow.c: No such file or directory.

Backtrace END
Memory content before bitflip:0x000x000x000x000x000x000x310xc0
Fault Model: Single bit-flip
base address to flip value: 0x7fffffffd6f8
address max offset: 8
Memory content after  bitflip:0x040x000x000x000x000x000x310xc0
frame name: std::pow<double, int>
symbol name: __x
symbol filename: /usr/include/c++/7/cmath
symbol line: 415
value: -17.000000000000014
value address: 0x7fffffffd6f8
Type: A floating point type.
Type sizeof: 8

[INFO -- 2018-11-22 15:15:07]
Fault Injection Successful after 3.4175968170166016s
[INFO -- 2018-11-22 15:15:09]
event type: exit
[INFO -- 2018-11-22 15:15:09]
exit code: 0
