[INFO -- 2018-11-25 23:02:24]
Starting flip_value script
version: 1.1
[INFO -- 2018-11-25 23:02:24]
Initialization strings:
[INFO -- 2018-11-25 23:02:24]
(1) file /tmp/lreg/lreg
[INFO -- 2018-11-25 23:02:24]
(2) set args /tmp/lreg/randInput /tmp/lreg/output /tmp/lreg/detected.log
[INFO -- 2018-11-25 23:02:24]
initSignal:0
[INFO -- 2018-11-25 23:02:24]
endSignal:6
[INFO -- 2018-11-25 23:02:24]
faultModel:2
[EXCEPTION -- 2018-11-25 23:02:26]
pythonException: Unable to exit loop in struct fields; Exiting wihtout making a bit flip
[INFO -- 2018-11-25 23:02:26]
Backtrace BEGIN:
#0  0x00005555555561fd in std::pow<double, int> (__x=-1, __y=0) at /usr/include/c++/7/cmath:415
#1  0x0000555555555237 in predict (v=-1) at lreg.cpp:50
#2  0x00005555555553fc in partialDerivate (pos=0) at lreg.cpp:74
#3  0x0000555555555503 in adjust (alpha=5.0000000000000002e-05) at lreg.cpp:87
#4  0x00005555555556ac in train (iterations=20000, alpha=5.0000000000000002e-05, N=3, stopsWhenStable=true) at lreg.cpp:120
#5  0x0000555555555a1c in execute (input=0x7fffffffe1f1 "/tmp/lreg/randInput") at lreg.cpp:157
#6  0x0000555555555cb0 in main (argc=4, argv=0x7fffffffde48) at lreg.cpp:196

410	#endif
411	
412	  template<typename _Tp, typename _Up>
413	    inline _GLIBCXX_CONSTEXPR
414	    typename __gnu_cxx::__promote_2<_Tp, _Up>::__type
415	    pow(_Tp __x, _Up __y)
416	    {
417	      typedef typename __gnu_cxx::__promote_2<_Tp, _Up>::__type __type;
418	      return pow(__type(__x), __type(__y));
419	    }

Backtrace END
Fliping value of field: std::_Vector_base<double, std::allocator<double> >
Fliping value of field: _M_impl
Fliping value of field: _M_finish
Fliping a bit of the value pointed by a pointer
Memory content before bitflip:0x000x000x000x000x000x8c0x970xc0
Fault Model: Random bit-flip
base address to flip value: 0x5555557725a0
address max offset: 8
Memory content after  bitflip:0x370xf20x8f0x510x690x960x4e0xf6
frame name: predict
symbol name: y
symbol filename: lreg.cpp
symbol line: 33
value: std::vector of length 12, capacity 16 = {-44, -23, -143, -8, 1, 1, -1319, -23, -1079, -503, -104, -1583}
value address: 0x55555575b160 <y>
Type: The type is a structure.
Type sizeof: 24
Field name: std::_Vector_base<double, std::allocator<double> >
Field Type: The type is a structure.
Field Type sizeof: 24

[INFO -- 2018-11-25 23:02:26]
Fault Injection Successful after 2.5831992626190186s
[INFO -- 2018-11-25 23:02:27]
event type: exit
[INFO -- 2018-11-25 23:02:27]
exit code: 0
