[INFO -- 2018-11-04 18:58:38]
Starting flip_value script
version: 1.1
[INFO -- 2018-11-04 18:58:38]
Initialization strings:
[INFO -- 2018-11-04 18:58:38]
(1) file /tmp/lreg/lreg
[INFO -- 2018-11-04 18:58:38]
(2) set args /tmp/lreg/randInput /tmp/lreg/output /tmp/lreg/detected.log
[INFO -- 2018-11-04 18:58:38]
initSignal:0
[INFO -- 2018-11-04 18:58:38]
endSignal:10
[INFO -- 2018-11-04 18:58:38]
faultModel:0
[INFO -- 2018-11-04 18:58:39]
Backtrace BEGIN:
#0  0x00007ffff76da514 in __ieee754_pow_sse2 (x=-16, y=0) at ../sysdeps/ieee754/dbl-64/e_pow.c:65
#1  0x00007ffff76bcb14 in __pow (x=-16, y=0) at w_pow_compat.c:30
#2  0x0000555555556131 in std::pow<double, int> (__x=-16, __y=0) at /usr/include/c++/7/cmath:418
#3  0x0000555555555237 in predict (v=-16) at lreg.cpp:50
#4  0x000055555555530a in meanSquaredError () at lreg.cpp:61
#5  0x00005555555556b1 in train (iterations=15000, alpha=0.00020000000000000001, N=2, stopsWhenStable=true) at lreg.cpp:121
#6  0x0000555555555a1c in execute (input=0x7fffffffe1f1 "/tmp/lreg/randInput") at lreg.cpp:157
#7  0x0000555555555c60 in main (argc=4, argv=0x7fffffffde48) at lreg.cpp:191

60	../sysdeps/ieee754/dbl-64/e_pow.c: No such file or directory.

Backtrace END
Fliping value of field: std::_Vector_base<double, std::allocator<double> >
Fliping value of field: _M_impl
Fliping value of field: _M_end_of_storage
Fliping a bit of the pointer
Memory content before bitflip:0x500x230x770x550x550x550x000x00
Fault Model: Single bit-flip
base address to flip value: 0x55555575b190 
address max offset: 8
Memory content after  bitflip:0x500x230x770x550x540x550x000x00
frame name: execute
symbol name: T
symbol filename: lreg.cpp
symbol line: 34
value: std::vector of length 2, capacity -536870910 = {1.000000433503887, 1.9999976870252563}
value address: 0x55555575b180 <T>
Type: The type is a structure.
Type sizeof: 24
Field name: std::_Vector_base<double, std::allocator<double> >
Field Type: The type is a structure.
Field Type sizeof: 24

[INFO -- 2018-11-04 18:58:39]
Fault Injection Successful after 1.9724366664886475s
[INFO -- 2018-11-04 18:58:59]
event type: exit
[INFO -- 2018-11-04 18:58:59]
exit code: 0
