[INFO -- 2018-10-12 20:31:07]
Starting flip_value script
version: 1.1
[INFO -- 2018-10-12 20:31:07]
Initialization strings:
[INFO -- 2018-10-12 20:31:07]
(1) file /tmp/lreg/lreg
[INFO -- 2018-10-12 20:31:07]
(2) set args /tmp/lreg/randInput /tmp/lreg/output
[INFO -- 2018-10-12 20:31:07]
initSignal:0
[INFO -- 2018-10-12 20:31:07]
endSignal:10
[INFO -- 2018-10-12 20:31:07]
faultModel:0
[INFO -- 2018-10-12 20:31:09]
Backtrace BEGIN:
#0  0x0000555555556088 in std::pow<double, unsigned int> (__x=13, __y=3) at /usr/include/c++/7/cmath:418
#1  0x0000555555555590 in partialDerivate (pos=3) at lreg.cpp:107
#2  0x0000555555555670 in adjust () at lreg.cpp:123
#3  0x0000555555555881 in train (iterations=90000, N=4, stopsWhenStable=true) at lreg.cpp:159
#4  0x0000555555555dba in main (argc=3, argv=0x7fffffffde68) at lreg.cpp:225

413	    inline _GLIBCXX_CONSTEXPR
414	    typename __gnu_cxx::__promote_2<_Tp, _Up>::__type
415	    pow(_Tp __x, _Up __y)
416	    {
417	      typedef typename __gnu_cxx::__promote_2<_Tp, _Up>::__type __type;
418	      return pow(__type(__x), __type(__y));
419	    }
420	
421	  using ::sin;
422	

Backtrace END
Memory content before bitflip:0x9c0x6d0x2f0x760x7f0x820xb50x41
Fault Model: Single bit-flip
base address to flip value: 0x7fffffffd820
address max offset: 8
Memory content after  bitflip:0x9d0x6d0x2f0x760x7f0x820xb50x41
frame name: train
symbol name: bestMSE
symbol filename: lreg.cpp
symbol line: 152
value: 360873846.18526632
value address: 0x7fffffffd820
Type: A floating point type.
Type sizeof: 8

[INFO -- 2018-10-12 20:31:09]
Fault Injection Successful after 2.8655245304107666s
[INFO -- 2018-10-12 20:31:17]
event type: exit
[INFO -- 2018-10-12 20:31:17]
exit code: 0
