[INFO -- 2018-11-26 20:25:07]
Starting flip_value script
version: 1.1
[INFO -- 2018-11-26 20:25:07]
Initialization strings:
[INFO -- 2018-11-26 20:25:07]
(1) file /tmp/lreg/lreg
[INFO -- 2018-11-26 20:25:07]
(2) set args /tmp/lreg/randInput /tmp/lreg/output
[INFO -- 2018-11-26 20:25:07]
initSignal:0
[INFO -- 2018-11-26 20:25:07]
endSignal:3
[INFO -- 2018-11-26 20:25:07]
faultModel:2
[INFO -- 2018-11-26 20:25:09]
Backtrace BEGIN:
#0  0x00005555555551e0 in verifyUintDup (a=0, b=0) at lreg.cpp:69
#1  0x000055555555589e in meanSquaredError () at lreg.cpp:128
#2  0x0000555555555ee5 in train (iter1=30000, iter2=30000, N=4, alpha1=2.2222199999999999e-05, alpha2=2.2222199999999999e-05, stopsWhenStable=true) at lreg.cpp:194
#3  0x0000555555556467 in main (argc=3, argv=0x7fffffffde58) at lreg.cpp:253

64			ofstream fp ("/tmp/lreg/detected.log", std::ofstream::app);
65			fp << "verifyUint: a = "<<a<<"; b = "<<b<<endl;
66	        detected = 1;	
67		}
68		return a;
69	}
70	double verifyDoubleDup(double a, double b){
71		if (a != b && detected != 1){
72			//gerar entrada no log
73			ofstream fp ("/tmp/lreg/detected.log", std::ofstream::app);

Backtrace END
Fliping value of field: std::_Vector_base<double, std::allocator<double> >
Fliping value of field: _M_impl
Fliping value of field: _M_finish
Fliping a bit of the value pointed by a pointer
Memory content before bitflip:0x000x000x000x000x000x000x000x00
Fault Model: Random bit-flip
base address to flip value: 0x5555557723a0
address max offset: 8
Memory content after  bitflip:0xa10xd40xba0x720xae0x5b0x6b0x0f
frame name: meanSquaredError
symbol name: T1
symbol filename: lreg.cpp
symbol line: 36
value: std::vector of length 4, capacity 4 = {0.18877388951162458, -0.95288873784339601, -1.9454348650815254, -3.9702646381983895}
value address: 0x55555575b180 <T1>
Type: The type is a structure.
Type sizeof: 24
Field name: std::_Vector_base<double, std::allocator<double> >
Field Type: The type is a structure.
Field Type sizeof: 24

[INFO -- 2018-11-26 20:25:09]
Fault Injection Successful after 2.4740965366363525s
[INFO -- 2018-11-26 20:25:10]
event type: exit
[INFO -- 2018-11-26 20:25:10]
exit code: 0
