[INFO -- 2018-11-07 15:10:27]
Starting flip_value script
version: 1.1
[INFO -- 2018-11-07 15:10:27]
Initialization strings:
[INFO -- 2018-11-07 15:10:27]
(1) file /tmp/lreg/lreg
[INFO -- 2018-11-07 15:10:27]
(2) set args /tmp/lreg/randInput /tmp/lreg/output /tmp/lreg/detected.log
[INFO -- 2018-11-07 15:10:27]
initSignal:0
[INFO -- 2018-11-07 15:10:27]
endSignal:10
[INFO -- 2018-11-07 15:10:27]
faultModel:0
[INFO -- 2018-11-07 15:10:28]
Backtrace BEGIN:
#0  0x0000555555556a80 in std::vector<double, std::allocator<double> >::begin (this=0x7fffffffd590) at /usr/include/c++/7/bits/stl_vector.h:573
#1  0x0000555555556344 in std::vector<double, std::allocator<double> >::vector (this=0x7fffffffd5f0, __x=std::vector of length 3, capacity 3 = {...}) at /usr/include/c++/7/bits/stl_vector.h:331
#2  0x0000555555555713 in train (iterations=30000, alpha=5.0000000000000002e-05, N=3, stopsWhenStable=true) at lreg.cpp:126
#3  0x0000555555555a1c in execute (input=0x7fffffffe1f2 "/tmp/lreg/randInput") at lreg.cpp:157
#4  0x0000555555555c60 in main (argc=4, argv=0x7fffffffde48) at lreg.cpp:191

568	       *  first element in the %vector.  Iteration is done in ordinary
569	       *  element order.
570	       */
571	      const_iterator
572	      begin() const _GLIBCXX_NOEXCEPT
573	      { return const_iterator(this->_M_impl._M_start); }
574	
575	      /**
576	       *  Returns a read/write iterator that points one past the last
577	       *  element in the %vector.  Iteration is done in ordinary

Backtrace END
Memory content before bitflip:0x0c0x000x000x00
Fault Model: Single bit-flip
base address to flip value: 0x7fffffffd670
address max offset: 4
Memory content after  bitflip:0x0c0x000x200x00
frame name: execute
symbol name: sizeOfTraining
symbol filename: lreg.cpp
symbol line: 144
value: 2097164
value address: 0x7fffffffd670
Type: The type is an integer type.
Type sizeof: 4

[INFO -- 2018-11-07 15:10:28]
Fault Injection Successful after 1.987058401107788s
[INFO -- 2018-11-07 15:10:36]
event type: exit
[INFO -- 2018-11-07 15:10:36]
exit code: 0
