[INFO -- 2018-11-25 17:21:46]
Starting flip_value script
version: 1.1
[INFO -- 2018-11-25 17:21:46]
Initialization strings:
[INFO -- 2018-11-25 17:21:46]
(1) file /tmp/lreg/lreg
[INFO -- 2018-11-25 17:21:46]
(2) set args /tmp/lreg/randInput /tmp/lreg/output /tmp/lreg/detected.log
[INFO -- 2018-11-25 17:21:46]
initSignal:0
[INFO -- 2018-11-25 17:21:46]
endSignal:6
[INFO -- 2018-11-25 17:21:46]
faultModel:0
[INFO -- 2018-11-25 17:21:49]
Backtrace BEGIN:
#0  __ieee754_pow_sse2 (x=5, y=3) at ../sysdeps/ieee754/dbl-64/e_pow.c:108
#1  0x00007ffff76bcb14 in __pow (x=5, y=3) at w_pow_compat.c:30
#2  0x000055555555621b in std::pow<double, int> (__x=5, __y=3) at /usr/include/c++/7/cmath:418
#3  0x0000555555555237 in predict (v=5) at lreg.cpp:50
#4  0x00005555555553fc in partialDerivate (pos=0) at lreg.cpp:74
#5  0x0000555555555503 in adjust (alpha=2.2222199999999999e-05) at lreg.cpp:87
#6  0x00005555555556ac in train (iterations=30000, alpha=2.2222199999999999e-05, N=4, stopsWhenStable=true) at lreg.cpp:120
#7  0x0000555555555a1c in execute (input=0x7fffffffe1f1 "/tmp/lreg/randInput") at lreg.cpp:157
#8  0x0000555555555c78 in main (argc=4, argv=0x7fffffffde48) at lreg.cpp:193

103	../sysdeps/ieee754/dbl-64/e_pow.c: No such file or directory.

Backtrace END
Memory content before bitflip:0x040x000x000x00
Fault Model: Single bit-flip
base address to flip value: 0x7fffffffd66c
address max offset: 4
Memory content after  bitflip:0x040x000x000x08
frame name: execute
symbol name: N
symbol filename: lreg.cpp
symbol line: 144
value: 134217732
value address: 0x7fffffffd66c
Type: The type is an integer type.
Type sizeof: 4

[INFO -- 2018-11-25 17:21:49]
Fault Injection Successful after 3.5281286239624023s
[INFO -- 2018-11-25 17:21:52]
event type: exit
[INFO -- 2018-11-25 17:21:52]
exit code: 0
