[INFO -- 2018-11-01 17:11:34]
Starting flip_value script
version: 1.1
[INFO -- 2018-11-01 17:11:34]
Initialization strings:
[INFO -- 2018-11-01 17:11:34]
(1) file /tmp/lreg/lreg
[INFO -- 2018-11-01 17:11:34]
(2) set args /tmp/lreg/randInput /tmp/lreg/output /tmp/lreg/detected.log
[INFO -- 2018-11-01 17:11:34]
initSignal:0
[INFO -- 2018-11-01 17:11:34]
endSignal:20
[INFO -- 2018-11-01 17:11:34]
faultModel:0
[INFO -- 2018-11-01 17:11:35]
Backtrace BEGIN:
#0  0x000055555555523c in predict (v=-9) at lreg.cpp:50
#1  0x000055555555530a in meanSquaredError () at lreg.cpp:61
#2  0x00005555555556b1 in train (iterations=40000, alpha=5.0000000000000002e-05, N=3, stopsWhenStable=true) at lreg.cpp:121
#3  0x0000555555555a1c in execute (input=0x7fffffffe1f3 "/tmp/lreg/randInput") at lreg.cpp:157
#4  0x0000555555555c60 in main (argc=4, argv=0x7fffffffde48) at lreg.cpp:191

45		Predicts the value related to v using the Ts variables
46	*/
47	double predict(double v){
48		double val = 0;
49		for(int i = 0; i<T.size(); i++){
50			val+= (T[i] * pow(v, i));
51		}
52		return val;
53		
54	}

Backtrace END
Fliping a bit of the pointer
Memory content before bitflip:0x480xde0xff0xff0xff0x7f0x000x00
Fault Model: Single bit-flip
base address to flip value: 0x7fffffffd8e0
address max offset: 8
Memory content after  bitflip:0x480xdf0xff0xff0xff0x7f0x000x00
frame name: main
symbol name: argv
symbol filename: lreg.cpp
symbol line: 179
value: 0x7fffffffde48
value address: 0x7fffffffd8e0
Type: The type is a pointer.
Type sizeof: 8

[INFO -- 2018-11-01 17:11:35]
Fault Injection Successful after 1.9168219566345215s
[INFO -- 2018-11-01 17:11:56]
event type: exit
[INFO -- 2018-11-01 17:11:56]
exit code: 0
