[INFO -- 2018-11-29 15:11:53]
Starting flip_value script
version: 1.1
[INFO -- 2018-11-29 15:11:53]
Initialization strings:
[INFO -- 2018-11-29 15:11:53]
(1) file /tmp/lreg/lreg
[INFO -- 2018-11-29 15:11:53]
(2) set args /tmp/lreg/randInput /tmp/lreg/output /tmp/lreg/detected.log
[INFO -- 2018-11-29 15:11:53]
initSignal:0
[INFO -- 2018-11-29 15:11:53]
endSignal:6
[INFO -- 2018-11-29 15:11:53]
faultModel:0
[INFO -- 2018-11-29 15:11:54]
Backtrace BEGIN:
#0  0x00007ffff76da519 in __ieee754_pow_sse2 (x=-3, y=1) at ../sysdeps/ieee754/dbl-64/e_pow.c:65
#1  0x00007ffff76bcb14 in __pow (x=-3, y=1) at w_pow_compat.c:30
#2  0x000055555555621b in std::pow<double, int> (__x=-3, __y=1) at /usr/include/c++/7/cmath:418
#3  0x0000555555555237 in predict (v=-3) at lreg.cpp:50
#4  0x000055555555530a in meanSquaredError () at lreg.cpp:61
#5  0x00005555555556b1 in train (iterations=20000, alpha=5.0000000000000002e-05, N=3, stopsWhenStable=true) at lreg.cpp:121
#6  0x0000555555555a1c in execute (input=0x7fffffffe1f1 "/tmp/lreg/randInput") at lreg.cpp:157
#7  0x0000555555555c78 in main (argc=4, argv=0x7fffffffde48) at lreg.cpp:193

60	../sysdeps/ieee754/dbl-64/e_pow.c: No such file or directory.

Backtrace END
Memory content before bitflip:0x200x4e0x000x00
Fault Model: Single bit-flip
base address to flip value: 0x7fffffffd668
address max offset: 4
Memory content after  bitflip:0x200x4e0x000x10
frame name: execute
symbol name: iterations
symbol filename: lreg.cpp
symbol line: 144
value: 268455456
value address: 0x7fffffffd668
Type: The type is an integer type.
Type sizeof: 4

[INFO -- 2018-11-29 15:11:54]
Fault Injection Successful after 1.3998346328735352s
[INFO -- 2018-11-29 15:11:58]
event type: exit
[INFO -- 2018-11-29 15:11:58]
exit code: 0
