[INFO -- 2018-11-16 11:47:39]
Starting flip_value script
version: 1.1
[INFO -- 2018-11-16 11:47:39]
Initialization strings:
[INFO -- 2018-11-16 11:47:39]
(1) file /tmp/lreg/lreg
[INFO -- 2018-11-16 11:47:39]
(2) set args /tmp/lreg/randInput /tmp/lreg/output
[INFO -- 2018-11-16 11:47:39]
initSignal:0
[INFO -- 2018-11-16 11:47:39]
endSignal:5
[INFO -- 2018-11-16 11:47:39]
faultModel:0
[INFO -- 2018-11-16 11:47:41]
Backtrace BEGIN:
#0  0x00007ffff76bcb0a in __pow (x=1, y=3) at w_pow_compat.c:30
#1  0x0000555555556826 in std::pow<double, unsigned int> (__x=1, __y=3) at /usr/include/c++/7/cmath:418
#2  0x0000555555555ace in partialDerivate (pos1=3, pos2=3) at lreg.cpp:142
#3  0x0000555555555bbe in adjust (alpha1=2.2222199999999999e-05, alpha2=2.2222199999999999e-05) at lreg.cpp:156
#4  0x0000555555555ee0 in train (iter1=45000, iter2=45000, N=4, alpha1=2.2222199999999999e-05, alpha2=2.2222199999999999e-05, stopsWhenStable=true) at lreg.cpp:193
#5  0x0000555555556467 in main (argc=3, argv=0x7fffffffde58) at lreg.cpp:253

25	w_pow_compat.c: No such file or directory.

Backtrace END
Memory content before bitflip:0x000x000x000x000x000x000xf00x3f
Fault Model: Single bit-flip
base address to flip value: 0x7fffffffd6e8
address max offset: 8
Memory content after  bitflip:0x000x000x000x000x000x000xf00x2f
frame name: std::pow<double, unsigned int>
symbol name: __x
symbol filename: /usr/include/c++/7/cmath
symbol line: 415
value: 8.6361685550944446e-78
value address: 0x7fffffffd6e8
Type: A floating point type.
Type sizeof: 8

[INFO -- 2018-11-16 11:47:41]
Fault Injection Successful after 2.415292978286743s
[INFO -- 2018-11-16 11:47:44]
event type: exit
[INFO -- 2018-11-16 11:47:44]
exit code: 0
