[INFO -- 2018-10-01 19:27:16]
Starting flip_value script
version: 1.1
[INFO -- 2018-10-01 19:27:16]
Initialization strings:
[INFO -- 2018-10-01 19:27:16]
(1) file /tmp/lreg/lreg
[INFO -- 2018-10-01 19:27:16]
(2) set args /tmp/lreg/randInput /tmp/lreg/output
[INFO -- 2018-10-01 19:27:16]
initSignal:0
[INFO -- 2018-10-01 19:27:16]
endSignal:10
[INFO -- 2018-10-01 19:27:16]
faultModel:0
[EXCEPTION -- 2018-10-01 19:27:17]
pythonException: Unable to exit loop in struct fields; Exiting wihtout making a bit flip
[INFO -- 2018-10-01 19:27:17]
Backtrace BEGIN:
#0  __pow (x=21, y=0) at w_pow_compat.c:55
#1  0x0000555555555d47 in std::pow<double, int> (__x=21, __y=0) at /usr/include/c++/7/cmath:418
#2  0x00005555555551e7 in predict (v=21) at lreg.cpp:50
#3  0x00005555555553ac in partialDerivate (pos=0) at lreg.cpp:74
#4  0x00005555555554b3 in adjust (alpha=5.0000000000000002e-05) at lreg.cpp:87
#5  0x000055555555565c in train (iterations=60000, alpha=5.0000000000000002e-05, N=3, stopsWhenStable=true) at lreg.cpp:120
#6  0x0000555555555ab7 in main (argc=3, argv=0x7fffffffde58) at lreg.cpp:174

50	in w_pow_compat.c

Backtrace END
Memory content before bitflip:0x600xea0x000x00
Fault Model: Single bit-flip
base address to flip value: 0x7fffffffd920
address max offset: 4
Memory content after  bitflip:0x400xea0x000x00
frame name: main
symbol name: iterations
symbol filename: lreg.cpp
symbol line: 161
value: 59968
value address: 0x7fffffffd920
Type: The type is an integer type.
Type sizeof: 4

[INFO -- 2018-10-01 19:27:17]
Fault Injection Successful after 1.7934353351593018s
[INFO -- 2018-10-01 19:27:27]
event type: exit
[INFO -- 2018-10-01 19:27:27]
exit code: 0
