[INFO -- 2018-11-26 18:54:02]
sending 5 signals using command: 'killall -2 lreg' after 2.52274669673s
[INFO -- 2018-11-26 18:54:02]
sending 5 signals using command: 'killall -2 lreg' after 2.56211032219s
[INFO -- 2018-11-26 18:54:02]
sending 5 signals using command: 'killall -2 lreg' after 2.89497277027s
[INFO -- 2018-11-26 18:54:02]
Starting GDB script
[INFO -- 2018-11-26 18:54:02]
initSignal:0.0
[INFO -- 2018-11-26 18:54:02]
endSignal:3.0
[INFO -- 2018-11-26 18:54:03]
sending 5 signals using command: 'killall -2 lreg' after 0.724687509359s
[INFO -- 2018-11-26 18:54:05]
sending 5 signals using command: 'killall -2 lreg' after 2.65117397762s
[INFO -- 2018-11-26 18:54:05]
sending 5 signals using command: 'killall -2 lreg' after 2.99805707569s
[INFO -- 2018-11-26 18:54:05]
Execution finished before waitTime
