[INFO -- 2018-10-02 17:27:18]
Starting flip_value script
version: 1.1
[INFO -- 2018-10-02 17:27:18]
Initialization strings:
[INFO -- 2018-10-02 17:27:18]
(1) file /tmp/lreg/lreg
[INFO -- 2018-10-02 17:27:18]
(2) set args /tmp/lreg/randInput /tmp/lreg/output
[INFO -- 2018-10-02 17:27:18]
initSignal:0
[INFO -- 2018-10-02 17:27:18]
endSignal:10
[INFO -- 2018-10-02 17:27:18]
faultModel:1
[INFO -- 2018-10-02 17:27:24]
Backtrace BEGIN:
#0  0x0000555555555d3d in std::pow<double, int> (__x=-18, __y=0) at /usr/include/c++/7/cmath:418
#1  0x00005555555551e7 in predict (v=-18) at lreg.cpp:50
#2  0x000055555555526a in meanSquaredError () at lreg.cpp:61
#3  0x0000555555555661 in train (iterations=90000, alpha=2.2222199999999999e-05, N=4, stopsWhenStable=true) at lreg.cpp:121
#4  0x0000555555555ab7 in main (argc=3, argv=0x7fffffffde58) at lreg.cpp:174

413	    inline _GLIBCXX_CONSTEXPR
414	    typename __gnu_cxx::__promote_2<_Tp, _Up>::__type
415	    pow(_Tp __x, _Up __y)
416	    {
417	      typedef typename __gnu_cxx::__promote_2<_Tp, _Up>::__type __type;
418	      return pow(__type(__x), __type(__y));
419	    }
420	
421	  using ::sin;
422	

Backtrace END
Memory content before bitflip:0x920xd80xe70x2e0x8f0xb70xac0x41
Fault Model: Double bit-flip
base address to flip value: 0x7fffffffd838
address max offset: 8
Memory content after  bitflip:0x920xd80xe70x2e0x8f0xb70xac0x81
frame name: train
symbol name: MSE
symbol filename: lreg.cpp
symbol line: 117
value: -1.3400278989844072e-300
value address: 0x7fffffffd838
Type: A floating point type.
Type sizeof: 8

[INFO -- 2018-10-02 17:27:24]
Fault Injection Successful after 6.870738506317139s
[INFO -- 2018-10-02 17:27:25]
event type: exit
[INFO -- 2018-10-02 17:27:25]
exit code: 0
