[INFO -- 2018-10-12 16:14:50]
Starting flip_value script
version: 1.1
[INFO -- 2018-10-12 16:14:50]
Initialization strings:
[INFO -- 2018-10-12 16:14:50]
(1) file /tmp/lreg/lreg
[INFO -- 2018-10-12 16:14:50]
(2) set args /tmp/lreg/randInput /tmp/lreg/output
[INFO -- 2018-10-12 16:14:50]
initSignal:0
[INFO -- 2018-10-12 16:14:50]
endSignal:10
[INFO -- 2018-10-12 16:14:50]
faultModel:1
[INFO -- 2018-10-12 16:14:52]
Backtrace BEGIN:
#0  0x00005555555560bf in std::pow<double, unsigned int> (__x=8, __y=2) at /usr/include/c++/7/cmath:418
#1  0x0000555555555590 in partialDerivate (pos=2) at lreg.cpp:107
#2  0x0000555555555670 in adjust () at lreg.cpp:123
#3  0x0000555555555881 in train (iterations=90000, N=4, stopsWhenStable=true) at lreg.cpp:159
#4  0x0000555555555dba in main (argc=3, argv=0x7fffffffde68) at lreg.cpp:225

413	    inline _GLIBCXX_CONSTEXPR
414	    typename __gnu_cxx::__promote_2<_Tp, _Up>::__type
415	    pow(_Tp __x, _Up __y)
416	    {
417	      typedef typename __gnu_cxx::__promote_2<_Tp, _Up>::__type __type;
418	      return pow(__type(__x), __type(__y));
419	    }
420	
421	  using ::sin;
422	

Backtrace END
Fliping value of field: std::_Vector_base<double, std::allocator<double> >
Fliping value of field: _M_impl
Fliping value of field: _M_end_of_storage
Fliping a bit of the pointer
Memory content before bitflip:0x600x190x770x550x550x550x000x00
Fault Model: Double bit-flip
base address to flip value: 0x55555575a150 
address max offset: 8
Memory content after  bitflip:0x600x190x770x550x550x550x000x88
frame name: partialDerivate
symbol name: x
symbol filename: lreg.cpp
symbol line: 41
value: std::vector of length 36, capacity -1080863910568918976 = {-1, -13, -3, -16, -9, 14, 7, 8, -1, -21, -13, 21, -10, 11, -24, -9, -17, 18, 4, 24, 16, 10, 4, 13, -20, 32, 29, -23, 9, 20, -32, 3, 18, 8, -3, -4}
value address: 0x55555575a140 <x>
Type: The type is a structure.
Type sizeof: 24
Field name: std::_Vector_base<double, std::allocator<double> >
Field Type: The type is a structure.
Field Type sizeof: 24

[INFO -- 2018-10-12 16:14:52]
Fault Injection Successful after 2.4964022636413574s
[INFO -- 2018-10-12 16:15:00]
event type: exit
[INFO -- 2018-10-12 16:15:00]
exit code: 0
