[INFO -- 2018-10-13 17:35:59]
Starting flip_value script
version: 1.1
[INFO -- 2018-10-13 17:35:59]
Initialization strings:
[INFO -- 2018-10-13 17:35:59]
(1) file /tmp/lreg/lreg
[INFO -- 2018-10-13 17:35:59]
(2) set args /tmp/lreg/randInput /tmp/lreg/output
[INFO -- 2018-10-13 17:35:59]
initSignal:0
[INFO -- 2018-10-13 17:35:59]
endSignal:10
[INFO -- 2018-10-13 17:35:59]
faultModel:0
[INFO -- 2018-10-13 17:36:04]
Backtrace BEGIN:
#0  0x00007ffff76bcb37 in __pow (x=15, y=1) at w_pow_compat.c:31
#1  0x00005555555560ba in std::pow<double, unsigned int> (__x=15, __y=1) at /usr/include/c++/7/cmath:418
#2  0x00005555555552c2 in predict (v=15) at lreg.cpp:77
#3  0x000055555555551d in partialDerivate (pos=0) at lreg.cpp:107
#4  0x0000555555555670 in adjust () at lreg.cpp:123
#5  0x0000555555555881 in train (iterations=90000, N=4, stopsWhenStable=true) at lreg.cpp:159
#6  0x0000555555555dba in main (argc=3, argv=0x7fffffffde68) at lreg.cpp:225

26	w_pow_compat.c: No such file or directory.

Backtrace END
Fliping value of field: std::_Vector_base<double, std::allocator<double> >
Fliping value of field: _M_impl
Fliping value of field: _M_finish
Fliping a bit of the value pointed by a pointer
Memory content before bitflip:0x000x000x000x000x000x000x000x00
Fault Model: Single bit-flip
base address to flip value: 0x5555557713a0
address max offset: 8
Memory content after  bitflip:0x000x000x000x800x000x000x000x00
frame name: std::pow<double, unsigned int>
symbol name: T
symbol filename: lreg.cpp
symbol line: 43
value: std::vector of length 4, capacity 4 = {31.456696019886863, 122.65774068912579, -11.189813191700802, -2.0208176848272266}
value address: 0x55555575a180 <T>
Type: The type is a structure.
Type sizeof: 24
Field name: std::_Vector_base<double, std::allocator<double> >
Field Type: The type is a structure.
Field Type sizeof: 24

[INFO -- 2018-10-13 17:36:04]
Fault Injection Successful after 5.677392244338989s
[INFO -- 2018-10-13 17:36:11]
event type: exit
[INFO -- 2018-10-13 17:36:11]
exit code: 0
