[INFO -- 2018-10-03 14:32:10]
Starting flip_value script
version: 1.1
[INFO -- 2018-10-03 14:32:10]
Initialization strings:
[INFO -- 2018-10-03 14:32:10]
(1) file /tmp/lreg/lreg
[INFO -- 2018-10-03 14:32:10]
(2) set args /tmp/lreg/randInput /tmp/lreg/output
[INFO -- 2018-10-03 14:32:10]
initSignal:0
[INFO -- 2018-10-03 14:32:10]
endSignal:10
[INFO -- 2018-10-03 14:32:10]
faultModel:0
[EXCEPTION -- 2018-10-03 14:32:12]
pythonException: Unable to exit loop in struct fields; Exiting wihtout making a bit flip
[INFO -- 2018-10-03 14:32:12]
Backtrace BEGIN:
#0  0x00005555555553ce in partialDerivate (pos=2) at lreg.cpp:74
#1  0x00005555555554b3 in adjust (alpha=5.0000000000000002e-05) at lreg.cpp:87
#2  0x000055555555565c in train (iterations=60000, alpha=5.0000000000000002e-05, N=3, stopsWhenStable=true) at lreg.cpp:120
#3  0x0000555555555ab7 in main (argc=3, argv=0x7fffffffde58) at lreg.cpp:174

69		to the adjustment variable whose position in T is passed in pos
70	*/
71	double partialDerivate(int pos){
72		double pD = 0;
73		for(int i = 0; i<x.size(); i++){
74			pD += ((predict(x[i]) - y[i])*pow(x[i], pos));	
75		}
76		pD *= (2.0/x.size());
77		return pD;
78	}

Backtrace END
Fliping value of field: std::_Vector_base<double, std::allocator<double> >
Fliping value of field: _M_impl
Fliping value of field: _M_start
Fliping a bit of the value pointed by a pointer
Memory content before bitflip:0x000x000x000x000x000x000x240xc0
Fault Model: Single bit-flip
base address to flip value: 0x555555771650
address max offset: 8
Memory content after  bitflip:0x000x000x000x000x000x000x240xd0
frame name: partialDerivate
symbol name: y
symbol filename: lreg.cpp
symbol line: 33
value: std::vector of length 20, capacity 32 = {-1.157920892373162e+78, 1, 7, 1, 11, -8, 8, -14, 1, 1, 16, -2, -14, 13, 4, -4, -14, -20, 15, -16}
value address: 0x55555575a160 <y>
Type: The type is a structure.
Type sizeof: 24
Field name: std::_Vector_base<double, std::allocator<double> >
Field Type: The type is a structure.
Field Type sizeof: 24

[INFO -- 2018-10-03 14:32:12]
Fault Injection Successful after 2.3981966972351074s
[INFO -- 2018-10-03 14:32:18]
event type: exit
[INFO -- 2018-10-03 14:32:18]
exit code: 0
