[INFO -- 2018-11-26 18:59:21]
Starting flip_value script
version: 1.1
[INFO -- 2018-11-26 18:59:21]
Initialization strings:
[INFO -- 2018-11-26 18:59:21]
(1) file /tmp/lreg/lreg
[INFO -- 2018-11-26 18:59:21]
(2) set args /tmp/lreg/randInput /tmp/lreg/output
[INFO -- 2018-11-26 18:59:21]
initSignal:0
[INFO -- 2018-11-26 18:59:21]
endSignal:3
[INFO -- 2018-11-26 18:59:21]
faultModel:1
[INFO -- 2018-11-26 18:59:22]
Backtrace BEGIN:
#0  0x00007ffff76da53c in __ieee754_pow_sse2 (x=23, y=1) at ../sysdeps/ieee754/dbl-64/e_pow.c:65
#1  0x00007ffff76bcb14 in __pow (x=23, y=1) at w_pow_compat.c:30
#2  0x0000555555556826 in std::pow<double, unsigned int> (__x=23, __y=1) at /usr/include/c++/7/cmath:418
#3  0x0000555555555814 in predict (v=23) at lreg.cpp:116
#4  0x0000555555555928 in meanSquaredError () at lreg.cpp:128
#5  0x0000555555555ee5 in train (iter1=20000, iter2=20000, N=3, alpha1=5.0000000000000002e-05, alpha2=5.0000000000000002e-05, stopsWhenStable=true) at lreg.cpp:194
#6  0x0000555555556467 in main (argc=3, argv=0x7fffffffde58) at lreg.cpp:253

60	../sysdeps/ieee754/dbl-64/e_pow.c: No such file or directory.

Backtrace END
Memory content before bitflip:0xb90xc50x3b0x330x6d0x550xdf0x3f
Fault Model: Double bit-flip
base address to flip value: 0x7fffffffd748
address max offset: 8
Memory content after  bitflip:0xb90xc50x3b0x390x6d0x550xdf0x3f
frame name: predict
symbol name: val
symbol filename: lreg.cpp
symbol line: 113
value: 0.48958902920920938
value address: 0x7fffffffd748
Type: A floating point type.
Type sizeof: 8

[INFO -- 2018-11-26 18:59:22]
Fault Injection Successful after 1.2397356033325195s
[INFO -- 2018-11-26 18:59:23]
event type: exit
[INFO -- 2018-11-26 18:59:23]
exit code: 0
