[INFO -- 2018-11-29 13:39:21]
Starting flip_value script
version: 1.1
[INFO -- 2018-11-29 13:39:21]
Initialization strings:
[INFO -- 2018-11-29 13:39:21]
(1) file /tmp/lreg/lreg
[INFO -- 2018-11-29 13:39:21]
(2) set args /tmp/lreg/randInput /tmp/lreg/output /tmp/lreg/detected.log
[INFO -- 2018-11-29 13:39:21]
initSignal:0
[INFO -- 2018-11-29 13:39:21]
endSignal:6
[INFO -- 2018-11-29 13:39:21]
faultModel:2
[INFO -- 2018-11-29 13:39:23]
Backtrace BEGIN:
#0  __gnu_cxx::__normal_iterator<double const*, std::vector<double, std::allocator<double> > >::base (this=0x7fffffffd3c8) at /usr/include/c++/7/bits/stl_iterator.h:845
#1  0x0000555555557df1 in std::__niter_base<double const*, std::vector<double, std::allocator<double> > > (__it=1.3610615950369789) at /usr/include/c++/7/bits/stl_iterator.h:984
#2  0x00005555555581ee in std::__copy_move_a2<false, __gnu_cxx::__normal_iterator<double const*, std::vector<double, std::allocator<double> > >, double*> (__first=1.3610615950369789, __last=1.6304166312761136e-322, __result=0x555555772490) at /usr/include/c++/7/bits/stl_algobase.h:422
#3  0x0000555555558053 in std::copy<__gnu_cxx::__normal_iterator<double const*, std::vector<double, std::allocator<double> > >, double*> (__first=1.3610615950369789, __last=1.6304166312761136e-322, __result=0x555555772490) at /usr/include/c++/7/bits/stl_algobase.h:456
#4  0x0000555555557d8a in std::__uninitialized_copy<true>::__uninit_copy<__gnu_cxx::__normal_iterator<double const*, std::vector<double, std::allocator<double> > >, double*> (__first=1.3610615950369789, __last=1.6304166312761136e-322, __result=0x555555772490) at /usr/include/c++/7/bits/stl_uninitialized.h:101
#5  0x000055555555758e in std::uninitialized_copy<__gnu_cxx::__normal_iterator<double const*, std::vector<double, std::allocator<double> > >, double*> (__first=1.3610615950369789, __last=1.6304166312761136e-322, __result=0x555555772490) at /usr/include/c++/7/bits/stl_uninitialized.h:134
#6  0x0000555555556c1f in std::__uninitialized_copy_a<__gnu_cxx::__normal_iterator<double const*, std::vector<double, std::allocator<double> > >, double*, double> (__first=1.3610615950369789, __last=1.6304166312761136e-322, __result=0x555555772490) at /usr/include/c++/7/bits/stl_uninitialized.h:289
#7  0x000055555555643f in std::vector<double, std::allocator<double> >::vector (this=0x7fffffffd5d0, __x=std::vector of length 3, capacity 3 = {...}) at /usr/include/c++/7/bits/stl_vector.h:331
#8  0x000055555555572b in train (iterations=20000, alpha=5.0000000000000002e-05, N=3, stopsWhenStable=true) at lreg.cpp:126
#9  0x0000555555555a1c in execute (input=0x7fffffffe1f1 "/tmp/lreg/randInput") at lreg.cpp:157
#10 0x0000555555555c78 in main (argc=4, argv=0x7fffffffde48) at lreg.cpp:193

840	      operator-(difference_type __n) const _GLIBCXX_NOEXCEPT
841	      { return __normal_iterator(_M_current - __n); }
842	
843	      const _Iterator&
844	      base() const _GLIBCXX_NOEXCEPT
845	      { return _M_current; }
846	    };
847	
848	  // Note: In what follows, the left- and right-hand-side iterators are
849	  // allowed to vary in types (conceptually in cv-qualification) so that

Backtrace END
Fliping value of field: _M_current
Fliping a bit of the pointer
Memory content before bitflip:0x500x240x770x550x550x550x000x00
Fault Model: Random bit-flip
base address to flip value: 0x7fffffffd3f8
address max offset: 8
Memory content after  bitflip:0xa00xe50xc20x0c0x360xb90xf80xe3
frame name: std::__copy_move_a2<false, __gnu_cxx::__normal_iterator<double const*, std::vector<double, std::allocator<double> > >, double*>
symbol name: __first
symbol filename: /usr/include/c++/7/bits/stl_algobase.h
symbol line: 420
value: <error reading variable: Cannot access memory at address 0xe3f8b9360cc2e5a0>
value address: 0x7fffffffd3f8
Type: The type is a structure.
Type sizeof: 8
Field name: _M_current
Field Type: The type is a pointer.
Field Type sizeof: 8

[INFO -- 2018-11-29 13:39:23]
Fault Injection Successful after 2.9965057373046875s
[INFO -- 2018-11-29 13:39:28]
event type: exit
[INFO -- 2018-11-29 13:39:28]
exit code: 0
