[INFO -- 2018-09-15 00:12:09]
Starting flip_value script
version: 1.1
[INFO -- 2018-09-15 00:12:09]
Initialization strings:
[INFO -- 2018-09-15 00:12:09]
(1) file /tmp/lreg/lreg
[INFO -- 2018-09-15 00:12:09]
(2) set args /tmp/lreg/randInput /tmp/lreg/output
[INFO -- 2018-09-15 00:12:09]
initSignal:0
[INFO -- 2018-09-15 00:12:09]
endSignal:2
[INFO -- 2018-09-15 00:12:09]
faultModel:2
[INFO -- 2018-09-15 00:12:10]
Backtrace BEGIN:
#0  0x000055555555523c in predict (v=-9) at lreg.cpp:50
#1  0x000055555555530a in meanSquaredError () at lreg.cpp:61
#2  0x00005555555556b1 in train (iterations=60000, alpha=5.0000000000000002e-05, N=3, stopsWhenStable=true) at lreg.cpp:121
#3  0x0000555555555c26 in main (argc=3, argv=0x7fffffffde68) at lreg.cpp:182

45		Predicts the value related to v using the Ts variables
46	*/
47	double predict(double v){
48		double val = 0;
49		for(int i = 0; i<T.size(); i++){
50			val+= (T[i] * pow(v, i));
51		}
52		return val;
53		
54	}

Backtrace END
Memory content before bitflip:0x0c0x000x000x00
Fault Model: Random bit-flip
base address to flip value: 0x7fffffffd938
address max offset: 4
Memory content after  bitflip:0x960x580x530x85
frame name: main
symbol name: sizeOfTraining
symbol filename: lreg.cpp
symbol line: 169
value: -2058135402
value address: 0x7fffffffd938
Type: The type is an integer type.
Type sizeof: 4

[INFO -- 2018-09-15 00:12:10]
Fault Injection Successful after 1.3489253520965576s
[INFO -- 2018-09-15 00:12:16]
event type: exit
[INFO -- 2018-09-15 00:12:16]
exit code: 0
