[INFO -- 2018-11-22 18:36:36]
Starting flip_value script
version: 1.1
[INFO -- 2018-11-22 18:36:36]
Initialization strings:
[INFO -- 2018-11-22 18:36:36]
(1) file /tmp/lreg/lreg
[INFO -- 2018-11-22 18:36:36]
(2) set args /tmp/lreg/randInput /tmp/lreg/output
[INFO -- 2018-11-22 18:36:36]
initSignal:0
[INFO -- 2018-11-22 18:36:36]
endSignal:3
[INFO -- 2018-11-22 18:36:36]
faultModel:2
[INFO -- 2018-11-22 18:36:38]
Backtrace BEGIN:
#0  std::pow<double, int> (__x=4.6355706431331074e-310, __y=0) at /usr/include/c++/7/cmath:415
#1  0x00005555555551e7 in predict (v=-4) at lreg.cpp:50
#2  0x00005555555553ac in partialDerivate (pos=2) at lreg.cpp:74
#3  0x00005555555554b3 in adjust (alpha=5.0000000000000002e-05) at lreg.cpp:87
#4  0x000055555555565c in train (iterations=20000, alpha=5.0000000000000002e-05, N=3, stopsWhenStable=true) at lreg.cpp:120
#5  0x0000555555555ab7 in main (argc=3, argv=0x7fffffffde58) at lreg.cpp:174

410	#endif
411	
412	  template<typename _Tp, typename _Up>
413	    inline _GLIBCXX_CONSTEXPR
414	    typename __gnu_cxx::__promote_2<_Tp, _Up>::__type
415	    pow(_Tp __x, _Up __y)
416	    {
417	      typedef typename __gnu_cxx::__promote_2<_Tp, _Up>::__type __type;
418	      return pow(__type(__x), __type(__y));
419	    }

Backtrace END
Fliping value of field: std::_Vector_base<double, std::allocator<double> >
Fliping value of field: _M_impl
Fliping value of field: _M_finish
Fliping a bit of the pointer
Memory content before bitflip:0x680x140x770x550x550x550x000x00
Fault Model: Random bit-flip
base address to flip value: 0x7fffffffd868
address max offset: 8
Memory content after  bitflip:0xe10xcf0xb50x790x730x6e0xf50xbb
frame name: train
symbol name: bestT
symbol filename: lreg.cpp
symbol line: 115
value: std::vector of length -612873125259389069, capacity 3 = {1.0343151268400037, -0.02543876761770051, -2.9924523561023268, 1.6304166312761136e-322, 4.6355706478263358e-310, -0.025432024332816428, -2.9925848629981378, 1.6304166312761136e-322, 0, -0.02543876761770051, -2.9924523561023268, 7.1639518646980749e-322, -4, -3, -7, -2, -1, -1, -21, -3, -19, 13, 6, 23, 0, 0, 0, 0, 0, 7.1639518646980749e-322, -44, -23, -143, -8, 1, 1, -1319, -23, -1079, -503, -104, -1583, 0, 0, 0, 0, 0, 2.1533851173990731e-319, 0, 0, 0, 0, 0, 0, 0, 0, 0, 0, 0, 0, 0, 0, 0, 0, 0, 0, 0, 0, 0, 0, 0, 0, 0, 0, 0, 0, 0, 0, 0, 0, 0, 0, 0, 0, 0, 0, 0, 0, 0, 0, 0, 0, 0, 0, 0, 0, 0, 0, 0, 0, 0, 0, 0, 0, 0, 0, 0, 0, 0, 0, 0, 0, 0, 0, 0, 0, 0, 0, 0, 0, 0, 0, 0, 0, 0, 0, 0, 0, 0, 0, 0, 0, 0, 0, 0, 0, 0, 0, 0, 0, 0, 0, 0, 0, 0, 0, 0, 0, 0, 0, 0, 0, 0, 0, 0, 0, 0, 0, 0, 0, 0, 0, 0, 0, 0, 0, 0, 0, 0, 0, 0, 0, 0, 0, 0, 0, 0, 0, 0, 0, 0, 0, 0, 0, 0, 0, 0, 0, 0, 0, 0, 0, 0, 0, 0, 0, 0, 0, 0, 0...}
value address: 0x7fffffffd860
Type: The type is a structure.
Type sizeof: 24
Field name: std::_Vector_base<double, std::allocator<double> >
Field Type: The type is a structure.
Field Type sizeof: 24

[INFO -- 2018-11-22 18:36:38]
Fault Injection Successful after 2.476404905319214s
[INFO -- 2018-11-22 18:36:41]
event type: exit
[INFO -- 2018-11-22 18:36:41]
exit code: 0
