[INFO -- 2018-10-06 19:49:14]
Starting flip_value script
version: 1.1
[INFO -- 2018-10-06 19:49:14]
Initialization strings:
[INFO -- 2018-10-06 19:49:14]
(1) file /tmp/lreg/lreg
[INFO -- 2018-10-06 19:49:14]
(2) set args /tmp/lreg/randInput /tmp/lreg/output
[INFO -- 2018-10-06 19:49:14]
initSignal:0
[INFO -- 2018-10-06 19:49:14]
endSignal:10
[INFO -- 2018-10-06 19:49:14]
faultModel:1
[INFO -- 2018-10-06 19:49:15]
Backtrace BEGIN:
#0  0x00005555555560bf in std::pow<double, unsigned int> (__x=-12, __y=2) at /usr/include/c++/7/cmath:418
#1  0x00005555555552c2 in predict (v=-12) at lreg.cpp:77
#2  0x000055555555551d in partialDerivate (pos=0) at lreg.cpp:107
#3  0x0000555555555670 in adjust () at lreg.cpp:123
#4  0x0000555555555881 in train (iterations=60000, N=3, stopsWhenStable=true) at lreg.cpp:159
#5  0x0000555555555dba in main (argc=3, argv=0x7fffffffde68) at lreg.cpp:225

413	    inline _GLIBCXX_CONSTEXPR
414	    typename __gnu_cxx::__promote_2<_Tp, _Up>::__type
415	    pow(_Tp __x, _Up __y)
416	    {
417	      typedef typename __gnu_cxx::__promote_2<_Tp, _Up>::__type __type;
418	      return pow(__type(__x), __type(__y));
419	    }
420	
421	  using ::sin;
422	

Backtrace END
Memory content before bitflip:0x510xc40xd00x250x8e0x800xc60x40
Fault Model: Double bit-flip
base address to flip value: 0x7fffffffd828
address max offset: 8
Memory content after  bitflip:0x510xc40x910x250x8e0x800xc60x40
frame name: train
symbol name: MSE
symbol filename: lreg.cpp
symbol line: 153
value: 11521.110521527155
value address: 0x7fffffffd828
Type: A floating point type.
Type sizeof: 8

[INFO -- 2018-10-06 19:49:15]
Fault Injection Successful after 1.3432092666625977s
[INFO -- 2018-10-06 19:49:24]
event type: exit
[INFO -- 2018-10-06 19:49:24]
exit code: 0
