[INFO -- 2018-11-25 18:02:32]
Starting flip_value script
version: 1.1
[INFO -- 2018-11-25 18:02:32]
Initialization strings:
[INFO -- 2018-11-25 18:02:32]
(1) file /tmp/lreg/lreg
[INFO -- 2018-11-25 18:02:32]
(2) set args /tmp/lreg/randInput /tmp/lreg/output /tmp/lreg/detected.log
[INFO -- 2018-11-25 18:02:32]
initSignal:0
[INFO -- 2018-11-25 18:02:32]
endSignal:6
[INFO -- 2018-11-25 18:02:32]
faultModel:2
[INFO -- 2018-11-25 18:02:34]
Backtrace BEGIN:
#0  0x000055555555524e in predict (v=-17) at lreg.cpp:49
#1  0x00005555555553fc in partialDerivate (pos=0) at lreg.cpp:74
#2  0x0000555555555503 in adjust (alpha=2.2222199999999999e-05) at lreg.cpp:87
#3  0x00005555555556ac in train (iterations=30000, alpha=2.2222199999999999e-05, N=4, stopsWhenStable=true) at lreg.cpp:120
#4  0x0000555555555a1c in execute (input=0x7fffffffe1f1 "/tmp/lreg/randInput") at lreg.cpp:157
#5  0x0000555555555cb0 in main (argc=4, argv=0x7fffffffde48) at lreg.cpp:196

44	/**
45		Predicts the value related to v using the Ts variables
46	*/
47	double predict(double v){
48		double val = 0;
49		for(int i = 0; i<T.size(); i++){
50			val+= (T[i] * pow(v, i));
51		}
52		return val;
53		

Backtrace END
Memory content before bitflip:0x460x5a0xb70xf40x390x4d0xf70x3e
Fault Model: Random bit-flip
base address to flip value: 0x7fffffffd688
address max offset: 8
Memory content after  bitflip:0xb40xc30x410x540xbb0x380x990x1c
frame name: execute
symbol name: alpha
symbol filename: lreg.cpp
symbol line: 143
value: 6.5264234764021455e-171
value address: 0x7fffffffd688
Type: A floating point type.
Type sizeof: 8

[INFO -- 2018-11-25 18:02:34]
Fault Injection Successful after 2.8300280570983887s
[INFO -- 2018-11-25 18:02:35]
event type: exit
[INFO -- 2018-11-25 18:02:35]
exit code: 0
