[INFO -- 2018-11-05 21:33:18]
Starting flip_value script
version: 1.1
[INFO -- 2018-11-05 21:33:18]
Initialization strings:
[INFO -- 2018-11-05 21:33:18]
(1) file /tmp/lreg/lreg
[INFO -- 2018-11-05 21:33:18]
(2) set args /tmp/lreg/randInput /tmp/lreg/output /tmp/lreg/detected.log
[INFO -- 2018-11-05 21:33:18]
initSignal:0
[INFO -- 2018-11-05 21:33:18]
endSignal:10
[INFO -- 2018-11-05 21:33:18]
faultModel:0
[EXCEPTION -- 2018-11-05 21:33:25]
pythonException: Unable to exit loop in struct fields; Exiting wihtout making a bit flip
[EXCEPTION -- 2018-11-05 21:33:25]
pythonException: empty range for randrange() (0,0, 0)
[EXCEPTION -- 2018-11-05 21:33:25]
pythonException: Unable to exit loop in struct fields; Exiting wihtout making a bit flip
[INFO -- 2018-11-05 21:33:26]
event type: exit
[EXCEPTION -- 2018-11-05 21:33:26]
exit code: no exit code available
