[INFO -- 2018-11-14 16:33:23]
Starting flip_value script
version: 1.1
[INFO -- 2018-11-14 16:33:23]
Initialization strings:
[INFO -- 2018-11-14 16:33:23]
(1) file /tmp/lreg/lreg
[INFO -- 2018-11-14 16:33:23]
(2) set args /tmp/lreg/randInput /tmp/lreg/output
[INFO -- 2018-11-14 16:33:23]
initSignal:0
[INFO -- 2018-11-14 16:33:23]
endSignal:5
[INFO -- 2018-11-14 16:33:23]
faultModel:0
[INFO -- 2018-11-14 16:33:28]
Backtrace BEGIN:
#0  0x00005555555551e0 in verifyUintDup (a=1, b=1) at lreg.cpp:69
#1  0x000055555555576f in predict (v=-15) at lreg.cpp:115
#2  0x0000555555555928 in meanSquaredError () at lreg.cpp:128
#3  0x0000555555555ee5 in train (iter1=45000, iter2=45000, N=4, alpha1=2.2222199999999999e-05, alpha2=2.2222199999999999e-05, stopsWhenStable=true) at lreg.cpp:194
#4  0x0000555555556467 in main (argc=3, argv=0x7fffffffde68) at lreg.cpp:253

64			ofstream fp ("/tmp/lreg/detected.log", std::ofstream::app);
65			fp << "verifyUint: a = "<<a<<"; b = "<<b<<endl;
66	        detected = 1;	
67		}
68		return a;
69	}
70	double verifyDoubleDup(double a, double b){
71		if (a != b && detected != 1){
72			//gerar entrada no log
73			ofstream fp ("/tmp/lreg/detected.log", std::ofstream::app);

Backtrace END
Fliping value of field: std::_Vector_base<double, std::allocator<double> >
Fliping value of field: _M_impl
Fliping value of field: _M_start
Fliping a bit of the value pointed by a pointer
Memory content before bitflip:0x6c0x370x5b0x0d0x430xcf0xc10xbf
Fault Model: Single bit-flip
base address to flip value: 0x555555772380
address max offset: 8
Memory content after  bitflip:0x6c0x370x5b0x0d0x430xcf0xc10xbb
frame name: verifyUintDup
symbol name: T1
symbol filename: lreg.cpp
symbol line: 36
value: std::vector of length 4, capacity 4 = {-7.5426661397711667e-21, -0.72828509920017215, -3.9669615873235982, -3.9580658728564608}
value address: 0x55555575b180 <T1>
Type: The type is a structure.
Type sizeof: 24
Field name: std::_Vector_base<double, std::allocator<double> >
Field Type: The type is a structure.
Field Type sizeof: 24

[INFO -- 2018-11-14 16:33:28]
Fault Injection Successful after 5.071481943130493s
[INFO -- 2018-11-14 16:33:29]
event type: exit
[INFO -- 2018-11-14 16:33:29]
exit code: 0
