[INFO -- 2018-11-15 13:38:00]
Starting flip_value script
version: 1.1
[INFO -- 2018-11-15 13:38:00]
Initialization strings:
[INFO -- 2018-11-15 13:38:00]
(1) file /tmp/lreg/lreg
[INFO -- 2018-11-15 13:38:00]
(2) set args /tmp/lreg/randInput /tmp/lreg/output
[INFO -- 2018-11-15 13:38:00]
initSignal:0
[INFO -- 2018-11-15 13:38:00]
endSignal:5
[INFO -- 2018-11-15 13:38:00]
faultModel:1
[INFO -- 2018-11-15 13:38:03]
Backtrace BEGIN:
#0  0x0000555555555819 in predict (v=-11) at lreg.cpp:116
#1  0x0000555555555a53 in partialDerivate (pos1=1, pos2=1) at lreg.cpp:142
#2  0x0000555555555bbe in adjust (alpha1=2.2222199999999999e-05, alpha2=2.2222199999999999e-05) at lreg.cpp:156
#3  0x0000555555555ee0 in train (iter1=45000, iter2=45000, N=4, alpha1=2.2222199999999999e-05, alpha2=2.2222199999999999e-05, stopsWhenStable=true) at lreg.cpp:193
#4  0x0000555555556467 in main (argc=3, argv=0x7fffffffde58) at lreg.cpp:253

111	*/
112	double predict(double v){
113		double val = 0;
114		
115		for(UINT i1 = 0, i2 = 0; verifyUintDup(i1, i2)<T1.size(); i1++, i2++){
116			val+= (verifyDoubleDup(T1[verifyUintDup(i1, i2)], T2[verifyUintDup(i1, i2)]) * pow(v, verifyUintDup(i1, i2)));
117		}
118		return val;
119		
120	}

Backtrace END
Memory content before bitflip:0x710x360x0c0xfe0x810xc10x220x41
Fault Model: Double bit-flip
base address to flip value: 0x7fffffffd7f8
address max offset: 8
Memory content after  bitflip:0x710x360x0c0xfe0x810xc10x220x4b
frame name: train
symbol name: MSE
symbol filename: lreg.cpp
symbol line: 190
value: 8.9822867021929658e+53
value address: 0x7fffffffd7f8
Type: A floating point type.
Type sizeof: 8

[INFO -- 2018-11-15 13:38:03]
Fault Injection Successful after 3.368940591812134s
[INFO -- 2018-11-15 13:38:03]
event type: exit
[INFO -- 2018-11-15 13:38:03]
exit code: 0
