[INFO -- 2018-11-22 18:57:42]
Starting flip_value script
version: 1.1
[INFO -- 2018-11-22 18:57:42]
Initialization strings:
[INFO -- 2018-11-22 18:57:42]
(1) file /tmp/lreg/lreg
[INFO -- 2018-11-22 18:57:42]
(2) set args /tmp/lreg/randInput /tmp/lreg/output
[INFO -- 2018-11-22 18:57:42]
initSignal:0
[INFO -- 2018-11-22 18:57:42]
endSignal:3
[INFO -- 2018-11-22 18:57:42]
faultModel:2
[EXCEPTION -- 2018-11-22 18:57:43]
gdbException: Attempt to dereference a generic pointer.
[INFO -- 2018-11-22 18:57:44]
Backtrace BEGIN:
#0  0x00007ffff76da518 in __ieee754_pow_sse2 (x=6, y=1) at ../sysdeps/ieee754/dbl-64/e_pow.c:65
#1  0x00007ffff76bcb14 in __pow (x=6, y=1) at w_pow_compat.c:30
#2  0x0000555555555d5f in std::pow<double, int> (__x=6, __y=1) at /usr/include/c++/7/cmath:418
#3  0x0000555555555401 in partialDerivate (pos=1) at lreg.cpp:74
#4  0x00005555555554b3 in adjust (alpha=0.00020000000000000001) at lreg.cpp:87
#5  0x000055555555565c in train (iterations=10000, alpha=0.00020000000000000001, N=2, stopsWhenStable=true) at lreg.cpp:120
#6  0x0000555555555ab7 in main (argc=3, argv=0x7fffffffde58) at lreg.cpp:174

60	../sysdeps/ieee754/dbl-64/e_pow.c: No such file or directory.

Backtrace END
Memory content before bitflip:0x000x000x000x000x000x000xf00x3f
Fault Model: Random bit-flip
base address to flip value: 0x7fffffffd718
address max offset: 8
Memory content after  bitflip:0x750xa20xed0x5f0x450x610x020x19
frame name: __pow
symbol name: y
symbol filename: w_pow_compat.c
symbol line: 28
value: 3.3001782260662621e-188
value address: 0x7fffffffd718
Type: A floating point type.
Type sizeof: 8

[INFO -- 2018-11-22 18:57:44]
Fault Injection Successful after 2.091844081878662s
[INFO -- 2018-11-22 18:57:46]
event type: exit
[INFO -- 2018-11-22 18:57:46]
exit code: 0
