[INFO -- 2018-10-01 18:29:59]
Starting flip_value script
version: 1.1
[INFO -- 2018-10-01 18:29:59]
Initialization strings:
[INFO -- 2018-10-01 18:29:59]
(1) file /tmp/lreg/lreg
[INFO -- 2018-10-01 18:29:59]
(2) set args /tmp/lreg/randInput /tmp/lreg/output
[INFO -- 2018-10-01 18:29:59]
initSignal:0
[INFO -- 2018-10-01 18:29:59]
endSignal:10
[INFO -- 2018-10-01 18:29:59]
faultModel:0
[INFO -- 2018-10-01 18:30:00]
Backtrace BEGIN:
#0  0x0000555555555d29 in std::pow<double, int> (__x=-3, __y=0) at /usr/include/c++/7/cmath:415
#1  0x0000555555555401 in partialDerivate (pos=1) at lreg.cpp:74
#2  0x00005555555554b3 in adjust (alpha=5.0000000000000002e-05) at lreg.cpp:87
#3  0x000055555555565c in train (iterations=60000, alpha=5.0000000000000002e-05, N=3, stopsWhenStable=true) at lreg.cpp:120
#4  0x0000555555555ab7 in main (argc=3, argv=0x7fffffffde58) at lreg.cpp:174

410	#endif
411	
412	  template<typename _Tp, typename _Up>
413	    inline _GLIBCXX_CONSTEXPR
414	    typename __gnu_cxx::__promote_2<_Tp, _Up>::__type
415	    pow(_Tp __x, _Up __y)
416	    {
417	      typedef typename __gnu_cxx::__promote_2<_Tp, _Up>::__type __type;
418	      return pow(__type(__x), __type(__y));
419	    }

Backtrace END
Fliping value of field: std::_Vector_base<double, std::allocator<double> >
Fliping value of field: _M_impl
Fliping value of field: _M_start
Fliping a bit of the value pointed by a pointer
Memory content before bitflip:0x000x000x000x000x000x000x180x40
Fault Model: Single bit-flip
base address to flip value: 0x555555771540
address max offset: 8
Memory content after  bitflip:0x000x000x000x000x000x800x180x40
frame name: partialDerivate
symbol name: x
symbol filename: lreg.cpp
symbol line: 32
value: std::vector of length 20, capacity 32 = {6.125, -3, 13, 15, 14, 13, 3, -5, -11, -23, 21, -23, 5, 4, 6, 15, -19, 24, 7, 22}
value address: 0x55555575a140 <x>
Type: The type is a structure.
Type sizeof: 24
Field name: std::_Vector_base<double, std::allocator<double> >
Field Type: The type is a structure.
Field Type sizeof: 24

[INFO -- 2018-10-01 18:30:00]
Fault Injection Successful after 1.372131586074829s
[INFO -- 2018-10-01 18:30:06]
event type: exit
[INFO -- 2018-10-01 18:30:06]
exit code: 0
