[INFO -- 2018-10-13 16:24:50]
Starting flip_value script
version: 1.1
[INFO -- 2018-10-13 16:24:50]
Initialization strings:
[INFO -- 2018-10-13 16:24:50]
(1) file /tmp/lreg/lreg
[INFO -- 2018-10-13 16:24:50]
(2) set args /tmp/lreg/randInput /tmp/lreg/output
[INFO -- 2018-10-13 16:24:50]
initSignal:0
[INFO -- 2018-10-13 16:24:50]
endSignal:10
[INFO -- 2018-10-13 16:24:50]
faultModel:1
[INFO -- 2018-10-13 16:24:54]
Backtrace BEGIN:
#0  0x00005555555554c1 in partialDerivate (pos=0) at lreg.cpp:104
#1  0x0000555555555670 in adjust () at lreg.cpp:123
#2  0x0000555555555881 in train (iterations=90000, N=4, stopsWhenStable=true) at lreg.cpp:159
#3  0x0000555555555dba in main (argc=3, argv=0x7fffffffde68) at lreg.cpp:225

99		to the adjustment variable whose position in T is passed in pos
100	*/
101	double partialDerivate(UINT pos){
102		double pD = 0;
103		for(UINT i1 = 0, i2 = 0, i3 = 0; 
104			selectTriUInt(i1, i2, i3)<x.size(); 
105			i1++, i2++, i3++)
106		{
107			pD += ((predict(x[selectTriUInt(i1, i2, i3)]) - y[selectTriUInt(i1, i2, i3)])*pow(x[selectTriUInt(i1, i2, i3)], pos));	
108		}

Backtrace END
Fliping value of field: std::_Vector_base<double, std::allocator<double> >
Fliping value of field: _M_impl
Fliping value of field: _M_end_of_storage
Fliping a bit of the value pointed by a pointer
Memory content before bitflip:0x000x000x000x000x000x000x000x00
Fault Model: Double bit-flip
base address to flip value: 0x555555771bd0
address max offset: 8
Memory content after  bitflip:0x000x000x000x500x000x000x000x00
frame name: train
symbol name: bestT
symbol filename: lreg.cpp
symbol line: 151
value: std::vector of length 4, capacity 4 = {26.22858544306898, 103.43694943793629, -11.274709470910434, -1.9844072264585868}
value address: 0x7fffffffd850
Type: The type is a structure.
Type sizeof: 24
Field name: std::_Vector_base<double, std::allocator<double> >
Field Type: The type is a structure.
Field Type sizeof: 24

[INFO -- 2018-10-13 16:24:54]
Fault Injection Successful after 4.915337324142456s
[INFO -- 2018-10-13 16:25:00]
event type: exit
[INFO -- 2018-10-13 16:25:00]
exit code: 0
