[INFO -- 2018-11-23 18:09:25]
Starting flip_value script
version: 1.1
[INFO -- 2018-11-23 18:09:25]
Initialization strings:
[INFO -- 2018-11-23 18:09:25]
(1) file /tmp/lreg/lreg
[INFO -- 2018-11-23 18:09:26]
(2) set args /tmp/lreg/randInput /tmp/lreg/output
[INFO -- 2018-11-23 18:09:26]
initSignal:0
[INFO -- 2018-11-23 18:09:26]
endSignal:3
[INFO -- 2018-11-23 18:09:26]
faultModel:0
[EXCEPTION -- 2018-11-23 18:09:26]
gdbException: Attempt to dereference a generic pointer.
[INFO -- 2018-11-23 18:09:27]
event type: exit
[INFO -- 2018-11-23 18:09:27]
exit code: 0
