[INFO -- 2018-11-16 11:01:21]
Starting flip_value script
version: 1.1
[INFO -- 2018-11-16 11:01:21]
Initialization strings:
[INFO -- 2018-11-16 11:01:21]
(1) file /tmp/lreg/lreg
[INFO -- 2018-11-16 11:01:21]
(2) set args /tmp/lreg/randInput /tmp/lreg/output
[INFO -- 2018-11-16 11:01:21]
initSignal:0
[INFO -- 2018-11-16 11:01:21]
endSignal:5
[INFO -- 2018-11-16 11:01:21]
faultModel:2
[EXCEPTION -- 2018-11-16 11:01:23]
gdbException: Attempt to dereference a generic pointer.
[INFO -- 2018-11-16 11:01:23]
Backtrace BEGIN:
#0  0x000055555555576f in predict (v=15) at lreg.cpp:115
#1  0x0000555555555928 in meanSquaredError () at lreg.cpp:128
#2  0x0000555555555ee5 in train (iter1=15000, iter2=15000, N=2, alpha1=0.00020000000000000001, alpha2=0.00020000000000000001, stopsWhenStable=true) at lreg.cpp:194
#3  0x0000555555556467 in main (argc=3, argv=0x7fffffffde58) at lreg.cpp:253

110		Predicts the value related to v using the Ts variables
111	*/
112	double predict(double v){
113		double val = 0;
114		
115		for(UINT i1 = 0, i2 = 0; verifyUintDup(i1, i2)<T1.size(); i1++, i2++){
116			val+= (verifyDoubleDup(T1[verifyUintDup(i1, i2)], T2[verifyUintDup(i1, i2)]) * pow(v, verifyUintDup(i1, i2)));
117		}
118		return val;
119		

Backtrace END
Memory content before bitflip:0x020x000x000x00
Fault Model: Random bit-flip
base address to flip value: 0x7fffffffd7d4
address max offset: 4
Memory content after  bitflip:0x8d0x320xab0x08
frame name: train
symbol name: N
symbol filename: lreg.cpp
symbol line: 177
value: 145437325
value address: 0x7fffffffd7d4
Type: The type is an integer type.
Type sizeof: 4

[INFO -- 2018-11-16 11:01:23]
Fault Injection Successful after 2.595921039581299s
[INFO -- 2018-11-16 11:01:29]
event type: exit
[INFO -- 2018-11-16 11:01:29]
exit code: 0
