[INFO -- 2018-10-03 20:25:21]
Starting flip_value script
version: 1.1
[INFO -- 2018-10-03 20:25:21]
Initialization strings:
[INFO -- 2018-10-03 20:25:21]
(1) file /tmp/lreg/lreg
[INFO -- 2018-10-03 20:25:21]
(2) set args /tmp/lreg/randInput /tmp/lreg/output
[INFO -- 2018-10-03 20:25:21]
initSignal:0
[INFO -- 2018-10-03 20:25:21]
endSignal:10
[INFO -- 2018-10-03 20:25:21]
faultModel:2
[INFO -- 2018-10-03 20:25:23]
Backtrace BEGIN:
#0  __ieee754_pow_sse2 (x=3, y=3) at ../sysdeps/ieee754/dbl-64/e_pow.c:110
#1  0x00007ffff76d66be in __ieee754_pow_sse2 (x=<optimized out>, y=<optimized out>) at ../sysdeps/ieee754/dbl-64/e_pow.c:184
#2  0x00007ffff76b7b14 in __pow (x=-3, y=3) at w_pow_compat.c:30
#3  0x0000555555555d47 in std::pow<double, int> (__x=-3, __y=3) at /usr/include/c++/7/cmath:418
#4  0x00005555555551e7 in predict (v=-3) at lreg.cpp:50
#5  0x000055555555526a in meanSquaredError () at lreg.cpp:61
#6  0x0000555555555661 in train (iterations=90000, alpha=2.2222199999999999e-05, N=4, stopsWhenStable=true) at lreg.cpp:121
#7  0x0000555555555ab7 in main (argc=3, argv=0x7fffffffde58) at lreg.cpp:174

105	../sysdeps/ieee754/dbl-64/e_pow.c: No such file or directory.

Backtrace END
Memory content before bitflip:0x000x000x000x000x000x000x080x40
Fault Model: Random bit-flip
base address to flip value: 0x7fffffffd728
address max offset: 8
Memory content after  bitflip:0x660xbb0xfb0xd60x710x990xff0x53
frame name: __pow
symbol name: y
symbol filename: w_pow_compat.c
symbol line: 28
value: 4.2184934029424313e+96
value address: 0x7fffffffd728
Type: A floating point type.
Type sizeof: 8

[INFO -- 2018-10-03 20:25:23]
Fault Injection Successful after 2.794635534286499s
[INFO -- 2018-10-03 20:25:28]
event type: exit
[INFO -- 2018-10-03 20:25:28]
exit code: 0
