[INFO -- 2018-09-15 12:10:51]
Starting flip_value script
version: 1.1
[INFO -- 2018-09-15 12:10:51]
Initialization strings:
[INFO -- 2018-09-15 12:10:51]
(1) file /tmp/lreg/lreg
[INFO -- 2018-09-15 12:10:51]
(2) set args /tmp/lreg/randInput /tmp/lreg/output
[INFO -- 2018-09-15 12:10:51]
initSignal:0
[INFO -- 2018-09-15 12:10:51]
endSignal:2
[INFO -- 2018-09-15 12:10:51]
faultModel:0
[INFO -- 2018-09-15 12:10:54]
Backtrace BEGIN:
#0  0x00005555555551ea in predict (v=3) at lreg.cpp:49
#1  0x000055555555530a in meanSquaredError () at lreg.cpp:61
#2  0x00005555555556b1 in train (iterations=90000, alpha=2.2222199999999999e-05, N=4, stopsWhenStable=true) at lreg.cpp:121
#3  0x0000555555555c26 in main (argc=3, argv=0x7fffffffde68) at lreg.cpp:182

44	/**
45		Predicts the value related to v using the Ts variables
46	*/
47	double predict(double v){
48		double val = 0;
49		for(int i = 0; i<T.size(); i++){
50			val+= (T[i] * pow(v, i));
51		}
52		return val;
53		

Backtrace END
Memory content before bitflip:0x690xd60x250x5c0x920xcd0x2a0x40
Fault Model: Single bit-flip
base address to flip value: 0x7fffffffd7a8
address max offset: 8
Memory content after  bitflip:0x680xd60x250x5c0x920xcd0x2a0x40
frame name: predict
symbol name: val
symbol filename: lreg.cpp
symbol line: 48
value: 13.40150726282009
value address: 0x7fffffffd7a8
Type: A floating point type.
Type sizeof: 8

[INFO -- 2018-09-15 12:10:54]
Fault Injection Successful after 3.46132755279541s
[INFO -- 2018-09-15 12:10:59]
event type: exit
[INFO -- 2018-09-15 12:10:59]
exit code: 0
