[INFO -- 2018-11-25 10:33:41]
Starting flip_value script
version: 1.1
[INFO -- 2018-11-25 10:33:41]
Initialization strings:
[INFO -- 2018-11-25 10:33:41]
(1) file /tmp/lreg/lreg
[INFO -- 2018-11-25 10:33:41]
(2) set args /tmp/lreg/randInput /tmp/lreg/output /tmp/lreg/detected.log
[INFO -- 2018-11-25 10:33:41]
initSignal:0
[INFO -- 2018-11-25 10:33:41]
endSignal:6
[INFO -- 2018-11-25 10:33:41]
faultModel:2
[INFO -- 2018-11-25 10:33:45]
Backtrace BEGIN:
#0  0x000055555555541e in partialDerivate (pos=1) at lreg.cpp:74
#1  0x0000555555555503 in adjust (alpha=5.0000000000000002e-05) at lreg.cpp:87
#2  0x00005555555556ac in train (iterations=20000, alpha=5.0000000000000002e-05, N=3, stopsWhenStable=true) at lreg.cpp:120
#3  0x0000555555555a1c in execute (input=0x7fffffffe1f1 "/tmp/lreg/randInput") at lreg.cpp:157
#4  0x0000555555555cb0 in main (argc=4, argv=0x7fffffffde48) at lreg.cpp:196

69		to the adjustment variable whose position in T is passed in pos
70	*/
71	double partialDerivate(int pos){
72		double pD = 0;
73		for(int i = 0; i<x.size(); i++){
74			pD += ((predict(x[i]) - y[i])*pow(x[i], pos));	
75		}
76		pD *= (2.0/x.size());
77		return pD;
78	}

Backtrace END
Memory content before bitflip:0x030x000x000x00
Fault Model: Random bit-flip
base address to flip value: 0x7fffffffd66c
address max offset: 4
Memory content after  bitflip:0x840xb90x7e0x59
frame name: execute
symbol name: N
symbol filename: lreg.cpp
symbol line: 144
value: 1501477252
value address: 0x7fffffffd66c
Type: The type is an integer type.
Type sizeof: 4

[INFO -- 2018-11-25 10:33:45]
Fault Injection Successful after 4.608031272888184s
[INFO -- 2018-11-25 10:33:47]
event type: exit
[INFO -- 2018-11-25 10:33:47]
exit code: 0
