[INFO -- 2018-09-15 22:47:43]
Starting flip_value script
version: 1.1
[INFO -- 2018-09-15 22:47:43]
Initialization strings:
[INFO -- 2018-09-15 22:47:43]
(1) file /tmp/lreg/lreg
[INFO -- 2018-09-15 22:47:43]
(2) set args /tmp/lreg/randInput /tmp/lreg/output
[INFO -- 2018-09-15 22:47:43]
initSignal:0
[INFO -- 2018-09-15 22:47:43]
endSignal:2
[INFO -- 2018-09-15 22:47:43]
faultModel:0
[INFO -- 2018-09-15 22:47:44]
Backtrace BEGIN:
#0  0x000055555555524e in predict (v=4) at lreg.cpp:49
#1  0x00005555555553fc in partialDerivate (pos=1) at lreg.cpp:74
#2  0x0000555555555503 in adjust (alpha=5.0000000000000002e-05) at lreg.cpp:87
#3  0x00005555555556ac in train (iterations=60000, alpha=5.0000000000000002e-05, N=3, stopsWhenStable=true) at lreg.cpp:120
#4  0x0000555555555c26 in main (argc=3, argv=0x7fffffffde68) at lreg.cpp:182

44	/**
45		Predicts the value related to v using the Ts variables
46	*/
47	double predict(double v){
48		double val = 0;
49		for(int i = 0; i<T.size(); i++){
50			val+= (T[i] * pow(v, i));
51		}
52		return val;
53		

Backtrace END
Fliping value of field: std::_Vector_base<double, std::allocator<double> >
Fliping value of field: _M_impl
Fliping value of field: _M_start
Fliping a bit of the value pointed by a pointer
Memory content before bitflip:0x000x000x000x000x000x000x240xc0
Fault Model: Single bit-flip
base address to flip value: 0x555555771540
address max offset: 8
Memory content after  bitflip:0x080x000x000x000x000x000x240xc0
frame name: partialDerivate
symbol name: x
symbol filename: lreg.cpp
symbol line: 32
value: std::vector of length 20, capacity 32 = {-10.000000000000014, -4, -4, 13, 1, 10, -1, -3, -21, -8, -19, -15, 4, 19, 18, 5, 11, 19, -24, -5}
value address: 0x55555575a140 <x>
Type: The type is a structure.
Type sizeof: 24
Field name: std::_Vector_base<double, std::allocator<double> >
Field Type: The type is a structure.
Field Type sizeof: 24

[INFO -- 2018-09-15 22:47:44]
Fault Injection Successful after 1.8475666046142578s
[INFO -- 2018-09-15 22:48:02]
event type: exit
[INFO -- 2018-09-15 22:48:02]
exit code: 0
