[INFO -- 2018-11-26 20:27:28]
Starting flip_value script
version: 1.1
[INFO -- 2018-11-26 20:27:28]
Initialization strings:
[INFO -- 2018-11-26 20:27:28]
(1) file /tmp/lreg/lreg
[INFO -- 2018-11-26 20:27:28]
(2) set args /tmp/lreg/randInput /tmp/lreg/output
[INFO -- 2018-11-26 20:27:28]
initSignal:0
[INFO -- 2018-11-26 20:27:28]
endSignal:3
[INFO -- 2018-11-26 20:27:28]
faultModel:0
[INFO -- 2018-11-26 20:27:30]
Backtrace BEGIN:
#0  0x0000555555555814 in predict (v=-18) at lreg.cpp:116
#1  0x0000555555555a53 in partialDerivate (pos1=0, pos2=0) at lreg.cpp:142
#2  0x0000555555555bbe in adjust (alpha1=2.2222199999999999e-05, alpha2=2.2222199999999999e-05) at lreg.cpp:156
#3  0x0000555555555ee0 in train (iter1=30000, iter2=30000, N=4, alpha1=2.2222199999999999e-05, alpha2=2.2222199999999999e-05, stopsWhenStable=true) at lreg.cpp:193
#4  0x0000555555556467 in main (argc=3, argv=0x7fffffffde58) at lreg.cpp:253

111	*/
112	double predict(double v){
113		double val = 0;
114		
115		for(UINT i1 = 0, i2 = 0; verifyUintDup(i1, i2)<T1.size(); i1++, i2++){
116			val+= (verifyDoubleDup(T1[verifyUintDup(i1, i2)], T2[verifyUintDup(i1, i2)]) * pow(v, verifyUintDup(i1, i2)));
117		}
118		return val;
119		
120	}

Backtrace END
Fliping a bit of the value pointed by a pointer
Fliping a bit of the value pointed by a pointer
Memory content before bitflip:0x2f
Fault Model: Single bit-flip
base address to flip value: 0x7fffffffe1ff 
address max offset: 1
Memory content after  bitflip:0x6f
frame name: main
symbol name: argv
symbol filename: lreg.cpp
symbol line: 217
value: 0x7fffffffde58
value address: 0x7fffffffd8c0
Type: The type is a pointer.
Type sizeof: 8

[INFO -- 2018-11-26 20:27:30]
Fault Injection Successful after 2.0805695056915283s
[INFO -- 2018-11-26 20:27:30]
event type: exit
[INFO -- 2018-11-26 20:27:30]
exit code: 0
