[INFO -- 2018-10-04 17:15:30]
Starting flip_value script
version: 1.1
[INFO -- 2018-10-04 17:15:30]
Initialization strings:
[INFO -- 2018-10-04 17:15:30]
(1) file /tmp/lreg/lreg
[INFO -- 2018-10-04 17:15:30]
(2) set args /tmp/lreg/randInput /tmp/lreg/output
[INFO -- 2018-10-04 17:15:30]
initSignal:0
[INFO -- 2018-10-04 17:15:30]
endSignal:10
[INFO -- 2018-10-04 17:15:30]
faultModel:2
[INFO -- 2018-10-04 17:15:33]
Backtrace BEGIN:
#0  0x00007ffff76b7b0f in __pow (x=14, y=3) at w_pow_compat.c:30
#1  0x0000555555555d47 in std::pow<double, int> (__x=14, __y=3) at /usr/include/c++/7/cmath:418
#2  0x0000555555555401 in partialDerivate (pos=3) at lreg.cpp:74
#3  0x00005555555554b3 in adjust (alpha=2.2222199999999999e-05) at lreg.cpp:87
#4  0x000055555555565c in train (iterations=90000, alpha=2.2222199999999999e-05, N=4, stopsWhenStable=true) at lreg.cpp:120
#5  0x0000555555555ab7 in main (argc=3, argv=0x7fffffffde58) at lreg.cpp:174

25	w_pow_compat.c: No such file or directory.

Backtrace END
Memory content before bitflip:0x460x5a0xb70xf40x390x4d0xf70x3e
Fault Model: Random bit-flip
base address to flip value: 0x7fffffffd810
address max offset: 8
Memory content after  bitflip:0x420x800x5d0x0f0x920xf70x000x72
frame name: train
symbol name: alpha
symbol filename: lreg.cpp
symbol line: 105
value: 1.4142085496741854e+241
value address: 0x7fffffffd810
Type: A floating point type.
Type sizeof: 8

[INFO -- 2018-10-04 17:15:33]
Fault Injection Successful after 3.9504621028900146s
[INFO -- 2018-10-04 17:15:37]
event type: exit
[INFO -- 2018-10-04 17:15:37]
exit code: 0
