[INFO -- 2018-11-14 19:08:01]
Starting flip_value script
version: 1.1
[INFO -- 2018-11-14 19:08:01]
Initialization strings:
[INFO -- 2018-11-14 19:08:01]
(1) file /tmp/lreg/lreg
[INFO -- 2018-11-14 19:08:01]
(2) set args /tmp/lreg/randInput /tmp/lreg/output
[INFO -- 2018-11-14 19:08:01]
initSignal:0
[INFO -- 2018-11-14 19:08:01]
endSignal:5
[INFO -- 2018-11-14 19:08:01]
faultModel:2
[EXCEPTION -- 2018-11-14 19:08:05]
pythonException: empty range for randrange() (0,0, 0)
[EXCEPTION -- 2018-11-14 19:08:05]
pythonException: Unable to exit loop in struct fields; Exiting wihtout making a bit flip
[INFO -- 2018-11-14 19:08:09]
event type: exit
[INFO -- 2018-11-14 19:08:09]
exit code: 0
