[INFO -- 2018-11-25 14:38:53]
Starting flip_value script
version: 1.1
[INFO -- 2018-11-25 14:38:53]
Initialization strings:
[INFO -- 2018-11-25 14:38:53]
(1) file /tmp/lreg/lreg
[INFO -- 2018-11-25 14:38:53]
(2) set args /tmp/lreg/randInput /tmp/lreg/output /tmp/lreg/detected.log
[INFO -- 2018-11-25 14:38:53]
initSignal:0
[INFO -- 2018-11-25 14:38:53]
endSignal:6
[INFO -- 2018-11-25 14:38:53]
faultModel:1
[INFO -- 2018-11-25 14:38:54]
Backtrace BEGIN:
#0  0x0000555555555479 in partialDerivate (pos=3) at lreg.cpp:76
#1  0x0000555555555503 in adjust (alpha=2.2222199999999999e-05) at lreg.cpp:87
#2  0x00005555555556ac in train (iterations=30000, alpha=2.2222199999999999e-05, N=4, stopsWhenStable=true) at lreg.cpp:120
#3  0x0000555555555a1c in execute (input=0x7fffffffe1f1 "/tmp/lreg/randInput") at lreg.cpp:157
#4  0x0000555555555c78 in main (argc=4, argv=0x7fffffffde48) at lreg.cpp:193

71	double partialDerivate(int pos){
72		double pD = 0;
73		for(int i = 0; i<x.size(); i++){
74			pD += ((predict(x[i]) - y[i])*pow(x[i], pos));	
75		}
76		pD *= (2.0/x.size());
77		return pD;
78	}
79	
80	/**

Backtrace END
Memory content before bitflip:0x01
Fault Model: Double bit-flip
base address to flip value: 0x7fffffffd55c
address max offset: 1
Memory content after  bitflip:0x13
frame name: train
symbol name: stopsWhenStable
symbol filename: lreg.cpp
symbol line: 105
value: 19
value address: 0x7fffffffd55c
Type: A boolean type.
Type sizeof: 1

[INFO -- 2018-11-25 14:38:54]
Fault Injection Successful after 1.0997095108032227s
[INFO -- 2018-11-25 14:38:55]
event type: exit
[INFO -- 2018-11-25 14:38:55]
exit code: 0
