[INFO -- 2018-10-01 17:30:27]
Starting flip_value script
version: 1.1
[INFO -- 2018-10-01 17:30:27]
Initialization strings:
[INFO -- 2018-10-01 17:30:27]
(1) file /tmp/lreg/lreg
[INFO -- 2018-10-01 17:30:27]
(2) set args /tmp/lreg/randInput /tmp/lreg/output
[INFO -- 2018-10-01 17:30:27]
initSignal:0
[INFO -- 2018-10-01 17:30:27]
endSignal:10
[INFO -- 2018-10-01 17:30:27]
faultModel:1
[EXCEPTION -- 2018-10-01 17:30:29]
gdbException: Attempt to dereference a generic pointer.
[INFO -- 2018-10-01 17:30:30]
Backtrace BEGIN:
#0  0x0000555555555d1b in std::vector<double, std::allocator<double> >::operator[] (this=0x55555575a180 <T>, __n=0) at /usr/include/c++/7/bits/stl_vector.h:799
#1  0x00005555555551c7 in predict (v=14) at lreg.cpp:50
#2  0x00005555555552ba in meanSquaredError () at lreg.cpp:61
#3  0x0000555555555661 in train (iterations=60000, alpha=5.0000000000000002e-05, N=3, stopsWhenStable=true) at lreg.cpp:121
#4  0x0000555555555ab7 in main (argc=3, argv=0x7fffffffde58) at lreg.cpp:174

794	      reference
795	      operator[](size_type __n) _GLIBCXX_NOEXCEPT
796	      {
797		__glibcxx_requires_subscript(__n);
798		return *(this->_M_impl._M_start + __n);
799	      }
800	
801	      /**
802	       *  @brief  Subscript access to the data contained in the %vector.
803	       *  @param __n The index of the element for which data should be

Backtrace END
Memory content before bitflip:0xee0x350xce0xa80x910x850xf50x40
Fault Model: Double bit-flip
base address to flip value: 0x7fffffffd830
address max offset: 8
Memory content after  bitflip:0xac0x350xce0xa80x910x850xf50x40
frame name: train
symbol name: bestMSE
symbol filename: lreg.cpp
symbol line: 116
value: 88153.103712281852
value address: 0x7fffffffd830
Type: A floating point type.
Type sizeof: 8

[INFO -- 2018-10-01 17:30:30]
Fault Injection Successful after 3.689701557159424s
[INFO -- 2018-10-01 17:30:46]
event type: exit
[INFO -- 2018-10-01 17:30:46]
exit code: 0
