[INFO -- 2018-11-16 12:32:13]
Starting flip_value script
version: 1.1
[INFO -- 2018-11-16 12:32:13]
Initialization strings:
[INFO -- 2018-11-16 12:32:13]
(1) file /tmp/lreg/lreg
[INFO -- 2018-11-16 12:32:13]
(2) set args /tmp/lreg/randInput /tmp/lreg/output
[INFO -- 2018-11-16 12:32:13]
initSignal:0
[INFO -- 2018-11-16 12:32:13]
endSignal:5
[INFO -- 2018-11-16 12:32:13]
faultModel:1
[INFO -- 2018-11-16 12:32:15]
Backtrace BEGIN:
#0  0x0000555555555254 in verifyDoubleDup (a=0.99999941460120123, b=0.99999941460120123) at lreg.cpp:71
#1  0x00005555555557ea in predict (v=14) at lreg.cpp:116
#2  0x00005555555558c0 in meanSquaredError () at lreg.cpp:128
#3  0x0000555555555ee5 in train (iter1=15000, iter2=15000, N=2, alpha1=0.00020000000000000001, alpha2=0.00020000000000000001, stopsWhenStable=true) at lreg.cpp:194
#4  0x0000555555556467 in main (argc=3, argv=0x7fffffffde58) at lreg.cpp:253

66	        detected = 1;	
67		}
68		return a;
69	}
70	double verifyDoubleDup(double a, double b){
71		if (a != b && detected != 1){
72			//gerar entrada no log
73			ofstream fp ("/tmp/lreg/detected.log", std::ofstream::app);
74			fp << "verifyDouble: a = "<<a<<"; b = "<<b<<endl;
75	        detected = 1;	

Backtrace END
Memory content before bitflip:0x400x1d0x000x00
Fault Model: Double bit-flip
base address to flip value: 0x7fffffffd7e8
address max offset: 4
Memory content after  bitflip:0x400xdd0x000x00
frame name: train
symbol name: i1
symbol filename: lreg.cpp
symbol line: 191
value: 56640
value address: 0x7fffffffd7e8
Type: The type is an integer type.
Type sizeof: 4

[INFO -- 2018-11-16 12:32:15]
Fault Injection Successful after 2.27111554145813s
[INFO -- 2018-11-16 12:32:21]
event type: exit
[INFO -- 2018-11-16 12:32:21]
exit code: 0
