[INFO -- 2018-11-22 17:24:49]
Starting flip_value script
version: 1.1
[INFO -- 2018-11-22 17:24:49]
Initialization strings:
[INFO -- 2018-11-22 17:24:49]
(1) file /tmp/lreg/lreg
[INFO -- 2018-11-22 17:24:49]
(2) set args /tmp/lreg/randInput /tmp/lreg/output
[INFO -- 2018-11-22 17:24:49]
initSignal:0
[INFO -- 2018-11-22 17:24:49]
endSignal:3
[INFO -- 2018-11-22 17:24:49]
faultModel:1
[EXCEPTION -- 2018-11-22 17:24:51]
gdbException: Cannot access memory at address 0x425555557712f0
[EXCEPTION -- 2018-11-22 17:24:51]
pythonException: empty range for randrange() (0,0, 0)
[EXCEPTION -- 2018-11-22 17:24:51]
gdbException: Cannot access memory at address 0x425555557712f9
[INFO -- 2018-11-22 17:24:52]
event type: exit
[EXCEPTION -- 2018-11-22 17:24:52]
exit code: no exit code available
