[INFO -- 2018-11-29 14:34:58]
Starting flip_value script
version: 1.1
[INFO -- 2018-11-29 14:34:58]
Initialization strings:
[INFO -- 2018-11-29 14:34:58]
(1) file /tmp/lreg/lreg
[INFO -- 2018-11-29 14:34:58]
(2) set args /tmp/lreg/randInput /tmp/lreg/output /tmp/lreg/detected.log
[INFO -- 2018-11-29 14:34:58]
initSignal:0
[INFO -- 2018-11-29 14:34:58]
endSignal:6
[INFO -- 2018-11-29 14:34:58]
faultModel:1
[INFO -- 2018-11-29 14:35:00]
Backtrace BEGIN:
#0  0x000055555555532c in meanSquaredError () at lreg.cpp:61
#1  0x00005555555556b1 in train (iterations=30000, alpha=2.2222199999999999e-05, N=4, stopsWhenStable=true) at lreg.cpp:121
#2  0x0000555555555a1c in execute (input=0x7fffffffe1f1 "/tmp/lreg/randInput") at lreg.cpp:157
#3  0x0000555555555cb0 in main (argc=4, argv=0x7fffffffde48) at lreg.cpp:196

56		Calculates the mean squared error of T
57	*/
58	double meanSquaredError(){
59		double error = 0;
60		for(int i = 0; i<x.size(); i++){
61			error+= ((predict(x[i]) - y[i]) * (predict(x[i]) - y[i]));	
62		}
63		error /= x.size();
64		return error;
65	

Backtrace END
Memory content before bitflip:0xf10x790xb80xe50x4e0x0a0x0a0x41
Fault Model: Double bit-flip
base address to flip value: 0x7fffffffd580
address max offset: 8
Memory content after  bitflip:0xf10x790xb80xe50xc60x0a0x0a0x41
frame name: train
symbol name: bestMSE
symbol filename: lreg.cpp
symbol line: 116
value: 213336.86216826693
value address: 0x7fffffffd580
Type: A floating point type.
Type sizeof: 8

[INFO -- 2018-11-29 14:35:00]
Fault Injection Successful after 2.8494601249694824s
[INFO -- 2018-11-29 14:35:01]
event type: exit
[INFO -- 2018-11-29 14:35:01]
exit code: 0
