[INFO -- 2018-11-14 13:18:39]
Starting flip_value script
version: 1.1
[INFO -- 2018-11-14 13:18:39]
Initialization strings:
[INFO -- 2018-11-14 13:18:39]
(1) file /tmp/lreg/lreg
[INFO -- 2018-11-14 13:18:39]
(2) set args /tmp/lreg/randInput /tmp/lreg/output
[INFO -- 2018-11-14 13:18:39]
initSignal:0
[INFO -- 2018-11-14 13:18:39]
endSignal:5
[INFO -- 2018-11-14 13:18:39]
faultModel:1
[INFO -- 2018-11-14 13:18:40]
Backtrace BEGIN:
#0  0x00007ffff76bcb47 in __pow (x=-18, y=0) at w_pow_compat.c:55
#1  0x0000555555556826 in std::pow<double, unsigned int> (__x=-18, __y=0) at /usr/include/c++/7/cmath:418
#2  0x0000555555555814 in predict (v=-18) at lreg.cpp:116
#3  0x0000555555555928 in meanSquaredError () at lreg.cpp:128
#4  0x0000555555555ee5 in train (iter1=30000, iter2=30000, N=3, alpha1=5.0000000000000002e-05, alpha2=5.0000000000000002e-05, stopsWhenStable=true) at lreg.cpp:194
#5  0x0000555555556467 in main (argc=3, argv=0x7fffffffde68) at lreg.cpp:253

50	w_pow_compat.c: No such file or directory.

Backtrace END
Memory content before bitflip:0x010x000x000x00
Fault Model: Double bit-flip
base address to flip value: 0x7fffffffd900
address max offset: 4
Memory content after  bitflip:0x010x000x600x00
frame name: main
symbol name: i2
symbol filename: lreg.cpp
symbol line: 232
value: 6291457
value address: 0x7fffffffd900
Type: The type is an integer type.
Type sizeof: 4

[INFO -- 2018-11-14 13:18:40]
Fault Injection Successful after 1.8082938194274902s
[INFO -- 2018-11-14 13:18:43]
event type: exit
[INFO -- 2018-11-14 13:18:43]
exit code: 0
