[INFO -- 2018-10-03 17:22:21]
Starting flip_value script
version: 1.1
[INFO -- 2018-10-03 17:22:21]
Initialization strings:
[INFO -- 2018-10-03 17:22:21]
(1) file /tmp/lreg/lreg
[INFO -- 2018-10-03 17:22:21]
(2) set args /tmp/lreg/randInput /tmp/lreg/output
[INFO -- 2018-10-03 17:22:21]
initSignal:0
[INFO -- 2018-10-03 17:22:21]
endSignal:10
[INFO -- 2018-10-03 17:22:21]
faultModel:0
[INFO -- 2018-10-03 17:22:23]
Backtrace BEGIN:
#0  0x00005555555551fe in predict (v=13) at lreg.cpp:49
#1  0x00005555555553ac in partialDerivate (pos=0) at lreg.cpp:74
#2  0x00005555555554b3 in adjust (alpha=2.2222199999999999e-05) at lreg.cpp:87
#3  0x000055555555565c in train (iterations=90000, alpha=2.2222199999999999e-05, N=4, stopsWhenStable=true) at lreg.cpp:120
#4  0x0000555555555ab7 in main (argc=3, argv=0x7fffffffde58) at lreg.cpp:174

44	/**
45		Predicts the value related to v using the Ts variables
46	*/
47	double predict(double v){
48		double val = 0;
49		for(int i = 0; i<T.size(); i++){
50			val+= (T[i] * pow(v, i));
51		}
52		return val;
53		

Backtrace END
Fliping value of field: std::_Vector_base<double, std::allocator<double> >
Fliping value of field: _M_impl
Fliping value of field: _M_start
Fliping a bit of the value pointed by a pointer
Memory content before bitflip:0x000x000x000x000x000x000x200x40
Fault Model: Single bit-flip
base address to flip value: 0x555555771760
address max offset: 8
Memory content after  bitflip:0x080x000x000x000x000x000x200x40
frame name: adjust
symbol name: x
symbol filename: lreg.cpp
symbol line: 32
value: std::vector of length 36, capacity 64 = {8.0000000000000142, -4, 3, 1, -10, -4, 2, 2, 17, -3, 13, -12, -18, 11, 22, -2, 21, -5, 11, -17, 7, -26, 26, -24, -32, -24, 29, -30, -1, 27, 27, -29, -21, 19, 19, 23}
value address: 0x55555575a140 <x>
Type: The type is a structure.
Type sizeof: 24
Field name: std::_Vector_base<double, std::allocator<double> >
Field Type: The type is a structure.
Field Type sizeof: 24

[INFO -- 2018-10-03 17:22:23]
Fault Injection Successful after 2.242265462875366s
[INFO -- 2018-10-03 17:22:28]
event type: exit
[INFO -- 2018-10-03 17:22:28]
exit code: 0
