[INFO -- 2018-10-01 17:16:55]
Starting flip_value script
version: 1.1
[INFO -- 2018-10-01 17:16:55]
Initialization strings:
[INFO -- 2018-10-01 17:16:55]
(1) file /tmp/lreg/lreg
[INFO -- 2018-10-01 17:16:55]
(2) set args /tmp/lreg/randInput /tmp/lreg/output
[INFO -- 2018-10-01 17:16:55]
initSignal:0
[INFO -- 2018-10-01 17:16:55]
endSignal:10
[INFO -- 2018-10-01 17:16:55]
faultModel:2
[INFO -- 2018-10-01 17:17:00]
Backtrace BEGIN:
#0  0x0000555555555d3d in std::pow<double, int> (__x=21, __y=3) at /usr/include/c++/7/cmath:418
#1  0x00005555555551e7 in predict (v=21) at lreg.cpp:50
#2  0x000055555555526a in meanSquaredError () at lreg.cpp:61
#3  0x0000555555555661 in train (iterations=90000, alpha=2.2222199999999999e-05, N=4, stopsWhenStable=true) at lreg.cpp:121
#4  0x0000555555555ab7 in main (argc=3, argv=0x7fffffffde58) at lreg.cpp:174

413	    inline _GLIBCXX_CONSTEXPR
414	    typename __gnu_cxx::__promote_2<_Tp, _Up>::__type
415	    pow(_Tp __x, _Up __y)
416	    {
417	      typedef typename __gnu_cxx::__promote_2<_Tp, _Up>::__type __type;
418	      return pow(__type(__x), __type(__y));
419	    }
420	
421	  using ::sin;
422	

Backtrace END
Fliping value of field: std::_Vector_base<double, std::allocator<double> >
Fliping value of field: _M_impl
Fliping value of field: _M_finish
Fliping a bit of the value pointed by a pointer
Memory content before bitflip:0x000x000x000x000x000x000x000x00
Fault Model: Random bit-flip
base address to flip value: 0x555555771a90
address max offset: 8
Memory content after  bitflip:0x000xe30xaa0x7c0x7a0x0d0x740x64
frame name: meanSquaredError
symbol name: y
symbol filename: lreg.cpp
symbol line: 33
value: std::vector of length 36, capacity 64 = {-5, 4, -12, -14, -13, -12, -2, 6, -482, -2114, -1762, -2114, -98, -62, -142, -898, -1442, -2302, -194, -1934, 41093, -376, -4, -29431, 93671, 10328, -41101, -4351, -82876, 146243, 731, -41101, -118021, -196516, 105374, 38}
value address: 0x55555575a160 <y>
Type: The type is a structure.
Type sizeof: 24
Field name: std::_Vector_base<double, std::allocator<double> >
Field Type: The type is a structure.
Field Type sizeof: 24

[INFO -- 2018-10-01 17:17:00]
Fault Injection Successful after 5.562272787094116s
[INFO -- 2018-10-01 17:17:03]
event type: exit
[INFO -- 2018-10-01 17:17:03]
exit code: 0
