[INFO -- 2018-11-24 19:16:08]
Starting flip_value script
version: 1.1
[INFO -- 2018-11-24 19:16:08]
Initialization strings:
[INFO -- 2018-11-24 19:16:08]
(1) file /tmp/lreg/lreg
[INFO -- 2018-11-24 19:16:08]
(2) set args /tmp/lreg/randInput /tmp/lreg/output /tmp/lreg/detected.log
[INFO -- 2018-11-24 19:16:08]
initSignal:0
[INFO -- 2018-11-24 19:16:08]
endSignal:6
[INFO -- 2018-11-24 19:16:08]
faultModel:0
[INFO -- 2018-11-24 19:16:10]
Backtrace BEGIN:
#0  0x00005555555560eb in std::vector<double, std::allocator<double> >::size (this=0x55555575b180 <T>) at /usr/include/c++/7/bits/stl_vector.h:671
#1  0x00005555555551f9 in predict (v=7) at lreg.cpp:49
#2  0x000055555555530a in meanSquaredError () at lreg.cpp:61
#3  0x00005555555556b1 in train (iterations=10000, alpha=0.00020000000000000001, N=2, stopsWhenStable=true) at lreg.cpp:121
#4  0x0000555555555a1c in execute (input=0x7fffffffe1f2 "/tmp/lreg/randInput") at lreg.cpp:157
#5  0x0000555555555cb0 in main (argc=4, argv=0x7fffffffde48) at lreg.cpp:196

666	
667	      // [23.2.4.2] capacity
668	      /**  Returns the number of elements in the %vector.  */
669	      size_type
670	      size() const _GLIBCXX_NOEXCEPT
671	      { return size_type(this->_M_impl._M_finish - this->_M_impl._M_start); }
672	
673	      /**  Returns the size() of the largest possible %vector.  */
674	      size_type
675	      max_size() const _GLIBCXX_NOEXCEPT

Backtrace END
Memory content before bitflip:0x000x000x000x00
Fault Model: Single bit-flip
base address to flip value: 0x7fffffffd678
address max offset: 4
Memory content after  bitflip:0x000x000x080x00
frame name: execute
symbol name: i
symbol filename: lreg.cpp
symbol line: 142
value: 524288
value address: 0x7fffffffd678
Type: The type is an integer type.
Type sizeof: 4

[INFO -- 2018-11-24 19:16:10]
Fault Injection Successful after 2.682133197784424s
[INFO -- 2018-11-24 19:16:10]
event type: exit
[INFO -- 2018-11-24 19:16:10]
exit code: 0
