[INFO -- 2018-10-11 18:25:57]
Starting flip_value script
version: 1.1
[INFO -- 2018-10-11 18:25:57]
Initialization strings:
[INFO -- 2018-10-11 18:25:57]
(1) file /tmp/lreg/lreg
[INFO -- 2018-10-11 18:25:57]
(2) set args /tmp/lreg/randInput /tmp/lreg/output
[INFO -- 2018-10-11 18:25:57]
initSignal:0
[INFO -- 2018-10-11 18:25:57]
endSignal:10
[INFO -- 2018-10-11 18:25:57]
faultModel:1
[INFO -- 2018-10-11 18:26:00]
Backtrace BEGIN:
#0  0x000055555555607d in std::pow<double, unsigned int> (__x=21, __y=2) at /usr/include/c++/7/cmath:415
#1  0x00005555555552c2 in predict (v=21) at lreg.cpp:77
#2  0x000055555555551d in partialDerivate (pos=1) at lreg.cpp:107
#3  0x0000555555555670 in adjust () at lreg.cpp:123
#4  0x0000555555555881 in train (iterations=90000, N=4, stopsWhenStable=true) at lreg.cpp:159
#5  0x0000555555555dba in main (argc=3, argv=0x7fffffffde68) at lreg.cpp:225

410	#endif
411	
412	  template<typename _Tp, typename _Up>
413	    inline _GLIBCXX_CONSTEXPR
414	    typename __gnu_cxx::__promote_2<_Tp, _Up>::__type
415	    pow(_Tp __x, _Up __y)
416	    {
417	      typedef typename __gnu_cxx::__promote_2<_Tp, _Up>::__type __type;
418	      return pow(__type(__x), __type(__y));
419	    }

Backtrace END
Fliping value of field: std::_Vector_base<double, std::allocator<double> >
Fliping value of field: _M_impl
Fliping value of field: _M_end_of_storage
Fliping a bit of the value pointed by a pointer
Memory content before bitflip:0x000x000x000x000x000x000x000x00
Fault Model: Double bit-flip
base address to flip value: 0x5555557713a0
address max offset: 8
Memory content after  bitflip:0x820x000x000x000x000x000x000x00
frame name: std::pow<double, unsigned int>
symbol name: T
symbol filename: lreg.cpp
symbol line: 43
value: std::vector of length 4, capacity 4 = {-9.6452415019623832, -32.299055664002921, 7.9974569493012462, 0.65777826482353807}
value address: 0x55555575a180 <T>
Type: The type is a structure.
Type sizeof: 24
Field name: std::_Vector_base<double, std::allocator<double> >
Field Type: The type is a structure.
Field Type sizeof: 24

[INFO -- 2018-10-11 18:26:00]
Fault Injection Successful after 3.644975185394287s
[INFO -- 2018-10-11 18:26:06]
event type: exit
[INFO -- 2018-10-11 18:26:06]
exit code: 0
