[INFO -- 2018-11-05 17:07:15]
Starting flip_value script
version: 1.1
[INFO -- 2018-11-05 17:07:15]
Initialization strings:
[INFO -- 2018-11-05 17:07:15]
(1) file /tmp/lreg/lreg
[INFO -- 2018-11-05 17:07:15]
(2) set args /tmp/lreg/randInput /tmp/lreg/output /tmp/lreg/detected.log
[INFO -- 2018-11-05 17:07:15]
initSignal:0
[INFO -- 2018-11-05 17:07:15]
endSignal:10
[INFO -- 2018-11-05 17:07:15]
faultModel:1
[INFO -- 2018-11-05 17:07:20]
Backtrace BEGIN:
#0  __exp1 (x=<optimized out>, xx=<optimized out>, error=<optimized out>) at ../sysdeps/ieee754/dbl-64/e_exp.c:280
#1  0x00007ffff76da8dc in __ieee754_pow_sse2 (x=6, y=3) at ../sysdeps/ieee754/dbl-64/e_pow.c:115
#2  0x00007ffff76bcb14 in __pow (x=6, y=3) at w_pow_compat.c:30
#3  0x0000555555556131 in std::pow<double, int> (__x=6, __y=3) at /usr/include/c++/7/cmath:418
#4  0x0000555555555237 in predict (v=6) at lreg.cpp:50
#5  0x00005555555552ba in meanSquaredError () at lreg.cpp:61
#6  0x00005555555556b1 in train (iterations=45000, alpha=2.2222199999999999e-05, N=4, stopsWhenStable=true) at lreg.cpp:121
#7  0x0000555555555a1c in execute (input=0x7fffffffe1f3 "/tmp/lreg/randInput") at lreg.cpp:157
#8  0x0000555555555c60 in main (argc=4, argv=0x7fffffffde48) at lreg.cpp:191

275	../sysdeps/ieee754/dbl-64/e_exp.c: No such file or directory.

Backtrace END
Fliping value of field name: i
Fliping array at pos: 1
Memory content before bitflip:0x000x000xf00x4f
Fault Model: Double bit-flip
base address to flip value: 0x7ffff779181c 
address max offset: 4
Memory content after  bitflip:0x000x000xfc0x4f
frame name: __exp1
symbol name: t256
symbol filename: ../sysdeps/ieee754/dbl-64/uexp.h
symbol line: 55
value: {i = {0, 1341915136}, x = 2.0263615616530334e+77}
value address: 0x7ffff7791818 <t256>
Type: The type is a union.
Type sizeof: 8
Field name: i
Field Type: The type is an array.
Field Type sizeof: 8
Field name: x
Field Type: A floating point type.
Field Type sizeof: 8

[INFO -- 2018-11-05 17:07:20]
Fault Injection Successful after 5.985339641571045s
[INFO -- 2018-11-05 17:07:37]
event type: exit
[INFO -- 2018-11-05 17:07:37]
exit code: 0
