[INFO -- 2018-10-10 16:28:30]
Starting flip_value script
version: 1.1
[INFO -- 2018-10-10 16:28:30]
Initialization strings:
[INFO -- 2018-10-10 16:28:30]
(1) file /tmp/lreg/lreg
[INFO -- 2018-10-10 16:28:30]
(2) set args /tmp/lreg/randInput /tmp/lreg/output
[INFO -- 2018-10-10 16:28:30]
initSignal:0
[INFO -- 2018-10-10 16:28:30]
endSignal:10
[INFO -- 2018-10-10 16:28:30]
faultModel:1
[INFO -- 2018-10-10 16:28:31]
Backtrace BEGIN:
#0  0x00007ffff76d5516 in __ieee754_pow_sse2 (x=0, y=1) at ../sysdeps/ieee754/dbl-64/e_pow.c:65
#1  0x00007ffff76b7b14 in __pow (x=0, y=1) at w_pow_compat.c:30
#2  0x00005555555560ba in std::pow<double, unsigned int> (__x=0, __y=1) at /usr/include/c++/7/cmath:418
#3  0x00005555555552c2 in predict (v=0) at lreg.cpp:77
#4  0x000055555555537b in meanSquaredError () at lreg.cpp:91
#5  0x0000555555555886 in train (iterations=60000, N=3, stopsWhenStable=true) at lreg.cpp:160
#6  0x0000555555555dba in main (argc=3, argv=0x7fffffffde68) at lreg.cpp:225

60	../sysdeps/ieee754/dbl-64/e_pow.c: No such file or directory.

Backtrace END
Memory content before bitflip:0x2d0x430x1c0xeb0xe20x360x0a0x3f
Fault Model: Double bit-flip
base address to flip value: 0x55555575a198 
address max offset: 8
Memory content after  bitflip:0xa90x430x1c0xeb0xe20x360x0a0x3f
frame name: train
symbol name: a1
symbol filename: lreg.cpp
symbol line: 45
value: 5.0000000000000843e-05
value address: 0x55555575a198 <a1>
Type: A floating point type.
Type sizeof: 8

[INFO -- 2018-10-10 16:28:31]
Fault Injection Successful after 1.3897459506988525s
[INFO -- 2018-10-10 16:28:42]
event type: exit
[INFO -- 2018-10-10 16:28:42]
exit code: 0
