[INFO -- 2018-11-24 17:48:28]
Starting flip_value script
version: 1.1
[INFO -- 2018-11-24 17:48:28]
Initialization strings:
[INFO -- 2018-11-24 17:48:28]
(1) file /tmp/lreg/lreg
[INFO -- 2018-11-24 17:48:28]
(2) set args /tmp/lreg/randInput /tmp/lreg/output /tmp/lreg/detected.log
[INFO -- 2018-11-24 17:48:28]
initSignal:0
[INFO -- 2018-11-24 17:48:28]
endSignal:6
[INFO -- 2018-11-24 17:48:28]
faultModel:1
[INFO -- 2018-11-24 17:48:29]
Backtrace BEGIN:
#0  0x0000555555555241 in predict (v=-1) at lreg.cpp:50
#1  0x00005555555553fc in partialDerivate (pos=2) at lreg.cpp:74
#2  0x0000555555555503 in adjust (alpha=2.2222199999999999e-05) at lreg.cpp:87
#3  0x00005555555556ac in train (iterations=30000, alpha=2.2222199999999999e-05, N=4, stopsWhenStable=true) at lreg.cpp:120
#4  0x0000555555555a1c in execute (input=0x7fffffffe1f2 "/tmp/lreg/randInput") at lreg.cpp:157
#5  0x0000555555555c78 in main (argc=4, argv=0x7fffffffde48) at lreg.cpp:193

45		Predicts the value related to v using the Ts variables
46	*/
47	double predict(double v){
48		double val = 0;
49		for(int i = 0; i<T.size(); i++){
50			val+= (T[i] * pow(v, i));
51		}
52		return val;
53		
54	}

Backtrace END
Memory content before bitflip:0x000x000x000x000x000x000xf00xbf
Fault Model: Double bit-flip
base address to flip value: 0x7fffffffd478
address max offset: 8
Memory content after  bitflip:0x000x000x000x000x000x820xf00xbf
frame name: predict
symbol name: v
symbol filename: lreg.cpp
symbol line: 47
value: -1.03173828125
value address: 0x7fffffffd478
Type: A floating point type.
Type sizeof: 8

[INFO -- 2018-11-24 17:48:29]
Fault Injection Successful after 1.9484665393829346s
[INFO -- 2018-11-24 17:48:32]
event type: exit
[INFO -- 2018-11-24 17:48:32]
exit code: 0
