[INFO -- 2018-11-15 12:39:22]
Starting flip_value script
version: 1.1
[INFO -- 2018-11-15 12:39:22]
Initialization strings:
[INFO -- 2018-11-15 12:39:22]
(1) file /tmp/lreg/lreg
[INFO -- 2018-11-15 12:39:22]
(2) set args /tmp/lreg/randInput /tmp/lreg/output
[INFO -- 2018-11-15 12:39:22]
initSignal:0
[INFO -- 2018-11-15 12:39:22]
endSignal:5
[INFO -- 2018-11-15 12:39:22]
faultModel:0
[INFO -- 2018-11-15 12:39:22]
Backtrace BEGIN:
#0  verifyDoubleDup (a=2.9872856960102108, b=2.9872856960102108) at lreg.cpp:77
#1  0x00005555555557ea in predict (v=-15) at lreg.cpp:116
#2  0x0000555555555928 in meanSquaredError () at lreg.cpp:128
#3  0x0000555555555ee5 in train (iter1=30000, iter2=30000, N=3, alpha1=5.0000000000000002e-05, alpha2=5.0000000000000002e-05, stopsWhenStable=true) at lreg.cpp:194
#4  0x0000555555556467 in main (argc=3, argv=0x7fffffffde58) at lreg.cpp:253

72			//gerar entrada no log
73			ofstream fp ("/tmp/lreg/detected.log", std::ofstream::app);
74			fp << "verifyDouble: a = "<<a<<"; b = "<<b<<endl;
75	        detected = 1;	
76		}	
77		return a;
78	}
79	
80	
81	void verifyChecksum(vector<double> vec){

Backtrace END
Fliping value of field: std::_Vector_base<double, std::allocator<double> >
Fliping value of field: _M_impl
Fliping value of field: _M_start
Fliping a bit of the value pointed by a pointer
Memory content before bitflip:0xc00xfb0xe90xeb0x310x5f0xef0xbf
Fault Model: Single bit-flip
base address to flip value: 0x555555772360
address max offset: 8
Memory content after  bitflip:0xc00xfb0xe90xeb0x110x5f0xef0xbf
frame name: train
symbol name: prevT
symbol filename: lreg.cpp
symbol line: 187
value: std::vector of length 3, capacity 3 = {-0.98035522534325281, 0.078282375720760911, 2.9873808668751334}
value address: 0x7fffffffd800
Type: The type is a structure.
Type sizeof: 24
Field name: std::_Vector_base<double, std::allocator<double> >
Field Type: The type is a structure.
Field Type sizeof: 24

[INFO -- 2018-11-15 12:39:22]
Fault Injection Successful after 0.9802043437957764s
[INFO -- 2018-11-15 12:39:24]
event type: exit
[INFO -- 2018-11-15 12:39:24]
exit code: 0
