[INFO -- 2018-10-13 17:27:42]
Starting flip_value script
version: 1.1
[INFO -- 2018-10-13 17:27:42]
Initialization strings:
[INFO -- 2018-10-13 17:27:42]
(1) file /tmp/lreg/lreg
[INFO -- 2018-10-13 17:27:42]
(2) set args /tmp/lreg/randInput /tmp/lreg/output
[INFO -- 2018-10-13 17:27:42]
initSignal:0
[INFO -- 2018-10-13 17:27:42]
endSignal:10
[INFO -- 2018-10-13 17:27:42]
faultModel:1
[INFO -- 2018-10-13 17:27:46]
Backtrace BEGIN:
#0  __ieee754_pow_sse2 (x=11, y=3) at ../sysdeps/ieee754/dbl-64/e_pow.c:112
#1  0x00007ffff76bcb14 in __pow (x=11, y=3) at w_pow_compat.c:30
#2  0x00005555555560ba in std::pow<double, unsigned int> (__x=11, __y=3) at /usr/include/c++/7/cmath:418
#3  0x00005555555552c2 in predict (v=11) at lreg.cpp:77
#4  0x00005555555553e9 in meanSquaredError () at lreg.cpp:91
#5  0x0000555555555886 in train (iterations=90000, N=4, stopsWhenStable=true) at lreg.cpp:160
#6  0x0000555555555dba in main (argc=3, argv=0x7fffffffde68) at lreg.cpp:225

107	../sysdeps/ieee754/dbl-64/e_pow.c: No such file or directory.

Backtrace END
Memory content before bitflip:0x000x000x000x000x000x000x260x40
Fault Model: Double bit-flip
base address to flip value: 0x7fffffffd700
address max offset: 8
Memory content after  bitflip:0x000x000x000x000x000x000x860x40
frame name: __pow
symbol name: x
symbol filename: w_pow_compat.c
symbol line: 28
value: 704
value address: 0x7fffffffd700
Type: A floating point type.
Type sizeof: 8

[INFO -- 2018-10-13 17:27:46]
Fault Injection Successful after 4.781790494918823s
[INFO -- 2018-10-13 17:27:51]
event type: exit
[INFO -- 2018-10-13 17:27:51]
exit code: 0
