[INFO -- 2018-09-15 19:10:27]
Starting flip_value script
version: 1.1
[INFO -- 2018-09-15 19:10:27]
Initialization strings:
[INFO -- 2018-09-15 19:10:27]
(1) file /tmp/lreg/lreg
[INFO -- 2018-09-15 19:10:27]
(2) set args /tmp/lreg/randInput /tmp/lreg/output
[INFO -- 2018-09-15 19:10:27]
initSignal:0
[INFO -- 2018-09-15 19:10:27]
endSignal:2
[INFO -- 2018-09-15 19:10:27]
faultModel:1
[INFO -- 2018-09-15 19:10:29]
Backtrace BEGIN:
#0  __exp1 (x=<optimized out>, xx=<optimized out>, error=<optimized out>) at ../sysdeps/ieee754/dbl-64/e_exp.c:280
#1  0x00007ffff76d58dc in __ieee754_pow_sse2 (x=27, y=3) at ../sysdeps/ieee754/dbl-64/e_pow.c:115
#2  0x00007ffff76b7b14 in __pow (x=27, y=3) at w_pow_compat.c:30
#3  0x0000555555555f39 in std::pow<double, int> (__x=27, __y=3) at /usr/include/c++/7/cmath:418
#4  0x0000555555555237 in predict (v=27) at lreg.cpp:50
#5  0x00005555555553fc in partialDerivate (pos=1) at lreg.cpp:74
#6  0x0000555555555503 in adjust (alpha=2.2222199999999999e-05) at lreg.cpp:87
#7  0x00005555555556ac in train (iterations=90000, alpha=2.2222199999999999e-05, N=4, stopsWhenStable=true) at lreg.cpp:120
#8  0x0000555555555c26 in main (argc=3, argv=0x7fffffffde68) at lreg.cpp:182

275	../sysdeps/ieee754/dbl-64/e_exp.c: No such file or directory.

Backtrace END
Memory content before bitflip:0x01
Fault Model: Double bit-flip
base address to flip value: 0x7fffffffd81c
address max offset: 1
Memory content after  bitflip:0x19
frame name: train
symbol name: stopsWhenStable
symbol filename: lreg.cpp
symbol line: 105
value: 25
value address: 0x7fffffffd81c
Type: A boolean type.
Type sizeof: 1

[INFO -- 2018-09-15 19:10:29]
Fault Injection Successful after 2.3984696865081787s
[INFO -- 2018-09-15 19:10:35]
event type: exit
[INFO -- 2018-09-15 19:10:35]
exit code: 0
