[INFO -- 2018-10-04 18:06:07]
Starting flip_value script
version: 1.1
[INFO -- 2018-10-04 18:06:07]
Initialization strings:
[INFO -- 2018-10-04 18:06:07]
(1) file /tmp/lreg/lreg
[INFO -- 2018-10-04 18:06:07]
(2) set args /tmp/lreg/randInput /tmp/lreg/output
[INFO -- 2018-10-04 18:06:07]
initSignal:0
[INFO -- 2018-10-04 18:06:07]
endSignal:10
[INFO -- 2018-10-04 18:06:07]
faultModel:0
[INFO -- 2018-10-04 18:06:12]
Backtrace BEGIN:
#0  0x0000555555557543 in std::allocator_traits<std::allocator<double> >::allocate (__a=..., __n=140737488345031) at /usr/include/c++/7/bits/alloc_traits.h:435
#1  0x000055555555703a in std::_Vector_base<double, std::allocator<double> >::_M_allocate (this=0x7fffffffd8a0, __n=4) at /usr/include/c++/7/bits/stl_vector.h:172
#2  0x0000555555556d5b in std::_Vector_base<double, std::allocator<double> >::_M_create_storage (this=0x7fffffffd8a0, __n=4) at /usr/include/c++/7/bits/stl_vector.h:187
#3  0x000055555555644b in std::_Vector_base<double, std::allocator<double> >::_Vector_base (this=0x7fffffffd8a0, __n=4, __a=...) at /usr/include/c++/7/bits/stl_vector.h:138
#4  0x0000555555555f1d in std::vector<double, std::allocator<double> >::vector (this=0x7fffffffd8a0, __x=std::vector of length 4, capacity 4 = {...}) at /usr/include/c++/7/bits/stl_vector.h:328
#5  0x00005555555556c3 in train (iterations=90000, alpha=2.2222199999999999e-05, N=4, stopsWhenStable=true) at lreg.cpp:126
#6  0x0000555555555ab7 in main (argc=3, argv=0x7fffffffde58) at lreg.cpp:174

430	       *  @param  __n  The number of objects to allocate space for.
431	       *
432	       *  Calls @c a.allocate(n)
433	      */
434	      static pointer
435	      allocate(allocator_type& __a, size_type __n)
436	      { return __a.allocate(__n); }
437	
438	      /**
439	       *  @brief  Allocate memory.

Backtrace END
Memory content before bitflip:0x460x5a0xb70xf40x390x4d0xf70x3e
Fault Model: Single bit-flip
base address to flip value: 0x7fffffffd940
address max offset: 8
Memory content after  bitflip:0x460x5a0xb30xf40x390x4d0xf70x3e
frame name: main
symbol name: alpha
symbol filename: lreg.cpp
symbol line: 160
value: 2.222219999911182e-05
value address: 0x7fffffffd940
Type: A floating point type.
Type sizeof: 8

[INFO -- 2018-10-04 18:06:12]
Fault Injection Successful after 5.140502214431763s
[INFO -- 2018-10-04 18:06:16]
event type: exit
[INFO -- 2018-10-04 18:06:16]
exit code: 0
