[INFO -- 2018-11-05 18:06:47]
Starting flip_value script
version: 1.1
[INFO -- 2018-11-05 18:06:47]
Initialization strings:
[INFO -- 2018-11-05 18:06:47]
(1) file /tmp/lreg/lreg
[INFO -- 2018-11-05 18:06:47]
(2) set args /tmp/lreg/randInput /tmp/lreg/output /tmp/lreg/detected.log
[INFO -- 2018-11-05 18:06:47]
initSignal:0
[INFO -- 2018-11-05 18:06:47]
endSignal:10
[INFO -- 2018-11-05 18:06:47]
faultModel:2
[EXCEPTION -- 2018-11-05 18:06:50]
pythonException: Unable to exit loop in struct fields; Exiting wihtout making a bit flip
[INFO -- 2018-11-05 18:06:50]
Backtrace BEGIN:
#0  0x00005555555575e5 in std::_Destroy<__gnu_cxx::__normal_iterator<double*, std::vector<double, std::allocator<double> > > > (__first=1.6304166312761136e-322, __last=6.9533558072942989e-310) at /usr/include/c++/7/bits/stl_construct.h:127
#1  0x0000555555556d97 in std::_Destroy<__gnu_cxx::__normal_iterator<double*, std::vector<double, std::allocator<double> > >, double> (__first=1.6304166312761136e-322, __last=1.6304166312761136e-322) at /usr/include/c++/7/bits/stl_construct.h:206
#2  0x000055555555662d in std::vector<double, std::allocator<double> >::operator= (this=0x7fffffffd590, __x=std::vector of length 3, capacity 3 = {...}) at /usr/include/c++/7/bits/vector.tcc:218
#3  0x0000555555555691 in train (iterations=30000, alpha=5.0000000000000002e-05, N=3, stopsWhenStable=true) at lreg.cpp:119
#4  0x0000555555555a1c in execute (input=0x7fffffffe1f3 "/tmp/lreg/randInput") at lreg.cpp:157
#5  0x0000555555555c60 in main (argc=4, argv=0x7fffffffde48) at lreg.cpp:191

122	   * a trivial destructor, the compiler should optimize all of this
123	   * away, otherwise the objects' destructors must be invoked.
124	   */
125	  template<typename _ForwardIterator>
126	    inline void
127	    _Destroy(_ForwardIterator __first, _ForwardIterator __last)
128	    {
129	      typedef typename iterator_traits<_ForwardIterator>::value_type
130	                       _Value_type;
131	#if __cplusplus >= 201103L

Backtrace END
Fliping value of field: std::_Vector_base<double, std::allocator<double> >
Fliping value of field: _M_impl
Fliping value of field: _M_end_of_storage
Fliping a bit of the value pointed by a pointer
Memory content before bitflip:0x000x000x000x000x000x000x000x00
Fault Model: Random bit-flip
base address to flip value: 0x555555772750
address max offset: 8
Memory content after  bitflip:0x400x060xeb0x290x6a0x040x100x11
frame name: std::vector<double, std::allocator<double> >::operator=
symbol name: y
symbol filename: lreg.cpp
symbol line: 33
value: std::vector of length 20, capacity 32 = {-7, -5, 17, -31, 17, 23, -23, 1, 1198, 430, 586, 106, 1726, 430, 10, 766, 46, 1726, 25, 106}
value address: 0x55555575b160 <y>
Type: The type is a structure.
Type sizeof: 24
Field name: std::_Vector_base<double, std::allocator<double> >
Field Type: The type is a structure.
Field Type sizeof: 24

[INFO -- 2018-11-05 18:06:50]
Fault Injection Successful after 3.9408180713653564s
[INFO -- 2018-11-05 18:07:09]
event type: exit
[INFO -- 2018-11-05 18:07:09]
exit code: 0
