[INFO -- 2018-11-25 21:07:39]
Starting flip_value script
version: 1.1
[INFO -- 2018-11-25 21:07:39]
Initialization strings:
[INFO -- 2018-11-25 21:07:39]
(1) file /tmp/lreg/lreg
[INFO -- 2018-11-25 21:07:39]
(2) set args /tmp/lreg/randInput /tmp/lreg/output /tmp/lreg/detected.log
[INFO -- 2018-11-25 21:07:39]
initSignal:0
[INFO -- 2018-11-25 21:07:39]
endSignal:6
[INFO -- 2018-11-25 21:07:39]
faultModel:0
[INFO -- 2018-11-25 21:07:40]
Backtrace BEGIN:
#0  0x00007ffff76dabc0 in __ieee754_pow_sse2 (x=<optimized out>, y=2) at ../sysdeps/ieee754/dbl-64/e_pow.c:82
#1  0x00007ffff76bcb14 in __pow (x=-1, y=2) at w_pow_compat.c:30
#2  0x000055555555621b in std::pow<double, int> (__x=-1, __y=2) at /usr/include/c++/7/cmath:418
#3  0x0000555555555237 in predict (v=-1) at lreg.cpp:50
#4  0x00005555555552ba in meanSquaredError () at lreg.cpp:61
#5  0x00005555555556b1 in train (iterations=20000, alpha=5.0000000000000002e-05, N=3, stopsWhenStable=true) at lreg.cpp:121
#6  0x0000555555555a1c in execute (input=0x7fffffffe1f1 "/tmp/lreg/randInput") at lreg.cpp:157
#7  0x0000555555555c78 in main (argc=4, argv=0x7fffffffde48) at lreg.cpp:193

77	../sysdeps/ieee754/dbl-64/e_pow.c: No such file or directory.

Backtrace END
Memory content before bitflip:0xa20x160x1d0x280xb60x330xf90x3f
Fault Model: Single bit-flip
base address to flip value: 0x7fffffffd4e8
address max offset: 8
Memory content after  bitflip:0xa20x160x5d0x280xb60x330xf90x3f
frame name: predict
symbol name: val
symbol filename: lreg.cpp
symbol line: 48
value: 1.5751248909668125
value address: 0x7fffffffd4e8
Type: A floating point type.
Type sizeof: 8

[INFO -- 2018-11-25 21:07:40]
Fault Injection Successful after 1.1490797996520996s
[INFO -- 2018-11-25 21:07:41]
event type: exit
[INFO -- 2018-11-25 21:07:41]
exit code: 0
