[INFO -- 2018-10-01 14:53:23]
Starting flip_value script
version: 1.1
[INFO -- 2018-10-01 14:53:23]
Initialization strings:
[INFO -- 2018-10-01 14:53:23]
(1) file /tmp/lreg/lreg
[INFO -- 2018-10-01 14:53:23]
(2) set args /tmp/lreg/randInput /tmp/lreg/output
[INFO -- 2018-10-01 14:53:23]
initSignal:0
[INFO -- 2018-10-01 14:53:23]
endSignal:10
[INFO -- 2018-10-01 14:53:23]
faultModel:1
[INFO -- 2018-10-01 14:53:24]
Backtrace BEGIN:
#0  0x00007ffff76b7b0f in __pow (x=-6, y=0) at w_pow_compat.c:30
#1  0x0000555555555d47 in std::pow<double, int> (__x=-6, __y=0) at /usr/include/c++/7/cmath:418
#2  0x0000555555555401 in partialDerivate (pos=0) at lreg.cpp:74
#3  0x00005555555554b3 in adjust (alpha=5.0000000000000002e-05) at lreg.cpp:87
#4  0x000055555555565c in train (iterations=60000, alpha=5.0000000000000002e-05, N=3, stopsWhenStable=true) at lreg.cpp:120
#5  0x0000555555555ab7 in main (argc=3, argv=0x7fffffffde58) at lreg.cpp:174

25	w_pow_compat.c: No such file or directory.

Backtrace END
Memory content before bitflip:0x010x000x000x00
Fault Model: Double bit-flip
base address to flip value: 0x7fffffffd930
address max offset: 4
Memory content after  bitflip:0xc10x000x000x00
frame name: main
symbol name: i
symbol filename: lreg.cpp
symbol line: 159
value: 193
value address: 0x7fffffffd930
Type: The type is an integer type.
Type sizeof: 4

[INFO -- 2018-10-01 14:53:24]
Fault Injection Successful after 1.4049866199493408s
[INFO -- 2018-10-01 14:53:24]
event type: exit
[INFO -- 2018-10-01 14:53:24]
exit code: 0
