[INFO -- 2018-11-14 16:39:45]
Starting flip_value script
version: 1.1
[INFO -- 2018-11-14 16:39:45]
Initialization strings:
[INFO -- 2018-11-14 16:39:45]
(1) file /tmp/lreg/lreg
[INFO -- 2018-11-14 16:39:45]
(2) set args /tmp/lreg/randInput /tmp/lreg/output
[INFO -- 2018-11-14 16:39:45]
initSignal:0
[INFO -- 2018-11-14 16:39:45]
endSignal:5
[INFO -- 2018-11-14 16:39:45]
faultModel:1
[INFO -- 2018-11-14 16:39:49]
Backtrace BEGIN:
#0  __ieee754_pow_sse2 (x=24, y=3) at ../sysdeps/ieee754/dbl-64/e_pow.c:108
#1  0x00007ffff76bcb14 in __pow (x=24, y=3) at w_pow_compat.c:30
#2  0x0000555555556826 in std::pow<double, unsigned int> (__x=24, __y=3) at /usr/include/c++/7/cmath:418
#3  0x0000555555555814 in predict (v=24) at lreg.cpp:116
#4  0x00005555555558c0 in meanSquaredError () at lreg.cpp:128
#5  0x0000555555555ee5 in train (iter1=45000, iter2=45000, N=4, alpha1=2.2222199999999999e-05, alpha2=2.2222199999999999e-05, stopsWhenStable=true) at lreg.cpp:194
#6  0x0000555555556467 in main (argc=3, argv=0x7fffffffde68) at lreg.cpp:253

103	../sysdeps/ieee754/dbl-64/e_pow.c: No such file or directory.

Backtrace END
Fliping value of field: std::_Vector_base<double, std::allocator<double> >
Fliping value of field: _M_impl
Fliping value of field: _M_finish
Fliping a bit of the pointer
Memory content before bitflip:0xa80x270x770x550x550x550x000x00
Fault Model: Double bit-flip
base address to flip value: 0x55555575b168 
address max offset: 8
Memory content after  bitflip:0xe00x270x770x550x550x550x000x00
frame name: meanSquaredError
symbol name: y
symbol filename: lreg.cpp
symbol line: 35
value: std::vector of length 24, capacity 32 = {-123163, -20893, 1832, 60125, 35385, 12675, 40766, 1832, -50899, -111750, 4895, -57720, 67730, -1603, -159, -81783, -222730, 0, 0, 0, 0, 0, 0, 0}
value address: 0x55555575b160 <y>
Type: The type is a structure.
Type sizeof: 24
Field name: std::_Vector_base<double, std::allocator<double> >
Field Type: The type is a structure.
Field Type sizeof: 24

[INFO -- 2018-11-14 16:39:49]
Fault Injection Successful after 4.127366542816162s
[INFO -- 2018-11-14 16:39:53]
event type: exit
[INFO -- 2018-11-14 16:39:53]
exit code: 0
