[INFO -- 2018-11-26 15:21:02]
Starting flip_value script
version: 1.1
[INFO -- 2018-11-26 15:21:02]
Initialization strings:
[INFO -- 2018-11-26 15:21:02]
(1) file /tmp/lreg/lreg
[INFO -- 2018-11-26 15:21:02]
(2) set args /tmp/lreg/randInput /tmp/lreg/output
[INFO -- 2018-11-26 15:21:02]
initSignal:0
[INFO -- 2018-11-26 15:21:02]
endSignal:3
[INFO -- 2018-11-26 15:21:02]
faultModel:1
[EXCEPTION -- 2018-11-26 15:21:04]
pythonException: empty range for randrange() (0,0, 0)
[EXCEPTION -- 2018-11-26 15:21:04]
pythonException: Unable to exit loop in struct fields; Exiting wihtout making a bit flip
[EXCEPTION -- 2018-11-26 15:21:04]
pythonException: Unable to exit loop in struct fields; Exiting wihtout making a bit flip
[INFO -- 2018-11-26 15:21:05]
event type: exit
[EXCEPTION -- 2018-11-26 15:21:05]
exit code: no exit code available
