[INFO -- 2018-11-02 00:56:02]
Starting flip_value script
version: 1.1
[INFO -- 2018-11-02 00:56:02]
Initialization strings:
[INFO -- 2018-11-02 00:56:02]
(1) file /tmp/lreg/lreg
[INFO -- 2018-11-02 00:56:02]
(2) set args /tmp/lreg/randInput /tmp/lreg/output /tmp/lreg/detected.log
[INFO -- 2018-11-02 00:56:02]
initSignal:0
[INFO -- 2018-11-02 00:56:02]
endSignal:10
[INFO -- 2018-11-02 00:56:02]
faultModel:2
[INFO -- 2018-11-02 00:56:06]
Backtrace BEGIN:
#0  0x00005555555560ea in std::vector<double, std::allocator<double> >::operator[] (this=0x55555575b160 <y>, __n=13) at /usr/include/c++/7/bits/stl_vector.h:795
#1  0x00005555555552f9 in meanSquaredError () at lreg.cpp:61
#2  0x00005555555556b1 in train (iterations=45000, alpha=2.2222199999999999e-05, N=4, stopsWhenStable=true) at lreg.cpp:121
#3  0x0000555555555a1c in execute (input=0x7fffffffe1f3 "/tmp/lreg/randInput") at lreg.cpp:157
#4  0x0000555555555c60 in main (argc=4, argv=0x7fffffffde48) at lreg.cpp:191

790	       *  Note that data access with this operator is unchecked and
791	       *  out_of_range lookups are not defined. (For checked lookups
792	       *  see at().)
793	       */
794	      reference
795	      operator[](size_type __n) _GLIBCXX_NOEXCEPT
796	      {
797		__glibcxx_requires_subscript(__n);
798		return *(this->_M_impl._M_start + __n);
799	      }

Backtrace END
Memory content before bitflip:0x000x690xb80xd90x7a0x9b0x9a0x41
Fault Model: Random bit-flip
base address to flip value: 0x7fffffffd528
address max offset: 8
Memory content after  bitflip:0xdd0x770x8a0xec0x890xbf0x5f0x19
frame name: meanSquaredError
symbol name: error
symbol filename: lreg.cpp
symbol line: 59
value: 1.8241551821640835e-186
value address: 0x7fffffffd528
Type: A floating point type.
Type sizeof: 8

[INFO -- 2018-11-02 00:56:06]
Fault Injection Successful after 4.466259241104126s
[INFO -- 2018-11-02 00:56:15]
event type: exit
[INFO -- 2018-11-02 00:56:15]
exit code: 0
