[INFO -- 2018-09-15 12:40:21]
Starting flip_value script
version: 1.1
[INFO -- 2018-09-15 12:40:21]
Initialization strings:
[INFO -- 2018-09-15 12:40:21]
(1) file /tmp/lreg/lreg
[INFO -- 2018-09-15 12:40:21]
(2) set args /tmp/lreg/randInput /tmp/lreg/output
[INFO -- 2018-09-15 12:40:21]
initSignal:0
[INFO -- 2018-09-15 12:40:21]
endSignal:2
[INFO -- 2018-09-15 12:40:21]
faultModel:0
[INFO -- 2018-09-15 12:40:22]
Backtrace BEGIN:
#0  __ieee754_pow_sse2 (x=-13, y=0) at ../sysdeps/ieee754/dbl-64/e_pow.c:76
#1  0x00007ffff76b7b14 in __pow (x=-13, y=0) at w_pow_compat.c:30
#2  0x0000555555555f39 in std::pow<double, int> (__x=-13, __y=0) at /usr/include/c++/7/cmath:418
#3  0x0000555555555237 in predict (v=-13) at lreg.cpp:50
#4  0x00005555555553fc in partialDerivate (pos=2) at lreg.cpp:74
#5  0x0000555555555503 in adjust (alpha=5.0000000000000002e-05) at lreg.cpp:87
#6  0x00005555555556ac in train (iterations=60000, alpha=5.0000000000000002e-05, N=3, stopsWhenStable=true) at lreg.cpp:120
#7  0x0000555555555c26 in main (argc=3, argv=0x7fffffffde68) at lreg.cpp:182

71	../sysdeps/ieee754/dbl-64/e_pow.c: No such file or directory.

Backtrace END
Fliping value of field name: x
Memory content before bitflip:0x000x380xfa0xfe0x420x2e0xe60x3f
Fault Model: Single bit-flip
base address to flip value: 0x7ffff779a5c8 
address max offset: 8
Memory content after  bitflip:0x000x380xfa0xfa0x420x2e0xe60x3f
frame name: __ieee754_pow_sse2
symbol name: ln2a
symbol filename: ../sysdeps/ieee754/dbl-64/upow.h
symbol line: 50
value: {i = {-84264960, 1072049730}, x = 0.69314717310930973}
value address: 0x7ffff779a5c8 <ln2a>
Type: The type is a union.
Type sizeof: 8
Field name: i
Field Type: The type is an array.
Field Type sizeof: 8
Field name: x
Field Type: A floating point type.
Field Type sizeof: 8

[INFO -- 2018-09-15 12:40:22]
Fault Injection Successful after 1.6210293769836426s
[INFO -- 2018-09-15 12:40:28]
event type: exit
[INFO -- 2018-09-15 12:40:28]
exit code: 0
