[INFO -- 2018-09-05 18:43:16]
Starting flip_value script
version: 1.1
[INFO -- 2018-09-05 18:43:16]
Initialization strings:
[INFO -- 2018-09-05 18:43:16]
(1) file /tmp/lreg/lreg
[INFO -- 2018-09-05 18:43:16]
(2) set args /tmp/lreg/randInput /tmp/lreg/output
[INFO -- 2018-09-05 18:43:16]
initSignal:0
[INFO -- 2018-09-05 18:43:16]
endSignal:2
[INFO -- 2018-09-05 18:43:16]
faultModel:2
[INFO -- 2018-09-05 18:43:18]
Backtrace BEGIN:
#0  0x00007ffff76d59e4 in __ieee754_pow_sse2 (x=-11, y=3) at ../sysdeps/ieee754/dbl-64/e_pow.c:128
#1  0x00007ffff76b7b14 in __pow (x=-11, y=3) at w_pow_compat.c:30
#2  0x0000555555555f39 in std::pow<double, int> (__x=-11, __y=3) at /usr/include/c++/7/cmath:418
#3  0x0000555555555237 in predict (v=-11) at lreg.cpp:50
#4  0x00005555555553fc in partialDerivate (pos=2) at lreg.cpp:74
#5  0x0000555555555503 in adjust (alpha=2.2222199999999999e-05) at lreg.cpp:87
#6  0x00005555555556ac in train (iterations=90000, alpha=2.2222199999999999e-05, N=4, stopsWhenStable=true) at lreg.cpp:120
#7  0x0000555555555c26 in main (argc=3, argv=0x7fffffffde78) at lreg.cpp:182

123	../sysdeps/ieee754/dbl-64/e_pow.c: No such file or directory.

Backtrace END
Memory content before bitflip:0x040x000x000x00
Fault Model: Random bit-flip
base address to flip value: 0x7fffffffd944
address max offset: 4
Memory content after  bitflip:0x6b0x250xdf0xa3
frame name: main
symbol name: N
symbol filename: lreg.cpp
symbol line: 169
value: -1545656981
value address: 0x7fffffffd944
Type: The type is an integer type.
Type sizeof: 4

[INFO -- 2018-09-05 18:43:18]
Fault Injection Successful after 2.791907787322998s
[INFO -- 2018-09-05 18:43:23]
event type: exit
[INFO -- 2018-09-05 18:43:23]
exit code: 0
