[INFO -- 2018-10-11 17:28:22]
Starting flip_value script
version: 1.1
[INFO -- 2018-10-11 17:28:22]
Initialization strings:
[INFO -- 2018-10-11 17:28:22]
(1) file /tmp/lreg/lreg
[INFO -- 2018-10-11 17:28:22]
(2) set args /tmp/lreg/randInput /tmp/lreg/output
[INFO -- 2018-10-11 17:28:22]
initSignal:0
[INFO -- 2018-10-11 17:28:22]
endSignal:10
[INFO -- 2018-10-11 17:28:22]
faultModel:2
[INFO -- 2018-10-11 17:28:31]
Backtrace BEGIN:
#0  0x00005555555560ac in std::pow<double, unsigned int> (__x=-15, __y=2) at /usr/include/c++/7/cmath:418
#1  0x0000555555555590 in partialDerivate (pos=2) at lreg.cpp:107
#2  0x0000555555555670 in adjust () at lreg.cpp:123
#3  0x0000555555555881 in train (iterations=90000, N=4, stopsWhenStable=true) at lreg.cpp:159
#4  0x0000555555555dba in main (argc=3, argv=0x7fffffffde68) at lreg.cpp:225

413	    inline _GLIBCXX_CONSTEXPR
414	    typename __gnu_cxx::__promote_2<_Tp, _Up>::__type
415	    pow(_Tp __x, _Up __y)
416	    {
417	      typedef typename __gnu_cxx::__promote_2<_Tp, _Up>::__type __type;
418	      return pow(__type(__x), __type(__y));
419	    }
420	
421	  using ::sin;
422	

Backtrace END
Memory content before bitflip:0x020x000x000x00
Fault Model: Random bit-flip
base address to flip value: 0x7fffffffd7d0
address max offset: 4
Memory content after  bitflip:0xd40x030x860xc2
frame name: adjust
symbol name: i2
symbol filename: lreg.cpp
symbol line: 119
value: 3263562708
value address: 0x7fffffffd7d0
Type: The type is an integer type.
Type sizeof: 4

[INFO -- 2018-10-11 17:28:31]
Fault Injection Successful after 9.294463157653809s
[INFO -- 2018-10-11 17:28:32]
event type: exit
[INFO -- 2018-10-11 17:28:32]
exit code: 0
