[INFO -- 2018-11-23 19:44:04]
sending 5 signals using command: 'killall -2 lreg' after 2.65472004187s
[INFO -- 2018-11-23 19:44:04]
sending 5 signals using command: 'killall -2 lreg' after 2.68297174939s
[INFO -- 2018-11-23 19:44:04]
sending 5 signals using command: 'killall -2 lreg' after 2.93265449461s
[INFO -- 2018-11-23 19:44:04]
Starting GDB script
[INFO -- 2018-11-23 19:44:04]
initSignal:0.0
[INFO -- 2018-11-23 19:44:04]
endSignal:3.0
[INFO -- 2018-11-23 19:44:04]
sending 5 signals using command: 'killall -2 lreg' after 0.390302959986s
[INFO -- 2018-11-23 19:44:05]
sending 5 signals using command: 'killall -2 lreg' after 1.20306413655s
[INFO -- 2018-11-23 19:44:05]
sending 5 signals using command: 'killall -2 lreg' after 1.43567006015s
[INFO -- 2018-11-23 19:44:06]
Execution finished before waitTime
