[INFO -- 2018-10-06 14:52:19]
Starting flip_value script
version: 1.1
[INFO -- 2018-10-06 14:52:19]
Initialization strings:
[INFO -- 2018-10-06 14:52:19]
(1) file /tmp/lreg/lreg
[INFO -- 2018-10-06 14:52:19]
(2) set args /tmp/lreg/randInput /tmp/lreg/output
[INFO -- 2018-10-06 14:52:19]
initSignal:0
[INFO -- 2018-10-06 14:52:19]
endSignal:10
[INFO -- 2018-10-06 14:52:19]
faultModel:2
[INFO -- 2018-10-06 14:52:22]
Backtrace BEGIN:
#0  0x00007ffff76d55c6 in __ieee754_pow_sse2 (x=-9, y=3) at ../sysdeps/ieee754/dbl-64/e_pow.c:81
#1  0x00007ffff76b7b14 in __pow (x=-9, y=3) at w_pow_compat.c:30
#2  0x00005555555560ba in std::pow<double, unsigned int> (__x=-9, __y=3) at /usr/include/c++/7/cmath:418
#3  0x00005555555552c2 in predict (v=-9) at lreg.cpp:77
#4  0x000055555555551d in partialDerivate (pos=2) at lreg.cpp:107
#5  0x0000555555555670 in adjust () at lreg.cpp:123
#6  0x0000555555555881 in train (iterations=90000, N=4, stopsWhenStable=true) at lreg.cpp:159
#7  0x0000555555555dba in main (argc=3, argv=0x7fffffffde68) at lreg.cpp:225

76	../sysdeps/ieee754/dbl-64/e_pow.c: No such file or directory.

Backtrace END
Memory content before bitflip:0x030x000x000x00
Fault Model: Random bit-flip
base address to flip value: 0x7fffffffd720
address max offset: 4
Memory content after  bitflip:0xa00xf40x440x71
frame name: predict
symbol name: i2
symbol filename: lreg.cpp
symbol line: 73
value: 1900344480
value address: 0x7fffffffd720
Type: The type is an integer type.
Type sizeof: 4

[INFO -- 2018-10-06 14:52:22]
Fault Injection Successful after 3.3533377647399902s
[INFO -- 2018-10-06 14:52:29]
event type: exit
[INFO -- 2018-10-06 14:52:29]
exit code: 0
