[INFO -- 2018-10-13 16:39:35]
Starting flip_value script
version: 1.1
[INFO -- 2018-10-13 16:39:35]
Initialization strings:
[INFO -- 2018-10-13 16:39:35]
(1) file /tmp/lreg/lreg
[INFO -- 2018-10-13 16:39:35]
(2) set args /tmp/lreg/randInput /tmp/lreg/output
[INFO -- 2018-10-13 16:39:35]
initSignal:0
[INFO -- 2018-10-13 16:39:35]
endSignal:10
[INFO -- 2018-10-13 16:39:35]
faultModel:0
[EXCEPTION -- 2018-10-13 16:39:38]
gdbException: Cannot access memory at address 0x555557771760
[EXCEPTION -- 2018-10-13 16:39:38]
pythonException: empty range for randrange() (0,0, 0)
[EXCEPTION -- 2018-10-13 16:39:38]
gdbException: Cannot access memory at address 0x555557771760
[INFO -- 2018-10-13 16:39:38]
event type: exit
[EXCEPTION -- 2018-10-13 16:39:38]
exit code: no exit code available
