[INFO -- 2018-10-10 15:01:08]
Starting flip_value script
version: 1.1
[INFO -- 2018-10-10 15:01:08]
Initialization strings:
[INFO -- 2018-10-10 15:01:08]
(1) file /tmp/lreg/lreg
[INFO -- 2018-10-10 15:01:08]
(2) set args /tmp/lreg/randInput /tmp/lreg/output
[INFO -- 2018-10-10 15:01:08]
initSignal:0
[INFO -- 2018-10-10 15:01:08]
endSignal:10
[INFO -- 2018-10-10 15:01:08]
faultModel:1
[EXCEPTION -- 2018-10-10 15:01:10]
pythonException: Unable to exit loop in struct fields; Exiting wihtout making a bit flip
[INFO -- 2018-10-10 15:01:10]
Backtrace BEGIN:
#0  __ieee754_pow_sse2 (x=0, y=0) at ../sysdeps/ieee754/dbl-64/e_pow.c:85
#1  0x00007ffff76b7b14 in __pow (x=0, y=0) at w_pow_compat.c:30
#2  0x00005555555560ba in std::pow<double, unsigned int> (__x=0, __y=0) at /usr/include/c++/7/cmath:418
#3  0x00005555555552c2 in predict (v=0) at lreg.cpp:77
#4  0x000055555555537b in meanSquaredError () at lreg.cpp:91
#5  0x0000555555555886 in train (iterations=60000, N=3, stopsWhenStable=true) at lreg.cpp:160
#6  0x0000555555555dba in main (argc=3, argv=0x7fffffffde68) at lreg.cpp:225

80	in ../sysdeps/ieee754/dbl-64/e_pow.c

Backtrace END
Fliping a bit of the value pointed by a pointer
Fliping a bit of the pointer
Memory content before bitflip:0x040xe20xff0xff0xff0x7f0x000x00
Fault Model: Double bit-flip
base address to flip value: 0x7fffffffde68
address max offset: 8
Memory content after  bitflip:0x340xe20xff0xff0xff0x7f0x000x00
frame name: main
symbol name: argv
symbol filename: lreg.cpp
symbol line: 183
value: 0x7fffffffde68
value address: 0x7fffffffd8f0
Type: The type is a pointer.
Type sizeof: 8

[INFO -- 2018-10-10 15:01:10]
Fault Injection Successful after 2.255237102508545s
[INFO -- 2018-10-10 15:01:20]
event type: exit
[INFO -- 2018-10-10 15:01:20]
exit code: 0
