[INFO -- 2018-11-07 18:04:05]
Starting flip_value script
version: 1.1
[INFO -- 2018-11-07 18:04:05]
Initialization strings:
[INFO -- 2018-11-07 18:04:05]
(1) file /tmp/lreg/lreg
[INFO -- 2018-11-07 18:04:05]
(2) set args /tmp/lreg/randInput /tmp/lreg/output /tmp/lreg/detected.log
[INFO -- 2018-11-07 18:04:05]
initSignal:0
[INFO -- 2018-11-07 18:04:05]
endSignal:10
[INFO -- 2018-11-07 18:04:05]
faultModel:1
[INFO -- 2018-11-07 18:04:07]
Backtrace BEGIN:
#0  0x00007ffff76da518 in __ieee754_pow_sse2 (x=8, y=0) at ../sysdeps/ieee754/dbl-64/e_pow.c:65
#1  0x00007ffff76bcb14 in __pow (x=8, y=0) at w_pow_compat.c:30
#2  0x0000555555556131 in std::pow<double, int> (__x=8, __y=0) at /usr/include/c++/7/cmath:418
#3  0x0000555555555237 in predict (v=8) at lreg.cpp:50
#4  0x00005555555553fc in partialDerivate (pos=0) at lreg.cpp:74
#5  0x0000555555555503 in adjust (alpha=5.0000000000000002e-05) at lreg.cpp:87
#6  0x00005555555556ac in train (iterations=30000, alpha=5.0000000000000002e-05, N=3, stopsWhenStable=true) at lreg.cpp:120
#7  0x0000555555555a1c in execute (input=0x7fffffffe1f2 "/tmp/lreg/randInput") at lreg.cpp:157
#8  0x0000555555555c60 in main (argc=4, argv=0x7fffffffde48) at lreg.cpp:191

60	../sysdeps/ieee754/dbl-64/e_pow.c: No such file or directory.

Backtrace END
Memory content before bitflip:0x000x000x000x000x000x000x000x00
Fault Model: Double bit-flip
base address to flip value: 0x7fffffffd418
address max offset: 8
Memory content after  bitflip:0x000x000x000x410x000x000x000x00
frame name: __pow
symbol name: y
symbol filename: w_pow_compat.c
symbol line: 28
value: 5.3878799379977617e-315
value address: 0x7fffffffd418
Type: A floating point type.
Type sizeof: 8

[INFO -- 2018-11-07 18:04:07]
Fault Injection Successful after 2.47985577583313s
[INFO -- 2018-11-07 18:04:17]
event type: exit
[INFO -- 2018-11-07 18:04:17]
exit code: 0
