[INFO -- 2018-09-15 20:49:25]
Starting flip_value script
version: 1.1
[INFO -- 2018-09-15 20:49:25]
Initialization strings:
[INFO -- 2018-09-15 20:49:25]
(1) file /tmp/lreg/lreg
[INFO -- 2018-09-15 20:49:25]
(2) set args /tmp/lreg/randInput /tmp/lreg/output
[INFO -- 2018-09-15 20:49:25]
initSignal:0
[INFO -- 2018-09-15 20:49:25]
endSignal:2
[INFO -- 2018-09-15 20:49:25]
faultModel:2
[INFO -- 2018-09-15 20:49:26]
Backtrace BEGIN:
#0  0x00007ffff76d5518 in __ieee754_pow_sse2 (x=-23, y=1) at ../sysdeps/ieee754/dbl-64/e_pow.c:65
#1  0x00007ffff76b7b14 in __pow (x=-23, y=1) at w_pow_compat.c:30
#2  0x0000555555555f39 in std::pow<double, int> (__x=-23, __y=1) at /usr/include/c++/7/cmath:418
#3  0x0000555555555237 in predict (v=-23) at lreg.cpp:50
#4  0x000055555555530a in meanSquaredError () at lreg.cpp:61
#5  0x00005555555556b1 in train (iterations=60000, alpha=5.0000000000000002e-05, N=3, stopsWhenStable=true) at lreg.cpp:121
#6  0x0000555555555c26 in main (argc=3, argv=0x7fffffffde68) at lreg.cpp:182

60	../sysdeps/ieee754/dbl-64/e_pow.c: No such file or directory.

Backtrace END
Fliping value of field: std::_Vector_base<double, std::allocator<double> >
Fliping value of field: _M_impl
Fliping value of field: _M_start
Fliping a bit of the value pointed by a pointer
Memory content before bitflip:0x000x000x000x000x000x000x140xc0
Fault Model: Random bit-flip
base address to flip value: 0x555555771540
address max offset: 8
Memory content after  bitflip:0xb50xd20x070x320x110xd50xe30x2d
frame name: predict
symbol name: x
symbol filename: lreg.cpp
symbol line: 32
value: std::vector of length 20, capacity 32 = {1.246189863271732e-87, 9, -6, -6, 9, -8, 13, 6, 0, 2, 12, -13, 1, -23, 15, -7, -6, 8, 11, 10}
value address: 0x55555575a140 <x>
Type: The type is a structure.
Type sizeof: 24
Field name: std::_Vector_base<double, std::allocator<double> >
Field Type: The type is a structure.
Field Type sizeof: 24

[INFO -- 2018-09-15 20:49:26]
Fault Injection Successful after 1.305659294128418s
[INFO -- 2018-09-15 20:49:32]
event type: exit
[INFO -- 2018-09-15 20:49:32]
exit code: 0
