[INFO -- 2018-11-01 17:53:31]
Starting flip_value script
version: 1.1
[INFO -- 2018-11-01 17:53:31]
Initialization strings:
[INFO -- 2018-11-01 17:53:31]
(1) file /tmp/lreg/lreg
[INFO -- 2018-11-01 17:53:31]
(2) set args /tmp/lreg/randInput /tmp/lreg/output /tmp/lreg/detected.log
[INFO -- 2018-11-01 17:53:31]
initSignal:0
[INFO -- 2018-11-01 17:53:31]
endSignal:20
[INFO -- 2018-11-01 17:53:31]
faultModel:2
[INFO -- 2018-11-01 17:53:35]
Backtrace BEGIN:
#0  __pow (x=-12, y=1) at w_pow_compat.c:55
#1  0x0000555555556131 in std::pow<double, int> (__x=-12, __y=1) at /usr/include/c++/7/cmath:418
#2  0x0000555555555237 in predict (v=-12) at lreg.cpp:50
#3  0x00005555555553fc in partialDerivate (pos=2) at lreg.cpp:74
#4  0x0000555555555503 in adjust (alpha=2.2222199999999999e-05) at lreg.cpp:87
#5  0x00005555555556ac in train (iterations=60000, alpha=2.2222199999999999e-05, N=4, stopsWhenStable=true) at lreg.cpp:120
#6  0x0000555555555a1c in execute (input=0x7fffffffe1f3 "/tmp/lreg/randInput") at lreg.cpp:157
#7  0x0000555555555c60 in main (argc=4, argv=0x7fffffffde48) at lreg.cpp:191

50	w_pow_compat.c: No such file or directory.

Backtrace END
Memory content before bitflip:0x010x000x000x00
Fault Model: Random bit-flip
base address to flip value: 0x7fffffffd484
address max offset: 4
Memory content after  bitflip:0x8b0x1d0xb80x89
frame name: predict
symbol name: i
symbol filename: lreg.cpp
symbol line: 49
value: -1984422517
value address: 0x7fffffffd484
Type: The type is an integer type.
Type sizeof: 4

[INFO -- 2018-11-01 17:53:35]
Fault Injection Successful after 4.115868091583252s
[INFO -- 2018-11-01 17:53:47]
event type: exit
[INFO -- 2018-11-01 17:53:47]
exit code: 0
