[INFO -- 2018-11-24 13:40:30]
Starting flip_value script
version: 1.1
[INFO -- 2018-11-24 13:40:30]
Initialization strings:
[INFO -- 2018-11-24 13:40:30]
(1) file /tmp/lreg/lreg
[INFO -- 2018-11-24 13:40:30]
(2) set args /tmp/lreg/randInput /tmp/lreg/output /tmp/lreg/detected.log
[INFO -- 2018-11-24 13:40:30]
initSignal:0
[INFO -- 2018-11-24 13:40:30]
endSignal:10
[INFO -- 2018-11-24 13:40:30]
faultModel:2
[INFO -- 2018-11-24 13:40:32]
Backtrace BEGIN:
#0  0x00007ffff76bcb0a in __pow (x=-16, y=1) at w_pow_compat.c:30
#1  0x0000555555556149 in std::pow<double, int> (__x=-16, __y=1) at /usr/include/c++/7/cmath:418
#2  0x0000555555555237 in predict (v=-16) at lreg.cpp:50
#3  0x00005555555553fc in partialDerivate (pos=3) at lreg.cpp:74
#4  0x0000555555555503 in adjust (alpha=2.2222199999999999e-05) at lreg.cpp:87
#5  0x00005555555556ac in train (iterations=30000, alpha=2.2222199999999999e-05, N=4, stopsWhenStable=true) at lreg.cpp:120
#6  0x0000555555555a1c in execute (input=0x7fffffffe1f2 "/tmp/lreg/randInput") at lreg.cpp:157
#7  0x0000555555555c78 in main (argc=4, argv=0x7fffffffde48) at lreg.cpp:193

25	w_pow_compat.c: No such file or directory.

Backtrace END
Fliping value of field: std::_Vector_base<double, std::allocator<double> >
Fliping value of field: _M_impl
Fliping value of field: _M_start
Fliping a bit of the value pointed by a pointer
Memory content before bitflip:0x000x000x000x000x800xac0xc90x40
Fault Model: Random bit-flip
base address to flip value: 0x555555772540
address max offset: 8
Memory content after  bitflip:0xfd0xc30xaf0xb80x290x280x7b0x60
frame name: std::pow<double, int>
symbol name: y
symbol filename: lreg.cpp
symbol line: 33
value: std::vector of length 16, capacity 16 = {5.8258291161036167e+156, 2813, 13, -99407, -575, 22793, -121267, 15973, 22793, 86413, -63895, 10673, -1507, 41, 19181, -38047}
value address: 0x55555575b160 <y>
Type: The type is a structure.
Type sizeof: 24
Field name: std::_Vector_base<double, std::allocator<double> >
Field Type: The type is a structure.
Field Type sizeof: 24

[INFO -- 2018-11-24 13:40:32]
Fault Injection Successful after 2.6495003700256348s
[INFO -- 2018-11-24 13:40:34]
event type: exit
[INFO -- 2018-11-24 13:40:34]
exit code: 0
