[INFO -- 2018-11-12 16:30:46]
Starting flip_value script
version: 1.1
[INFO -- 2018-11-12 16:30:46]
Initialization strings:
[INFO -- 2018-11-12 16:30:46]
(1) file /tmp/lreg/lreg
[INFO -- 2018-11-12 16:30:46]
(2) set args /tmp/lreg/randInput /tmp/lreg/output
[INFO -- 2018-11-12 16:30:46]
initSignal:0
[INFO -- 2018-11-12 16:30:46]
endSignal:10
[INFO -- 2018-11-12 16:30:46]
faultModel:0
[INFO -- 2018-11-12 16:30:49]
Backtrace BEGIN:
#0  verifyUintDup (a=17, b=17) at lreg.cpp:68
#1  0x0000555555555971 in partialDerivate (pos1=2, pos2=2) at lreg.cpp:139
#2  0x0000555555555a81 in adjust (alpha1=5.0000000000000002e-05, alpha2=5.0000000000000002e-05) at lreg.cpp:153
#3  0x0000555555555da3 in train (iter1=30000, iter2=30000, N=3, alpha1=5.0000000000000002e-05, alpha2=5.0000000000000002e-05, stopsWhenStable=true) at lreg.cpp:190
#4  0x00005555555562e6 in main (argc=3, argv=0x7fffffffde68) at lreg.cpp:246

63			//gerar entrada no log
64			ofstream fp ("/tmp/lreg/detected.log", std::ofstream::app);
65			fp << "verifyUint: a = "<<a<<"; b = "<<b<<endl;
66	        detected = 1;	
67		}
68		return a;
69	}
70	double verifyDoubleDup(double a, double b){
71		if (a != b && detected != 1){
72			//gerar entrada no log

Backtrace END
Memory content before bitflip:0x300x750x000x00
Fault Model: Single bit-flip
base address to flip value: 0x7fffffffd7f8
address max offset: 4
Memory content after  bitflip:0x300x350x000x00
frame name: train
symbol name: iter2
symbol filename: lreg.cpp
symbol line: 174
value: 13616
value address: 0x7fffffffd7f8
Type: The type is an integer type.
Type sizeof: 4

[INFO -- 2018-11-12 16:30:49]
Fault Injection Successful after 3.241927146911621s
[INFO -- 2018-11-12 16:31:01]
event type: exit
[INFO -- 2018-11-12 16:31:01]
exit code: 0
