[INFO -- 2018-11-26 20:56:11]
Starting flip_value script
version: 1.1
[INFO -- 2018-11-26 20:56:11]
Initialization strings:
[INFO -- 2018-11-26 20:56:11]
(1) file /tmp/lreg/lreg
[INFO -- 2018-11-26 20:56:11]
(2) set args /tmp/lreg/randInput /tmp/lreg/output
[INFO -- 2018-11-26 20:56:11]
initSignal:0
[INFO -- 2018-11-26 20:56:11]
endSignal:3
[INFO -- 2018-11-26 20:56:11]
faultModel:0
[INFO -- 2018-11-26 20:56:11]
Backtrace BEGIN:
#0  0x000055555555522d in verifyDoubleDup (a=1.7228549779050089, b=-1.0071738022386505) at lreg.cpp:70
#1  0x00005555555557ea in predict (v=7) at lreg.cpp:116
#2  0x0000555555555928 in meanSquaredError () at lreg.cpp:128
#3  0x0000555555555ee5 in train (iter1=10000, iter2=10000, N=2, alpha1=0.00020000000000000001, alpha2=0.00020000000000000001, stopsWhenStable=true) at lreg.cpp:194
#4  0x0000555555556467 in main (argc=3, argv=0x7fffffffde58) at lreg.cpp:253

65			fp << "verifyUint: a = "<<a<<"; b = "<<b<<endl;
66	        detected = 1;	
67		}
68		return a;
69	}
70	double verifyDoubleDup(double a, double b){
71		if (a != b && detected != 1){
72			//gerar entrada no log
73			ofstream fp ("/tmp/lreg/detected.log", std::ofstream::app);
74			fp << "verifyDouble: a = "<<a<<"; b = "<<b<<endl;

Backtrace END
Fliping value of field: std::_Vector_base<double, std::allocator<double> >
Fliping value of field: _M_impl
Fliping value of field: _M_finish
Fliping a bit of the pointer
Memory content before bitflip:0x700x230x770x550x550x550x000x00
Fault Model: Single bit-flip
base address to flip value: 0x55555575b1a8 
address max offset: 8
Memory content after  bitflip:0x700x230x770x570x550x550x000x00
frame name: predict
symbol name: T2
symbol filename: lreg.cpp
symbol line: 37
value: std::vector of length 4194306, capacity 2 = {1.7228549779050089, -1.0071738022386505, 0, 2.4209216646221081e-322, 0, 8, 12, 5, 0, 4.001931731314097e-322, 0, 1.5810100666919889e-322, 2.1219957904712067e-314, 6.3482494834141768e-320, 0, 0, 0, 0, 0, 7.1639518646980749e-322, 12, -6, -10, -3, 7, -12, 6, -10, -16, 0, 0, 0, 0, 0, 0, 0, 0, 7.1639518646980749e-322, -10, 8, 12, 5, -5, 14, -4, 12, 32, 0, 0, 0, 0, 0, 0, 0, 0, 1.6304166312761136e-322, 1.722709944132079, -1.0071775573699613, 0, 1.6304166312761136e-322, 1.722709944132079, -1.0071775573699613, 0, 1.6304166312761136e-322, 4.6355706480405627e-310, -1.0071813134836853, 0, 1.6304166312761136e-322, 0, -1.0071775573699613, 0, 2.155756632499111e-319, 0, 0, 0, 0, 0, 0, 0, 0, 0, 0, 0, 0, 0, 0, 0, 0, 0, 0, 0, 0, 0, 0, 0, 0, 0, 0, 0, 0, 0, 0, 0, 0, 0, 0, 0, 0, 0, 0, 0, 0, 0, 0, 0, 0, 0, 0, 0, 0, 0, 0, 0, 0, 0, 0, 0, 0, 0, 0, 0, 0, 0, 0, 0, 0, 0, 0, 0, 0, 0, 0, 0, 0, 0, 0, 0, 0, 0, 0, 0, 0, 0, 0, 0, 0, 0, 0, 0, 0, 0, 0, 0, 0, 0, 0, 0, 0, 0, 0, 0, 0, 0, 0, 0, 0, 0, 0, 0, 0, 0, 0, 0, 0, 0, 0, 0, 0, 0, 0, 0, 0, 0, 0, 0, 0, 0, 0, 0, 0...}
value address: 0x55555575b1a0 <T2>
Type: The type is a structure.
Type sizeof: 24
Field name: std::_Vector_base<double, std::allocator<double> >
Field Type: The type is a structure.
Field Type sizeof: 24

[INFO -- 2018-11-26 20:56:11]
Fault Injection Successful after 0.7774367332458496s
[INFO -- 2018-11-26 20:56:13]
event type: exit
[INFO -- 2018-11-26 20:56:13]
exit code: 0
