[INFO -- 2018-11-24 11:00:49]
Starting flip_value script
version: 1.1
[INFO -- 2018-11-24 11:00:49]
Initialization strings:
[INFO -- 2018-11-24 11:00:49]
(1) file /tmp/lreg/lreg
[INFO -- 2018-11-24 11:00:49]
(2) set args /tmp/lreg/randInput /tmp/lreg/output
[INFO -- 2018-11-24 11:00:49]
initSignal:0
[INFO -- 2018-11-24 11:00:49]
endSignal:2
[INFO -- 2018-11-24 11:00:49]
faultModel:0
[EXCEPTION -- 2018-11-24 11:00:50]
pythonException: Unable to exit loop in struct fields; Exiting wihtout making a bit flip
[INFO -- 2018-11-24 11:00:51]
Backtrace BEGIN:
#0  0x00005555555551b6 in predict (v=-14) at lreg.cpp:50
#1  0x000055555555526a in meanSquaredError () at lreg.cpp:61
#2  0x0000555555555661 in train (iterations=30000, alpha=2.2222199999999999e-05, N=4, stopsWhenStable=true) at lreg.cpp:121
#3  0x0000555555555ab7 in main (argc=3, argv=0x7fffffffde58) at lreg.cpp:174

45		Predicts the value related to v using the Ts variables
46	*/
47	double predict(double v){
48		double val = 0;
49		for(int i = 0; i<T.size(); i++){
50			val+= (T[i] * pow(v, i));
51		}
52		return val;
53		
54	}

Backtrace END
Memory content before bitflip:0x000x000x000x00
Fault Model: Single bit-flip
base address to flip value: 0x7fffffffd794
address max offset: 4
Memory content after  bitflip:0x000x200x000x00
frame name: predict
symbol name: i
symbol filename: lreg.cpp
symbol line: 49
value: 8192
value address: 0x7fffffffd794
Type: The type is an integer type.
Type sizeof: 4

[INFO -- 2018-11-24 11:00:51]
Fault Injection Successful after 2.067403793334961s
[INFO -- 2018-11-24 11:00:51]
event type: exit
[INFO -- 2018-11-24 11:00:51]
exit code: 0
