[INFO -- 2018-09-15 00:02:50]
Starting flip_value script
version: 1.1
[INFO -- 2018-09-15 00:02:50]
Initialization strings:
[INFO -- 2018-09-15 00:02:50]
(1) file /tmp/lreg/lreg
[INFO -- 2018-09-15 00:02:50]
(2) set args /tmp/lreg/randInput /tmp/lreg/output
[INFO -- 2018-09-15 00:02:50]
initSignal:0
[INFO -- 2018-09-15 00:02:50]
endSignal:2
[INFO -- 2018-09-15 00:02:50]
faultModel:0
[EXCEPTION -- 2018-09-15 00:02:51]
pythonException: Unable to exit loop in struct fields; Exiting wihtout making a bit flip
[INFO -- 2018-09-15 00:02:51]
Backtrace BEGIN:
#0  0x0000555555555241 in predict (v=16) at lreg.cpp:50
#1  0x00005555555552ba in meanSquaredError () at lreg.cpp:61
#2  0x00005555555556b1 in train (iterations=60000, alpha=5.0000000000000002e-05, N=3, stopsWhenStable=true) at lreg.cpp:121
#3  0x0000555555555c26 in main (argc=3, argv=0x7fffffffde68) at lreg.cpp:182

45		Predicts the value related to v using the Ts variables
46	*/
47	double predict(double v){
48		double val = 0;
49		for(int i = 0; i<T.size(); i++){
50			val+= (T[i] * pow(v, i));
51		}
52		return val;
53		
54	}

Backtrace END
Fliping value of field: std::_Vector_base<double, std::allocator<double> >
Fliping value of field: _M_impl
Fliping value of field: _M_start
Fliping a bit of the value pointed by a pointer
Memory content before bitflip:0x000x000x000x000x000x000x300xc0
Fault Model: Single bit-flip
base address to flip value: 0x555555771650
address max offset: 8
Memory content after  bitflip:0x000x000x000x100x000x000x300xc0
frame name: meanSquaredError
symbol name: y
symbol filename: lreg.cpp
symbol line: 33
value: std::vector of length 20, capacity 32 = {-16.000000953674316, 9, -1, 4, 4, 6, -11, 0, 41, 29, 45, -87, -63, 17, -39, 37, -75, -91, -63, -87}
value address: 0x55555575a160 <y>
Type: The type is a structure.
Type sizeof: 24
Field name: std::_Vector_base<double, std::allocator<double> >
Field Type: The type is a structure.
Field Type sizeof: 24

[INFO -- 2018-09-15 00:02:51]
Fault Injection Successful after 1.962054967880249s
[INFO -- 2018-09-15 00:02:58]
event type: exit
[INFO -- 2018-09-15 00:02:58]
exit code: 0
