[INFO -- 2018-10-13 11:10:11]
Starting flip_value script
version: 1.1
[INFO -- 2018-10-13 11:10:11]
Initialization strings:
[INFO -- 2018-10-13 11:10:12]
(1) file /tmp/lreg/lreg
[INFO -- 2018-10-13 11:10:12]
(2) set args /tmp/lreg/randInput /tmp/lreg/output
[INFO -- 2018-10-13 11:10:12]
initSignal:0
[INFO -- 2018-10-13 11:10:12]
endSignal:10
[INFO -- 2018-10-13 11:10:12]
faultModel:0
[INFO -- 2018-10-13 11:10:12]
Backtrace BEGIN:
#0  __pow (x=16, y=1) at w_pow_compat.c:55
#1  0x00005555555560ba in std::pow<double, unsigned int> (__x=16, __y=1) at /usr/include/c++/7/cmath:418
#2  0x00005555555552c2 in predict (v=16) at lreg.cpp:77
#3  0x000055555555537b in meanSquaredError () at lreg.cpp:91
#4  0x0000555555555886 in train (iterations=60000, N=3, stopsWhenStable=true) at lreg.cpp:160
#5  0x0000555555555dba in main (argc=3, argv=0x7fffffffde68) at lreg.cpp:225

50	w_pow_compat.c: No such file or directory.

Backtrace END
Memory content before bitflip:0x000x000x000x000x000x000x300x40
Fault Model: Single bit-flip
base address to flip value: 0x7fffffffd738
address max offset: 8
Memory content after  bitflip:0x000x000x000x000x010x000x300x40
frame name: std::pow<double, unsigned int>
symbol name: __x
symbol filename: /usr/include/c++/7/cmath
symbol line: 415
value: 16.000015258789062
value address: 0x7fffffffd738
Type: A floating point type.
Type sizeof: 8

[INFO -- 2018-10-13 11:10:12]
Fault Injection Successful after 0.7957618236541748s
[INFO -- 2018-10-13 11:10:21]
event type: exit
[INFO -- 2018-10-13 11:10:21]
exit code: 0
