[INFO -- 2018-11-23 19:40:12]
Starting flip_value script
version: 1.1
[INFO -- 2018-11-23 19:40:12]
Initialization strings:
[INFO -- 2018-11-23 19:40:12]
(1) file /tmp/lreg/lreg
[INFO -- 2018-11-23 19:40:12]
(2) set args /tmp/lreg/randInput /tmp/lreg/output
[INFO -- 2018-11-23 19:40:12]
initSignal:0
[INFO -- 2018-11-23 19:40:12]
endSignal:3
[INFO -- 2018-11-23 19:40:12]
faultModel:2
[EXCEPTION -- 2018-11-23 19:40:13]
gdbException: Attempt to dereference a generic pointer.
[INFO -- 2018-11-23 19:40:13]
Backtrace BEGIN:
#0  __ieee754_pow_sse2 (x=-2, y=0) at ../sysdeps/ieee754/dbl-64/e_pow.c:79
#1  0x00007ffff76bcb14 in __pow (x=-2, y=0) at w_pow_compat.c:30
#2  0x0000555555555d5f in std::pow<double, int> (__x=-2, __y=0) at /usr/include/c++/7/cmath:418
#3  0x00005555555551e7 in predict (v=-2) at lreg.cpp:50
#4  0x00005555555552ba in meanSquaredError () at lreg.cpp:61
#5  0x0000555555555661 in train (iterations=20000, alpha=5.0000000000000002e-05, N=3, stopsWhenStable=true) at lreg.cpp:121
#6  0x0000555555555ab7 in main (argc=3, argv=0x7fffffffde58) at lreg.cpp:174

74	../sysdeps/ieee754/dbl-64/e_pow.c: No such file or directory.

Backtrace END
Memory content before bitflip:0x410x3c0x000x00
Fault Model: Random bit-flip
base address to flip value: 0x7fffffffd82c
address max offset: 4
Memory content after  bitflip:0xc10x6f0x410x38
frame name: train
symbol name: i
symbol filename: lreg.cpp
symbol line: 118
value: 943812545
value address: 0x7fffffffd82c
Type: The type is an integer type.
Type sizeof: 4

[INFO -- 2018-11-23 19:40:13]
Fault Injection Successful after 1.3369951248168945s
[INFO -- 2018-11-23 19:40:14]
event type: exit
[INFO -- 2018-11-23 19:40:14]
exit code: 0
