[INFO -- 2018-11-14 16:48:42]
Starting flip_value script
version: 1.1
[INFO -- 2018-11-14 16:48:42]
Initialization strings:
[INFO -- 2018-11-14 16:48:42]
(1) file /tmp/lreg/lreg
[INFO -- 2018-11-14 16:48:42]
(2) set args /tmp/lreg/randInput /tmp/lreg/output
[INFO -- 2018-11-14 16:48:42]
initSignal:0
[INFO -- 2018-11-14 16:48:42]
endSignal:5
[INFO -- 2018-11-14 16:48:42]
faultModel:1
[EXCEPTION -- 2018-11-14 16:48:44]
pythonException: Unable to exit loop in struct fields; Exiting wihtout making a bit flip
[INFO -- 2018-11-14 16:48:44]
Backtrace BEGIN:
#0  0x00007ffff76da567 in __ieee754_pow_sse2 (x=17, y=0) at ../sysdeps/ieee754/dbl-64/e_pow.c:76
#1  0x00007ffff76bcb14 in __pow (x=17, y=0) at w_pow_compat.c:30
#2  0x0000555555556826 in std::pow<double, unsigned int> (__x=17, __y=0) at /usr/include/c++/7/cmath:418
#3  0x0000555555555814 in predict (v=17) at lreg.cpp:116
#4  0x00005555555558c0 in meanSquaredError () at lreg.cpp:128
#5  0x0000555555555ee5 in train (iter1=30000, iter2=30000, N=3, alpha1=5.0000000000000002e-05, alpha2=5.0000000000000002e-05, stopsWhenStable=true) at lreg.cpp:194
#6  0x0000555555556467 in main (argc=3, argv=0x7fffffffde68) at lreg.cpp:253

71	in ../sysdeps/ieee754/dbl-64/e_pow.c

Backtrace END
Memory content before bitflip:0x030x000x000x00
Fault Model: Double bit-flip
base address to flip value: 0x7fffffffd8f0
address max offset: 4
Memory content after  bitflip:0x030x110x000x00
frame name: main
symbol name: N
symbol filename: lreg.cpp
symbol line: 236
value: 4355
value address: 0x7fffffffd8f0
Type: The type is an integer type.
Type sizeof: 4

[INFO -- 2018-11-14 16:48:44]
Fault Injection Successful after 2.681532382965088s
[INFO -- 2018-11-14 16:48:50]
event type: exit
[INFO -- 2018-11-14 16:48:50]
exit code: 0
