[INFO -- 2018-11-16 11:34:58]
Starting flip_value script
version: 1.1
[INFO -- 2018-11-16 11:34:58]
Initialization strings:
[INFO -- 2018-11-16 11:34:58]
(1) file /tmp/lreg/lreg
[INFO -- 2018-11-16 11:34:58]
(2) set args /tmp/lreg/randInput /tmp/lreg/output
[INFO -- 2018-11-16 11:34:58]
initSignal:0
[INFO -- 2018-11-16 11:34:58]
endSignal:5
[INFO -- 2018-11-16 11:34:58]
faultModel:0
[INFO -- 2018-11-16 11:34:59]
Backtrace BEGIN:
#0  0x000055555555520f in verifyUintDup (a=1, b=1) at lreg.cpp:69
#1  0x000055555555576f in predict (v=-2) at lreg.cpp:115
#2  0x0000555555555928 in meanSquaredError () at lreg.cpp:128
#3  0x0000555555555ee5 in train (iter1=30000, iter2=30000, N=3, alpha1=5.0000000000000002e-05, alpha2=5.0000000000000002e-05, stopsWhenStable=true) at lreg.cpp:194
#4  0x0000555555556467 in main (argc=3, argv=0x7fffffffde58) at lreg.cpp:253

64			ofstream fp ("/tmp/lreg/detected.log", std::ofstream::app);
65			fp << "verifyUint: a = "<<a<<"; b = "<<b<<endl;
66	        detected = 1;	
67		}
68		return a;
69	}
70	double verifyDoubleDup(double a, double b){
71		if (a != b && detected != 1){
72			//gerar entrada no log
73			ofstream fp ("/tmp/lreg/detected.log", std::ofstream::app);

Backtrace END
Fliping a bit of the value pointed by a pointer
Fliping a bit of the value pointed by a pointer
Memory content before bitflip:0x2f
Fault Model: Single bit-flip
base address to flip value: 0x7fffffffe1fe 
address max offset: 1
Memory content after  bitflip:0x6f
frame name: main
symbol name: argv
symbol filename: lreg.cpp
symbol line: 217
value: 0x7fffffffde58
value address: 0x7fffffffd8c0
Type: The type is a pointer.
Type sizeof: 8

[INFO -- 2018-11-16 11:34:59]
Fault Injection Successful after 1.946932315826416s
[INFO -- 2018-11-16 11:35:04]
event type: exit
[INFO -- 2018-11-16 11:35:04]
exit code: 0
