[INFO -- 2018-10-01 18:33:44]
Starting flip_value script
version: 1.1
[INFO -- 2018-10-01 18:33:44]
Initialization strings:
[INFO -- 2018-10-01 18:33:44]
(1) file /tmp/lreg/lreg
[INFO -- 2018-10-01 18:33:44]
(2) set args /tmp/lreg/randInput /tmp/lreg/output
[INFO -- 2018-10-01 18:33:44]
initSignal:0
[INFO -- 2018-10-01 18:33:44]
endSignal:10
[INFO -- 2018-10-01 18:33:44]
faultModel:2
[INFO -- 2018-10-01 18:33:46]
Backtrace BEGIN:
#0  std::vector<double, std::allocator<double> >::operator[] (this=0x55555575a160 <y>, __n=9) at /usr/include/c++/7/bits/stl_vector.h:795
#1  0x00005555555553eb in partialDerivate (pos=1) at lreg.cpp:74
#2  0x00005555555554b3 in adjust (alpha=5.0000000000000002e-05) at lreg.cpp:87
#3  0x000055555555565c in train (iterations=60000, alpha=5.0000000000000002e-05, N=3, stopsWhenStable=true) at lreg.cpp:120
#4  0x0000555555555ab7 in main (argc=3, argv=0x7fffffffde58) at lreg.cpp:174

790	       *  Note that data access with this operator is unchecked and
791	       *  out_of_range lookups are not defined. (For checked lookups
792	       *  see at().)
793	       */
794	      reference
795	      operator[](size_type __n) _GLIBCXX_NOEXCEPT
796	      {
797		__glibcxx_requires_subscript(__n);
798		return *(this->_M_impl._M_start + __n);
799	      }

Backtrace END
Memory content before bitflip:0xd00x290xd00x460x640xa80xdd0xc0
Fault Model: Random bit-flip
base address to flip value: 0x7fffffffd788
address max offset: 8
Memory content after  bitflip:0x630xd80x770x180xd10x6d0x200xa7
frame name: partialDerivate
symbol name: pD
symbol filename: lreg.cpp
symbol line: 72
value: -3.1811351671939648e-120
value address: 0x7fffffffd788
Type: A floating point type.
Type sizeof: 8

[INFO -- 2018-10-01 18:33:46]
Fault Injection Successful after 2.104139566421509s
[INFO -- 2018-10-01 18:33:52]
event type: exit
[INFO -- 2018-10-01 18:33:52]
exit code: 0
