[INFO -- 2018-10-11 19:21:04]
Starting flip_value script
version: 1.1
[INFO -- 2018-10-11 19:21:04]
Initialization strings:
[INFO -- 2018-10-11 19:21:04]
(1) file /tmp/lreg/lreg
[INFO -- 2018-10-11 19:21:04]
(2) set args /tmp/lreg/randInput /tmp/lreg/output
[INFO -- 2018-10-11 19:21:04]
initSignal:0
[INFO -- 2018-10-11 19:21:04]
endSignal:10
[INFO -- 2018-10-11 19:21:04]
faultModel:2
[INFO -- 2018-10-11 19:21:09]
Backtrace BEGIN:
#0  __exp1 (x=<optimized out>, xx=<optimized out>, error=<optimized out>) at ../sysdeps/ieee754/dbl-64/e_exp.c:280
#1  0x00007ffff76d58dc in __ieee754_pow_sse2 (x=29, y=3) at ../sysdeps/ieee754/dbl-64/e_pow.c:115
#2  0x00007ffff76b7b14 in __pow (x=29, y=3) at w_pow_compat.c:30
#3  0x00005555555560ba in std::pow<double, unsigned int> (__x=29, __y=3) at /usr/include/c++/7/cmath:418
#4  0x0000555555555590 in partialDerivate (pos=3) at lreg.cpp:107
#5  0x0000555555555670 in adjust () at lreg.cpp:123
#6  0x0000555555555881 in train (iterations=90000, N=4, stopsWhenStable=true) at lreg.cpp:159
#7  0x0000555555555dba in main (argc=3, argv=0x7fffffffde68) at lreg.cpp:225

275	../sysdeps/ieee754/dbl-64/e_exp.c: No such file or directory.

Backtrace END
Memory content before bitflip:0x01
Fault Model: Random bit-flip
base address to flip value: 0x7fffffffd804
address max offset: 1
Memory content after  bitflip:0xbb
frame name: train
symbol name: stopsWhenStable
symbol filename: lreg.cpp
symbol line: 141
value: 187
value address: 0x7fffffffd804
Type: A boolean type.
Type sizeof: 1

[INFO -- 2018-10-11 19:21:09]
Fault Injection Successful after 5.087905645370483s
[INFO -- 2018-10-11 19:21:17]
event type: exit
[INFO -- 2018-10-11 19:21:17]
exit code: 0
