[INFO -- 2018-11-24 12:32:38]
Starting flip_value script
version: 1.1
[INFO -- 2018-11-24 12:32:38]
Initialization strings:
[INFO -- 2018-11-24 12:32:38]
(1) file /tmp/lreg/lreg
[INFO -- 2018-11-24 12:32:38]
(2) set args /tmp/lreg/randInput /tmp/lreg/output
[INFO -- 2018-11-24 12:32:38]
initSignal:0
[INFO -- 2018-11-24 12:32:38]
endSignal:2
[INFO -- 2018-11-24 12:32:38]
faultModel:2
[EXCEPTION -- 2018-11-24 12:32:39]
gdbException: Attempt to dereference a generic pointer.
[INFO -- 2018-11-24 12:32:41]
event type: exit
[INFO -- 2018-11-24 12:32:41]
exit code: 0
