[INFO -- 2018-10-13 12:30:45]
Starting flip_value script
version: 1.1
[INFO -- 2018-10-13 12:30:45]
Initialization strings:
[INFO -- 2018-10-13 12:30:45]
(1) file /tmp/lreg/lreg
[INFO -- 2018-10-13 12:30:45]
(2) set args /tmp/lreg/randInput /tmp/lreg/output
[INFO -- 2018-10-13 12:30:45]
initSignal:0
[INFO -- 2018-10-13 12:30:45]
endSignal:10
[INFO -- 2018-10-13 12:30:45]
faultModel:2
[INFO -- 2018-10-13 12:30:46]
Backtrace BEGIN:
#0  0x000055555555524a in predict (v=-2) at lreg.cpp:74
#1  0x000055555555537b in meanSquaredError () at lreg.cpp:91
#2  0x0000555555555886 in train (iterations=60000, N=3, stopsWhenStable=true) at lreg.cpp:160
#3  0x0000555555555dba in main (argc=3, argv=0x7fffffffde68) at lreg.cpp:225

69		Predicts the value related to v using the Ts variables
70	*/
71	double predict(double v){
72		double val = 0;
73		for(UINT i1 = 0, i2 = 0, i3 = 0; 
74			selectTriUInt(i1, i2, i3)<T.size(); 
75			i1++, i2++, i3++)
76		{
77			val+= (T[selectTriUInt(i1, i2, i3)] * pow(v, selectTriUInt(i1, i2, i3)));
78		}

Backtrace END
Memory content before bitflip:0x2d0x430x1c0xeb0xe20x360x0a0x3f
Fault Model: Random bit-flip
base address to flip value: 0x55555575a1a8 
address max offset: 8
Memory content after  bitflip:0x5d0x6e0x680xe00xcd0x9c0x9e0x2b
frame name: train
symbol name: a3
symbol filename: lreg.cpp
symbol line: 45
value: 1.3995888116827551e-98
value address: 0x55555575a1a8 <a3>
Type: A floating point type.
Type sizeof: 8

[INFO -- 2018-10-13 12:30:46]
Fault Injection Successful after 1.8896045684814453s
[INFO -- 2018-10-13 12:30:55]
event type: exit
[INFO -- 2018-10-13 12:30:55]
exit code: 0
