[INFO -- 2018-11-23 21:23:33]
Starting flip_value script
version: 1.1
[INFO -- 2018-11-23 21:23:33]
Initialization strings:
[INFO -- 2018-11-23 21:23:33]
(1) file /tmp/lreg/lreg
[INFO -- 2018-11-23 21:23:33]
(2) set args /tmp/lreg/randInput /tmp/lreg/output
[INFO -- 2018-11-23 21:23:33]
initSignal:0
[INFO -- 2018-11-23 21:23:33]
endSignal:3
[INFO -- 2018-11-23 21:23:33]
faultModel:0
[INFO -- 2018-11-23 21:23:34]
Backtrace BEGIN:
#0  0x00005555555551c2 in predict (v=-16) at lreg.cpp:50
#1  0x00005555555553ac in partialDerivate (pos=2) at lreg.cpp:74
#2  0x00005555555554b3 in adjust (alpha=2.2222199999999999e-05) at lreg.cpp:87
#3  0x000055555555565c in train (iterations=30000, alpha=2.2222199999999999e-05, N=4, stopsWhenStable=true) at lreg.cpp:120
#4  0x0000555555555ab7 in main (argc=3, argv=0x7fffffffde58) at lreg.cpp:174

45		Predicts the value related to v using the Ts variables
46	*/
47	double predict(double v){
48		double val = 0;
49		for(int i = 0; i<T.size(); i++){
50			val+= (T[i] * pow(v, i));
51		}
52		return val;
53		
54	}

Backtrace END
Fliping value of field: std::_Vector_base<double, std::allocator<double> >
Fliping value of field: _M_impl
Fliping value of field: _M_end_of_storage
Fliping a bit of the pointer
Memory content before bitflip:0x300x150x770x550x550x550x000x00
Fault Model: Single bit-flip
base address to flip value: 0x55555575a150 
address max offset: 8
Memory content after  bitflip:0x300x150x770x550x550x550x200x00
frame name: predict
symbol name: x
symbol filename: lreg.cpp
symbol line: 32
value: std::vector of length 16, capacity 1125899906842640 = {-15, -9, -1, 29, 5, -18, 31, -16, -18, -28, 25, -14, 7, -2, -17, 21}
value address: 0x55555575a140 <x>
Type: The type is a structure.
Type sizeof: 24
Field name: std::_Vector_base<double, std::allocator<double> >
Field Type: The type is a structure.
Field Type sizeof: 24

[INFO -- 2018-11-23 21:23:34]
Fault Injection Successful after 1.9583244323730469s
[INFO -- 2018-11-23 21:23:35]
event type: exit
[INFO -- 2018-11-23 21:23:35]
exit code: 0
