[INFO -- 2018-09-15 22:55:56]
Starting flip_value script
version: 1.1
[INFO -- 2018-09-15 22:55:56]
Initialization strings:
[INFO -- 2018-09-15 22:55:56]
(1) file /tmp/lreg/lreg
[INFO -- 2018-09-15 22:55:56]
(2) set args /tmp/lreg/randInput /tmp/lreg/output
[INFO -- 2018-09-15 22:55:56]
initSignal:0
[INFO -- 2018-09-15 22:55:56]
endSignal:2
[INFO -- 2018-09-15 22:55:56]
faultModel:1
[EXCEPTION -- 2018-09-15 22:55:58]
pythonException: empty range for randrange() (0,0, 0)
[INFO -- 2018-09-15 22:55:58]
Backtrace BEGIN:
#0  0x00007ffff76d5a35 in __ieee754_pow_sse2 (x=<optimized out>, y=<optimized out>) at ../sysdeps/ieee754/dbl-64/e_pow.c:215
#1  0x00007ffff76b7b14 in __pow (x=-24, y=1) at w_pow_compat.c:30
#2  0x0000555555555f39 in std::pow<double, int> (__x=-24, __y=1) at /usr/include/c++/7/cmath:418
#3  0x0000555555555237 in predict (v=-24) at lreg.cpp:50
#4  0x00005555555553fc in partialDerivate (pos=2) at lreg.cpp:74
#5  0x0000555555555503 in adjust (alpha=5.0000000000000002e-05) at lreg.cpp:87
#6  0x00005555555556ac in train (iterations=60000, alpha=5.0000000000000002e-05, N=3, stopsWhenStable=true) at lreg.cpp:120
#7  0x0000555555555c26 in main (argc=3, argv=0x7fffffffde68) at lreg.cpp:182

210	in ../sysdeps/ieee754/dbl-64/e_pow.c

Backtrace END
Fliping value of field: std::_Vector_base<double, std::allocator<double> >
Fliping value of field: _M_impl
Fliping value of field: _M_start
Fliping a bit of the value pointed by a pointer
Memory content before bitflip:0x000x000x000x000x000x000x240xc0
Fault Model: Double bit-flip
base address to flip value: 0x555555771540
address max offset: 8
Memory content after  bitflip:0x000x000x000x180x000x000x240xc0
frame name: std::pow<double, int>
symbol name: x
symbol filename: lreg.cpp
symbol line: 32
value: std::vector of length 20, capacity 32 = {-10.000000715255737, -4, -4, 13, 1, 10, -1, -3, -21, -8, -19, -15, 4, 19, 18, 5, 11, 19, -24, -5}
value address: 0x55555575a140 <x>
Type: The type is a structure.
Type sizeof: 24
Field name: std::_Vector_base<double, std::allocator<double> >
Field Type: The type is a structure.
Field Type sizeof: 24

[INFO -- 2018-09-15 22:55:58]
Fault Injection Successful after 2.408513069152832s
[INFO -- 2018-09-15 22:56:04]
event type: exit
[INFO -- 2018-09-15 22:56:04]
exit code: 0
