[INFO -- 2018-10-13 15:16:27]
Starting flip_value script
version: 1.1
[INFO -- 2018-10-13 15:16:27]
Initialization strings:
[INFO -- 2018-10-13 15:16:27]
(1) file /tmp/lreg/lreg
[INFO -- 2018-10-13 15:16:27]
(2) set args /tmp/lreg/randInput /tmp/lreg/output
[INFO -- 2018-10-13 15:16:27]
initSignal:0
[INFO -- 2018-10-13 15:16:27]
endSignal:10
[INFO -- 2018-10-13 15:16:27]
faultModel:0
[INFO -- 2018-10-13 15:16:31]
Backtrace BEGIN:
#0  0x00007ffff76da80e in log1 (error=<synthetic pointer>, delta=<synthetic pointer>, x=32) at ../sysdeps/ieee754/dbl-64/e_pow.c:335
#1  __ieee754_pow_sse2 (x=32, y=3) at ../sysdeps/ieee754/dbl-64/e_pow.c:103
#2  0x00007ffff76db6be in __ieee754_pow_sse2 (x=<optimized out>, y=<optimized out>) at ../sysdeps/ieee754/dbl-64/e_pow.c:184
#3  0x00007ffff76bcb14 in __pow (x=-32, y=3) at w_pow_compat.c:30
#4  0x00005555555560ba in std::pow<double, unsigned int> (__x=-32, __y=3) at /usr/include/c++/7/cmath:418
#5  0x00005555555552c2 in predict (v=-32) at lreg.cpp:77
#6  0x000055555555551d in partialDerivate (pos=0) at lreg.cpp:107
#7  0x0000555555555670 in adjust () at lreg.cpp:123
#8  0x0000555555555881 in train (iterations=90000, N=4, stopsWhenStable=true) at lreg.cpp:159
#9  0x0000555555555dba in main (argc=3, argv=0x7fffffffde68) at lreg.cpp:225

330	../sysdeps/ieee754/dbl-64/e_pow.c: No such file or directory.

Backtrace END
Fliping value of field name: i
Fliping array at pos: 1
Memory content before bitflip:0xff0xff0x070x42
Fault Model: Single bit-flip
base address to flip value: 0x7ffff779f5b4 
address max offset: 4
Memory content after  bitflip:0xff0xff0x070x02
frame name: __ieee754_pow_sse2
symbol name: bigv
symbol filename: ../sysdeps/ieee754/dbl-64/upow.h
symbol line: 53
value: {i = {-523926, 34078719}, x = 7.1674645895488366e-299}
value address: 0x7ffff779f5b0 <bigv>
Type: The type is a union.
Type sizeof: 8
Field name: i
Field Type: The type is an array.
Field Type sizeof: 8
Field name: x
Field Type: A floating point type.
Field Type sizeof: 8

[INFO -- 2018-10-13 15:16:31]
Fault Injection Successful after 4.152238845825195s
[INFO -- 2018-10-13 15:16:36]
event type: exit
[INFO -- 2018-10-13 15:16:36]
exit code: 0
