[INFO -- 2018-09-15 22:25:04]
Starting flip_value script
version: 1.1
[INFO -- 2018-09-15 22:25:04]
Initialization strings:
[INFO -- 2018-09-15 22:25:04]
(1) file /tmp/lreg/lreg
[INFO -- 2018-09-15 22:25:04]
(2) set args /tmp/lreg/randInput /tmp/lreg/output
[INFO -- 2018-09-15 22:25:04]
initSignal:0
[INFO -- 2018-09-15 22:25:04]
endSignal:2
[INFO -- 2018-09-15 22:25:04]
faultModel:2
[EXCEPTION -- 2018-09-15 22:25:04]
gdbException: Attempt to dereference a generic pointer.
[INFO -- 2018-09-15 22:25:05]
Backtrace BEGIN:
#0  0x00007ffff76d5a1e in __ieee754_pow_sse2 (x=<optimized out>, y=<optimized out>) at ../sysdeps/ieee754/dbl-64/e_pow.c:215
#1  0x00007ffff76b7b14 in __pow (x=-3, y=0) at w_pow_compat.c:30
#2  0x0000555555555f39 in std::pow<double, int> (__x=-3, __y=0) at /usr/include/c++/7/cmath:418
#3  0x0000555555555237 in predict (v=-3) at lreg.cpp:50
#4  0x00005555555553fc in partialDerivate (pos=0) at lreg.cpp:74
#5  0x0000555555555503 in adjust (alpha=5.0000000000000002e-05) at lreg.cpp:87
#6  0x00005555555556ac in train (iterations=60000, alpha=5.0000000000000002e-05, N=3, stopsWhenStable=true) at lreg.cpp:120
#7  0x0000555555555c26 in main (argc=3, argv=0x7fffffffde68) at lreg.cpp:182

210	../sysdeps/ieee754/dbl-64/e_pow.c: No such file or directory.

Backtrace END
Memory content before bitflip:0x000x000x000x000x000x000x080xc0
Fault Model: Random bit-flip
base address to flip value: 0x7fffffffd6d0
address max offset: 8
Memory content after  bitflip:0x880x080xcc0x320xa70xed0xd60x79
frame name: __pow
symbol name: x
symbol filename: w_pow_compat.c
symbol line: 28
value: 8.1288380870879392e+278
value address: 0x7fffffffd6d0
Type: A floating point type.
Type sizeof: 8

[INFO -- 2018-09-15 22:25:05]
Fault Injection Successful after 1.6187376976013184s
[INFO -- 2018-09-15 22:25:11]
event type: exit
[INFO -- 2018-09-15 22:25:11]
exit code: 0
