[INFO -- 2018-11-25 16:36:20]
Starting flip_value script
version: 1.1
[INFO -- 2018-11-25 16:36:20]
Initialization strings:
[INFO -- 2018-11-25 16:36:20]
(1) file /tmp/lreg/lreg
[INFO -- 2018-11-25 16:36:20]
(2) set args /tmp/lreg/randInput /tmp/lreg/output /tmp/lreg/detected.log
[INFO -- 2018-11-25 16:36:20]
initSignal:0
[INFO -- 2018-11-25 16:36:20]
endSignal:6
[INFO -- 2018-11-25 16:36:20]
faultModel:2
[EXCEPTION -- 2018-11-25 16:36:21]
gdbException: Attempt to dereference a generic pointer.
[INFO -- 2018-11-25 16:36:22]
Backtrace BEGIN:
#0  0x00007ffff76bcb31 in __pow (x=-3, y=2) at w_pow_compat.c:31
#1  0x000055555555621b in std::pow<double, int> (__x=-3, __y=2) at /usr/include/c++/7/cmath:418
#2  0x0000555555555237 in predict (v=-3) at lreg.cpp:50
#3  0x00005555555553fc in partialDerivate (pos=0) at lreg.cpp:74
#4  0x0000555555555503 in adjust (alpha=5.0000000000000002e-05) at lreg.cpp:87
#5  0x00005555555556ac in train (iterations=20000, alpha=5.0000000000000002e-05, N=3, stopsWhenStable=true) at lreg.cpp:120
#6  0x0000555555555a1c in execute (input=0x7fffffffe1f1 "/tmp/lreg/randInput") at lreg.cpp:157
#7  0x0000555555555c78 in main (argc=4, argv=0x7fffffffde48) at lreg.cpp:193

26	w_pow_compat.c: No such file or directory.

Backtrace END
Memory content before bitflip:0x000x000x000x000x000x000x080xc0
Fault Model: Random bit-flip
base address to flip value: 0x7fffffffd410
address max offset: 8
Memory content after  bitflip:0x1e0x270xaf0xbf0x800x0b0x750x16
frame name: __pow
symbol name: x
symbol filename: w_pow_compat.c
symbol line: 28
value: 1.718345342456768e-200
value address: 0x7fffffffd410
Type: A floating point type.
Type sizeof: 8

[INFO -- 2018-11-25 16:36:22]
Fault Injection Successful after 2.127973794937134s
[INFO -- 2018-11-25 16:36:27]
event type: exit
[INFO -- 2018-11-25 16:36:27]
exit code: 0
