[INFO -- 2018-11-26 20:21:26]
Starting flip_value script
version: 1.1
[INFO -- 2018-11-26 20:21:26]
Initialization strings:
[INFO -- 2018-11-26 20:21:26]
(1) file /tmp/lreg/lreg
[INFO -- 2018-11-26 20:21:26]
(2) set args /tmp/lreg/randInput /tmp/lreg/output
[INFO -- 2018-11-26 20:21:26]
initSignal:0
[INFO -- 2018-11-26 20:21:26]
endSignal:3
[INFO -- 2018-11-26 20:21:26]
faultModel:2
[INFO -- 2018-11-26 20:21:27]
Backtrace BEGIN:
#0  0x00005555555551e0 in verifyUintDup (a=2, b=2) at lreg.cpp:69
#1  0x000055555555579a in predict (v=-2) at lreg.cpp:116
#2  0x00005555555558c0 in meanSquaredError () at lreg.cpp:128
#3  0x0000555555555ee5 in train (iter1=20000, iter2=20000, N=3, alpha1=5.0000000000000002e-05, alpha2=5.0000000000000002e-05, stopsWhenStable=true) at lreg.cpp:194
#4  0x0000555555556467 in main (argc=3, argv=0x7fffffffde58) at lreg.cpp:253

64			ofstream fp ("/tmp/lreg/detected.log", std::ofstream::app);
65			fp << "verifyUint: a = "<<a<<"; b = "<<b<<endl;
66	        detected = 1;	
67		}
68		return a;
69	}
70	double verifyDoubleDup(double a, double b){
71		if (a != b && detected != 1){
72			//gerar entrada no log
73			ofstream fp ("/tmp/lreg/detected.log", std::ofstream::app);

Backtrace END
Memory content before bitflip:0x000x000x000x000x000x000x330xc0
Fault Model: Random bit-flip
base address to flip value: 0x7fffffffd920
address max offset: 8
Memory content after  bitflip:0x040xc40x790x420x0e0x170xfe0x87
frame name: main
symbol name: xChecksum
symbol filename: lreg.cpp
symbol line: 233
value: -3.559811284462399e-270
value address: 0x7fffffffd920
Type: A floating point type.
Type sizeof: 8

[INFO -- 2018-11-26 20:21:27]
Fault Injection Successful after 1.5014448165893555s
[INFO -- 2018-11-26 20:21:29]
event type: exit
[INFO -- 2018-11-26 20:21:29]
exit code: 0
