[INFO -- 2018-11-08 20:12:58]
Starting flip_value script
version: 1.1
[INFO -- 2018-11-08 20:12:58]
Initialization strings:
[INFO -- 2018-11-08 20:12:58]
(1) file /tmp/lreg/lreg
[INFO -- 2018-11-08 20:12:58]
(2) set args /tmp/lreg/randInput /tmp/lreg/output /tmp/lreg/detected.log
[INFO -- 2018-11-08 20:12:58]
initSignal:0
[INFO -- 2018-11-08 20:12:58]
endSignal:10
[INFO -- 2018-11-08 20:12:58]
faultModel:2
[INFO -- 2018-11-08 20:13:05]
Backtrace BEGIN:
#0  __exp1 (x=<optimized out>, xx=<optimized out>, error=<optimized out>) at ../sysdeps/ieee754/dbl-64/e_exp.c:273
#1  0x00007ffff76da8dc in __ieee754_pow_sse2 (x=26, y=3) at ../sysdeps/ieee754/dbl-64/e_pow.c:115
#2  0x00007ffff76db6be in __ieee754_pow_sse2 (x=<optimized out>, y=<optimized out>) at ../sysdeps/ieee754/dbl-64/e_pow.c:184
#3  0x00007ffff76bcb14 in __pow (x=-26, y=3) at w_pow_compat.c:30
#4  0x0000555555556131 in std::pow<double, int> (__x=-26, __y=3) at /usr/include/c++/7/cmath:418
#5  0x0000555555555237 in predict (v=-26) at lreg.cpp:50
#6  0x00005555555553fc in partialDerivate (pos=3) at lreg.cpp:74
#7  0x0000555555555503 in adjust (alpha=2.2222199999999999e-05) at lreg.cpp:87
#8  0x00005555555556ac in train (iterations=45000, alpha=2.2222199999999999e-05, N=4, stopsWhenStable=true) at lreg.cpp:120
#9  0x0000555555555a1c in execute (input=0x7fffffffe1f1 "/tmp/lreg/randInput") at lreg.cpp:157
#10 0x0000555555555c98 in main (argc=4, argv=0x7fffffffde48) at lreg.cpp:194

268	../sysdeps/ieee754/dbl-64/e_exp.c: No such file or directory.

Backtrace END
Fliping value of field: std::_Vector_base<double, std::allocator<double> >
Fliping value of field: _M_impl
Fliping value of field: _M_end_of_storage
Fliping a bit of the value pointed by a pointer
Memory content before bitflip:0x000x000x000x000x000x000x000x00
Fault Model: Random bit-flip
base address to flip value: 0x555555772b70
address max offset: 8
Memory content after  bitflip:0x8f0x510xc10x470xcf0x480x8d0x06
frame name: train
symbol name: y
symbol filename: lreg.cpp
symbol line: 33
value: std::vector of length 36, capacity 64 = {7, -7, 4, -14, 8, 0, -10, -12, 77, 480, 117, 192, 77, 525, 252, 320, 396, -3, 192, 5, -31858, 12222, -52626, 8174, 12222, 10063, 58939, -2153, 2149, -178, -98178, 10063, 999, -80882, 1502, -98178}
value address: 0x55555575b160 <y>
Type: The type is a structure.
Type sizeof: 24
Field name: std::_Vector_base<double, std::allocator<double> >
Field Type: The type is a structure.
Field Type sizeof: 24

[INFO -- 2018-11-08 20:13:05]
Fault Injection Successful after 7.624936103820801s
[INFO -- 2018-11-08 20:13:05]
event type: exit
[INFO -- 2018-11-08 20:13:05]
exit code: 0
