[INFO -- 2018-10-13 10:30:24]
Starting flip_value script
version: 1.1
[INFO -- 2018-10-13 10:30:24]
Initialization strings:
[INFO -- 2018-10-13 10:30:24]
(1) file /tmp/lreg/lreg
[INFO -- 2018-10-13 10:30:24]
(2) set args /tmp/lreg/randInput /tmp/lreg/output
[INFO -- 2018-10-13 10:30:24]
initSignal:0
[INFO -- 2018-10-13 10:30:24]
endSignal:10
[INFO -- 2018-10-13 10:30:24]
faultModel:2
[INFO -- 2018-10-13 10:30:28]
Backtrace BEGIN:
#0  0x00007ffff76da8d7 in __ieee754_pow_sse2 (x=32, y=3) at ../sysdeps/ieee754/dbl-64/e_pow.c:115
#1  0x00007ffff76bcb14 in __pow (x=32, y=3) at w_pow_compat.c:30
#2  0x00005555555560ba in std::pow<double, unsigned int> (__x=32, __y=3) at /usr/include/c++/7/cmath:418
#3  0x00005555555552c2 in predict (v=32) at lreg.cpp:77
#4  0x000055555555551d in partialDerivate (pos=1) at lreg.cpp:107
#5  0x0000555555555670 in adjust () at lreg.cpp:123
#6  0x0000555555555881 in train (iterations=90000, N=4, stopsWhenStable=true) at lreg.cpp:159
#7  0x0000555555555dba in main (argc=3, argv=0x7fffffffde68) at lreg.cpp:225

110	../sysdeps/ieee754/dbl-64/e_pow.c: No such file or directory.

Backtrace END
Memory content before bitflip:0x000x000x000x000x000x000x080x40
Fault Model: Random bit-flip
base address to flip value: 0x7fffffffd6a8
address max offset: 8
Memory content after  bitflip:0xeb0x2b0x5e0x980xef0xa70x650x40
frame name: __pow
symbol name: y
symbol filename: w_pow_compat.c
symbol line: 28
value: 173.24799745934374
value address: 0x7fffffffd6a8
Type: A floating point type.
Type sizeof: 8

[INFO -- 2018-10-13 10:30:28]
Fault Injection Successful after 4.576990365982056s
[INFO -- 2018-10-13 10:30:35]
event type: exit
[INFO -- 2018-10-13 10:30:35]
exit code: 0
