[INFO -- 2018-09-15 20:53:01]
Starting flip_value script
version: 1.1
[INFO -- 2018-09-15 20:53:01]
Initialization strings:
[INFO -- 2018-09-15 20:53:01]
(1) file /tmp/lreg/lreg
[INFO -- 2018-09-15 20:53:01]
(2) set args /tmp/lreg/randInput /tmp/lreg/output
[INFO -- 2018-09-15 20:53:01]
initSignal:0
[INFO -- 2018-09-15 20:53:01]
endSignal:2
[INFO -- 2018-09-15 20:53:01]
faultModel:1
[EXCEPTION -- 2018-09-15 20:53:01]
gdbException: Attempt to dereference a generic pointer.
[EXCEPTION -- 2018-09-15 20:53:01]
pythonException: Unable to exit loop in struct fields; Exiting wihtout making a bit flip
[INFO -- 2018-09-15 20:53:01]
Backtrace BEGIN:
#0  0x0000555555554ed0 in pow@plt ()
#1  0x0000555555555f39 in std::pow<double, int> (__x=-6, __y=1) at /usr/include/c++/7/cmath:418
#2  0x0000555555555237 in predict (v=-6) at lreg.cpp:50
#3  0x00005555555553fc in partialDerivate (pos=0) at lreg.cpp:74
#4  0x0000555555555503 in adjust (alpha=0.00020000000000000001) at lreg.cpp:87
#5  0x00005555555556ac in train (iterations=30000, alpha=0.00020000000000000001, N=2, stopsWhenStable=true) at lreg.cpp:120
#6  0x0000555555555c26 in main (argc=3, argv=0x7fffffffde68) at lreg.cpp:182

2284	in rtld.c

Backtrace END
Fliping value of field: std::_Vector_base<double, std::allocator<double> >
Fliping value of field: _M_impl
Fliping value of field: _M_start
Fliping a bit of the value pointed by a pointer
Memory content before bitflip:0x800x730xed0xfd0xff0xff0xff0xbf
Fault Model: Double bit-flip
base address to flip value: 0x555555771450
address max offset: 8
Memory content after  bitflip:0x800x730xed0xfd0xff0xff0x7b0xbf
frame name: train
symbol name: bestT
symbol filename: lreg.cpp
symbol line: 115
value: std::vector of length 2, capacity 2 = {-0.0068359374698417907, -2.0000013201564619}
value address: 0x7fffffffd870
Type: The type is a structure.
Type sizeof: 24
Field name: std::_Vector_base<double, std::allocator<double> >
Field Type: The type is a structure.
Field Type sizeof: 24

[INFO -- 2018-09-15 20:53:01]
Fault Injection Successful after 0.9298853874206543s
[INFO -- 2018-09-15 20:53:08]
event type: exit
[INFO -- 2018-09-15 20:53:08]
exit code: 0
