[INFO -- 2018-10-06 22:11:55]
Starting flip_value script
version: 1.1
[INFO -- 2018-10-06 22:11:55]
Initialization strings:
[INFO -- 2018-10-06 22:11:55]
(1) file /tmp/lreg/lreg
[INFO -- 2018-10-06 22:11:55]
(2) set args /tmp/lreg/randInput /tmp/lreg/output
[INFO -- 2018-10-06 22:11:55]
initSignal:0
[INFO -- 2018-10-06 22:11:55]
endSignal:10
[INFO -- 2018-10-06 22:11:55]
faultModel:1
[INFO -- 2018-10-06 22:12:00]
Backtrace BEGIN:
#0  0x000055555555602e in std::vector<double, std::allocator<double> >::size (this=0x1100000011) at /usr/include/c++/7/bits/stl_vector.h:670
#1  0x00005555555554db in partialDerivate (pos=0) at lreg.cpp:104
#2  0x0000555555555670 in adjust () at lreg.cpp:123
#3  0x0000555555555881 in train (iterations=90000, N=4, stopsWhenStable=true) at lreg.cpp:159
#4  0x0000555555555dba in main (argc=3, argv=0x7fffffffde68) at lreg.cpp:225

665	#endif
666	
667	      // [23.2.4.2] capacity
668	      /**  Returns the number of elements in the %vector.  */
669	      size_type
670	      size() const _GLIBCXX_NOEXCEPT
671	      { return size_type(this->_M_impl._M_finish - this->_M_impl._M_start); }
672	
673	      /**  Returns the size() of the largest possible %vector.  */
674	      size_type

Backtrace END
Fliping value of field: std::_Vector_base<double, std::allocator<double> >
Fliping value of field: _M_impl
Fliping value of field: _M_finish
Fliping a bit of the value pointed by a pointer
Memory content before bitflip:0x000x000x000x000x000x000x000x00
Fault Model: Double bit-flip
base address to flip value: 0x5555557713a0
address max offset: 8
Memory content after  bitflip:0x000x180x000x000x000x000x000x00
frame name: partialDerivate
symbol name: T
symbol filename: lreg.cpp
symbol line: 43
value: std::vector of length 4, capacity 4 = {-8.2333652790581073, -179.64529952153936, -5.6403661923070123, 3.636694873737321}
value address: 0x55555575a180 <T>
Type: The type is a structure.
Type sizeof: 24
Field name: std::_Vector_base<double, std::allocator<double> >
Field Type: The type is a structure.
Field Type sizeof: 24

[INFO -- 2018-10-06 22:12:00]
Fault Injection Successful after 5.370676279067993s
[INFO -- 2018-10-06 22:12:05]
event type: exit
[INFO -- 2018-10-06 22:12:05]
exit code: 0
