[INFO -- 2018-11-27 21:27:39]
Starting flip_value script
version: 1.1
[INFO -- 2018-11-27 21:27:39]
Initialization strings:
[INFO -- 2018-11-27 21:27:39]
(1) file /tmp/lreg/lreg
[INFO -- 2018-11-27 21:27:39]
(2) set args /tmp/lreg/randInput /tmp/lreg/output
[INFO -- 2018-11-27 21:27:39]
initSignal:0
[INFO -- 2018-11-27 21:27:39]
endSignal:3
[INFO -- 2018-11-27 21:27:39]
faultModel:0
[INFO -- 2018-11-27 21:27:40]
Backtrace BEGIN:
#0  0x000055555555536f in verifyDoubleDup (a=-0.023529056403509586, b=-0.023529056403509586) at lreg.cpp:78
#1  0x00005555555557ea in predict (v=-1) at lreg.cpp:116
#2  0x0000555555555a53 in partialDerivate (pos1=2, pos2=2) at lreg.cpp:142
#3  0x0000555555555bbe in adjust (alpha1=5.0000000000000002e-05, alpha2=5.0000000000000002e-05) at lreg.cpp:156
#4  0x0000555555555ee0 in train (iter1=20000, iter2=20000, N=3, alpha1=5.0000000000000002e-05, alpha2=5.0000000000000002e-05, stopsWhenStable=true) at lreg.cpp:193
#5  0x0000555555556467 in main (argc=3, argv=0x7fffffffde58) at lreg.cpp:253

73			ofstream fp ("/tmp/lreg/detected.log", std::ofstream::app);
74			fp << "verifyDouble: a = "<<a<<"; b = "<<b<<endl;
75	        detected = 1;	
76		}	
77		return a;
78	}
79	
80	
81	void verifyChecksum(vector<double> vec){
82		if(detected!=1){

Backtrace END
Memory content before bitflip:0x000x000x000x00
Fault Model: Single bit-flip
base address to flip value: 0x55555575b1b8 
address max offset: 4
Memory content after  bitflip:0x040x000x000x00
frame name: partialDerivate
symbol name: detected
symbol filename: lreg.cpp
symbol line: 58
value: 4
value address: 0x55555575b1b8 <detected>
Type: The type is an integer type.
Type sizeof: 4

[INFO -- 2018-11-27 21:27:40]
Fault Injection Successful after 1.6112501621246338s
[INFO -- 2018-11-27 21:27:42]
event type: exit
[INFO -- 2018-11-27 21:27:42]
exit code: 0
