[INFO -- 2018-11-29 14:11:31]
Starting flip_value script
version: 1.1
[INFO -- 2018-11-29 14:11:31]
Initialization strings:
[INFO -- 2018-11-29 14:11:31]
(1) file /tmp/lreg/lreg
[INFO -- 2018-11-29 14:11:31]
(2) set args /tmp/lreg/randInput /tmp/lreg/output /tmp/lreg/detected.log
[INFO -- 2018-11-29 14:11:31]
initSignal:0
[INFO -- 2018-11-29 14:11:31]
endSignal:6
[INFO -- 2018-11-29 14:11:31]
faultModel:0
[EXCEPTION -- 2018-11-29 14:11:32]
pythonException: Unable to exit loop in struct fields; Exiting wihtout making a bit flip
[INFO -- 2018-11-29 14:11:32]
Backtrace BEGIN:
#0  0x00007ffff76da512 in __ieee754_pow_sse2 (x=6, y=1) at ../sysdeps/ieee754/dbl-64/e_pow.c:65
#1  0x00007ffff76bcb14 in __pow (x=6, y=1) at w_pow_compat.c:30
#2  0x000055555555621b in std::pow<double, int> (__x=6, __y=1) at /usr/include/c++/7/cmath:418
#3  0x0000555555555237 in predict (v=6) at lreg.cpp:50
#4  0x000055555555530a in meanSquaredError () at lreg.cpp:61
#5  0x00005555555556b1 in train (iterations=20000, alpha=5.0000000000000002e-05, N=3, stopsWhenStable=true) at lreg.cpp:121
#6  0x0000555555555a1c in execute (input=0x7fffffffe1f1 "/tmp/lreg/randInput") at lreg.cpp:157
#7  0x0000555555555c78 in main (argc=4, argv=0x7fffffffde48) at lreg.cpp:193

60	in ../sysdeps/ieee754/dbl-64/e_pow.c

Backtrace END
Fliping value of field name: x
Memory content before bitflip:0x6a0x010xf80xff0xff0xff0x070x42
Fault Model: Single bit-flip
base address to flip value: 0x7ffff779f5b0 
address max offset: 8
Memory content after  bitflip:0x6a0x110xf80xff0xff0xff0x070x42
frame name: __ieee754_pow_sse2
symbol name: bigv
symbol filename: ../sysdeps/ieee754/dbl-64/upow.h
symbol line: 53
value: {i = {-519830, 1107820543}, x = 12884901887.008503}
value address: 0x7ffff779f5b0 <bigv>
Type: The type is a union.
Type sizeof: 8
Field name: i
Field Type: The type is an array.
Field Type sizeof: 8
Field name: x
Field Type: A floating point type.
Field Type sizeof: 8

[INFO -- 2018-11-29 14:11:32]
Fault Injection Successful after 1.6728596687316895s
[INFO -- 2018-11-29 14:11:34]
event type: exit
[INFO -- 2018-11-29 14:11:34]
exit code: 0
