[INFO -- 2018-11-05 21:06:10]
Starting flip_value script
version: 1.1
[INFO -- 2018-11-05 21:06:10]
Initialization strings:
[INFO -- 2018-11-05 21:06:10]
(1) file /tmp/lreg/lreg
[INFO -- 2018-11-05 21:06:10]
(2) set args /tmp/lreg/randInput /tmp/lreg/output /tmp/lreg/detected.log
[INFO -- 2018-11-05 21:06:10]
initSignal:0
[INFO -- 2018-11-05 21:06:10]
endSignal:10
[INFO -- 2018-11-05 21:06:10]
faultModel:0
[INFO -- 2018-11-05 21:06:14]
Backtrace BEGIN:
#0  0x00005555555551ed in predict (v=5) at lreg.cpp:49
#1  0x00005555555553fc in partialDerivate (pos=2) at lreg.cpp:74
#2  0x0000555555555503 in adjust (alpha=5.0000000000000002e-05) at lreg.cpp:87
#3  0x00005555555556ac in train (iterations=30000, alpha=5.0000000000000002e-05, N=3, stopsWhenStable=true) at lreg.cpp:120
#4  0x0000555555555a1c in execute (input=0x7fffffffe1f3 "/tmp/lreg/randInput") at lreg.cpp:157
#5  0x0000555555555c98 in main (argc=4, argv=0x7fffffffde48) at lreg.cpp:194

44	/**
45		Predicts the value related to v using the Ts variables
46	*/
47	double predict(double v){
48		double val = 0;
49		for(int i = 0; i<T.size(); i++){
50			val+= (T[i] * pow(v, i));
51		}
52		return val;
53		

Backtrace END
Memory content before bitflip:0x040x000x000x00
Fault Model: Single bit-flip
base address to flip value: 0x7fffffffd8ec
address max offset: 4
Memory content after  bitflip:0x040x000x000x02
frame name: main
symbol name: argc
symbol filename: lreg.cpp
symbol line: 179
value: 33554436
value address: 0x7fffffffd8ec
Type: The type is an integer type.
Type sizeof: 4

[INFO -- 2018-11-05 21:06:14]
Fault Injection Successful after 4.493133068084717s
[INFO -- 2018-11-05 21:06:17]
event type: exit
[INFO -- 2018-11-05 21:06:17]
exit code: 0
