[INFO -- 2018-10-03 15:16:38]
Starting flip_value script
version: 1.1
[INFO -- 2018-10-03 15:16:38]
Initialization strings:
[INFO -- 2018-10-03 15:16:38]
(1) file /tmp/lreg/lreg
[INFO -- 2018-10-03 15:16:38]
(2) set args /tmp/lreg/randInput /tmp/lreg/output
[INFO -- 2018-10-03 15:16:38]
initSignal:0
[INFO -- 2018-10-03 15:16:38]
endSignal:10
[INFO -- 2018-10-03 15:16:38]
faultModel:1
[INFO -- 2018-10-03 15:16:40]
Backtrace BEGIN:
#0  __exp1 (x=<optimized out>, xx=<optimized out>, error=<optimized out>) at ../sysdeps/ieee754/dbl-64/e_exp.c:278
#1  0x00007ffff76d58dc in __ieee754_pow_sse2 (x=15, y=3) at ../sysdeps/ieee754/dbl-64/e_pow.c:115
#2  0x00007ffff76b7b14 in __pow (x=15, y=3) at w_pow_compat.c:30
#3  0x0000555555555d47 in std::pow<double, int> (__x=15, __y=3) at /usr/include/c++/7/cmath:418
#4  0x00005555555551e7 in predict (v=15) at lreg.cpp:50
#5  0x00005555555553ac in partialDerivate (pos=1) at lreg.cpp:74
#6  0x00005555555554b3 in adjust (alpha=2.2222199999999999e-05) at lreg.cpp:87
#7  0x000055555555565c in train (iterations=90000, alpha=2.2222199999999999e-05, N=4, stopsWhenStable=true) at lreg.cpp:120
#8  0x0000555555555ab7 in main (argc=3, argv=0x7fffffffde58) at lreg.cpp:174

273	../sysdeps/ieee754/dbl-64/e_exp.c: No such file or directory.

Backtrace END
Fliping value of field name: i
Fliping array at pos: 1
Memory content before bitflip:0x420x2e0xe60x3f
Fault Model: Double bit-flip
base address to flip value: 0x7ffff778c814 
address max offset: 4
Memory content after  bitflip:0x420x2e0xe60x17
frame name: __exp1
symbol name: ln_two1
symbol filename: ../sysdeps/ieee754/dbl-64/uexp.h
symbol line: 57
value: {i = {-17156096, 400961090}, x = 1.5192464705899832e-193}
value address: 0x7ffff778c810 <ln_two1>
Type: The type is a union.
Type sizeof: 8
Field name: i
Field Type: The type is an array.
Field Type sizeof: 8
Field name: x
Field Type: A floating point type.
Field Type sizeof: 8

[INFO -- 2018-10-03 15:16:40]
Fault Injection Successful after 2.684105634689331s
[INFO -- 2018-10-03 15:16:46]
event type: exit
[INFO -- 2018-10-03 15:16:46]
exit code: 0
