[INFO -- 2018-11-24 19:12:33]
Starting flip_value script
version: 1.1
[INFO -- 2018-11-24 19:12:33]
Initialization strings:
[INFO -- 2018-11-24 19:12:33]
(1) file /tmp/lreg/lreg
[INFO -- 2018-11-24 19:12:33]
(2) set args /tmp/lreg/randInput /tmp/lreg/output /tmp/lreg/detected.log
[INFO -- 2018-11-24 19:12:33]
initSignal:0
[INFO -- 2018-11-24 19:12:33]
endSignal:6
[INFO -- 2018-11-24 19:12:33]
faultModel:2
[INFO -- 2018-11-24 19:12:34]
Backtrace BEGIN:
#0  __exp1 (x=<optimized out>, xx=<optimized out>, error=<optimized out>) at ../sysdeps/ieee754/dbl-64/e_exp.c:280
#1  0x00007ffff76da8dc in __ieee754_pow_sse2 (x=17, y=3) at ../sysdeps/ieee754/dbl-64/e_pow.c:115
#2  0x00007ffff76db6be in __ieee754_pow_sse2 (x=<optimized out>, y=<optimized out>) at ../sysdeps/ieee754/dbl-64/e_pow.c:184
#3  0x00007ffff76bcb14 in __pow (x=-17, y=3) at w_pow_compat.c:30
#4  0x0000555555556149 in std::pow<double, int> (__x=-17, __y=3) at /usr/include/c++/7/cmath:418
#5  0x0000555555555237 in predict (v=-17) at lreg.cpp:50
#6  0x00005555555552ba in meanSquaredError () at lreg.cpp:61
#7  0x00005555555556b1 in train (iterations=30000, alpha=2.2222199999999999e-05, N=4, stopsWhenStable=true) at lreg.cpp:121
#8  0x0000555555555a1c in execute (input=0x7fffffffe1f2 "/tmp/lreg/randInput") at lreg.cpp:157
#9  0x0000555555555c78 in main (argc=4, argv=0x7fffffffde48) at lreg.cpp:193

275	../sysdeps/ieee754/dbl-64/e_exp.c: No such file or directory.

Backtrace END
Memory content before bitflip:0x210x0a0x910xc00x850x510x810xc0
Fault Model: Random bit-flip
base address to flip value: 0x7fffffffd4e8
address max offset: 8
Memory content after  bitflip:0xda0x190x590x210xc90x8a0x230x66
frame name: predict
symbol name: val
symbol filename: lreg.cpp
symbol line: 48
value: 1.037956850255536e+184
value address: 0x7fffffffd4e8
Type: A floating point type.
Type sizeof: 8

[INFO -- 2018-11-24 19:12:34]
Fault Injection Successful after 1.2394909858703613s
[INFO -- 2018-11-24 19:12:36]
event type: exit
[INFO -- 2018-11-24 19:12:36]
exit code: 0
