[INFO -- 2018-11-14 16:45:05]
Starting flip_value script
version: 1.1
[INFO -- 2018-11-14 16:45:05]
Initialization strings:
[INFO -- 2018-11-14 16:45:05]
(1) file /tmp/lreg/lreg
[INFO -- 2018-11-14 16:45:05]
(2) set args /tmp/lreg/randInput /tmp/lreg/output
[INFO -- 2018-11-14 16:45:05]
initSignal:0
[INFO -- 2018-11-14 16:45:05]
endSignal:5
[INFO -- 2018-11-14 16:45:05]
faultModel:0
[INFO -- 2018-11-14 16:45:07]
Backtrace BEGIN:
#0  0x00005555555567db in std::vector<double, std::allocator<double> >::operator[] (this=0x55555575b1a0 <T2>, __n=0) at /usr/include/c++/7/bits/stl_vector.h:799
#1  0x00005555555557ab in predict (v=28) at lreg.cpp:116
#2  0x00005555555558c0 in meanSquaredError () at lreg.cpp:128
#3  0x0000555555555ee5 in train (iter1=45000, iter2=45000, N=4, alpha1=2.2222199999999999e-05, alpha2=2.2222199999999999e-05, stopsWhenStable=true) at lreg.cpp:194
#4  0x0000555555556467 in main (argc=3, argv=0x7fffffffde68) at lreg.cpp:253

794	      reference
795	      operator[](size_type __n) _GLIBCXX_NOEXCEPT
796	      {
797		__glibcxx_requires_subscript(__n);
798		return *(this->_M_impl._M_start + __n);
799	      }
800	
801	      /**
802	       *  @brief  Subscript access to the data contained in the %vector.
803	       *  @param __n The index of the element for which data should be

Backtrace END
Memory content before bitflip:0x000x000x000x00
Fault Model: Single bit-flip
base address to flip value: 0x55555575b1b8 
address max offset: 4
Memory content after  bitflip:0x000x000x000x08
frame name: predict
symbol name: detected
symbol filename: lreg.cpp
symbol line: 58
value: 134217728
value address: 0x55555575b1b8 <detected>
Type: The type is an integer type.
Type sizeof: 4

[INFO -- 2018-11-14 16:45:07]
Fault Injection Successful after 2.042931318283081s
[INFO -- 2018-11-14 16:45:09]
event type: exit
[INFO -- 2018-11-14 16:45:09]
exit code: 0
