[INFO -- 2018-10-03 15:23:42]
Starting flip_value script
version: 1.1
[INFO -- 2018-10-03 15:23:42]
Initialization strings:
[INFO -- 2018-10-03 15:23:42]
(1) file /tmp/lreg/lreg
[INFO -- 2018-10-03 15:23:42]
(2) set args /tmp/lreg/randInput /tmp/lreg/output
[INFO -- 2018-10-03 15:23:42]
initSignal:0
[INFO -- 2018-10-03 15:23:42]
endSignal:10
[INFO -- 2018-10-03 15:23:42]
faultModel:2
[EXCEPTION -- 2018-10-03 15:23:42]
gdbException: Attempt to dereference a generic pointer.
[INFO -- 2018-10-03 15:23:43]
Backtrace BEGIN:
#0  0x00007ffff76d55c6 in __ieee754_pow_sse2 (x=1, y=0) at ../sysdeps/ieee754/dbl-64/e_pow.c:81
#1  0x00007ffff76b7b14 in __pow (x=1, y=0) at w_pow_compat.c:30
#2  0x0000555555555d47 in std::pow<double, int> (__x=1, __y=0) at /usr/include/c++/7/cmath:418
#3  0x00005555555551e7 in predict (v=1) at lreg.cpp:50
#4  0x00005555555553ac in partialDerivate (pos=2) at lreg.cpp:74
#5  0x00005555555554b3 in adjust (alpha=5.0000000000000002e-05) at lreg.cpp:87
#6  0x000055555555565c in train (iterations=60000, alpha=5.0000000000000002e-05, N=3, stopsWhenStable=true) at lreg.cpp:120
#7  0x0000555555555ab7 in main (argc=3, argv=0x7fffffffde58) at lreg.cpp:174

76	../sysdeps/ieee754/dbl-64/e_pow.c: No such file or directory.

Backtrace END
Fliping value of field name: i
Fliping array at pos: 0
Memory content before bitflip:0x000x380xfa0xfe
Fault Model: Random bit-flip
base address to flip value: 0x7ffff779a5c8 
address max offset: 4
Memory content after  bitflip:0x8f0x230x730xa9
frame name: __ieee754_pow_sse2
symbol name: ln2a
symbol filename: ../sysdeps/ieee754/dbl-64/upow.h
symbol line: 50
value: {i = {-1452072049, 1072049730}, x = 0.69314702125221739}
value address: 0x7ffff779a5c8 <ln2a>
Type: The type is a union.
Type sizeof: 8
Field name: i
Field Type: The type is an array.
Field Type sizeof: 8
Field name: x
Field Type: A floating point type.
Field Type sizeof: 8

[INFO -- 2018-10-03 15:23:43]
Fault Injection Successful after 1.2602624893188477s
[INFO -- 2018-10-03 15:23:49]
event type: exit
[INFO -- 2018-10-03 15:23:49]
exit code: 0
