[INFO -- 2018-11-26 15:47:02]
Starting flip_value script
version: 1.1
[INFO -- 2018-11-26 15:47:02]
Initialization strings:
[INFO -- 2018-11-26 15:47:02]
(1) file /tmp/lreg/lreg
[INFO -- 2018-11-26 15:47:02]
(2) set args /tmp/lreg/randInput /tmp/lreg/output
[INFO -- 2018-11-26 15:47:02]
initSignal:0
[INFO -- 2018-11-26 15:47:02]
endSignal:3
[INFO -- 2018-11-26 15:47:02]
faultModel:0
[INFO -- 2018-11-26 15:47:03]
Backtrace BEGIN:
#0  0x0000555555555a49 in partialDerivate (pos1=0, pos2=0) at lreg.cpp:142
#1  0x0000555555555bbe in adjust (alpha1=5.0000000000000002e-05, alpha2=5.0000000000000002e-05) at lreg.cpp:156
#2  0x0000555555555ee0 in train (iter1=20000, iter2=20000, N=3, alpha1=5.0000000000000002e-05, alpha2=5.0000000000000002e-05, stopsWhenStable=true) at lreg.cpp:193
#3  0x0000555555556467 in main (argc=3, argv=0x7fffffffde58) at lreg.cpp:253

137	*/
138	double partialDerivate(UINT pos1, UINT pos2){
139		double pD = 0;
140		
141		for(UINT i1 = 0, i2 = 0; verifyUintDup(i1, i2)<(x.size() - 1); i1++, i2++){
142			pD += ((predict(x[verifyUintDup(i1, i2)]) - y[verifyUintDup(i1, i2)])*pow(x[verifyUintDup(i1, i2)], verifyUintDup(pos1, pos2)));	
143		}
144		pD *= (2.0/(x.size() - 1));
145		return pD;
146	}

Backtrace END
Memory content before bitflip:0x000x000x000x00
Fault Model: Single bit-flip
base address to flip value: 0x55555575b1b8 
address max offset: 4
Memory content after  bitflip:0x000x000x000x04
frame name: partialDerivate
symbol name: detected
symbol filename: lreg.cpp
symbol line: 58
value: 67108864
value address: 0x55555575b1b8 <detected>
Type: The type is an integer type.
Type sizeof: 4

[INFO -- 2018-11-26 15:47:03]
Fault Injection Successful after 1.655825138092041s
[INFO -- 2018-11-26 15:47:05]
event type: exit
[INFO -- 2018-11-26 15:47:05]
exit code: 0
