[INFO -- 2018-11-23 17:31:51]
Starting flip_value script
version: 1.1
[INFO -- 2018-11-23 17:31:51]
Initialization strings:
[INFO -- 2018-11-23 17:31:51]
(1) file /tmp/lreg/lreg
[INFO -- 2018-11-23 17:31:51]
(2) set args /tmp/lreg/randInput /tmp/lreg/output
[INFO -- 2018-11-23 17:31:51]
initSignal:0
[INFO -- 2018-11-23 17:31:51]
endSignal:3
[INFO -- 2018-11-23 17:31:51]
faultModel:2
[INFO -- 2018-11-23 17:31:52]
Backtrace BEGIN:
#0  log1 (error=<synthetic pointer>, delta=<synthetic pointer>, x=14) at ../sysdeps/ieee754/dbl-64/e_pow.c:335
#1  __ieee754_pow_sse2 (x=14, y=3) at ../sysdeps/ieee754/dbl-64/e_pow.c:103
#2  0x00007ffff76db6be in __ieee754_pow_sse2 (x=<optimized out>, y=<optimized out>) at ../sysdeps/ieee754/dbl-64/e_pow.c:184
#3  0x00007ffff76bcb14 in __pow (x=-14, y=3) at w_pow_compat.c:30
#4  0x0000555555555d5f in std::pow<double, int> (__x=-14, __y=3) at /usr/include/c++/7/cmath:418
#5  0x00005555555551e7 in predict (v=-14) at lreg.cpp:50
#6  0x00005555555552ba in meanSquaredError () at lreg.cpp:61
#7  0x0000555555555661 in train (iterations=30000, alpha=2.2222199999999999e-05, N=4, stopsWhenStable=true) at lreg.cpp:121
#8  0x0000555555555ab7 in main (argc=3, argv=0x7fffffffde58) at lreg.cpp:174

330	../sysdeps/ieee754/dbl-64/e_pow.c: No such file or directory.

Backtrace END
Memory content before bitflip:0x460x5a0xb70xf40x390x4d0xf70x3e
Fault Model: Random bit-flip
base address to flip value: 0x7fffffffd940
address max offset: 8
Memory content after  bitflip:0xc90x300x990x3f0x530x5c0xf10xe8
frame name: main
symbol name: alpha
symbol filename: lreg.cpp
symbol line: 160
value: -3.2443151617691482e+197
value address: 0x7fffffffd940
Type: A floating point type.
Type sizeof: 8

[INFO -- 2018-11-23 17:31:52]
Fault Injection Successful after 1.9874637126922607s
[INFO -- 2018-11-23 17:31:53]
event type: exit
[INFO -- 2018-11-23 17:31:53]
exit code: 0
