[INFO -- 2018-11-12 17:20:55]
Starting flip_value script
version: 1.1
[INFO -- 2018-11-12 17:20:55]
Initialization strings:
[INFO -- 2018-11-12 17:20:55]
(1) file /tmp/lreg/lreg
[INFO -- 2018-11-12 17:20:55]
(2) set args /tmp/lreg/randInput /tmp/lreg/output
[INFO -- 2018-11-12 17:20:55]
initSignal:0
[INFO -- 2018-11-12 17:20:55]
endSignal:10
[INFO -- 2018-11-12 17:20:55]
faultModel:0
[INFO -- 2018-11-12 17:20:59]
Backtrace BEGIN:
#0  0x00005555555557bd in meanSquaredError () at lreg.cpp:125
#1  0x0000555555555da8 in train (iter1=45000, iter2=45000, N=4, alpha1=2.2222199999999999e-05, alpha2=2.2222199999999999e-05, stopsWhenStable=true) at lreg.cpp:191
#2  0x00005555555562e6 in main (argc=3, argv=0x7fffffffde68) at lreg.cpp:246

120	*/
121	double meanSquaredError(){
122		double error = 0;
123		
124		for(UINT i1 = 0, i2 = 0; verifyUintDup(i1, i2)<x.size(); i1++, i2++){
125			error+= ((predict(x[verifyUintDup(i1, i2)]) - y[verifyUintDup(i1, i2)]) * (predict(x[verifyUintDup(i1, i2)]) - y[verifyUintDup(i1, i2)]));	
126		}
127		error /= x.size();
128		return error;
129	

Backtrace END
Memory content before bitflip:0x020x000x000x00
Fault Model: Single bit-flip
base address to flip value: 0x7fffffffd90c
address max offset: 4
Memory content after  bitflip:0x020x010x000x00
frame name: main
symbol name: i1
symbol filename: lreg.cpp
symbol line: 229
value: 258
value address: 0x7fffffffd90c
Type: The type is an integer type.
Type sizeof: 4

[INFO -- 2018-11-12 17:20:59]
Fault Injection Successful after 4.492540121078491s
[INFO -- 2018-11-12 17:21:10]
event type: exit
[INFO -- 2018-11-12 17:21:10]
exit code: 0
