[INFO -- 2018-09-15 17:50:49]
Starting flip_value script
version: 1.1
[INFO -- 2018-09-15 17:50:49]
Initialization strings:
[INFO -- 2018-09-15 17:50:49]
(1) file /tmp/lreg/lreg
[INFO -- 2018-09-15 17:50:49]
(2) set args /tmp/lreg/randInput /tmp/lreg/output
[INFO -- 2018-09-15 17:50:49]
initSignal:0
[INFO -- 2018-09-15 17:50:49]
endSignal:2
[INFO -- 2018-09-15 17:50:49]
faultModel:0
[INFO -- 2018-09-15 17:50:49]
Backtrace BEGIN:
#0  std::pow<double, int> (__x=9, __y=0) at /usr/include/c++/7/cmath:418
#1  0x0000555555555237 in predict (v=9) at lreg.cpp:50
#2  0x000055555555530a in meanSquaredError () at lreg.cpp:61
#3  0x00005555555556b1 in train (iterations=30000, alpha=0.00020000000000000001, N=2, stopsWhenStable=true) at lreg.cpp:121
#4  0x0000555555555c26 in main (argc=3, argv=0x7fffffffde68) at lreg.cpp:182

413	    inline _GLIBCXX_CONSTEXPR
414	    typename __gnu_cxx::__promote_2<_Tp, _Up>::__type
415	    pow(_Tp __x, _Up __y)
416	    {
417	      typedef typename __gnu_cxx::__promote_2<_Tp, _Up>::__type __type;
418	      return pow(__type(__x), __type(__y));
419	    }
420	
421	  using ::sin;
422	

Backtrace END
Memory content before bitflip:0x000x000x000x00
Fault Model: Single bit-flip
base address to flip value: 0x7fffffffd764
address max offset: 4
Memory content after  bitflip:0x000x200x000x00
frame name: std::pow<double, int>
symbol name: __y
symbol filename: /usr/include/c++/7/cmath
symbol line: 415
value: 8192
value address: 0x7fffffffd764
Type: The type is an integer type.
Type sizeof: 4

[INFO -- 2018-09-15 17:50:49]
Fault Injection Successful after 0.9248080253601074s
[INFO -- 2018-09-15 17:50:56]
event type: exit
[INFO -- 2018-09-15 17:50:56]
exit code: 0
