[INFO -- 2018-11-25 11:24:04]
Starting flip_value script
version: 1.1
[INFO -- 2018-11-25 11:24:04]
Initialization strings:
[INFO -- 2018-11-25 11:24:04]
(1) file /tmp/lreg/lreg
[INFO -- 2018-11-25 11:24:04]
(2) set args /tmp/lreg/randInput /tmp/lreg/output /tmp/lreg/detected.log
[INFO -- 2018-11-25 11:24:04]
initSignal:0
[INFO -- 2018-11-25 11:24:04]
endSignal:6
[INFO -- 2018-11-25 11:24:04]
faultModel:1
[INFO -- 2018-11-25 11:24:07]
Backtrace BEGIN:
#0  0x00007ffff76bcb37 in __pow (x=-1, y=2) at w_pow_compat.c:31
#1  0x000055555555621b in std::pow<double, int> (__x=-1, __y=2) at /usr/include/c++/7/cmath:418
#2  0x0000555555555237 in predict (v=-1) at lreg.cpp:50
#3  0x00005555555553fc in partialDerivate (pos=3) at lreg.cpp:74
#4  0x0000555555555503 in adjust (alpha=2.2222199999999999e-05) at lreg.cpp:87
#5  0x00005555555556ac in train (iterations=30000, alpha=2.2222199999999999e-05, N=4, stopsWhenStable=true) at lreg.cpp:120
#6  0x0000555555555a1c in execute (input=0x7fffffffe1f1 "/tmp/lreg/randInput") at lreg.cpp:157
#7  0x0000555555555c78 in main (argc=4, argv=0x7fffffffde48) at lreg.cpp:193

26	w_pow_compat.c: No such file or directory.

Backtrace END
Fliping value of field: std::_Vector_base<double, std::allocator<double> >
Fliping value of field: _M_impl
Fliping value of field: _M_end_of_storage
Fliping a bit of the pointer
Memory content before bitflip:0xa00x230x770x550x550x550x000x00
Fault Model: Double bit-flip
base address to flip value: 0x55555575b190 
address max offset: 8
Memory content after  bitflip:0xa00x230x7e0x550x550x550x000x00
frame name: main
symbol name: T
symbol filename: lreg.cpp
symbol line: 34
value: std::vector of length 4, capacity 57348 = {0.17880010135789542, -0.9239154985905178, -1.9451811733595148, -4.044928126644562}
value address: 0x55555575b180 <T>
Type: The type is a structure.
Type sizeof: 24
Field name: std::_Vector_base<double, std::allocator<double> >
Field Type: The type is a structure.
Field Type sizeof: 24

[INFO -- 2018-11-25 11:24:07]
Fault Injection Successful after 3.4105803966522217s
[INFO -- 2018-11-25 11:24:10]
event type: exit
[INFO -- 2018-11-25 11:24:10]
exit code: 0
