[INFO -- 2018-11-05 21:30:00]
Starting flip_value script
version: 1.1
[INFO -- 2018-11-05 21:30:00]
Initialization strings:
[INFO -- 2018-11-05 21:30:00]
(1) file /tmp/lreg/lreg
[INFO -- 2018-11-05 21:30:00]
(2) set args /tmp/lreg/randInput /tmp/lreg/output /tmp/lreg/detected.log
[INFO -- 2018-11-05 21:30:00]
initSignal:0
[INFO -- 2018-11-05 21:30:00]
endSignal:10
[INFO -- 2018-11-05 21:30:00]
faultModel:1
[INFO -- 2018-11-05 21:30:01]
Backtrace BEGIN:
#0  __ieee754_pow_sse2 (x=9, y=3) at ../sysdeps/ieee754/dbl-64/e_pow.c:112
#1  0x00007ffff76bcb14 in __pow (x=9, y=3) at w_pow_compat.c:30
#2  0x0000555555556131 in std::pow<double, int> (__x=9, __y=3) at /usr/include/c++/7/cmath:418
#3  0x0000555555555237 in predict (v=9) at lreg.cpp:50
#4  0x00005555555553fc in partialDerivate (pos=2) at lreg.cpp:74
#5  0x0000555555555503 in adjust (alpha=2.2222199999999999e-05) at lreg.cpp:87
#6  0x00005555555556ac in train (iterations=45000, alpha=2.2222199999999999e-05, N=4, stopsWhenStable=true) at lreg.cpp:120
#7  0x0000555555555a1c in execute (input=0x7fffffffe1f3 "/tmp/lreg/randInput") at lreg.cpp:157
#8  0x0000555555555c60 in main (argc=4, argv=0x7fffffffde48) at lreg.cpp:191

107	../sysdeps/ieee754/dbl-64/e_pow.c: No such file or directory.

Backtrace END
Memory content before bitflip:0x410x480x5a0x510xeb0x550xe10x40
Fault Model: Double bit-flip
base address to flip value: 0x7fffffffd528
address max offset: 8
Memory content after  bitflip:0x410x480x5a0x150xeb0x550xe10x40
frame name: adjust
symbol name: PD
symbol filename: lreg.cpp
symbol line: 85
value: 35503.34635652649
value address: 0x7fffffffd528
Type: A floating point type.
Type sizeof: 8

[INFO -- 2018-11-05 21:30:01]
Fault Injection Successful after 1.8314290046691895s
[INFO -- 2018-11-05 21:30:08]
event type: exit
[INFO -- 2018-11-05 21:30:08]
exit code: 0
