[INFO -- 2018-10-03 16:06:50]
Starting flip_value script
version: 1.1
[INFO -- 2018-10-03 16:06:50]
Initialization strings:
[INFO -- 2018-10-03 16:06:50]
(1) file /tmp/lreg/lreg
[INFO -- 2018-10-03 16:06:50]
(2) set args /tmp/lreg/randInput /tmp/lreg/output
[INFO -- 2018-10-03 16:06:50]
initSignal:0
[INFO -- 2018-10-03 16:06:50]
endSignal:10
[INFO -- 2018-10-03 16:06:50]
faultModel:1
[EXCEPTION -- 2018-10-03 16:06:52]
pythonException: Unable to exit loop in struct fields; Exiting wihtout making a bit flip
[EXCEPTION -- 2018-10-03 16:06:52]
pythonException: Unable to exit loop in struct fields; Exiting wihtout making a bit flip
[INFO -- 2018-10-03 16:06:53]
Backtrace BEGIN:
#0  0x00007ffff76d5512 in __ieee754_pow_sse2 (x=9, y=0) at ../sysdeps/ieee754/dbl-64/e_pow.c:65
#1  0x00007ffff76b7b14 in __pow (x=9, y=0) at w_pow_compat.c:30
#2  0x0000555555555d47 in std::pow<double, int> (__x=9, __y=0) at /usr/include/c++/7/cmath:418
#3  0x00005555555551e7 in predict (v=9) at lreg.cpp:50
#4  0x00005555555552ba in meanSquaredError () at lreg.cpp:61
#5  0x0000555555555661 in train (iterations=90000, alpha=2.2222199999999999e-05, N=4, stopsWhenStable=true) at lreg.cpp:121
#6  0x0000555555555ab7 in main (argc=3, argv=0x7fffffffde58) at lreg.cpp:174

60	../sysdeps/ieee754/dbl-64/e_pow.c: No such file or directory.

Backtrace END
Fliping value of field name: i
Fliping array at pos: 0
Memory content before bitflip:0x000x000x000x00
Fault Model: Double bit-flip
base address to flip value: 0x7ffff779a5d8 
address max offset: 4
Memory content after  bitflip:0x000x000x000x90
frame name: __ieee754_pow_sse2
symbol name: INF
symbol filename: ../sysdeps/ieee754/dbl-64/upow.h
symbol line: 48
value: {i = {-1879048192, 2146435072}, x = nan(0x090000000)}
value address: 0x7ffff779a5d8 <INF>
Type: The type is a union.
Type sizeof: 8
Field name: i
Field Type: The type is an array.
Field Type sizeof: 8
Field name: x
Field Type: A floating point type.
Field Type sizeof: 8

[INFO -- 2018-10-03 16:06:53]
Fault Injection Successful after 3.001103401184082s
[INFO -- 2018-10-03 16:06:58]
event type: exit
[INFO -- 2018-10-03 16:06:58]
exit code: 0
