[INFO -- 2018-10-12 13:06:45]
Starting flip_value script
version: 1.1
[INFO -- 2018-10-12 13:06:45]
Initialization strings:
[INFO -- 2018-10-12 13:06:45]
(1) file /tmp/lreg/lreg
[INFO -- 2018-10-12 13:06:45]
(2) set args /tmp/lreg/randInput /tmp/lreg/output
[INFO -- 2018-10-12 13:06:45]
initSignal:0
[INFO -- 2018-10-12 13:06:45]
endSignal:10
[INFO -- 2018-10-12 13:06:45]
faultModel:2
[INFO -- 2018-10-12 13:06:48]
Backtrace BEGIN:
#0  selectTriUInt (a=3, b=3, c=3) at lreg.cpp:49
#1  0x000055555555563b in adjust () at lreg.cpp:120
#2  0x0000555555555881 in train (iterations=90000, N=4, stopsWhenStable=true) at lreg.cpp:159
#3  0x0000555555555dba in main (argc=3, argv=0x7fffffffde68) at lreg.cpp:225

44	
45	double a1, a2, a3; // triplication of alpha
46	
47	UINT selectTriUInt(UINT a, UINT b, UINT c){
48		return (a == b)? a : c;
49	}
50	double selectTriDouble(double a, double b, double c){
51		return (a == b)? a : c;
52	}
53	

Backtrace END
Memory content before bitflip:0x460x5a0xb70xf40x390x4d0xf70x3e
Fault Model: Random bit-flip
base address to flip value: 0x55555575a1a0 
address max offset: 8
Memory content after  bitflip:0x8a0x810xdc0xa90xd70x270xee0x94
frame name: adjust
symbol name: a2
symbol filename: lreg.cpp
symbol line: 45
value: -7.3380636737504457e-208
value address: 0x55555575a1a0 <a2>
Type: A floating point type.
Type sizeof: 8

[INFO -- 2018-10-12 13:06:48]
Fault Injection Successful after 3.409860372543335s
[INFO -- 2018-10-12 13:06:54]
event type: exit
[INFO -- 2018-10-12 13:06:54]
exit code: 0
