[INFO -- 2018-11-25 10:29:07]
Starting flip_value script
version: 1.1
[INFO -- 2018-11-25 10:29:07]
Initialization strings:
[INFO -- 2018-11-25 10:29:07]
(1) file /tmp/lreg/lreg
[INFO -- 2018-11-25 10:29:07]
(2) set args /tmp/lreg/randInput /tmp/lreg/output /tmp/lreg/detected.log
[INFO -- 2018-11-25 10:29:07]
initSignal:0
[INFO -- 2018-11-25 10:29:07]
endSignal:6
[INFO -- 2018-11-25 10:29:07]
faultModel:1
[INFO -- 2018-11-25 10:29:10]
Backtrace BEGIN:
#0  log1 (error=<synthetic pointer>, delta=<synthetic pointer>, x=5) at ../sysdeps/ieee754/dbl-64/e_pow.c:273
#1  __ieee754_pow_sse2 (x=5, y=3) at ../sysdeps/ieee754/dbl-64/e_pow.c:103
#2  0x00007ffff76bcb14 in __pow (x=5, y=3) at w_pow_compat.c:30
#3  0x000055555555621b in std::pow<double, int> (__x=5, __y=3) at /usr/include/c++/7/cmath:418
#4  0x0000555555555237 in predict (v=5) at lreg.cpp:50
#5  0x000055555555530a in meanSquaredError () at lreg.cpp:61
#6  0x00005555555556b1 in train (iterations=30000, alpha=2.2222199999999999e-05, N=4, stopsWhenStable=true) at lreg.cpp:121
#7  0x0000555555555a1c in execute (input=0x7fffffffe1f1 "/tmp/lreg/randInput") at lreg.cpp:157
#8  0x0000555555555cb0 in main (argc=4, argv=0x7fffffffde48) at lreg.cpp:196

268	../sysdeps/ieee754/dbl-64/e_pow.c: No such file or directory.

Backtrace END
Memory content before bitflip:0x040x000x000x00
Fault Model: Double bit-flip
base address to flip value: 0x7fffffffd568
address max offset: 4
Memory content after  bitflip:0x940x000x000x00
frame name: train
symbol name: N
symbol filename: lreg.cpp
symbol line: 105
value: 148
value address: 0x7fffffffd568
Type: The type is an integer type.
Type sizeof: 4

[INFO -- 2018-11-25 10:29:10]
Fault Injection Successful after 3.5457301139831543s
[INFO -- 2018-11-25 10:29:11]
event type: exit
[INFO -- 2018-11-25 10:29:11]
exit code: 0
