[INFO -- 2018-10-03 15:02:38]
Starting flip_value script
version: 1.1
[INFO -- 2018-10-03 15:02:38]
Initialization strings:
[INFO -- 2018-10-03 15:02:38]
(1) file /tmp/lreg/lreg
[INFO -- 2018-10-03 15:02:38]
(2) set args /tmp/lreg/randInput /tmp/lreg/output
[INFO -- 2018-10-03 15:02:38]
initSignal:0
[INFO -- 2018-10-03 15:02:38]
endSignal:10
[INFO -- 2018-10-03 15:02:38]
faultModel:2
[EXCEPTION -- 2018-10-03 15:02:41]
pythonException: Unable to exit loop in struct fields; Exiting wihtout making a bit flip
[EXCEPTION -- 2018-10-03 15:02:41]
pythonException: Unable to exit loop in struct fields; Exiting wihtout making a bit flip
[INFO -- 2018-10-03 15:02:45]
Backtrace BEGIN:
#0  0x00007ffff76d59e6 in __ieee754_pow_sse2 (x=-12, y=3) at ../sysdeps/ieee754/dbl-64/e_pow.c:128
#1  0x00007ffff76b7b14 in __pow (x=-12, y=3) at w_pow_compat.c:30
#2  0x0000555555555d47 in std::pow<double, int> (__x=-12, __y=3) at /usr/include/c++/7/cmath:418
#3  0x00005555555551e7 in predict (v=-12) at lreg.cpp:50
#4  0x00005555555553ac in partialDerivate (pos=1) at lreg.cpp:74
#5  0x00005555555554b3 in adjust (alpha=2.2222199999999999e-05) at lreg.cpp:87
#6  0x000055555555565c in train (iterations=90000, alpha=2.2222199999999999e-05, N=4, stopsWhenStable=true) at lreg.cpp:120
#7  0x0000555555555ab7 in main (argc=3, argv=0x7fffffffde58) at lreg.cpp:174

123	../sysdeps/ieee754/dbl-64/e_pow.c: No such file or directory.

Backtrace END
Memory content before bitflip:0x01
Fault Model: Random bit-flip
base address to flip value: 0x7fffffffd80c
address max offset: 1
Memory content after  bitflip:0x12
frame name: train
symbol name: stopsWhenStable
symbol filename: lreg.cpp
symbol line: 105
value: 18
value address: 0x7fffffffd80c
Type: A boolean type.
Type sizeof: 1

[INFO -- 2018-10-03 15:02:45]
Fault Injection Successful after 7.268258094787598s
[INFO -- 2018-10-03 15:02:46]
event type: exit
[INFO -- 2018-10-03 15:02:46]
exit code: 0
