[INFO -- 2018-11-06 21:51:03]
Starting flip_value script
version: 1.1
[INFO -- 2018-11-06 21:51:03]
Initialization strings:
[INFO -- 2018-11-06 21:51:03]
(1) file /tmp/lreg/lreg
[INFO -- 2018-11-06 21:51:03]
(2) set args /tmp/lreg/randInput /tmp/lreg/output /tmp/lreg/detected.log
[INFO -- 2018-11-06 21:51:03]
initSignal:0
[INFO -- 2018-11-06 21:51:03]
endSignal:10
[INFO -- 2018-11-06 21:51:03]
faultModel:1
[INFO -- 2018-11-06 21:51:10]
Backtrace BEGIN:
#0  libc_feholdsetround_sse_ctx (r=0, ctx=<synthetic pointer>) at ../sysdeps/i386/fpu/fenv_private.h:447
#1  __ieee754_pow_sse2 (x=-13, y=3) at ../sysdeps/ieee754/dbl-64/e_pow.c:183
#2  0x00007ffff76bcb14 in __pow (x=-13, y=3) at w_pow_compat.c:30
#3  0x0000555555556131 in std::pow<double, int> (__x=-13, __y=3) at /usr/include/c++/7/cmath:418
#4  0x0000555555555237 in predict (v=-13) at lreg.cpp:50
#5  0x00005555555552ba in meanSquaredError () at lreg.cpp:61
#6  0x00005555555556b1 in train (iterations=45000, alpha=2.2222199999999999e-05, N=4, stopsWhenStable=true) at lreg.cpp:121
#7  0x0000555555555a1c in execute (input=0x7fffffffe1f3 "/tmp/lreg/randInput") at lreg.cpp:157
#8  0x0000555555555c98 in main (argc=4, argv=0x7fffffffde48) at lreg.cpp:194

442	../sysdeps/i386/fpu/fenv_private.h: No such file or directory.

Backtrace END
Fliping value of field: std::_Vector_base<double, std::allocator<double> >
Fliping value of field: _M_impl
Fliping value of field: _M_end_of_storage
Fliping a bit of the value pointed by a pointer
Memory content before bitflip:0x000x000x000x000x000x000x000x00
Fault Model: Double bit-flip
base address to flip value: 0x5555557723a0
address max offset: 8
Memory content after  bitflip:0x000x000x000x000x000x000x000x0a
frame name: std::pow<double, int>
symbol name: T
symbol filename: lreg.cpp
symbol line: 34
value: std::vector of length 4, capacity 4 = {-3.1789306451482564, 33.239380587317214, 8.2622444764840797, -1.6759877720333971}
value address: 0x55555575b180 <T>
Type: The type is a structure.
Type sizeof: 24
Field name: std::_Vector_base<double, std::allocator<double> >
Field Type: The type is a structure.
Field Type sizeof: 24

[INFO -- 2018-11-06 21:51:10]
Fault Injection Successful after 7.142904281616211s
[INFO -- 2018-11-06 21:51:13]
event type: exit
[INFO -- 2018-11-06 21:51:13]
exit code: 0
