[INFO -- 2018-09-16 00:10:02]
Starting flip_value script
version: 1.1
[INFO -- 2018-09-16 00:10:02]
Initialization strings:
[INFO -- 2018-09-16 00:10:02]
(1) file /tmp/lreg/lreg
[INFO -- 2018-09-16 00:10:02]
(2) set args /tmp/lreg/randInput /tmp/lreg/output
[INFO -- 2018-09-16 00:10:02]
initSignal:0
[INFO -- 2018-09-16 00:10:02]
endSignal:2
[INFO -- 2018-09-16 00:10:02]
faultModel:1
[EXCEPTION -- 2018-09-16 00:10:03]
gdbException: Attempt to dereference a generic pointer.
[INFO -- 2018-09-16 00:10:05]
Backtrace BEGIN:
#0  0x00007ffff76d553c in __ieee754_pow_sse2 (x=-21, y=1) at ../sysdeps/ieee754/dbl-64/e_pow.c:65
#1  0x00007ffff76b7b14 in __pow (x=-21, y=1) at w_pow_compat.c:30
#2  0x0000555555555f39 in std::pow<double, int> (__x=-21, __y=1) at /usr/include/c++/7/cmath:418
#3  0x0000555555555237 in predict (v=-21) at lreg.cpp:50
#4  0x00005555555553fc in partialDerivate (pos=0) at lreg.cpp:74
#5  0x0000555555555503 in adjust (alpha=2.2222199999999999e-05) at lreg.cpp:87
#6  0x00005555555556ac in train (iterations=90000, alpha=2.2222199999999999e-05, N=4, stopsWhenStable=true) at lreg.cpp:120
#7  0x0000555555555c26 in main (argc=3, argv=0x7fffffffde68) at lreg.cpp:182

60	../sysdeps/ieee754/dbl-64/e_pow.c: No such file or directory.

Backtrace END
Fliping value of field name: x
Memory content before bitflip:0x000x000x000x000x000x000x300x43
Fault Model: Double bit-flip
base address to flip value: 0x7ffff779a5a8 
address max offset: 8
Memory content after  bitflip:0x000x000x000x000x480x000x300x43
frame name: __ieee754_pow_sse2
symbol name: t52
symbol filename: ../sysdeps/ieee754/dbl-64/upow.h
symbol line: 54
value: {i = {0, 1127219272}, x = 4503908865015808}
value address: 0x7ffff779a5a8 <t52>
Type: The type is a union.
Type sizeof: 8
Field name: i
Field Type: The type is an array.
Field Type sizeof: 8
Field name: x
Field Type: A floating point type.
Field Type sizeof: 8

[INFO -- 2018-09-16 00:10:05]
Fault Injection Successful after 3.897688150405884s
[INFO -- 2018-09-16 00:10:10]
event type: exit
[INFO -- 2018-09-16 00:10:10]
exit code: 0
