[INFO -- 2018-11-15 13:27:41]
Starting flip_value script
version: 1.1
[INFO -- 2018-11-15 13:27:41]
Initialization strings:
[INFO -- 2018-11-15 13:27:41]
(1) file /tmp/lreg/lreg
[INFO -- 2018-11-15 13:27:41]
(2) set args /tmp/lreg/randInput /tmp/lreg/output
[INFO -- 2018-11-15 13:27:41]
initSignal:0
[INFO -- 2018-11-15 13:27:41]
endSignal:5
[INFO -- 2018-11-15 13:27:41]
faultModel:0
[INFO -- 2018-11-15 13:27:42]
Backtrace BEGIN:
#0  0x0000555555555b9b in adjust (alpha1=0.00020000000000000001, alpha2=0.00020000000000000001) at lreg.cpp:156
#1  0x0000555555555ee0 in train (iter1=15000, iter2=15000, N=2, alpha1=0.00020000000000000001, alpha2=0.00020000000000000001, stopsWhenStable=true) at lreg.cpp:193
#2  0x0000555555556467 in main (argc=3, argv=0x7fffffffde58) at lreg.cpp:253

151	void adjust(double alpha1, double alpha2){
152		
153		double PD;
154		
155		for(UINT i1 = 0, i2 = 0; verifyUintDup(i1, i2)<T1.size(); i1++, i2++){
156			PD = partialDerivate(verifyUintDup(i1, i2), verifyUintDup(i1, i2));
157			// alpha is different from the canonical version because this works better
158			double diff = ((verifyDoubleDup(alpha1, alpha2) / (sqrt( fabs(PD) ))) * PD);
159			T1[verifyUintDup(i1, i2)]= T1[verifyUintDup(i1, i2)] - diff;
160			T2[verifyUintDup(i1, i2)]= T2[verifyUintDup(i1, i2)] - diff;

Backtrace END
Fliping value of field: std::_Vector_base<double, std::allocator<double> >
Fliping value of field: _M_impl
Fliping value of field: _M_finish
Fliping a bit of the pointer
Memory content before bitflip:0x500x250x770x550x550x550x000x00
Fault Model: Single bit-flip
base address to flip value: 0x7fffffffd828
address max offset: 8
Memory content after  bitflip:0x500x240x770x550x550x550x000x00
frame name: train
symbol name: bestT
symbol filename: lreg.cpp
symbol line: 188
value: std::vector of length -30, capacity 2 = {-1.6315678695928628, 2.0148595641867986, 0, 1.6304166312761136e-322, 4.6355706480405627e-310, 2.0148659650217922, 0, 1.6304166312761136e-322, 0, 2.0148595641867986, 0, 2.155756632499111e-319, 0, 0, 0, 0, 0, 0, 0, 0, 0, 0, 0, 0, 0, 0, 0, 0, 0, 0, 0, 0, 0, 0, 0, 0, 0, 0, 0, 0, 0, 0, 0, 0, 0, 0, 0, 0, 0, 0, 0, 0, 0, 0, 0, 0, 0, 0, 0, 0, 0, 0, 0, 0, 0, 0, 0, 0, 0, 0, 0, 0, 0, 0, 0, 0, 0, 0, 0, 0, 0, 0, 0, 0, 0, 0, 0, 0, 0, 0, 0, 0, 0, 0, 0, 0, 0, 0, 0, 0, 0, 0, 0, 0, 0, 0, 0, 0, 0, 0, 0, 0, 0, 0, 0, 0, 0, 0, 0, 0, 0, 0, 0, 0, 0, 0, 0, 0, 0, 0, 0, 0, 0, 0, 0, 0, 0, 0, 0, 0, 0, 0, 0, 0, 0, 0, 0, 0, 0, 0, 0, 0, 0, 0, 0, 0, 0, 0, 0, 0, 0, 0, 0, 0, 0, 0, 0, 0, 0, 0, 0, 0, 0, 0, 0, 0, 0, 0, 0, 0, 0, 0, 0, 0, 0, 0, 0, 0, 0, 0, 0, 0, 0, 0, 0, 0, 0, 0, 0, 0...}
value address: 0x7fffffffd820
Type: The type is a structure.
Type sizeof: 24
Field name: std::_Vector_base<double, std::allocator<double> >
Field Type: The type is a structure.
Field Type sizeof: 24

[INFO -- 2018-11-15 13:27:42]
Fault Injection Successful after 1.6044869422912598s
[INFO -- 2018-11-15 13:27:45]
event type: exit
[INFO -- 2018-11-15 13:27:45]
exit code: 0
