[INFO -- 2018-11-07 17:58:42]
Starting flip_value script
version: 1.1
[INFO -- 2018-11-07 17:58:42]
Initialization strings:
[INFO -- 2018-11-07 17:58:42]
(1) file /tmp/lreg/lreg
[INFO -- 2018-11-07 17:58:42]
(2) set args /tmp/lreg/randInput /tmp/lreg/output /tmp/lreg/detected.log
[INFO -- 2018-11-07 17:58:42]
initSignal:0
[INFO -- 2018-11-07 17:58:42]
endSignal:10
[INFO -- 2018-11-07 17:58:42]
faultModel:2
[INFO -- 2018-11-07 17:58:43]
Backtrace BEGIN:
#0  0x000055555555522d in predict (v=-11) at lreg.cpp:50
#1  0x000055555555530a in meanSquaredError () at lreg.cpp:61
#2  0x00005555555556b1 in train (iterations=15000, alpha=0.00020000000000000001, N=2, stopsWhenStable=true) at lreg.cpp:121
#3  0x0000555555555a1c in execute (input=0x7fffffffe1f2 "/tmp/lreg/randInput") at lreg.cpp:157
#4  0x0000555555555c60 in main (argc=4, argv=0x7fffffffde48) at lreg.cpp:191

45		Predicts the value related to v using the Ts variables
46	*/
47	double predict(double v){
48		double val = 0;
49		for(int i = 0; i<T.size(); i++){
50			val+= (T[i] * pow(v, i));
51		}
52		return val;
53		
54	}

Backtrace END
Fliping value of field: std::_Vector_base<double, std::allocator<double> >
Fliping value of field: _M_impl
Fliping value of field: _M_start
Fliping a bit of the value pointed by a pointer
Memory content before bitflip:0xcd0x6e0x640xc60x660x920xf40x3f
Fault Model: Random bit-flip
base address to flip value: 0x555555772340
address max offset: 8
Memory content after  bitflip:0x330xc50x0d0x610x930x070xf40x13
frame name: predict
symbol name: T
symbol filename: lreg.cpp
symbol line: 34
value: std::vector of length 2, capacity 2 = {1.4874253720381072e-212, -2.0498597709312389}
value address: 0x55555575b180 <T>
Type: The type is a structure.
Type sizeof: 24
Field name: std::_Vector_base<double, std::allocator<double> >
Field Type: The type is a structure.
Field Type sizeof: 24

[INFO -- 2018-11-07 17:58:43]
Fault Injection Successful after 1.694697380065918s
[INFO -- 2018-11-07 17:58:55]
event type: exit
[INFO -- 2018-11-07 17:58:55]
exit code: 0
