[INFO -- 2018-10-02 18:41:49]
Starting flip_value script
version: 1.1
[INFO -- 2018-10-02 18:41:49]
Initialization strings:
[INFO -- 2018-10-02 18:41:49]
(1) file /tmp/lreg/lreg
[INFO -- 2018-10-02 18:41:49]
(2) set args /tmp/lreg/randInput /tmp/lreg/output
[INFO -- 2018-10-02 18:41:49]
initSignal:0
[INFO -- 2018-10-02 18:41:49]
endSignal:10
[INFO -- 2018-10-02 18:41:49]
faultModel:1
[INFO -- 2018-10-02 18:41:55]
Backtrace BEGIN:
#0  libc_feholdsetround_sse_ctx (r=0, ctx=<synthetic pointer>) at ../sysdeps/i386/fpu/fenv_private.h:447
#1  __ieee754_pow_sse2 (x=8, y=3) at ../sysdeps/ieee754/dbl-64/e_pow.c:97
#2  0x00007ffff76b7b14 in __pow (x=8, y=3) at w_pow_compat.c:30
#3  0x0000555555555d47 in std::pow<double, int> (__x=8, __y=3) at /usr/include/c++/7/cmath:418
#4  0x00005555555551e7 in predict (v=8) at lreg.cpp:50
#5  0x00005555555552ba in meanSquaredError () at lreg.cpp:61
#6  0x0000555555555661 in train (iterations=90000, alpha=2.2222199999999999e-05, N=4, stopsWhenStable=true) at lreg.cpp:121
#7  0x0000555555555ab7 in main (argc=3, argv=0x7fffffffde58) at lreg.cpp:174

442	../sysdeps/i386/fpu/fenv_private.h: No such file or directory.

Backtrace END
Fliping value of field: std::_Vector_base<double, std::allocator<double> >
Fliping value of field: _M_impl
Fliping value of field: _M_end_of_storage
Fliping a bit of the pointer
Memory content before bitflip:0xa00x130x770x550x550x550x000x00
Fault Model: Double bit-flip
base address to flip value: 0x55555575a190 
address max offset: 8
Memory content after  bitflip:0x280x130x770x550x550x550x000x00
frame name: std::pow<double, int>
symbol name: T
symbol filename: lreg.cpp
symbol line: 34
value: std::vector of length 4, capacity -11 = {102.0850272652161, 332.29341764756896, -19.857683545450925, -4.2034056384967924}
value address: 0x55555575a180 <T>
Type: The type is a structure.
Type sizeof: 24
Field name: std::_Vector_base<double, std::allocator<double> >
Field Type: The type is a structure.
Field Type sizeof: 24

[INFO -- 2018-10-02 18:41:55]
Fault Injection Successful after 6.6792778968811035s
[INFO -- 2018-10-02 18:41:56]
event type: exit
[INFO -- 2018-10-02 18:41:56]
exit code: 0
