[INFO -- 2018-11-27 17:57:57]
Starting flip_value script
version: 1.1
[INFO -- 2018-11-27 17:57:57]
Initialization strings:
[INFO -- 2018-11-27 17:57:57]
(1) file /tmp/lreg/lreg
[INFO -- 2018-11-27 17:57:57]
(2) set args /tmp/lreg/randInput /tmp/lreg/output
[INFO -- 2018-11-27 17:57:57]
initSignal:0
[INFO -- 2018-11-27 17:57:57]
endSignal:3
[INFO -- 2018-11-27 17:57:57]
faultModel:0
[INFO -- 2018-11-27 17:57:58]
Backtrace BEGIN:
#0  0x0000555555555963 in meanSquaredError () at lreg.cpp:128
#1  0x0000555555555ee5 in train (iter1=30000, iter2=30000, N=4, alpha1=2.2222199999999999e-05, alpha2=2.2222199999999999e-05, stopsWhenStable=true) at lreg.cpp:194
#2  0x0000555555556467 in main (argc=3, argv=0x7fffffffde58) at lreg.cpp:253

123	*/
124	double meanSquaredError(){
125		double error = 0;
126		
127		for(UINT i1 = 0, i2 = 0; verifyUintDup(i1, i2)<(x.size() - 1); i1++, i2++){
128			error+= ((predict(x[verifyUintDup(i1, i2)]) - y[verifyUintDup(i1, i2)]) * (predict(x[verifyUintDup(i1, i2)]) - y[verifyUintDup(i1, i2)]));	
129		}
130		error /= (x.size() - 1);
131		return error;
132	

Backtrace END
Memory content before bitflip:0x040x000x000x00
Fault Model: Single bit-flip
base address to flip value: 0x7fffffffd8e0
address max offset: 4
Memory content after  bitflip:0x140x000x000x00
frame name: main
symbol name: N
symbol filename: lreg.cpp
symbol line: 236
value: 20
value address: 0x7fffffffd8e0
Type: The type is an integer type.
Type sizeof: 4

[INFO -- 2018-11-27 17:57:58]
Fault Injection Successful after 1.4415676593780518s
[INFO -- 2018-11-27 17:57:59]
event type: exit
[INFO -- 2018-11-27 17:57:59]
exit code: 0
