[INFO -- 2018-11-16 13:36:44]
Starting flip_value script
version: 1.1
[INFO -- 2018-11-16 13:36:44]
Initialization strings:
[INFO -- 2018-11-16 13:36:44]
(1) file /tmp/lreg/lreg
[INFO -- 2018-11-16 13:36:44]
(2) set args /tmp/lreg/randInput /tmp/lreg/output
[INFO -- 2018-11-16 13:36:44]
initSignal:0
[INFO -- 2018-11-16 13:36:44]
endSignal:5
[INFO -- 2018-11-16 13:36:44]
faultModel:2
[INFO -- 2018-11-16 13:36:47]
Backtrace BEGIN:
#0  0x00005555555567c0 in std::vector<double, std::allocator<double> >::operator[] (this=0x3, __n=8589934594) at /usr/include/c++/7/bits/stl_vector.h:795
#1  0x00005555555557ab in predict (v=-16) at lreg.cpp:116
#2  0x00005555555558c0 in meanSquaredError () at lreg.cpp:128
#3  0x0000555555555ee5 in train (iter1=45000, iter2=45000, N=4, alpha1=2.2222199999999999e-05, alpha2=2.2222199999999999e-05, stopsWhenStable=true) at lreg.cpp:194
#4  0x0000555555556467 in main (argc=3, argv=0x7fffffffde58) at lreg.cpp:253

790	       *  Note that data access with this operator is unchecked and
791	       *  out_of_range lookups are not defined. (For checked lookups
792	       *  see at().)
793	       */
794	      reference
795	      operator[](size_type __n) _GLIBCXX_NOEXCEPT
796	      {
797		__glibcxx_requires_subscript(__n);
798		return *(this->_M_impl._M_start + __n);
799	      }

Backtrace END
Memory content before bitflip:0x750x9a0xbd0xbf0xce0x830x490x41
Fault Model: Random bit-flip
base address to flip value: 0x7fffffffd788
address max offset: 8
Memory content after  bitflip:0xa50x0a0x920x230xcf0x380x790xb6
frame name: meanSquaredError
symbol name: error
symbol filename: lreg.cpp
symbol line: 125
value: -2.7612050559793815e-46
value address: 0x7fffffffd788
Type: A floating point type.
Type sizeof: 8

[INFO -- 2018-11-16 13:36:47]
Fault Injection Successful after 3.784667730331421s
[INFO -- 2018-11-16 13:36:48]
event type: exit
[INFO -- 2018-11-16 13:36:48]
exit code: 0
