[INFO -- 2018-11-27 20:25:35]
Starting flip_value script
version: 1.1
[INFO -- 2018-11-27 20:25:35]
Initialization strings:
[INFO -- 2018-11-27 20:25:35]
(1) file /tmp/lreg/lreg
[INFO -- 2018-11-27 20:25:35]
(2) set args /tmp/lreg/randInput /tmp/lreg/output
[INFO -- 2018-11-27 20:25:35]
initSignal:0
[INFO -- 2018-11-27 20:25:35]
endSignal:3
[INFO -- 2018-11-27 20:25:35]
faultModel:0
[INFO -- 2018-11-27 20:25:35]
Backtrace BEGIN:
#0  0x00007ffff7ddf721 in do_lookup_x (undef_name=undef_name@entry=0x7ffff7a98c6d "_ZNKSt7__cxx118time_getIwSt19istreambuf_iteratorIwSt11char_traitsIwEEE11do_get_dateES4_S4_RSt8ios_baseRSt12_Ios_IostateP2tm", new_hash=new_hash@entry=3628993151, old_hash=old_hash@entry=0x7fffffffd990, ref=0x7ffff7a70fe8, result=result@entry=0x7fffffffd9a0, scope=<optimized out>, i=<optimized out>, version=0x7ffff7fdb228, flags=1, skip=0x0, type_class=0, undef_map=0x7ffff7fdd000) at dl-lookup.c:405
#1  0x00007ffff7de01ef in _dl_lookup_symbol_x (undef_name=0x7ffff7a98c6d "_ZNKSt7__cxx118time_getIwSt19istreambuf_iteratorIwSt11char_traitsIwEEE11do_get_dateES4_S4_RSt8ios_baseRSt12_Ios_IostateP2tm", undef_map=undef_map@entry=0x7ffff7fdd000, ref=ref@entry=0x7fffffffdac0, symbol_scope=symbol_scope@entry=0x7ffff7fdd358, version=0x7ffff7fdb228, type_class=0, flags=1, skip_map=<optimized out>) at dl-lookup.c:813
#2  0x00007ffff7de1af9 in elf_machine_rela (skip_ifunc=<optimized out>, reloc_addr_arg=0x7ffff7dcaf30, version=<optimized out>, sym=<optimized out>, reloc=0x7ffff7acb120, map=0x7ffff7fdd000) at ../sysdeps/x86_64/dl-machine.h:308
#3  elf_dynamic_do_Rela (skip_ifunc=<optimized out>, lazy=<optimized out>, nrelative=<optimized out>, relsize=<optimized out>, reladdr=<optimized out>, map=0x7ffff7fdd000) at do-rel.h:137
#4  _dl_relocate_object (scope=<optimized out>, reloc_mode=<optimized out>, consider_profiling=<optimized out>, consider_profiling@entry=0) at dl-reloc.c:258
#5  0x00007ffff7dd9307 in dl_main (phdr=<optimized out>, phnum=<optimized out>, user_entry=<optimized out>, auxv=<optimized out>) at rtld.c:2190
#6  0x00007ffff7defdd0 in _dl_sysdep_start (start_argptr=start_argptr@entry=0x7fffffffde50, dl_main=dl_main@entry=0x7ffff7dd7660 <dl_main>) at ../elf/dl-sysdep.c:253
#7  0x00007ffff7dd7128 in _dl_start_final (arg=0x7fffffffde50) at rtld.c:414
#8  _dl_start (arg=0x7fffffffde50) at rtld.c:521
#9  0x00007ffff7dd6098 in _start () from /lib64/ld-linux-x86-64.so.2
#10 0x0000000000000003 in ?? ()
#11 0x00007fffffffe1fe in ?? ()
#12 0x00007fffffffe20d in ?? ()
#13 0x00007fffffffe221 in ?? ()
#14 0x0000000000000000 in ?? ()

400	dl-lookup.c: No such file or directory.

Backtrace END
Fliping value of field: s
Fliping a bit of the pointer
Memory content before bitflip:0x000x000x000x000x000x000x000x00
Fault Model: Single bit-flip
base address to flip value: 0x7fffffffd9a0
address max offset: 8
Memory content after  bitflip:0x200x000x000x000x000x000x000x00
frame name: _dl_lookup_symbol_x
symbol name: current_value
symbol filename: dl-lookup.c
symbol line: 793
value: {s = 0x20, m = 0x0}
value address: 0x7fffffffd9a0
Type: The type is a structure.
Type sizeof: 16
Field name: s
Field Type: The type is a pointer.
Field Type sizeof: 8
Field name: m
Field Type: The type is a pointer.
Field Type sizeof: 8

[INFO -- 2018-11-27 20:25:35]
Fault Injection Successful after 0.6934688091278076s
[INFO -- 2018-11-27 20:25:37]
event type: exit
[INFO -- 2018-11-27 20:25:37]
exit code: 0
