[INFO -- 2018-11-27 20:15:51]
Starting flip_value script
version: 1.1
[INFO -- 2018-11-27 20:15:51]
Initialization strings:
[INFO -- 2018-11-27 20:15:51]
(1) file /tmp/lreg/lreg
[INFO -- 2018-11-27 20:15:51]
(2) set args /tmp/lreg/randInput /tmp/lreg/output
[INFO -- 2018-11-27 20:15:51]
initSignal:0
[INFO -- 2018-11-27 20:15:51]
endSignal:3
[INFO -- 2018-11-27 20:15:51]
faultModel:2
[EXCEPTION -- 2018-11-27 20:15:52]
pythonException: empty range for randrange() (0,0, 0)
[EXCEPTION -- 2018-11-27 20:15:52]
gdbException: Cannot access memory at address 0xe45e97e6f3225a71
[INFO -- 2018-11-27 20:15:52]
event type: exit
[EXCEPTION -- 2018-11-27 20:15:52]
exit code: no exit code available
