[INFO -- 2018-11-24 10:14:56]
Starting flip_value script
version: 1.1
[INFO -- 2018-11-24 10:14:56]
Initialization strings:
[INFO -- 2018-11-24 10:14:56]
(1) file /tmp/lreg/lreg
[INFO -- 2018-11-24 10:14:56]
(2) set args /tmp/lreg/randInput /tmp/lreg/output
[INFO -- 2018-11-24 10:14:56]
initSignal:0
[INFO -- 2018-11-24 10:14:56]
endSignal:2
[INFO -- 2018-11-24 10:14:56]
faultModel:2
[EXCEPTION -- 2018-11-24 10:14:58]
pythonException: empty range for randrange() (0,0, 0)
[INFO -- 2018-11-24 10:14:59]
Backtrace BEGIN:
#0  0x00005555555551b6 in predict (v=6) at lreg.cpp:50
#1  0x00005555555553ac in partialDerivate (pos=0) at lreg.cpp:74
#2  0x00005555555554b3 in adjust (alpha=5.0000000000000002e-05) at lreg.cpp:87
#3  0x000055555555565c in train (iterations=20000, alpha=5.0000000000000002e-05, N=3, stopsWhenStable=true) at lreg.cpp:120
#4  0x0000555555555ab7 in main (argc=3, argv=0x7fffffffde58) at lreg.cpp:174

45		Predicts the value related to v using the Ts variables
46	*/
47	double predict(double v){
48		double val = 0;
49		for(int i = 0; i<T.size(); i++){
50			val+= (T[i] * pow(v, i));
51		}
52		return val;
53		
54	}

Backtrace END
Memory content before bitflip:0x01
Fault Model: Random bit-flip
base address to flip value: 0x7fffffffd80c
address max offset: 1
Memory content after  bitflip:0x2f
frame name: train
symbol name: stopsWhenStable
symbol filename: lreg.cpp
symbol line: 105
value: 47
value address: 0x7fffffffd80c
Type: A boolean type.
Type sizeof: 1

[INFO -- 2018-11-24 10:14:59]
Fault Injection Successful after 3.084749460220337s
[INFO -- 2018-11-24 10:15:01]
event type: exit
[INFO -- 2018-11-24 10:15:01]
exit code: 0
