[INFO -- 2018-10-01 13:31:30]
Starting flip_value script
version: 1.1
[INFO -- 2018-10-01 13:31:30]
Initialization strings:
[INFO -- 2018-10-01 13:31:30]
(1) file /tmp/lreg/lreg
[INFO -- 2018-10-01 13:31:30]
(2) set args /tmp/lreg/randInput /tmp/lreg/output
[INFO -- 2018-10-01 13:31:30]
initSignal:0
[INFO -- 2018-10-01 13:31:30]
endSignal:10
[INFO -- 2018-10-01 13:31:30]
faultModel:0
[INFO -- 2018-10-01 13:31:31]
Backtrace BEGIN:
#0  0x00005555555551af in predict (v=-7) at lreg.cpp:49
#1  0x00005555555553ac in partialDerivate (pos=2) at lreg.cpp:74
#2  0x00005555555554b3 in adjust (alpha=5.0000000000000002e-05) at lreg.cpp:87
#3  0x000055555555565c in train (iterations=60000, alpha=5.0000000000000002e-05, N=3, stopsWhenStable=true) at lreg.cpp:120
#4  0x0000555555555ab7 in main (argc=3, argv=0x7fffffffde58) at lreg.cpp:174

44	/**
45		Predicts the value related to v using the Ts variables
46	*/
47	double predict(double v){
48		double val = 0;
49		for(int i = 0; i<T.size(); i++){
50			val+= (T[i] * pow(v, i));
51		}
52		return val;
53		

Backtrace END
Fliping value of field: std::_Vector_base<double, std::allocator<double> >
Fliping value of field: _M_impl
Fliping value of field: _M_end_of_storage
Fliping a bit of the value pointed by a pointer
Memory content before bitflip:0x000x000x000x000x000x000x000x00
Fault Model: Single bit-flip
base address to flip value: 0x555555771750
address max offset: 8
Memory content after  bitflip:0x100x000x000x000x000x000x000x00
frame name: adjust
symbol name: y
symbol filename: lreg.cpp
symbol line: 33
value: std::vector of length 20, capacity 32 = {21, 31, -13, -5, -13, -27, -15, 13, -164, -956, -2020, -356, -220, -220, -1084, -220, 4, -44, -724, -2204}
value address: 0x55555575a160 <y>
Type: The type is a structure.
Type sizeof: 24
Field name: std::_Vector_base<double, std::allocator<double> >
Field Type: The type is a structure.
Field Type sizeof: 24

[INFO -- 2018-10-01 13:31:31]
Fault Injection Successful after 1.7123801708221436s
[INFO -- 2018-10-01 13:31:37]
event type: exit
[INFO -- 2018-10-01 13:31:37]
exit code: 0
