[INFO -- 2018-10-08 18:43:04]
Starting flip_value script
version: 1.1
[INFO -- 2018-10-08 18:43:04]
Initialization strings:
[INFO -- 2018-10-08 18:43:04]
(1) file /tmp/lreg/lreg
[INFO -- 2018-10-08 18:43:04]
(2) set args /tmp/lreg/randInput /tmp/lreg/output
[INFO -- 2018-10-08 18:43:04]
initSignal:0
[INFO -- 2018-10-08 18:43:04]
endSignal:10
[INFO -- 2018-10-08 18:43:04]
faultModel:0
[INFO -- 2018-10-08 18:43:10]
Backtrace BEGIN:
#0  0x00005555555560c9 in std::pow<double, unsigned int> (__x=8, __y=3) at /usr/include/c++/7/cmath:419
#1  0x0000555555555590 in partialDerivate (pos=3) at lreg.cpp:107
#2  0x0000555555555670 in adjust () at lreg.cpp:123
#3  0x0000555555555881 in train (iterations=90000, N=4, stopsWhenStable=true) at lreg.cpp:159
#4  0x0000555555555dba in main (argc=3, argv=0x7fffffffde68) at lreg.cpp:225

414	    typename __gnu_cxx::__promote_2<_Tp, _Up>::__type
415	    pow(_Tp __x, _Up __y)
416	    {
417	      typedef typename __gnu_cxx::__promote_2<_Tp, _Up>::__type __type;
418	      return pow(__type(__x), __type(__y));
419	    }
420	
421	  using ::sin;
422	
423	#ifndef __CORRECT_ISO_CPP_MATH_H_PROTO

Backtrace END
Memory content before bitflip:0xe30xad0x780xbf0x9e0xd70xda0xc0
Fault Model: Single bit-flip
base address to flip value: 0x7fffffffd7d8
address max offset: 8
Memory content after  bitflip:0xe30xad0x780xbf0x9e0xd70xda0xe0
frame name: adjust
symbol name: PD
symbol filename: lreg.cpp
symbol line: 118
value: -3.685334503625427e+158
value address: 0x7fffffffd7d8
Type: A floating point type.
Type sizeof: 8

[INFO -- 2018-10-08 18:43:10]
Fault Injection Successful after 6.730196714401245s
[INFO -- 2018-10-08 18:43:14]
event type: exit
[INFO -- 2018-10-08 18:43:14]
exit code: 0
