[INFO -- 2018-11-15 14:06:11]
Starting flip_value script
version: 1.1
[INFO -- 2018-11-15 14:06:11]
Initialization strings:
[INFO -- 2018-11-15 14:06:11]
(1) file /tmp/lreg/lreg
[INFO -- 2018-11-15 14:06:11]
(2) set args /tmp/lreg/randInput /tmp/lreg/output
[INFO -- 2018-11-15 14:06:11]
initSignal:0
[INFO -- 2018-11-15 14:06:11]
endSignal:5
[INFO -- 2018-11-15 14:06:11]
faultModel:1
[INFO -- 2018-11-15 14:06:13]
Backtrace BEGIN:
#0  0x00007ffff76da813 in log1 (error=<synthetic pointer>, delta=<synthetic pointer>, x=15) at ../sysdeps/ieee754/dbl-64/e_pow.c:335
#1  __ieee754_pow_sse2 (x=15, y=3) at ../sysdeps/ieee754/dbl-64/e_pow.c:103
#2  0x00007ffff76bcb14 in __pow (x=15, y=3) at w_pow_compat.c:30
#3  0x0000555555556826 in std::pow<double, unsigned int> (__x=15, __y=3) at /usr/include/c++/7/cmath:418
#4  0x0000555555555814 in predict (v=15) at lreg.cpp:116
#5  0x0000555555555a53 in partialDerivate (pos1=0, pos2=0) at lreg.cpp:142
#6  0x0000555555555bbe in adjust (alpha1=2.2222199999999999e-05, alpha2=2.2222199999999999e-05) at lreg.cpp:156
#7  0x0000555555555ee0 in train (iter1=45000, iter2=45000, N=4, alpha1=2.2222199999999999e-05, alpha2=2.2222199999999999e-05, stopsWhenStable=true) at lreg.cpp:193
#8  0x0000555555556467 in main (argc=3, argv=0x7fffffffde58) at lreg.cpp:253

330	../sysdeps/ieee754/dbl-64/e_pow.c: No such file or directory.

Backtrace END
Memory content before bitflip:0x260x240x000x00
Fault Model: Double bit-flip
base address to flip value: 0x7fffffffd7ec
address max offset: 4
Memory content after  bitflip:0xb60x240x000x00
frame name: train
symbol name: i2
symbol filename: lreg.cpp
symbol line: 191
value: 9398
value address: 0x7fffffffd7ec
Type: The type is an integer type.
Type sizeof: 4

[INFO -- 2018-11-15 14:06:13]
Fault Injection Successful after 2.3769702911376953s
[INFO -- 2018-11-15 14:06:15]
event type: exit
[INFO -- 2018-11-15 14:06:15]
exit code: 0
