[INFO -- 2018-10-03 14:59:54]
Starting flip_value script
version: 1.1
[INFO -- 2018-10-03 14:59:54]
Initialization strings:
[INFO -- 2018-10-03 14:59:54]
(1) file /tmp/lreg/lreg
[INFO -- 2018-10-03 14:59:54]
(2) set args /tmp/lreg/randInput /tmp/lreg/output
[INFO -- 2018-10-03 14:59:54]
initSignal:0
[INFO -- 2018-10-03 14:59:54]
endSignal:10
[INFO -- 2018-10-03 14:59:54]
faultModel:0
[INFO -- 2018-10-03 14:59:59]
Backtrace BEGIN:
#0  0x00007ffff76d553c in __ieee754_pow_sse2 (x=19, y=2) at ../sysdeps/ieee754/dbl-64/e_pow.c:65
#1  0x00007ffff76b7b14 in __pow (x=19, y=2) at w_pow_compat.c:30
#2  0x0000555555555d47 in std::pow<double, int> (__x=19, __y=2) at /usr/include/c++/7/cmath:418
#3  0x0000555555555401 in partialDerivate (pos=2) at lreg.cpp:74
#4  0x00005555555554b3 in adjust (alpha=2.2222199999999999e-05) at lreg.cpp:87
#5  0x000055555555565c in train (iterations=90000, alpha=2.2222199999999999e-05, N=4, stopsWhenStable=true) at lreg.cpp:120
#6  0x0000555555555ab7 in main (argc=3, argv=0x7fffffffde58) at lreg.cpp:174

60	../sysdeps/ieee754/dbl-64/e_pow.c: No such file or directory.

Backtrace END
Memory content before bitflip:0x020x000x000x00
Fault Model: Single bit-flip
base address to flip value: 0x7fffffffd77c
address max offset: 4
Memory content after  bitflip:0x020x800x000x00
frame name: partialDerivate
symbol name: pos
symbol filename: lreg.cpp
symbol line: 71
value: 32770
value address: 0x7fffffffd77c
Type: The type is an integer type.
Type sizeof: 4

[INFO -- 2018-10-03 14:59:59]
Fault Injection Successful after 5.665983438491821s
[INFO -- 2018-10-03 15:00:01]
event type: exit
[INFO -- 2018-10-03 15:00:01]
exit code: 0
