[INFO -- 2018-11-24 09:42:21]
Starting flip_value script
version: 1.1
[INFO -- 2018-11-24 09:42:21]
Initialization strings:
[INFO -- 2018-11-24 09:42:21]
(1) file /tmp/lreg/lreg
[INFO -- 2018-11-24 09:42:21]
(2) set args /tmp/lreg/randInput /tmp/lreg/output
[INFO -- 2018-11-24 09:42:21]
initSignal:0
[INFO -- 2018-11-24 09:42:21]
endSignal:2
[INFO -- 2018-11-24 09:42:21]
faultModel:1
[INFO -- 2018-11-24 09:42:22]
Backtrace BEGIN:
#0  0x0000555555555d5f in std::pow<double, int> (__x=-3, __y=1) at /usr/include/c++/7/cmath:418
#1  0x00005555555551e7 in predict (v=-3) at lreg.cpp:50
#2  0x00005555555553ac in partialDerivate (pos=2) at lreg.cpp:74
#3  0x00005555555554b3 in adjust (alpha=5.0000000000000002e-05) at lreg.cpp:87
#4  0x000055555555565c in train (iterations=20000, alpha=5.0000000000000002e-05, N=3, stopsWhenStable=true) at lreg.cpp:120
#5  0x0000555555555ab7 in main (argc=3, argv=0x7fffffffde58) at lreg.cpp:174

413	    inline _GLIBCXX_CONSTEXPR
414	    typename __gnu_cxx::__promote_2<_Tp, _Up>::__type
415	    pow(_Tp __x, _Up __y)
416	    {
417	      typedef typename __gnu_cxx::__promote_2<_Tp, _Up>::__type __type;
418	      return pow(__type(__x), __type(__y));
419	    }
420	
421	  using ::sin;
422	

Backtrace END
Memory content before bitflip:0xaa0x1e0x080x5f0xb60x510x9c0xbf
Fault Model: Double bit-flip
base address to flip value: 0x7fffffffd7d8
address max offset: 8
Memory content after  bitflip:0xaa0x1e0x080x5f0xb60x510x9c0xbc
frame name: adjust
symbol name: PD
symbol filename: lreg.cpp
symbol line: 85
value: -9.8251924006216444e-17
value address: 0x7fffffffd7d8
Type: A floating point type.
Type sizeof: 8

[INFO -- 2018-11-24 09:42:22]
Fault Injection Successful after 1.0134432315826416s
[INFO -- 2018-11-24 09:42:22]
event type: exit
[INFO -- 2018-11-24 09:42:22]
exit code: 0
