[INFO -- 2018-10-06 16:58:44]
Starting flip_value script
version: 1.1
[INFO -- 2018-10-06 16:58:44]
Initialization strings:
[INFO -- 2018-10-06 16:58:44]
(1) file /tmp/lreg/lreg
[INFO -- 2018-10-06 16:58:44]
(2) set args /tmp/lreg/randInput /tmp/lreg/output
[INFO -- 2018-10-06 16:58:44]
initSignal:0
[INFO -- 2018-10-06 16:58:44]
endSignal:10
[INFO -- 2018-10-06 16:58:44]
faultModel:1
[INFO -- 2018-10-06 16:58:48]
Backtrace BEGIN:
#0  0x00005555555554e1 in partialDerivate (pos=0) at lreg.cpp:104
#1  0x0000555555555670 in adjust () at lreg.cpp:123
#2  0x0000555555555881 in train (iterations=60000, N=3, stopsWhenStable=true) at lreg.cpp:159
#3  0x0000555555555dba in main (argc=3, argv=0x7fffffffde68) at lreg.cpp:225

99		to the adjustment variable whose position in T is passed in pos
100	*/
101	double partialDerivate(UINT pos){
102		double pD = 0;
103		for(UINT i1 = 0, i2 = 0, i3 = 0; 
104			selectTriUInt(i1, i2, i3)<x.size(); 
105			i1++, i2++, i3++)
106		{
107			pD += ((predict(x[selectTriUInt(i1, i2, i3)]) - y[selectTriUInt(i1, i2, i3)])*pow(x[selectTriUInt(i1, i2, i3)], pos));	
108		}

Backtrace END
Memory content before bitflip:0x2d0x430x1c0xeb0xe20x360x0a0x3f
Fault Model: Double bit-flip
base address to flip value: 0x7fffffffd950
address max offset: 8
Memory content after  bitflip:0x2d0x430x1c0xeb0xe20xb70x0a0x3f
frame name: main
symbol name: alpha
symbol filename: lreg.cpp
symbol line: 202
value: 5.0961124897003176e-05
value address: 0x7fffffffd950
Type: A floating point type.
Type sizeof: 8

[INFO -- 2018-10-06 16:58:48]
Fault Injection Successful after 4.7334513664245605s
[INFO -- 2018-10-06 16:59:00]
event type: exit
[INFO -- 2018-10-06 16:59:00]
exit code: 0
