[INFO -- 2018-11-26 20:05:07]
Starting flip_value script
version: 1.1
[INFO -- 2018-11-26 20:05:07]
Initialization strings:
[INFO -- 2018-11-26 20:05:07]
(1) file /tmp/lreg/lreg
[INFO -- 2018-11-26 20:05:07]
(2) set args /tmp/lreg/randInput /tmp/lreg/output
[INFO -- 2018-11-26 20:05:07]
initSignal:0
[INFO -- 2018-11-26 20:05:07]
endSignal:3
[INFO -- 2018-11-26 20:05:07]
faultModel:0
[INFO -- 2018-11-26 20:05:08]
Backtrace BEGIN:
#0  0x0000555555555254 in verifyDoubleDup (a=-1.9487613605373537, b=-1.9487613605373537) at lreg.cpp:71
#1  0x00005555555557ea in predict (v=31) at lreg.cpp:116
#2  0x0000555555555a53 in partialDerivate (pos1=2, pos2=2) at lreg.cpp:142
#3  0x0000555555555bbe in adjust (alpha1=2.2222199999999999e-05, alpha2=2.2222199999999999e-05) at lreg.cpp:156
#4  0x0000555555555ee0 in train (iter1=30000, iter2=30000, N=4, alpha1=2.2222199999999999e-05, alpha2=2.2222199999999999e-05, stopsWhenStable=true) at lreg.cpp:193
#5  0x0000555555556467 in main (argc=3, argv=0x7fffffffde58) at lreg.cpp:253

66	        detected = 1;	
67		}
68		return a;
69	}
70	double verifyDoubleDup(double a, double b){
71		if (a != b && detected != 1){
72			//gerar entrada no log
73			ofstream fp ("/tmp/lreg/detected.log", std::ofstream::app);
74			fp << "verifyDouble: a = "<<a<<"; b = "<<b<<endl;
75	        detected = 1;	

Backtrace END
Memory content before bitflip:0x5f0x760x730x640x200x2e0xff0xbf
Fault Model: Single bit-flip
base address to flip value: 0x7fffffffd478
address max offset: 8
Memory content after  bitflip:0x5f0x760x730x440x200x2e0xff0xbf
frame name: verifyDoubleDup
symbol name: a
symbol filename: lreg.cpp
symbol line: 70
value: -1.9487612413280642
value address: 0x7fffffffd478
Type: A floating point type.
Type sizeof: 8

[INFO -- 2018-11-26 20:05:08]
Fault Injection Successful after 1.7961969375610352s
[INFO -- 2018-11-26 20:05:10]
event type: exit
[INFO -- 2018-11-26 20:05:10]
exit code: 0
