[INFO -- 2018-11-25 13:02:18]
Starting flip_value script
version: 1.1
[INFO -- 2018-11-25 13:02:18]
Initialization strings:
[INFO -- 2018-11-25 13:02:18]
(1) file /tmp/lreg/lreg
[INFO -- 2018-11-25 13:02:18]
(2) set args /tmp/lreg/randInput /tmp/lreg/output /tmp/lreg/detected.log
[INFO -- 2018-11-25 13:02:18]
initSignal:0
[INFO -- 2018-11-25 13:02:18]
endSignal:6
[INFO -- 2018-11-25 13:02:18]
faultModel:1
[INFO -- 2018-11-25 13:02:20]
Backtrace BEGIN:
#0  0x00007ffff76da53c in __ieee754_pow_sse2 (x=-19, y=0) at ../sysdeps/ieee754/dbl-64/e_pow.c:65
#1  0x00007ffff76bcb14 in __pow (x=-19, y=0) at w_pow_compat.c:30
#2  0x000055555555621b in std::pow<double, int> (__x=-19, __y=0) at /usr/include/c++/7/cmath:418
#3  0x0000555555555451 in partialDerivate (pos=0) at lreg.cpp:74
#4  0x0000555555555503 in adjust (alpha=5.0000000000000002e-05) at lreg.cpp:87
#5  0x00005555555556ac in train (iterations=20000, alpha=5.0000000000000002e-05, N=3, stopsWhenStable=true) at lreg.cpp:120
#6  0x0000555555555a1c in execute (input=0x7fffffffe1f1 "/tmp/lreg/randInput") at lreg.cpp:157
#7  0x0000555555555c78 in main (argc=4, argv=0x7fffffffde48) at lreg.cpp:193

60	../sysdeps/ieee754/dbl-64/e_pow.c: No such file or directory.

Backtrace END
Fliping value of field name: x
Memory content before bitflip:0x000x000x000x000x000x000xf00x7f
Fault Model: Double bit-flip
base address to flip value: 0x7ffff779f5d8 
address max offset: 8
Memory content after  bitflip:0x000xc00x000x000x000x000xf00x7f
frame name: __ieee754_pow_sse2
symbol name: INF
symbol filename: ../sysdeps/ieee754/dbl-64/upow.h
symbol line: 48
value: {i = {49152, 2146435072}, x = nan(0x00000c000)}
value address: 0x7ffff779f5d8 <INF>
Type: The type is a union.
Type sizeof: 8
Field name: i
Field Type: The type is an array.
Field Type sizeof: 8
Field name: x
Field Type: A floating point type.
Field Type sizeof: 8

[INFO -- 2018-11-25 13:02:20]
Fault Injection Successful after 2.0443501472473145s
[INFO -- 2018-11-25 13:02:24]
event type: exit
[INFO -- 2018-11-25 13:02:24]
exit code: 0
