[INFO -- 2018-11-27 19:50:28]
Starting flip_value script
version: 1.1
[INFO -- 2018-11-27 19:50:28]
Initialization strings:
[INFO -- 2018-11-27 19:50:28]
(1) file /tmp/lreg/lreg
[INFO -- 2018-11-27 19:50:28]
(2) set args /tmp/lreg/randInput /tmp/lreg/output
[INFO -- 2018-11-27 19:50:28]
initSignal:0
[INFO -- 2018-11-27 19:50:28]
endSignal:3
[INFO -- 2018-11-27 19:50:28]
faultModel:2
[EXCEPTION -- 2018-11-27 19:50:29]
gdbException: Attempt to dereference a generic pointer.
[INFO -- 2018-11-27 19:50:30]
event type: exit
[INFO -- 2018-11-27 19:50:30]
exit code: 0
