[INFO -- 2018-11-22 18:51:09]
Starting flip_value script
version: 1.1
[INFO -- 2018-11-22 18:51:09]
Initialization strings:
[INFO -- 2018-11-22 18:51:09]
(1) file /tmp/lreg/lreg
[INFO -- 2018-11-22 18:51:09]
(2) set args /tmp/lreg/randInput /tmp/lreg/output
[INFO -- 2018-11-22 18:51:09]
initSignal:0
[INFO -- 2018-11-22 18:51:09]
endSignal:3
[INFO -- 2018-11-22 18:51:09]
faultModel:1
[EXCEPTION -- 2018-11-22 18:51:11]
pythonException: empty range for randrange() (0,0, 0)
[EXCEPTION -- 2018-11-22 18:51:12]
pythonException: Unable to exit loop in struct fields; Exiting wihtout making a bit flip
[INFO -- 2018-11-22 18:51:12]
Backtrace BEGIN:
#0  0x000055555555519a in predict (v=-21) at lreg.cpp:49
#1  0x00005555555552ba in meanSquaredError () at lreg.cpp:61
#2  0x0000555555555661 in train (iterations=20000, alpha=5.0000000000000002e-05, N=3, stopsWhenStable=true) at lreg.cpp:121
#3  0x0000555555555ab7 in main (argc=3, argv=0x7fffffffde58) at lreg.cpp:174

44	/**
45		Predicts the value related to v using the Ts variables
46	*/
47	double predict(double v){
48		double val = 0;
49		for(int i = 0; i<T.size(); i++){
50			val+= (T[i] * pow(v, i));
51		}
52		return val;
53		

Backtrace END
Memory content before bitflip:0x2d0x430x1c0xeb0xe20x360x0a0x3f
Fault Model: Double bit-flip
base address to flip value: 0x7fffffffd810
address max offset: 8
Memory content after  bitflip:0xa90x430x1c0xeb0xe20x360x0a0x3f
frame name: train
symbol name: alpha
symbol filename: lreg.cpp
symbol line: 105
value: 5.0000000000000843e-05
value address: 0x7fffffffd810
Type: A floating point type.
Type sizeof: 8

[INFO -- 2018-11-22 18:51:12]
Fault Injection Successful after 3.3122482299804688s
[INFO -- 2018-11-22 18:51:14]
event type: exit
[INFO -- 2018-11-22 18:51:14]
exit code: 0
