[INFO -- 2018-09-15 11:46:22]
Starting flip_value script
version: 1.1
[INFO -- 2018-09-15 11:46:22]
Initialization strings:
[INFO -- 2018-09-15 11:46:22]
(1) file /tmp/lreg/lreg
[INFO -- 2018-09-15 11:46:22]
(2) set args /tmp/lreg/randInput /tmp/lreg/output
[INFO -- 2018-09-15 11:46:22]
initSignal:0
[INFO -- 2018-09-15 11:46:22]
endSignal:2
[INFO -- 2018-09-15 11:46:22]
faultModel:1
[INFO -- 2018-09-15 11:46:23]
Backtrace BEGIN:
#0  0x00007ffff76d5a1e in __ieee754_pow_sse2 (x=<optimized out>, y=<optimized out>) at ../sysdeps/ieee754/dbl-64/e_pow.c:215
#1  0x00007ffff76b7b14 in __pow (x=-10, y=2) at w_pow_compat.c:30
#2  0x0000555555555f39 in std::pow<double, int> (__x=-10, __y=2) at /usr/include/c++/7/cmath:418
#3  0x0000555555555237 in predict (v=-10) at lreg.cpp:50
#4  0x000055555555530a in meanSquaredError () at lreg.cpp:61
#5  0x00005555555556b1 in train (iterations=60000, alpha=5.0000000000000002e-05, N=3, stopsWhenStable=true) at lreg.cpp:121
#6  0x0000555555555c26 in main (argc=3, argv=0x7fffffffde68) at lreg.cpp:182

210	../sysdeps/ieee754/dbl-64/e_pow.c: No such file or directory.

Backtrace END
Fliping value of field: std::_Vector_base<double, std::allocator<double> >
Fliping value of field: _M_impl
Fliping value of field: _M_end_of_storage
Fliping a bit of the pointer
Memory content before bitflip:0x780x130x770x550x550x550x000x00
Fault Model: Double bit-flip
base address to flip value: 0x55555575a190 
address max offset: 8
Memory content after  bitflip:0x780x130x770x550x550x560x000x00
frame name: predict
symbol name: T
symbol filename: lreg.cpp
symbol line: 34
value: std::vector of length 3, capacity 137438953475 = {-0.38834819116238595, -2.1314433404100432, 2.9189884981789009}
value address: 0x55555575a180 <T>
Type: The type is a structure.
Type sizeof: 24
Field name: std::_Vector_base<double, std::allocator<double> >
Field Type: The type is a structure.
Field Type sizeof: 24

[INFO -- 2018-09-15 11:46:23]
Fault Injection Successful after 1.608203411102295s
[INFO -- 2018-09-15 11:46:30]
event type: exit
[INFO -- 2018-09-15 11:46:30]
exit code: 0
