[INFO -- 2018-11-12 14:14:55]
Starting flip_value script
version: 1.1
[INFO -- 2018-11-12 14:14:55]
Initialization strings:
[INFO -- 2018-11-12 14:14:55]
(1) file /tmp/lreg/lreg
[INFO -- 2018-11-12 14:14:55]
(2) set args /tmp/lreg/randInput /tmp/lreg/output
[INFO -- 2018-11-12 14:14:55]
initSignal:0
[INFO -- 2018-11-12 14:14:55]
endSignal:10
[INFO -- 2018-11-12 14:14:55]
faultModel:0
[INFO -- 2018-11-12 14:15:01]
Backtrace BEGIN:
#0  0x000055555555512d in verifyUintDup (a=0, b=0) at lreg.cpp:62
#1  0x00005555555556d1 in predict (v=9) at lreg.cpp:113
#2  0x000055555555591a in partialDerivate (pos1=0, pos2=0) at lreg.cpp:139
#3  0x0000555555555a81 in adjust (alpha1=2.2222199999999999e-05, alpha2=2.2222199999999999e-05) at lreg.cpp:153
#4  0x0000555555555da3 in train (iter1=45000, iter2=45000, N=4, alpha1=2.2222199999999999e-05, alpha2=2.2222199999999999e-05, stopsWhenStable=true) at lreg.cpp:190
#5  0x00005555555562e6 in main (argc=3, argv=0x7fffffffde68) at lreg.cpp:246

57	
58	int detected = 0;
59	
60	
61	UINT verifyUintDup(UINT a, UINT b){
62		if (a != b && detected != 1){
63			//gerar entrada no log
64			ofstream fp ("/tmp/lreg/detected.log", std::ofstream::app);
65			fp << "verifyUint: a = "<<a<<"; b = "<<b<<endl;
66	        detected = 1;	

Backtrace END
Memory content before bitflip:0xa60x120x000x000x000x000x000x00
Fault Model: Single bit-flip
base address to flip value: 0x7fffffffd7a0
address max offset: 8
Memory content after  bitflip:0xa60x120x000x000x020x000x000x00
frame name: adjust
symbol name: PD
symbol filename: lreg.cpp
symbol line: 150
value: 4.2439939405999379e-314
value address: 0x7fffffffd7a0
Type: A floating point type.
Type sizeof: 8

[INFO -- 2018-11-12 14:15:01]
Fault Injection Successful after 6.002174139022827s
[INFO -- 2018-11-12 14:15:13]
event type: exit
[INFO -- 2018-11-12 14:15:13]
exit code: 0
