[INFO -- 2018-11-12 16:57:37]
Starting flip_value script
version: 1.1
[INFO -- 2018-11-12 16:57:37]
Initialization strings:
[INFO -- 2018-11-12 16:57:37]
(1) file /tmp/lreg/lreg
[INFO -- 2018-11-12 16:57:37]
(2) set args /tmp/lreg/randInput /tmp/lreg/output
[INFO -- 2018-11-12 16:57:37]
initSignal:0
[INFO -- 2018-11-12 16:57:37]
endSignal:10
[INFO -- 2018-11-12 16:57:37]
faultModel:2
[INFO -- 2018-11-12 16:57:42]
Backtrace BEGIN:
#0  0x000055555555522d in verifyDoubleDup (a=-2.2024595368903057, b=0.35110598341280347) at lreg.cpp:70
#1  0x00005555555556bd in predict (v=-27) at lreg.cpp:113
#2  0x000055555555591a in partialDerivate (pos1=0, pos2=0) at lreg.cpp:139
#3  0x0000555555555a81 in adjust (alpha1=2.2222199999999999e-05, alpha2=2.2222199999999999e-05) at lreg.cpp:153
#4  0x0000555555555da3 in train (iter1=45000, iter2=45000, N=4, alpha1=2.2222199999999999e-05, alpha2=2.2222199999999999e-05, stopsWhenStable=true) at lreg.cpp:190
#5  0x00005555555562e6 in main (argc=3, argv=0x7fffffffde68) at lreg.cpp:246

65			fp << "verifyUint: a = "<<a<<"; b = "<<b<<endl;
66	        detected = 1;	
67		}
68		return a;
69	}
70	double verifyDoubleDup(double a, double b){
71		if (a != b && detected != 1){
72			//gerar entrada no log
73			ofstream fp ("/tmp/lreg/detected.log", std::ofstream::app);
74			fp << "verifyDouble: a = "<<a<<"; b = "<<b<<endl;

Backtrace END
Memory content before bitflip:0x000x000x000x00
Fault Model: Random bit-flip
base address to flip value: 0x7fffffffd79c
address max offset: 4
Memory content after  bitflip:0x6f0xec0x9b0x97
frame name: adjust
symbol name: i2
symbol filename: lreg.cpp
symbol line: 152
value: 2543578223
value address: 0x7fffffffd79c
Type: The type is an integer type.
Type sizeof: 4

[INFO -- 2018-11-12 16:57:42]
Fault Injection Successful after 5.2049400806427s
[INFO -- 2018-11-12 16:57:53]
event type: exit
[INFO -- 2018-11-12 16:57:53]
exit code: 0
