[INFO -- 2018-11-24 09:43:00]
Starting flip_value script
version: 1.1
[INFO -- 2018-11-24 09:43:00]
Initialization strings:
[INFO -- 2018-11-24 09:43:00]
(1) file /tmp/lreg/lreg
[INFO -- 2018-11-24 09:43:00]
(2) set args /tmp/lreg/randInput /tmp/lreg/output
[INFO -- 2018-11-24 09:43:00]
initSignal:0
[INFO -- 2018-11-24 09:43:00]
endSignal:2
[INFO -- 2018-11-24 09:43:00]
faultModel:0
[INFO -- 2018-11-24 09:43:01]
Backtrace BEGIN:
#0  0x00007ffff76b9990 in *ABS*+0x2d7c0@plt () from /lib/x86_64-linux-gnu/libm.so.6
#1  0x00007ffff76bcb14 in __pow (x=25, y=3) at w_pow_compat.c:30
#2  0x0000555555555d5f in std::pow<double, int> (__x=25, __y=3) at /usr/include/c++/7/cmath:418
#3  0x00005555555551e7 in predict (v=25) at lreg.cpp:50
#4  0x00005555555553ac in partialDerivate (pos=2) at lreg.cpp:74
#5  0x00005555555554b3 in adjust (alpha=2.2222199999999999e-05) at lreg.cpp:87
#6  0x000055555555565c in train (iterations=30000, alpha=2.2222199999999999e-05, N=4, stopsWhenStable=true) at lreg.cpp:120
#7  0x0000555555555ab7 in main (argc=3, argv=0x7fffffffde58) at lreg.cpp:174

130		T = bestT;
131	}
132	
133	/*
134	It must receive an input file formated as follows:
135		1° Line : one integer T -> number of test cases
136		2° to 5° repeat to all test case	
137		2° Line : method parameters -> alpha, iterations, N, size of 
138			      training set, predictions
139		3° Line : inputs x of the training set

Backtrace END
Memory content before bitflip:0x020x000x000x00
Fault Model: Single bit-flip
base address to flip value: 0x7fffffffd7d4
address max offset: 4
Memory content after  bitflip:0x020x010x000x00
frame name: adjust
symbol name: i
symbol filename: lreg.cpp
symbol line: 86
value: 258
value address: 0x7fffffffd7d4
Type: The type is an integer type.
Type sizeof: 4

[INFO -- 2018-11-24 09:43:01]
Fault Injection Successful after 1.5608420372009277s
[INFO -- 2018-11-24 09:43:02]
event type: exit
[INFO -- 2018-11-24 09:43:02]
exit code: 0
