[INFO -- 2018-11-06 21:52:11]
Starting flip_value script
version: 1.1
[INFO -- 2018-11-06 21:52:11]
Initialization strings:
[INFO -- 2018-11-06 21:52:11]
(1) file /tmp/lreg/lreg
[INFO -- 2018-11-06 21:52:11]
(2) set args /tmp/lreg/randInput /tmp/lreg/output /tmp/lreg/detected.log
[INFO -- 2018-11-06 21:52:11]
initSignal:0
[INFO -- 2018-11-06 21:52:11]
endSignal:10
[INFO -- 2018-11-06 21:52:11]
faultModel:0
[INFO -- 2018-11-06 21:52:17]
Backtrace BEGIN:
#0  0x00005555555553ba in partialDerivate (pos=3) at lreg.cpp:73
#1  0x0000555555555503 in adjust (alpha=2.2222199999999999e-05) at lreg.cpp:87
#2  0x00005555555556ac in train (iterations=45000, alpha=2.2222199999999999e-05, N=4, stopsWhenStable=true) at lreg.cpp:120
#3  0x0000555555555a1c in execute (input=0x7fffffffe1f3 "/tmp/lreg/randInput") at lreg.cpp:157
#4  0x0000555555555c60 in main (argc=4, argv=0x7fffffffde48) at lreg.cpp:191

68		Calculates the partial derivate of the meanSquaredError function 
69		to the adjustment variable whose position in T is passed in pos
70	*/
71	double partialDerivate(int pos){
72		double pD = 0;
73		for(int i = 0; i<x.size(); i++){
74			pD += ((predict(x[i]) - y[i])*pow(x[i], pos));	
75		}
76		pD *= (2.0/x.size());
77		return pD;

Backtrace END
Memory content before bitflip:0x460x5a0xb70xf40x390x4d0xf70x3e
Fault Model: Single bit-flip
base address to flip value: 0x7fffffffd560
address max offset: 8
Memory content after  bitflip:0x460x5a0xb70xfc0x390x4d0xf70x3e
frame name: train
symbol name: alpha
symbol filename: lreg.cpp
symbol line: 105
value: 2.222220045474735e-05
value address: 0x7fffffffd560
Type: A floating point type.
Type sizeof: 8

[INFO -- 2018-11-06 21:52:17]
Fault Injection Successful after 6.102800130844116s
[INFO -- 2018-11-06 21:52:22]
event type: exit
[INFO -- 2018-11-06 21:52:22]
exit code: 0
