[INFO -- 2018-11-23 20:05:39]
Starting flip_value script
version: 1.1
[INFO -- 2018-11-23 20:05:39]
Initialization strings:
[INFO -- 2018-11-23 20:05:39]
(1) file /tmp/lreg/lreg
[INFO -- 2018-11-23 20:05:39]
(2) set args /tmp/lreg/randInput /tmp/lreg/output
[INFO -- 2018-11-23 20:05:39]
initSignal:0
[INFO -- 2018-11-23 20:05:39]
endSignal:3
[INFO -- 2018-11-23 20:05:39]
faultModel:2
[INFO -- 2018-11-23 20:05:41]
Backtrace BEGIN:
#0  0x00005555555551c2 in predict (v=-2) at lreg.cpp:50
#1  0x00005555555553ac in partialDerivate (pos=2) at lreg.cpp:74
#2  0x00005555555554b3 in adjust (alpha=2.2222199999999999e-05) at lreg.cpp:87
#3  0x000055555555565c in train (iterations=30000, alpha=2.2222199999999999e-05, N=4, stopsWhenStable=true) at lreg.cpp:120
#4  0x0000555555555ab7 in main (argc=3, argv=0x7fffffffde58) at lreg.cpp:174

45		Predicts the value related to v using the Ts variables
46	*/
47	double predict(double v){
48		double val = 0;
49		for(int i = 0; i<T.size(); i++){
50			val+= (T[i] * pow(v, i));
51		}
52		return val;
53		
54	}

Backtrace END
Memory content before bitflip:0x080x000x000x00
Fault Model: Random bit-flip
base address to flip value: 0x7fffffffd92c
address max offset: 4
Memory content after  bitflip:0x2b0x7d0xf80x9d
frame name: main
symbol name: predictions
symbol filename: lreg.cpp
symbol line: 161
value: -1644659413
value address: 0x7fffffffd92c
Type: The type is an integer type.
Type sizeof: 4

[INFO -- 2018-11-23 20:05:41]
Fault Injection Successful after 2.3622326850891113s
[INFO -- 2018-11-23 20:05:41]
event type: exit
[INFO -- 2018-11-23 20:05:41]
exit code: 0
