[INFO -- 2018-11-06 21:59:10]
Starting flip_value script
version: 1.1
[INFO -- 2018-11-06 21:59:10]
Initialization strings:
[INFO -- 2018-11-06 21:59:10]
(1) file /tmp/lreg/lreg
[INFO -- 2018-11-06 21:59:10]
(2) set args /tmp/lreg/randInput /tmp/lreg/output /tmp/lreg/detected.log
[INFO -- 2018-11-06 21:59:10]
initSignal:0
[INFO -- 2018-11-06 21:59:10]
endSignal:10
[INFO -- 2018-11-06 21:59:10]
faultModel:1
[EXCEPTION -- 2018-11-06 21:59:12]
pythonException: empty range for randrange() (0,0, 0)
[EXCEPTION -- 2018-11-06 21:59:12]
pythonException: Unable to exit loop in struct fields; Exiting wihtout making a bit flip
[INFO -- 2018-11-06 21:59:17]
Backtrace BEGIN:
#0  log1 (error=<synthetic pointer>, delta=<synthetic pointer>, x=8) at ../sysdeps/ieee754/dbl-64/e_pow.c:334
#1  __ieee754_pow_sse2 (x=8, y=3) at ../sysdeps/ieee754/dbl-64/e_pow.c:103
#2  0x00007ffff76bcb14 in __pow (x=8, y=3) at w_pow_compat.c:30
#3  0x0000555555556131 in std::pow<double, int> (__x=8, __y=3) at /usr/include/c++/7/cmath:418
#4  0x0000555555555237 in predict (v=8) at lreg.cpp:50
#5  0x000055555555530a in meanSquaredError () at lreg.cpp:61
#6  0x00005555555556b1 in train (iterations=45000, alpha=2.2222199999999999e-05, N=4, stopsWhenStable=true) at lreg.cpp:121
#7  0x0000555555555a1c in execute (input=0x7fffffffe1f3 "/tmp/lreg/randInput") at lreg.cpp:157
#8  0x0000555555555c60 in main (argc=4, argv=0x7fffffffde48) at lreg.cpp:191

329	../sysdeps/ieee754/dbl-64/e_pow.c: No such file or directory.

Backtrace END
Memory content before bitflip:0x01
Fault Model: Double bit-flip
base address to flip value: 0x7fffffffd55c
address max offset: 1
Memory content after  bitflip:0x0b
frame name: train
symbol name: stopsWhenStable
symbol filename: lreg.cpp
symbol line: 105
value: 11
value address: 0x7fffffffd55c
Type: A boolean type.
Type sizeof: 1

[INFO -- 2018-11-06 21:59:17]
Fault Injection Successful after 7.323279142379761s
[INFO -- 2018-11-06 21:59:22]
event type: exit
[INFO -- 2018-11-06 21:59:22]
exit code: 0
