[INFO -- 2018-11-15 15:02:08]
Starting flip_value script
version: 1.1
[INFO -- 2018-11-15 15:02:08]
Initialization strings:
[INFO -- 2018-11-15 15:02:08]
(1) file /tmp/lreg/lreg
[INFO -- 2018-11-15 15:02:08]
(2) set args /tmp/lreg/randInput /tmp/lreg/output
[INFO -- 2018-11-15 15:02:08]
initSignal:0
[INFO -- 2018-11-15 15:02:08]
endSignal:5
[INFO -- 2018-11-15 15:02:08]
faultModel:0
[INFO -- 2018-11-15 15:02:12]
Backtrace BEGIN:
#0  0x00007ffff76daa35 in __ieee754_pow_sse2 (x=<optimized out>, y=<optimized out>) at ../sysdeps/ieee754/dbl-64/e_pow.c:215
#1  0x00007ffff76bcb14 in __pow (x=27, y=0) at w_pow_compat.c:30
#2  0x0000555555556826 in std::pow<double, unsigned int> (__x=27, __y=0) at /usr/include/c++/7/cmath:418
#3  0x0000555555555814 in predict (v=27) at lreg.cpp:116
#4  0x0000555555555a53 in partialDerivate (pos1=0, pos2=0) at lreg.cpp:142
#5  0x0000555555555bbe in adjust (alpha1=2.2222199999999999e-05, alpha2=2.2222199999999999e-05) at lreg.cpp:156
#6  0x0000555555555ee0 in train (iter1=45000, iter2=45000, N=4, alpha1=2.2222199999999999e-05, alpha2=2.2222199999999999e-05, stopsWhenStable=true) at lreg.cpp:193
#7  0x0000555555556467 in main (argc=3, argv=0x7fffffffde58) at lreg.cpp:253

210	../sysdeps/ieee754/dbl-64/e_pow.c: No such file or directory.

Backtrace END
Memory content before bitflip:0x000x280xa60x770x610x4e0x050xb9
Fault Model: Single bit-flip
base address to flip value: 0x7fffffffd788
address max offset: 8
Memory content after  bitflip:0x000x280xa60x770x610x4e0x0d0xb9
frame name: adjust
symbol name: diff
symbol filename: lreg.cpp
symbol line: 158
value: -7.0552049344997703e-34
value address: 0x7fffffffd788
Type: A floating point type.
Type sizeof: 8

[INFO -- 2018-11-15 15:02:12]
Fault Injection Successful after 4.5841224193573s
[INFO -- 2018-11-15 15:02:13]
event type: exit
[INFO -- 2018-11-15 15:02:13]
exit code: 0
