[INFO -- 2018-10-12 12:56:27]
Starting flip_value script
version: 1.1
[INFO -- 2018-10-12 12:56:27]
Initialization strings:
[INFO -- 2018-10-12 12:56:27]
(1) file /tmp/lreg/lreg
[INFO -- 2018-10-12 12:56:27]
(2) set args /tmp/lreg/randInput /tmp/lreg/output
[INFO -- 2018-10-12 12:56:27]
initSignal:0
[INFO -- 2018-10-12 12:56:27]
endSignal:10
[INFO -- 2018-10-12 12:56:27]
faultModel:2
[INFO -- 2018-10-12 12:56:31]
Backtrace BEGIN:
#0  0x00007ffff76d5519 in __ieee754_pow_sse2 (x=11, y=0) at ../sysdeps/ieee754/dbl-64/e_pow.c:65
#1  0x00007ffff76b7b14 in __pow (x=11, y=0) at w_pow_compat.c:30
#2  0x00005555555560ba in std::pow<double, unsigned int> (__x=11, __y=0) at /usr/include/c++/7/cmath:418
#3  0x00005555555552c2 in predict (v=11) at lreg.cpp:77
#4  0x000055555555551d in partialDerivate (pos=0) at lreg.cpp:107
#5  0x0000555555555670 in adjust () at lreg.cpp:123
#6  0x0000555555555881 in train (iterations=60000, N=3, stopsWhenStable=true) at lreg.cpp:159
#7  0x0000555555555dba in main (argc=3, argv=0x7fffffffde68) at lreg.cpp:225

60	../sysdeps/ieee754/dbl-64/e_pow.c: No such file or directory.

Backtrace END
Memory content before bitflip:0x2d0x430x1c0xeb0xe20x360x0a0x3f
Fault Model: Random bit-flip
base address to flip value: 0x55555575a1a8 
address max offset: 8
Memory content after  bitflip:0xcd0x0c0x0d0x170xe50xe80xbc0x4b
frame name: adjust
symbol name: a3
symbol filename: lreg.cpp
symbol line: 45
value: 7.0886490041150049e+56
value address: 0x55555575a1a8 <a3>
Type: A floating point type.
Type sizeof: 8

[INFO -- 2018-10-12 12:56:31]
Fault Injection Successful after 4.31254243850708s
[INFO -- 2018-10-12 12:56:44]
event type: exit
[INFO -- 2018-10-12 12:56:44]
exit code: 0
