[INFO -- 2018-11-26 20:16:34]
Starting flip_value script
version: 1.1
[INFO -- 2018-11-26 20:16:34]
Initialization strings:
[INFO -- 2018-11-26 20:16:34]
(1) file /tmp/lreg/lreg
[INFO -- 2018-11-26 20:16:34]
(2) set args /tmp/lreg/randInput /tmp/lreg/output
[INFO -- 2018-11-26 20:16:34]
initSignal:0
[INFO -- 2018-11-26 20:16:34]
endSignal:3
[INFO -- 2018-11-26 20:16:34]
faultModel:2
[INFO -- 2018-11-26 20:16:34]
Backtrace BEGIN:
#0  0x000055555555510c in verifyUintDup (a=2, b=2) at lreg.cpp:61
#1  0x000055555555579a in predict (v=-19) at lreg.cpp:116
#2  0x0000555555555a53 in partialDerivate (pos1=0, pos2=0) at lreg.cpp:142
#3  0x0000555555555bbe in adjust (alpha1=5.0000000000000002e-05, alpha2=5.0000000000000002e-05) at lreg.cpp:156
#4  0x0000555555555ee0 in train (iter1=20000, iter2=20000, N=3, alpha1=5.0000000000000002e-05, alpha2=5.0000000000000002e-05, stopsWhenStable=true) at lreg.cpp:193
#5  0x0000555555556467 in main (argc=3, argv=0x7fffffffde58) at lreg.cpp:253

56	*/
57	
58	int detected = 0;
59	
60	
61	UINT verifyUintDup(UINT a, UINT b){
62		if (a != b && detected != 1){
63			//gerar entrada no log
64			ofstream fp ("/tmp/lreg/detected.log", std::ofstream::app);
65			fp << "verifyUint: a = "<<a<<"; b = "<<b<<endl;

Backtrace END
Memory content before bitflip:0x000xe60x580x910x140x7c0xba0xf8
Fault Model: Random bit-flip
base address to flip value: 0x7fffffffd788
address max offset: 8
Memory content after  bitflip:0xca0xbb0x850xda0xaa0xd80x4b0x17
frame name: adjust
symbol name: diff
symbol filename: lreg.cpp
symbol line: 158
value: 1.8626069839559395e-196
value address: 0x7fffffffd788
Type: A floating point type.
Type sizeof: 8

[INFO -- 2018-11-26 20:16:34]
Fault Injection Successful after 0.7794272899627686s
[INFO -- 2018-11-26 20:16:36]
event type: exit
[INFO -- 2018-11-26 20:16:36]
exit code: 0
