[INFO -- 2018-10-06 16:57:19]
Starting flip_value script
version: 1.1
[INFO -- 2018-10-06 16:57:19]
Initialization strings:
[INFO -- 2018-10-06 16:57:19]
(1) file /tmp/lreg/lreg
[INFO -- 2018-10-06 16:57:19]
(2) set args /tmp/lreg/randInput /tmp/lreg/output
[INFO -- 2018-10-06 16:57:19]
initSignal:0
[INFO -- 2018-10-06 16:57:19]
endSignal:10
[INFO -- 2018-10-06 16:57:19]
faultModel:1
[INFO -- 2018-10-06 16:57:24]
Backtrace BEGIN:
#0  0x00007ffff76d55d6 in __ieee754_pow_sse2 (x=-12, y=0) at ../sysdeps/ieee754/dbl-64/e_pow.c:83
#1  0x00007ffff76b7b14 in __pow (x=-12, y=0) at w_pow_compat.c:30
#2  0x00005555555560ba in std::pow<double, unsigned int> (__x=-12, __y=0) at /usr/include/c++/7/cmath:418
#3  0x00005555555552c2 in predict (v=-12) at lreg.cpp:77
#4  0x000055555555551d in partialDerivate (pos=0) at lreg.cpp:107
#5  0x0000555555555670 in adjust () at lreg.cpp:123
#6  0x0000555555555881 in train (iterations=90000, N=4, stopsWhenStable=true) at lreg.cpp:159
#7  0x0000555555555dba in main (argc=3, argv=0x7fffffffde68) at lreg.cpp:225

78	../sysdeps/ieee754/dbl-64/e_pow.c: No such file or directory.

Backtrace END
Memory content before bitflip:0x460x5a0xb70xf40x390x4d0xf70x3e
Fault Model: Double bit-flip
base address to flip value: 0x55555575a1a0 
address max offset: 8
Memory content after  bitflip:0xce0x5a0xb70xf40x390x4d0xf70x3e
frame name: main
symbol name: a2
symbol filename: lreg.cpp
symbol line: 45
value: 2.222220000000046e-05
value address: 0x55555575a1a0 <a2>
Type: A floating point type.
Type sizeof: 8

[INFO -- 2018-10-06 16:57:24]
Fault Injection Successful after 5.544927597045898s
[INFO -- 2018-10-06 16:57:29]
event type: exit
[INFO -- 2018-10-06 16:57:29]
exit code: 0
