[INFO -- 2018-10-01 17:52:43]
Starting flip_value script
version: 1.1
[INFO -- 2018-10-01 17:52:43]
Initialization strings:
[INFO -- 2018-10-01 17:52:43]
(1) file /tmp/lreg/lreg
[INFO -- 2018-10-01 17:52:43]
(2) set args /tmp/lreg/randInput /tmp/lreg/output
[INFO -- 2018-10-01 17:52:43]
initSignal:0
[INFO -- 2018-10-01 17:52:43]
endSignal:10
[INFO -- 2018-10-01 17:52:43]
faultModel:0
[EXCEPTION -- 2018-10-01 17:52:45]
pythonException: Unable to exit loop in struct fields; Exiting wihtout making a bit flip
[INFO -- 2018-10-01 17:52:46]
Backtrace BEGIN:
#0  0x00005555555551d3 in predict (v=15) at lreg.cpp:50
#1  0x00005555555552ba in meanSquaredError () at lreg.cpp:61
#2  0x0000555555555661 in train (iterations=90000, alpha=2.2222199999999999e-05, N=4, stopsWhenStable=true) at lreg.cpp:121
#3  0x0000555555555ab7 in main (argc=3, argv=0x7fffffffde58) at lreg.cpp:174

45		Predicts the value related to v using the Ts variables
46	*/
47	double predict(double v){
48		double val = 0;
49		for(int i = 0; i<T.size(); i++){
50			val+= (T[i] * pow(v, i));
51		}
52		return val;
53		
54	}

Backtrace END
Memory content before bitflip:0x240x4e0x3c0x980xe60xbd0xa00xc0
Fault Model: Single bit-flip
base address to flip value: 0x7fffffffd798
address max offset: 8
Memory content after  bitflip:0x240x4e0x7c0x980xe60xbd0xa00xc0
frame name: predict
symbol name: val
symbol filename: lreg.cpp
symbol line: 48
value: -2142.9503821225535
value address: 0x7fffffffd798
Type: A floating point type.
Type sizeof: 8

[INFO -- 2018-10-01 17:52:46]
Fault Injection Successful after 3.101863145828247s
[INFO -- 2018-10-01 17:52:57]
event type: exit
[INFO -- 2018-10-01 17:52:57]
exit code: 0
