[INFO -- 2018-10-09 18:11:02]
Starting flip_value script
version: 1.1
[INFO -- 2018-10-09 18:11:02]
Initialization strings:
[INFO -- 2018-10-09 18:11:02]
(1) file /tmp/lreg/lreg
[INFO -- 2018-10-09 18:11:02]
(2) set args /tmp/lreg/randInput /tmp/lreg/output
[INFO -- 2018-10-09 18:11:02]
initSignal:0
[INFO -- 2018-10-09 18:11:02]
endSignal:10
[INFO -- 2018-10-09 18:11:02]
faultModel:0
[INFO -- 2018-10-09 18:11:05]
Backtrace BEGIN:
#0  0x00005555555552cc in predict (v=13) at lreg.cpp:77
#1  0x000055555555551d in partialDerivate (pos=2) at lreg.cpp:107
#2  0x0000555555555670 in adjust () at lreg.cpp:123
#3  0x0000555555555881 in train (iterations=90000, N=4, stopsWhenStable=true) at lreg.cpp:159
#4  0x0000555555555dba in main (argc=3, argv=0x7fffffffde68) at lreg.cpp:225

72		double val = 0;
73		for(UINT i1 = 0, i2 = 0, i3 = 0; 
74			selectTriUInt(i1, i2, i3)<T.size(); 
75			i1++, i2++, i3++)
76		{
77			val+= (T[selectTriUInt(i1, i2, i3)] * pow(v, selectTriUInt(i1, i2, i3)));
78		}
79		return val;
80		
81	}

Backtrace END
Fliping value of field: std::_Vector_base<double, std::allocator<double> >
Fliping value of field: _M_impl
Fliping value of field: _M_end_of_storage
Fliping a bit of the value pointed by a pointer
Memory content before bitflip:0x000x000x000x000x000x000x000x00
Fault Model: Single bit-flip
base address to flip value: 0x555555771ba0
address max offset: 8
Memory content after  bitflip:0x000x100x000x000x000x000x000x00
frame name: train
symbol name: prevT
symbol filename: lreg.cpp
symbol line: 150
value: std::vector of length 4, capacity 4 = {-0.32083895429828113, 13.996216421761988, -5.46481424793211, -1.5873226421571216}
value address: 0x7fffffffd830
Type: The type is a structure.
Type sizeof: 24
Field name: std::_Vector_base<double, std::allocator<double> >
Field Type: The type is a structure.
Field Type sizeof: 24

[INFO -- 2018-10-09 18:11:05]
Fault Injection Successful after 3.532914638519287s
[INFO -- 2018-10-09 18:11:17]
event type: exit
[INFO -- 2018-10-09 18:11:17]
exit code: 0
