[INFO -- 2018-10-03 16:24:41]
Starting flip_value script
version: 1.1
[INFO -- 2018-10-03 16:24:41]
Initialization strings:
[INFO -- 2018-10-03 16:24:41]
(1) file /tmp/lreg/lreg
[INFO -- 2018-10-03 16:24:41]
(2) set args /tmp/lreg/randInput /tmp/lreg/output
[INFO -- 2018-10-03 16:24:41]
initSignal:0
[INFO -- 2018-10-03 16:24:41]
endSignal:10
[INFO -- 2018-10-03 16:24:41]
faultModel:2
[INFO -- 2018-10-03 16:24:43]
Backtrace BEGIN:
#0  0x0000555555555cda in std::vector<double, std::allocator<double> >::size (this=0x4008000000000000) at /usr/include/c++/7/bits/stl_vector.h:670
#1  0x00005555555551a9 in predict (v=3) at lreg.cpp:49
#2  0x00005555555552ba in meanSquaredError () at lreg.cpp:61
#3  0x0000555555555661 in train (iterations=90000, alpha=2.2222199999999999e-05, N=4, stopsWhenStable=true) at lreg.cpp:121
#4  0x0000555555555ab7 in main (argc=3, argv=0x7fffffffde58) at lreg.cpp:174

665	#endif
666	
667	      // [23.2.4.2] capacity
668	      /**  Returns the number of elements in the %vector.  */
669	      size_type
670	      size() const _GLIBCXX_NOEXCEPT
671	      { return size_type(this->_M_impl._M_finish - this->_M_impl._M_start); }
672	
673	      /**  Returns the size() of the largest possible %vector.  */
674	      size_type

Backtrace END
Memory content before bitflip:0x070xfd0xe40xaa0x350x800x460x41
Fault Model: Random bit-flip
base address to flip value: 0x7fffffffd838
address max offset: 8
Memory content after  bitflip:0x150x5e0xd50x4e0xd40xc80x610x39
frame name: train
symbol name: MSE
symbol filename: lreg.cpp
symbol line: 117
value: 2.7401344794666457e-32
value address: 0x7fffffffd838
Type: A floating point type.
Type sizeof: 8

[INFO -- 2018-10-03 16:24:43]
Fault Injection Successful after 2.5967605113983154s
[INFO -- 2018-10-03 16:24:48]
event type: exit
[INFO -- 2018-10-03 16:24:48]
exit code: 0
