[INFO -- 2018-09-30 16:49:16]
Starting flip_value script
version: 1.1
[INFO -- 2018-09-30 16:49:16]
Initialization strings:
[INFO -- 2018-09-30 16:49:16]
(1) file /tmp/lreg/lreg
[INFO -- 2018-09-30 16:49:16]
(2) set args /tmp/lreg/randInput /tmp/lreg/output
[INFO -- 2018-09-30 16:49:16]
initSignal:0
[INFO -- 2018-09-30 16:49:16]
endSignal:30
[INFO -- 2018-09-30 16:49:16]
faultModel:1
[INFO -- 2018-09-30 16:49:29]
Backtrace BEGIN:
#0  __exp1 (x=<optimized out>, xx=<optimized out>, error=<optimized out>) at ../sysdeps/ieee754/dbl-64/e_exp.c:274
#1  0x00007ffff76d58dc in __ieee754_pow_sse2 (x=11, y=3) at ../sysdeps/ieee754/dbl-64/e_pow.c:115
#2  0x00007ffff76d66be in __ieee754_pow_sse2 (x=<optimized out>, y=<optimized out>) at ../sysdeps/ieee754/dbl-64/e_pow.c:184
#3  0x00007ffff76b7b14 in __pow (x=-11, y=3) at w_pow_compat.c:30
#4  0x000055555555669c in std::pow<double, unsigned int> (__x=-11, __y=3) at /usr/include/c++/7/cmath:418
#5  0x00005555555552e6 in predict (v=-11) at lreg.cpp:65
#6  0x0000555555555492 in meanSquaredError () at lreg.cpp:93
#7  0x0000555555555827 in train (iterations=90000, alpha=2.2222199999999999e-05, N=4, stopsWhenStable=true) at lreg.cpp:153
#8  0x0000555555555dc9 in lreg (input=0x7fffffffe210 "/tmp/lreg/randInput", output=0x7fffffffe224 "/tmp/lreg/output") at lreg.cpp:213
#9  0x00005555555564e2 in main (argc=3, argv=0x7fffffffde68) at lreg.cpp:276

269	../sysdeps/ieee754/dbl-64/e_exp.c: No such file or directory.

Backtrace END
Fliping value of field: std::_Vector_base<double, std::allocator<double> >
Fliping value of field: _M_impl
Fliping value of field: _M_start
Fliping a bit of the value pointed by a pointer
Memory content before bitflip:0x000x000x000x000x000xa20xa60x40
Fault Model: Double bit-flip
base address to flip value: 0x555555772880
address max offset: 8
Memory content after  bitflip:0x000x000x000x000x300xa20xa60x40
frame name: std::pow<double, unsigned int>
symbol name: y
symbol filename: lreg.cpp
symbol line: 36
value: std::vector of length 16, capacity 16 = {2897.09375, 67, -18874, -34750, 134, 1, -1990, -274, 7162, 4303, 3554, 18173, 2897, -3106, -10, 12626}
value address: 0x55555575b160 <y>
Type: The type is a structure.
Type sizeof: 24
Field name: std::_Vector_base<double, std::allocator<double> >
Field Type: The type is a structure.
Field Type sizeof: 24

[INFO -- 2018-09-30 16:49:29]
Fault Injection Successful after 13.855453729629517s
[INFO -- 2018-09-30 16:49:42]
event type: exit
[INFO -- 2018-09-30 16:49:42]
exit code: 0
