[INFO -- 2018-11-22 15:15:49]
Starting flip_value script
version: 1.1
[INFO -- 2018-11-22 15:15:49]
Initialization strings:
[INFO -- 2018-11-22 15:15:49]
(1) file /tmp/lreg/lreg
[INFO -- 2018-11-22 15:15:49]
(2) set args /tmp/lreg/randInput /tmp/lreg/output
[INFO -- 2018-11-22 15:15:49]
initSignal:0
[INFO -- 2018-11-22 15:15:49]
endSignal:3
[INFO -- 2018-11-22 15:15:49]
faultModel:0
[EXCEPTION -- 2018-11-22 15:15:50]
gdbException: Attempt to dereference a generic pointer.
[EXCEPTION -- 2018-11-22 15:15:52]
pythonException: Unable to exit loop in struct fields; Exiting wihtout making a bit flip
[INFO -- 2018-11-22 15:15:52]
Backtrace BEGIN:
#0  __ieee754_pow_sse2 (x=18, y=3) at ../sysdeps/ieee754/dbl-64/e_pow.c:110
#1  0x00007ffff76db6be in __ieee754_pow_sse2 (x=<optimized out>, y=<optimized out>) at ../sysdeps/ieee754/dbl-64/e_pow.c:184
#2  0x00007ffff76bcb14 in __pow (x=-18, y=3) at w_pow_compat.c:30
#3  0x0000555555555d5f in std::pow<double, int> (__x=-18, __y=3) at /usr/include/c++/7/cmath:418
#4  0x0000555555555401 in partialDerivate (pos=3) at lreg.cpp:74
#5  0x00005555555554b3 in adjust (alpha=2.2222199999999999e-05) at lreg.cpp:87
#6  0x000055555555565c in train (iterations=30000, alpha=2.2222199999999999e-05, N=4, stopsWhenStable=true) at lreg.cpp:120
#7  0x0000555555555ab7 in main (argc=3, argv=0x7fffffffde58) at lreg.cpp:174

105	in ../sysdeps/ieee754/dbl-64/e_pow.c

Backtrace END
Memory content before bitflip:0x000x000x000x000x000x000x080x40
Fault Model: Single bit-flip
base address to flip value: 0x7fffffffd718
address max offset: 8
Memory content after  bitflip:0x000x000x000x000x000x000x280x40
frame name: __pow
symbol name: y
symbol filename: w_pow_compat.c
symbol line: 28
value: 12
value address: 0x7fffffffd718
Type: A floating point type.
Type sizeof: 8

[INFO -- 2018-11-22 15:15:52]
Fault Injection Successful after 3.568594217300415s
[INFO -- 2018-11-22 15:15:54]
event type: exit
[INFO -- 2018-11-22 15:15:54]
exit code: 0
