[INFO -- 2018-09-15 19:51:07]
Starting flip_value script
version: 1.1
[INFO -- 2018-09-15 19:51:07]
Initialization strings:
[INFO -- 2018-09-15 19:51:07]
(1) file /tmp/lreg/lreg
[INFO -- 2018-09-15 19:51:07]
(2) set args /tmp/lreg/randInput /tmp/lreg/output
[INFO -- 2018-09-15 19:51:07]
initSignal:0
[INFO -- 2018-09-15 19:51:07]
endSignal:2
[INFO -- 2018-09-15 19:51:07]
faultModel:0
[INFO -- 2018-09-15 19:51:08]
Backtrace BEGIN:
#0  0x0000555555555ef2 in std::vector<double, std::allocator<double> >::operator[] (this=0x55555575a180 <T>, __n=4294967297) at /usr/include/c++/7/bits/stl_vector.h:795
#1  0x0000555555555217 in predict (v=12) at lreg.cpp:50
#2  0x00005555555553fc in partialDerivate (pos=1) at lreg.cpp:74
#3  0x0000555555555503 in adjust (alpha=5.0000000000000002e-05) at lreg.cpp:87
#4  0x00005555555556ac in train (iterations=60000, alpha=5.0000000000000002e-05, N=3, stopsWhenStable=true) at lreg.cpp:120
#5  0x0000555555555c26 in main (argc=3, argv=0x7fffffffde68) at lreg.cpp:182

790	       *  Note that data access with this operator is unchecked and
791	       *  out_of_range lookups are not defined. (For checked lookups
792	       *  see at().)
793	       */
794	      reference
795	      operator[](size_type __n) _GLIBCXX_NOEXCEPT
796	      {
797		__glibcxx_requires_subscript(__n);
798		return *(this->_M_impl._M_start + __n);
799	      }

Backtrace END
Memory content before bitflip:0x3f0x8d0x050x110x240xad0x570x40
Fault Model: Single bit-flip
base address to flip value: 0x7fffffffd7e8
address max offset: 8
Memory content after  bitflip:0x3f0x8d0x050x110x240xad0x170x40
frame name: adjust
symbol name: PD
symbol filename: lreg.cpp
symbol line: 85
value: 5.9190828952444567
value address: 0x7fffffffd7e8
Type: A floating point type.
Type sizeof: 8

[INFO -- 2018-09-15 19:51:08]
Fault Injection Successful after 1.5052580833435059s
[INFO -- 2018-09-15 19:51:14]
event type: exit
[INFO -- 2018-09-15 19:51:14]
exit code: 0
