[INFO -- 2018-11-23 18:11:45]
Starting flip_value script
version: 1.1
[INFO -- 2018-11-23 18:11:45]
Initialization strings:
[INFO -- 2018-11-23 18:11:45]
(1) file /tmp/lreg/lreg
[INFO -- 2018-11-23 18:11:45]
(2) set args /tmp/lreg/randInput /tmp/lreg/output
[INFO -- 2018-11-23 18:11:45]
initSignal:0
[INFO -- 2018-11-23 18:11:45]
endSignal:3
[INFO -- 2018-11-23 18:11:45]
faultModel:2
[INFO -- 2018-11-23 18:11:46]
Backtrace BEGIN:
#0  malloc (n=10) at dl-minimal.c:50
#1  <function called from gdb>
#2  tcache_put (tc_idx=1, chunk=0x555555771650) at malloc.c:2929
#3  _int_free (have_lock=0, p=0x555555771650, av=0x7ffff7271c40 <main_arena>) at malloc.c:4173
#4  __GI___libc_free (mem=0x555555771660) at malloc.c:3124
#5  0x0000555555557552 in __gnu_cxx::new_allocator<double>::deallocate (this=0x7fffffffd880, __p=0x555555771660) at /usr/include/c++/7/ext/new_allocator.h:125
#6  0x0000555555557017 in std::allocator_traits<std::allocator<double> >::deallocate (__a=..., __p=0x555555771660, __n=4) at /usr/include/c++/7/bits/alloc_traits.h:462
#7  0x000055555555676a in std::_Vector_base<double, std::allocator<double> >::_M_deallocate (this=0x7fffffffd880, __p=0x555555771660, __n=4) at /usr/include/c++/7/bits/stl_vector.h:180
#8  0x0000555555556427 in std::_Vector_base<double, std::allocator<double> >::~_Vector_base (this=0x7fffffffd880, __in_chrg=<optimized out>) at /usr/include/c++/7/bits/stl_vector.h:162
#9  0x0000555555555e53 in std::vector<double, std::allocator<double> >::~vector (this=0x7fffffffd880, __in_chrg=<optimized out>) at /usr/include/c++/7/bits/stl_vector.h:435
#10 0x0000555555555720 in train (iterations=30000, alpha=2.2222199999999999e-05, N=4, stopsWhenStable=true) at lreg.cpp:126
#11 0x0000555555555ab7 in main (argc=3, argv=0x7fffffffde58) at lreg.cpp:174

45	dl-minimal.c: No such file or directory.

Backtrace END
Fliping value of field: std::_Vector_base<double, std::allocator<double> >
Fliping value of field: _M_impl
Fliping value of field: _M_start
Fliping a bit of the value pointed by a pointer
Memory content before bitflip:0x000x000x000x000x000x000x2e0xc0
Fault Model: Random bit-flip
base address to flip value: 0x5555557714b0
address max offset: 8
Memory content after  bitflip:0xab0xf00xa10x610xa40x7b0xdc0x7a
frame name: train
symbol name: x
symbol filename: lreg.cpp
symbol line: 32
value: std::vector of length 16, capacity 16 = {6.6179169404353443e+283, -9, -1, 29, 5, -18, 31, -16, -18, -28, 25, -14, 7, -2, -17, 21}
value address: 0x55555575a140 <x>
Type: The type is a structure.
Type sizeof: 24
Field name: std::_Vector_base<double, std::allocator<double> >
Field Type: The type is a structure.
Field Type sizeof: 24

[INFO -- 2018-11-23 18:11:46]
Fault Injection Successful after 1.8406460285186768s
[INFO -- 2018-11-23 18:11:47]
event type: exit
[INFO -- 2018-11-23 18:11:47]
exit code: 0
