[INFO -- 2018-11-26 18:01:25]
Starting flip_value script
version: 1.1
[INFO -- 2018-11-26 18:01:25]
Initialization strings:
[INFO -- 2018-11-26 18:01:25]
(1) file /tmp/lreg/lreg
[INFO -- 2018-11-26 18:01:25]
(2) set args /tmp/lreg/randInput /tmp/lreg/output
[INFO -- 2018-11-26 18:01:25]
initSignal:0
[INFO -- 2018-11-26 18:01:25]
endSignal:3
[INFO -- 2018-11-26 18:01:25]
faultModel:0
[INFO -- 2018-11-26 18:01:27]
Backtrace BEGIN:
#0  std::_Vector_base<double, std::allocator<double> >::_M_allocate (this=0x7fffffffd840, __n=4) at /usr/include/c++/7/bits/stl_vector.h:172
#1  0x000055555555787f in std::_Vector_base<double, std::allocator<double> >::_M_create_storage (this=0x7fffffffd840, __n=4) at /usr/include/c++/7/bits/stl_vector.h:187
#2  0x0000555555556f4f in std::_Vector_base<double, std::allocator<double> >::_Vector_base (this=0x7fffffffd840, __n=4, __a=...) at /usr/include/c++/7/bits/stl_vector.h:138
#3  0x00005555555569fb in std::vector<double, std::allocator<double> >::vector (this=0x7fffffffd840, __x=std::vector of length 4, capacity 4 = {...}) at /usr/include/c++/7/bits/stl_vector.h:328
#4  0x0000555555555f5f in train (iter1=30000, iter2=30000, N=4, alpha1=2.2222199999999999e-05, alpha2=2.2222199999999999e-05, stopsWhenStable=true) at lreg.cpp:199
#5  0x0000555555556467 in main (argc=3, argv=0x7fffffffde58) at lreg.cpp:253

167	
168	      pointer
169	      _M_allocate(size_t __n)
170	      {
171		typedef __gnu_cxx::__alloc_traits<_Tp_alloc_type> _Tr;
172		return __n != 0 ? _Tr::allocate(_M_impl, __n) : pointer();
173	      }
174	
175	      void
176	      _M_deallocate(pointer __p, size_t __n)

Backtrace END
Memory content before bitflip:0x460x5a0xb70xf40x390x4d0xf70x3e
Fault Model: Single bit-flip
base address to flip value: 0x7fffffffd7c0
address max offset: 8
Memory content after  bitflip:0x460x5a0xb70xf40x390x4d0xf70x1e
frame name: train
symbol name: alpha2
symbol filename: lreg.cpp
symbol line: 177
value: 1.6574073939687723e-159
value address: 0x7fffffffd7c0
Type: A floating point type.
Type sizeof: 8

[INFO -- 2018-11-26 18:01:27]
Fault Injection Successful after 2.399442672729492s
[INFO -- 2018-11-26 18:01:27]
event type: exit
[INFO -- 2018-11-26 18:01:27]
exit code: 0
