[INFO -- 2018-09-15 17:53:13]
Starting flip_value script
version: 1.1
[INFO -- 2018-09-15 17:53:13]
Initialization strings:
[INFO -- 2018-09-15 17:53:13]
(1) file /tmp/lreg/lreg
[INFO -- 2018-09-15 17:53:13]
(2) set args /tmp/lreg/randInput /tmp/lreg/output
[INFO -- 2018-09-15 17:53:13]
initSignal:0
[INFO -- 2018-09-15 17:53:13]
endSignal:2
[INFO -- 2018-09-15 17:53:13]
faultModel:1
[INFO -- 2018-09-15 17:53:15]
Backtrace BEGIN:
#0  0x0000555555555220 in predict (v=6) at lreg.cpp:50
#1  0x00005555555552ba in meanSquaredError () at lreg.cpp:61
#2  0x00005555555556b1 in train (iterations=60000, alpha=5.0000000000000002e-05, N=3, stopsWhenStable=true) at lreg.cpp:121
#3  0x0000555555555c26 in main (argc=3, argv=0x7fffffffde68) at lreg.cpp:182

45		Predicts the value related to v using the Ts variables
46	*/
47	double predict(double v){
48		double val = 0;
49		for(int i = 0; i<T.size(); i++){
50			val+= (T[i] * pow(v, i));
51		}
52		return val;
53		
54	}

Backtrace END
Memory content before bitflip:0xfa0xe00x680xf20x300x270x1c0x41
Fault Model: Double bit-flip
base address to flip value: 0x7fffffffd7e8
address max offset: 8
Memory content after  bitflip:0xee0xe00x680xf20x300x270x1c0x41
frame name: meanSquaredError
symbol name: error
symbol filename: lreg.cpp
symbol line: 59
value: 461260.23672820523
value address: 0x7fffffffd7e8
Type: A floating point type.
Type sizeof: 8

[INFO -- 2018-09-15 17:53:15]
Fault Injection Successful after 2.2037384510040283s
[INFO -- 2018-09-15 17:53:21]
event type: exit
[INFO -- 2018-09-15 17:53:21]
exit code: 0
