[INFO -- 2018-10-12 20:03:15]
Starting flip_value script
version: 1.1
[INFO -- 2018-10-12 20:03:15]
Initialization strings:
[INFO -- 2018-10-12 20:03:15]
(1) file /tmp/lreg/lreg
[INFO -- 2018-10-12 20:03:15]
(2) set args /tmp/lreg/randInput /tmp/lreg/output
[INFO -- 2018-10-12 20:03:15]
initSignal:0
[INFO -- 2018-10-12 20:03:15]
endSignal:10
[INFO -- 2018-10-12 20:03:15]
faultModel:1
[INFO -- 2018-10-12 20:03:21]
Backtrace BEGIN:
#0  0x00007ffff76b7b20 in __pow (x=-30, y=3) at w_pow_compat.c:31
#1  0x00005555555560ba in std::pow<double, unsigned int> (__x=-30, __y=3) at /usr/include/c++/7/cmath:418
#2  0x00005555555552c2 in predict (v=-30) at lreg.cpp:77
#3  0x000055555555537b in meanSquaredError () at lreg.cpp:91
#4  0x0000555555555886 in train (iterations=90000, N=4, stopsWhenStable=true) at lreg.cpp:160
#5  0x0000555555555dba in main (argc=3, argv=0x7fffffffde68) at lreg.cpp:225

26	w_pow_compat.c: No such file or directory.

Backtrace END
Memory content before bitflip:0x720x950x000x00
Fault Model: Double bit-flip
base address to flip value: 0x7fffffffd818
address max offset: 4
Memory content after  bitflip:0x3a0x950x000x00
frame name: train
symbol name: i2
symbol filename: lreg.cpp
symbol line: 154
value: 38202
value address: 0x7fffffffd818
Type: The type is an integer type.
Type sizeof: 4

[INFO -- 2018-10-12 20:03:21]
Fault Injection Successful after 6.517165899276733s
[INFO -- 2018-10-12 20:03:26]
event type: exit
[INFO -- 2018-10-12 20:03:26]
exit code: 0
