[INFO -- 2018-10-04 18:56:30]
Starting flip_value script
version: 1.1
[INFO -- 2018-10-04 18:56:30]
Initialization strings:
[INFO -- 2018-10-04 18:56:30]
(1) file /tmp/lreg/lreg
[INFO -- 2018-10-04 18:56:30]
(2) set args /tmp/lreg/randInput /tmp/lreg/output
[INFO -- 2018-10-04 18:56:30]
initSignal:0
[INFO -- 2018-10-04 18:56:30]
endSignal:10
[INFO -- 2018-10-04 18:56:30]
faultModel:2
[EXCEPTION -- 2018-10-04 18:56:35]
pythonException: Unable to exit loop in struct fields; Exiting wihtout making a bit flip
[INFO -- 2018-10-04 18:56:35]
Backtrace BEGIN:
#0  0x00007ffff76d58d7 in __ieee754_pow_sse2 (x=20, y=3) at ../sysdeps/ieee754/dbl-64/e_pow.c:115
#1  0x00007ffff76b7b14 in __pow (x=20, y=3) at w_pow_compat.c:30
#2  0x0000555555555d47 in std::pow<double, int> (__x=20, __y=3) at /usr/include/c++/7/cmath:418
#3  0x00005555555551e7 in predict (v=20) at lreg.cpp:50
#4  0x00005555555553ac in partialDerivate (pos=2) at lreg.cpp:74
#5  0x00005555555554b3 in adjust (alpha=2.2222199999999999e-05) at lreg.cpp:87
#6  0x000055555555565c in train (iterations=90000, alpha=2.2222199999999999e-05, N=4, stopsWhenStable=true) at lreg.cpp:120
#7  0x0000555555555ab7 in main (argc=3, argv=0x7fffffffde58) at lreg.cpp:174

110	in ../sysdeps/ieee754/dbl-64/e_pow.c

Backtrace END
Memory content before bitflip:0x000x000x000x000x000x000x080x40
Fault Model: Random bit-flip
base address to flip value: 0x7fffffffd6c8
address max offset: 8
Memory content after  bitflip:0xf40x860xd00xca0x1b0x370x3b0x56
frame name: __pow
symbol name: y
symbol filename: w_pow_compat.c
symbol line: 28
value: 2.4967271637086953e+107
value address: 0x7fffffffd6c8
Type: A floating point type.
Type sizeof: 8

[INFO -- 2018-10-04 18:56:35]
Fault Injection Successful after 5.648283243179321s
[INFO -- 2018-10-04 18:56:38]
event type: exit
[INFO -- 2018-10-04 18:56:38]
exit code: 0
