[INFO -- 2018-09-15 10:52:39]
Starting flip_value script
version: 1.1
[INFO -- 2018-09-15 10:52:39]
Initialization strings:
[INFO -- 2018-09-15 10:52:39]
(1) file /tmp/lreg/lreg
[INFO -- 2018-09-15 10:52:39]
(2) set args /tmp/lreg/randInput /tmp/lreg/output
[INFO -- 2018-09-15 10:52:39]
initSignal:0
[INFO -- 2018-09-15 10:52:39]
endSignal:2
[INFO -- 2018-09-15 10:52:39]
faultModel:2
[INFO -- 2018-09-15 10:52:39]
Backtrace BEGIN:
#0  0x00005555555554c3 in partialDerivate (pos=1) at lreg.cpp:78
#1  0x0000555555555503 in adjust (alpha=0.00020000000000000001) at lreg.cpp:87
#2  0x00005555555556ac in train (iterations=30000, alpha=0.00020000000000000001, N=2, stopsWhenStable=true) at lreg.cpp:120
#3  0x0000555555555c26 in main (argc=3, argv=0x7fffffffde68) at lreg.cpp:182

73		for(int i = 0; i<x.size(); i++){
74			pD += ((predict(x[i]) - y[i])*pow(x[i], pos));	
75		}
76		pD *= (2.0/x.size());
77		return pD;
78	}
79	
80	/**
81		Adjusts the values of T 
82	*/

Backtrace END
Memory content before bitflip:0x030x000x000x00
Fault Model: Random bit-flip
base address to flip value: 0x7fffffffd91c
address max offset: 4
Memory content after  bitflip:0xe50x180xd80x94
frame name: main
symbol name: argc
symbol filename: lreg.cpp
symbol line: 152
value: -1797777179
value address: 0x7fffffffd91c
Type: The type is an integer type.
Type sizeof: 4

[INFO -- 2018-09-15 10:52:39]
Fault Injection Successful after 0.7235023975372314s
[INFO -- 2018-09-15 10:52:46]
event type: exit
[INFO -- 2018-09-15 10:52:46]
exit code: 0
