[INFO -- 2018-11-16 16:12:27]
Starting flip_value script
version: 1.1
[INFO -- 2018-11-16 16:12:27]
Initialization strings:
[INFO -- 2018-11-16 16:12:27]
(1) file /tmp/lreg/lreg
[INFO -- 2018-11-16 16:12:27]
(2) set args /tmp/lreg/randInput /tmp/lreg/output
[INFO -- 2018-11-16 16:12:27]
initSignal:0
[INFO -- 2018-11-16 16:12:27]
endSignal:5
[INFO -- 2018-11-16 16:12:27]
faultModel:1
[INFO -- 2018-11-16 16:12:28]
Backtrace BEGIN:
#0  verifyUintDup (a=2, b=2) at lreg.cpp:68
#1  0x00005555555557fe in predict (v=-1) at lreg.cpp:116
#2  0x0000555555555a53 in partialDerivate (pos1=2, pos2=2) at lreg.cpp:142
#3  0x0000555555555bbe in adjust (alpha1=5.0000000000000002e-05, alpha2=5.0000000000000002e-05) at lreg.cpp:156
#4  0x0000555555555ee0 in train (iter1=30000, iter2=30000, N=3, alpha1=5.0000000000000002e-05, alpha2=5.0000000000000002e-05, stopsWhenStable=true) at lreg.cpp:193
#5  0x0000555555556467 in main (argc=3, argv=0x7fffffffde58) at lreg.cpp:253

63			//gerar entrada no log
64			ofstream fp ("/tmp/lreg/detected.log", std::ofstream::app);
65			fp << "verifyUint: a = "<<a<<"; b = "<<b<<endl;
66	        detected = 1;	
67		}
68		return a;
69	}
70	double verifyDoubleDup(double a, double b){
71		if (a != b && detected != 1){
72			//gerar entrada no log

Backtrace END
Fliping value of field: std::_Vector_base<double, std::allocator<double> >
Fliping value of field: _M_impl
Fliping value of field: _M_end_of_storage
Fliping a bit of the pointer
Memory content before bitflip:0x580x230x770x550x550x550x000x00
Fault Model: Double bit-flip
base address to flip value: 0x55555575b1b0 
address max offset: 8
Memory content after  bitflip:0x580x430x770x550x550x550x000x00
frame name: predict
symbol name: T2
symbol filename: lreg.cpp
symbol line: 37
value: std::vector of length 3, capacity 1027 = {-0.07123147996972036, 1.9264291728015739, 1.9933073193231736}
value address: 0x55555575b1a0 <T2>
Type: The type is a structure.
Type sizeof: 24
Field name: std::_Vector_base<double, std::allocator<double> >
Field Type: The type is a structure.
Field Type sizeof: 24

[INFO -- 2018-11-16 16:12:28]
Fault Injection Successful after 1.749035358428955s
[INFO -- 2018-11-16 16:12:33]
event type: exit
[INFO -- 2018-11-16 16:12:33]
exit code: 0
