[INFO -- 2018-11-01 16:38:25]
Starting flip_value script
version: 1.1
[INFO -- 2018-11-01 16:38:25]
Initialization strings:
[INFO -- 2018-11-01 16:38:25]
(1) file /tmp/lreg/lreg
[INFO -- 2018-11-01 16:38:25]
(2) set args /tmp/lreg/randInput /tmp/lreg/output /tmp/lreg/detected.log
[INFO -- 2018-11-01 16:38:25]
initSignal:0
[INFO -- 2018-11-01 16:38:25]
endSignal:20
[INFO -- 2018-11-01 16:38:25]
faultModel:1
[INFO -- 2018-11-01 16:38:33]
Backtrace BEGIN:
#0  log1 (error=<synthetic pointer>, delta=<synthetic pointer>, x=13) at ../sysdeps/ieee754/dbl-64/e_pow.c:334
#1  __ieee754_pow_sse2 (x=13, y=3) at ../sysdeps/ieee754/dbl-64/e_pow.c:103
#2  0x00007ffff76db6be in __ieee754_pow_sse2 (x=<optimized out>, y=<optimized out>) at ../sysdeps/ieee754/dbl-64/e_pow.c:184
#3  0x00007ffff76bcb14 in __pow (x=-13, y=3) at w_pow_compat.c:30
#4  0x0000555555556131 in std::pow<double, int> (__x=-13, __y=3) at /usr/include/c++/7/cmath:418
#5  0x0000555555555237 in predict (v=-13) at lreg.cpp:50
#6  0x000055555555530a in meanSquaredError () at lreg.cpp:61
#7  0x00005555555556b1 in train (iterations=60000, alpha=2.2222199999999999e-05, N=4, stopsWhenStable=true) at lreg.cpp:121
#8  0x0000555555555a1c in execute (input=0x7fffffffe1f3 "/tmp/lreg/randInput") at lreg.cpp:157
#9  0x0000555555555c98 in main (argc=4, argv=0x7fffffffde48) at lreg.cpp:194

329	../sysdeps/ieee754/dbl-64/e_pow.c: No such file or directory.

Backtrace END
Fliping value of field name: x
Memory content before bitflip:0x000x000x000x000x000x000x300x43
Fault Model: Double bit-flip
base address to flip value: 0x7ffff779f5a8 
address max offset: 8
Memory content after  bitflip:0x000x000x090x000x000x000x300x43
frame name: __ieee754_pow_sse2
symbol name: t52
symbol filename: ../sysdeps/ieee754/dbl-64/upow.h
symbol line: 54
value: {i = {589824, 1127219200}, x = 4503599627960320}
value address: 0x7ffff779f5a8 <t52>
Type: The type is a union.
Type sizeof: 8
Field name: i
Field Type: The type is an array.
Field Type sizeof: 8
Field name: x
Field Type: A floating point type.
Field Type sizeof: 8

[INFO -- 2018-11-01 16:38:33]
Fault Injection Successful after 8.449701070785522s
[INFO -- 2018-11-01 16:38:35]
event type: exit
[INFO -- 2018-11-01 16:38:35]
exit code: 0
