[INFO -- 2018-11-27 19:12:34]
Starting flip_value script
version: 1.1
[INFO -- 2018-11-27 19:12:34]
Initialization strings:
[INFO -- 2018-11-27 19:12:34]
(1) file /tmp/lreg/lreg
[INFO -- 2018-11-27 19:12:34]
(2) set args /tmp/lreg/randInput /tmp/lreg/output
[INFO -- 2018-11-27 19:12:34]
initSignal:0
[INFO -- 2018-11-27 19:12:34]
endSignal:3
[INFO -- 2018-11-27 19:12:34]
faultModel:2
[INFO -- 2018-11-27 19:12:36]
Backtrace BEGIN:
#0  0x00005555555557b4 in predict (v=-17) at lreg.cpp:116
#1  0x0000555555555a53 in partialDerivate (pos1=3, pos2=3) at lreg.cpp:142
#2  0x0000555555555bbe in adjust (alpha1=2.2222199999999999e-05, alpha2=2.2222199999999999e-05) at lreg.cpp:156
#3  0x0000555555555ee0 in train (iter1=30000, iter2=30000, N=4, alpha1=2.2222199999999999e-05, alpha2=2.2222199999999999e-05, stopsWhenStable=true) at lreg.cpp:193
#4  0x0000555555556467 in main (argc=3, argv=0x7fffffffde58) at lreg.cpp:253

111	*/
112	double predict(double v){
113		double val = 0;
114		
115		for(UINT i1 = 0, i2 = 0; verifyUintDup(i1, i2)<T1.size(); i1++, i2++){
116			val+= (verifyDoubleDup(T1[verifyUintDup(i1, i2)], T2[verifyUintDup(i1, i2)]) * pow(v, verifyUintDup(i1, i2)));
117		}
118		return val;
119		
120	}

Backtrace END
Fliping value of field: std::_Vector_base<double, std::allocator<double> >
Fliping value of field: _M_impl
Fliping value of field: _M_finish
Fliping a bit of the value pointed by a pointer
Memory content before bitflip:0x000x000x000x000x000x000x000x00
Fault Model: Random bit-flip
base address to flip value: 0x5555557727a8
address max offset: 8
Memory content after  bitflip:0xd60x180x9f0x240x5a0x360x0e0x0f
frame name: predict
symbol name: y
symbol filename: lreg.cpp
symbol line: 35
value: std::vector of length 17, capacity 32 = {13145, 2813, 13, -99407, -575, 22793, -121267, 15973, 22793, 86413, -63895, 10673, -1507, 41, 19181, -38047, -130860}
value address: 0x55555575b160 <y>
Type: The type is a structure.
Type sizeof: 24
Field name: std::_Vector_base<double, std::allocator<double> >
Field Type: The type is a structure.
Field Type sizeof: 24

[INFO -- 2018-11-27 19:12:36]
Fault Injection Successful after 2.559380054473877s
[INFO -- 2018-11-27 19:12:37]
event type: exit
[INFO -- 2018-11-27 19:12:37]
exit code: 0
