[INFO -- 2018-10-11 18:35:07]
Starting flip_value script
version: 1.1
[INFO -- 2018-10-11 18:35:07]
Initialization strings:
[INFO -- 2018-10-11 18:35:07]
(1) file /tmp/lreg/lreg
[INFO -- 2018-10-11 18:35:07]
(2) set args /tmp/lreg/randInput /tmp/lreg/output
[INFO -- 2018-10-11 18:35:07]
initSignal:0
[INFO -- 2018-10-11 18:35:07]
endSignal:10
[INFO -- 2018-10-11 18:35:07]
faultModel:0
[EXCEPTION -- 2018-10-11 18:35:14]
pythonException: Unable to exit loop in struct fields; Exiting wihtout making a bit flip
[INFO -- 2018-10-11 18:35:14]
Backtrace BEGIN:
#0  0x000055555555608d in std::pow<double, unsigned int> (__x=-10, __y=0) at /usr/include/c++/7/cmath:418
#1  0x00005555555552c2 in predict (v=-10) at lreg.cpp:77
#2  0x00005555555553e9 in meanSquaredError () at lreg.cpp:91
#3  0x0000555555555886 in train (iterations=90000, N=4, stopsWhenStable=true) at lreg.cpp:160
#4  0x0000555555555dba in main (argc=3, argv=0x7fffffffde68) at lreg.cpp:225

413	    inline _GLIBCXX_CONSTEXPR
414	    typename __gnu_cxx::__promote_2<_Tp, _Up>::__type
415	    pow(_Tp __x, _Up __y)
416	    {
417	      typedef typename __gnu_cxx::__promote_2<_Tp, _Up>::__type __type;
418	      return pow(__type(__x), __type(__y));
419	    }
420	
421	  using ::sin;
422	

Backtrace END
Fliping value of field: std::_Vector_base<double, std::allocator<double> >
Fliping value of field: _M_impl
Fliping value of field: _M_end_of_storage
Fliping a bit of the value pointed by a pointer
Memory content before bitflip:0x000x000x000x000x000x000x000x00
Fault Model: Single bit-flip
base address to flip value: 0x555555771960
address max offset: 8
Memory content after  bitflip:0x000x000x000x400x000x000x000x00
frame name: std::pow<double, unsigned int>
symbol name: x
symbol filename: lreg.cpp
symbol line: 41
value: std::vector of length 36, capacity 64 = {-8, -5, -6, -14, 1, -10, 7, -15, 14, -9, 19, 13, 3, -6, 23, 19, -16, -16, -22, 6, 22, -6, 14, -4, 14, 23, 21, -15, 8, -16, 29, -13, -5, 15, -8, 26}
value address: 0x55555575a140 <x>
Type: The type is a structure.
Type sizeof: 24
Field name: std::_Vector_base<double, std::allocator<double> >
Field Type: The type is a structure.
Field Type sizeof: 24

[INFO -- 2018-10-11 18:35:14]
Fault Injection Successful after 7.746518135070801s
[INFO -- 2018-10-11 18:35:17]
event type: exit
[INFO -- 2018-10-11 18:35:17]
exit code: 0
