[INFO -- 2018-11-24 14:00:02]
Starting flip_value script
version: 1.1
[INFO -- 2018-11-24 14:00:02]
Initialization strings:
[INFO -- 2018-11-24 14:00:02]
(1) file /tmp/lreg/lreg
[INFO -- 2018-11-24 14:00:02]
(2) set args /tmp/lreg/randInput /tmp/lreg/output /tmp/lreg/detected.log
[INFO -- 2018-11-24 14:00:02]
initSignal:0
[INFO -- 2018-11-24 14:00:02]
endSignal:6
[INFO -- 2018-11-24 14:00:02]
faultModel:2
[INFO -- 2018-11-24 14:00:05]
Backtrace BEGIN:
#0  libc_feholdsetround_sse_ctx (r=0, ctx=<synthetic pointer>) at ../sysdeps/i386/fpu/fenv_private.h:447
#1  __ieee754_pow_sse2 (x=2, y=3) at ../sysdeps/ieee754/dbl-64/e_pow.c:97
#2  0x00007ffff76db6be in __ieee754_pow_sse2 (x=<optimized out>, y=<optimized out>) at ../sysdeps/ieee754/dbl-64/e_pow.c:184
#3  0x00007ffff76bcb14 in __pow (x=-2, y=3) at w_pow_compat.c:30
#4  0x0000555555556149 in std::pow<double, int> (__x=-2, __y=3) at /usr/include/c++/7/cmath:418
#5  0x0000555555555237 in predict (v=-2) at lreg.cpp:50
#6  0x00005555555553fc in partialDerivate (pos=2) at lreg.cpp:74
#7  0x0000555555555503 in adjust (alpha=2.2222199999999999e-05) at lreg.cpp:87
#8  0x00005555555556ac in train (iterations=30000, alpha=2.2222199999999999e-05, N=4, stopsWhenStable=true) at lreg.cpp:120
#9  0x0000555555555a1c in execute (input=0x7fffffffe1f2 "/tmp/lreg/randInput") at lreg.cpp:157
#10 0x0000555555555cb0 in main (argc=4, argv=0x7fffffffde48) at lreg.cpp:196

442	../sysdeps/i386/fpu/fenv_private.h: No such file or directory.

Backtrace END
Fliping value of field: std::_Vector_base<double, std::allocator<double> >
Fliping value of field: _M_impl
Fliping value of field: _M_finish
Fliping a bit of the value pointed by a pointer
Memory content before bitflip:0x000x000x000x000x000x000x000x00
Fault Model: Random bit-flip
base address to flip value: 0x5555557726b0
address max offset: 8
Memory content after  bitflip:0xec0x030x360x8c0x9f0x9e0x490x34
frame name: train
symbol name: bestT
symbol filename: lreg.cpp
symbol line: 115
value: std::vector of length 4, capacity 4 = {0.31646672238895618, -1.3253729666033058, -1.9581033902087503, -4.0443335544068617}
value address: 0x7fffffffd5b0
Type: The type is a structure.
Type sizeof: 24
Field name: std::_Vector_base<double, std::allocator<double> >
Field Type: The type is a structure.
Field Type sizeof: 24

[INFO -- 2018-11-24 14:00:05]
Fault Injection Successful after 3.752739191055298s
[INFO -- 2018-11-24 14:00:05]
event type: exit
[INFO -- 2018-11-24 14:00:05]
exit code: 0
