[INFO -- 2018-11-14 14:39:44]
Starting flip_value script
version: 1.1
[INFO -- 2018-11-14 14:39:44]
Initialization strings:
[INFO -- 2018-11-14 14:39:44]
(1) file /tmp/lreg/lreg
[INFO -- 2018-11-14 14:39:44]
(2) set args /tmp/lreg/randInput /tmp/lreg/output
[INFO -- 2018-11-14 14:39:44]
initSignal:0
[INFO -- 2018-11-14 14:39:44]
endSignal:5
[INFO -- 2018-11-14 14:39:44]
faultModel:1
[INFO -- 2018-11-14 14:39:46]
Backtrace BEGIN:
#0  0x00005555555557e5 in predict (v=-12) at lreg.cpp:116
#1  0x0000555555555928 in meanSquaredError () at lreg.cpp:128
#2  0x0000555555555ee5 in train (iter1=15000, iter2=15000, N=2, alpha1=0.00020000000000000001, alpha2=0.00020000000000000001, stopsWhenStable=true) at lreg.cpp:194
#3  0x0000555555556467 in main (argc=3, argv=0x7fffffffde68) at lreg.cpp:253

111	*/
112	double predict(double v){
113		double val = 0;
114		
115		for(UINT i1 = 0, i2 = 0; verifyUintDup(i1, i2)<T1.size(); i1++, i2++){
116			val+= (verifyDoubleDup(T1[verifyUintDup(i1, i2)], T2[verifyUintDup(i1, i2)]) * pow(v, verifyUintDup(i1, i2)));
117		}
118		return val;
119		
120	}

Backtrace END
Memory content before bitflip:0xea0xf20x230x410x7a0xf10x580x3f
Fault Model: Double bit-flip
base address to flip value: 0x7fffffffd800
address max offset: 8
Memory content after  bitflip:0xea0xf20x230x710x7a0xf10x580x3f
frame name: train
symbol name: bestMSE
symbol filename: lreg.cpp
symbol line: 189
value: 0.0015224166605200492
value address: 0x7fffffffd800
Type: A floating point type.
Type sizeof: 8

[INFO -- 2018-11-14 14:39:46]
Fault Injection Successful after 2.6127476692199707s
[INFO -- 2018-11-14 14:39:53]
event type: exit
[INFO -- 2018-11-14 14:39:53]
exit code: 0
