[INFO -- 2018-11-29 14:51:34]
Starting flip_value script
version: 1.1
[INFO -- 2018-11-29 14:51:34]
Initialization strings:
[INFO -- 2018-11-29 14:51:34]
(1) file /tmp/lreg/lreg
[INFO -- 2018-11-29 14:51:34]
(2) set args /tmp/lreg/randInput /tmp/lreg/output /tmp/lreg/detected.log
[INFO -- 2018-11-29 14:51:34]
initSignal:0
[INFO -- 2018-11-29 14:51:34]
endSignal:6
[INFO -- 2018-11-29 14:51:34]
faultModel:2
[EXCEPTION -- 2018-11-29 14:51:40]
pythonException: Unable to exit loop in struct fields; Exiting wihtout making a bit flip
[EXCEPTION -- 2018-11-29 14:51:40]
pythonException: empty range for randrange() (0,0, 0)
[INFO -- 2018-11-29 14:51:41]
event type: exit
[INFO -- 2018-11-29 14:51:41]
exit code: 0
