[INFO -- 2018-09-15 11:56:52]
Starting flip_value script
version: 1.1
[INFO -- 2018-09-15 11:56:52]
Initialization strings:
[INFO -- 2018-09-15 11:56:52]
(1) file /tmp/lreg/lreg
[INFO -- 2018-09-15 11:56:52]
(2) set args /tmp/lreg/randInput /tmp/lreg/output
[INFO -- 2018-09-15 11:56:52]
initSignal:0
[INFO -- 2018-09-15 11:56:52]
endSignal:2
[INFO -- 2018-09-15 11:56:52]
faultModel:2
[INFO -- 2018-09-15 11:56:54]
Backtrace BEGIN:
#0  std::vector<double, std::allocator<double> >::operator[] (this=0x55555575a180 <T>, __n=0) at /usr/include/c++/7/bits/stl_vector.h:795
#1  0x0000555555555217 in predict (v=-6) at lreg.cpp:50
#2  0x000055555555530a in meanSquaredError () at lreg.cpp:61
#3  0x00005555555556b1 in train (iterations=60000, alpha=5.0000000000000002e-05, N=3, stopsWhenStable=true) at lreg.cpp:121
#4  0x0000555555555c26 in main (argc=3, argv=0x7fffffffde68) at lreg.cpp:182

790	       *  Note that data access with this operator is unchecked and
791	       *  out_of_range lookups are not defined. (For checked lookups
792	       *  see at().)
793	       */
794	      reference
795	      operator[](size_type __n) _GLIBCXX_NOEXCEPT
796	      {
797		__glibcxx_requires_subscript(__n);
798		return *(this->_M_impl._M_start + __n);
799	      }

Backtrace END
Memory content before bitflip:0x030x000x000x00
Fault Model: Random bit-flip
base address to flip value: 0x7fffffffd828
address max offset: 4
Memory content after  bitflip:0x3f0x320x730x98
frame name: train
symbol name: N
symbol filename: lreg.cpp
symbol line: 105
value: -1737280961
value address: 0x7fffffffd828
Type: The type is an integer type.
Type sizeof: 4

[INFO -- 2018-09-15 11:56:54]
Fault Injection Successful after 2.215825319290161s
[INFO -- 2018-09-15 11:57:00]
event type: exit
[INFO -- 2018-09-15 11:57:00]
exit code: 0
