[INFO -- 2018-11-25 22:06:33]
Starting flip_value script
version: 1.1
[INFO -- 2018-11-25 22:06:33]
Initialization strings:
[INFO -- 2018-11-25 22:06:33]
(1) file /tmp/lreg/lreg
[INFO -- 2018-11-25 22:06:33]
(2) set args /tmp/lreg/randInput /tmp/lreg/output /tmp/lreg/detected.log
[INFO -- 2018-11-25 22:06:33]
initSignal:0
[INFO -- 2018-11-25 22:06:33]
endSignal:6
[INFO -- 2018-11-25 22:06:33]
faultModel:2
[INFO -- 2018-11-25 22:06:34]
Backtrace BEGIN:
#0  0x0000555555555241 in predict (v=-21) at lreg.cpp:50
#1  0x00005555555552ba in meanSquaredError () at lreg.cpp:61
#2  0x00005555555556b1 in train (iterations=20000, alpha=5.0000000000000002e-05, N=3, stopsWhenStable=true) at lreg.cpp:121
#3  0x0000555555555a1c in execute (input=0x7fffffffe1f1 "/tmp/lreg/randInput") at lreg.cpp:157
#4  0x0000555555555c78 in main (argc=4, argv=0x7fffffffde48) at lreg.cpp:193

45		Predicts the value related to v using the Ts variables
46	*/
47	double predict(double v){
48		double val = 0;
49		for(int i = 0; i<T.size(); i++){
50			val+= (T[i] * pow(v, i));
51		}
52		return val;
53		
54	}

Backtrace END
Memory content before bitflip:0x640x450x2b0xb20xb70x230x1a0x40
Fault Model: Random bit-flip
base address to flip value: 0x7fffffffd588
address max offset: 8
Memory content after  bitflip:0x940xac0x610xda0xc70x540xf40x76
frame name: train
symbol name: MSE
symbol filename: lreg.cpp
symbol line: 117
value: 1.0243271167892854e+265
value address: 0x7fffffffd588
Type: A floating point type.
Type sizeof: 8

[INFO -- 2018-11-25 22:06:34]
Fault Injection Successful after 1.5241658687591553s
[INFO -- 2018-11-25 22:06:36]
event type: exit
[INFO -- 2018-11-25 22:06:36]
exit code: 0
