[INFO -- 2018-09-15 23:48:47]
Starting flip_value script
version: 1.1
[INFO -- 2018-09-15 23:48:47]
Initialization strings:
[INFO -- 2018-09-15 23:48:47]
(1) file /tmp/lreg/lreg
[INFO -- 2018-09-15 23:48:47]
(2) set args /tmp/lreg/randInput /tmp/lreg/output
[INFO -- 2018-09-15 23:48:47]
initSignal:0
[INFO -- 2018-09-15 23:48:47]
endSignal:2
[INFO -- 2018-09-15 23:48:47]
faultModel:0
[INFO -- 2018-09-15 23:48:48]
Backtrace BEGIN:
#0  0x00007ffff76b7b0f in __pow (x=4, y=0) at w_pow_compat.c:30
#1  0x0000555555555f39 in std::pow<double, int> (__x=4, __y=0) at /usr/include/c++/7/cmath:418
#2  0x0000555555555451 in partialDerivate (pos=0) at lreg.cpp:74
#3  0x0000555555555503 in adjust (alpha=5.0000000000000002e-05) at lreg.cpp:87
#4  0x00005555555556ac in train (iterations=60000, alpha=5.0000000000000002e-05, N=3, stopsWhenStable=true) at lreg.cpp:120
#5  0x0000555555555c26 in main (argc=3, argv=0x7fffffffde68) at lreg.cpp:182

25	w_pow_compat.c: No such file or directory.

Backtrace END
Memory content before bitflip:0x100xd30x630x0f0x0f0xff0x760x40
Fault Model: Single bit-flip
base address to flip value: 0x7fffffffd798
address max offset: 8
Memory content after  bitflip:0x300xd30x630x0f0x0f0xff0x760x40
frame name: partialDerivate
symbol name: pD
symbol filename: lreg.cpp
symbol line: 72
value: 367.94117678636667
value address: 0x7fffffffd798
Type: A floating point type.
Type sizeof: 8

[INFO -- 2018-09-15 23:48:48]
Fault Injection Successful after 1.1980109214782715s
[INFO -- 2018-09-15 23:48:54]
event type: exit
[INFO -- 2018-09-15 23:48:54]
exit code: 0
