[INFO -- 2018-10-05 18:44:54]
Starting flip_value script
version: 1.1
[INFO -- 2018-10-05 18:44:54]
Initialization strings:
[INFO -- 2018-10-05 18:44:54]
(1) file /tmp/lreg/lreg
[INFO -- 2018-10-05 18:44:54]
(2) set args /tmp/lreg/randInput /tmp/lreg/output
[INFO -- 2018-10-05 18:44:54]
initSignal:0
[INFO -- 2018-10-05 18:44:54]
endSignal:30
[INFO -- 2018-10-05 18:44:54]
faultModel:1
[INFO -- 2018-10-05 18:45:01]
Backtrace BEGIN:
#0  0x00007ffff76d5519 in __ieee754_pow_sse2 (x=-2, y=1) at ../sysdeps/ieee754/dbl-64/e_pow.c:65
#1  0x00007ffff76b7b14 in __pow (x=-2, y=1) at w_pow_compat.c:30
#2  0x0000555555557754 in std::pow<double, unsigned int> (__x=-2, __y=1) at /usr/include/c++/7/cmath:418
#3  0x0000555555555306 in predict (v=-2) at lreg.cpp:68
#4  0x00005555555554bb in partialDerivate (pos=0) at lreg.cpp:92
#5  0x00005555555555bb in adjust (alpha=0.00020000000000000001) at lreg.cpp:105
#6  0x0000555555555760 in train (iterations=30000, alpha=0.00020000000000000001, N=2, stopsWhenStable=true) at lreg.cpp:138
#7  0x0000555555555acb in lreg (input=0x7fffffffe210 "/tmp/lreg/randInput") at lreg.cpp:173
#8  0x0000555555555e43 in main (argc=3, argv=0x7fffffffde68) at lreg.cpp:221

60	../sysdeps/ieee754/dbl-64/e_pow.c: No such file or directory.

Backtrace END
Fliping value of field: std::_Vector_base<double, std::allocator<double> >
Fliping value of field: _M_impl
Fliping value of field: _M_start
Fliping a bit of the value pointed by a pointer
Memory content before bitflip:0x000x000x000x000x000x800x400x40
Fault Model: Double bit-flip
base address to flip value: 0x555555776930
address max offset: 8
Memory content after  bitflip:0x0c0x000x000x000x000x800x400x40
frame name: predict
symbol name: y
symbol filename: lreg.cpp
symbol line: 51
value: std::vector of length 44, capacity 64 = {33.000000000000085, 1, -17, 15, 33, -9, -21, 5, -494, -1, -1033, -818, -19, -664, -376, -251, -901, -433, -433, -944, 69117, -628, 46302, 24562, 98412, -5003, -40003, 98412, -13723, -163843, 24562, -109763, -1083, -2563, -29163, 98412, 33, 1, -17, 15, 33, -9, -21, 5}
value address: 0x555555761160 <y>
Type: The type is a structure.
Type sizeof: 24
Field name: std::_Vector_base<double, std::allocator<double> >
Field Type: The type is a structure.
Field Type sizeof: 24

[INFO -- 2018-10-05 18:45:01]
Fault Injection Successful after 7.875019073486328s
[INFO -- 2018-10-05 18:45:37]
event type: exit
[INFO -- 2018-10-05 18:45:37]
exit code: 0
