[INFO -- 2018-11-02 00:21:25]
Starting flip_value script
version: 1.1
[INFO -- 2018-11-02 00:21:25]
Initialization strings:
[INFO -- 2018-11-02 00:21:25]
(1) file /tmp/lreg/lreg
[INFO -- 2018-11-02 00:21:25]
(2) set args /tmp/lreg/randInput /tmp/lreg/output /tmp/lreg/detected.log
[INFO -- 2018-11-02 00:21:25]
initSignal:0
[INFO -- 2018-11-02 00:21:25]
endSignal:10
[INFO -- 2018-11-02 00:21:25]
faultModel:2
[EXCEPTION -- 2018-11-02 00:21:30]
gdbException: Cannot access memory at address 0x2e2e6e921cb3f8ad
[EXCEPTION -- 2018-11-02 00:21:31]
pythonException: Unable to exit loop in struct fields; Exiting wihtout making a bit flip
[EXCEPTION -- 2018-11-02 00:21:31]
gdbException: Cannot access memory at address 0x0
[INFO -- 2018-11-02 00:21:31]
event type: exit
[EXCEPTION -- 2018-11-02 00:21:31]
exit code: no exit code available
