[INFO -- 2018-11-25 17:36:14]
Starting flip_value script
version: 1.1
[INFO -- 2018-11-25 17:36:14]
Initialization strings:
[INFO -- 2018-11-25 17:36:14]
(1) file /tmp/lreg/lreg
[INFO -- 2018-11-25 17:36:14]
(2) set args /tmp/lreg/randInput /tmp/lreg/output /tmp/lreg/detected.log
[INFO -- 2018-11-25 17:36:14]
initSignal:0
[INFO -- 2018-11-25 17:36:14]
endSignal:6
[INFO -- 2018-11-25 17:36:14]
faultModel:2
[INFO -- 2018-11-25 17:36:15]
Backtrace BEGIN:
#0  std::pow<double, int> (__x=7, __y=0) at /usr/include/c++/7/cmath:418
#1  0x0000555555555237 in predict (v=7) at lreg.cpp:50
#2  0x00005555555553fc in partialDerivate (pos=0) at lreg.cpp:74
#3  0x0000555555555503 in adjust (alpha=2.2222199999999999e-05) at lreg.cpp:87
#4  0x00005555555556ac in train (iterations=30000, alpha=2.2222199999999999e-05, N=4, stopsWhenStable=true) at lreg.cpp:120
#5  0x0000555555555a1c in execute (input=0x7fffffffe1f1 "/tmp/lreg/randInput") at lreg.cpp:157
#6  0x0000555555555c78 in main (argc=4, argv=0x7fffffffde48) at lreg.cpp:193

413	    inline _GLIBCXX_CONSTEXPR
414	    typename __gnu_cxx::__promote_2<_Tp, _Up>::__type
415	    pow(_Tp __x, _Up __y)
416	    {
417	      typedef typename __gnu_cxx::__promote_2<_Tp, _Up>::__type __type;
418	      return pow(__type(__x), __type(__y));
419	    }
420	
421	  using ::sin;
422	

Backtrace END
Memory content before bitflip:0x4c0xd30x100x2e0x900x8c0x910xc0
Fault Model: Random bit-flip
base address to flip value: 0x7fffffffd4d8
address max offset: 8
Memory content after  bitflip:0x350x0d0xd60xc40x080x980x9c0xe3
frame name: partialDerivate
symbol name: pD
symbol filename: lreg.cpp
symbol line: 72
value: -6.9063835552610922e+171
value address: 0x7fffffffd4d8
Type: A floating point type.
Type sizeof: 8

[INFO -- 2018-11-25 17:36:15]
Fault Injection Successful after 1.8192741870880127s
[INFO -- 2018-11-25 17:36:16]
event type: exit
[INFO -- 2018-11-25 17:36:16]
exit code: 0
