[INFO -- 2018-11-07 21:27:10]
Starting flip_value script
version: 1.1
[INFO -- 2018-11-07 21:27:10]
Initialization strings:
[INFO -- 2018-11-07 21:27:10]
(1) file /tmp/lreg/lreg
[INFO -- 2018-11-07 21:27:10]
(2) set args /tmp/lreg/randInput /tmp/lreg/output /tmp/lreg/detected.log
[INFO -- 2018-11-07 21:27:10]
initSignal:0
[INFO -- 2018-11-07 21:27:10]
endSignal:10
[INFO -- 2018-11-07 21:27:10]
faultModel:1
[EXCEPTION -- 2018-11-07 21:27:14]
pythonException: empty range for randrange() (0,0, 0)
[EXCEPTION -- 2018-11-07 21:27:14]
gdbException: Cannot access memory at address 0x555555e72722
[EXCEPTION -- 2018-11-07 21:27:14]
pythonException: Unable to exit loop in struct fields; Exiting wihtout making a bit flip
[INFO -- 2018-11-07 21:27:14]
event type: exit
[EXCEPTION -- 2018-11-07 21:27:14]
exit code: no exit code available
