[INFO -- 2018-11-15 20:17:05]
Starting flip_value script
version: 1.1
[INFO -- 2018-11-15 20:17:05]
Initialization strings:
[INFO -- 2018-11-15 20:17:05]
(1) file /tmp/lreg/lreg
[INFO -- 2018-11-15 20:17:05]
(2) set args /tmp/lreg/randInput /tmp/lreg/output
[INFO -- 2018-11-15 20:17:05]
initSignal:0
[INFO -- 2018-11-15 20:17:05]
endSignal:5
[INFO -- 2018-11-15 20:17:05]
faultModel:1
[INFO -- 2018-11-15 20:17:09]
Backtrace BEGIN:
#0  log1 (error=<synthetic pointer>, delta=<synthetic pointer>, x=15) at ../sysdeps/ieee754/dbl-64/e_pow.c:335
#1  __ieee754_pow_sse2 (x=15, y=3) at ../sysdeps/ieee754/dbl-64/e_pow.c:103
#2  0x00007ffff76db6be in __ieee754_pow_sse2 (x=<optimized out>, y=<optimized out>) at ../sysdeps/ieee754/dbl-64/e_pow.c:184
#3  0x00007ffff76bcb14 in __pow (x=-15, y=3) at w_pow_compat.c:30
#4  0x0000555555556826 in std::pow<double, unsigned int> (__x=-15, __y=3) at /usr/include/c++/7/cmath:418
#5  0x0000555555555814 in predict (v=-15) at lreg.cpp:116
#6  0x0000555555555a53 in partialDerivate (pos1=2, pos2=2) at lreg.cpp:142
#7  0x0000555555555bbe in adjust (alpha1=2.2222199999999999e-05, alpha2=2.2222199999999999e-05) at lreg.cpp:156
#8  0x0000555555555ee0 in train (iter1=45000, iter2=45000, N=4, alpha1=2.2222199999999999e-05, alpha2=2.2222199999999999e-05, stopsWhenStable=true) at lreg.cpp:193
#9  0x0000555555556467 in main (argc=3, argv=0x7fffffffde68) at lreg.cpp:253

330	../sysdeps/ieee754/dbl-64/e_pow.c: No such file or directory.

Backtrace END
Memory content before bitflip:0x000x000x000x000x000x000x2e0xc0
Fault Model: Double bit-flip
base address to flip value: 0x7fffffffd6d8
address max offset: 8
Memory content after  bitflip:0x000x600x000x000x000x000x2e0xc0
frame name: predict
symbol name: v
symbol filename: lreg.cpp
symbol line: 112
value: -15.000000000043656
value address: 0x7fffffffd6d8
Type: A floating point type.
Type sizeof: 8

[INFO -- 2018-11-15 20:17:09]
Fault Injection Successful after 4.216649055480957s
[INFO -- 2018-11-15 20:17:09]
event type: exit
[INFO -- 2018-11-15 20:17:09]
exit code: 0
