[INFO -- 2018-11-23 20:05:20]
Starting flip_value script
version: 1.1
[INFO -- 2018-11-23 20:05:20]
Initialization strings:
[INFO -- 2018-11-23 20:05:20]
(1) file /tmp/lreg/lreg
[INFO -- 2018-11-23 20:05:20]
(2) set args /tmp/lreg/randInput /tmp/lreg/output
[INFO -- 2018-11-23 20:05:20]
initSignal:0
[INFO -- 2018-11-23 20:05:20]
endSignal:3
[INFO -- 2018-11-23 20:05:20]
faultModel:1
[EXCEPTION -- 2018-11-23 20:05:21]
pythonException: Unable to exit loop in struct fields; Exiting wihtout making a bit flip
[EXCEPTION -- 2018-11-23 20:05:21]
pythonException: Unable to exit loop in struct fields; Exiting wihtout making a bit flip
[INFO -- 2018-11-23 20:05:22]
Backtrace BEGIN:
#0  0x00007ffff76da8ed in __ieee754_pow_sse2 (x=15, y=3) at ../sysdeps/ieee754/dbl-64/e_pow.c:116
#1  0x00007ffff76db6be in __ieee754_pow_sse2 (x=<optimized out>, y=<optimized out>) at ../sysdeps/ieee754/dbl-64/e_pow.c:184
#2  0x00007ffff76bcb14 in __pow (x=-15, y=3) at w_pow_compat.c:30
#3  0x0000555555555d5f in std::pow<double, int> (__x=-15, __y=3) at /usr/include/c++/7/cmath:418
#4  0x00005555555551e7 in predict (v=-15) at lreg.cpp:50
#5  0x00005555555553ac in partialDerivate (pos=0) at lreg.cpp:74
#6  0x00005555555554b3 in adjust (alpha=2.2222199999999999e-05) at lreg.cpp:87
#7  0x000055555555565c in train (iterations=30000, alpha=2.2222199999999999e-05, N=4, stopsWhenStable=true) at lreg.cpp:120
#8  0x0000555555555ab7 in main (argc=3, argv=0x7fffffffde58) at lreg.cpp:174

111	in ../sysdeps/ieee754/dbl-64/e_pow.c

Backtrace END
Fliping value of field name: x
Memory content before bitflip:0x2c0xfd0xff0xff0xff0xff0x970x42
Fault Model: Double bit-flip
base address to flip value: 0x7ffff779f5b8 
address max offset: 8
Memory content after  bitflip:0x2c0xfd0xd70xff0xff0xff0x970x42
frame name: __ieee754_pow_sse2
symbol name: bigu
symbol filename: ../sysdeps/ieee754/dbl-64/upow.h
symbol line: 52
value: {i = {-2622164, 1117257727}, x = 6597069764095.293}
value address: 0x7ffff779f5b8 <bigu>
Type: The type is a union.
Type sizeof: 8
Field name: i
Field Type: The type is an array.
Field Type sizeof: 8
Field name: x
Field Type: A floating point type.
Field Type sizeof: 8

[INFO -- 2018-11-23 20:05:22]
Fault Injection Successful after 2.094259738922119s
[INFO -- 2018-11-23 20:05:22]
event type: exit
[INFO -- 2018-11-23 20:05:22]
exit code: 0
