[INFO -- 2018-11-24 10:42:45]
Starting flip_value script
version: 1.1
[INFO -- 2018-11-24 10:42:45]
Initialization strings:
[INFO -- 2018-11-24 10:42:45]
(1) file /tmp/lreg/lreg
[INFO -- 2018-11-24 10:42:45]
(2) set args /tmp/lreg/randInput /tmp/lreg/output
[INFO -- 2018-11-24 10:42:45]
initSignal:0
[INFO -- 2018-11-24 10:42:45]
endSignal:2
[INFO -- 2018-11-24 10:42:45]
faultModel:1
[INFO -- 2018-11-24 10:42:46]
Backtrace BEGIN:
#0  __ieee754_pow_sse2 (x=6, y=0) at ../sysdeps/ieee754/dbl-64/e_pow.c:65
#1  0x00007ffff76bcb14 in __pow (x=6, y=0) at w_pow_compat.c:30
#2  0x0000555555555d5f in std::pow<double, int> (__x=6, __y=0) at /usr/include/c++/7/cmath:418
#3  0x00005555555551e7 in predict (v=6) at lreg.cpp:50
#4  0x00005555555553ac in partialDerivate (pos=0) at lreg.cpp:74
#5  0x00005555555554b3 in adjust (alpha=5.0000000000000002e-05) at lreg.cpp:87
#6  0x000055555555565c in train (iterations=20000, alpha=5.0000000000000002e-05, N=3, stopsWhenStable=true) at lreg.cpp:120
#7  0x0000555555555ab7 in main (argc=3, argv=0x7fffffffde58) at lreg.cpp:174

60	../sysdeps/ieee754/dbl-64/e_pow.c: No such file or directory.

Backtrace END
Memory content before bitflip:0x000x000x000x000x000x000x180x40
Fault Model: Double bit-flip
base address to flip value: 0x7fffffffd6c0
address max offset: 8
Memory content after  bitflip:0x240x000x000x000x000x000x180x40
frame name: __pow
symbol name: x
symbol filename: w_pow_compat.c
symbol line: 28
value: 6.000000000000032
value address: 0x7fffffffd6c0
Type: A floating point type.
Type sizeof: 8

[INFO -- 2018-11-24 10:42:46]
Fault Injection Successful after 1.031170129776001s
[INFO -- 2018-11-24 10:42:47]
event type: exit
[INFO -- 2018-11-24 10:42:47]
exit code: 0
