[INFO -- 2018-10-06 19:12:43]
Starting flip_value script
version: 1.1
[INFO -- 2018-10-06 19:12:43]
Initialization strings:
[INFO -- 2018-10-06 19:12:43]
(1) file /tmp/lreg/lreg
[INFO -- 2018-10-06 19:12:43]
(2) set args /tmp/lreg/randInput /tmp/lreg/output
[INFO -- 2018-10-06 19:12:43]
initSignal:0
[INFO -- 2018-10-06 19:12:43]
endSignal:10
[INFO -- 2018-10-06 19:12:43]
faultModel:1
[INFO -- 2018-10-06 19:12:48]
Backtrace BEGIN:
#0  0x000055555555608d in std::pow<double, unsigned int> (__x=-12, __y=2) at /usr/include/c++/7/cmath:418
#1  0x00005555555552c2 in predict (v=-12) at lreg.cpp:77
#2  0x000055555555551d in partialDerivate (pos=2) at lreg.cpp:107
#3  0x0000555555555670 in adjust () at lreg.cpp:123
#4  0x0000555555555881 in train (iterations=90000, N=4, stopsWhenStable=true) at lreg.cpp:159
#5  0x0000555555555dba in main (argc=3, argv=0x7fffffffde68) at lreg.cpp:225

413	    inline _GLIBCXX_CONSTEXPR
414	    typename __gnu_cxx::__promote_2<_Tp, _Up>::__type
415	    pow(_Tp __x, _Up __y)
416	    {
417	      typedef typename __gnu_cxx::__promote_2<_Tp, _Up>::__type __type;
418	      return pow(__type(__x), __type(__y));
419	    }
420	
421	  using ::sin;
422	

Backtrace END
Memory content before bitflip:0x080x000x000x00
Fault Model: Double bit-flip
base address to flip value: 0x7fffffffd91c
address max offset: 4
Memory content after  bitflip:0x580x000x000x00
frame name: main
symbol name: predictions
symbol filename: lreg.cpp
symbol line: 203
value: 88
value address: 0x7fffffffd91c
Type: The type is an integer type.
Type sizeof: 4

[INFO -- 2018-10-06 19:12:48]
Fault Injection Successful after 5.302629709243774s
[INFO -- 2018-10-06 19:12:53]
event type: exit
[INFO -- 2018-10-06 19:12:53]
exit code: 0
