[INFO -- 2018-11-24 18:15:35]
Starting flip_value script
version: 1.1
[INFO -- 2018-11-24 18:15:35]
Initialization strings:
[INFO -- 2018-11-24 18:15:35]
(1) file /tmp/lreg/lreg
[INFO -- 2018-11-24 18:15:35]
(2) set args /tmp/lreg/randInput /tmp/lreg/output /tmp/lreg/detected.log
[INFO -- 2018-11-24 18:15:35]
initSignal:0
[INFO -- 2018-11-24 18:15:35]
endSignal:6
[INFO -- 2018-11-24 18:15:35]
faultModel:1
[INFO -- 2018-11-24 18:15:35]
Backtrace BEGIN:
#0  0x0000555555555217 in predict (v=-3) at lreg.cpp:50
#1  0x00005555555553fc in partialDerivate (pos=0) at lreg.cpp:74
#2  0x0000555555555503 in adjust (alpha=5.0000000000000002e-05) at lreg.cpp:87
#3  0x00005555555556ac in train (iterations=20000, alpha=5.0000000000000002e-05, N=3, stopsWhenStable=true) at lreg.cpp:120
#4  0x0000555555555a1c in execute (input=0x7fffffffe1f2 "/tmp/lreg/randInput") at lreg.cpp:157
#5  0x0000555555555c78 in main (argc=4, argv=0x7fffffffde48) at lreg.cpp:193

45		Predicts the value related to v using the Ts variables
46	*/
47	double predict(double v){
48		double val = 0;
49		for(int i = 0; i<T.size(); i++){
50			val+= (T[i] * pow(v, i));
51		}
52		return val;
53		
54	}

Backtrace END
Fliping value of field: std::_Vector_base<double, std::allocator<double> >
Fliping value of field: _M_impl
Fliping value of field: _M_start
Fliping a bit of the value pointed by a pointer
Memory content before bitflip:0xe80xc90xdc0xf70xff0x7f0x000x00
Fault Model: Double bit-flip
base address to flip value: 0x7ffff7dd19c8 
address max offset: 8
Memory content after  bitflip:0xe80xc90xdc0xf70xff0x7f0x000x44
frame name: main
symbol name: e2
symbol filename: lreg.cpp
symbol line: 196
value: std::vector of length 719, capacity -5229 = {3.8046408533610398e+19, 2.9643938750474793e-323, 0, 2.0246810166574283e-320, 0, 0, 0, 0, 0, 0, 0, 0, 0, 0, 0, 0, 0, 0, 0, 0, 0, 0, 0, 0, 3.9525251667299724e-323, 6.9533490636006013e-310, 6.9533490639606764e-310, 0, 0, 6.9533490635116695e-310, 6.9533490638025754e-310, 6.9533490637970418e-310, 6.9533490637978323e-310, 0, 0, 6.9533490624508118e-310, 0, 6.953349062452788e-310, 2.9643938750474793e-323, 0, 2.0246810166574283e-320, 0, 0, 0, 0, 0, 0, 0, 0, 0, 0, 0, 0, 0, 0, 0, 0, 0, 0, 0, 0, 3.9525251667299724e-323, 6.9533490636152257e-310, 6.9533490639606764e-310, 6.953349063597044e-310, 0, 6.9533490635069265e-310, 6.9533490638025754e-310, 6.9533490637970418e-310, 6.9533490637978323e-310, 0, 6.9533490625804546e-310, 6.9533490625824308e-310, 2.9643938750474793e-323, 0, 2.0246810166574283e-320, 0, 0, 0, 0, 0, 0, 0, 0, 0, 0, 0, 0, 0, 0, 0, 0, 0, 0, 0, 0, 3.9525251667299724e-323, 6.9533490636290595e-310, 6.9533490639606764e-310, 0, 0, 6.9533490635543568e-310, 6.9533490638863689e-310, 6.9533490638808354e-310, 6.9533490638816259e-310, 0, 0, 6.9533490625804546e-310, 6.9533490625824308e-310, 2.9643938750474793e-323, 0, 6.07206678738892e-320, 0, 0, 0, 0, 0, 0, 0, 0, 0, 0, 0, 0, 0, 0, 0, 0, 0, 0, 0, 0, 3.9525251667299724e-323, 6.9533490636432886e-310, 6.9533490639606764e-310, 4.6355706433180856e-310, 0, 6.9533490635543568e-310, 6.9533490638863689e-310, 6.9533490638808354e-310, 6.9533490638816259e-310, 0, 0, 0, 0, 0, 0, 0, 0, 0, 0, 0, 0, 0, 0, 0, 0, 0, 0, 0, 0, 0, 0, 0, 0, 0, 0, 0, 0, 0, 0, 0, 0, 0, 0, 0, 0, 0, 0, 6.9533490624460687e-310, 0, 6.953349062448045e-310, 2.9643938750474793e-323, 0, 2.0246810166574283e-320, 0, 0, 0, 0, 0, 0, 0, 0, 0, 0, 0, 0, 0, 0, 0...}
value address: 0x7fffffffd920
Type: The type is a structure.
Type sizeof: 24
Field name: std::_Vector_base<double, std::allocator<double> >
Field Type: The type is a structure.
Field Type sizeof: 24

[INFO -- 2018-11-24 18:15:35]
Fault Injection Successful after 0.8549089431762695s
[INFO -- 2018-11-24 18:15:37]
event type: exit
[INFO -- 2018-11-24 18:15:37]
exit code: 0
