[INFO -- 2018-11-23 22:15:04]
sending 5 signals using command: 'killall -2 lreg' after 2.25659979139s
[INFO -- 2018-11-23 22:15:04]
sending 5 signals using command: 'killall -2 lreg' after 1.1031559073s
[INFO -- 2018-11-23 22:15:04]
sending 5 signals using command: 'killall -2 lreg' after 2.64575417985s
[INFO -- 2018-11-23 22:15:04]
Starting GDB script
[INFO -- 2018-11-23 22:15:04]
initSignal:0.0
[INFO -- 2018-11-23 22:15:04]
endSignal:3.0
[INFO -- 2018-11-23 22:15:04]
sending 5 signals using command: 'killall -2 lreg' after 0.326753023453s
[INFO -- 2018-11-23 22:15:06]
sending 5 signals using command: 'killall -2 lreg' after 1.92953413249s
[INFO -- 2018-11-23 22:15:06]
sending 5 signals using command: 'killall -2 lreg' after 1.35773272386s
[INFO -- 2018-11-23 22:15:06]
Execution finished before waitTime
