[INFO -- 2018-10-06 15:05:19]
Starting flip_value script
version: 1.1
[INFO -- 2018-10-06 15:05:19]
Initialization strings:
[INFO -- 2018-10-06 15:05:19]
(1) file /tmp/lreg/lreg
[INFO -- 2018-10-06 15:05:19]
(2) set args /tmp/lreg/randInput /tmp/lreg/output
[INFO -- 2018-10-06 15:05:19]
initSignal:0
[INFO -- 2018-10-06 15:05:19]
endSignal:10
[INFO -- 2018-10-06 15:05:19]
faultModel:1
[INFO -- 2018-10-06 15:05:21]
Backtrace BEGIN:
#0  0x00007ffff76d5518 in __ieee754_pow_sse2 (x=11, y=3) at ../sysdeps/ieee754/dbl-64/e_pow.c:65
#1  0x00007ffff76b7b14 in __pow (x=11, y=3) at w_pow_compat.c:30
#2  0x00005555555560ba in std::pow<double, unsigned int> (__x=11, __y=3) at /usr/include/c++/7/cmath:418
#3  0x00005555555552c2 in predict (v=11) at lreg.cpp:77
#4  0x000055555555551d in partialDerivate (pos=0) at lreg.cpp:107
#5  0x0000555555555670 in adjust () at lreg.cpp:123
#6  0x0000555555555881 in train (iterations=90000, N=4, stopsWhenStable=true) at lreg.cpp:159
#7  0x0000555555555dba in main (argc=3, argv=0x7fffffffde68) at lreg.cpp:225

60	../sysdeps/ieee754/dbl-64/e_pow.c: No such file or directory.

Backtrace END
Fliping value of field name: x
Memory content before bitflip:0xff0x030x000x000x000x000x300x43
Fault Model: Double bit-flip
base address to flip value: 0x7ffff779a5a0 
address max offset: 8
Memory content after  bitflip:0xff0x030x000x000x030x000x300x43
frame name: __ieee754_pow_sse2
symbol name: two52e
symbol filename: ../sysdeps/ieee754/dbl-64/upow.h
symbol line: 55
value: {i = {1023, 1127219203}, x = 4503612512273407}
value address: 0x7ffff779a5a0 <two52e>
Type: The type is a union.
Type sizeof: 8
Field name: i
Field Type: The type is an array.
Field Type sizeof: 8
Field name: x
Field Type: A floating point type.
Field Type sizeof: 8

[INFO -- 2018-10-06 15:05:21]
Fault Injection Successful after 2.6926918029785156s
[INFO -- 2018-10-06 15:05:36]
event type: exit
[INFO -- 2018-10-06 15:05:36]
exit code: 0
