[INFO -- 2018-11-22 15:47:19]
Starting flip_value script
version: 1.1
[INFO -- 2018-11-22 15:47:19]
Initialization strings:
[INFO -- 2018-11-22 15:47:19]
(1) file /tmp/lreg/lreg
[INFO -- 2018-11-22 15:47:19]
(2) set args /tmp/lreg/randInput /tmp/lreg/output
[INFO -- 2018-11-22 15:47:19]
initSignal:0
[INFO -- 2018-11-22 15:47:19]
endSignal:3
[INFO -- 2018-11-22 15:47:19]
faultModel:2
[EXCEPTION -- 2018-11-22 15:47:21]
pythonException: Unable to exit loop in struct fields; Exiting wihtout making a bit flip
[INFO -- 2018-11-22 15:47:21]
Backtrace BEGIN:
#0  0x000055555555536a in partialDerivate (pos=0) at lreg.cpp:73
#1  0x00005555555554b3 in adjust (alpha=0.00020000000000000001) at lreg.cpp:87
#2  0x000055555555565c in train (iterations=10000, alpha=0.00020000000000000001, N=2, stopsWhenStable=true) at lreg.cpp:120
#3  0x0000555555555ab7 in main (argc=3, argv=0x7fffffffde58) at lreg.cpp:174

68		Calculates the partial derivate of the meanSquaredError function 
69		to the adjustment variable whose position in T is passed in pos
70	*/
71	double partialDerivate(int pos){
72		double pD = 0;
73		for(int i = 0; i<x.size(); i++){
74			pD += ((predict(x[i]) - y[i])*pow(x[i], pos));	
75		}
76		pD *= (2.0/x.size());
77		return pD;

Backtrace END
Fliping value of field: std::_Vector_base<double, std::allocator<double> >
Fliping value of field: _M_impl
Fliping value of field: _M_end_of_storage
Fliping a bit of the value pointed by a pointer
Memory content before bitflip:0x000x000x000x000x000x000x000x00
Fault Model: Random bit-flip
base address to flip value: 0x555555771330
address max offset: 8
Memory content after  bitflip:0xa40x3f0x640xfc0x690xd40x0b0x53
frame name: adjust
symbol name: x
symbol filename: lreg.cpp
symbol line: 32
value: std::vector of length 8, capacity 8 = {12, -6, -10, -3, 7, -12, 6, -10}
value address: 0x55555575a140 <x>
Type: The type is a structure.
Type sizeof: 24
Field name: std::_Vector_base<double, std::allocator<double> >
Field Type: The type is a structure.
Field Type sizeof: 24

[INFO -- 2018-11-22 15:47:21]
Fault Injection Successful after 2.6619365215301514s
[INFO -- 2018-11-22 15:47:24]
event type: exit
[INFO -- 2018-11-22 15:47:24]
exit code: 0
