[INFO -- 2018-11-15 14:29:04]
Starting flip_value script
version: 1.1
[INFO -- 2018-11-15 14:29:04]
Initialization strings:
[INFO -- 2018-11-15 14:29:04]
(1) file /tmp/lreg/lreg
[INFO -- 2018-11-15 14:29:04]
(2) set args /tmp/lreg/randInput /tmp/lreg/output
[INFO -- 2018-11-15 14:29:04]
initSignal:0
[INFO -- 2018-11-15 14:29:04]
endSignal:5
[INFO -- 2018-11-15 14:29:04]
faultModel:1
[INFO -- 2018-11-15 14:29:06]
Backtrace BEGIN:
#0  0x0000555555555819 in predict (v=9) at lreg.cpp:116
#1  0x0000555555555a53 in partialDerivate (pos1=0, pos2=0) at lreg.cpp:142
#2  0x0000555555555bbe in adjust (alpha1=5.0000000000000002e-05, alpha2=5.0000000000000002e-05) at lreg.cpp:156
#3  0x0000555555555ee0 in train (iter1=30000, iter2=30000, N=3, alpha1=5.0000000000000002e-05, alpha2=5.0000000000000002e-05, stopsWhenStable=true) at lreg.cpp:193
#4  0x0000555555556467 in main (argc=3, argv=0x7fffffffde58) at lreg.cpp:253

111	*/
112	double predict(double v){
113		double val = 0;
114		
115		for(UINT i1 = 0, i2 = 0; verifyUintDup(i1, i2)<T1.size(); i1++, i2++){
116			val+= (verifyDoubleDup(T1[verifyUintDup(i1, i2)], T2[verifyUintDup(i1, i2)]) * pow(v, verifyUintDup(i1, i2)));
117		}
118		return val;
119		
120	}

Backtrace END
Memory content before bitflip:0xdf0x7d0x3b0x880x700x7b0x200xc0
Fault Model: Double bit-flip
base address to flip value: 0x7fffffffd6d8
address max offset: 8
Memory content after  bitflip:0xdf0x7d0x3b0x880x700x7b0x200xca
frame name: predict
symbol name: val
symbol filename: lreg.cpp
symbol line: 113
value: -1.2044370806541436e+49
value address: 0x7fffffffd6d8
Type: A floating point type.
Type sizeof: 8

[INFO -- 2018-11-15 14:29:06]
Fault Injection Successful after 2.5878207683563232s
[INFO -- 2018-11-15 14:29:12]
event type: exit
[INFO -- 2018-11-15 14:29:12]
exit code: 0
