[INFO -- 2018-09-15 22:50:38]
Starting flip_value script
version: 1.1
[INFO -- 2018-09-15 22:50:38]
Initialization strings:
[INFO -- 2018-09-15 22:50:38]
(1) file /tmp/lreg/lreg
[INFO -- 2018-09-15 22:50:38]
(2) set args /tmp/lreg/randInput /tmp/lreg/output
[INFO -- 2018-09-15 22:50:38]
initSignal:0
[INFO -- 2018-09-15 22:50:38]
endSignal:2
[INFO -- 2018-09-15 22:50:38]
faultModel:2
[INFO -- 2018-09-15 22:50:39]
Backtrace BEGIN:
#0  0x00007ffff76b7b0f in __pow (x=-24, y=0) at w_pow_compat.c:30
#1  0x0000555555555f39 in std::pow<double, int> (__x=-24, __y=0) at /usr/include/c++/7/cmath:418
#2  0x0000555555555237 in predict (v=-24) at lreg.cpp:50
#3  0x00005555555552ba in meanSquaredError () at lreg.cpp:61
#4  0x00005555555556b1 in train (iterations=60000, alpha=5.0000000000000002e-05, N=3, stopsWhenStable=true) at lreg.cpp:121
#5  0x0000555555555c26 in main (argc=3, argv=0x7fffffffde68) at lreg.cpp:182

25	w_pow_compat.c: No such file or directory.

Backtrace END
Memory content before bitflip:0x000x000x000x000x000x000x380xc0
Fault Model: Random bit-flip
base address to flip value: 0x7fffffffd798
address max offset: 8
Memory content after  bitflip:0x580xbf0x7e0x800xd60xb50xa40xc1
frame name: predict
symbol name: v
symbol filename: lreg.cpp
symbol line: 47
value: -173730624.24755359
value address: 0x7fffffffd798
Type: A floating point type.
Type sizeof: 8

[INFO -- 2018-09-15 22:50:39]
Fault Injection Successful after 1.0677800178527832s
[INFO -- 2018-09-15 22:50:45]
event type: exit
[INFO -- 2018-09-15 22:50:45]
exit code: 0
