[INFO -- 2018-11-26 20:01:59]
Starting flip_value script
version: 1.1
[INFO -- 2018-11-26 20:01:59]
Initialization strings:
[INFO -- 2018-11-26 20:01:59]
(1) file /tmp/lreg/lreg
[INFO -- 2018-11-26 20:01:59]
(2) set args /tmp/lreg/randInput /tmp/lreg/output
[INFO -- 2018-11-26 20:01:59]
initSignal:0
[INFO -- 2018-11-26 20:01:59]
endSignal:3
[INFO -- 2018-11-26 20:01:59]
faultModel:0
[INFO -- 2018-11-26 20:02:01]
Backtrace BEGIN:
#0  __exp1 (x=10.101887489959422, xx=9.7496086267370935e-17, error=5.699999999999999e-05) at ../sysdeps/ieee754/dbl-64/e_exp.c:252
#1  0x00007ffff76da8dc in __ieee754_pow_sse2 (x=29, y=3) at ../sysdeps/ieee754/dbl-64/e_pow.c:115
#2  0x00007ffff76bcb14 in __pow (x=29, y=3) at w_pow_compat.c:30
#3  0x0000555555556826 in std::pow<double, unsigned int> (__x=29, __y=3) at /usr/include/c++/7/cmath:418
#4  0x0000555555555814 in predict (v=29) at lreg.cpp:116
#5  0x0000555555555a53 in partialDerivate (pos1=1, pos2=1) at lreg.cpp:142
#6  0x0000555555555bbe in adjust (alpha1=2.2222199999999999e-05, alpha2=2.2222199999999999e-05) at lreg.cpp:156
#7  0x0000555555555ee0 in train (iter1=30000, iter2=30000, N=4, alpha1=2.2222199999999999e-05, alpha2=2.2222199999999999e-05, stopsWhenStable=true) at lreg.cpp:193
#8  0x0000555555556467 in main (argc=3, argv=0x7fffffffde58) at lreg.cpp:253

247	../sysdeps/ieee754/dbl-64/e_exp.c: No such file or directory.

Backtrace END
Fliping value of field name: x
Memory content before bitflip:0x000x380xfa0xfe0x420x2e0xe60x3f
Fault Model: Single bit-flip
base address to flip value: 0x7ffff779f5c8 
address max offset: 8
Memory content after  bitflip:0x000x380xfa0xfc0x420x2e0xe60x3f
frame name: __ieee754_pow_sse2
symbol name: ln2a
symbol filename: ../sysdeps/ieee754/dbl-64/upow.h
symbol line: 50
value: {i = {-50710528, 1072049730}, x = 0.69314717683460003}
value address: 0x7ffff779f5c8 <ln2a>
Type: The type is a union.
Type sizeof: 8
Field name: i
Field Type: The type is an array.
Field Type sizeof: 8
Field name: x
Field Type: A floating point type.
Field Type sizeof: 8

[INFO -- 2018-11-26 20:02:01]
Fault Injection Successful after 2.5060386657714844s
[INFO -- 2018-11-26 20:02:04]
event type: exit
[INFO -- 2018-11-26 20:02:04]
exit code: 0
