[INFO -- 2018-10-03 19:13:31]
Starting flip_value script
version: 1.1
[INFO -- 2018-10-03 19:13:31]
Initialization strings:
[INFO -- 2018-10-03 19:13:31]
(1) file /tmp/lreg/lreg
[INFO -- 2018-10-03 19:13:31]
(2) set args /tmp/lreg/randInput /tmp/lreg/output
[INFO -- 2018-10-03 19:13:31]
initSignal:0
[INFO -- 2018-10-03 19:13:31]
endSignal:10
[INFO -- 2018-10-03 19:13:31]
faultModel:1
[INFO -- 2018-10-03 19:13:34]
Backtrace BEGIN:
#0  0x000055555555540b in partialDerivate (pos=2) at lreg.cpp:74
#1  0x00005555555554b3 in adjust (alpha=2.2222199999999999e-05) at lreg.cpp:87
#2  0x000055555555565c in train (iterations=90000, alpha=2.2222199999999999e-05, N=4, stopsWhenStable=true) at lreg.cpp:120
#3  0x0000555555555ab7 in main (argc=3, argv=0x7fffffffde58) at lreg.cpp:174

69		to the adjustment variable whose position in T is passed in pos
70	*/
71	double partialDerivate(int pos){
72		double pD = 0;
73		for(int i = 0; i<x.size(); i++){
74			pD += ((predict(x[i]) - y[i])*pow(x[i], pos));	
75		}
76		pD *= (2.0/x.size());
77		return pD;
78	}

Backtrace END
Fliping value of field: std::_Vector_base<double, std::allocator<double> >
Fliping value of field: _M_impl
Fliping value of field: _M_end_of_storage
Fliping a bit of the pointer
Memory content before bitflip:0xa00x130x770x550x550x550x000x00
Fault Model: Double bit-flip
base address to flip value: 0x55555575a190 
address max offset: 8
Memory content after  bitflip:0xa00x130x360x550x550x550x000x00
frame name: main
symbol name: T
symbol filename: lreg.cpp
symbol line: 34
value: std::vector of length 4, capacity -532476 = {-13.484207415403748, -124.92765532299946, -2.8641285488854829, 4.816393267808051}
value address: 0x55555575a180 <T>
Type: The type is a structure.
Type sizeof: 24
Field name: std::_Vector_base<double, std::allocator<double> >
Field Type: The type is a structure.
Field Type sizeof: 24

[INFO -- 2018-10-03 19:13:34]
Fault Injection Successful after 3.5004971027374268s
[INFO -- 2018-10-03 19:13:39]
event type: exit
[INFO -- 2018-10-03 19:13:39]
exit code: 0
