[INFO -- 2018-10-05 22:05:57]
Starting flip_value script
version: 1.1
[INFO -- 2018-10-05 22:05:57]
Initialization strings:
[INFO -- 2018-10-05 22:05:57]
(1) file /tmp/lreg/lreg
[INFO -- 2018-10-05 22:05:57]
(2) set args /tmp/lreg/randInput /tmp/lreg/output
[INFO -- 2018-10-05 22:05:57]
initSignal:0
[INFO -- 2018-10-05 22:05:57]
endSignal:10
[INFO -- 2018-10-05 22:05:57]
faultModel:0
[INFO -- 2018-10-05 22:05:59]
Backtrace BEGIN:
#0  0x00007ffff76d5bc0 in __ieee754_pow_sse2 (x=<optimized out>, y=2) at ../sysdeps/ieee754/dbl-64/e_pow.c:82
#1  0x00007ffff76b7b14 in __pow (x=-3, y=2) at w_pow_compat.c:30
#2  0x00005555555560ba in std::pow<double, unsigned int> (__x=-3, __y=2) at /usr/include/c++/7/cmath:418
#3  0x00005555555552c2 in predict (v=-3) at lreg.cpp:77
#4  0x000055555555537b in meanSquaredError () at lreg.cpp:91
#5  0x0000555555555886 in train (iterations=60000, N=3, stopsWhenStable=true) at lreg.cpp:160
#6  0x0000555555555dba in main (argc=3, argv=0x7fffffffde68) at lreg.cpp:225

77	../sysdeps/ieee754/dbl-64/e_pow.c: No such file or directory.

Backtrace END
Fliping value of field name: x
Memory content before bitflip:0x6a0x010xf80xff0xff0xff0x070x42
Fault Model: Single bit-flip
base address to flip value: 0x7ffff779a5b0 
address max offset: 8
Memory content after  bitflip:0x6a0x010xfa0xff0xff0xff0x070x42
frame name: __ieee754_pow_sse2
symbol name: bigv
symbol filename: ../sysdeps/ieee754/dbl-64/upow.h
symbol line: 53
value: {i = {-392854, 1107820543}, x = 12884901887.25069}
value address: 0x7ffff779a5b0 <bigv>
Type: The type is a union.
Type sizeof: 8
Field name: i
Field Type: The type is an array.
Field Type sizeof: 8
Field name: x
Field Type: A floating point type.
Field Type sizeof: 8

[INFO -- 2018-10-05 22:05:59]
Fault Injection Successful after 2.371675491333008s
[INFO -- 2018-10-05 22:06:07]
event type: exit
[INFO -- 2018-10-05 22:06:07]
exit code: 0
