[INFO -- 2018-11-05 17:51:34]
Starting flip_value script
version: 1.1
[INFO -- 2018-11-05 17:51:34]
Initialization strings:
[INFO -- 2018-11-05 17:51:34]
(1) file /tmp/lreg/lreg
[INFO -- 2018-11-05 17:51:34]
(2) set args /tmp/lreg/randInput /tmp/lreg/output /tmp/lreg/detected.log
[INFO -- 2018-11-05 17:51:34]
initSignal:0
[INFO -- 2018-11-05 17:51:34]
endSignal:10
[INFO -- 2018-11-05 17:51:34]
faultModel:1
[INFO -- 2018-11-05 17:51:41]
Backtrace BEGIN:
#0  log1 (error=<synthetic pointer>, delta=<synthetic pointer>, x=4) at ../sysdeps/ieee754/dbl-64/e_pow.c:338
#1  __ieee754_pow_sse2 (x=4, y=3) at ../sysdeps/ieee754/dbl-64/e_pow.c:103
#2  0x00007ffff76bcb14 in __pow (x=4, y=3) at w_pow_compat.c:30
#3  0x0000555555556131 in std::pow<double, int> (__x=4, __y=3) at /usr/include/c++/7/cmath:418
#4  0x0000555555555237 in predict (v=4) at lreg.cpp:50
#5  0x00005555555553fc in partialDerivate (pos=2) at lreg.cpp:74
#6  0x0000555555555503 in adjust (alpha=2.2222199999999999e-05) at lreg.cpp:87
#7  0x00005555555556ac in train (iterations=45000, alpha=2.2222199999999999e-05, N=4, stopsWhenStable=true) at lreg.cpp:120
#8  0x0000555555555a1c in execute (input=0x7fffffffe1f3 "/tmp/lreg/randInput") at lreg.cpp:157
#9  0x0000555555555c60 in main (argc=4, argv=0x7fffffffde48) at lreg.cpp:191

333	../sysdeps/ieee754/dbl-64/e_pow.c: No such file or directory.

Backtrace END
Fliping value of field: std::_Vector_base<double, std::allocator<double> >
Fliping value of field: _M_impl
Fliping value of field: _M_start
Fliping a bit of the value pointed by a pointer
Memory content before bitflip:0x6f0xe30xce0xb20x880x5c0x310xc0
Fault Model: Double bit-flip
base address to flip value: 0x555555772380
address max offset: 8
Memory content after  bitflip:0x7e0xe30xce0xb20x880x5c0x310xc0
frame name: std::pow<double, int>
symbol name: T
symbol filename: lreg.cpp
symbol line: 34
value: std::vector of length 4, capacity 4 = {-17.361460853109286, -239.97142408820878, 9.5569680916581916, 5.5394085751190243}
value address: 0x55555575b180 <T>
Type: The type is a structure.
Type sizeof: 24
Field name: std::_Vector_base<double, std::allocator<double> >
Field Type: The type is a structure.
Field Type sizeof: 24

[INFO -- 2018-11-05 17:51:41]
Fault Injection Successful after 7.040863037109375s
[INFO -- 2018-11-05 17:51:49]
event type: exit
[INFO -- 2018-11-05 17:51:49]
exit code: 0
