[INFO -- 2018-11-15 12:37:12]
Starting flip_value script
version: 1.1
[INFO -- 2018-11-15 12:37:12]
Initialization strings:
[INFO -- 2018-11-15 12:37:12]
(1) file /tmp/lreg/lreg
[INFO -- 2018-11-15 12:37:12]
(2) set args /tmp/lreg/randInput /tmp/lreg/output
[INFO -- 2018-11-15 12:37:12]
initSignal:0
[INFO -- 2018-11-15 12:37:12]
endSignal:5
[INFO -- 2018-11-15 12:37:12]
faultModel:0
[INFO -- 2018-11-15 12:37:14]
Backtrace BEGIN:
#0  log1 (error=<synthetic pointer>, delta=<synthetic pointer>, x=15) at ../sysdeps/ieee754/dbl-64/e_pow.c:334
#1  __ieee754_pow_sse2 (x=15, y=3) at ../sysdeps/ieee754/dbl-64/e_pow.c:103
#2  0x00007ffff76bcb14 in __pow (x=15, y=3) at w_pow_compat.c:30
#3  0x0000555555556826 in std::pow<double, unsigned int> (__x=15, __y=3) at /usr/include/c++/7/cmath:418
#4  0x0000555555555814 in predict (v=15) at lreg.cpp:116
#5  0x0000555555555a53 in partialDerivate (pos1=2, pos2=2) at lreg.cpp:142
#6  0x0000555555555bbe in adjust (alpha1=2.2222199999999999e-05, alpha2=2.2222199999999999e-05) at lreg.cpp:156
#7  0x0000555555555ee0 in train (iter1=45000, iter2=45000, N=4, alpha1=2.2222199999999999e-05, alpha2=2.2222199999999999e-05, stopsWhenStable=true) at lreg.cpp:193
#8  0x0000555555556467 in main (argc=3, argv=0x7fffffffde58) at lreg.cpp:253

329	../sysdeps/ieee754/dbl-64/e_pow.c: No such file or directory.

Backtrace END
Fliping value of field name: i
Fliping array at pos: 0
Memory content before bitflip:0x000x000x000x00
Fault Model: Single bit-flip
base address to flip value: 0x7ffff779f5e0 
address max offset: 4
Memory content after  bitflip:0x000x000x040x00
frame name: log1
symbol name: nZERO
symbol filename: ../sysdeps/ieee754/dbl-64/upow.h
symbol line: 47
value: {i = {262144, -2147483648}, x = -1.2951634466340773e-318}
value address: 0x7ffff779f5e0 <nZERO>
Type: The type is a union.
Type sizeof: 8
Field name: i
Field Type: The type is an array.
Field Type sizeof: 8
Field name: x
Field Type: A floating point type.
Field Type sizeof: 8

[INFO -- 2018-11-15 12:37:14]
Fault Injection Successful after 2.6886041164398193s
[INFO -- 2018-11-15 12:37:15]
event type: exit
[INFO -- 2018-11-15 12:37:15]
exit code: 0
