[INFO -- 2018-11-07 14:48:55]
Starting flip_value script
version: 1.1
[INFO -- 2018-11-07 14:48:55]
Initialization strings:
[INFO -- 2018-11-07 14:48:55]
(1) file /tmp/lreg/lreg
[INFO -- 2018-11-07 14:48:55]
(2) set args /tmp/lreg/randInput /tmp/lreg/output /tmp/lreg/detected.log
[INFO -- 2018-11-07 14:48:55]
initSignal:0
[INFO -- 2018-11-07 14:48:55]
endSignal:10
[INFO -- 2018-11-07 14:48:55]
faultModel:1
[EXCEPTION -- 2018-11-07 14:49:00]
pythonException: Unable to exit loop in struct fields; Exiting wihtout making a bit flip
[INFO -- 2018-11-07 14:49:00]
Backtrace BEGIN:
#0  log1 (error=<synthetic pointer>, delta=<synthetic pointer>, x=24) at ../sysdeps/ieee754/dbl-64/e_pow.c:335
#1  __ieee754_pow_sse2 (x=24, y=3) at ../sysdeps/ieee754/dbl-64/e_pow.c:103
#2  0x00007ffff76bcb14 in __pow (x=24, y=3) at w_pow_compat.c:30
#3  0x0000555555556131 in std::pow<double, int> (__x=24, __y=3) at /usr/include/c++/7/cmath:418
#4  0x0000555555555237 in predict (v=24) at lreg.cpp:50
#5  0x00005555555552ba in meanSquaredError () at lreg.cpp:61
#6  0x00005555555556b1 in train (iterations=45000, alpha=2.2222199999999999e-05, N=4, stopsWhenStable=true) at lreg.cpp:121
#7  0x0000555555555a1c in execute (input=0x7fffffffe1f2 "/tmp/lreg/randInput") at lreg.cpp:157
#8  0x0000555555555c98 in main (argc=4, argv=0x7fffffffde48) at lreg.cpp:194

330	in ../sysdeps/ieee754/dbl-64/e_pow.c

Backtrace END
Fliping value of field: std::_Vector_base<double, std::allocator<double> >
Fliping value of field: _M_impl
Fliping value of field: _M_end_of_storage
Fliping a bit of the value pointed by a pointer
Memory content before bitflip:0x000x000x000x000x000x000x000x00
Fault Model: Double bit-flip
base address to flip value: 0x5555557723a0
address max offset: 8
Memory content after  bitflip:0x030x000x000x000x000x000x000x00
frame name: execute
symbol name: T
symbol filename: lreg.cpp
symbol line: 34
value: std::vector of length 4, capacity 4 = {5.2548290884739028, 17.407927508315272, -21.715023487440622, -2.1618349819749394}
value address: 0x55555575b180 <T>
Type: The type is a structure.
Type sizeof: 24
Field name: std::_Vector_base<double, std::allocator<double> >
Field Type: The type is a structure.
Field Type sizeof: 24

[INFO -- 2018-11-07 14:49:00]
Fault Injection Successful after 5.782704591751099s
[INFO -- 2018-11-07 14:49:03]
event type: exit
[INFO -- 2018-11-07 14:49:03]
exit code: 0
