[INFO -- 2018-10-10 15:42:35]
Starting flip_value script
version: 1.1
[INFO -- 2018-10-10 15:42:35]
Initialization strings:
[INFO -- 2018-10-10 15:42:35]
(1) file /tmp/lreg/lreg
[INFO -- 2018-10-10 15:42:35]
(2) set args /tmp/lreg/randInput /tmp/lreg/output
[INFO -- 2018-10-10 15:42:35]
initSignal:0
[INFO -- 2018-10-10 15:42:35]
endSignal:10
[INFO -- 2018-10-10 15:42:35]
faultModel:0
[INFO -- 2018-10-10 15:42:39]
Backtrace BEGIN:
#0  0x00007ffff76d0891 in __exp1 (x=4.8283137373023015, xx=-3.877313640918186e-16, error=<optimized out>) at ../sysdeps/ieee754/dbl-64/e_exp.c:268
#1  0x00007ffff76d58dc in __ieee754_pow_sse2 (x=5, y=3) at ../sysdeps/ieee754/dbl-64/e_pow.c:115
#2  0x00007ffff76b7b14 in __pow (x=5, y=3) at w_pow_compat.c:30
#3  0x00005555555560ba in std::pow<double, unsigned int> (__x=5, __y=3) at /usr/include/c++/7/cmath:418
#4  0x00005555555552c2 in predict (v=5) at lreg.cpp:77
#5  0x000055555555551d in partialDerivate (pos=1) at lreg.cpp:107
#6  0x0000555555555670 in adjust () at lreg.cpp:123
#7  0x0000555555555881 in train (iterations=90000, N=4, stopsWhenStable=true) at lreg.cpp:159
#8  0x0000555555555dba in main (argc=3, argv=0x7fffffffde68) at lreg.cpp:225

263	../sysdeps/ieee754/dbl-64/e_exp.c: No such file or directory.

Backtrace END
Memory content before bitflip:0x460x5a0xb70xf40x390x4d0xf70x3e
Fault Model: Single bit-flip
base address to flip value: 0x55555575a1a8 
address max offset: 8
Memory content after  bitflip:0x460x5a0xbf0xf40x390x4d0xf70x3e
frame name: adjust
symbol name: a3
symbol filename: lreg.cpp
symbol line: 45
value: 2.2222200001776356e-05
value address: 0x55555575a1a8 <a3>
Type: A floating point type.
Type sizeof: 8

[INFO -- 2018-10-10 15:42:39]
Fault Injection Successful after 4.298934698104858s
[INFO -- 2018-10-10 15:42:48]
event type: exit
[INFO -- 2018-10-10 15:42:48]
exit code: 0
