[INFO -- 2018-11-07 18:07:24]
Starting flip_value script
version: 1.1
[INFO -- 2018-11-07 18:07:24]
Initialization strings:
[INFO -- 2018-11-07 18:07:24]
(1) file /tmp/lreg/lreg
[INFO -- 2018-11-07 18:07:24]
(2) set args /tmp/lreg/randInput /tmp/lreg/output /tmp/lreg/detected.log
[INFO -- 2018-11-07 18:07:24]
initSignal:0
[INFO -- 2018-11-07 18:07:24]
endSignal:10
[INFO -- 2018-11-07 18:07:24]
faultModel:0
[INFO -- 2018-11-07 18:07:33]
Backtrace BEGIN:
#0  0x00007ffff76da549 in __ieee754_pow_sse2 (x=-7, y=2) at ../sysdeps/ieee754/dbl-64/e_pow.c:72
#1  0x00007ffff76bcb14 in __pow (x=-7, y=2) at w_pow_compat.c:30
#2  0x0000555555556131 in std::pow<double, int> (__x=-7, __y=2) at /usr/include/c++/7/cmath:418
#3  0x0000555555555237 in predict (v=-7) at lreg.cpp:50
#4  0x00005555555553fc in partialDerivate (pos=1) at lreg.cpp:74
#5  0x0000555555555503 in adjust (alpha=2.2222199999999999e-05) at lreg.cpp:87
#6  0x00005555555556ac in train (iterations=45000, alpha=2.2222199999999999e-05, N=4, stopsWhenStable=true) at lreg.cpp:120
#7  0x0000555555555a1c in execute (input=0x7fffffffe1f2 "/tmp/lreg/randInput") at lreg.cpp:157
#8  0x0000555555555c98 in main (argc=4, argv=0x7fffffffde48) at lreg.cpp:194

67	../sysdeps/ieee754/dbl-64/e_pow.c: No such file or directory.

Backtrace END
Memory content before bitflip:0xc80xaf0x000x00
Fault Model: Single bit-flip
base address to flip value: 0x7fffffffd668
address max offset: 4
Memory content after  bitflip:0xc80xaf0x000x20
frame name: execute
symbol name: iterations
symbol filename: lreg.cpp
symbol line: 144
value: 536915912
value address: 0x7fffffffd668
Type: The type is an integer type.
Type sizeof: 4

[INFO -- 2018-11-07 18:07:33]
Fault Injection Successful after 9.357352018356323s
[INFO -- 2018-11-07 18:07:33]
event type: exit
[INFO -- 2018-11-07 18:07:33]
exit code: 0
