[INFO -- 2018-11-23 17:30:16]
Starting flip_value script
version: 1.1
[INFO -- 2018-11-23 17:30:16]
Initialization strings:
[INFO -- 2018-11-23 17:30:16]
(1) file /tmp/lreg/lreg
[INFO -- 2018-11-23 17:30:16]
(2) set args /tmp/lreg/randInput /tmp/lreg/output
[INFO -- 2018-11-23 17:30:16]
initSignal:0
[INFO -- 2018-11-23 17:30:16]
endSignal:3
[INFO -- 2018-11-23 17:30:16]
faultModel:2
[INFO -- 2018-11-23 17:30:17]
Backtrace BEGIN:
#0  0x0000555555554e90 in pow@plt ()
#1  0x0000555555555d5f in std::pow<double, int> (__x=-10, __y=1) at /usr/include/c++/7/cmath:418
#2  0x0000555555555401 in partialDerivate (pos=1) at lreg.cpp:74
#3  0x00005555555554b3 in adjust (alpha=0.00020000000000000001) at lreg.cpp:87
#4  0x000055555555565c in train (iterations=10000, alpha=0.00020000000000000001, N=2, stopsWhenStable=true) at lreg.cpp:120
#5  0x0000555555555ab7 in main (argc=3, argv=0x7fffffffde58) at lreg.cpp:174

130		T = bestT;
131	}
132	
133	/*
134	It must receive an input file formated as follows:
135		1° Line : one integer T -> number of test cases
136		2° to 5° repeat to all test case	
137		2° Line : method parameters -> alpha, iterations, N, size of 
138			      training set, predictions
139		3° Line : inputs x of the training set

Backtrace END
Memory content before bitflip:0x010x000x000x00
Fault Model: Random bit-flip
base address to flip value: 0x7fffffffd77c
address max offset: 4
Memory content after  bitflip:0xd20x1f0xbd0x95
frame name: partialDerivate
symbol name: pos
symbol filename: lreg.cpp
symbol line: 71
value: -1782767662
value address: 0x7fffffffd77c
Type: The type is an integer type.
Type sizeof: 4

[INFO -- 2018-11-23 17:30:17]
Fault Injection Successful after 1.135998010635376s
[INFO -- 2018-11-23 17:30:18]
event type: exit
[INFO -- 2018-11-23 17:30:18]
exit code: 0
