[INFO -- 2018-10-03 17:07:01]
Starting flip_value script
version: 1.1
[INFO -- 2018-10-03 17:07:01]
Initialization strings:
[INFO -- 2018-10-03 17:07:01]
(1) file /tmp/lreg/lreg
[INFO -- 2018-10-03 17:07:01]
(2) set args /tmp/lreg/randInput /tmp/lreg/output
[INFO -- 2018-10-03 17:07:01]
initSignal:0
[INFO -- 2018-10-03 17:07:01]
endSignal:10
[INFO -- 2018-10-03 17:07:01]
faultModel:1
[INFO -- 2018-10-03 17:07:02]
Backtrace BEGIN:
#0  0x0000555555555260 in meanSquaredError () at lreg.cpp:61
#1  0x0000555555555661 in train (iterations=60000, alpha=5.0000000000000002e-05, N=3, stopsWhenStable=true) at lreg.cpp:121
#2  0x0000555555555ab7 in main (argc=3, argv=0x7fffffffde58) at lreg.cpp:174

56		Calculates the mean squared error of T
57	*/
58	double meanSquaredError(){
59		double error = 0;
60		for(int i = 0; i<x.size(); i++){
61			error+= ((predict(x[i]) - y[i]) * (predict(x[i]) - y[i]));	
62		}
63		error /= x.size();
64		return error;
65	

Backtrace END
Memory content before bitflip:0xe80x380x000x00
Fault Model: Double bit-flip
base address to flip value: 0x7fffffffd82c
address max offset: 4
Memory content after  bitflip:0xc00x380x000x00
frame name: train
symbol name: i
symbol filename: lreg.cpp
symbol line: 118
value: 14528
value address: 0x7fffffffd82c
Type: The type is an integer type.
Type sizeof: 4

[INFO -- 2018-10-03 17:07:02]
Fault Injection Successful after 1.7397541999816895s
[INFO -- 2018-10-03 17:07:09]
event type: exit
[INFO -- 2018-10-03 17:07:09]
exit code: 0
