[INFO -- 2018-09-16 12:00:38]
Starting flip_value script
version: 1.1
[INFO -- 2018-09-16 12:00:38]
Initialization strings:
[INFO -- 2018-09-16 12:00:38]
(1) file /tmp/lreg/lreg
[INFO -- 2018-09-16 12:00:38]
(2) set args /tmp/lreg/randInput /tmp/lreg/output
[INFO -- 2018-09-16 12:00:38]
initSignal:0
[INFO -- 2018-09-16 12:00:38]
endSignal:2
[INFO -- 2018-09-16 12:00:38]
faultModel:0
[INFO -- 2018-09-16 12:00:38]
Backtrace BEGIN:
#0  dl_main (phdr=<optimized out>, phnum=<optimized out>, user_entry=<optimized out>, auxv=<optimized out>) at rtld.c:2289
#1  0x00007ffff7defdd0 in _dl_sysdep_start (start_argptr=start_argptr@entry=0x7fffffffde60, dl_main=dl_main@entry=0x7ffff7dd7660 <dl_main>) at ../elf/dl-sysdep.c:253
#2  0x00007ffff7dd7128 in _dl_start_final (arg=0x7fffffffde60) at rtld.c:414
#3  _dl_start (arg=0x7fffffffde60) at rtld.c:521
#4  0x00007ffff7dd6098 in _start () from /lib64/ld-linux-x86-64.so.2
#5  0x0000000000000003 in ?? ()
#6  0x00007fffffffe207 in ?? ()
#7  0x00007fffffffe216 in ?? ()
#8  0x00007fffffffe22a in ?? ()
#9  0x0000000000000000 in ?? ()

2284	rtld.c: No such file or directory.

Backtrace END
Memory content before bitflip:0x530x680x260x000x000x000x000x00
Fault Model: Single bit-flip
base address to flip value: 0x7ffff7ffe000 
address max offset: 8
Memory content after  bitflip:0x530x680x260x000x000x020x000x00
frame name: dl_main
symbol name: relocate_time
symbol filename: rtld.c
symbol line: 306
value: 2199025772627
value address: 0x7ffff7ffe000 <relocate_time>
Type: The type is an integer type.
Type sizeof: 8

[INFO -- 2018-09-16 12:00:38]
Fault Injection Successful after 0.9304640293121338s
[INFO -- 2018-09-16 12:00:45]
event type: exit
[INFO -- 2018-09-16 12:00:45]
exit code: 0
