[INFO -- 2018-11-04 20:58:07]
Starting flip_value script
version: 1.1
[INFO -- 2018-11-04 20:58:07]
Initialization strings:
[INFO -- 2018-11-04 20:58:07]
(1) file /tmp/lreg/lreg
[INFO -- 2018-11-04 20:58:07]
(2) set args /tmp/lreg/randInput /tmp/lreg/output /tmp/lreg/detected.log
[INFO -- 2018-11-04 20:58:07]
initSignal:0
[INFO -- 2018-11-04 20:58:07]
endSignal:10
[INFO -- 2018-11-04 20:58:07]
faultModel:2
[INFO -- 2018-11-04 20:58:12]
Backtrace BEGIN:
#0  0x00005555555551fc in predict (v=11) at lreg.cpp:49
#1  0x00005555555552ba in meanSquaredError () at lreg.cpp:61
#2  0x00005555555556b1 in train (iterations=30000, alpha=5.0000000000000002e-05, N=3, stopsWhenStable=true) at lreg.cpp:121
#3  0x0000555555555a1c in execute (input=0x7fffffffe1f1 "/tmp/lreg/randInput") at lreg.cpp:157
#4  0x0000555555555c98 in main (argc=4, argv=0x7fffffffde48) at lreg.cpp:194

44	/**
45		Predicts the value related to v using the Ts variables
46	*/
47	double predict(double v){
48		double val = 0;
49		for(int i = 0; i<T.size(); i++){
50			val+= (T[i] * pow(v, i));
51		}
52		return val;
53		

Backtrace END
Fliping value of field: std::_Vector_base<double, std::allocator<double> >
Fliping value of field: _M_impl
Fliping value of field: _M_start
Fliping a bit of the value pointed by a pointer
Memory content before bitflip:0xe60xea0x610xb60xfd0xff0x3e0x40
Fault Model: Random bit-flip
base address to flip value: 0x555555772380
address max offset: 8
Memory content after  bitflip:0x810x9a0xc70x260x130x800xc80x1d
frame name: main
symbol name: e2
symbol filename: lreg.cpp
symbol line: 194
value: std::vector of length 4, capacity 4 = {3.3238671213203021e-165, 12.999986040015587, -24.99996974162384, 2.9999976764262644}
value address: 0x7fffffffd920
Type: The type is a structure.
Type sizeof: 24
Field name: std::_Vector_base<double, std::allocator<double> >
Field Type: The type is a structure.
Field Type sizeof: 24

[INFO -- 2018-11-04 20:58:12]
Fault Injection Successful after 5.710567951202393s
[INFO -- 2018-11-04 20:58:16]
event type: exit
[INFO -- 2018-11-04 20:58:16]
exit code: 0
