[INFO -- 2018-10-12 20:34:19]
Starting flip_value script
version: 1.1
[INFO -- 2018-10-12 20:34:19]
Initialization strings:
[INFO -- 2018-10-12 20:34:19]
(1) file /tmp/lreg/lreg
[INFO -- 2018-10-12 20:34:19]
(2) set args /tmp/lreg/randInput /tmp/lreg/output
[INFO -- 2018-10-12 20:34:19]
initSignal:0
[INFO -- 2018-10-12 20:34:19]
endSignal:10
[INFO -- 2018-10-12 20:34:19]
faultModel:1
[INFO -- 2018-10-12 20:34:24]
Backtrace BEGIN:
#0  0x00007ffff76b7eb4 in __sqrt (x=36826.381187943342) at w_sqrt_compat.c:30
#1  0x00005555555556ed in adjust () at lreg.cpp:125
#2  0x0000555555555881 in train (iterations=90000, N=4, stopsWhenStable=true) at lreg.cpp:159
#3  0x0000555555555dba in main (argc=3, argv=0x7fffffffde68) at lreg.cpp:225

25	w_sqrt_compat.c: No such file or directory.

Backtrace END
Memory content before bitflip:0x040x610xc00x590xae0x580xb30x41
Fault Model: Double bit-flip
base address to flip value: 0x7fffffffd820
address max offset: 8
Memory content after  bitflip:0x040x610xc00x590xae0x190xb30x41
frame name: train
symbol name: bestMSE
symbol filename: lreg.cpp
symbol line: 152
value: 320450137.75148034
value address: 0x7fffffffd820
Type: A floating point type.
Type sizeof: 8

[INFO -- 2018-10-12 20:34:24]
Fault Injection Successful after 5.546358346939087s
[INFO -- 2018-10-12 20:34:30]
event type: exit
[INFO -- 2018-10-12 20:34:30]
exit code: 0
