[INFO -- 2018-09-30 17:53:17]
Starting flip_value script
version: 1.1
[INFO -- 2018-09-30 17:53:17]
Initialization strings:
[INFO -- 2018-09-30 17:53:17]
(1) file /tmp/lreg/lreg
[INFO -- 2018-09-30 17:53:17]
(2) set args /tmp/lreg/randInput /tmp/lreg/output
[INFO -- 2018-09-30 17:53:17]
initSignal:0
[INFO -- 2018-09-30 17:53:17]
endSignal:30
[INFO -- 2018-09-30 17:53:17]
faultModel:1
[INFO -- 2018-09-30 17:53:28]
Backtrace BEGIN:
#0  0x000055555555668a in std::pow<double, unsigned int> (__x=-1, __y=2) at /usr/include/c++/7/cmath:418
#1  0x0000555555555272 in predict (v=-1) at lreg.cpp:57
#2  0x000055555555557d in partialDerivate (pos=0) at lreg.cpp:106
#3  0x000055555555567d in adjust (alpha=2.2222199999999999e-05) at lreg.cpp:119
#4  0x0000555555555822 in train (iterations=90000, alpha=2.2222199999999999e-05, N=4, stopsWhenStable=true) at lreg.cpp:152
#5  0x0000555555555d59 in lreg (input=0x7fffffffe210 "/tmp/lreg/randInput", output=0x7fffffffe224 "/tmp/lreg/output") at lreg.cpp:205
#6  0x00005555555564e2 in main (argc=3, argv=0x7fffffffde68) at lreg.cpp:276

413	    inline _GLIBCXX_CONSTEXPR
414	    typename __gnu_cxx::__promote_2<_Tp, _Up>::__type
415	    pow(_Tp __x, _Up __y)
416	    {
417	      typedef typename __gnu_cxx::__promote_2<_Tp, _Up>::__type __type;
418	      return pow(__type(__x), __type(__y));
419	    }
420	
421	  using ::sin;
422	

Backtrace END
Fliping value of field: std::_Vector_base<double, std::allocator<double> >
Fliping value of field: _M_impl
Fliping value of field: _M_finish
Fliping a bit of the pointer
Memory content before bitflip:0x300x290x770x550x550x550x000x00
Fault Model: Double bit-flip
base address to flip value: 0x7fffffffd6c8
address max offset: 8
Memory content after  bitflip:0x300x290x770x550x550x440x000x00
frame name: train
symbol name: prevT
symbol filename: lreg.cpp
symbol line: 146
value: std::vector of length -2336462209020, capacity 4 = {0.29037565678961141, 2.8082185065682941, -4.9841026430388355, 1.0346285360329617, 0, 2.4209216646221081e-322, 0.29037565678961141, 2.8082185065682941, -4.9841026430388355, 1.0346285360329617, 0, 2.4209216646221081e-322, 4.635570648092736e-310, 2.8058301657114817, -4.9818792699397347, 0.97161234768011595, 0, 2.4209216646221081e-322, 0, 2.8082185065682941, -4.9841026430388355, 1.0346285360329617, 0, 2.1027927952649294e-319, 0, 0, 0, 0, 0, 0, 0, 0, 0, 0, 0, 0, 0, 0, 0, 0, 0, 0, 0, 0, 0, 0, 0, 0, 0, 0, 0, 0, 0, 0, 0, 0, 0, 0, 0, 0, 0, 0, 0, 0, 0, 0, 0, 0, 0, 0, 0, 0, 0, 0, 0, 0, 0, 0, 0, 0, 0, 0, 0, 0, 0, 0, 0, 0, 0, 0, 0, 0, 0, 0, 0, 0, 0, 0, 0, 0, 0, 0, 0, 0, 0, 0, 0, 0, 0, 0, 0, 0, 0, 0, 0, 0, 0, 0, 0, 0, 0, 0, 0, 0, 0, 0, 0, 0, 0, 0, 0, 0, 0, 0, 0, 0, 0, 0, 0, 0, 0, 0, 0, 0, 0, 0, 0, 0, 0, 0, 0, 0, 0, 0, 0, 0, 0, 0, 0, 0, 0, 0, 0, 0, 0, 0, 0, 0, 0, 0, 0, 0, 0, 0, 0, 0, 0, 0, 0, 0, 0, 0, 0, 0, 0, 0, 0, 0, 0, 0, 0, 0, 0, 0, 0, 0, 0, 0, 0, 0...}
value address: 0x7fffffffd6c0
Type: The type is a structure.
Type sizeof: 24
Field name: std::_Vector_base<double, std::allocator<double> >
Field Type: The type is a structure.
Field Type sizeof: 24

[INFO -- 2018-09-30 17:53:28]
Fault Injection Successful after 11.439272403717041s
[INFO -- 2018-09-30 17:53:41]
event type: exit
[INFO -- 2018-09-30 17:53:41]
exit code: 0
