[INFO -- 2018-10-02 20:21:25]
Starting flip_value script
version: 1.1
[INFO -- 2018-10-02 20:21:25]
Initialization strings:
[INFO -- 2018-10-02 20:21:25]
(1) file /tmp/lreg/lreg
[INFO -- 2018-10-02 20:21:25]
(2) set args /tmp/lreg/randInput /tmp/lreg/output
[INFO -- 2018-10-02 20:21:25]
initSignal:0
[INFO -- 2018-10-02 20:21:25]
endSignal:10
[INFO -- 2018-10-02 20:21:25]
faultModel:2
[INFO -- 2018-10-02 20:21:29]
Backtrace BEGIN:
#0  log1 (error=<synthetic pointer>, delta=<synthetic pointer>, x=20) at ../sysdeps/ieee754/dbl-64/e_pow.c:336
#1  __ieee754_pow_sse2 (x=20, y=3) at ../sysdeps/ieee754/dbl-64/e_pow.c:103
#2  0x00007ffff76b7b14 in __pow (x=20, y=3) at w_pow_compat.c:30
#3  0x0000555555555d47 in std::pow<double, int> (__x=20, __y=3) at /usr/include/c++/7/cmath:418
#4  0x0000555555555401 in partialDerivate (pos=3) at lreg.cpp:74
#5  0x00005555555554b3 in adjust (alpha=2.2222199999999999e-05) at lreg.cpp:87
#6  0x000055555555565c in train (iterations=90000, alpha=2.2222199999999999e-05, N=4, stopsWhenStable=true) at lreg.cpp:120
#7  0x0000555555555ab7 in main (argc=3, argv=0x7fffffffde58) at lreg.cpp:174

331	../sysdeps/ieee754/dbl-64/e_pow.c: No such file or directory.

Backtrace END
Fliping value of field name: i
Fliping array at pos: 0
Memory content before bitflip:0x000x380xfa0xfe
Fault Model: Random bit-flip
base address to flip value: 0x7ffff779a5c8 
address max offset: 4
Memory content after  bitflip:0x070x820x830x8f
frame name: log1
symbol name: ln2a
symbol filename: ../sysdeps/ieee754/dbl-64/upow.h
symbol line: 50
value: {i = {-1887206905, 1072049730}, x = 0.69314697294254379}
value address: 0x7ffff779a5c8 <ln2a>
Type: The type is a union.
Type sizeof: 8
Field name: i
Field Type: The type is an array.
Field Type sizeof: 8
Field name: x
Field Type: A floating point type.
Field Type sizeof: 8

[INFO -- 2018-10-02 20:21:29]
Fault Injection Successful after 4.387396812438965s
[INFO -- 2018-10-02 20:21:32]
event type: exit
[INFO -- 2018-10-02 20:21:32]
exit code: 0
