[INFO -- 2018-11-27 21:17:17]
Starting flip_value script
version: 1.1
[INFO -- 2018-11-27 21:17:17]
Initialization strings:
[INFO -- 2018-11-27 21:17:17]
(1) file /tmp/lreg/lreg
[INFO -- 2018-11-27 21:17:17]
(2) set args /tmp/lreg/randInput /tmp/lreg/output
[INFO -- 2018-11-27 21:17:17]
initSignal:0
[INFO -- 2018-11-27 21:17:17]
endSignal:3
[INFO -- 2018-11-27 21:17:17]
faultModel:2
[INFO -- 2018-11-27 21:17:19]
Backtrace BEGIN:
#0  0x0000555555555917 in meanSquaredError () at lreg.cpp:128
#1  0x0000555555555ee5 in train (iter1=20000, iter2=20000, N=3, alpha1=5.0000000000000002e-05, alpha2=5.0000000000000002e-05, stopsWhenStable=true) at lreg.cpp:194
#2  0x0000555555556467 in main (argc=3, argv=0x7fffffffde58) at lreg.cpp:253

123	*/
124	double meanSquaredError(){
125		double error = 0;
126		
127		for(UINT i1 = 0, i2 = 0; verifyUintDup(i1, i2)<(x.size() - 1); i1++, i2++){
128			error+= ((predict(x[verifyUintDup(i1, i2)]) - y[verifyUintDup(i1, i2)]) * (predict(x[verifyUintDup(i1, i2)]) - y[verifyUintDup(i1, i2)]));	
129		}
130		error /= (x.size() - 1);
131		return error;
132	

Backtrace END
Fliping value of field: std::_Vector_base<double, std::allocator<double> >
Fliping value of field: _M_impl
Fliping value of field: _M_start
Fliping a bit of the value pointed by a pointer
Memory content before bitflip:0x310x6c0xf90x3a0x210xc30xf50x3f
Fault Model: Random bit-flip
base address to flip value: 0x555555772520
address max offset: 8
Memory content after  bitflip:0x350x950xaf0x290x040xe70xcf0x24
frame name: main
symbol name: T1
symbol filename: lreg.cpp
symbol line: 36
value: std::vector of length 3, capacity 3 = {2.2472705396897266e-131, -0.022637732763681986, -2.9934070401907329}
value address: 0x55555575b180 <T1>
Type: The type is a structure.
Type sizeof: 24
Field name: std::_Vector_base<double, std::allocator<double> >
Field Type: The type is a structure.
Field Type sizeof: 24

[INFO -- 2018-11-27 21:17:19]
Fault Injection Successful after 2.5237905979156494s
[INFO -- 2018-11-27 21:17:23]
event type: exit
[INFO -- 2018-11-27 21:17:23]
exit code: 0
