[INFO -- 2018-11-05 21:11:31]
sending 5 signals using command: 'killall -2 lreg' after 7.51145044735s
[INFO -- 2018-11-05 21:11:32]
sending 5 signals using command: 'killall -2 lreg' after 8.13657848683s
[INFO -- 2018-11-05 21:11:32]
sending 5 signals using command: 'killall -2 lreg' after 8.35851714439s
[INFO -- 2018-11-05 21:11:32]
Starting GDB script
[INFO -- 2018-11-05 21:11:32]
initSignal:0.0
[INFO -- 2018-11-05 21:11:32]
endSignal:10.0
[INFO -- 2018-11-05 21:11:33]
sending 5 signals using command: 'killall -2 lreg' after 0.321251164438s
[INFO -- 2018-11-05 21:11:33]
sending 5 signals using command: 'killall -2 lreg' after 0.694911138431s
[INFO -- 2018-11-05 21:11:35]
sending 5 signals using command: 'killall -2 lreg' after 2.76065959583s
[INFO -- 2018-11-05 21:11:40]
Execution finished before waitTime
