[INFO -- 2018-11-24 18:40:36]
Starting flip_value script
version: 1.1
[INFO -- 2018-11-24 18:40:36]
Initialization strings:
[INFO -- 2018-11-24 18:40:36]
(1) file /tmp/lreg/lreg
[INFO -- 2018-11-24 18:40:36]
(2) set args /tmp/lreg/randInput /tmp/lreg/output /tmp/lreg/detected.log
[INFO -- 2018-11-24 18:40:36]
initSignal:0
[INFO -- 2018-11-24 18:40:36]
endSignal:6
[INFO -- 2018-11-24 18:40:36]
faultModel:1
[INFO -- 2018-11-24 18:40:37]
Backtrace BEGIN:
#0  0x00007ffff76bcb0f in __pow (x=23, y=2) at w_pow_compat.c:30
#1  0x0000555555556149 in std::pow<double, int> (__x=23, __y=2) at /usr/include/c++/7/cmath:418
#2  0x0000555555555237 in predict (v=23) at lreg.cpp:50
#3  0x000055555555530a in meanSquaredError () at lreg.cpp:61
#4  0x00005555555556b1 in train (iterations=20000, alpha=5.0000000000000002e-05, N=3, stopsWhenStable=true) at lreg.cpp:121
#5  0x0000555555555a1c in execute (input=0x7fffffffe1f2 "/tmp/lreg/randInput") at lreg.cpp:157
#6  0x0000555555555c78 in main (argc=4, argv=0x7fffffffde48) at lreg.cpp:193

25	w_pow_compat.c: No such file or directory.

Backtrace END
Memory content before bitflip:0xb70xe20xfb0xa00xb40x600x110x40
Fault Model: Double bit-flip
base address to flip value: 0x7fffffffd588
address max offset: 8
Memory content after  bitflip:0xb70xe20xfb0xc00xb40x600x110x40
frame name: train
symbol name: MSE
symbol filename: lreg.cpp
symbol line: 117
value: 4.3444395211924336
value address: 0x7fffffffd588
Type: A floating point type.
Type sizeof: 8

[INFO -- 2018-11-24 18:40:37]
Fault Injection Successful after 1.6045451164245605s
[INFO -- 2018-11-24 18:40:39]
event type: exit
[INFO -- 2018-11-24 18:40:39]
exit code: 0
