[INFO -- 2018-09-15 23:08:19]
Starting flip_value script
version: 1.1
[INFO -- 2018-09-15 23:08:19]
Initialization strings:
[INFO -- 2018-09-15 23:08:19]
(1) file /tmp/lreg/lreg
[INFO -- 2018-09-15 23:08:19]
(2) set args /tmp/lreg/randInput /tmp/lreg/output
[INFO -- 2018-09-15 23:08:19]
initSignal:0
[INFO -- 2018-09-15 23:08:19]
endSignal:2
[INFO -- 2018-09-15 23:08:19]
faultModel:2
[INFO -- 2018-09-15 23:08:20]
Backtrace BEGIN:
#0  0x0000555555555220 in predict (v=-5) at lreg.cpp:50
#1  0x00005555555553fc in partialDerivate (pos=1) at lreg.cpp:74
#2  0x0000555555555503 in adjust (alpha=5.0000000000000002e-05) at lreg.cpp:87
#3  0x00005555555556ac in train (iterations=60000, alpha=5.0000000000000002e-05, N=3, stopsWhenStable=true) at lreg.cpp:120
#4  0x0000555555555c26 in main (argc=3, argv=0x7fffffffde68) at lreg.cpp:182

45		Predicts the value related to v using the Ts variables
46	*/
47	double predict(double v){
48		double val = 0;
49		for(int i = 0; i<T.size(); i++){
50			val+= (T[i] * pow(v, i));
51		}
52		return val;
53		
54	}

Backtrace END
Memory content before bitflip:0x020xc10x4f0x4b0xd10x7e0x000xc0
Fault Model: Random bit-flip
base address to flip value: 0x7fffffffd748
address max offset: 8
Memory content after  bitflip:0xb50x5c0x160xa80xe50xc00x530x1e
frame name: predict
symbol name: val
symbol filename: lreg.cpp
symbol line: 48
value: 1.3721023273329861e-162
value address: 0x7fffffffd748
Type: A floating point type.
Type sizeof: 8

[INFO -- 2018-09-15 23:08:20]
Fault Injection Successful after 1.0825510025024414s
[INFO -- 2018-09-15 23:08:28]
event type: exit
[INFO -- 2018-09-15 23:08:28]
exit code: 0
