[INFO -- 2018-11-24 11:00:22]
Starting flip_value script
version: 1.1
[INFO -- 2018-11-24 11:00:22]
Initialization strings:
[INFO -- 2018-11-24 11:00:22]
(1) file /tmp/lreg/lreg
[INFO -- 2018-11-24 11:00:22]
(2) set args /tmp/lreg/randInput /tmp/lreg/output
[INFO -- 2018-11-24 11:00:22]
initSignal:0
[INFO -- 2018-11-24 11:00:22]
endSignal:2
[INFO -- 2018-11-24 11:00:22]
faultModel:2
[INFO -- 2018-11-24 11:00:24]
Backtrace BEGIN:
#0  0x00007ffff76daa2d in __ieee754_pow_sse2 (x=<optimized out>, y=<optimized out>) at ../sysdeps/ieee754/dbl-64/e_pow.c:215
#1  0x00007ffff76bcb14 in __pow (x=-19, y=1) at w_pow_compat.c:30
#2  0x0000555555555d5f in std::pow<double, int> (__x=-19, __y=1) at /usr/include/c++/7/cmath:418
#3  0x0000555555555401 in partialDerivate (pos=1) at lreg.cpp:74
#4  0x00005555555554b3 in adjust (alpha=5.0000000000000002e-05) at lreg.cpp:87
#5  0x000055555555565c in train (iterations=20000, alpha=5.0000000000000002e-05, N=3, stopsWhenStable=true) at lreg.cpp:120
#6  0x0000555555555ab7 in main (argc=3, argv=0x7fffffffde58) at lreg.cpp:174

210	../sysdeps/ieee754/dbl-64/e_pow.c: No such file or directory.

Backtrace END
Fliping value of field: std::_Vector_base<double, std::allocator<double> >
Fliping value of field: _M_impl
Fliping value of field: _M_end_of_storage
Fliping a bit of the pointer
Memory content before bitflip:0xc00x150x770x550x550x550x000x00
Fault Model: Random bit-flip
base address to flip value: 0x55555575a170 
address max offset: 8
Memory content after  bitflip:0x550x580xa90x6b0xbf0xc50x500x11
frame name: adjust
symbol name: y
symbol filename: lreg.cpp
symbol line: 33
value: std::vector of length 12, capacity 155952587215358050 = {-44, -23, -143, -8, 1, 1, -1319, -23, -1079, -503, -104, -1583}
value address: 0x55555575a160 <y>
Type: The type is a structure.
Type sizeof: 24
Field name: std::_Vector_base<double, std::allocator<double> >
Field Type: The type is a structure.
Field Type sizeof: 24

[INFO -- 2018-11-24 11:00:24]
Fault Injection Successful after 2.427483081817627s
[INFO -- 2018-11-24 11:00:26]
event type: exit
[INFO -- 2018-11-24 11:00:26]
exit code: 0
