[INFO -- 2018-10-08 18:59:13]
Starting flip_value script
version: 1.1
[INFO -- 2018-10-08 18:59:13]
Initialization strings:
[INFO -- 2018-10-08 18:59:13]
(1) file /tmp/lreg/lreg
[INFO -- 2018-10-08 18:59:13]
(2) set args /tmp/lreg/randInput /tmp/lreg/output
[INFO -- 2018-10-08 18:59:13]
initSignal:0
[INFO -- 2018-10-08 18:59:13]
endSignal:10
[INFO -- 2018-10-08 18:59:13]
faultModel:0
[INFO -- 2018-10-08 18:59:17]
Backtrace BEGIN:
#0  0x00005555555560ac in std::pow<double, unsigned int> (__x=22, __y=1) at /usr/include/c++/7/cmath:418
#1  0x00005555555552c2 in predict (v=22) at lreg.cpp:77
#2  0x000055555555551d in partialDerivate (pos=3) at lreg.cpp:107
#3  0x0000555555555670 in adjust () at lreg.cpp:123
#4  0x0000555555555881 in train (iterations=90000, N=4, stopsWhenStable=true) at lreg.cpp:159
#5  0x0000555555555dba in main (argc=3, argv=0x7fffffffde68) at lreg.cpp:225

413	    inline _GLIBCXX_CONSTEXPR
414	    typename __gnu_cxx::__promote_2<_Tp, _Up>::__type
415	    pow(_Tp __x, _Up __y)
416	    {
417	      typedef typename __gnu_cxx::__promote_2<_Tp, _Up>::__type __type;
418	      return pow(__type(__x), __type(__y));
419	    }
420	
421	  using ::sin;
422	

Backtrace END
Memory content before bitflip:0x040x000x000x00
Fault Model: Single bit-flip
base address to flip value: 0x7fffffffd914
address max offset: 4
Memory content after  bitflip:0x0c0x000x000x00
frame name: main
symbol name: N
symbol filename: lreg.cpp
symbol line: 203
value: 12
value address: 0x7fffffffd914
Type: The type is an integer type.
Type sizeof: 4

[INFO -- 2018-10-08 18:59:17]
Fault Injection Successful after 4.790777921676636s
[INFO -- 2018-10-08 18:59:26]
event type: exit
[INFO -- 2018-10-08 18:59:26]
exit code: 0
