[INFO -- 2018-10-13 15:08:03]
Starting flip_value script
version: 1.1
[INFO -- 2018-10-13 15:08:03]
Initialization strings:
[INFO -- 2018-10-13 15:08:03]
(1) file /tmp/lreg/lreg
[INFO -- 2018-10-13 15:08:03]
(2) set args /tmp/lreg/randInput /tmp/lreg/output
[INFO -- 2018-10-13 15:08:03]
initSignal:0
[INFO -- 2018-10-13 15:08:03]
endSignal:10
[INFO -- 2018-10-13 15:08:03]
faultModel:2
[INFO -- 2018-10-13 15:08:04]
Backtrace BEGIN:
#0  0x000055555555550f in partialDerivate (pos=1) at lreg.cpp:107
#1  0x0000555555555670 in adjust () at lreg.cpp:123
#2  0x0000555555555881 in train (iterations=30000, N=2, stopsWhenStable=true) at lreg.cpp:159
#3  0x0000555555555dba in main (argc=3, argv=0x7fffffffde68) at lreg.cpp:225

102		double pD = 0;
103		for(UINT i1 = 0, i2 = 0, i3 = 0; 
104			selectTriUInt(i1, i2, i3)<x.size(); 
105			i1++, i2++, i3++)
106		{
107			pD += ((predict(x[selectTriUInt(i1, i2, i3)]) - y[selectTriUInt(i1, i2, i3)])*pow(x[selectTriUInt(i1, i2, i3)], pos));	
108		}
109		pD *= (2.0/x.size());
110		return pD;
111	}

Backtrace END
Fliping value of field: std::_Vector_base<double, std::allocator<double> >
Fliping value of field: _M_impl
Fliping value of field: _M_start
Fliping a bit of the value pointed by a pointer
Memory content before bitflip:0x000x000x000x000x000x000xf00xbf
Fault Model: Random bit-flip
base address to flip value: 0x5555557713b0
address max offset: 8
Memory content after  bitflip:0x2f0x320xc90x460x080x690x7d0x3f
frame name: train
symbol name: y
symbol filename: lreg.cpp
symbol line: 42
value: std::vector of length 8, capacity 8 = {0.0071802447606157801, -1, -1, -1, -1, -1, -1, -1}
value address: 0x55555575a160 <y>
Type: The type is a structure.
Type sizeof: 24
Field name: std::_Vector_base<double, std::allocator<double> >
Field Type: The type is a structure.
Field Type sizeof: 24

[INFO -- 2018-10-13 15:08:04]
Fault Injection Successful after 1.0923264026641846s
[INFO -- 2018-10-13 15:08:12]
event type: exit
[INFO -- 2018-10-13 15:08:12]
exit code: 0
