[INFO -- 2018-09-30 17:59:39]
Starting flip_value script
version: 1.1
[INFO -- 2018-09-30 17:59:39]
Initialization strings:
[INFO -- 2018-09-30 17:59:39]
(1) file /tmp/lreg/lreg
[INFO -- 2018-09-30 17:59:39]
(2) set args /tmp/lreg/randInput /tmp/lreg/output
[INFO -- 2018-09-30 17:59:39]
initSignal:0
[INFO -- 2018-09-30 17:59:39]
endSignal:30
[INFO -- 2018-09-30 17:59:39]
faultModel:2
[INFO -- 2018-09-30 17:59:46]
Backtrace BEGIN:
#0  0x00007ffff76d55d4 in __ieee754_pow_sse2 (x=-31, y=0) at ../sysdeps/ieee754/dbl-64/e_pow.c:83
#1  0x00007ffff76b7b14 in __pow (x=-31, y=0) at w_pow_compat.c:30
#2  0x000055555555669c in std::pow<double, unsigned int> (__x=-31, __y=0) at /usr/include/c++/7/cmath:418
#3  0x0000555555555272 in predict (v=-31) at lreg.cpp:57
#4  0x000055555555557d in partialDerivate (pos=1) at lreg.cpp:106
#5  0x000055555555567d in adjust (alpha=2.2222199999999999e-05) at lreg.cpp:119
#6  0x0000555555555822 in train (iterations=90000, alpha=2.2222199999999999e-05, N=4, stopsWhenStable=true) at lreg.cpp:152
#7  0x0000555555555d59 in lreg (input=0x7fffffffe210 "/tmp/lreg/randInput", output=0x7fffffffe224 "/tmp/lreg/output") at lreg.cpp:205
#8  0x00005555555564e2 in main (argc=3, argv=0x7fffffffde68) at lreg.cpp:276

78	../sysdeps/ieee754/dbl-64/e_pow.c: No such file or directory.

Backtrace END
Memory content before bitflip:0x000x000x000x000x000x000x000x00
Fault Model: Random bit-flip
base address to flip value: 0x7fffffffd5a8
address max offset: 8
Memory content after  bitflip:0x500xea0x550x100x160xf10xec0x6e
frame name: predict
symbol name: val1
symbol filename: lreg.cpp
symbol line: 53
value: 2.1425523520191413e+226
value address: 0x7fffffffd5a8
Type: A floating point type.
Type sizeof: 8

[INFO -- 2018-09-30 17:59:46]
Fault Injection Successful after 7.3814287185668945s
[INFO -- 2018-09-30 18:00:04]
event type: exit
[INFO -- 2018-09-30 18:00:04]
exit code: 0
