[INFO -- 2018-10-12 16:42:53]
Starting flip_value script
version: 1.1
[INFO -- 2018-10-12 16:42:53]
Initialization strings:
[INFO -- 2018-10-12 16:42:53]
(1) file /tmp/lreg/lreg
[INFO -- 2018-10-12 16:42:53]
(2) set args /tmp/lreg/randInput /tmp/lreg/output
[INFO -- 2018-10-12 16:42:53]
initSignal:0
[INFO -- 2018-10-12 16:42:53]
endSignal:10
[INFO -- 2018-10-12 16:42:53]
faultModel:0
[INFO -- 2018-10-12 16:42:58]
Backtrace BEGIN:
#0  selectTriUInt (a=1076887552, b=0, c=3) at lreg.cpp:47
#1  0x00005555555554cd in partialDerivate (pos=3) at lreg.cpp:104
#2  0x0000555555555670 in adjust () at lreg.cpp:123
#3  0x0000555555555881 in train (iterations=90000, N=4, stopsWhenStable=true) at lreg.cpp:159
#4  0x0000555555555dba in main (argc=3, argv=0x7fffffffde68) at lreg.cpp:225

42	vector<double> y; // observed values of training set inputs
43	vector<double> T; // the adjustment variables
44	
45	double a1, a2, a3; // triplication of alpha
46	
47	UINT selectTriUInt(UINT a, UINT b, UINT c){
48		return (a == b)? a : c;
49	}
50	double selectTriDouble(double a, double b, double c){
51		return (a == b)? a : c;

Backtrace END
Memory content before bitflip:0x8c0x470x000x00
Fault Model: Single bit-flip
base address to flip value: 0x7fffffffd818
address max offset: 4
Memory content after  bitflip:0x8c0x460x000x00
frame name: train
symbol name: i2
symbol filename: lreg.cpp
symbol line: 154
value: 18060
value address: 0x7fffffffd818
Type: The type is an integer type.
Type sizeof: 4

[INFO -- 2018-10-12 16:42:58]
Fault Injection Successful after 5.009255647659302s
[INFO -- 2018-10-12 16:43:05]
event type: exit
[INFO -- 2018-10-12 16:43:05]
exit code: 0
