[INFO -- 2018-10-12 15:08:53]
Starting flip_value script
version: 1.1
[INFO -- 2018-10-12 15:08:53]
Initialization strings:
[INFO -- 2018-10-12 15:08:53]
(1) file /tmp/lreg/lreg
[INFO -- 2018-10-12 15:08:53]
(2) set args /tmp/lreg/randInput /tmp/lreg/output
[INFO -- 2018-10-12 15:08:53]
initSignal:0
[INFO -- 2018-10-12 15:08:53]
endSignal:10
[INFO -- 2018-10-12 15:08:53]
faultModel:1
[INFO -- 2018-10-12 15:08:56]
Backtrace BEGIN:
#0  __exp1 (x=<optimized out>, xx=<optimized out>, error=<optimized out>) at ../sysdeps/ieee754/dbl-64/e_exp.c:280
#1  0x00007ffff76d58dc in __ieee754_pow_sse2 (x=29, y=3) at ../sysdeps/ieee754/dbl-64/e_pow.c:115
#2  0x00007ffff76b7b14 in __pow (x=29, y=3) at w_pow_compat.c:30
#3  0x00005555555560ba in std::pow<double, unsigned int> (__x=29, __y=3) at /usr/include/c++/7/cmath:418
#4  0x0000555555555590 in partialDerivate (pos=3) at lreg.cpp:107
#5  0x0000555555555670 in adjust () at lreg.cpp:123
#6  0x0000555555555881 in train (iterations=90000, N=4, stopsWhenStable=true) at lreg.cpp:159
#7  0x0000555555555dba in main (argc=3, argv=0x7fffffffde68) at lreg.cpp:225

275	../sysdeps/ieee754/dbl-64/e_exp.c: No such file or directory.

Backtrace END
Memory content before bitflip:0xb40x400x730x7a0xcf0xc60xd50xc1
Fault Model: Double bit-flip
base address to flip value: 0x7fffffffd788
address max offset: 8
Memory content after  bitflip:0xac0x400x730x7a0xcf0xc60xd50xc1
frame name: partialDerivate
symbol name: pD
symbol filename: lreg.cpp
symbol line: 102
value: -1461403113.8008223
value address: 0x7fffffffd788
Type: A floating point type.
Type sizeof: 8

[INFO -- 2018-10-12 15:08:56]
Fault Injection Successful after 3.0622427463531494s
[INFO -- 2018-10-12 15:09:04]
event type: exit
[INFO -- 2018-10-12 15:09:04]
exit code: 0
