[INFO -- 2018-09-15 23:29:35]
Starting flip_value script
version: 1.1
[INFO -- 2018-09-15 23:29:35]
Initialization strings:
[INFO -- 2018-09-15 23:29:35]
(1) file /tmp/lreg/lreg
[INFO -- 2018-09-15 23:29:35]
(2) set args /tmp/lreg/randInput /tmp/lreg/output
[INFO -- 2018-09-15 23:29:35]
initSignal:0
[INFO -- 2018-09-15 23:29:35]
endSignal:2
[INFO -- 2018-09-15 23:29:35]
faultModel:0
[EXCEPTION -- 2018-09-15 23:29:36]
gdbException: Attempt to dereference a generic pointer.
[INFO -- 2018-09-15 23:29:36]
Backtrace BEGIN:
#0  0x0000555555555ee8 in std::vector<double, std::allocator<double> >::size (this=0x55555575a180 <T>) at /usr/include/c++/7/bits/stl_vector.h:671
#1  0x00005555555551f9 in predict (v=13) at lreg.cpp:49
#2  0x00005555555553fc in partialDerivate (pos=1) at lreg.cpp:74
#3  0x0000555555555503 in adjust (alpha=0.00020000000000000001) at lreg.cpp:87
#4  0x00005555555556ac in train (iterations=30000, alpha=0.00020000000000000001, N=2, stopsWhenStable=true) at lreg.cpp:120
#5  0x0000555555555c26 in main (argc=3, argv=0x7fffffffde68) at lreg.cpp:182

666	
667	      // [23.2.4.2] capacity
668	      /**  Returns the number of elements in the %vector.  */
669	      size_type
670	      size() const _GLIBCXX_NOEXCEPT
671	      { return size_type(this->_M_impl._M_finish - this->_M_impl._M_start); }
672	
673	      /**  Returns the size() of the largest possible %vector.  */
674	      size_type
675	      max_size() const _GLIBCXX_NOEXCEPT

Backtrace END
Memory content before bitflip:0xa20x870x370xce0x460x7c0x5f0x3f
Fault Model: Single bit-flip
base address to flip value: 0x7fffffffd840
address max offset: 8
Memory content after  bitflip:0xa20x870x370xce0x460x780x5f0x3f
frame name: train
symbol name: bestMSE
symbol filename: lreg.cpp
symbol line: 116
value: 0.001920766016035171
value address: 0x7fffffffd840
Type: A floating point type.
Type sizeof: 8

[INFO -- 2018-09-15 23:29:36]
Fault Injection Successful after 1.626084566116333s
[INFO -- 2018-09-15 23:29:43]
event type: exit
[INFO -- 2018-09-15 23:29:43]
exit code: 0
