[INFO -- 2018-11-02 00:39:22]
Starting flip_value script
version: 1.1
[INFO -- 2018-11-02 00:39:22]
Initialization strings:
[INFO -- 2018-11-02 00:39:22]
(1) file /tmp/lreg/lreg
[INFO -- 2018-11-02 00:39:22]
(2) set args /tmp/lreg/randInput /tmp/lreg/output /tmp/lreg/detected.log
[INFO -- 2018-11-02 00:39:22]
initSignal:0
[INFO -- 2018-11-02 00:39:22]
endSignal:10
[INFO -- 2018-11-02 00:39:22]
faultModel:1
[INFO -- 2018-11-02 00:39:24]
Backtrace BEGIN:
#0  0x00007ffff76bcb0f in __pow (x=-11, y=1) at w_pow_compat.c:30
#1  0x0000555555556131 in std::pow<double, int> (__x=-11, __y=1) at /usr/include/c++/7/cmath:418
#2  0x0000555555555237 in predict (v=-11) at lreg.cpp:50
#3  0x00005555555552ba in meanSquaredError () at lreg.cpp:61
#4  0x00005555555556b1 in train (iterations=30000, alpha=5.0000000000000002e-05, N=3, stopsWhenStable=true) at lreg.cpp:121
#5  0x0000555555555a1c in execute (input=0x7fffffffe1f3 "/tmp/lreg/randInput") at lreg.cpp:157
#6  0x0000555555555c60 in main (argc=4, argv=0x7fffffffde48) at lreg.cpp:191

25	w_pow_compat.c: No such file or directory.

Backtrace END
Memory content before bitflip:0x9d0x8e0x3f0xf10x820x940xe40x40
Fault Model: Double bit-flip
base address to flip value: 0x7fffffffd580
address max offset: 8
Memory content after  bitflip:0x9d0x8e0x3f0xf70x820x940xe40x40
frame name: train
symbol name: bestMSE
symbol filename: lreg.cpp
symbol line: 116
value: 42148.092681673566
value address: 0x7fffffffd580
Type: A floating point type.
Type sizeof: 8

[INFO -- 2018-11-02 00:39:24]
Fault Injection Successful after 2.2392890453338623s
[INFO -- 2018-11-02 00:39:33]
event type: exit
[INFO -- 2018-11-02 00:39:33]
exit code: 0
