[INFO -- 2018-11-25 20:38:31]
Starting flip_value script
version: 1.1
[INFO -- 2018-11-25 20:38:31]
Initialization strings:
[INFO -- 2018-11-25 20:38:31]
(1) file /tmp/lreg/lreg
[INFO -- 2018-11-25 20:38:31]
(2) set args /tmp/lreg/randInput /tmp/lreg/output /tmp/lreg/detected.log
[INFO -- 2018-11-25 20:38:31]
initSignal:0
[INFO -- 2018-11-25 20:38:31]
endSignal:6
[INFO -- 2018-11-25 20:38:31]
faultModel:1
[INFO -- 2018-11-25 20:38:32]
Backtrace BEGIN:
#0  0x00007ffff76da518 in __ieee754_pow_sse2 (x=13, y=1) at ../sysdeps/ieee754/dbl-64/e_pow.c:65
#1  0x00007ffff76bcb14 in __pow (x=13, y=1) at w_pow_compat.c:30
#2  0x000055555555621b in std::pow<double, int> (__x=13, __y=1) at /usr/include/c++/7/cmath:418
#3  0x0000555555555237 in predict (v=13) at lreg.cpp:50
#4  0x00005555555552ba in meanSquaredError () at lreg.cpp:61
#5  0x00005555555556b1 in train (iterations=20000, alpha=5.0000000000000002e-05, N=3, stopsWhenStable=true) at lreg.cpp:121
#6  0x0000555555555a1c in execute (input=0x7fffffffe1f1 "/tmp/lreg/randInput") at lreg.cpp:157
#7  0x0000555555555c78 in main (argc=4, argv=0x7fffffffde48) at lreg.cpp:193

60	../sysdeps/ieee754/dbl-64/e_pow.c: No such file or directory.

Backtrace END
Fliping value of field: std::_Vector_base<double, std::allocator<double> >
Fliping value of field: _M_impl
Fliping value of field: _M_end_of_storage
Fliping a bit of the pointer
Memory content before bitflip:0x680x240x770x550x550x550x000x00
Fault Model: Double bit-flip
base address to flip value: 0x55555575b190 
address max offset: 8
Memory content after  bitflip:0x680xe40x770x550x550x550x000x00
frame name: train
symbol name: T
symbol filename: lreg.cpp
symbol line: 34
value: std::vector of length 3, capacity 6147 = {0.78013200660021531, -0.027617963266640629, -2.9918111487125496}
value address: 0x55555575b180 <T>
Type: The type is a structure.
Type sizeof: 24
Field name: std::_Vector_base<double, std::allocator<double> >
Field Type: The type is a structure.
Field Type sizeof: 24

[INFO -- 2018-11-25 20:38:32]
Fault Injection Successful after 1.2825090885162354s
[INFO -- 2018-11-25 20:38:34]
event type: exit
[INFO -- 2018-11-25 20:38:34]
exit code: 0
