[INFO -- 2018-10-06 21:22:50]
Starting flip_value script
version: 1.1
[INFO -- 2018-10-06 21:22:50]
Initialization strings:
[INFO -- 2018-10-06 21:22:50]
(1) file /tmp/lreg/lreg
[INFO -- 2018-10-06 21:22:50]
(2) set args /tmp/lreg/randInput /tmp/lreg/output
[INFO -- 2018-10-06 21:22:50]
initSignal:0
[INFO -- 2018-10-06 21:22:50]
endSignal:10
[INFO -- 2018-10-06 21:22:50]
faultModel:1
[INFO -- 2018-10-06 21:22:53]
Backtrace BEGIN:
#0  0x00007ffff76d5813 in log1 (error=<synthetic pointer>, delta=<synthetic pointer>, x=3) at ../sysdeps/ieee754/dbl-64/e_pow.c:335
#1  __ieee754_pow_sse2 (x=3, y=3) at ../sysdeps/ieee754/dbl-64/e_pow.c:103
#2  0x00007ffff76d66be in __ieee754_pow_sse2 (x=<optimized out>, y=<optimized out>) at ../sysdeps/ieee754/dbl-64/e_pow.c:184
#3  0x00007ffff76b7b14 in __pow (x=-3, y=3) at w_pow_compat.c:30
#4  0x00005555555560ba in std::pow<double, unsigned int> (__x=-3, __y=3) at /usr/include/c++/7/cmath:418
#5  0x00005555555552c2 in predict (v=-3) at lreg.cpp:77
#6  0x00005555555553e9 in meanSquaredError () at lreg.cpp:91
#7  0x0000555555555886 in train (iterations=90000, N=4, stopsWhenStable=true) at lreg.cpp:160
#8  0x0000555555555dba in main (argc=3, argv=0x7fffffffde68) at lreg.cpp:225

330	../sysdeps/ieee754/dbl-64/e_pow.c: No such file or directory.

Backtrace END
Fliping value of field: std::_Vector_base<double, std::allocator<double> >
Fliping value of field: _M_impl
Fliping value of field: _M_finish
Fliping a bit of the value pointed by a pointer
Memory content before bitflip:0x000x000x000x000x000x000x000x00
Fault Model: Double bit-flip
base address to flip value: 0x555555771880
address max offset: 8
Memory content after  bitflip:0x000x060x000x000x000x000x000x00
frame name: predict
symbol name: x
symbol filename: lreg.cpp
symbol line: 41
value: std::vector of length 36, capacity 64 = {-6, 3, 15, 5, -3, 7, 5, -5, 16, -12, 13, 7, 24, -22, 8, 16, -16, 4, 24, -12, 20, -2, 13, -30, 12, 29, 14, -8, 22, 10, 32, -11, 4, 5, -3, 26}
value address: 0x55555575a140 <x>
Type: The type is a structure.
Type sizeof: 24
Field name: std::_Vector_base<double, std::allocator<double> >
Field Type: The type is a structure.
Field Type sizeof: 24

[INFO -- 2018-10-06 21:22:53]
Fault Injection Successful after 3.8939735889434814s
[INFO -- 2018-10-06 21:22:59]
event type: exit
[INFO -- 2018-10-06 21:22:59]
exit code: 0
