[INFO -- 2018-11-25 11:14:22]
Starting flip_value script
version: 1.1
[INFO -- 2018-11-25 11:14:22]
Initialization strings:
[INFO -- 2018-11-25 11:14:22]
(1) file /tmp/lreg/lreg
[INFO -- 2018-11-25 11:14:22]
(2) set args /tmp/lreg/randInput /tmp/lreg/output /tmp/lreg/detected.log
[INFO -- 2018-11-25 11:14:22]
initSignal:0
[INFO -- 2018-11-25 11:14:22]
endSignal:6
[INFO -- 2018-11-25 11:14:22]
faultModel:0
[INFO -- 2018-11-25 11:14:24]
Backtrace BEGIN:
#0  0x00007ffff76d598d in __exp1 (x=<optimized out>, xx=<optimized out>, error=<optimized out>) at ../sysdeps/ieee754/dbl-64/e_exp.c:280
#1  0x00007ffff76da8dc in __ieee754_pow_sse2 (x=7, y=3) at ../sysdeps/ieee754/dbl-64/e_pow.c:115
#2  0x00007ffff76bcb14 in __pow (x=7, y=3) at w_pow_compat.c:30
#3  0x000055555555621b in std::pow<double, int> (__x=7, __y=3) at /usr/include/c++/7/cmath:418
#4  0x0000555555555237 in predict (v=7) at lreg.cpp:50
#5  0x00005555555553fc in partialDerivate (pos=1) at lreg.cpp:74
#6  0x0000555555555503 in adjust (alpha=2.2222199999999999e-05) at lreg.cpp:87
#7  0x00005555555556ac in train (iterations=30000, alpha=2.2222199999999999e-05, N=4, stopsWhenStable=true) at lreg.cpp:120
#8  0x0000555555555a1c in execute (input=0x7fffffffe1f1 "/tmp/lreg/randInput") at lreg.cpp:157
#9  0x0000555555555c78 in main (argc=4, argv=0x7fffffffde48) at lreg.cpp:193

275	../sysdeps/ieee754/dbl-64/e_exp.c: No such file or directory.

Backtrace END
Fliping value of field name: x
Memory content before bitflip:0x000x380xfa0xfe0x420x2e0xe60x3f
Fault Model: Single bit-flip
base address to flip value: 0x7ffff7791810 
address max offset: 8
Memory content after  bitflip:0x020x380xfa0xfe0x420x2e0xe60x3f
frame name: __exp1
symbol name: ln_two1
symbol filename: ../sysdeps/ieee754/dbl-64/uexp.h
symbol line: 57
value: {i = {-17156094, 1072049730}, x = 0.69314718055989055}
value address: 0x7ffff7791810 <ln_two1>
Type: The type is a union.
Type sizeof: 8
Field name: i
Field Type: The type is an array.
Field Type sizeof: 8
Field name: x
Field Type: A floating point type.
Field Type sizeof: 8

[INFO -- 2018-11-25 11:14:24]
Fault Injection Successful after 2.5837652683258057s
[INFO -- 2018-11-25 11:14:29]
event type: exit
[INFO -- 2018-11-25 11:14:29]
exit code: 0
