[INFO -- 2018-10-06 19:29:25]
Starting flip_value script
version: 1.1
[INFO -- 2018-10-06 19:29:25]
Initialization strings:
[INFO -- 2018-10-06 19:29:25]
(1) file /tmp/lreg/lreg
[INFO -- 2018-10-06 19:29:25]
(2) set args /tmp/lreg/randInput /tmp/lreg/output
[INFO -- 2018-10-06 19:29:25]
initSignal:0
[INFO -- 2018-10-06 19:29:25]
endSignal:10
[INFO -- 2018-10-06 19:29:25]
faultModel:1
[EXCEPTION -- 2018-10-06 19:29:30]
pythonException: empty range for randrange() (0,0, 0)
[EXCEPTION -- 2018-10-06 19:29:30]
gdbException: Cannot access memory at address 0xc0555555771952
[EXCEPTION -- 2018-10-06 19:29:31]
gdbException: Cannot access memory at address 0xd45555771bb0
[INFO -- 2018-10-06 19:29:31]
event type: exit
[EXCEPTION -- 2018-10-06 19:29:31]
exit code: no exit code available
