[INFO -- 2018-11-16 11:22:15]
Starting flip_value script
version: 1.1
[INFO -- 2018-11-16 11:22:15]
Initialization strings:
[INFO -- 2018-11-16 11:22:15]
(1) file /tmp/lreg/lreg
[INFO -- 2018-11-16 11:22:15]
(2) set args /tmp/lreg/randInput /tmp/lreg/output
[INFO -- 2018-11-16 11:22:15]
initSignal:0
[INFO -- 2018-11-16 11:22:15]
endSignal:5
[INFO -- 2018-11-16 11:22:15]
faultModel:1
[INFO -- 2018-11-16 11:22:18]
Backtrace BEGIN:
#0  0x00005555555567f9 in std::pow<double, unsigned int> (__x=-8, __y=0) at /usr/include/c++/7/cmath:418
#1  0x0000555555555814 in predict (v=-8) at lreg.cpp:116
#2  0x0000555555555a53 in partialDerivate (pos1=3, pos2=3) at lreg.cpp:142
#3  0x0000555555555bbe in adjust (alpha1=2.2222199999999999e-05, alpha2=2.2222199999999999e-05) at lreg.cpp:156
#4  0x0000555555555ee0 in train (iter1=45000, iter2=45000, N=4, alpha1=2.2222199999999999e-05, alpha2=2.2222199999999999e-05, stopsWhenStable=true) at lreg.cpp:193
#5  0x0000555555556467 in main (argc=3, argv=0x7fffffffde58) at lreg.cpp:253

413	    inline _GLIBCXX_CONSTEXPR
414	    typename __gnu_cxx::__promote_2<_Tp, _Up>::__type
415	    pow(_Tp __x, _Up __y)
416	    {
417	      typedef typename __gnu_cxx::__promote_2<_Tp, _Up>::__type __type;
418	      return pow(__type(__x), __type(__y));
419	    }
420	
421	  using ::sin;
422	

Backtrace END
Memory content before bitflip:0x460x5a0xb70xf40x390x4d0xf70x3e
Fault Model: Double bit-flip
base address to flip value: 0x7fffffffd760
address max offset: 8
Memory content after  bitflip:0x460x5a0xb70xf40x390x4d0xa70x3e
frame name: adjust
symbol name: alpha2
symbol filename: lreg.cpp
symbol line: 151
value: 6.9444374999999996e-07
value address: 0x7fffffffd760
Type: A floating point type.
Type sizeof: 8

[INFO -- 2018-11-16 11:22:18]
Fault Injection Successful after 3.895705461502075s
[INFO -- 2018-11-16 11:22:19]
event type: exit
[INFO -- 2018-11-16 11:22:19]
exit code: 0
