[INFO -- 2018-11-24 18:31:40]
Starting flip_value script
version: 1.1
[INFO -- 2018-11-24 18:31:40]
Initialization strings:
[INFO -- 2018-11-24 18:31:40]
(1) file /tmp/lreg/lreg
[INFO -- 2018-11-24 18:31:40]
(2) set args /tmp/lreg/randInput /tmp/lreg/output /tmp/lreg/detected.log
[INFO -- 2018-11-24 18:31:40]
initSignal:0
[INFO -- 2018-11-24 18:31:40]
endSignal:6
[INFO -- 2018-11-24 18:31:40]
faultModel:2
[INFO -- 2018-11-24 18:31:43]
Backtrace BEGIN:
#0  0x0000555555555241 in predict (v=-12) at lreg.cpp:50
#1  0x00005555555553fc in partialDerivate (pos=1) at lreg.cpp:74
#2  0x0000555555555503 in adjust (alpha=0.00020000000000000001) at lreg.cpp:87
#3  0x00005555555556ac in train (iterations=10000, alpha=0.00020000000000000001, N=2, stopsWhenStable=true) at lreg.cpp:120
#4  0x0000555555555a1c in execute (input=0x7fffffffe1f2 "/tmp/lreg/randInput") at lreg.cpp:157
#5  0x0000555555555cb0 in main (argc=4, argv=0x7fffffffde48) at lreg.cpp:196

45		Predicts the value related to v using the Ts variables
46	*/
47	double predict(double v){
48		double val = 0;
49		for(int i = 0; i<T.size(); i++){
50			val+= (T[i] * pow(v, i));
51		}
52		return val;
53		
54	}

Backtrace END
Memory content before bitflip:0x2d0x430x1c0xeb0xe20x360x2a0x3f
Fault Model: Random bit-flip
base address to flip value: 0x7fffffffd688
address max offset: 8
Memory content after  bitflip:0xc20x0e0xab0x710x6b0xb60xa20x3a
frame name: execute
symbol name: alpha
symbol filename: lreg.cpp
symbol line: 143
value: 3.0231798587569926e-26
value address: 0x7fffffffd688
Type: A floating point type.
Type sizeof: 8

[INFO -- 2018-11-24 18:31:43]
Fault Injection Successful after 3.004455089569092s
[INFO -- 2018-11-24 18:31:44]
event type: exit
[INFO -- 2018-11-24 18:31:44]
exit code: 0
