[INFO -- 2018-11-27 16:10:25]
Starting flip_value script
version: 1.1
[INFO -- 2018-11-27 16:10:25]
Initialization strings:
[INFO -- 2018-11-27 16:10:25]
(1) file /tmp/lreg/lreg
[INFO -- 2018-11-27 16:10:25]
(2) set args /tmp/lreg/randInput /tmp/lreg/output
[INFO -- 2018-11-27 16:10:25]
initSignal:0
[INFO -- 2018-11-27 16:10:25]
endSignal:3
[INFO -- 2018-11-27 16:10:25]
faultModel:1
[INFO -- 2018-11-27 16:10:28]
Backtrace BEGIN:
#0  0x00005555555567c0 in std::vector<double, std::allocator<double> >::operator[] (this=0x1, __n=1) at /usr/include/c++/7/bits/stl_vector.h:795
#1  0x00005555555557d4 in predict (v=25) at lreg.cpp:116
#2  0x0000555555555928 in meanSquaredError () at lreg.cpp:128
#3  0x0000555555555ee5 in train (iter1=30000, iter2=30000, N=4, alpha1=2.2222199999999999e-05, alpha2=2.2222199999999999e-05, stopsWhenStable=true) at lreg.cpp:194
#4  0x0000555555556467 in main (argc=3, argv=0x7fffffffde58) at lreg.cpp:253

790	       *  Note that data access with this operator is unchecked and
791	       *  out_of_range lookups are not defined. (For checked lookups
792	       *  see at().)
793	       */
794	      reference
795	      operator[](size_type __n) _GLIBCXX_NOEXCEPT
796	      {
797		__glibcxx_requires_subscript(__n);
798		return *(this->_M_impl._M_start + __n);
799	      }

Backtrace END
Memory content before bitflip:0x0a0x000x000x00
Fault Model: Double bit-flip
base address to flip value: 0x7fffffffd784
address max offset: 4
Memory content after  bitflip:0x0a0x000x000x44
frame name: meanSquaredError
symbol name: i2
symbol filename: lreg.cpp
symbol line: 127
value: 1140850698
value address: 0x7fffffffd784
Type: The type is an integer type.
Type sizeof: 4

[INFO -- 2018-11-27 16:10:28]
Fault Injection Successful after 3.8604955673217773s
[INFO -- 2018-11-27 16:10:31]
event type: exit
[INFO -- 2018-11-27 16:10:31]
exit code: 0
