[INFO -- 2018-10-06 22:02:48]
Starting flip_value script
version: 1.1
[INFO -- 2018-10-06 22:02:48]
Initialization strings:
[INFO -- 2018-10-06 22:02:48]
(1) file /tmp/lreg/lreg
[INFO -- 2018-10-06 22:02:48]
(2) set args /tmp/lreg/randInput /tmp/lreg/output
[INFO -- 2018-10-06 22:02:48]
initSignal:0
[INFO -- 2018-10-06 22:02:48]
endSignal:10
[INFO -- 2018-10-06 22:02:48]
faultModel:1
[INFO -- 2018-10-06 22:02:52]
Backtrace BEGIN:
#0  log1 (error=<synthetic pointer>, delta=<synthetic pointer>, x=2) at ../sysdeps/ieee754/dbl-64/e_pow.c:332
#1  __ieee754_pow_sse2 (x=2, y=3) at ../sysdeps/ieee754/dbl-64/e_pow.c:103
#2  0x00007ffff76d66be in __ieee754_pow_sse2 (x=<optimized out>, y=<optimized out>) at ../sysdeps/ieee754/dbl-64/e_pow.c:184
#3  0x00007ffff76b7b14 in __pow (x=-2, y=3) at w_pow_compat.c:30
#4  0x00005555555560ba in std::pow<double, unsigned int> (__x=-2, __y=3) at /usr/include/c++/7/cmath:418
#5  0x00005555555552c2 in predict (v=-2) at lreg.cpp:77
#6  0x000055555555551d in partialDerivate (pos=2) at lreg.cpp:107
#7  0x0000555555555670 in adjust () at lreg.cpp:123
#8  0x0000555555555881 in train (iterations=90000, N=4, stopsWhenStable=true) at lreg.cpp:159
#9  0x0000555555555dba in main (argc=3, argv=0x7fffffffde68) at lreg.cpp:225

327	../sysdeps/ieee754/dbl-64/e_pow.c: No such file or directory.

Backtrace END
Memory content before bitflip:0x460x5a0xb70xf40x390x4d0xf70x3e
Fault Model: Double bit-flip
base address to flip value: 0x55555575a1a8 
address max offset: 8
Memory content after  bitflip:0x460x5a0xb70xf40x390x4d0xdf0x3e
frame name: partialDerivate
symbol name: a3
symbol filename: lreg.cpp
symbol line: 45
value: 7.4628986328124997e-06
value address: 0x55555575a1a8 <a3>
Type: A floating point type.
Type sizeof: 8

[INFO -- 2018-10-06 22:02:52]
Fault Injection Successful after 4.497429609298706s
[INFO -- 2018-10-06 22:02:57]
event type: exit
[INFO -- 2018-10-06 22:02:57]
exit code: 0
