[INFO -- 2018-11-09 11:47:01]
Starting flip_value script
version: 1.1
[INFO -- 2018-11-09 11:47:01]
Initialization strings:
[INFO -- 2018-11-09 11:47:01]
(1) file /tmp/lreg/lreg
[INFO -- 2018-11-09 11:47:01]
(2) set args /tmp/lreg/randInput /tmp/lreg/output /tmp/lreg/detected.log
[INFO -- 2018-11-09 11:47:01]
initSignal:0
[INFO -- 2018-11-09 11:47:01]
endSignal:10
[INFO -- 2018-11-09 11:47:01]
faultModel:2
[INFO -- 2018-11-09 11:47:02]
Backtrace BEGIN:
#0  0x00005555555560d7 in std::vector<double, std::allocator<double> >::size (this=0x55555575b140 <x>) at /usr/include/c++/7/bits/stl_vector.h:671
#1  0x000055555555535c in meanSquaredError () at lreg.cpp:63
#2  0x00005555555556b1 in train (iterations=30000, alpha=5.0000000000000002e-05, N=3, stopsWhenStable=true) at lreg.cpp:121
#3  0x0000555555555a1c in execute (input=0x7fffffffe1f3 "/tmp/lreg/randInput") at lreg.cpp:157
#4  0x0000555555555c60 in main (argc=4, argv=0x7fffffffde48) at lreg.cpp:191

666	
667	      // [23.2.4.2] capacity
668	      /**  Returns the number of elements in the %vector.  */
669	      size_type
670	      size() const _GLIBCXX_NOEXCEPT
671	      { return size_type(this->_M_impl._M_finish - this->_M_impl._M_start); }
672	
673	      /**  Returns the size() of the largest possible %vector.  */
674	      size_type
675	      max_size() const _GLIBCXX_NOEXCEPT

Backtrace END
Fliping value of field: std::_Vector_base<double, std::allocator<double> >
Fliping value of field: _M_impl
Fliping value of field: _M_start
Fliping a bit of the value pointed by a pointer
Memory content before bitflip:0x2a0x180x7b0xca0x4e0xbe0x1f0x40
Fault Model: Random bit-flip
base address to flip value: 0x555555772450
address max offset: 8
Memory content after  bitflip:0xab0xb80x210x810xa10x120x180x8d
frame name: execute
symbol name: T
symbol filename: lreg.cpp
symbol line: 34
value: std::vector of length 3, capacity 3 = {-1.3771769241865656e-245, 8.8369046616320031, -2.3734067934106169}
value address: 0x55555575b180 <T>
Type: The type is a structure.
Type sizeof: 24
Field name: std::_Vector_base<double, std::allocator<double> >
Field Type: The type is a structure.
Field Type sizeof: 24

[INFO -- 2018-11-09 11:47:02]
Fault Injection Successful after 1.4985039234161377s
[INFO -- 2018-11-09 11:47:09]
event type: exit
[INFO -- 2018-11-09 11:47:09]
exit code: 0
