[INFO -- 2018-11-15 15:02:35]
Starting flip_value script
version: 1.1
[INFO -- 2018-11-15 15:02:35]
Initialization strings:
[INFO -- 2018-11-15 15:02:35]
(1) file /tmp/lreg/lreg
[INFO -- 2018-11-15 15:02:35]
(2) set args /tmp/lreg/randInput /tmp/lreg/output
[INFO -- 2018-11-15 15:02:35]
initSignal:0
[INFO -- 2018-11-15 15:02:35]
endSignal:5
[INFO -- 2018-11-15 15:02:35]
faultModel:1
[INFO -- 2018-11-15 15:02:37]
Backtrace BEGIN:
#0  0x0000555555555819 in predict (v=-1) at lreg.cpp:116
#1  0x0000555555555a53 in partialDerivate (pos1=0, pos2=0) at lreg.cpp:142
#2  0x0000555555555bbe in adjust (alpha1=2.2222199999999999e-05, alpha2=2.2222199999999999e-05) at lreg.cpp:156
#3  0x0000555555555ee0 in train (iter1=45000, iter2=45000, N=4, alpha1=2.2222199999999999e-05, alpha2=2.2222199999999999e-05, stopsWhenStable=true) at lreg.cpp:193
#4  0x0000555555556467 in main (argc=3, argv=0x7fffffffde58) at lreg.cpp:253

111	*/
112	double predict(double v){
113		double val = 0;
114		
115		for(UINT i1 = 0, i2 = 0; verifyUintDup(i1, i2)<T1.size(); i1++, i2++){
116			val+= (verifyDoubleDup(T1[verifyUintDup(i1, i2)], T2[verifyUintDup(i1, i2)]) * pow(v, verifyUintDup(i1, i2)));
117		}
118		return val;
119		
120	}

Backtrace END
Fliping value of field: std::_Vector_base<double, std::allocator<double> >
Fliping value of field: _M_impl
Fliping value of field: _M_start
Fliping a bit of the value pointed by a pointer
Memory content before bitflip:0x3d0x180x9c0xd70xf40x2d0xd70xbf
Fault Model: Double bit-flip
base address to flip value: 0x555555772380
address max offset: 8
Memory content after  bitflip:0x3d0x180x9c0xd70xf40x3f0xd70xbf
frame name: train
symbol name: T1
symbol filename: lreg.cpp
symbol line: 36
value: std::vector of length 4, capacity 4 = {-0.36327858977927346, -0.077580811196933913, -4.9963001456379121, -4.9664432646428498}
value address: 0x55555575b180 <T1>
Type: The type is a structure.
Type sizeof: 24
Field name: std::_Vector_base<double, std::allocator<double> >
Field Type: The type is a structure.
Field Type sizeof: 24

[INFO -- 2018-11-15 15:02:37]
Fault Injection Successful after 2.8306801319122314s
[INFO -- 2018-11-15 15:02:41]
event type: exit
[INFO -- 2018-11-15 15:02:41]
exit code: 0
