[INFO -- 2018-11-12 14:50:36]
Starting flip_value script
version: 1.1
[INFO -- 2018-11-12 14:50:36]
Initialization strings:
[INFO -- 2018-11-12 14:50:36]
(1) file /tmp/lreg/lreg
[INFO -- 2018-11-12 14:50:36]
(2) set args /tmp/lreg/randInput /tmp/lreg/output
[INFO -- 2018-11-12 14:50:36]
initSignal:0
[INFO -- 2018-11-12 14:50:36]
endSignal:10
[INFO -- 2018-11-12 14:50:36]
faultModel:2
[EXCEPTION -- 2018-11-12 14:50:38]
pythonException: Unable to exit loop in struct fields; Exiting wihtout making a bit flip
[INFO -- 2018-11-12 14:50:38]
Backtrace BEGIN:
#0  0x000055555555522d in verifyDoubleDup (a=-3.309358952949859, b=0.97541366424641696) at lreg.cpp:70
#1  0x00005555555556bd in predict (v=4) at lreg.cpp:113
#2  0x000055555555578f in meanSquaredError () at lreg.cpp:125
#3  0x0000555555555da8 in train (iter1=30000, iter2=30000, N=3, alpha1=5.0000000000000002e-05, alpha2=5.0000000000000002e-05, stopsWhenStable=true) at lreg.cpp:191
#4  0x00005555555562e6 in main (argc=3, argv=0x7fffffffde68) at lreg.cpp:246

65			fp << "verifyUint: a = "<<a<<"; b = "<<b<<endl;
66	        detected = 1;	
67		}
68		return a;
69	}
70	double verifyDoubleDup(double a, double b){
71		if (a != b && detected != 1){
72			//gerar entrada no log
73			ofstream fp ("/tmp/lreg/detected.log", std::ofstream::app);
74			fp << "verifyDouble: a = "<<a<<"; b = "<<b<<endl;

Backtrace END
Memory content before bitflip:0x870x500x3d0x040xd90x860xec0x40
Fault Model: Random bit-flip
base address to flip value: 0x7fffffffd7a8
address max offset: 8
Memory content after  bitflip:0xb70xbe0xdb0x500x010xac0x670x28
frame name: meanSquaredError
symbol name: error
symbol filename: lreg.cpp
symbol line: 122
value: 4.8062314310259929e-114
value address: 0x7fffffffd7a8
Type: A floating point type.
Type sizeof: 8

[INFO -- 2018-11-12 14:50:38]
Fault Injection Successful after 2.7597742080688477s
[INFO -- 2018-11-12 14:50:51]
event type: exit
[INFO -- 2018-11-12 14:50:51]
exit code: 0
