[INFO -- 2018-11-15 15:22:52]
Starting flip_value script
version: 1.1
[INFO -- 2018-11-15 15:22:52]
Initialization strings:
[INFO -- 2018-11-15 15:22:52]
(1) file /tmp/lreg/lreg
[INFO -- 2018-11-15 15:22:52]
(2) set args /tmp/lreg/randInput /tmp/lreg/output
[INFO -- 2018-11-15 15:22:52]
initSignal:0
[INFO -- 2018-11-15 15:22:52]
endSignal:5
[INFO -- 2018-11-15 15:22:52]
faultModel:1
[INFO -- 2018-11-15 15:22:54]
Backtrace BEGIN:
#0  verifyDoubleDup (a=-4.9950846880289452, b=-4.9950846880289452) at lreg.cpp:70
#1  0x00005555555557ea in predict (v=-4) at lreg.cpp:116
#2  0x0000555555555a53 in partialDerivate (pos1=2, pos2=2) at lreg.cpp:142
#3  0x0000555555555bbe in adjust (alpha1=2.2222199999999999e-05, alpha2=2.2222199999999999e-05) at lreg.cpp:156
#4  0x0000555555555ee0 in train (iter1=45000, iter2=45000, N=4, alpha1=2.2222199999999999e-05, alpha2=2.2222199999999999e-05, stopsWhenStable=true) at lreg.cpp:193
#5  0x0000555555556467 in main (argc=3, argv=0x7fffffffde58) at lreg.cpp:253

65			fp << "verifyUint: a = "<<a<<"; b = "<<b<<endl;
66	        detected = 1;	
67		}
68		return a;
69	}
70	double verifyDoubleDup(double a, double b){
71		if (a != b && detected != 1){
72			//gerar entrada no log
73			ofstream fp ("/tmp/lreg/detected.log", std::ofstream::app);
74			fp << "verifyDouble: a = "<<a<<"; b = "<<b<<endl;

Backtrace END
Memory content before bitflip:0x040x000x000x00
Fault Model: Double bit-flip
base address to flip value: 0x7fffffffd724
address max offset: 4
Memory content after  bitflip:0x040x600x000x00
frame name: partialDerivate
symbol name: i2
symbol filename: lreg.cpp
symbol line: 141
value: 24580
value address: 0x7fffffffd724
Type: The type is an integer type.
Type sizeof: 4

[INFO -- 2018-11-15 15:22:54]
Fault Injection Successful after 2.306999444961548s
[INFO -- 2018-11-15 15:22:56]
event type: exit
[INFO -- 2018-11-15 15:22:56]
exit code: 0
