[INFO -- 2018-11-23 16:40:54]
Starting flip_value script
version: 1.1
[INFO -- 2018-11-23 16:40:54]
Initialization strings:
[INFO -- 2018-11-23 16:40:54]
(1) file /tmp/lreg/lreg
[INFO -- 2018-11-23 16:40:54]
(2) set args /tmp/lreg/randInput /tmp/lreg/output
[INFO -- 2018-11-23 16:40:54]
initSignal:0
[INFO -- 2018-11-23 16:40:54]
endSignal:3
[INFO -- 2018-11-23 16:40:54]
faultModel:0
[INFO -- 2018-11-23 16:40:56]
Backtrace BEGIN:
#0  0x00007ffff76daa2d in __ieee754_pow_sse2 (x=<optimized out>, y=<optimized out>) at ../sysdeps/ieee754/dbl-64/e_pow.c:215
#1  0x00007ffff76bcb14 in __pow (x=-18, y=1) at w_pow_compat.c:30
#2  0x0000555555555d5f in std::pow<double, int> (__x=-18, __y=1) at /usr/include/c++/7/cmath:418
#3  0x0000555555555401 in partialDerivate (pos=1) at lreg.cpp:74
#4  0x00005555555554b3 in adjust (alpha=2.2222199999999999e-05) at lreg.cpp:87
#5  0x000055555555565c in train (iterations=30000, alpha=2.2222199999999999e-05, N=4, stopsWhenStable=true) at lreg.cpp:120
#6  0x0000555555555ab7 in main (argc=3, argv=0x7fffffffde58) at lreg.cpp:174

210	../sysdeps/ieee754/dbl-64/e_pow.c: No such file or directory.

Backtrace END
Memory content before bitflip:0xcd0xb70xf60xdc0x750x050x0a0x41
Fault Model: Single bit-flip
base address to flip value: 0x7fffffffd830
address max offset: 8
Memory content after  bitflip:0xcd0xb70xf60xcc0x750x050x0a0x41
frame name: train
symbol name: bestMSE
symbol filename: lreg.cpp
symbol line: 116
value: 213166.72507995219
value address: 0x7fffffffd830
Type: A floating point type.
Type sizeof: 8

[INFO -- 2018-11-23 16:40:56]
Fault Injection Successful after 2.896247148513794s
[INFO -- 2018-11-23 16:40:58]
event type: exit
[INFO -- 2018-11-23 16:40:58]
exit code: 0
