[INFO -- 2018-11-16 13:50:06]
Starting flip_value script
version: 1.1
[INFO -- 2018-11-16 13:50:06]
Initialization strings:
[INFO -- 2018-11-16 13:50:06]
(1) file /tmp/lreg/lreg
[INFO -- 2018-11-16 13:50:06]
(2) set args /tmp/lreg/randInput /tmp/lreg/output
[INFO -- 2018-11-16 13:50:06]
initSignal:0
[INFO -- 2018-11-16 13:50:06]
endSignal:5
[INFO -- 2018-11-16 13:50:06]
faultModel:0
[EXCEPTION -- 2018-11-16 13:50:09]
pythonException: empty range for randrange() (0,0, 0)
[INFO -- 2018-11-16 13:50:13]
event type: exit
[INFO -- 2018-11-16 13:50:13]
exit code: 0
