[INFO -- 2018-11-26 20:07:22]
Starting flip_value script
version: 1.1
[INFO -- 2018-11-26 20:07:22]
Initialization strings:
[INFO -- 2018-11-26 20:07:22]
(1) file /tmp/lreg/lreg
[INFO -- 2018-11-26 20:07:22]
(2) set args /tmp/lreg/randInput /tmp/lreg/output
[INFO -- 2018-11-26 20:07:22]
initSignal:0
[INFO -- 2018-11-26 20:07:22]
endSignal:3
[INFO -- 2018-11-26 20:07:22]
faultModel:1
[INFO -- 2018-11-26 20:07:23]
Backtrace BEGIN:
#0  0x000055555555510c in verifyUintDup (a=0, b=4) at lreg.cpp:61
#1  0x000055555555576f in predict (v=-2) at lreg.cpp:115
#2  0x0000555555555928 in meanSquaredError () at lreg.cpp:128
#3  0x0000555555555ee5 in train (iter1=30000, iter2=30000, N=4, alpha1=2.2222199999999999e-05, alpha2=2.2222199999999999e-05, stopsWhenStable=true) at lreg.cpp:194
#4  0x0000555555556467 in main (argc=3, argv=0x7fffffffde58) at lreg.cpp:253

56	*/
57	
58	int detected = 0;
59	
60	
61	UINT verifyUintDup(UINT a, UINT b){
62		if (a != b && detected != 1){
63			//gerar entrada no log
64			ofstream fp ("/tmp/lreg/detected.log", std::ofstream::app);
65			fp << "verifyUint: a = "<<a<<"; b = "<<b<<endl;

Backtrace END
Fliping value of field: std::_Vector_base<double, std::allocator<double> >
Fliping value of field: _M_impl
Fliping value of field: _M_finish
Fliping a bit of the value pointed by a pointer
Memory content before bitflip:0x000x000x000x000x000x000x000x00
Fault Model: Double bit-flip
base address to flip value: 0x555555772698
address max offset: 8
Memory content after  bitflip:0x240x000x000x000x000x000x000x00
frame name: verifyUintDup
symbol name: x
symbol filename: lreg.cpp
symbol line: 34
value: std::vector of length 17, capacity 32 = {-15, -9, -1, 29, 5, -18, 31, -16, -18, -28, 25, -14, 7, -2, -17, 21, -20}
value address: 0x55555575b140 <x>
Type: The type is a structure.
Type sizeof: 24
Field name: std::_Vector_base<double, std::allocator<double> >
Field Type: The type is a structure.
Field Type sizeof: 24

[INFO -- 2018-11-26 20:07:23]
Fault Injection Successful after 1.2089128494262695s
[INFO -- 2018-11-26 20:07:24]
event type: exit
[INFO -- 2018-11-26 20:07:24]
exit code: 0
