[INFO -- 2018-11-27 21:37:23]
Starting flip_value script
version: 1.1
[INFO -- 2018-11-27 21:37:23]
Initialization strings:
[INFO -- 2018-11-27 21:37:23]
(1) file /tmp/lreg/lreg
[INFO -- 2018-11-27 21:37:23]
(2) set args /tmp/lreg/randInput /tmp/lreg/output
[INFO -- 2018-11-27 21:37:23]
initSignal:0
[INFO -- 2018-11-27 21:37:23]
endSignal:3
[INFO -- 2018-11-27 21:37:23]
faultModel:1
[INFO -- 2018-11-27 21:37:25]
Backtrace BEGIN:
#0  0x0000555555556814 in std::pow<double, unsigned int> (__x=-28, __y=2) at /usr/include/c++/7/cmath:418
#1  0x0000555555555814 in predict (v=-28) at lreg.cpp:116
#2  0x0000555555555928 in meanSquaredError () at lreg.cpp:128
#3  0x0000555555555ee5 in train (iter1=30000, iter2=30000, N=4, alpha1=2.2222199999999999e-05, alpha2=2.2222199999999999e-05, stopsWhenStable=true) at lreg.cpp:194
#4  0x0000555555556467 in main (argc=3, argv=0x7fffffffde58) at lreg.cpp:253

413	    inline _GLIBCXX_CONSTEXPR
414	    typename __gnu_cxx::__promote_2<_Tp, _Up>::__type
415	    pow(_Tp __x, _Up __y)
416	    {
417	      typedef typename __gnu_cxx::__promote_2<_Tp, _Up>::__type __type;
418	      return pow(__type(__x), __type(__y));
419	    }
420	
421	  using ::sin;
422	

Backtrace END
Memory content before bitflip:0x000x000x000x00
Fault Model: Double bit-flip
base address to flip value: 0x55555575b1b8 
address max offset: 4
Memory content after  bitflip:0x480x000x000x00
frame name: std::pow<double, unsigned int>
symbol name: detected
symbol filename: lreg.cpp
symbol line: 58
value: 72
value address: 0x55555575b1b8 <detected>
Type: The type is an integer type.
Type sizeof: 4

[INFO -- 2018-11-27 21:37:25]
Fault Injection Successful after 2.7365381717681885s
[INFO -- 2018-11-27 21:37:27]
event type: exit
[INFO -- 2018-11-27 21:37:27]
exit code: 0
