[INFO -- 2018-11-26 15:51:40]
Starting flip_value script
version: 1.1
[INFO -- 2018-11-26 15:51:40]
Initialization strings:
[INFO -- 2018-11-26 15:51:40]
(1) file /tmp/lreg/lreg
[INFO -- 2018-11-26 15:51:40]
(2) set args /tmp/lreg/randInput /tmp/lreg/output
[INFO -- 2018-11-26 15:51:40]
initSignal:0
[INFO -- 2018-11-26 15:51:40]
endSignal:3
[INFO -- 2018-11-26 15:51:40]
faultModel:0
[INFO -- 2018-11-26 15:51:41]
Backtrace BEGIN:
#0  0x00005555555557dc in predict (v=-4) at lreg.cpp:116
#1  0x00005555555558c0 in meanSquaredError () at lreg.cpp:128
#2  0x0000555555555ee5 in train (iter1=20000, iter2=20000, N=3, alpha1=5.0000000000000002e-05, alpha2=5.0000000000000002e-05, stopsWhenStable=true) at lreg.cpp:194
#3  0x0000555555556467 in main (argc=3, argv=0x7fffffffde58) at lreg.cpp:253

111	*/
112	double predict(double v){
113		double val = 0;
114		
115		for(UINT i1 = 0, i2 = 0; verifyUintDup(i1, i2)<T1.size(); i1++, i2++){
116			val+= (verifyDoubleDup(T1[verifyUintDup(i1, i2)], T2[verifyUintDup(i1, i2)]) * pow(v, verifyUintDup(i1, i2)));
117		}
118		return val;
119		
120	}

Backtrace END
Memory content before bitflip:0x000x000x000x000x000x000x000x00
Fault Model: Single bit-flip
base address to flip value: 0x7fffffffd788
address max offset: 8
Memory content after  bitflip:0x000x000x400x000x000x000x000x00
frame name: meanSquaredError
symbol name: error
symbol filename: lreg.cpp
symbol line: 125
value: 2.0722615146145237e-317
value address: 0x7fffffffd788
Type: A floating point type.
Type sizeof: 8

[INFO -- 2018-11-26 15:51:41]
Fault Injection Successful after 1.2319815158843994s
[INFO -- 2018-11-26 15:51:43]
event type: exit
[INFO -- 2018-11-26 15:51:43]
exit code: 0
