[INFO -- 2018-09-05 19:16:06]
Starting flip_value script
version: 1.1
[INFO -- 2018-09-05 19:16:06]
Initialization strings:
[INFO -- 2018-09-05 19:16:06]
(1) file /tmp/lreg/lreg
[INFO -- 2018-09-05 19:16:06]
(2) set args /tmp/lreg/randInput /tmp/lreg/output
[INFO -- 2018-09-05 19:16:06]
initSignal:0
[INFO -- 2018-09-05 19:16:06]
endSignal:2
[INFO -- 2018-09-05 19:16:06]
faultModel:2
[INFO -- 2018-09-05 19:16:08]
Backtrace BEGIN:
#0  0x00007ffff76d5567 in __ieee754_pow_sse2 (x=-12, y=2) at ../sysdeps/ieee754/dbl-64/e_pow.c:76
#1  0x00007ffff76b7b14 in __pow (x=-12, y=2) at w_pow_compat.c:30
#2  0x0000555555555f39 in std::pow<double, int> (__x=-12, __y=2) at /usr/include/c++/7/cmath:418
#3  0x0000555555555451 in partialDerivate (pos=2) at lreg.cpp:74
#4  0x0000555555555503 in adjust (alpha=5.0000000000000002e-05) at lreg.cpp:87
#5  0x00005555555556ac in train (iterations=60000, alpha=5.0000000000000002e-05, N=3, stopsWhenStable=true) at lreg.cpp:120
#6  0x0000555555555c26 in main (argc=3, argv=0x7fffffffde78) at lreg.cpp:182

71	../sysdeps/ieee754/dbl-64/e_pow.c: No such file or directory.

Backtrace END
Memory content before bitflip:0xcb0x5f0xad0x140x030x9e0x5a0x40
Fault Model: Random bit-flip
base address to flip value: 0x7fffffffd858
address max offset: 8
Memory content after  bitflip:0xd80x670x790xa20x9e0x3a0x380xa4
frame name: train
symbol name: MSE
symbol filename: lreg.cpp
symbol line: 117
value: -3.3334744370385667e-134
value address: 0x7fffffffd858
Type: A floating point type.
Type sizeof: 8

[INFO -- 2018-09-05 19:16:08]
Fault Injection Successful after 2.1805782318115234s
[INFO -- 2018-09-05 19:16:16]
event type: exit
[INFO -- 2018-09-05 19:16:16]
exit code: 0
