[INFO -- 2018-11-29 13:24:33]
Starting flip_value script
version: 1.1
[INFO -- 2018-11-29 13:24:33]
Initialization strings:
[INFO -- 2018-11-29 13:24:33]
(1) file /tmp/lreg/lreg
[INFO -- 2018-11-29 13:24:33]
(2) set args /tmp/lreg/randInput /tmp/lreg/output /tmp/lreg/detected.log
[INFO -- 2018-11-29 13:24:33]
initSignal:0
[INFO -- 2018-11-29 13:24:33]
endSignal:6
[INFO -- 2018-11-29 13:24:33]
faultModel:1
[INFO -- 2018-11-29 13:24:35]
Backtrace BEGIN:
#0  0x00005555555561ae in std::vector<double, std::allocator<double> >::size (this=0xc031000000000000) at /usr/include/c++/7/bits/stl_vector.h:670
#1  0x00005555555553c9 in partialDerivate (pos=0) at lreg.cpp:73
#2  0x0000555555555503 in adjust (alpha=2.2222199999999999e-05) at lreg.cpp:87
#3  0x00005555555556ac in train (iterations=30000, alpha=2.2222199999999999e-05, N=4, stopsWhenStable=true) at lreg.cpp:120
#4  0x0000555555555a1c in execute (input=0x7fffffffe1f1 "/tmp/lreg/randInput") at lreg.cpp:157
#5  0x0000555555555c78 in main (argc=4, argv=0x7fffffffde48) at lreg.cpp:193

665	#endif
666	
667	      // [23.2.4.2] capacity
668	      /**  Returns the number of elements in the %vector.  */
669	      size_type
670	      size() const _GLIBCXX_NOEXCEPT
671	      { return size_type(this->_M_impl._M_finish - this->_M_impl._M_start); }
672	
673	      /**  Returns the size() of the largest possible %vector.  */
674	      size_type

Backtrace END
Fliping value of field: std::_Vector_base<double, std::allocator<double> >
Fliping value of field: _M_impl
Fliping value of field: _M_start
Fliping a bit of the value pointed by a pointer
Memory content before bitflip:0x250x530x440xb20x4c0xa40xca0x3f
Fault Model: Double bit-flip
base address to flip value: 0x555555772380
address max offset: 8
Memory content after  bitflip:0x250x530x500xb20x4c0xa40xca0x3f
frame name: std::vector<double, std::allocator<double> >::size
symbol name: T
symbol filename: lreg.cpp
symbol line: 34
value: std::vector of length 4, capacity 4 = {0.20813902575232493, -1.0126049779917714, -1.9553635550317718, -4.044799921692773}
value address: 0x55555575b180 <T>
Type: The type is a structure.
Type sizeof: 24
Field name: std::_Vector_base<double, std::allocator<double> >
Field Type: The type is a structure.
Field Type sizeof: 24

[INFO -- 2018-11-29 13:24:35]
Fault Injection Successful after 2.562819480895996s
[INFO -- 2018-11-29 13:24:37]
event type: exit
[INFO -- 2018-11-29 13:24:37]
exit code: 0
