[INFO -- 2018-11-09 14:02:16]
Starting flip_value script
version: 1.1
[INFO -- 2018-11-09 14:02:16]
Initialization strings:
[INFO -- 2018-11-09 14:02:16]
(1) file /tmp/lreg/lreg
[INFO -- 2018-11-09 14:02:16]
(2) set args /tmp/lreg/randInput /tmp/lreg/output /tmp/lreg/detected.log
[INFO -- 2018-11-09 14:02:16]
initSignal:0
[INFO -- 2018-11-09 14:02:16]
endSignal:10
[INFO -- 2018-11-09 14:02:16]
faultModel:2
[INFO -- 2018-11-09 14:02:21]
Backtrace BEGIN:
#0  std::vector<double, std::allocator<double> >::operator[] (this=0x55555575b180 <T>, __n=4294967297) at /usr/include/c++/7/bits/stl_vector.h:795
#1  0x0000555555555217 in predict (v=-30) at lreg.cpp:50
#2  0x00005555555553fc in partialDerivate (pos=2) at lreg.cpp:74
#3  0x0000555555555503 in adjust (alpha=2.2222199999999999e-05) at lreg.cpp:87
#4  0x00005555555556ac in train (iterations=45000, alpha=2.2222199999999999e-05, N=4, stopsWhenStable=true) at lreg.cpp:120
#5  0x0000555555555a1c in execute (input=0x7fffffffe1f3 "/tmp/lreg/randInput") at lreg.cpp:157
#6  0x0000555555555c98 in main (argc=4, argv=0x7fffffffde48) at lreg.cpp:194

790	       *  Note that data access with this operator is unchecked and
791	       *  out_of_range lookups are not defined. (For checked lookups
792	       *  see at().)
793	       */
794	      reference
795	      operator[](size_type __n) _GLIBCXX_NOEXCEPT
796	      {
797		__glibcxx_requires_subscript(__n);
798		return *(this->_M_impl._M_start + __n);
799	      }

Backtrace END
Fliping value of field: std::_Vector_base<double, std::allocator<double> >
Fliping value of field: _M_impl
Fliping value of field: _M_finish
Fliping a bit of the value pointed by a pointer
Memory content before bitflip:0x000x000x000x000x000x000x000x00
Fault Model: Random bit-flip
base address to flip value: 0x5555557723a0
address max offset: 8
Memory content after  bitflip:0xc00x410x0b0xac0x1f0x3b0x0e0x5f
frame name: main
symbol name: T
symbol filename: lreg.cpp
symbol line: 34
value: std::vector of length 4, capacity 4 = {-0.040553733638967818, 1.907824314445087, -2.0613426943669109, -0.015593268603539205}
value address: 0x55555575b180 <T>
Type: The type is a structure.
Type sizeof: 24
Field name: std::_Vector_base<double, std::allocator<double> >
Field Type: The type is a structure.
Field Type sizeof: 24

[INFO -- 2018-11-09 14:02:21]
Fault Injection Successful after 5.504425764083862s
[INFO -- 2018-11-09 14:02:23]
event type: exit
[INFO -- 2018-11-09 14:02:23]
exit code: 0
