[INFO -- 2018-11-26 17:06:03]
Starting flip_value script
version: 1.1
[INFO -- 2018-11-26 17:06:03]
Initialization strings:
[INFO -- 2018-11-26 17:06:03]
(1) file /tmp/lreg/lreg
[INFO -- 2018-11-26 17:06:03]
(2) set args /tmp/lreg/randInput /tmp/lreg/output
[INFO -- 2018-11-26 17:06:03]
initSignal:0
[INFO -- 2018-11-26 17:06:03]
endSignal:3
[INFO -- 2018-11-26 17:06:03]
faultModel:0
[INFO -- 2018-11-26 17:06:04]
Backtrace BEGIN:
#0  0x00007ffff76da519 in __ieee754_pow_sse2 (x=-3, y=0) at ../sysdeps/ieee754/dbl-64/e_pow.c:65
#1  0x00007ffff76bcb14 in __pow (x=-3, y=0) at w_pow_compat.c:30
#2  0x0000555555556826 in std::pow<double, unsigned int> (__x=-3, __y=0) at /usr/include/c++/7/cmath:418
#3  0x0000555555555814 in predict (v=-3) at lreg.cpp:116
#4  0x00005555555558c0 in meanSquaredError () at lreg.cpp:128
#5  0x0000555555555ee5 in train (iter1=10000, iter2=10000, N=2, alpha1=0.00020000000000000001, alpha2=0.00020000000000000001, stopsWhenStable=true) at lreg.cpp:194
#6  0x0000555555556467 in main (argc=3, argv=0x7fffffffde58) at lreg.cpp:253

60	../sysdeps/ieee754/dbl-64/e_pow.c: No such file or directory.

Backtrace END
Fliping value of field name: i
Fliping array at pos: 0
Memory content before bitflip:0x300x670xc70x93
Fault Model: Single bit-flip
base address to flip value: 0x7ffff779f5c0 
address max offset: 4
Memory content after  bitflip:0x300x670xc70x92
frame name: __ieee754_pow_sse2
symbol name: ln2b
symbol filename: ../sysdeps/ieee754/dbl-64/upow.h
symbol line: 51
value: {i = {-1832425680, 1026487127}, x = 5.4979230081204593e-14}
value address: 0x7ffff779f5c0 <ln2b>
Type: The type is a union.
Type sizeof: 8
Field name: i
Field Type: The type is an array.
Field Type sizeof: 8
Field name: x
Field Type: A floating point type.
Field Type sizeof: 8

[INFO -- 2018-11-26 17:06:04]
Fault Injection Successful after 1.0815346240997314s
[INFO -- 2018-11-26 17:06:06]
event type: exit
[INFO -- 2018-11-26 17:06:06]
exit code: 0
