[INFO -- 2018-09-14 22:23:51]
Starting flip_value script
version: 1.1
[INFO -- 2018-09-14 22:23:51]
Initialization strings:
[INFO -- 2018-09-14 22:23:51]
(1) file /tmp/lreg/lreg
[INFO -- 2018-09-14 22:23:51]
(2) set args /tmp/lreg/randInput /tmp/lreg/output
[INFO -- 2018-09-14 22:23:51]
initSignal:0
[INFO -- 2018-09-14 22:23:51]
endSignal:2
[INFO -- 2018-09-14 22:23:51]
faultModel:2
[INFO -- 2018-09-14 22:23:52]
Backtrace BEGIN:
#0  0x00007ffff76b4990 in *ABS*+0x2d7c0@plt () from /lib/x86_64-linux-gnu/libm.so.6
#1  0x00007ffff76b7b14 in __pow (x=16, y=0) at w_pow_compat.c:30
#2  0x0000555555555f39 in std::pow<double, int> (__x=16, __y=0) at /usr/include/c++/7/cmath:418
#3  0x0000555555555451 in partialDerivate (pos=0) at lreg.cpp:74
#4  0x0000555555555503 in adjust (alpha=5.0000000000000002e-05) at lreg.cpp:87
#5  0x00005555555556ac in train (iterations=60000, alpha=5.0000000000000002e-05, N=3, stopsWhenStable=true) at lreg.cpp:120
#6  0x0000555555555c26 in main (argc=3, argv=0x7fffffffde68) at lreg.cpp:182

138		out<<endl;
139		out<<"Mean Squared Error: " << meanSquaredError()<<endl;
140	}
141	/*
142	It must receive an input file formated as follows:
143		1° Line : one integer T -> number of test cases
144		2° to 5° repeat to all test case	
145		2° Line : method parameters -> alpha, iterations, N, size of 
146			      training set, predictions
147		3° Line : inputs x of the training set

Backtrace END
Memory content before bitflip:0xb90x4c0xd10xf00xb20x3c0x730x40
Fault Model: Random bit-flip
base address to flip value: 0x7fffffffd840
address max offset: 8
Memory content after  bitflip:0x350x070xbd0x0f0x5b0x130x670x76
frame name: train
symbol name: bestMSE
symbol filename: lreg.cpp
symbol line: 116
value: 2.2706981067926118e+262
value address: 0x7fffffffd840
Type: A floating point type.
Type sizeof: 8

[INFO -- 2018-09-14 22:23:52]
Fault Injection Successful after 1.1093223094940186s
[INFO -- 2018-09-14 22:23:58]
event type: exit
[INFO -- 2018-09-14 22:23:58]
exit code: 0
