[INFO -- 2018-09-15 19:04:09]
Starting flip_value script
version: 1.1
[INFO -- 2018-09-15 19:04:09]
Initialization strings:
[INFO -- 2018-09-15 19:04:09]
(1) file /tmp/lreg/lreg
[INFO -- 2018-09-15 19:04:09]
(2) set args /tmp/lreg/randInput /tmp/lreg/output
[INFO -- 2018-09-15 19:04:09]
initSignal:0
[INFO -- 2018-09-15 19:04:09]
endSignal:2
[INFO -- 2018-09-15 19:04:09]
faultModel:1
[INFO -- 2018-09-15 19:04:10]
Backtrace BEGIN:
#0  0x0000555555555474 in partialDerivate (pos=0) at lreg.cpp:76
#1  0x0000555555555503 in adjust (alpha=0.00020000000000000001) at lreg.cpp:87
#2  0x00005555555556ac in train (iterations=30000, alpha=0.00020000000000000001, N=2, stopsWhenStable=true) at lreg.cpp:120
#3  0x0000555555555c26 in main (argc=3, argv=0x7fffffffde68) at lreg.cpp:182

71	double partialDerivate(int pos){
72		double pD = 0;
73		for(int i = 0; i<x.size(); i++){
74			pD += ((predict(x[i]) - y[i])*pow(x[i], pos));	
75		}
76		pD *= (2.0/x.size());
77		return pD;
78	}
79	
80	/**

Backtrace END
Memory content before bitflip:0x030x000x000x00
Fault Model: Double bit-flip
base address to flip value: 0x7fffffffd91c
address max offset: 4
Memory content after  bitflip:0x030x840x000x00
frame name: main
symbol name: argc
symbol filename: lreg.cpp
symbol line: 152
value: 33795
value address: 0x7fffffffd91c
Type: The type is an integer type.
Type sizeof: 4

[INFO -- 2018-09-15 19:04:10]
Fault Injection Successful after 1.4387125968933105s
[INFO -- 2018-09-15 19:04:17]
event type: exit
[INFO -- 2018-09-15 19:04:17]
exit code: 0
