[INFO -- 2018-10-06 22:25:42]
Starting flip_value script
version: 1.1
[INFO -- 2018-10-06 22:25:42]
Initialization strings:
[INFO -- 2018-10-06 22:25:42]
(1) file /tmp/lreg/lreg
[INFO -- 2018-10-06 22:25:42]
(2) set args /tmp/lreg/randInput /tmp/lreg/output
[INFO -- 2018-10-06 22:25:42]
initSignal:0
[INFO -- 2018-10-06 22:25:42]
endSignal:10
[INFO -- 2018-10-06 22:25:42]
faultModel:1
[INFO -- 2018-10-06 22:25:47]
Backtrace BEGIN:
#0  __ieee754_pow_sse2 (x=8, y=3) at ../sysdeps/ieee754/dbl-64/e_pow.c:65
#1  0x00007ffff76b7b14 in __pow (x=8, y=3) at w_pow_compat.c:30
#2  0x00005555555560ba in std::pow<double, unsigned int> (__x=8, __y=3) at /usr/include/c++/7/cmath:418
#3  0x0000555555555590 in partialDerivate (pos=3) at lreg.cpp:107
#4  0x0000555555555670 in adjust () at lreg.cpp:123
#5  0x0000555555555881 in train (iterations=90000, N=4, stopsWhenStable=true) at lreg.cpp:159
#6  0x0000555555555dba in main (argc=3, argv=0x7fffffffde68) at lreg.cpp:225

60	../sysdeps/ieee754/dbl-64/e_pow.c: No such file or directory.

Backtrace END
Memory content before bitflip:0x000x000x000x000x000x000x200x40
Fault Model: Double bit-flip
base address to flip value: 0x7fffffffd738
address max offset: 8
Memory content after  bitflip:0x000x000x000x000x000x000x200x54
frame name: std::pow<double, unsigned int>
symbol name: __x
symbol filename: /usr/include/c++/7/cmath
symbol line: 415
value: 1.7087896287367281e+97
value address: 0x7fffffffd738
Type: A floating point type.
Type sizeof: 8

[INFO -- 2018-10-06 22:25:47]
Fault Injection Successful after 5.270567178726196s
[INFO -- 2018-10-06 22:25:51]
event type: exit
[INFO -- 2018-10-06 22:25:51]
exit code: 0
