[INFO -- 2018-11-15 12:40:22]
Starting flip_value script
version: 1.1
[INFO -- 2018-11-15 12:40:22]
Initialization strings:
[INFO -- 2018-11-15 12:40:22]
(1) file /tmp/lreg/lreg
[INFO -- 2018-11-15 12:40:22]
(2) set args /tmp/lreg/randInput /tmp/lreg/output
[INFO -- 2018-11-15 12:40:22]
initSignal:0
[INFO -- 2018-11-15 12:40:22]
endSignal:5
[INFO -- 2018-11-15 12:40:22]
faultModel:1
[INFO -- 2018-11-15 12:40:23]
Backtrace BEGIN:
#0  0x00007ffff76d5951 in __exp1 (x=<optimized out>, xx=<optimized out>, error=<optimized out>) at ../sysdeps/ieee754/dbl-64/e_exp.c:274
#1  0x00007ffff76da8dc in __ieee754_pow_sse2 (x=31, y=3) at ../sysdeps/ieee754/dbl-64/e_pow.c:115
#2  0x00007ffff76bcb14 in __pow (x=31, y=3) at w_pow_compat.c:30
#3  0x0000555555556826 in std::pow<double, unsigned int> (__x=31, __y=3) at /usr/include/c++/7/cmath:418
#4  0x0000555555555814 in predict (v=31) at lreg.cpp:116
#5  0x0000555555555a53 in partialDerivate (pos1=2, pos2=2) at lreg.cpp:142
#6  0x0000555555555bbe in adjust (alpha1=2.2222199999999999e-05, alpha2=2.2222199999999999e-05) at lreg.cpp:156
#7  0x0000555555555ee0 in train (iter1=45000, iter2=45000, N=4, alpha1=2.2222199999999999e-05, alpha2=2.2222199999999999e-05, stopsWhenStable=true) at lreg.cpp:193
#8  0x0000555555556467 in main (argc=3, argv=0x7fffffffde58) at lreg.cpp:253

269	../sysdeps/ieee754/dbl-64/e_exp.c: No such file or directory.

Backtrace END
Fliping value of field name: i
Fliping array at pos: 0
Memory content before bitflip:0x000x000x000x00
Fault Model: Double bit-flip
base address to flip value: 0x7ffff77917e0 
address max offset: 4
Memory content after  bitflip:0x000x210x000x00
frame name: __exp1
symbol name: three51
symbol filename: ../sysdeps/ieee754/dbl-64/uexp.h
symbol line: 65
value: {i = {8448, 1127743488}, x = 6755399441064192}
value address: 0x7ffff77917e0 <three51>
Type: The type is a union.
Type sizeof: 8
Field name: i
Field Type: The type is an array.
Field Type sizeof: 8
Field name: x
Field Type: A floating point type.
Field Type sizeof: 8

[INFO -- 2018-11-15 12:40:23]
Fault Injection Successful after 1.8731865882873535s
[INFO -- 2018-11-15 12:40:26]
event type: exit
[INFO -- 2018-11-15 12:40:26]
exit code: 0
