[INFO -- 2018-10-10 16:44:03]
Starting flip_value script
version: 1.1
[INFO -- 2018-10-10 16:44:03]
Initialization strings:
[INFO -- 2018-10-10 16:44:03]
(1) file /tmp/lreg/lreg
[INFO -- 2018-10-10 16:44:03]
(2) set args /tmp/lreg/randInput /tmp/lreg/output
[INFO -- 2018-10-10 16:44:03]
initSignal:0
[INFO -- 2018-10-10 16:44:03]
endSignal:10
[INFO -- 2018-10-10 16:44:03]
faultModel:1
[INFO -- 2018-10-10 16:44:09]
Backtrace BEGIN:
#0  __memmove_ssse3 () at ../sysdeps/x86_64/multiarch/memcpy-ssse3.S:1800
#1  0x0000555555557bac in std::__copy_move<false, true, std::random_access_iterator_tag>::__copy_m<double> (__first=0x555555771b80, __last=0x555555771ba0, __result=0x555555771be0) at /usr/include/c++/7/bits/stl_algobase.h:368
#2  0x0000555555557940 in std::__copy_move_a<false, double const*, double*> (__first=0x555555771b80, __last=0x555555771ba0, __result=0x555555771be0) at /usr/include/c++/7/bits/stl_algobase.h:386
#3  0x0000555555557cae in std::__copy_move_a2<false, __gnu_cxx::__normal_iterator<double const*, std::vector<double, std::allocator<double> > >, double*> (__first=10.278144947693113, __last=0, __result=0x555555771be0) at /usr/include/c++/7/bits/stl_algobase.h:424
#4  0x0000555555557b05 in std::copy<__gnu_cxx::__normal_iterator<double const*, std::vector<double, std::allocator<double> > >, double*> (__first=10.278144947693113, __last=0, __result=0x555555771be0) at /usr/include/c++/7/bits/stl_algobase.h:456
#5  0x0000555555557888 in std::__uninitialized_copy<true>::__uninit_copy<__gnu_cxx::__normal_iterator<double const*, std::vector<double, std::allocator<double> > >, double*> (__first=10.278144947693113, __last=0, __result=0x555555771be0) at /usr/include/c++/7/bits/stl_uninitialized.h:101
#6  0x00005555555572fe in std::uninitialized_copy<__gnu_cxx::__normal_iterator<double const*, std::vector<double, std::allocator<double> > >, double*> (__first=10.278144947693113, __last=0, __result=0x555555771be0) at /usr/include/c++/7/bits/stl_uninitialized.h:134
#7  0x0000555555556a57 in std::__uninitialized_copy_a<__gnu_cxx::__normal_iterator<double const*, std::vector<double, std::allocator<double> > >, double*, double> (__first=10.278144947693113, __last=0, __result=0x555555771be0) at /usr/include/c++/7/bits/stl_uninitialized.h:289
#8  0x00005555555562dd in std::vector<double, std::allocator<double> >::vector (this=0x7fffffffd890, __x=std::vector of length 4, capacity 4 = {...}) at /usr/include/c++/7/bits/stl_vector.h:331
#9  0x00005555555558e8 in train (iterations=90000, N=4, stopsWhenStable=true) at lreg.cpp:165
#10 0x0000555555555dba in main (argc=3, argv=0x7fffffffde68) at lreg.cpp:225

1795	../sysdeps/x86_64/multiarch/memcpy-ssse3.S: No such file or directory.

Backtrace END
Fliping value of field: std::_Vector_base<double, std::allocator<double> >
Fliping value of field: _M_impl
Fliping value of field: _M_end_of_storage
Fliping a bit of the pointer
Memory content before bitflip:0x700x1b0x770x550x550x550x000x00
Fault Model: Double bit-flip
base address to flip value: 0x55555575a170 
address max offset: 8
Memory content after  bitflip:0x610x1b0x770x550x550x550x000x00
frame name: std::__copy_move_a<false, double const*, double*>
symbol name: y
symbol filename: lreg.cpp
symbol line: 42
value: std::vector of length 36, capacity 62 = {-1, -1, -1, -1, -1, -1, -1, -1, 263, 1199, 479, 143, 111, 311, 23, 683, -1, 263, -1, 1103, 13720, -26888, 7912, -15533, 3307, -5, -2153, -7928, 7, 40, 10552, 10552, 3307, -5768, -3323, -4040}
value address: 0x55555575a160 <y>
Type: The type is a structure.
Type sizeof: 24
Field name: std::_Vector_base<double, std::allocator<double> >
Field Type: The type is a structure.
Field Type sizeof: 24

[INFO -- 2018-10-10 16:44:09]
Fault Injection Successful after 6.814250707626343s
[INFO -- 2018-10-10 16:44:13]
event type: exit
[INFO -- 2018-10-10 16:44:13]
exit code: 0
