[INFO -- 2018-11-27 18:05:59]
Starting flip_value script
version: 1.1
[INFO -- 2018-11-27 18:05:59]
Initialization strings:
[INFO -- 2018-11-27 18:05:59]
(1) file /tmp/lreg/lreg
[INFO -- 2018-11-27 18:05:59]
(2) set args /tmp/lreg/randInput /tmp/lreg/output
[INFO -- 2018-11-27 18:05:59]
initSignal:0
[INFO -- 2018-11-27 18:05:59]
endSignal:3
[INFO -- 2018-11-27 18:05:59]
faultModel:0
[INFO -- 2018-11-27 18:06:01]
Backtrace BEGIN:
#0  0x000055555555511f in verifyUintDup (a=8, b=8) at lreg.cpp:61
#1  0x000055555555589e in meanSquaredError () at lreg.cpp:128
#2  0x0000555555555ee5 in train (iter1=30000, iter2=30000, N=4, alpha1=2.2222199999999999e-05, alpha2=2.2222199999999999e-05, stopsWhenStable=true) at lreg.cpp:194
#3  0x0000555555556467 in main (argc=3, argv=0x7fffffffde58) at lreg.cpp:253

56	*/
57	
58	int detected = 0;
59	
60	
61	UINT verifyUintDup(UINT a, UINT b){
62		if (a != b && detected != 1){
63			//gerar entrada no log
64			ofstream fp ("/tmp/lreg/detected.log", std::ofstream::app);
65			fp << "verifyUint: a = "<<a<<"; b = "<<b<<endl;

Backtrace END
Fliping value of field: std::_Vector_base<double, std::allocator<double> >
Fliping value of field: _M_impl
Fliping value of field: _M_end_of_storage
Fliping a bit of the value pointed by a pointer
Memory content before bitflip:0x000x000x000x000x000x000x000x00
Fault Model: Single bit-flip
base address to flip value: 0x5555557723a0
address max offset: 8
Memory content after  bitflip:0x000x000x000x000x000x000x000x10
frame name: meanSquaredError
symbol name: T1
symbol filename: lreg.cpp
symbol line: 36
value: std::vector of length 4, capacity 4 = {0.15440658415604838, -0.85649064436254485, -1.9539966228919414, -4.0450326976125437}
value address: 0x55555575b180 <T1>
Type: The type is a structure.
Type sizeof: 24
Field name: std::_Vector_base<double, std::allocator<double> >
Field Type: The type is a structure.
Field Type sizeof: 24

[INFO -- 2018-11-27 18:06:01]
Fault Injection Successful after 2.305720567703247s
[INFO -- 2018-11-27 18:06:01]
event type: exit
[INFO -- 2018-11-27 18:06:01]
exit code: 0
