[INFO -- 2018-11-26 16:59:02]
Starting flip_value script
version: 1.1
[INFO -- 2018-11-26 16:59:02]
Initialization strings:
[INFO -- 2018-11-26 16:59:02]
(1) file /tmp/lreg/lreg
[INFO -- 2018-11-26 16:59:02]
(2) set args /tmp/lreg/randInput /tmp/lreg/output
[INFO -- 2018-11-26 16:59:02]
initSignal:0
[INFO -- 2018-11-26 16:59:02]
endSignal:3
[INFO -- 2018-11-26 16:59:02]
faultModel:0
[INFO -- 2018-11-26 16:59:05]
Backtrace BEGIN:
#0  0x0000555555556814 in std::pow<double, unsigned int> (__x=-16, __y=3) at /usr/include/c++/7/cmath:418
#1  0x0000555555555ace in partialDerivate (pos1=3, pos2=3) at lreg.cpp:142
#2  0x0000555555555bbe in adjust (alpha1=2.2222199999999999e-05, alpha2=2.2222199999999999e-05) at lreg.cpp:156
#3  0x0000555555555ee0 in train (iter1=30000, iter2=30000, N=4, alpha1=2.2222199999999999e-05, alpha2=2.2222199999999999e-05, stopsWhenStable=true) at lreg.cpp:193
#4  0x0000555555556467 in main (argc=3, argv=0x7fffffffde58) at lreg.cpp:253

413	    inline _GLIBCXX_CONSTEXPR
414	    typename __gnu_cxx::__promote_2<_Tp, _Up>::__type
415	    pow(_Tp __x, _Up __y)
416	    {
417	      typedef typename __gnu_cxx::__promote_2<_Tp, _Up>::__type __type;
418	      return pow(__type(__x), __type(__y));
419	    }
420	
421	  using ::sin;
422	

Backtrace END
Fliping value of field: std::_Vector_base<double, std::allocator<double> >
Fliping value of field: _M_impl
Fliping value of field: _M_finish
Fliping a bit of the value pointed by a pointer
Memory content before bitflip:0x000x000x000x000x000x000x000x00
Fault Model: Single bit-flip
base address to flip value: 0x5555557723a0
address max offset: 8
Memory content after  bitflip:0x000x000x000x080x000x000x000x00
frame name: std::pow<double, unsigned int>
symbol name: T1
symbol filename: lreg.cpp
symbol line: 36
value: std::vector of length 4, capacity 4 = {0.29151812471348776, -1.2500649445008762, -1.9480377792997208, -4.0444418059942127}
value address: 0x55555575b180 <T1>
Type: The type is a structure.
Type sizeof: 24
Field name: std::_Vector_base<double, std::allocator<double> >
Field Type: The type is a structure.
Field Type sizeof: 24

[INFO -- 2018-11-26 16:59:05]
Fault Injection Successful after 3.092670440673828s
[INFO -- 2018-11-26 16:59:05]
event type: exit
[INFO -- 2018-11-26 16:59:05]
exit code: 0
