[INFO -- 2018-10-03 19:38:29]
Starting flip_value script
version: 1.1
[INFO -- 2018-10-03 19:38:29]
Initialization strings:
[INFO -- 2018-10-03 19:38:29]
(1) file /tmp/lreg/lreg
[INFO -- 2018-10-03 19:38:29]
(2) set args /tmp/lreg/randInput /tmp/lreg/output
[INFO -- 2018-10-03 19:38:29]
initSignal:0
[INFO -- 2018-10-03 19:38:29]
endSignal:10
[INFO -- 2018-10-03 19:38:29]
faultModel:0
[INFO -- 2018-10-03 19:38:31]
Backtrace BEGIN:
#0  __GI___libc_free (mem=0x555555771490) at malloc.c:3086
#1  0x0000555555557538 in __gnu_cxx::new_allocator<double>::deallocate (this=0x7fffffffd880, __p=0x555555771490) at /usr/include/c++/7/ext/new_allocator.h:125
#2  0x0000555555556ffe in std::allocator_traits<std::allocator<double> >::deallocate (__a=..., __p=0x555555771490, __n=3) at /usr/include/c++/7/bits/alloc_traits.h:462
#3  0x0000555555556752 in std::_Vector_base<double, std::allocator<double> >::_M_deallocate (this=0x7fffffffd880, __p=0x555555771490, __n=3) at /usr/include/c++/7/bits/stl_vector.h:180
#4  0x00005555555563e9 in std::_Vector_base<double, std::allocator<double> >::~_Vector_base (this=0x7fffffffd880, __in_chrg=<optimized out>) at /usr/include/c++/7/bits/stl_vector.h:162
#5  0x0000555555555e3b in std::vector<double, std::allocator<double> >::~vector (this=0x7fffffffd880, __in_chrg=<optimized out>) at /usr/include/c++/7/bits/stl_vector.h:435
#6  0x0000555555555720 in train (iterations=60000, alpha=5.0000000000000002e-05, N=3, stopsWhenStable=true) at lreg.cpp:126
#7  0x0000555555555ab7 in main (argc=3, argv=0x7fffffffde58) at lreg.cpp:174

3081	malloc.c: No such file or directory.

Backtrace END
Fliping value of field: std::_Vector_base<double, std::allocator<double> >
Fliping value of field: _M_impl
Fliping value of field: _M_finish
Fliping a bit of the value pointed by a pointer
Memory content before bitflip:0x000x000x000x000x000x000x000x00
Fault Model: Single bit-flip
base address to flip value: 0x5555557715e0
address max offset: 8
Memory content after  bitflip:0x000x000x000x000x000x400x000x00
frame name: std::_Vector_base<double, std::allocator<double> >::_M_deallocate
symbol name: x
symbol filename: lreg.cpp
symbol line: 32
value: std::vector of length 20, capacity 32 = {8, -4, 3, 1, -10, -4, 2, 2, 17, -3, 13, -12, -18, 11, 22, -2, 21, -5, 11, -17}
value address: 0x55555575a140 <x>
Type: The type is a structure.
Type sizeof: 24
Field name: std::_Vector_base<double, std::allocator<double> >
Field Type: The type is a structure.
Field Type sizeof: 24

[INFO -- 2018-10-03 19:38:31]
Fault Injection Successful after 2.031130313873291s
[INFO -- 2018-10-03 19:38:37]
event type: exit
[INFO -- 2018-10-03 19:38:37]
exit code: 0
