[INFO -- 2018-10-01 18:03:18]
Starting flip_value script
version: 1.1
[INFO -- 2018-10-01 18:03:18]
Initialization strings:
[INFO -- 2018-10-01 18:03:18]
(1) file /tmp/lreg/lreg
[INFO -- 2018-10-01 18:03:18]
(2) set args /tmp/lreg/randInput /tmp/lreg/output
[INFO -- 2018-10-01 18:03:18]
initSignal:0
[INFO -- 2018-10-01 18:03:18]
endSignal:10
[INFO -- 2018-10-01 18:03:18]
faultModel:2
[INFO -- 2018-10-01 18:03:21]
Backtrace BEGIN:
#0  0x00007ffff76d55d6 in __ieee754_pow_sse2 (x=-9, y=0) at ../sysdeps/ieee754/dbl-64/e_pow.c:83
#1  0x00007ffff76b7b14 in __pow (x=-9, y=0) at w_pow_compat.c:30
#2  0x0000555555555d47 in std::pow<double, int> (__x=-9, __y=0) at /usr/include/c++/7/cmath:418
#3  0x00005555555551e7 in predict (v=-9) at lreg.cpp:50
#4  0x000055555555526a in meanSquaredError () at lreg.cpp:61
#5  0x0000555555555661 in train (iterations=90000, alpha=2.2222199999999999e-05, N=4, stopsWhenStable=true) at lreg.cpp:121
#6  0x0000555555555ab7 in main (argc=3, argv=0x7fffffffde58) at lreg.cpp:174

78	../sysdeps/ieee754/dbl-64/e_pow.c: No such file or directory.

Backtrace END
Memory content before bitflip:0x000x000x000x000x000x000x220xc0
Fault Model: Random bit-flip
base address to flip value: 0x7fffffffd758
address max offset: 8
Memory content after  bitflip:0x650xc60x830x570x220xc60x960x57
frame name: std::pow<double, int>
symbol name: __x
symbol filename: /usr/include/c++/7/cmath
symbol line: 415
value: 8.7630837181147508e+113
value address: 0x7fffffffd758
Type: A floating point type.
Type sizeof: 8

[INFO -- 2018-10-01 18:03:21]
Fault Injection Successful after 3.085139513015747s
[INFO -- 2018-10-01 18:03:27]
event type: exit
[INFO -- 2018-10-01 18:03:27]
exit code: 0
