[INFO -- 2018-11-24 18:53:14]
Starting flip_value script
version: 1.1
[INFO -- 2018-11-24 18:53:14]
Initialization strings:
[INFO -- 2018-11-24 18:53:14]
(1) file /tmp/lreg/lreg
[INFO -- 2018-11-24 18:53:14]
(2) set args /tmp/lreg/randInput /tmp/lreg/output /tmp/lreg/detected.log
[INFO -- 2018-11-24 18:53:14]
initSignal:0
[INFO -- 2018-11-24 18:53:14]
endSignal:6
[INFO -- 2018-11-24 18:53:14]
faultModel:0
[INFO -- 2018-11-24 18:53:17]
Backtrace BEGIN:
#0  0x00007ffff76da71b in log1 (error=<synthetic pointer>, delta=<synthetic pointer>, x=17) at ../sysdeps/ieee754/dbl-64/e_pow.c:284
#1  __ieee754_pow_sse2 (x=17, y=3) at ../sysdeps/ieee754/dbl-64/e_pow.c:103
#2  0x00007ffff76db6be in __ieee754_pow_sse2 (x=<optimized out>, y=<optimized out>) at ../sysdeps/ieee754/dbl-64/e_pow.c:184
#3  0x00007ffff76bcb14 in __pow (x=-17, y=3) at w_pow_compat.c:30
#4  0x0000555555556149 in std::pow<double, int> (__x=-17, __y=3) at /usr/include/c++/7/cmath:418
#5  0x0000555555555237 in predict (v=-17) at lreg.cpp:50
#6  0x00005555555553fc in partialDerivate (pos=3) at lreg.cpp:74
#7  0x0000555555555503 in adjust (alpha=2.2222199999999999e-05) at lreg.cpp:87
#8  0x00005555555556ac in train (iterations=30000, alpha=2.2222199999999999e-05, N=4, stopsWhenStable=true) at lreg.cpp:120
#9  0x0000555555555a1c in execute (input=0x7fffffffe1f2 "/tmp/lreg/randInput") at lreg.cpp:157
#10 0x0000555555555cb0 in main (argc=4, argv=0x7fffffffde48) at lreg.cpp:196

279	../sysdeps/ieee754/dbl-64/e_pow.c: No such file or directory.

Backtrace END
Fliping a bit of the pointer
Memory content before bitflip:0x480xde0xff0xff0xff0x7f0x000x00
Fault Model: Single bit-flip
base address to flip value: 0x7fffffffd8e0
address max offset: 8
Memory content after  bitflip:0x480xde0xff0xfe0xff0x7f0x000x00
frame name: main
symbol name: argv
symbol filename: lreg.cpp
symbol line: 181
value: 0x7fffffffde48
value address: 0x7fffffffd8e0
Type: The type is a pointer.
Type sizeof: 8

[INFO -- 2018-11-24 18:53:17]
Fault Injection Successful after 3.7489843368530273s
[INFO -- 2018-11-24 18:53:18]
event type: exit
[INFO -- 2018-11-24 18:53:18]
exit code: 0
