[INFO -- 2018-11-29 15:42:19]
Starting flip_value script
version: 1.1
[INFO -- 2018-11-29 15:42:19]
Initialization strings:
[INFO -- 2018-11-29 15:42:19]
(1) file /tmp/lreg/lreg
[INFO -- 2018-11-29 15:42:19]
(2) set args /tmp/lreg/randInput /tmp/lreg/output /tmp/lreg/detected.log
[INFO -- 2018-11-29 15:42:19]
initSignal:0
[INFO -- 2018-11-29 15:42:19]
endSignal:6
[INFO -- 2018-11-29 15:42:19]
faultModel:2
[EXCEPTION -- 2018-11-29 15:42:22]
pythonException: empty range for randrange() (0,0, 0)
[INFO -- 2018-11-29 15:42:23]
Backtrace BEGIN:
#0  __exp1 (x=5.8377304471659395, xx=4.417521930090288e-16, error=<optimized out>) at ../sysdeps/ieee754/dbl-64/e_exp.c:255
#1  0x00007ffff76da8dc in __ieee754_pow_sse2 (x=7, y=3) at ../sysdeps/ieee754/dbl-64/e_pow.c:115
#2  0x00007ffff76bcb14 in __pow (x=7, y=3) at w_pow_compat.c:30
#3  0x000055555555621b in std::pow<double, int> (__x=7, __y=3) at /usr/include/c++/7/cmath:418
#4  0x0000555555555237 in predict (v=7) at lreg.cpp:50
#5  0x000055555555530a in meanSquaredError () at lreg.cpp:61
#6  0x00005555555556b1 in train (iterations=30000, alpha=2.2222199999999999e-05, N=4, stopsWhenStable=true) at lreg.cpp:121
#7  0x0000555555555a1c in execute (input=0x7fffffffe1f1 "/tmp/lreg/randInput") at lreg.cpp:157
#8  0x0000555555555cb0 in main (argc=4, argv=0x7fffffffde48) at lreg.cpp:196

250	in ../sysdeps/ieee754/dbl-64/e_exp.c

Backtrace END
Fliping value of field: std::_Vector_base<double, std::allocator<double> >
Fliping value of field: _M_impl
Fliping value of field: _M_finish
Fliping a bit of the pointer
Memory content before bitflip:0xb00x260x770x550x550x550x000x00
Fault Model: Random bit-flip
base address to flip value: 0x7fffffffd5b8
address max offset: 8
Memory content after  bitflip:0x5d0x5f0x5c0xed0x9e0x840x160x9d
frame name: train
symbol name: bestT
symbol filename: lreg.cpp
symbol line: 115
value: std::vector of length -890932170892466406, capacity 4 = {0.16989000469832707, -0.90153967996356243, -1.95439103053118, -4.0449655271381113, 0, 2.4209216646221081e-322, 4.6355706480587443e-310, -0.90153967996356243, -1.95439103053118, -4.0449655271381113, 0, 2.4209216646221081e-322, 0, -0.89883252511743361, -1.9449615560123636, -3.9703452392345411, 0, 1.3487992131466031e-321, 9.9997448205173409, 10.999751207252501, 12.999763980722822, -7.0003637539803849, -1078.8160145721722, -1078.8160145721722, -1722.5303976432911, -1319.1177772194476, -1582.6669839552355, -584.82432114594803, 97026.528835098041, -561.68664594912298, -9235.2779191372501, 69793.215647290359, -295.84796972341951, 42146.236069249338, 19328.177037179787, -20460.150394813842, 0, 0, 0, 0, 0, 0, 0, 0, 0, 0, 0, 0, 0, 0, 0, 2.1233459261319253e-319, 0, 0, 0, 0, 0, 0, 0, 0, 0, 0, 0, 0, 0, 0, 0, 0, 0, 0, 0, 0, 0, 0, 0, 0, 0, 0, 0, 0, 0, 0, 0, 0, 0, 0, 0, 0, 0, 0, 0, 0, 0, 0, 0, 0, 0, 0, 0, 0, 0, 0, 0, 0, 0, 0, 0, 0, 0, 0, 0, 0, 0, 0, 0, 0, 0, 0, 0, 0, 0, 0, 0, 0, 0, 0, 0, 0, 0, 0, 0, 0, 0, 0, 0, 0, 0, 0, 0, 0, 0, 0, 0, 0, 0, 0, 0, 0, 0, 0, 0, 0, 0, 0, 0, 0, 0, 0, 0, 0, 0, 0, 0, 0, 0, 0, 0, 0, 0, 0, 0, 0, 0, 0, 0, 0, 0, 0, 0, 0, 0, 0, 0, 0, 0, 0, 0, 0, 0, 0, 0, 0, 0, 0, 0, 0, 0, 0, 0, 0...}
value address: 0x7fffffffd5b0
Type: The type is a structure.
Type sizeof: 24
Field name: std::_Vector_base<double, std::allocator<double> >
Field Type: The type is a structure.
Field Type sizeof: 24

[INFO -- 2018-11-29 15:42:23]
Fault Injection Successful after 4.179569959640503s
[INFO -- 2018-11-29 15:42:23]
event type: exit
[INFO -- 2018-11-29 15:42:23]
exit code: 0
