[INFO -- 2018-11-25 13:00:40]
Starting flip_value script
version: 1.1
[INFO -- 2018-11-25 13:00:40]
Initialization strings:
[INFO -- 2018-11-25 13:00:40]
(1) file /tmp/lreg/lreg
[INFO -- 2018-11-25 13:00:40]
(2) set args /tmp/lreg/randInput /tmp/lreg/output /tmp/lreg/detected.log
[INFO -- 2018-11-25 13:00:40]
initSignal:0
[INFO -- 2018-11-25 13:00:40]
endSignal:6
[INFO -- 2018-11-25 13:00:40]
faultModel:0
[INFO -- 2018-11-25 13:00:41]
Backtrace BEGIN:
#0  0x00005555555575a0 in std::allocator_traits<std::allocator<double> >::deallocate (__a=..., __p=0x555555772470, __n=140737488344528) at /usr/include/c++/7/bits/alloc_traits.h:461
#1  0x0000555555556c66 in std::_Vector_base<double, std::allocator<double> >::_M_deallocate (this=0x7fffffffd5f0, __p=0x555555772470, __n=3) at /usr/include/c++/7/bits/stl_vector.h:180
#2  0x0000555555556923 in std::_Vector_base<double, std::allocator<double> >::~_Vector_base (this=0x7fffffffd5f0, __in_chrg=<optimized out>) at /usr/include/c++/7/bits/stl_vector.h:162
#3  0x000055555555630f in std::vector<double, std::allocator<double> >::~vector (this=0x7fffffffd5f0, __in_chrg=<optimized out>) at /usr/include/c++/7/bits/stl_vector.h:435
#4  0x0000555555555780 in train (iterations=20000, alpha=5.0000000000000002e-05, N=3, stopsWhenStable=true) at lreg.cpp:126
#5  0x0000555555555a1c in execute (input=0x7fffffffe1f1 "/tmp/lreg/randInput") at lreg.cpp:157
#6  0x0000555555555c78 in main (argc=4, argv=0x7fffffffde48) at lreg.cpp:193

456	       *  @param  __n  The number of objects space was allocated for.
457	       *
458	       *  Calls <tt> a.deallocate(p, n) </tt>
459	      */
460	      static void
461	      deallocate(allocator_type& __a, pointer __p, size_type __n)
462	      { __a.deallocate(__p, __n); }
463	
464	      /**
465	       *  @brief  Construct an object of type @a _Up

Backtrace END
Memory content before bitflip:0x030x000x000x00
Fault Model: Single bit-flip
base address to flip value: 0x7fffffffd664
address max offset: 4
Memory content after  bitflip:0x0b0x000x000x00
frame name: execute
symbol name: testCases
symbol filename: lreg.cpp
symbol line: 139
value: 11
value address: 0x7fffffffd664
Type: The type is an integer type.
Type sizeof: 4

[INFO -- 2018-11-25 13:00:41]
Fault Injection Successful after 1.2220284938812256s
[INFO -- 2018-11-25 13:00:48]
event type: exit
[INFO -- 2018-11-25 13:00:48]
exit code: 0
