[INFO -- 2018-11-14 15:01:13]
Starting flip_value script
version: 1.1
[INFO -- 2018-11-14 15:01:13]
Initialization strings:
[INFO -- 2018-11-14 15:01:13]
(1) file /tmp/lreg/lreg
[INFO -- 2018-11-14 15:01:13]
(2) set args /tmp/lreg/randInput /tmp/lreg/output
[INFO -- 2018-11-14 15:01:13]
initSignal:0
[INFO -- 2018-11-14 15:01:13]
endSignal:5
[INFO -- 2018-11-14 15:01:13]
faultModel:0
[INFO -- 2018-11-14 15:01:15]
Backtrace BEGIN:
#0  0x00005555555567f9 in std::pow<double, unsigned int> (__x=-15, __y=1) at /usr/include/c++/7/cmath:418
#1  0x0000555555555814 in predict (v=-15) at lreg.cpp:116
#2  0x0000555555555a53 in partialDerivate (pos1=2, pos2=2) at lreg.cpp:142
#3  0x0000555555555bbe in adjust (alpha1=5.0000000000000002e-05, alpha2=5.0000000000000002e-05) at lreg.cpp:156
#4  0x0000555555555ee0 in train (iter1=30000, iter2=30000, N=3, alpha1=5.0000000000000002e-05, alpha2=5.0000000000000002e-05, stopsWhenStable=true) at lreg.cpp:193
#5  0x0000555555556467 in main (argc=3, argv=0x7fffffffde68) at lreg.cpp:253

413	    inline _GLIBCXX_CONSTEXPR
414	    typename __gnu_cxx::__promote_2<_Tp, _Up>::__type
415	    pow(_Tp __x, _Up __y)
416	    {
417	      typedef typename __gnu_cxx::__promote_2<_Tp, _Up>::__type __type;
418	      return pow(__type(__x), __type(__y));
419	    }
420	
421	  using ::sin;
422	

Backtrace END
Fliping value of field: std::_Vector_base<double, std::allocator<double> >
Fliping value of field: _M_impl
Fliping value of field: _M_finish
Fliping a bit of the pointer
Memory content before bitflip:0x580x230x770x550x550x550x000x00
Fault Model: Single bit-flip
base address to flip value: 0x55555575b1a8 
address max offset: 8
Memory content after  bitflip:0x580x330x770x550x550x550x000x00
frame name: adjust
symbol name: T2
symbol filename: lreg.cpp
symbol line: 37
value: std::vector of length 515, capacity 3 = {0.31679729452622907, 0.99160643141308746, 4.0055817085898058, 1.6304166312761136e-322, 0.3167386890164065, 0.99162884749456881, 4.0055817085898058, 2.4209216646221081e-322, 0, -2, -2, -2, 0, 4.001931731314097e-322, 0, 1.5810100666919889e-322, 2.1219957904712067e-314, 6.3462732208308119e-320, 0, 0, 0, 0, 0, 7.1639518646980749e-322, -3, 1, -18, -15, 11, -2, 12, 24, 15, -11, 17, 13, 44, 0, 0, 0, 0, 7.1639518646980749e-322, 35, 7, 1280, 887, 497, 16, 590, 2330, 917, 475, 1175, 691, 8900, 0, 0, 0, 0, 1.6304166312761136e-322, 0.31679729452622907, 0.99160643141308746, 4.0055817085898058, 1.6304166312761136e-322, 0.3167386890164065, 0.99162884749456881, 4.0055817085898058, 1.6304166312761136e-322, 4.6355706480405627e-310, 0.99160570561652317, 4.0054365794257709, 1.6304166312761136e-322, 0, 0.99162884749456881, 4.0055817085898058, 2.155756632499111e-319, 0, 0, 0, 0, 0, 0, 0, 0, 0, 0, 0, 0, 0, 0, 0, 0, 0, 0, 0, 0, 0, 0, 0, 0, 0, 0, 0, 0, 0, 0, 0, 0, 0, 0, 0, 0, 0, 0, 0, 0, 0, 0, 0, 0, 0, 0, 0, 0, 0, 0, 0, 0, 0, 0, 0, 0, 0, 0, 0, 0, 0, 0, 0, 0, 0, 0, 0, 0, 0, 0, 0, 0, 0, 0, 0, 0, 0, 0, 0, 0, 0, 0, 0, 0, 0, 0, 0, 0, 0, 0, 0, 0, 0, 0, 0, 0, 0, 0, 0, 0, 0, 0, 0, 0, 0, 0, 0, 0, 0, 0, 0, 0, 0, 0, 0, 0, 0, 0, 0, 0, 0, 0, 0, 0...}
value address: 0x55555575b1a0 <T2>
Type: The type is a structure.
Type sizeof: 24
Field name: std::_Vector_base<double, std::allocator<double> >
Field Type: The type is a structure.
Field Type sizeof: 24

[INFO -- 2018-11-14 15:01:15]
Fault Injection Successful after 2.782262086868286s
[INFO -- 2018-11-14 15:01:22]
event type: exit
[INFO -- 2018-11-14 15:01:22]
exit code: 0
