[INFO -- 2018-11-27 18:55:35]
Starting flip_value script
version: 1.1
[INFO -- 2018-11-27 18:55:35]
Initialization strings:
[INFO -- 2018-11-27 18:55:35]
(1) file /tmp/lreg/lreg
[INFO -- 2018-11-27 18:55:35]
(2) set args /tmp/lreg/randInput /tmp/lreg/output
[INFO -- 2018-11-27 18:55:35]
initSignal:0
[INFO -- 2018-11-27 18:55:35]
endSignal:3
[INFO -- 2018-11-27 18:55:35]
faultModel:1
[INFO -- 2018-11-27 18:55:37]
Backtrace BEGIN:
#0  __gnu_cxx::__normal_iterator<double const*, std::vector<double, std::allocator<double> > >::__normal_iterator (this=0x7fffffffd740, __i=@0x7fffffffd738: 0x555555772380) at /usr/include/c++/7/bits/stl_iterator.h:780
#1  0x000055555555714b in std::vector<double, std::allocator<double> >::begin (this=0x55555575b180 <T1>) at /usr/include/c++/7/bits/stl_vector.h:573
#2  0x0000555555556d05 in std::vector<double, std::allocator<double> >::operator= (this=0x7fffffffd820, __x=std::vector of length 4, capacity 4 = {...}) at /usr/include/c++/7/bits/vector.tcc:218
#3  0x0000555555555f26 in train (iter1=30000, iter2=30000, N=4, alpha1=2.2222199999999999e-05, alpha2=2.2222199999999999e-05, stopsWhenStable=true) at lreg.cpp:197
#4  0x0000555555556467 in main (argc=3, argv=0x7fffffffde58) at lreg.cpp:253

775	      _GLIBCXX_CONSTEXPR __normal_iterator() _GLIBCXX_NOEXCEPT
776	      : _M_current(_Iterator()) { }
777	
778	      explicit
779	      __normal_iterator(const _Iterator& __i) _GLIBCXX_NOEXCEPT
780	      : _M_current(__i) { }
781	
782	      // Allow iterator to const_iterator conversion
783	      template<typename _Iter>
784	        __normal_iterator(const __normal_iterator<_Iter,

Backtrace END
Memory content before bitflip:0x360x120xd90x2a0x1f0xfe0x090x41
Fault Model: Double bit-flip
base address to flip value: 0x7fffffffd7f8
address max offset: 8
Memory content after  bitflip:0x120x120xd90x2a0x1f0xfe0x090x41
frame name: train
symbol name: MSE
symbol filename: lreg.cpp
symbol line: 190
value: 212931.89592184179
value address: 0x7fffffffd7f8
Type: A floating point type.
Type sizeof: 8

[INFO -- 2018-11-27 18:55:37]
Fault Injection Successful after 2.5683376789093018s
[INFO -- 2018-11-27 18:55:38]
event type: exit
[INFO -- 2018-11-27 18:55:38]
exit code: 0
