[INFO -- 2018-11-29 13:30:48]
Starting flip_value script
version: 1.1
[INFO -- 2018-11-29 13:30:48]
Initialization strings:
[INFO -- 2018-11-29 13:30:49]
(1) file /tmp/lreg/lreg
[INFO -- 2018-11-29 13:30:49]
(2) set args /tmp/lreg/randInput /tmp/lreg/output /tmp/lreg/detected.log
[INFO -- 2018-11-29 13:30:49]
initSignal:0
[INFO -- 2018-11-29 13:30:49]
endSignal:6
[INFO -- 2018-11-29 13:30:49]
faultModel:2
[INFO -- 2018-11-29 13:30:50]
Backtrace BEGIN:
#0  0x0000555555556211 in std::pow<double, int> (__x=31, __y=2) at /usr/include/c++/7/cmath:418
#1  0x0000555555555237 in predict (v=31) at lreg.cpp:50
#2  0x00005555555553fc in partialDerivate (pos=1) at lreg.cpp:74
#3  0x0000555555555503 in adjust (alpha=2.2222199999999999e-05) at lreg.cpp:87
#4  0x00005555555556ac in train (iterations=30000, alpha=2.2222199999999999e-05, N=4, stopsWhenStable=true) at lreg.cpp:120
#5  0x0000555555555a1c in execute (input=0x7fffffffe1f1 "/tmp/lreg/randInput") at lreg.cpp:157
#6  0x0000555555555c78 in main (argc=4, argv=0x7fffffffde48) at lreg.cpp:193

413	    inline _GLIBCXX_CONSTEXPR
414	    typename __gnu_cxx::__promote_2<_Tp, _Up>::__type
415	    pow(_Tp __x, _Up __y)
416	    {
417	      typedef typename __gnu_cxx::__promote_2<_Tp, _Up>::__type __type;
418	      return pow(__type(__x), __type(__y));
419	    }
420	
421	  using ::sin;
422	

Backtrace END
Memory content before bitflip:0x000x000x000x000x000x000x3f0x40
Fault Model: Random bit-flip
base address to flip value: 0x7fffffffd478
address max offset: 8
Memory content after  bitflip:0x2f0x580x3e0xb60x1f0x030x2a0x32
frame name: predict
symbol name: v
symbol filename: lreg.cpp
symbol line: 47
value: 4.8242311003375556e-67
value address: 0x7fffffffd478
Type: A floating point type.
Type sizeof: 8

[INFO -- 2018-11-29 13:30:50]
Fault Injection Successful after 1.22066330909729s
[INFO -- 2018-11-29 13:30:51]
event type: exit
[INFO -- 2018-11-29 13:30:51]
exit code: 0
