[INFO -- 2018-11-13 17:41:01]
Starting flip_value script
version: 1.1
[INFO -- 2018-11-13 17:41:01]
Initialization strings:
[INFO -- 2018-11-13 17:41:01]
(1) file /tmp/lreg/lreg
[INFO -- 2018-11-13 17:41:01]
(2) set args /tmp/lreg/randInput /tmp/lreg/output
[INFO -- 2018-11-13 17:41:01]
initSignal:0
[INFO -- 2018-11-13 17:41:01]
endSignal:5
[INFO -- 2018-11-13 17:41:01]
faultModel:1
[INFO -- 2018-11-13 17:41:03]
Backtrace BEGIN:
#0  partialDerivate (pos1=1, pos2=1) at lreg.cpp:141
#1  0x0000555555555bbe in adjust (alpha1=0.00020000000000000001, alpha2=0.00020000000000000001) at lreg.cpp:156
#2  0x0000555555555ee0 in train (iter1=15000, iter2=15000, N=2, alpha1=0.00020000000000000001, alpha2=0.00020000000000000001, stopsWhenStable=true) at lreg.cpp:193
#3  0x0000555555556467 in main (argc=3, argv=0x7fffffffde58) at lreg.cpp:253

136		to the adjustment variable whose position in T is passed in pos
137	*/
138	double partialDerivate(UINT pos1, UINT pos2){
139		double pD = 0;
140		
141		for(UINT i1 = 0, i2 = 0; verifyUintDup(i1, i2)<(x.size() - 1); i1++, i2++){
142			pD += ((predict(x[verifyUintDup(i1, i2)]) - y[verifyUintDup(i1, i2)])*pow(x[verifyUintDup(i1, i2)], verifyUintDup(pos1, pos2)));	
143		}
144		pD *= (2.0/(x.size() - 1));
145		return pD;

Backtrace END
Memory content before bitflip:0x970x190x000x00
Fault Model: Double bit-flip
base address to flip value: 0x7fffffffd7ec
address max offset: 4
Memory content after  bitflip:0x970x190x000x18
frame name: train
symbol name: i2
symbol filename: lreg.cpp
symbol line: 191
value: 402659735
value address: 0x7fffffffd7ec
Type: The type is an integer type.
Type sizeof: 4

[INFO -- 2018-11-13 17:41:03]
Fault Injection Successful after 2.2328317165374756s
[INFO -- 2018-11-13 17:41:09]
event type: exit
[INFO -- 2018-11-13 17:41:09]
exit code: 0
