[INFO -- 2018-10-13 15:07:32]
Starting flip_value script
version: 1.1
[INFO -- 2018-10-13 15:07:32]
Initialization strings:
[INFO -- 2018-10-13 15:07:32]
(1) file /tmp/lreg/lreg
[INFO -- 2018-10-13 15:07:32]
(2) set args /tmp/lreg/randInput /tmp/lreg/output
[INFO -- 2018-10-13 15:07:32]
initSignal:0
[INFO -- 2018-10-13 15:07:32]
endSignal:10
[INFO -- 2018-10-13 15:07:32]
faultModel:2
[INFO -- 2018-10-13 15:07:37]
Backtrace BEGIN:
#0  libc_feholdsetround_sse_ctx (r=0, ctx=<synthetic pointer>) at ../sysdeps/i386/fpu/fenv_private.h:447
#1  __ieee754_pow_sse2 (x=31, y=3) at ../sysdeps/ieee754/dbl-64/e_pow.c:97
#2  0x00007ffff76db6be in __ieee754_pow_sse2 (x=<optimized out>, y=<optimized out>) at ../sysdeps/ieee754/dbl-64/e_pow.c:184
#3  0x00007ffff76bcb14 in __pow (x=-31, y=3) at w_pow_compat.c:30
#4  0x00005555555560ba in std::pow<double, unsigned int> (__x=-31, __y=3) at /usr/include/c++/7/cmath:418
#5  0x00005555555552c2 in predict (v=-31) at lreg.cpp:77
#6  0x000055555555551d in partialDerivate (pos=2) at lreg.cpp:107
#7  0x0000555555555670 in adjust () at lreg.cpp:123
#8  0x0000555555555881 in train (iterations=90000, N=4, stopsWhenStable=true) at lreg.cpp:159
#9  0x0000555555555dba in main (argc=3, argv=0x7fffffffde68) at lreg.cpp:225

442	../sysdeps/i386/fpu/fenv_private.h: No such file or directory.

Backtrace END
Memory content before bitflip:0x020xc00x930x6b0x340x1f0xaf0x41
Fault Model: Random bit-flip
base address to flip value: 0x7fffffffd828
address max offset: 8
Memory content after  bitflip:0x4e0x150xfd0xdf0x330x730x6f0x19
frame name: train
symbol name: MSE
symbol filename: lreg.cpp
symbol line: 153
value: 3.6140444077138345e-186
value address: 0x7fffffffd828
Type: A floating point type.
Type sizeof: 8

[INFO -- 2018-10-13 15:07:37]
Fault Injection Successful after 5.2571282386779785s
[INFO -- 2018-10-13 15:07:41]
event type: exit
[INFO -- 2018-10-13 15:07:41]
exit code: 0
