[INFO -- 2018-10-13 18:14:38]
Starting flip_value script
version: 1.1
[INFO -- 2018-10-13 18:14:38]
Initialization strings:
[INFO -- 2018-10-13 18:14:38]
(1) file /tmp/lreg/lreg
[INFO -- 2018-10-13 18:14:38]
(2) set args /tmp/lreg/randInput /tmp/lreg/output
[INFO -- 2018-10-13 18:14:38]
initSignal:0
[INFO -- 2018-10-13 18:14:38]
endSignal:10
[INFO -- 2018-10-13 18:14:38]
faultModel:2
[INFO -- 2018-10-13 18:14:41]
Backtrace BEGIN:
#0  0x000055555555526a in predict (v=3) at lreg.cpp:74
#1  0x00005555555553e9 in meanSquaredError () at lreg.cpp:91
#2  0x0000555555555886 in train (iterations=90000, N=4, stopsWhenStable=true) at lreg.cpp:160
#3  0x0000555555555dba in main (argc=3, argv=0x7fffffffde68) at lreg.cpp:225

69		Predicts the value related to v using the Ts variables
70	*/
71	double predict(double v){
72		double val = 0;
73		for(UINT i1 = 0, i2 = 0, i3 = 0; 
74			selectTriUInt(i1, i2, i3)<T.size(); 
75			i1++, i2++, i3++)
76		{
77			val+= (T[selectTriUInt(i1, i2, i3)] * pow(v, selectTriUInt(i1, i2, i3)));
78		}

Backtrace END
Memory content before bitflip:0x010x000x000x00
Fault Model: Random bit-flip
base address to flip value: 0x7fffffffd784
address max offset: 4
Memory content after  bitflip:0x860xf60x2f0x43
frame name: predict
symbol name: i3
symbol filename: lreg.cpp
symbol line: 73
value: 1127216774
value address: 0x7fffffffd784
Type: The type is an integer type.
Type sizeof: 4

[INFO -- 2018-10-13 18:14:41]
Fault Injection Successful after 3.7900233268737793s
[INFO -- 2018-10-13 18:14:47]
event type: exit
[INFO -- 2018-10-13 18:14:47]
exit code: 0
