[INFO -- 2018-10-12 19:53:50]
Starting flip_value script
version: 1.1
[INFO -- 2018-10-12 19:53:50]
Initialization strings:
[INFO -- 2018-10-12 19:53:50]
(1) file /tmp/lreg/lreg
[INFO -- 2018-10-12 19:53:50]
(2) set args /tmp/lreg/randInput /tmp/lreg/output
[INFO -- 2018-10-12 19:53:50]
initSignal:0
[INFO -- 2018-10-12 19:53:50]
endSignal:10
[INFO -- 2018-10-12 19:53:50]
faultModel:2
[INFO -- 2018-10-12 19:53:52]
Backtrace BEGIN:
#0  0x00005555555560c9 in std::pow<double, unsigned int> (__x=16, __y=2) at /usr/include/c++/7/cmath:419
#1  0x00005555555552c2 in predict (v=16) at lreg.cpp:77
#2  0x000055555555551d in partialDerivate (pos=0) at lreg.cpp:107
#3  0x0000555555555670 in adjust () at lreg.cpp:123
#4  0x0000555555555881 in train (iterations=60000, N=3, stopsWhenStable=true) at lreg.cpp:159
#5  0x0000555555555dba in main (argc=3, argv=0x7fffffffde68) at lreg.cpp:225

414	    typename __gnu_cxx::__promote_2<_Tp, _Up>::__type
415	    pow(_Tp __x, _Up __y)
416	    {
417	      typedef typename __gnu_cxx::__promote_2<_Tp, _Up>::__type __type;
418	      return pow(__type(__x), __type(__y));
419	    }
420	
421	  using ::sin;
422	
423	#ifndef __CORRECT_ISO_CPP_MATH_H_PROTO

Backtrace END
Memory content before bitflip:0x050x000x000x00
Fault Model: Random bit-flip
base address to flip value: 0x7fffffffd784
address max offset: 4
Memory content after  bitflip:0xed0xe40x040x41
frame name: partialDerivate
symbol name: i3
symbol filename: lreg.cpp
symbol line: 103
value: 1090839789
value address: 0x7fffffffd784
Type: The type is an integer type.
Type sizeof: 4

[INFO -- 2018-10-12 19:53:52]
Fault Injection Successful after 2.5844173431396484s
[INFO -- 2018-10-12 19:54:01]
event type: exit
[INFO -- 2018-10-12 19:54:01]
exit code: 0
