[INFO -- 2018-09-30 19:49:49]
Starting flip_value script
version: 1.1
[INFO -- 2018-09-30 19:49:49]
Initialization strings:
[INFO -- 2018-09-30 19:49:49]
(1) file /tmp/lreg/lreg
[INFO -- 2018-09-30 19:49:49]
(2) set args /tmp/lreg/randInput /tmp/lreg/output
[INFO -- 2018-09-30 19:49:49]
initSignal:0
[INFO -- 2018-09-30 19:49:49]
endSignal:10
[INFO -- 2018-09-30 19:49:49]
faultModel:2
[INFO -- 2018-09-30 19:49:52]
Backtrace BEGIN:
#0  0x0000555555554ed0 in pow@plt ()
#1  0x0000555555555f39 in std::pow<double, int> (__x=-7, __y=0) at /usr/include/c++/7/cmath:418
#2  0x0000555555555237 in predict (v=-7) at lreg.cpp:50
#3  0x00005555555553fc in partialDerivate (pos=0) at lreg.cpp:74
#4  0x0000555555555503 in adjust (alpha=2.2222199999999999e-05) at lreg.cpp:87
#5  0x00005555555556ac in train (iterations=90000, alpha=2.2222199999999999e-05, N=4, stopsWhenStable=true) at lreg.cpp:120
#6  0x0000555555555c26 in main (argc=3, argv=0x7fffffffde58) at lreg.cpp:182

138		out<<endl;
139		out<<"Mean Squared Error: " << meanSquaredError()<<endl;
140	}
141	/*
142	It must receive an input file formated as follows:
143		1° Line : one integer T -> number of test cases
144		2° to 5° repeat to all test case	
145		2° Line : method parameters -> alpha, iterations, N, size of 
146			      training set, predictions
147		3° Line : inputs x of the training set

Backtrace END
Fliping value of field: std::_Vector_base<double, std::allocator<double> >
Fliping value of field: _M_impl
Fliping value of field: _M_finish
Fliping a bit of the value pointed by a pointer
Memory content before bitflip:0x000x000x000x000x000x000x000x00
Fault Model: Random bit-flip
base address to flip value: 0x555555771a90
address max offset: 8
Memory content after  bitflip:0xc60x310xc60x8f0x0e0x080x930x99
frame name: predict
symbol name: y
symbol filename: lreg.cpp
symbol line: 33
value: std::vector of length 36, capacity 64 = {1, 1, 1, 1, 1, 1, 1, 1, 1101, 417, -3, 837, -3, 141, 21, 261, 37, 541, 1, 21, -25136, 6049, -2399, -1151, -26, 289, 16474, -101276, -21599, -3266, 49, -224, -3266, 6049, -83606, 13825}
value address: 0x55555575a160 <y>
Type: The type is a structure.
Type sizeof: 24
Field name: std::_Vector_base<double, std::allocator<double> >
Field Type: The type is a structure.
Field Type sizeof: 24

[INFO -- 2018-09-30 19:49:52]
Fault Injection Successful after 3.214707851409912s
[INFO -- 2018-09-30 19:49:57]
event type: exit
[INFO -- 2018-09-30 19:49:57]
exit code: 0
