[INFO -- 2018-10-12 13:08:28]
Starting flip_value script
version: 1.1
[INFO -- 2018-10-12 13:08:28]
Initialization strings:
[INFO -- 2018-10-12 13:08:28]
(1) file /tmp/lreg/lreg
[INFO -- 2018-10-12 13:08:28]
(2) set args /tmp/lreg/randInput /tmp/lreg/output
[INFO -- 2018-10-12 13:08:28]
initSignal:0
[INFO -- 2018-10-12 13:08:28]
endSignal:10
[INFO -- 2018-10-12 13:08:28]
faultModel:2
[INFO -- 2018-10-12 13:08:32]
Backtrace BEGIN:
#0  0x00007ffff76b7b4d in __pow (x=9, y=3) at w_pow_compat.c:62
#1  0x00005555555560ba in std::pow<double, unsigned int> (__x=9, __y=3) at /usr/include/c++/7/cmath:418
#2  0x00005555555552c2 in predict (v=9) at lreg.cpp:77
#3  0x000055555555551d in partialDerivate (pos=3) at lreg.cpp:107
#4  0x0000555555555670 in adjust () at lreg.cpp:123
#5  0x0000555555555881 in train (iterations=90000, N=4, stopsWhenStable=true) at lreg.cpp:159
#6  0x0000555555555dba in main (argc=3, argv=0x7fffffffde68) at lreg.cpp:225

57	w_pow_compat.c: No such file or directory.

Backtrace END
Memory content before bitflip:0x190x000x000x00
Fault Model: Random bit-flip
base address to flip value: 0x7fffffffd77c
address max offset: 4
Memory content after  bitflip:0x060xbb0x210xec
frame name: partialDerivate
symbol name: i1
symbol filename: lreg.cpp
symbol line: 103
value: 3961633542
value address: 0x7fffffffd77c
Type: The type is an integer type.
Type sizeof: 4

[INFO -- 2018-10-12 13:08:32]
Fault Injection Successful after 4.500137805938721s
[INFO -- 2018-10-12 13:08:37]
event type: exit
[INFO -- 2018-10-12 13:08:37]
exit code: 0
