[INFO -- 2018-11-23 18:31:45]
Starting flip_value script
version: 1.1
[INFO -- 2018-11-23 18:31:45]
Initialization strings:
[INFO -- 2018-11-23 18:31:45]
(1) file /tmp/lreg/lreg
[INFO -- 2018-11-23 18:31:45]
(2) set args /tmp/lreg/randInput /tmp/lreg/output
[INFO -- 2018-11-23 18:31:45]
initSignal:0
[INFO -- 2018-11-23 18:31:45]
endSignal:3
[INFO -- 2018-11-23 18:31:45]
faultModel:0
[INFO -- 2018-11-23 18:31:45]
Backtrace BEGIN:
#0  0x00007ffff76b9990 in *ABS*+0x2d7c0@plt () from /lib/x86_64-linux-gnu/libm.so.6
#1  0x00007ffff76bcb14 in __pow (x=23, y=2) at w_pow_compat.c:30
#2  0x0000555555555d5f in std::pow<double, int> (__x=23, __y=2) at /usr/include/c++/7/cmath:418
#3  0x00005555555551e7 in predict (v=23) at lreg.cpp:50
#4  0x00005555555553ac in partialDerivate (pos=0) at lreg.cpp:74
#5  0x00005555555554b3 in adjust (alpha=5.0000000000000002e-05) at lreg.cpp:87
#6  0x000055555555565c in train (iterations=20000, alpha=5.0000000000000002e-05, N=3, stopsWhenStable=true) at lreg.cpp:120
#7  0x0000555555555ab7 in main (argc=3, argv=0x7fffffffde58) at lreg.cpp:174

130		T = bestT;
131	}
132	
133	/*
134	It must receive an input file formated as follows:
135		1° Line : one integer T -> number of test cases
136		2° to 5° repeat to all test case	
137		2° Line : method parameters -> alpha, iterations, N, size of 
138			      training set, predictions
139		3° Line : inputs x of the training set

Backtrace END
Memory content before bitflip:0x000x000x000x000x000x000x370x40
Fault Model: Single bit-flip
base address to flip value: 0x7fffffffd6c0
address max offset: 8
Memory content after  bitflip:0x000x000x100x000x000x000x370x40
frame name: __pow
symbol name: x
symbol filename: w_pow_compat.c
symbol line: 28
value: 23.00000000372529
value address: 0x7fffffffd6c0
Type: A floating point type.
Type sizeof: 8

[INFO -- 2018-11-23 18:31:45]
Fault Injection Successful after 0.6652042865753174s
[INFO -- 2018-11-23 18:31:47]
event type: exit
[INFO -- 2018-11-23 18:31:47]
exit code: 0
