[INFO -- 2018-11-26 21:13:51]
Starting flip_value script
version: 1.1
[INFO -- 2018-11-26 21:13:51]
Initialization strings:
[INFO -- 2018-11-26 21:13:51]
(1) file /tmp/lreg/lreg
[INFO -- 2018-11-26 21:13:51]
(2) set args /tmp/lreg/randInput /tmp/lreg/output
[INFO -- 2018-11-26 21:13:51]
initSignal:0
[INFO -- 2018-11-26 21:13:51]
endSignal:3
[INFO -- 2018-11-26 21:13:51]
faultModel:1
[EXCEPTION -- 2018-11-26 21:13:51]
gdbException: Attempt to dereference a generic pointer.
[INFO -- 2018-11-26 21:13:53]
event type: exit
[INFO -- 2018-11-26 21:13:53]
exit code: 0
