[INFO -- 2018-11-15 12:50:09]
Starting flip_value script
version: 1.1
[INFO -- 2018-11-15 12:50:09]
Initialization strings:
[INFO -- 2018-11-15 12:50:09]
(1) file /tmp/lreg/lreg
[INFO -- 2018-11-15 12:50:09]
(2) set args /tmp/lreg/randInput /tmp/lreg/output
[INFO -- 2018-11-15 12:50:09]
initSignal:0
[INFO -- 2018-11-15 12:50:09]
endSignal:5
[INFO -- 2018-11-15 12:50:09]
faultModel:2
[INFO -- 2018-11-15 12:50:11]
Backtrace BEGIN:
#0  0x00005555555567e9 in std::pow<double, unsigned int> (__x=-14, __y=0) at /usr/include/c++/7/cmath:415
#1  0x0000555555555ace in partialDerivate (pos1=0, pos2=0) at lreg.cpp:142
#2  0x0000555555555bbe in adjust (alpha1=5.0000000000000002e-05, alpha2=5.0000000000000002e-05) at lreg.cpp:156
#3  0x0000555555555ee0 in train (iter1=30000, iter2=30000, N=3, alpha1=5.0000000000000002e-05, alpha2=5.0000000000000002e-05, stopsWhenStable=true) at lreg.cpp:193
#4  0x0000555555556467 in main (argc=3, argv=0x7fffffffde58) at lreg.cpp:253

410	#endif
411	
412	  template<typename _Tp, typename _Up>
413	    inline _GLIBCXX_CONSTEXPR
414	    typename __gnu_cxx::__promote_2<_Tp, _Up>::__type
415	    pow(_Tp __x, _Up __y)
416	    {
417	      typedef typename __gnu_cxx::__promote_2<_Tp, _Up>::__type __type;
418	      return pow(__type(__x), __type(__y));
419	    }

Backtrace END
Memory content before bitflip:0x060x000x000x00
Fault Model: Random bit-flip
base address to flip value: 0x7fffffffd724
address max offset: 4
Memory content after  bitflip:0xcb0xf10x620xf2
frame name: partialDerivate
symbol name: i2
symbol filename: lreg.cpp
symbol line: 141
value: 4066570699
value address: 0x7fffffffd724
Type: The type is an integer type.
Type sizeof: 4

[INFO -- 2018-11-15 12:50:11]
Fault Injection Successful after 2.990021228790283s
[INFO -- 2018-11-15 12:50:17]
event type: exit
[INFO -- 2018-11-15 12:50:17]
exit code: 0
