[INFO -- 2018-11-27 18:29:57]
Starting flip_value script
version: 1.1
[INFO -- 2018-11-27 18:29:57]
Initialization strings:
[INFO -- 2018-11-27 18:29:57]
(1) file /tmp/lreg/lreg
[INFO -- 2018-11-27 18:29:57]
(2) set args /tmp/lreg/randInput /tmp/lreg/output
[INFO -- 2018-11-27 18:29:57]
initSignal:0
[INFO -- 2018-11-27 18:29:57]
endSignal:3
[INFO -- 2018-11-27 18:29:57]
faultModel:0
[INFO -- 2018-11-27 18:29:58]
Backtrace BEGIN:
#0  partialDerivate (pos1=2, pos2=2) at lreg.cpp:141
#1  0x0000555555555bbe in adjust (alpha1=5.0000000000000002e-05, alpha2=5.0000000000000002e-05) at lreg.cpp:156
#2  0x0000555555555ee0 in train (iter1=20000, iter2=20000, N=3, alpha1=5.0000000000000002e-05, alpha2=5.0000000000000002e-05, stopsWhenStable=true) at lreg.cpp:193
#3  0x0000555555556467 in main (argc=3, argv=0x7fffffffde58) at lreg.cpp:253

136		to the adjustment variable whose position in T is passed in pos
137	*/
138	double partialDerivate(UINT pos1, UINT pos2){
139		double pD = 0;
140		
141		for(UINT i1 = 0, i2 = 0; verifyUintDup(i1, i2)<(x.size() - 1); i1++, i2++){
142			pD += ((predict(x[verifyUintDup(i1, i2)]) - y[verifyUintDup(i1, i2)])*pow(x[verifyUintDup(i1, i2)], verifyUintDup(pos1, pos2)));	
143		}
144		pD *= (2.0/(x.size() - 1));
145		return pD;

Backtrace END
Memory content before bitflip:0x010x000x000x00
Fault Model: Single bit-flip
base address to flip value: 0x7fffffffd8ec
address max offset: 4
Memory content after  bitflip:0x030x000x000x00
frame name: main
symbol name: i1
symbol filename: lreg.cpp
symbol line: 232
value: 3
value address: 0x7fffffffd8ec
Type: The type is an integer type.
Type sizeof: 4

[INFO -- 2018-11-27 18:29:58]
Fault Injection Successful after 1.305370569229126s
[INFO -- 2018-11-27 18:29:58]
event type: exit
[INFO -- 2018-11-27 18:29:58]
exit code: 0
