[INFO -- 2018-10-13 11:37:37]
Starting flip_value script
version: 1.1
[INFO -- 2018-10-13 11:37:37]
Initialization strings:
[INFO -- 2018-10-13 11:37:37]
(1) file /tmp/lreg/lreg
[INFO -- 2018-10-13 11:37:37]
(2) set args /tmp/lreg/randInput /tmp/lreg/output
[INFO -- 2018-10-13 11:37:37]
initSignal:0
[INFO -- 2018-10-13 11:37:37]
endSignal:10
[INFO -- 2018-10-13 11:37:37]
faultModel:2
[EXCEPTION -- 2018-10-13 11:37:40]
pythonException: Unable to exit loop in struct fields; Exiting wihtout making a bit flip
[INFO -- 2018-10-13 11:37:40]
Backtrace BEGIN:
#0  0x00005555555550b4 in selectTriUInt (a=0, b=0, c=4) at lreg.cpp:47
#1  0x0000555555555256 in predict (v=-23) at lreg.cpp:74
#2  0x00005555555553e9 in meanSquaredError () at lreg.cpp:91
#3  0x0000555555555886 in train (iterations=90000, N=4, stopsWhenStable=true) at lreg.cpp:160
#4  0x0000555555555dba in main (argc=3, argv=0x7fffffffde68) at lreg.cpp:225

42	vector<double> y; // observed values of training set inputs
43	vector<double> T; // the adjustment variables
44	
45	double a1, a2, a3; // triplication of alpha
46	
47	UINT selectTriUInt(UINT a, UINT b, UINT c){
48		return (a == b)? a : c;
49	}
50	double selectTriDouble(double a, double b, double c){
51		return (a == b)? a : c;

Backtrace END
Memory content before bitflip:0x000x000x000x000x000x000x000x00
Fault Model: Random bit-flip
base address to flip value: 0x7fffffffd788
address max offset: 8
Memory content after  bitflip:0xb40xfc0x290xdf0xa30x8b0x770x99
frame name: predict
symbol name: val
symbol filename: lreg.cpp
symbol line: 72
value: -5.4114049950348782e-186
value address: 0x7fffffffd788
Type: A floating point type.
Type sizeof: 8

[INFO -- 2018-10-13 11:37:40]
Fault Injection Successful after 3.8510384559631348s
[INFO -- 2018-10-13 11:37:46]
event type: exit
[INFO -- 2018-10-13 11:37:46]
exit code: 0
