[INFO -- 2018-10-01 13:35:49]
Starting flip_value script
version: 1.1
[INFO -- 2018-10-01 13:35:49]
Initialization strings:
[INFO -- 2018-10-01 13:35:49]
(1) file /tmp/lreg/lreg
[INFO -- 2018-10-01 13:35:49]
(2) set args /tmp/lreg/randInput /tmp/lreg/output
[INFO -- 2018-10-01 13:35:49]
initSignal:0
[INFO -- 2018-10-01 13:35:49]
endSignal:10
[INFO -- 2018-10-01 13:35:49]
faultModel:2
[INFO -- 2018-10-01 13:35:50]
Backtrace BEGIN:
#0  std::_Vector_base<double, std::allocator<double> >::_M_create_storage (this=0x7fffffffd880, __n=3) at /usr/include/c++/7/bits/stl_vector.h:187
#1  0x000055555555644b in std::_Vector_base<double, std::allocator<double> >::_Vector_base (this=0x7fffffffd880, __n=3, __a=...) at /usr/include/c++/7/bits/stl_vector.h:138
#2  0x0000555555555f1d in std::vector<double, std::allocator<double> >::vector (this=0x7fffffffd880, __x=std::vector of length 3, capacity 3 = {...}) at /usr/include/c++/7/bits/stl_vector.h:328
#3  0x00005555555556db in train (iterations=60000, alpha=5.0000000000000002e-05, N=3, stopsWhenStable=true) at lreg.cpp:126
#4  0x0000555555555ab7 in main (argc=3, argv=0x7fffffffde58) at lreg.cpp:174

182	
183	    private:
184	      void
185	      _M_create_storage(size_t __n)
186	      {
187		this->_M_impl._M_start = this->_M_allocate(__n);
188		this->_M_impl._M_finish = this->_M_impl._M_start;
189		this->_M_impl._M_end_of_storage = this->_M_impl._M_start + __n;
190	      }
191	    };

Backtrace END
Fliping value of field: std::_Vector_base<double, std::allocator<double> >
Fliping value of field: _M_impl
Fliping value of field: _M_finish
Fliping a bit of the value pointed by a pointer
Memory content before bitflip:0x000x000x000x000x000x000x000x00
Fault Model: Random bit-flip
base address to flip value: 0x5555557716f0
address max offset: 8
Memory content after  bitflip:0xb40x8b0xe40x2c0xb60x8c0xff0xf5
frame name: std::vector<double, std::allocator<double> >::vector
symbol name: y
symbol filename: lreg.cpp
symbol line: 33
value: std::vector of length 20, capacity 32 = {21, 31, -13, -5, -13, -27, -15, 13, -164, -956, -2020, -356, -220, -220, -1084, -220, 4, -44, -724, -2204}
value address: 0x55555575a160 <y>
Type: The type is a structure.
Type sizeof: 24
Field name: std::_Vector_base<double, std::allocator<double> >
Field Type: The type is a structure.
Field Type sizeof: 24

[INFO -- 2018-10-01 13:35:50]
Fault Injection Successful after 1.7076482772827148s
[INFO -- 2018-10-01 13:35:56]
event type: exit
[INFO -- 2018-10-01 13:35:56]
exit code: 0
