[INFO -- 2018-10-04 20:08:30]
Starting flip_value script
version: 1.1
[INFO -- 2018-10-04 20:08:30]
Initialization strings:
[INFO -- 2018-10-04 20:08:30]
(1) file /tmp/lreg/lreg
[INFO -- 2018-10-04 20:08:30]
(2) set args /tmp/lreg/randInput /tmp/lreg/output
[INFO -- 2018-10-04 20:08:30]
initSignal:0
[INFO -- 2018-10-04 20:08:30]
endSignal:10
[INFO -- 2018-10-04 20:08:30]
faultModel:2
[INFO -- 2018-10-04 20:08:32]
Backtrace BEGIN:
#0  0x00007ffff76d5512 in __ieee754_pow_sse2 (x=14, y=2) at ../sysdeps/ieee754/dbl-64/e_pow.c:65
#1  0x00007ffff76b7b14 in __pow (x=14, y=2) at w_pow_compat.c:30
#2  0x0000555555555d47 in std::pow<double, int> (__x=14, __y=2) at /usr/include/c++/7/cmath:418
#3  0x00005555555551e7 in predict (v=14) at lreg.cpp:50
#4  0x00005555555553ac in partialDerivate (pos=1) at lreg.cpp:74
#5  0x00005555555554b3 in adjust (alpha=2.2222199999999999e-05) at lreg.cpp:87
#6  0x000055555555565c in train (iterations=90000, alpha=2.2222199999999999e-05, N=4, stopsWhenStable=true) at lreg.cpp:120
#7  0x0000555555555ab7 in main (argc=3, argv=0x7fffffffde58) at lreg.cpp:174

60	../sysdeps/ieee754/dbl-64/e_pow.c: No such file or directory.

Backtrace END
Fliping value of field: std::_Vector_base<double, std::allocator<double> >
Fliping value of field: _M_impl
Fliping value of field: _M_finish
Fliping a bit of the pointer
Memory content before bitflip:0x900x1a0x770x550x550x550x000x00
Fault Model: Random bit-flip
base address to flip value: 0x55555575a168 
address max offset: 8
Memory content after  bitflip:0x6a0x230xd60xdb0xd90x150xb40xb9
frame name: main
symbol name: y
symbol filename: lreg.cpp
symbol line: 33
value: std::vector of length -633186685054885568, capacity 64 = {29, 9, -11, -13, -13, 21, 1, 23, -15, 33, 53, 33, -7, -15, -79, -23, -27, -47, -23, 61, 90597, -30909, 80037, 111, -121719, -2299, 9633, 297, -17433, -2299, 70331, -11079, -873, 114423, -69, 617, 0, 0, 0, 0, 0, 0, 0, 0, 0, 0, 0, 0, 0, 0, 0, 0, 0, 0, 0, 0, 0, 0, 0, 0, 0, 0, 0, 0, 0, 2.4209216646221081e-322, 6.0487932895509458, 80.207973512787376, 7.4401426473624239, -5.5793734267817623, 0, 2.4209216646221081e-322, 6.0487932895509458, 80.207973512787376, 7.4401426473624239, -5.5793734267817623, 0, 2.4209216646221081e-322, 4.6355706479211964e-310, 80.203015128685081, 7.4378503031539047, -5.5588689087130083, 0, 2.4209216646221081e-322, 0, 80.207973512787376, 7.4401426473624239, -5.5793734267817623, 0, 2.0719630989644356e-319, 0, 0, 0, 0, 0, 0, 0, 0, 0, 0, 0, 0, 0, 0, 0, 0, 0, 0, 0, 0, 0, 0, 0, 0, 0, 0, 0, 0, 0, 0, 0, 0, 0, 0, 0, 0, 0, 0, 0, 0, 0, 0, 0, 0, 0, 0, 0, 0, 0, 0, 0, 0, 0, 0, 0, 0, 0, 0, 0, 0, 0, 0, 0, 0, 0, 0, 0, 0, 0, 0, 0, 0, 0, 0, 0, 0, 0, 0, 0, 0, 0, 0, 0, 0, 0, 0, 0, 0, 0, 0, 0, 0, 0, 0, 0, 0, 0, 0, 0, 0, 0, 0, 0, 0, 0, 0, 0, 0, 0, 0...}
value address: 0x55555575a160 <y>
Type: The type is a structure.
Type sizeof: 24
Field name: std::_Vector_base<double, std::allocator<double> >
Field Type: The type is a structure.
Field Type sizeof: 24

[INFO -- 2018-10-04 20:08:32]
Fault Injection Successful after 2.529820442199707s
[INFO -- 2018-10-04 20:08:37]
event type: exit
[INFO -- 2018-10-04 20:08:37]
exit code: 0
