[INFO -- 2018-11-23 19:29:29]
Starting flip_value script
version: 1.1
[INFO -- 2018-11-23 19:29:29]
Initialization strings:
[INFO -- 2018-11-23 19:29:29]
(1) file /tmp/lreg/lreg
[INFO -- 2018-11-23 19:29:29]
(2) set args /tmp/lreg/randInput /tmp/lreg/output
[INFO -- 2018-11-23 19:29:29]
initSignal:0
[INFO -- 2018-11-23 19:29:29]
endSignal:3
[INFO -- 2018-11-23 19:29:29]
faultModel:2
[INFO -- 2018-11-23 19:29:30]
Backtrace BEGIN:
#0  __exp1 (x=<optimized out>, xx=<optimized out>, error=<optimized out>) at ../sysdeps/ieee754/dbl-64/e_exp.c:280
#1  0x00007ffff76da8dc in __ieee754_pow_sse2 (x=17, y=3) at ../sysdeps/ieee754/dbl-64/e_pow.c:115
#2  0x00007ffff76db6be in __ieee754_pow_sse2 (x=<optimized out>, y=<optimized out>) at ../sysdeps/ieee754/dbl-64/e_pow.c:184
#3  0x00007ffff76bcb14 in __pow (x=-17, y=3) at w_pow_compat.c:30
#4  0x0000555555555d5f in std::pow<double, int> (__x=-17, __y=3) at /usr/include/c++/7/cmath:418
#5  0x00005555555551e7 in predict (v=-17) at lreg.cpp:50
#6  0x00005555555553ac in partialDerivate (pos=2) at lreg.cpp:74
#7  0x00005555555554b3 in adjust (alpha=2.2222199999999999e-05) at lreg.cpp:87
#8  0x000055555555565c in train (iterations=30000, alpha=2.2222199999999999e-05, N=4, stopsWhenStable=true) at lreg.cpp:120
#9  0x0000555555555ab7 in main (argc=3, argv=0x7fffffffde58) at lreg.cpp:174

275	../sysdeps/ieee754/dbl-64/e_exp.c: No such file or directory.

Backtrace END
Memory content before bitflip:0x000x000x000x000x000x000x310xc0
Fault Model: Random bit-flip
base address to flip value: 0x7fffffffd728
address max offset: 8
Memory content after  bitflip:0x7d0x420x330x710xc60xb00x150x61
frame name: predict
symbol name: v
symbol filename: lreg.cpp
symbol line: 47
value: 4.764834744817497e+159
value address: 0x7fffffffd728
Type: A floating point type.
Type sizeof: 8

[INFO -- 2018-11-23 19:29:30]
Fault Injection Successful after 1.735644817352295s
[INFO -- 2018-11-23 19:29:31]
event type: exit
[INFO -- 2018-11-23 19:29:31]
exit code: 0
