[INFO -- 2018-10-13 13:03:26]
Starting flip_value script
version: 1.1
[INFO -- 2018-10-13 13:03:26]
Initialization strings:
[INFO -- 2018-10-13 13:03:26]
(1) file /tmp/lreg/lreg
[INFO -- 2018-10-13 13:03:26]
(2) set args /tmp/lreg/randInput /tmp/lreg/output
[INFO -- 2018-10-13 13:03:26]
initSignal:0
[INFO -- 2018-10-13 13:03:26]
endSignal:10
[INFO -- 2018-10-13 13:03:26]
faultModel:0
[INFO -- 2018-10-13 13:03:32]
Backtrace BEGIN:
#0  0x00007ffff76da9e4 in __ieee754_pow_sse2 (x=-11, y=3) at ../sysdeps/ieee754/dbl-64/e_pow.c:128
#1  0x00007ffff76bcb14 in __pow (x=-11, y=3) at w_pow_compat.c:30
#2  0x00005555555560ba in std::pow<double, unsigned int> (__x=-11, __y=3) at /usr/include/c++/7/cmath:418
#3  0x00005555555552c2 in predict (v=-11) at lreg.cpp:77
#4  0x000055555555551d in partialDerivate (pos=0) at lreg.cpp:107
#5  0x0000555555555670 in adjust () at lreg.cpp:123
#6  0x0000555555555881 in train (iterations=90000, N=4, stopsWhenStable=true) at lreg.cpp:159
#7  0x0000555555555dba in main (argc=3, argv=0x7fffffffde68) at lreg.cpp:225

123	../sysdeps/ieee754/dbl-64/e_pow.c: No such file or directory.

Backtrace END
Memory content before bitflip:0x000x000x000x000x000x000x260xc0
Fault Model: Single bit-flip
base address to flip value: 0x7fffffffd6d8
address max offset: 8
Memory content after  bitflip:0x000x000x000x000x000x000x360xc0
frame name: std::pow<double, unsigned int>
symbol name: __x
symbol filename: /usr/include/c++/7/cmath
symbol line: 415
value: -22
value address: 0x7fffffffd6d8
Type: A floating point type.
Type sizeof: 8

[INFO -- 2018-10-13 13:03:32]
Fault Injection Successful after 6.2297258377075195s
[INFO -- 2018-10-13 13:03:35]
event type: exit
[INFO -- 2018-10-13 13:03:35]
exit code: 0
