[INFO -- 2018-11-13 18:14:09]
Starting flip_value script
version: 1.1
[INFO -- 2018-11-13 18:14:09]
Initialization strings:
[INFO -- 2018-11-13 18:14:09]
(1) file /tmp/lreg/lreg
[INFO -- 2018-11-13 18:14:09]
(2) set args /tmp/lreg/randInput /tmp/lreg/output
[INFO -- 2018-11-13 18:14:09]
initSignal:0
[INFO -- 2018-11-13 18:14:09]
endSignal:5
[INFO -- 2018-11-13 18:14:09]
faultModel:1
[INFO -- 2018-11-13 18:14:16]
Backtrace BEGIN:
#0  0x00007ffff76da5e4 in __ieee754_pow_sse2 (x=29, y=0) at ../sysdeps/ieee754/dbl-64/e_pow.c:85
#1  0x00007ffff76bcb14 in __pow (x=29, y=0) at w_pow_compat.c:30
#2  0x0000555555556826 in std::pow<double, unsigned int> (__x=29, __y=0) at /usr/include/c++/7/cmath:418
#3  0x0000555555555814 in predict (v=29) at lreg.cpp:116
#4  0x0000555555555a53 in partialDerivate (pos1=1, pos2=1) at lreg.cpp:142
#5  0x0000555555555bbe in adjust (alpha1=2.2222199999999999e-05, alpha2=2.2222199999999999e-05) at lreg.cpp:156
#6  0x0000555555555ee0 in train (iter1=45000, iter2=45000, N=4, alpha1=2.2222199999999999e-05, alpha2=2.2222199999999999e-05, stopsWhenStable=true) at lreg.cpp:193
#7  0x0000555555556467 in main (argc=3, argv=0x7fffffffde58) at lreg.cpp:253

80	../sysdeps/ieee754/dbl-64/e_pow.c: No such file or directory.

Backtrace END
Fliping value of field: std::_Vector_base<double, std::allocator<double> >
Fliping value of field: _M_impl
Fliping value of field: _M_end_of_storage
Fliping a bit of the value pointed by a pointer
Memory content before bitflip:0x000x000x000x000x000x000x000x00
Fault Model: Double bit-flip
base address to flip value: 0x555555772820
address max offset: 8
Memory content after  bitflip:0x000x240x000x000x000x000x000x00
frame name: predict
symbol name: y
symbol filename: lreg.cpp
symbol line: 35
value: std::vector of length 17, capacity 32 = {1680, 16, 720, 646, 16, 390, 1920, 96, 1920, 1456, 2046, 1248, 1566, 96, 1456, 448, 15720}
value address: 0x55555575b160 <y>
Type: The type is a structure.
Type sizeof: 24
Field name: std::_Vector_base<double, std::allocator<double> >
Field Type: The type is a structure.
Field Type sizeof: 24

[INFO -- 2018-11-13 18:14:16]
Fault Injection Successful after 7.24450159072876s
[INFO -- 2018-11-13 18:14:16]
event type: exit
[INFO -- 2018-11-13 18:14:16]
exit code: 0
