[INFO -- 2018-11-25 13:13:03]
Starting flip_value script
version: 1.1
[INFO -- 2018-11-25 13:13:03]
Initialization strings:
[INFO -- 2018-11-25 13:13:03]
(1) file /tmp/lreg/lreg
[INFO -- 2018-11-25 13:13:03]
(2) set args /tmp/lreg/randInput /tmp/lreg/output /tmp/lreg/detected.log
[INFO -- 2018-11-25 13:13:03]
initSignal:0
[INFO -- 2018-11-25 13:13:03]
endSignal:6
[INFO -- 2018-11-25 13:13:03]
faultModel:0
[INFO -- 2018-11-25 13:13:05]
Backtrace BEGIN:
#0  0x0000555555554ed0 in pow@plt ()
#1  0x000055555555621b in std::pow<double, int> (__x=-15, __y=3) at /usr/include/c++/7/cmath:418
#2  0x0000555555555237 in predict (v=-15) at lreg.cpp:50
#3  0x00005555555553fc in partialDerivate (pos=3) at lreg.cpp:74
#4  0x0000555555555503 in adjust (alpha=2.2222199999999999e-05) at lreg.cpp:87
#5  0x00005555555556ac in train (iterations=30000, alpha=2.2222199999999999e-05, N=4, stopsWhenStable=true) at lreg.cpp:120
#6  0x0000555555555a1c in execute (input=0x7fffffffe1f1 "/tmp/lreg/randInput") at lreg.cpp:157
#7  0x0000555555555cb0 in main (argc=4, argv=0x7fffffffde48) at lreg.cpp:196

167		inp.close();
168	}
169	
170	/*
171	It must receive an input file formated as follows:
172		1° Line : one integer T -> number of test cases
173		2° to 5° repeat to all test case	
174		2° Line : method parameters -> alpha, iterations, N, size of 
175			      training set, predictions
176		3° Line : inputs x of the training set

Backtrace END
Memory content before bitflip:0x000x000x000x000x000x000x000x00
Fault Model: Single bit-flip
base address to flip value: 0x7fffffffd4d8
address max offset: 8
Memory content after  bitflip:0x000x000x000x100x000x000x000x00
frame name: partialDerivate
symbol name: pD
symbol filename: lreg.cpp
symbol line: 72
value: 1.3262473693532952e-315
value address: 0x7fffffffd4d8
Type: A floating point type.
Type sizeof: 8

[INFO -- 2018-11-25 13:13:05]
Fault Injection Successful after 2.078444242477417s
[INFO -- 2018-11-25 13:13:05]
event type: exit
[INFO -- 2018-11-25 13:13:05]
exit code: 0
