[INFO -- 2018-11-16 14:47:56]
sending 5 signals using command: 'killall -2 lreg' after 3.45589557187s
[INFO -- 2018-11-16 14:47:56]
sending 5 signals using command: 'killall -2 lreg' after 4.05476714672s
[INFO -- 2018-11-16 14:47:56]
sending 5 signals using command: 'killall -2 lreg' after 4.00864698965s
[INFO -- 2018-11-16 14:47:56]
Starting GDB script
[INFO -- 2018-11-16 14:47:56]
initSignal:0.0
[INFO -- 2018-11-16 14:47:56]
endSignal:5.0
[INFO -- 2018-11-16 14:47:58]
sending 5 signals using command: 'killall -2 lreg' after 0.985922869431s
[INFO -- 2018-11-16 14:47:59]
sending 5 signals using command: 'killall -2 lreg' after 2.31826215842s
[INFO -- 2018-11-16 14:48:03]
sending 5 signals using command: 'killall -2 lreg' after 3.18433100248s
[INFO -- 2018-11-16 14:48:03]
Execution finished before waitTime
