[INFO -- 2018-11-16 14:47:57]
Starting flip_value script
version: 1.1
[INFO -- 2018-11-16 14:47:57]
Initialization strings:
[INFO -- 2018-11-16 14:47:57]
(1) file /tmp/lreg/lreg
[INFO -- 2018-11-16 14:47:57]
(2) set args /tmp/lreg/randInput /tmp/lreg/output
[INFO -- 2018-11-16 14:47:57]
initSignal:0
[INFO -- 2018-11-16 14:47:57]
endSignal:5
[INFO -- 2018-11-16 14:47:57]
faultModel:1
[INFO -- 2018-11-16 14:47:58]
Backtrace BEGIN:
#0  0x000055555555510c in verifyUintDup (a=8, b=0) at lreg.cpp:61
#1  0x0000555555555aaa in partialDerivate (pos1=0, pos2=0) at lreg.cpp:142
#2  0x0000555555555bbe in adjust (alpha1=5.0000000000000002e-05, alpha2=5.0000000000000002e-05) at lreg.cpp:156
#3  0x0000555555555ee0 in train (iter1=30000, iter2=30000, N=3, alpha1=5.0000000000000002e-05, alpha2=5.0000000000000002e-05, stopsWhenStable=true) at lreg.cpp:193
#4  0x0000555555556467 in main (argc=3, argv=0x7fffffffde58) at lreg.cpp:253

56	*/
57	
58	int detected = 0;
59	
60	
61	UINT verifyUintDup(UINT a, UINT b){
62		if (a != b && detected != 1){
63			//gerar entrada no log
64			ofstream fp ("/tmp/lreg/detected.log", std::ofstream::app);
65			fp << "verifyUint: a = "<<a<<"; b = "<<b<<endl;

Backtrace END
Memory content before bitflip:0x2d0x430x1c0xeb0xe20x360x0a0x3f
Fault Model: Double bit-flip
base address to flip value: 0x7fffffffd7c0
address max offset: 8
Memory content after  bitflip:0x2d0x610x1c0xeb0xe20x360x0a0x3f
frame name: train
symbol name: alpha2
symbol filename: lreg.cpp
symbol line: 177
value: 5.0000000000052044e-05
value address: 0x7fffffffd7c0
Type: A floating point type.
Type sizeof: 8

[INFO -- 2018-11-16 14:47:58]
Fault Injection Successful after 1.1831073760986328s
[INFO -- 2018-11-16 14:48:01]
event type: exit
[INFO -- 2018-11-16 14:48:01]
exit code: 0
