[INFO -- 2018-11-26 20:12:09]
Starting flip_value script
version: 1.1
[INFO -- 2018-11-26 20:12:09]
Initialization strings:
[INFO -- 2018-11-26 20:12:09]
(1) file /tmp/lreg/lreg
[INFO -- 2018-11-26 20:12:09]
(2) set args /tmp/lreg/randInput /tmp/lreg/output
[INFO -- 2018-11-26 20:12:09]
initSignal:0
[INFO -- 2018-11-26 20:12:09]
endSignal:3
[INFO -- 2018-11-26 20:12:09]
faultModel:0
[INFO -- 2018-11-26 20:12:09]
Backtrace BEGIN:
#0  0x00007ffff76da512 in __ieee754_pow_sse2 (x=-3, y=1) at ../sysdeps/ieee754/dbl-64/e_pow.c:65
#1  0x00007ffff76bcb14 in __pow (x=-3, y=1) at w_pow_compat.c:30
#2  0x0000555555556826 in std::pow<double, unsigned int> (__x=-3, __y=1) at /usr/include/c++/7/cmath:418
#3  0x0000555555555ace in partialDerivate (pos1=1, pos2=1) at lreg.cpp:142
#4  0x0000555555555bbe in adjust (alpha1=0.00020000000000000001, alpha2=0.00020000000000000001) at lreg.cpp:156
#5  0x0000555555555ee0 in train (iter1=10000, iter2=10000, N=2, alpha1=0.00020000000000000001, alpha2=0.00020000000000000001, stopsWhenStable=true) at lreg.cpp:193
#6  0x0000555555556467 in main (argc=3, argv=0x7fffffffde58) at lreg.cpp:253

60	../sysdeps/ieee754/dbl-64/e_pow.c: No such file or directory.

Backtrace END
Fliping value of field name: i
Fliping array at pos: 1
Memory content before bitflip:0xff0xff0x970x42
Fault Model: Single bit-flip
base address to flip value: 0x7ffff779f5bc 
address max offset: 4
Memory content after  bitflip:0xff0x7f0x970x42
frame name: __ieee754_pow_sse2
symbol name: bigu
symbol filename: ../sysdeps/ieee754/dbl-64/upow.h
symbol line: 52
value: {i = {-724, 1117224959}, x = 6459630813183.293}
value address: 0x7ffff779f5b8 <bigu>
Type: The type is a union.
Type sizeof: 8
Field name: i
Field Type: The type is an array.
Field Type sizeof: 8
Field name: x
Field Type: A floating point type.
Field Type sizeof: 8

[INFO -- 2018-11-26 20:12:09]
Fault Injection Successful after 0.5962774753570557s
[INFO -- 2018-11-26 20:12:11]
event type: exit
[INFO -- 2018-11-26 20:12:11]
exit code: 0
