[INFO -- 2018-09-15 17:06:14]
Starting flip_value script
version: 1.1
[INFO -- 2018-09-15 17:06:14]
Initialization strings:
[INFO -- 2018-09-15 17:06:14]
(1) file /tmp/lreg/lreg
[INFO -- 2018-09-15 17:06:14]
(2) set args /tmp/lreg/randInput /tmp/lreg/output
[INFO -- 2018-09-15 17:06:14]
initSignal:0
[INFO -- 2018-09-15 17:06:14]
endSignal:2
[INFO -- 2018-09-15 17:06:14]
faultModel:1
[INFO -- 2018-09-15 17:06:15]
Backtrace BEGIN:
#0  0x0000555555555f1b in std::pow<double, int> (__x=-15, __y=0) at /usr/include/c++/7/cmath:415
#1  0x0000555555555451 in partialDerivate (pos=0) at lreg.cpp:74
#2  0x0000555555555503 in adjust (alpha=5.0000000000000002e-05) at lreg.cpp:87
#3  0x00005555555556ac in train (iterations=60000, alpha=5.0000000000000002e-05, N=3, stopsWhenStable=true) at lreg.cpp:120
#4  0x0000555555555c26 in main (argc=3, argv=0x7fffffffde68) at lreg.cpp:182

410	#endif
411	
412	  template<typename _Tp, typename _Up>
413	    inline _GLIBCXX_CONSTEXPR
414	    typename __gnu_cxx::__promote_2<_Tp, _Up>::__type
415	    pow(_Tp __x, _Up __y)
416	    {
417	      typedef typename __gnu_cxx::__promote_2<_Tp, _Up>::__type __type;
418	      return pow(__type(__x), __type(__y));
419	    }

Backtrace END
Fliping value of field: std::_Vector_base<double, std::allocator<double> >
Fliping value of field: _M_impl
Fliping value of field: _M_start
Fliping a bit of the value pointed by a pointer
Memory content before bitflip:0x000x000x000x000x000x000xf00xbf
Fault Model: Double bit-flip
base address to flip value: 0x555555771650
address max offset: 8
Memory content after  bitflip:0x000x000x030x000x000x000xf00xbf
frame name: main
symbol name: y
symbol filename: lreg.cpp
symbol line: 33
value: std::vector of length 20, capacity 32 = {-1.0000000000436557, -1, -1, -1, -1, -1, -1, -1, -553, -73, -241, -307, -241, -7, -43, -1, -601, -3, -1, -211}
value address: 0x55555575a160 <y>
Type: The type is a structure.
Type sizeof: 24
Field name: std::_Vector_base<double, std::allocator<double> >
Field Type: The type is a structure.
Field Type sizeof: 24

[INFO -- 2018-09-15 17:06:15]
Fault Injection Successful after 1.680809497833252s
[INFO -- 2018-09-15 17:06:22]
event type: exit
[INFO -- 2018-09-15 17:06:22]
exit code: 0
