[INFO -- 2018-09-05 19:04:34]
Starting flip_value script
version: 1.1
[INFO -- 2018-09-05 19:04:34]
Initialization strings:
[INFO -- 2018-09-05 19:04:34]
(1) file /tmp/lreg/lreg
[INFO -- 2018-09-05 19:04:34]
(2) set args /tmp/lreg/randInput /tmp/lreg/output
[INFO -- 2018-09-05 19:04:34]
initSignal:0
[INFO -- 2018-09-05 19:04:34]
endSignal:2
[INFO -- 2018-09-05 19:04:34]
faultModel:2
[EXCEPTION -- 2018-09-05 19:04:35]
gdbException: Attempt to dereference a generic pointer.
[INFO -- 2018-09-05 19:04:36]
Backtrace BEGIN:
#0  0x00007ffff76b7b0f in __pow (x=17, y=3) at w_pow_compat.c:30
#1  0x0000555555555f39 in std::pow<double, int> (__x=17, __y=3) at /usr/include/c++/7/cmath:418
#2  0x0000555555555237 in predict (v=17) at lreg.cpp:50
#3  0x00005555555553fc in partialDerivate (pos=2) at lreg.cpp:74
#4  0x0000555555555503 in adjust (alpha=2.2222199999999999e-05) at lreg.cpp:87
#5  0x00005555555556ac in train (iterations=90000, alpha=2.2222199999999999e-05, N=4, stopsWhenStable=true) at lreg.cpp:120
#6  0x0000555555555c26 in main (argc=3, argv=0x7fffffffde78) at lreg.cpp:182

25	w_pow_compat.c: No such file or directory.

Backtrace END
Memory content before bitflip:0x000x000x000x000x000x000x310x40
Fault Model: Random bit-flip
base address to flip value: 0x7fffffffd748
address max offset: 8
Memory content after  bitflip:0xe80x750xb50xba0x650xe20x900xc5
frame name: predict
symbol name: v
symbol filename: lreg.cpp
symbol line: 47
value: -1.3063644488898018e+27
value address: 0x7fffffffd748
Type: A floating point type.
Type sizeof: 8

[INFO -- 2018-09-05 19:04:36]
Fault Injection Successful after 2.5000834465026855s
[INFO -- 2018-09-05 19:04:42]
event type: exit
[INFO -- 2018-09-05 19:04:42]
exit code: 0
