[INFO -- 2018-11-27 17:37:29]
Starting flip_value script
version: 1.1
[INFO -- 2018-11-27 17:37:29]
Initialization strings:
[INFO -- 2018-11-27 17:37:29]
(1) file /tmp/lreg/lreg
[INFO -- 2018-11-27 17:37:29]
(2) set args /tmp/lreg/randInput /tmp/lreg/output
[INFO -- 2018-11-27 17:37:29]
initSignal:0
[INFO -- 2018-11-27 17:37:29]
endSignal:3
[INFO -- 2018-11-27 17:37:29]
faultModel:1
[INFO -- 2018-11-27 17:37:30]
Backtrace BEGIN:
#0  __sqrt (x=<optimized out>) at w_sqrt_compat.c:34
#1  0x0000555555555bfd in adjust (alpha1=5.0000000000000002e-05, alpha2=5.0000000000000002e-05) at lreg.cpp:158
#2  0x0000555555555ee0 in train (iter1=20000, iter2=20000, N=3, alpha1=5.0000000000000002e-05, alpha2=5.0000000000000002e-05, stopsWhenStable=true) at lreg.cpp:193
#3  0x0000555555556467 in main (argc=3, argv=0x7fffffffde58) at lreg.cpp:253

29	w_sqrt_compat.c: No such file or directory.

Backtrace END
Fliping value of field: std::_Vector_base<double, std::allocator<double> >
Fliping value of field: _M_impl
Fliping value of field: _M_end_of_storage
Fliping a bit of the pointer
Memory content before bitflip:0x380x250x770x550x550x550x000x00
Fault Model: Double bit-flip
base address to flip value: 0x55555575b190 
address max offset: 8
Memory content after  bitflip:0x380x250x770x550x550x050x000x00
frame name: train
symbol name: T1
symbol filename: lreg.cpp
symbol line: 36
value: std::vector of length 3, capacity -10995116277757 = {1.5486340885332219, -0.021029234420858932, -2.9938823162941652}
value address: 0x55555575b180 <T1>
Type: The type is a structure.
Type sizeof: 24
Field name: std::_Vector_base<double, std::allocator<double> >
Field Type: The type is a structure.
Field Type sizeof: 24

[INFO -- 2018-11-27 17:37:30]
Fault Injection Successful after 1.3747107982635498s
[INFO -- 2018-11-27 17:37:31]
event type: exit
[INFO -- 2018-11-27 17:37:31]
exit code: 0
