[INFO -- 2018-11-25 19:34:28]
Starting flip_value script
version: 1.1
[INFO -- 2018-11-25 19:34:28]
Initialization strings:
[INFO -- 2018-11-25 19:34:28]
(1) file /tmp/lreg/lreg
[INFO -- 2018-11-25 19:34:28]
(2) set args /tmp/lreg/randInput /tmp/lreg/output /tmp/lreg/detected.log
[INFO -- 2018-11-25 19:34:28]
initSignal:0
[INFO -- 2018-11-25 19:34:28]
endSignal:6
[INFO -- 2018-11-25 19:34:28]
faultModel:1
[INFO -- 2018-11-25 19:34:28]
Backtrace BEGIN:
#0  0x0000555555555217 in predict (v=-7) at lreg.cpp:50
#1  0x00005555555553fc in partialDerivate (pos=1) at lreg.cpp:74
#2  0x0000555555555503 in adjust (alpha=5.0000000000000002e-05) at lreg.cpp:87
#3  0x00005555555556ac in train (iterations=20000, alpha=5.0000000000000002e-05, N=3, stopsWhenStable=true) at lreg.cpp:120
#4  0x0000555555555a1c in execute (input=0x7fffffffe1f1 "/tmp/lreg/randInput") at lreg.cpp:157
#5  0x0000555555555c78 in main (argc=4, argv=0x7fffffffde48) at lreg.cpp:193

45		Predicts the value related to v using the Ts variables
46	*/
47	double predict(double v){
48		double val = 0;
49		for(int i = 0; i<T.size(); i++){
50			val+= (T[i] * pow(v, i));
51		}
52		return val;
53		
54	}

Backtrace END
Memory content before bitflip:0x040x000x000x00
Fault Model: Double bit-flip
base address to flip value: 0x7fffffffd8ec
address max offset: 4
Memory content after  bitflip:0x020x000x000x00
frame name: main
symbol name: argc
symbol filename: lreg.cpp
symbol line: 181
value: 2
value address: 0x7fffffffd8ec
Type: The type is an integer type.
Type sizeof: 4

[INFO -- 2018-11-25 19:34:28]
Fault Injection Successful after 0.9303696155548096s
[INFO -- 2018-11-25 19:34:31]
event type: exit
[INFO -- 2018-11-25 19:34:31]
exit code: 0
