[INFO -- 2018-10-13 13:02:55]
Starting flip_value script
version: 1.1
[INFO -- 2018-10-13 13:02:55]
Initialization strings:
[INFO -- 2018-10-13 13:02:55]
(1) file /tmp/lreg/lreg
[INFO -- 2018-10-13 13:02:55]
(2) set args /tmp/lreg/randInput /tmp/lreg/output
[INFO -- 2018-10-13 13:02:55]
initSignal:0
[INFO -- 2018-10-13 13:02:55]
endSignal:10
[INFO -- 2018-10-13 13:02:55]
faultModel:0
[INFO -- 2018-10-13 13:03:00]
Backtrace BEGIN:
#0  0x00005555555550ae in selectTriUInt (a=21845, b=1433772384, c=0) at lreg.cpp:47
#1  0x000055555555532b in meanSquaredError () at lreg.cpp:88
#2  0x0000555555555886 in train (iterations=90000, N=4, stopsWhenStable=true) at lreg.cpp:160
#3  0x0000555555555dba in main (argc=3, argv=0x7fffffffde68) at lreg.cpp:225

42	vector<double> y; // observed values of training set inputs
43	vector<double> T; // the adjustment variables
44	
45	double a1, a2, a3; // triplication of alpha
46	
47	UINT selectTriUInt(UINT a, UINT b, UINT c){
48		return (a == b)? a : c;
49	}
50	double selectTriDouble(double a, double b, double c){
51		return (a == b)? a : c;

Backtrace END
Memory content before bitflip:0x460x5a0xb70xf40x390x4d0xf70x3e
Fault Model: Single bit-flip
base address to flip value: 0x55555575a1a0 
address max offset: 8
Memory content after  bitflip:0x460x5a0xb70xfc0x390x4d0xf70x3e
frame name: main
symbol name: a2
symbol filename: lreg.cpp
symbol line: 45
value: 2.222220045474735e-05
value address: 0x55555575a1a0 <a2>
Type: A floating point type.
Type sizeof: 8

[INFO -- 2018-10-13 13:03:00]
Fault Injection Successful after 5.615595579147339s
[INFO -- 2018-10-13 13:03:04]
event type: exit
[INFO -- 2018-10-13 13:03:04]
exit code: 0
