[INFO -- 2018-11-24 09:36:40]
Starting flip_value script
version: 1.1
[INFO -- 2018-11-24 09:36:40]
Initialization strings:
[INFO -- 2018-11-24 09:36:40]
(1) file /tmp/lreg/lreg
[INFO -- 2018-11-24 09:36:40]
(2) set args /tmp/lreg/randInput /tmp/lreg/output
[INFO -- 2018-11-24 09:36:40]
initSignal:0
[INFO -- 2018-11-24 09:36:40]
endSignal:2
[INFO -- 2018-11-24 09:36:40]
faultModel:0
[EXCEPTION -- 2018-11-24 09:36:41]
gdbException: Attempt to dereference a generic pointer.
[INFO -- 2018-11-24 09:36:42]
Backtrace BEGIN:
#0  0x0000555555555d41 in std::pow<double, int> (__x=23, __y=0) at /usr/include/c++/7/cmath:415
#1  0x00005555555551e7 in predict (v=23) at lreg.cpp:50
#2  0x000055555555526a in meanSquaredError () at lreg.cpp:61
#3  0x0000555555555661 in train (iterations=20000, alpha=5.0000000000000002e-05, N=3, stopsWhenStable=true) at lreg.cpp:121
#4  0x0000555555555ab7 in main (argc=3, argv=0x7fffffffde58) at lreg.cpp:174

410	#endif
411	
412	  template<typename _Tp, typename _Up>
413	    inline _GLIBCXX_CONSTEXPR
414	    typename __gnu_cxx::__promote_2<_Tp, _Up>::__type
415	    pow(_Tp __x, _Up __y)
416	    {
417	      typedef typename __gnu_cxx::__promote_2<_Tp, _Up>::__type __type;
418	      return pow(__type(__x), __type(__y));
419	    }

Backtrace END
Memory content before bitflip:0x000x000x000x000x000x000x370x40
Fault Model: Single bit-flip
base address to flip value: 0x7fffffffd788
address max offset: 8
Memory content after  bitflip:0x000x000x000x000x000x400x370x40
frame name: predict
symbol name: v
symbol filename: lreg.cpp
symbol line: 47
value: 23.25
value address: 0x7fffffffd788
Type: A floating point type.
Type sizeof: 8

[INFO -- 2018-11-24 09:36:42]
Fault Injection Successful after 2.339775562286377s
[INFO -- 2018-11-24 09:36:44]
event type: exit
[INFO -- 2018-11-24 09:36:44]
exit code: 0
