[INFO -- 2018-10-09 17:16:47]
Starting flip_value script
version: 1.1
[INFO -- 2018-10-09 17:16:47]
Initialization strings:
[INFO -- 2018-10-09 17:16:47]
(1) file /tmp/lreg/lreg
[INFO -- 2018-10-09 17:16:47]
(2) set args /tmp/lreg/randInput /tmp/lreg/output
[INFO -- 2018-10-09 17:16:47]
initSignal:0
[INFO -- 2018-10-09 17:16:47]
endSignal:10
[INFO -- 2018-10-09 17:16:47]
faultModel:2
[EXCEPTION -- 2018-10-09 17:16:48]
gdbException: Attempt to dereference a generic pointer.
[INFO -- 2018-10-09 17:16:57]
event type: exit
[INFO -- 2018-10-09 17:16:57]
exit code: 0
