[INFO -- 2018-11-25 19:26:03]
Starting flip_value script
version: 1.1
[INFO -- 2018-11-25 19:26:03]
Initialization strings:
[INFO -- 2018-11-25 19:26:03]
(1) file /tmp/lreg/lreg
[INFO -- 2018-11-25 19:26:03]
(2) set args /tmp/lreg/randInput /tmp/lreg/output /tmp/lreg/detected.log
[INFO -- 2018-11-25 19:26:03]
initSignal:0
[INFO -- 2018-11-25 19:26:03]
endSignal:6
[INFO -- 2018-11-25 19:26:03]
faultModel:2
[INFO -- 2018-11-25 19:26:04]
Backtrace BEGIN:
#0  0x0000555555555217 in predict (v=-12) at lreg.cpp:50
#1  0x00005555555553fc in partialDerivate (pos=0) at lreg.cpp:74
#2  0x0000555555555503 in adjust (alpha=0.00020000000000000001) at lreg.cpp:87
#3  0x00005555555556ac in train (iterations=10000, alpha=0.00020000000000000001, N=2, stopsWhenStable=true) at lreg.cpp:120
#4  0x0000555555555a1c in execute (input=0x7fffffffe1f1 "/tmp/lreg/randInput") at lreg.cpp:157
#5  0x0000555555555cb0 in main (argc=4, argv=0x7fffffffde48) at lreg.cpp:196

45		Predicts the value related to v using the Ts variables
46	*/
47	double predict(double v){
48		double val = 0;
49		for(int i = 0; i<T.size(); i++){
50			val+= (T[i] * pow(v, i));
51		}
52		return val;
53		
54	}

Backtrace END
Fliping value of field: std::_Vector_base<double, std::allocator<double> >
Fliping value of field: _M_impl
Fliping value of field: _M_finish
Fliping a bit of the value pointed by a pointer
Memory content before bitflip:0x8b0x090xaf0x300xa40xf40x070xc0
Fault Model: Random bit-flip
base address to flip value: 0x555555772460
address max offset: 8
Memory content after  bitflip:0x060xaa0x510x1c0xbb0x260xb80x5a
frame name: train
symbol name: T
symbol filename: lreg.cpp
symbol line: 34
value: std::vector of length 2, capacity 2 = {1.9770880517999776, -1.0005943604143765}
value address: 0x55555575b180 <T>
Type: The type is a structure.
Type sizeof: 24
Field name: std::_Vector_base<double, std::allocator<double> >
Field Type: The type is a structure.
Field Type sizeof: 24

[INFO -- 2018-11-25 19:26:04]
Fault Injection Successful after 1.5773916244506836s
[INFO -- 2018-11-25 19:26:05]
event type: exit
[INFO -- 2018-11-25 19:26:05]
exit code: 0
