[INFO -- 2018-10-13 16:20:00]
Starting flip_value script
version: 1.1
[INFO -- 2018-10-13 16:20:00]
Initialization strings:
[INFO -- 2018-10-13 16:20:00]
(1) file /tmp/lreg/lreg
[INFO -- 2018-10-13 16:20:00]
(2) set args /tmp/lreg/randInput /tmp/lreg/output
[INFO -- 2018-10-13 16:20:00]
initSignal:0
[INFO -- 2018-10-13 16:20:00]
endSignal:10
[INFO -- 2018-10-13 16:20:00]
faultModel:0
[EXCEPTION -- 2018-10-13 16:20:00]
gdbException: Attempt to dereference a generic pointer.
[INFO -- 2018-10-13 16:20:09]
Backtrace BEGIN:
#0  0x000055555555608d in std::pow<double, unsigned int> (__x=13, __y=3) at /usr/include/c++/7/cmath:418
#1  0x00005555555552c2 in predict (v=13) at lreg.cpp:77
#2  0x000055555555551d in partialDerivate (pos=2) at lreg.cpp:107
#3  0x0000555555555670 in adjust () at lreg.cpp:123
#4  0x0000555555555881 in train (iterations=90000, N=4, stopsWhenStable=true) at lreg.cpp:159
#5  0x0000555555555dba in main (argc=3, argv=0x7fffffffde68) at lreg.cpp:225

413	    inline _GLIBCXX_CONSTEXPR
414	    typename __gnu_cxx::__promote_2<_Tp, _Up>::__type
415	    pow(_Tp __x, _Up __y)
416	    {
417	      typedef typename __gnu_cxx::__promote_2<_Tp, _Up>::__type __type;
418	      return pow(__type(__x), __type(__y));
419	    }
420	
421	  using ::sin;
422	

Backtrace END
Memory content before bitflip:0x030x000x000x00
Fault Model: Single bit-flip
base address to flip value: 0x7fffffffd6d4
address max offset: 4
Memory content after  bitflip:0x030x020x000x00
frame name: std::pow<double, unsigned int>
symbol name: __y
symbol filename: /usr/include/c++/7/cmath
symbol line: 415
value: 515
value address: 0x7fffffffd6d4
Type: The type is an integer type.
Type sizeof: 4

[INFO -- 2018-10-13 16:20:09]
Fault Injection Successful after 9.021170377731323s
[INFO -- 2018-10-13 16:20:09]
event type: exit
[INFO -- 2018-10-13 16:20:09]
exit code: 0
