[INFO -- 2018-10-13 16:04:55]
Starting flip_value script
version: 1.1
[INFO -- 2018-10-13 16:04:55]
Initialization strings:
[INFO -- 2018-10-13 16:04:55]
(1) file /tmp/lreg/lreg
[INFO -- 2018-10-13 16:04:55]
(2) set args /tmp/lreg/randInput /tmp/lreg/output
[INFO -- 2018-10-13 16:04:55]
initSignal:0
[INFO -- 2018-10-13 16:04:55]
endSignal:10
[INFO -- 2018-10-13 16:04:55]
faultModel:1
[INFO -- 2018-10-13 16:04:56]
Backtrace BEGIN:
#0  0x00007ffff76daa1e in __ieee754_pow_sse2 (x=<optimized out>, y=<optimized out>) at ../sysdeps/ieee754/dbl-64/e_pow.c:215
#1  0x00007ffff76bcb14 in __pow (x=8, y=1) at w_pow_compat.c:30
#2  0x00005555555560ba in std::pow<double, unsigned int> (__x=8, __y=1) at /usr/include/c++/7/cmath:418
#3  0x00005555555552c2 in predict (v=8) at lreg.cpp:77
#4  0x000055555555537b in meanSquaredError () at lreg.cpp:91
#5  0x0000555555555886 in train (iterations=60000, N=3, stopsWhenStable=true) at lreg.cpp:160
#6  0x0000555555555dba in main (argc=3, argv=0x7fffffffde68) at lreg.cpp:225

210	../sysdeps/ieee754/dbl-64/e_pow.c: No such file or directory.

Backtrace END
Memory content before bitflip:0x000x000x000x000x000x000xf00x3f
Fault Model: Double bit-flip
base address to flip value: 0x7fffffffd708
address max offset: 8
Memory content after  bitflip:0x820x000x000x000x000x000xf00x3f
frame name: __pow
symbol name: y
symbol filename: w_pow_compat.c
symbol line: 28
value: 1.0000000000000289
value address: 0x7fffffffd708
Type: A floating point type.
Type sizeof: 8

[INFO -- 2018-10-13 16:04:56]
Fault Injection Successful after 1.579759120941162s
[INFO -- 2018-10-13 16:05:04]
event type: exit
[INFO -- 2018-10-13 16:05:04]
exit code: 0
