[INFO -- 2018-09-16 01:13:47]
Starting flip_value script
version: 1.1
[INFO -- 2018-09-16 01:13:47]
Initialization strings:
[INFO -- 2018-09-16 01:13:47]
(1) file /tmp/lreg/lreg
[INFO -- 2018-09-16 01:13:47]
(2) set args /tmp/lreg/randInput /tmp/lreg/output
[INFO -- 2018-09-16 01:13:47]
initSignal:0
[INFO -- 2018-09-16 01:13:47]
endSignal:2
[INFO -- 2018-09-16 01:13:47]
faultModel:2
[EXCEPTION -- 2018-09-16 01:13:48]
pythonException: Unable to exit loop in struct fields; Exiting wihtout making a bit flip
[INFO -- 2018-09-16 01:13:48]
Backtrace BEGIN:
#0  0x00007ffff76d55d6 in __ieee754_pow_sse2 (x=-10, y=3) at ../sysdeps/ieee754/dbl-64/e_pow.c:83
#1  0x00007ffff76b7b14 in __pow (x=-10, y=3) at w_pow_compat.c:30
#2  0x0000555555555f39 in std::pow<double, int> (__x=-10, __y=3) at /usr/include/c++/7/cmath:418
#3  0x0000555555555237 in predict (v=-10) at lreg.cpp:50
#4  0x00005555555552ba in meanSquaredError () at lreg.cpp:61
#5  0x00005555555556b1 in train (iterations=90000, alpha=2.2222199999999999e-05, N=4, stopsWhenStable=true) at lreg.cpp:121
#6  0x0000555555555c26 in main (argc=3, argv=0x7fffffffde68) at lreg.cpp:182

78	in ../sysdeps/ieee754/dbl-64/e_pow.c

Backtrace END
Memory content before bitflip:0x460x5a0xb70xf40x390x4d0xf70x3e
Fault Model: Random bit-flip
base address to flip value: 0x7fffffffd950
address max offset: 8
Memory content after  bitflip:0xc20x390xde0x440xf30x480xf30xdd
frame name: main
symbol name: alpha
symbol filename: lreg.cpp
symbol line: 168
value: -3.7626751335657083e+144
value address: 0x7fffffffd950
Type: A floating point type.
Type sizeof: 8

[INFO -- 2018-09-16 01:13:48]
Fault Injection Successful after 1.7680749893188477s
[INFO -- 2018-09-16 01:13:54]
event type: exit
[INFO -- 2018-09-16 01:13:54]
exit code: 0
