[INFO -- 2018-09-30 20:22:26]
Starting flip_value script
version: 1.1
[INFO -- 2018-09-30 20:22:26]
Initialization strings:
[INFO -- 2018-09-30 20:22:26]
(1) file /tmp/lreg/lreg
[INFO -- 2018-09-30 20:22:26]
(2) set args /tmp/lreg/randInput /tmp/lreg/output
[INFO -- 2018-09-30 20:22:26]
initSignal:0
[INFO -- 2018-09-30 20:22:26]
endSignal:10
[INFO -- 2018-09-30 20:22:26]
faultModel:0
[INFO -- 2018-09-30 20:22:27]
Backtrace BEGIN:
#0  0x00005555555554b3 in partialDerivate (pos=1) at lreg.cpp:76
#1  0x0000555555555503 in adjust (alpha=5.0000000000000002e-05) at lreg.cpp:87
#2  0x00005555555556ac in train (iterations=60000, alpha=5.0000000000000002e-05, N=3, stopsWhenStable=true) at lreg.cpp:120
#3  0x0000555555555c26 in main (argc=3, argv=0x7fffffffde58) at lreg.cpp:182

71	double partialDerivate(int pos){
72		double pD = 0;
73		for(int i = 0; i<x.size(); i++){
74			pD += ((predict(x[i]) - y[i])*pow(x[i], pos));	
75		}
76		pD *= (2.0/x.size());
77		return pD;
78	}
79	
80	/**

Backtrace END
Memory content before bitflip:0x030x000x000x00
Fault Model: Single bit-flip
base address to flip value: 0x7fffffffd90c
address max offset: 4
Memory content after  bitflip:0x830x000x000x00
frame name: main
symbol name: argc
symbol filename: lreg.cpp
symbol line: 152
value: 131
value address: 0x7fffffffd90c
Type: The type is an integer type.
Type sizeof: 4

[INFO -- 2018-09-30 20:22:27]
Fault Injection Successful after 1.5288972854614258s
[INFO -- 2018-09-30 20:22:33]
event type: exit
[INFO -- 2018-09-30 20:22:33]
exit code: 0
