[INFO -- 2018-11-09 12:08:20]
Starting flip_value script
version: 1.1
[INFO -- 2018-11-09 12:08:20]
Initialization strings:
[INFO -- 2018-11-09 12:08:20]
(1) file /tmp/lreg/lreg
[INFO -- 2018-11-09 12:08:20]
(2) set args /tmp/lreg/randInput /tmp/lreg/output /tmp/lreg/detected.log
[INFO -- 2018-11-09 12:08:20]
initSignal:0
[INFO -- 2018-11-09 12:08:20]
endSignal:10
[INFO -- 2018-11-09 12:08:20]
faultModel:1
[EXCEPTION -- 2018-11-09 12:08:21]
pythonException: empty range for randrange() (0,0, 0)
[EXCEPTION -- 2018-11-09 12:08:22]
pythonException: empty range for randrange() (0,0, 0)
[EXCEPTION -- 2018-11-09 12:08:22]
pythonException: empty range for randrange() (0,0, 0)
[INFO -- 2018-11-09 12:08:22]
event type: exit
[EXCEPTION -- 2018-11-09 12:08:22]
exit code: no exit code available
