[INFO -- 2018-11-07 18:12:25]
Starting flip_value script
version: 1.1
[INFO -- 2018-11-07 18:12:25]
Initialization strings:
[INFO -- 2018-11-07 18:12:25]
(1) file /tmp/lreg/lreg
[INFO -- 2018-11-07 18:12:25]
(2) set args /tmp/lreg/randInput /tmp/lreg/output /tmp/lreg/detected.log
[INFO -- 2018-11-07 18:12:25]
initSignal:0
[INFO -- 2018-11-07 18:12:25]
endSignal:10
[INFO -- 2018-11-07 18:12:25]
faultModel:1
[EXCEPTION -- 2018-11-07 18:12:26]
gdbException: Attempt to dereference a generic pointer.
[INFO -- 2018-11-07 18:12:27]
Backtrace BEGIN:
#0  std::vector<double, std::allocator<double> >::size (this=0x7fffffffd5d0) at /usr/include/c++/7/bits/stl_vector.h:671
#1  0x0000555555555117 in equals (a=std::vector of length 4, capacity 4 = {...}, b=std::vector of length 4, capacity 4 = {...}) at lreg.cpp:37
#2  0x0000555555555744 in train (iterations=45000, alpha=2.2222199999999999e-05, N=4, stopsWhenStable=true) at lreg.cpp:126
#3  0x0000555555555a1c in execute (input=0x7fffffffe1f2 "/tmp/lreg/randInput") at lreg.cpp:157
#4  0x0000555555555c60 in main (argc=4, argv=0x7fffffffde48) at lreg.cpp:191

666	
667	      // [23.2.4.2] capacity
668	      /**  Returns the number of elements in the %vector.  */
669	      size_type
670	      size() const _GLIBCXX_NOEXCEPT
671	      { return size_type(this->_M_impl._M_finish - this->_M_impl._M_start); }
672	
673	      /**  Returns the size() of the largest possible %vector.  */
674	      size_type
675	      max_size() const _GLIBCXX_NOEXCEPT

Backtrace END
Fliping value of field: std::_Vector_base<double, std::allocator<double> >
Fliping value of field: _M_impl
Fliping value of field: _M_end_of_storage
Fliping a bit of the value pointed by a pointer
Memory content before bitflip:0x000x000x000x000x000x000x000x00
Fault Model: Double bit-flip
base address to flip value: 0x555555772960
address max offset: 8
Memory content after  bitflip:0x000x420x000x000x000x000x000x00
frame name: std::vector<double, std::allocator<double> >::size
symbol name: x
symbol filename: lreg.cpp
symbol line: 32
value: std::vector of length 36, capacity 64 = {7, -1, -10, -4, -11, -7, 4, -11, -5, -19, -23, 22, 7, 8, 17, 13, -18, -24, 18, -7, -21, 27, -20, -11, 26, -14, 32, -32, -8, -22, 13, 13, -28, -29, 3, 26}
value address: 0x55555575b140 <x>
Type: The type is a structure.
Type sizeof: 24
Field name: std::_Vector_base<double, std::allocator<double> >
Field Type: The type is a structure.
Field Type sizeof: 24

[INFO -- 2018-11-07 18:12:27]
Fault Injection Successful after 2.6337921619415283s
[INFO -- 2018-11-07 18:12:37]
event type: exit
[INFO -- 2018-11-07 18:12:37]
exit code: 0
