[INFO -- 2018-11-24 15:53:17]
Starting flip_value script
version: 1.1
[INFO -- 2018-11-24 15:53:17]
Initialization strings:
[INFO -- 2018-11-24 15:53:18]
(1) file /tmp/lreg/lreg
[INFO -- 2018-11-24 15:53:18]
(2) set args /tmp/lreg/randInput /tmp/lreg/output /tmp/lreg/detected.log
[INFO -- 2018-11-24 15:53:18]
initSignal:0
[INFO -- 2018-11-24 15:53:18]
endSignal:6
[INFO -- 2018-11-24 15:53:18]
faultModel:0
[EXCEPTION -- 2018-11-24 15:53:21]
pythonException: empty range for randrange() (0,0, 0)
[INFO -- 2018-11-24 15:53:21]
Backtrace BEGIN:
#0  0x00007ffff76bceb8 in __sqrt (x=11275562.314928912) at w_sqrt_compat.c:30
#1  0x000055555555553f in adjust (alpha=2.2222199999999999e-05) at lreg.cpp:89
#2  0x00005555555556ac in train (iterations=30000, alpha=2.2222199999999999e-05, N=4, stopsWhenStable=true) at lreg.cpp:120
#3  0x0000555555555a1c in execute (input=0x7fffffffe1f2 "/tmp/lreg/randInput") at lreg.cpp:157
#4  0x0000555555555cb0 in main (argc=4, argv=0x7fffffffde48) at lreg.cpp:196

25	in w_sqrt_compat.c

Backtrace END
Memory content before bitflip:0x01
Fault Model: Single bit-flip
base address to flip value: 0x7fffffffd55c
address max offset: 1
Memory content after  bitflip:0x09
frame name: train
symbol name: stopsWhenStable
symbol filename: lreg.cpp
symbol line: 105
value: 9
value address: 0x7fffffffd55c
Type: A boolean type.
Type sizeof: 1

[INFO -- 2018-11-24 15:53:21]
Fault Injection Successful after 3.4566738605499268s
[INFO -- 2018-11-24 15:53:21]
event type: exit
[INFO -- 2018-11-24 15:53:21]
exit code: 0
