[INFO -- 2018-11-12 19:45:52]
Starting flip_value script
version: 1.1
[INFO -- 2018-11-12 19:45:52]
Initialization strings:
[INFO -- 2018-11-12 19:45:52]
(1) file /tmp/lreg/lreg
[INFO -- 2018-11-12 19:45:52]
(2) set args /tmp/lreg/randInput /tmp/lreg/output
[INFO -- 2018-11-12 19:45:52]
initSignal:0
[INFO -- 2018-11-12 19:45:52]
endSignal:10
[INFO -- 2018-11-12 19:45:52]
faultModel:0
[INFO -- 2018-11-12 19:45:59]
Backtrace BEGIN:
#0  0x000055555555520f in verifyUintDup (a=0, b=0) at lreg.cpp:69
#1  0x0000555555555696 in predict (v=-30) at lreg.cpp:113
#2  0x00005555555557f7 in meanSquaredError () at lreg.cpp:125
#3  0x0000555555555da8 in train (iter1=45000, iter2=45000, N=4, alpha1=2.2222199999999999e-05, alpha2=2.2222199999999999e-05, stopsWhenStable=true) at lreg.cpp:191
#4  0x00005555555562e6 in main (argc=3, argv=0x7fffffffde68) at lreg.cpp:246

64			ofstream fp ("/tmp/lreg/detected.log", std::ofstream::app);
65			fp << "verifyUint: a = "<<a<<"; b = "<<b<<endl;
66	        detected = 1;	
67		}
68		return a;
69	}
70	double verifyDoubleDup(double a, double b){
71		if (a != b && detected != 1){
72			//gerar entrada no log
73			ofstream fp ("/tmp/lreg/detected.log", std::ofstream::app);

Backtrace END
Fliping value of field: std::_Vector_base<double, std::allocator<double> >
Fliping value of field: _M_impl
Fliping value of field: _M_finish
Fliping a bit of the value pointed by a pointer
Memory content before bitflip:0x000x000x000x000x000x000x000x00
Fault Model: Single bit-flip
base address to flip value: 0x555555772cd0
address max offset: 8
Memory content after  bitflip:0x000x000x200x000x000x000x000x00
frame name: train
symbol name: bestT
symbol filename: lreg.cpp
symbol line: 185
value: std::vector of length 4, capacity 4 = {10.134493108981355, -112.62159591667351, -1.5229955509262674, 2.0208871825295001}
value address: 0x7fffffffd840
Type: The type is a structure.
Type sizeof: 24
Field name: std::_Vector_base<double, std::allocator<double> >
Field Type: The type is a structure.
Field Type sizeof: 24

[INFO -- 2018-11-12 19:45:59]
Fault Injection Successful after 7.574547052383423s
[INFO -- 2018-11-12 19:46:02]
event type: exit
[INFO -- 2018-11-12 19:46:02]
exit code: 0
