[INFO -- 2018-10-08 17:45:04]
Starting flip_value script
version: 1.1
[INFO -- 2018-10-08 17:45:04]
Initialization strings:
[INFO -- 2018-10-08 17:45:04]
(1) file /tmp/lreg/lreg
[INFO -- 2018-10-08 17:45:04]
(2) set args /tmp/lreg/randInput /tmp/lreg/output
[INFO -- 2018-10-08 17:45:04]
initSignal:0
[INFO -- 2018-10-08 17:45:04]
endSignal:10
[INFO -- 2018-10-08 17:45:04]
faultModel:1
[EXCEPTION -- 2018-10-08 17:45:09]
pythonException: Unable to exit loop in struct fields; Exiting wihtout making a bit flip
[INFO -- 2018-10-08 17:45:09]
Backtrace BEGIN:
#0  0x00007ffff76b4990 in *ABS*+0x2d7c0@plt () from /lib/x86_64-linux-gnu/libm.so.6
#1  0x00007ffff76b7b14 in __pow (x=13, y=3) at w_pow_compat.c:30
#2  0x00005555555560ba in std::pow<double, unsigned int> (__x=13, __y=3) at /usr/include/c++/7/cmath:418
#3  0x00005555555552c2 in predict (v=13) at lreg.cpp:77
#4  0x00005555555553e9 in meanSquaredError () at lreg.cpp:91
#5  0x0000555555555886 in train (iterations=90000, N=4, stopsWhenStable=true) at lreg.cpp:160
#6  0x0000555555555dba in main (argc=3, argv=0x7fffffffde68) at lreg.cpp:225

179		4° Line : values y of the training set
180		5° Line : set z of new inputs to predict*/
181	
182	
183	int main(int argc, char* argv[]){
184		
185		if (argc != 3) {
186			cout << "Wrong number of arguments" <<endl;
187			cout <<"  Use as : " << endl; 
188			cout <<'\t'<<argv[0]<<" <input file> "<<"<output file>"<<endl;

Backtrace END
Memory content before bitflip:0x750x860x000x00
Fault Model: Double bit-flip
base address to flip value: 0x7fffffffd818
address max offset: 4
Memory content after  bitflip:0x750x860x000x28
frame name: train
symbol name: i2
symbol filename: lreg.cpp
symbol line: 154
value: 671123061
value address: 0x7fffffffd818
Type: The type is an integer type.
Type sizeof: 4

[INFO -- 2018-10-08 17:45:09]
Fault Injection Successful after 5.806055784225464s
[INFO -- 2018-10-08 17:45:14]
event type: exit
[INFO -- 2018-10-08 17:45:14]
exit code: 0
