[INFO -- 2018-11-26 16:16:08]
Starting flip_value script
version: 1.1
[INFO -- 2018-11-26 16:16:08]
Initialization strings:
[INFO -- 2018-11-26 16:16:08]
(1) file /tmp/lreg/lreg
[INFO -- 2018-11-26 16:16:08]
(2) set args /tmp/lreg/randInput /tmp/lreg/output
[INFO -- 2018-11-26 16:16:08]
initSignal:0
[INFO -- 2018-11-26 16:16:08]
endSignal:3
[INFO -- 2018-11-26 16:16:08]
faultModel:2
[INFO -- 2018-11-26 16:16:09]
Backtrace BEGIN:
#0  log1 (error=<synthetic pointer>, delta=<synthetic pointer>, x=7) at ../sysdeps/ieee754/dbl-64/e_pow.c:335
#1  __ieee754_pow_sse2 (x=7, y=3) at ../sysdeps/ieee754/dbl-64/e_pow.c:103
#2  0x00007ffff76bcb14 in __pow (x=7, y=3) at w_pow_compat.c:30
#3  0x0000555555556826 in std::pow<double, unsigned int> (__x=7, __y=3) at /usr/include/c++/7/cmath:418
#4  0x0000555555555814 in predict (v=7) at lreg.cpp:116
#5  0x0000555555555a53 in partialDerivate (pos1=3, pos2=3) at lreg.cpp:142
#6  0x0000555555555bbe in adjust (alpha1=2.2222199999999999e-05, alpha2=2.2222199999999999e-05) at lreg.cpp:156
#7  0x0000555555555ee0 in train (iter1=30000, iter2=30000, N=4, alpha1=2.2222199999999999e-05, alpha2=2.2222199999999999e-05, stopsWhenStable=true) at lreg.cpp:193
#8  0x0000555555556467 in main (argc=3, argv=0x7fffffffde58) at lreg.cpp:253

330	../sysdeps/ieee754/dbl-64/e_pow.c: No such file or directory.

Backtrace END
Memory content before bitflip:0x0c0x000x000x00
Fault Model: Random bit-flip
base address to flip value: 0x7fffffffd724
address max offset: 4
Memory content after  bitflip:0xf40x970x9f0x1f
frame name: partialDerivate
symbol name: i2
symbol filename: lreg.cpp
symbol line: 141
value: 530552820
value address: 0x7fffffffd724
Type: The type is an integer type.
Type sizeof: 4

[INFO -- 2018-11-26 16:16:09]
Fault Injection Successful after 1.1912648677825928s
[INFO -- 2018-11-26 16:16:10]
event type: exit
[INFO -- 2018-11-26 16:16:10]
exit code: 0
