[INFO -- 2018-10-12 16:39:23]
Starting flip_value script
version: 1.1
[INFO -- 2018-10-12 16:39:23]
Initialization strings:
[INFO -- 2018-10-12 16:39:23]
(1) file /tmp/lreg/lreg
[INFO -- 2018-10-12 16:39:23]
(2) set args /tmp/lreg/randInput /tmp/lreg/output
[INFO -- 2018-10-12 16:39:23]
initSignal:0
[INFO -- 2018-10-12 16:39:23]
endSignal:10
[INFO -- 2018-10-12 16:39:23]
faultModel:2
[INFO -- 2018-10-12 16:39:24]
Backtrace BEGIN:
#0  __memmove_ssse3 () at ../sysdeps/x86_64/multiarch/memcpy-ssse3.S:1808
#1  0x0000555555557bac in std::__copy_move<false, true, std::random_access_iterator_tag>::__copy_m<double> (__first=0x555555771360, __last=0x555555771378, __result=0x555555771340) at /usr/include/c++/7/bits/stl_algobase.h:368
#2  0x0000555555557940 in std::__copy_move_a<false, double const*, double*> (__first=0x555555771360, __last=0x555555771378, __result=0x555555771340) at /usr/include/c++/7/bits/stl_algobase.h:386
#3  0x000055555555743f in std::__copy_move_a2<false, __gnu_cxx::__normal_iterator<double const*, std::vector<double, std::allocator<double> > >, __gnu_cxx::__normal_iterator<double*, std::vector<double, std::allocator<double> > > > (__first=-1.3203847243774427, __last=2.4209216646221081e-322, __result=-1.3200640765253244) at /usr/include/c++/7/bits/stl_algobase.h:422
#4  0x0000555555556c65 in std::copy<__gnu_cxx::__normal_iterator<double const*, std::vector<double, std::allocator<double> > >, __gnu_cxx::__normal_iterator<double*, std::vector<double, std::allocator<double> > > > (__first=-1.3203847243774427, __last=2.4209216646221081e-322, __result=-1.3200640765253244) at /usr/include/c++/7/bits/stl_algobase.h:456
#5  0x00005555555565a7 in std::vector<double, std::allocator<double> >::operator= (this=0x7fffffffd830, __x=std::vector of length 3, capacity 3 = {...}) at /usr/include/c++/7/bits/vector.tcc:218
#6  0x000055555555587c in train (iterations=60000, N=3, stopsWhenStable=true) at lreg.cpp:158
#7  0x0000555555555dba in main (argc=3, argv=0x7fffffffde68) at lreg.cpp:225

1803	../sysdeps/x86_64/multiarch/memcpy-ssse3.S: No such file or directory.

Backtrace END
Memory content before bitflip:0x2d0x430x1c0xeb0xe20x360x0a0x3f
Fault Model: Random bit-flip
base address to flip value: 0x55555575a1a0 
address max offset: 8
Memory content after  bitflip:0xea0x5f0xd80x530x1d0xd60xeb0x42
frame name: train
symbol name: a2
symbol filename: lreg.cpp
symbol line: 45
value: 244851431883519.31
value address: 0x55555575a1a0 <a2>
Type: A floating point type.
Type sizeof: 8

[INFO -- 2018-10-12 16:39:24]
Fault Injection Successful after 1.714689016342163s
[INFO -- 2018-10-12 16:39:34]
event type: exit
[INFO -- 2018-10-12 16:39:34]
exit code: 0
