[INFO -- 2018-09-30 20:13:12]
Starting flip_value script
version: 1.1
[INFO -- 2018-09-30 20:13:12]
Initialization strings:
[INFO -- 2018-09-30 20:13:12]
(1) file /tmp/lreg/lreg
[INFO -- 2018-09-30 20:13:12]
(2) set args /tmp/lreg/randInput /tmp/lreg/output
[INFO -- 2018-09-30 20:13:12]
initSignal:0
[INFO -- 2018-09-30 20:13:12]
endSignal:10
[INFO -- 2018-09-30 20:13:12]
faultModel:0
[INFO -- 2018-09-30 20:13:13]
Backtrace BEGIN:
#0  0x0000555555555456 in partialDerivate (pos=1) at lreg.cpp:74
#1  0x0000555555555503 in adjust (alpha=5.0000000000000002e-05) at lreg.cpp:87
#2  0x00005555555556ac in train (iterations=60000, alpha=5.0000000000000002e-05, N=3, stopsWhenStable=true) at lreg.cpp:120
#3  0x0000555555555c26 in main (argc=3, argv=0x7fffffffde58) at lreg.cpp:182

69		to the adjustment variable whose position in T is passed in pos
70	*/
71	double partialDerivate(int pos){
72		double pD = 0;
73		for(int i = 0; i<x.size(); i++){
74			pD += ((predict(x[i]) - y[i])*pow(x[i], pos));	
75		}
76		pD *= (2.0/x.size());
77		return pD;
78	}

Backtrace END
Memory content before bitflip:0x440xa50x1f0x150x0c0x750x530x40
Fault Model: Single bit-flip
base address to flip value: 0x7fffffffd7d8
address max offset: 8
Memory content after  bitflip:0x440xa50x1f0x110x0c0x750x530x40
frame name: adjust
symbol name: PD
symbol filename: lreg.cpp
symbol line: 85
value: 77.828861504463077
value address: 0x7fffffffd7d8
Type: A floating point type.
Type sizeof: 8

[INFO -- 2018-09-30 20:13:13]
Fault Injection Successful after 1.4981951713562012s
[INFO -- 2018-09-30 20:13:21]
event type: exit
[INFO -- 2018-09-30 20:13:21]
exit code: 0
