[INFO -- 2018-09-16 01:07:54]
Starting flip_value script
version: 1.1
[INFO -- 2018-09-16 01:07:54]
Initialization strings:
[INFO -- 2018-09-16 01:07:54]
(1) file /tmp/lreg/lreg
[INFO -- 2018-09-16 01:07:54]
(2) set args /tmp/lreg/randInput /tmp/lreg/output
[INFO -- 2018-09-16 01:07:54]
initSignal:0
[INFO -- 2018-09-16 01:07:54]
endSignal:2
[INFO -- 2018-09-16 01:07:54]
faultModel:2
[INFO -- 2018-09-16 01:07:56]
Backtrace BEGIN:
#0  0x00007ffff76d5519 in __ieee754_pow_sse2 (x=19, y=3) at ../sysdeps/ieee754/dbl-64/e_pow.c:65
#1  0x00007ffff76b7b14 in __pow (x=19, y=3) at w_pow_compat.c:30
#2  0x0000555555555f39 in std::pow<double, int> (__x=19, __y=3) at /usr/include/c++/7/cmath:418
#3  0x0000555555555237 in predict (v=19) at lreg.cpp:50
#4  0x00005555555553fc in partialDerivate (pos=0) at lreg.cpp:74
#5  0x0000555555555503 in adjust (alpha=2.2222199999999999e-05) at lreg.cpp:87
#6  0x00005555555556ac in train (iterations=90000, alpha=2.2222199999999999e-05, N=4, stopsWhenStable=true) at lreg.cpp:120
#7  0x0000555555555c26 in main (argc=3, argv=0x7fffffffde68) at lreg.cpp:182

60	../sysdeps/ieee754/dbl-64/e_pow.c: No such file or directory.

Backtrace END
Fliping value of field: std::_Vector_base<double, std::allocator<double> >
Fliping value of field: _M_impl
Fliping value of field: _M_end_of_storage
Fliping a bit of the value pointed by a pointer
Memory content before bitflip:0x000x000x000x000x000x000x000x00
Fault Model: Random bit-flip
base address to flip value: 0x5555557713a0
address max offset: 8
Memory content after  bitflip:0x2d0x7b0x0e0x530x360x3c0x610x7e
frame name: predict
symbol name: T
symbol filename: lreg.cpp
symbol line: 34
value: std::vector of length 4, capacity 4 = {-10.592872356831347, -80.618971917083897, 10.327738001841558, 4.1411574187690379}
value address: 0x55555575a180 <T>
Type: The type is a structure.
Type sizeof: 24
Field name: std::_Vector_base<double, std::allocator<double> >
Field Type: The type is a structure.
Field Type sizeof: 24

[INFO -- 2018-09-16 01:07:56]
Fault Injection Successful after 2.538691520690918s
[INFO -- 2018-09-16 01:08:01]
event type: exit
[INFO -- 2018-09-16 01:08:01]
exit code: 0
