[INFO -- 2018-11-07 16:16:32]
Starting flip_value script
version: 1.1
[INFO -- 2018-11-07 16:16:32]
Initialization strings:
[INFO -- 2018-11-07 16:16:32]
(1) file /tmp/lreg/lreg
[INFO -- 2018-11-07 16:16:32]
(2) set args /tmp/lreg/randInput /tmp/lreg/output /tmp/lreg/detected.log
[INFO -- 2018-11-07 16:16:32]
initSignal:0
[INFO -- 2018-11-07 16:16:32]
endSignal:10
[INFO -- 2018-11-07 16:16:32]
faultModel:2
[EXCEPTION -- 2018-11-07 16:16:35]
pythonException: Unable to exit loop in struct fields; Exiting wihtout making a bit flip
[INFO -- 2018-11-07 16:16:35]
Backtrace BEGIN:
#0  0x00007ffff76da512 in __ieee754_pow_sse2 (x=12, y=1) at ../sysdeps/ieee754/dbl-64/e_pow.c:65
#1  0x00007ffff76bcb14 in __pow (x=12, y=1) at w_pow_compat.c:30
#2  0x0000555555556131 in std::pow<double, int> (__x=12, __y=1) at /usr/include/c++/7/cmath:418
#3  0x0000555555555237 in predict (v=12) at lreg.cpp:50
#4  0x00005555555553fc in partialDerivate (pos=2) at lreg.cpp:74
#5  0x0000555555555503 in adjust (alpha=2.2222199999999999e-05) at lreg.cpp:87
#6  0x00005555555556ac in train (iterations=45000, alpha=2.2222199999999999e-05, N=4, stopsWhenStable=true) at lreg.cpp:120
#7  0x0000555555555a1c in execute (input=0x7fffffffe1f2 "/tmp/lreg/randInput") at lreg.cpp:157
#8  0x0000555555555c60 in main (argc=4, argv=0x7fffffffde48) at lreg.cpp:191

60	in ../sysdeps/ieee754/dbl-64/e_pow.c

Backtrace END
Fliping value of field: std::_Vector_base<double, std::allocator<double> >
Fliping value of field: _M_impl
Fliping value of field: _M_end_of_storage
Fliping a bit of the pointer
Memory content before bitflip:0x700x2b0x770x550x550x550x000x00
Fault Model: Random bit-flip
base address to flip value: 0x55555575b170 
address max offset: 8
Memory content after  bitflip:0x670xca0xf40xb70x4b0x800x9b0xf1
frame name: adjust
symbol name: y
symbol filename: lreg.cpp
symbol line: 33
value: std::vector of length 36, capacity -129648506434505697 = {-27, 15, 11, 19, -17, 23, 13, 31, 20, 8, 2, -4, -23, -25, 5, -19, -4, 3, 13, 1, 29516, 1236, -24, -4756, 19444, -24124, 14, -3236, 2084, -906, 10454, 35644, 6692, 4, -4, 3956}
value address: 0x55555575b160 <y>
Type: The type is a structure.
Type sizeof: 24
Field name: std::_Vector_base<double, std::allocator<double> >
Field Type: The type is a structure.
Field Type sizeof: 24

[INFO -- 2018-11-07 16:16:35]
Fault Injection Successful after 3.2640724182128906s
[INFO -- 2018-11-07 16:16:46]
event type: exit
[INFO -- 2018-11-07 16:16:46]
exit code: 0
