[INFO -- 2018-10-03 13:06:48]
Starting flip_value script
version: 1.1
[INFO -- 2018-10-03 13:06:48]
Initialization strings:
[INFO -- 2018-10-03 13:06:48]
(1) file /tmp/lreg/lreg
[INFO -- 2018-10-03 13:06:48]
(2) set args /tmp/lreg/randInput /tmp/lreg/output
[INFO -- 2018-10-03 13:06:48]
initSignal:0
[INFO -- 2018-10-03 13:06:48]
endSignal:10
[INFO -- 2018-10-03 13:06:48]
faultModel:1
[EXCEPTION -- 2018-10-03 13:06:48]
pythonException: Unable to exit loop in struct fields; Exiting wihtout making a bit flip
[INFO -- 2018-10-03 13:06:48]
Backtrace BEGIN:
#0  0x00007ffff76b7b0f in __pow (x=13, y=1) at w_pow_compat.c:30
#1  0x0000555555555d47 in std::pow<double, int> (__x=13, __y=1) at /usr/include/c++/7/cmath:418
#2  0x00005555555551e7 in predict (v=13) at lreg.cpp:50
#3  0x00005555555553ac in partialDerivate (pos=1) at lreg.cpp:74
#4  0x00005555555554b3 in adjust (alpha=5.0000000000000002e-05) at lreg.cpp:87
#5  0x000055555555565c in train (iterations=60000, alpha=5.0000000000000002e-05, N=3, stopsWhenStable=true) at lreg.cpp:120
#6  0x0000555555555ab7 in main (argc=3, argv=0x7fffffffde58) at lreg.cpp:174

25	in w_pow_compat.c

Backtrace END
Memory content before bitflip:0x000x000x000x000x000x000x2a0x40
Fault Model: Double bit-flip
base address to flip value: 0x7fffffffd6f8
address max offset: 8
Memory content after  bitflip:0x000x000x000x000x000x110x2a0x40
frame name: std::pow<double, int>
symbol name: __x
symbol filename: /usr/include/c++/7/cmath
symbol line: 415
value: 13.033203125
value address: 0x7fffffffd6f8
Type: A floating point type.
Type sizeof: 8

[INFO -- 2018-10-03 13:06:48]
Fault Injection Successful after 0.9276931285858154s
[INFO -- 2018-10-03 13:06:55]
event type: exit
[INFO -- 2018-10-03 13:06:55]
exit code: 0
