[INFO -- 2018-11-25 20:02:15]
Starting flip_value script
version: 1.1
[INFO -- 2018-11-25 20:02:15]
Initialization strings:
[INFO -- 2018-11-25 20:02:15]
(1) file /tmp/lreg/lreg
[INFO -- 2018-11-25 20:02:15]
(2) set args /tmp/lreg/randInput /tmp/lreg/output /tmp/lreg/detected.log
[INFO -- 2018-11-25 20:02:15]
initSignal:0
[INFO -- 2018-11-25 20:02:15]
endSignal:6
[INFO -- 2018-11-25 20:02:15]
faultModel:2
[EXCEPTION -- 2018-11-25 20:02:16]
gdbException: Attempt to dereference a generic pointer.
[INFO -- 2018-11-25 20:02:17]
Backtrace BEGIN:
#0  0x00007ffff76da528 in __ieee754_pow_sse2 (x=7, y=3) at ../sysdeps/ieee754/dbl-64/e_pow.c:65
#1  0x00007ffff76bcb14 in __pow (x=7, y=3) at w_pow_compat.c:30
#2  0x000055555555621b in std::pow<double, int> (__x=7, __y=3) at /usr/include/c++/7/cmath:418
#3  0x0000555555555451 in partialDerivate (pos=3) at lreg.cpp:74
#4  0x0000555555555503 in adjust (alpha=2.2222199999999999e-05) at lreg.cpp:87
#5  0x00005555555556ac in train (iterations=30000, alpha=2.2222199999999999e-05, N=4, stopsWhenStable=true) at lreg.cpp:120
#6  0x0000555555555a1c in execute (input=0x7fffffffe1f1 "/tmp/lreg/randInput") at lreg.cpp:157
#7  0x0000555555555c78 in main (argc=4, argv=0x7fffffffde48) at lreg.cpp:193

60	../sysdeps/ieee754/dbl-64/e_pow.c: No such file or directory.

Backtrace END
Memory content before bitflip:0x000x000x000x000x000x000x1c0x40
Fault Model: Random bit-flip
base address to flip value: 0x7fffffffd460
address max offset: 8
Memory content after  bitflip:0x230x820xc10xcc0x510xbd0x540x62
frame name: __pow
symbol name: x
symbol filename: w_pow_compat.c
symbol line: 28
value: 4.7772341751500632e+165
value address: 0x7fffffffd460
Type: A floating point type.
Type sizeof: 8

[INFO -- 2018-11-25 20:02:17]
Fault Injection Successful after 2.432741165161133s
[INFO -- 2018-11-25 20:02:18]
event type: exit
[INFO -- 2018-11-25 20:02:18]
exit code: 0
