[INFO -- 2018-10-13 12:12:16]
Starting flip_value script
version: 1.1
[INFO -- 2018-10-13 12:12:16]
Initialization strings:
[INFO -- 2018-10-13 12:12:16]
(1) file /tmp/lreg/lreg
[INFO -- 2018-10-13 12:12:16]
(2) set args /tmp/lreg/randInput /tmp/lreg/output
[INFO -- 2018-10-13 12:12:16]
initSignal:0
[INFO -- 2018-10-13 12:12:16]
endSignal:10
[INFO -- 2018-10-13 12:12:16]
faultModel:2
[INFO -- 2018-10-13 12:12:20]
Backtrace BEGIN:
#0  0x00005555555552d9 in predict (v=-7) at lreg.cpp:73
#1  0x000055555555537b in meanSquaredError () at lreg.cpp:91
#2  0x0000555555555886 in train (iterations=90000, N=4, stopsWhenStable=true) at lreg.cpp:160
#3  0x0000555555555dba in main (argc=3, argv=0x7fffffffde68) at lreg.cpp:225

68	/**
69		Predicts the value related to v using the Ts variables
70	*/
71	double predict(double v){
72		double val = 0;
73		for(UINT i1 = 0, i2 = 0, i3 = 0; 
74			selectTriUInt(i1, i2, i3)<T.size(); 
75			i1++, i2++, i3++)
76		{
77			val+= (T[selectTriUInt(i1, i2, i3)] * pow(v, selectTriUInt(i1, i2, i3)));

Backtrace END
Memory content before bitflip:0x030x000x000x00
Fault Model: Random bit-flip
base address to flip value: 0x7fffffffd780
address max offset: 4
Memory content after  bitflip:0x3e0x100xbf0x26
frame name: predict
symbol name: i2
symbol filename: lreg.cpp
symbol line: 73
value: 650055742
value address: 0x7fffffffd780
Type: The type is an integer type.
Type sizeof: 4

[INFO -- 2018-10-13 12:12:20]
Fault Injection Successful after 4.046132326126099s
[INFO -- 2018-10-13 12:12:29]
event type: exit
[INFO -- 2018-10-13 12:12:29]
exit code: 0
