[INFO -- 2018-11-07 14:40:43]
Starting flip_value script
version: 1.1
[INFO -- 2018-11-07 14:40:43]
Initialization strings:
[INFO -- 2018-11-07 14:40:43]
(1) file /tmp/lreg/lreg
[INFO -- 2018-11-07 14:40:43]
(2) set args /tmp/lreg/randInput /tmp/lreg/output /tmp/lreg/detected.log
[INFO -- 2018-11-07 14:40:43]
initSignal:0
[INFO -- 2018-11-07 14:40:43]
endSignal:10
[INFO -- 2018-11-07 14:40:43]
faultModel:0
[INFO -- 2018-11-07 14:40:50]
Backtrace BEGIN:
#0  0x0000555555556123 in std::pow<double, int> (__x=-18, __y=0) at /usr/include/c++/7/cmath:418
#1  0x0000555555555237 in predict (v=-18) at lreg.cpp:50
#2  0x00005555555553fc in partialDerivate (pos=2) at lreg.cpp:74
#3  0x0000555555555503 in adjust (alpha=5.0000000000000002e-05) at lreg.cpp:87
#4  0x00005555555556ac in train (iterations=30000, alpha=5.0000000000000002e-05, N=3, stopsWhenStable=true) at lreg.cpp:120
#5  0x0000555555555a1c in execute (input=0x7fffffffe1f2 "/tmp/lreg/randInput") at lreg.cpp:157
#6  0x0000555555555c98 in main (argc=4, argv=0x7fffffffde48) at lreg.cpp:194

413	    inline _GLIBCXX_CONSTEXPR
414	    typename __gnu_cxx::__promote_2<_Tp, _Up>::__type
415	    pow(_Tp __x, _Up __y)
416	    {
417	      typedef typename __gnu_cxx::__promote_2<_Tp, _Up>::__type __type;
418	      return pow(__type(__x), __type(__y));
419	    }
420	
421	  using ::sin;
422	

Backtrace END
Memory content before bitflip:0x000x000x000x000x000x000x000x00
Fault Model: Single bit-flip
base address to flip value: 0x7fffffffd488
address max offset: 8
Memory content after  bitflip:0x000x000x000x400x000x000x000x00
frame name: predict
symbol name: val
symbol filename: lreg.cpp
symbol line: 48
value: 5.3049894774131808e-315
value address: 0x7fffffffd488
Type: A floating point type.
Type sizeof: 8

[INFO -- 2018-11-07 14:40:50]
Fault Injection Successful after 7.256676912307739s
[INFO -- 2018-11-07 14:40:54]
event type: exit
[INFO -- 2018-11-07 14:40:54]
exit code: 0
