[INFO -- 2018-09-15 23:19:32]
Starting flip_value script
version: 1.1
[INFO -- 2018-09-15 23:19:32]
Initialization strings:
[INFO -- 2018-09-15 23:19:32]
(1) file /tmp/lreg/lreg
[INFO -- 2018-09-15 23:19:32]
(2) set args /tmp/lreg/randInput /tmp/lreg/output
[INFO -- 2018-09-15 23:19:32]
initSignal:0
[INFO -- 2018-09-15 23:19:32]
endSignal:2
[INFO -- 2018-09-15 23:19:32]
faultModel:0
[INFO -- 2018-09-15 23:19:34]
Backtrace BEGIN:
#0  0x0000555555555ef2 in std::vector<double, std::allocator<double> >::operator[] (this=0x55555575a160 <y>, __n=4) at /usr/include/c++/7/bits/stl_vector.h:795
#1  0x00005555555552f9 in meanSquaredError () at lreg.cpp:61
#2  0x00005555555556b1 in train (iterations=60000, alpha=5.0000000000000002e-05, N=3, stopsWhenStable=true) at lreg.cpp:121
#3  0x0000555555555c26 in main (argc=3, argv=0x7fffffffde68) at lreg.cpp:182

790	       *  Note that data access with this operator is unchecked and
791	       *  out_of_range lookups are not defined. (For checked lookups
792	       *  see at().)
793	       */
794	      reference
795	      operator[](size_type __n) _GLIBCXX_NOEXCEPT
796	      {
797		__glibcxx_requires_subscript(__n);
798		return *(this->_M_impl._M_start + __n);
799	      }

Backtrace END
Memory content before bitflip:0x040x000x000x00
Fault Model: Single bit-flip
base address to flip value: 0x7fffffffd7e4
address max offset: 4
Memory content after  bitflip:0x050x000x000x00
frame name: meanSquaredError
symbol name: i
symbol filename: lreg.cpp
symbol line: 60
value: 5
value address: 0x7fffffffd7e4
Type: The type is an integer type.
Type sizeof: 4

[INFO -- 2018-09-15 23:19:34]
Fault Injection Successful after 2.186028480529785s
[INFO -- 2018-09-15 23:19:40]
event type: exit
[INFO -- 2018-09-15 23:19:40]
exit code: 0
