[INFO -- 2018-10-03 15:25:36]
Starting flip_value script
version: 1.1
[INFO -- 2018-10-03 15:25:36]
Initialization strings:
[INFO -- 2018-10-03 15:25:36]
(1) file /tmp/lreg/lreg
[INFO -- 2018-10-03 15:25:36]
(2) set args /tmp/lreg/randInput /tmp/lreg/output
[INFO -- 2018-10-03 15:25:36]
initSignal:0
[INFO -- 2018-10-03 15:25:36]
endSignal:10
[INFO -- 2018-10-03 15:25:36]
faultModel:0
[INFO -- 2018-10-03 15:25:39]
Backtrace BEGIN:
#0  0x00007ffff76d098d in __exp1 (x=<optimized out>, xx=<optimized out>, error=<optimized out>) at ../sysdeps/ieee754/dbl-64/e_exp.c:280
#1  0x00007ffff76d58dc in __ieee754_pow_sse2 (x=9, y=3) at ../sysdeps/ieee754/dbl-64/e_pow.c:115
#2  0x00007ffff76d66be in __ieee754_pow_sse2 (x=<optimized out>, y=<optimized out>) at ../sysdeps/ieee754/dbl-64/e_pow.c:184
#3  0x00007ffff76b7b14 in __pow (x=-9, y=3) at w_pow_compat.c:30
#4  0x0000555555555d47 in std::pow<double, int> (__x=-9, __y=3) at /usr/include/c++/7/cmath:418
#5  0x00005555555551e7 in predict (v=-9) at lreg.cpp:50
#6  0x00005555555553ac in partialDerivate (pos=2) at lreg.cpp:74
#7  0x00005555555554b3 in adjust (alpha=2.2222199999999999e-05) at lreg.cpp:87
#8  0x000055555555565c in train (iterations=90000, alpha=2.2222199999999999e-05, N=4, stopsWhenStable=true) at lreg.cpp:120
#9  0x0000555555555ab7 in main (argc=3, argv=0x7fffffffde58) at lreg.cpp:174

275	../sysdeps/ieee754/dbl-64/e_exp.c: No such file or directory.

Backtrace END
Fliping value of field: std::_Vector_base<double, std::allocator<double> >
Fliping value of field: _M_impl
Fliping value of field: _M_finish
Fliping a bit of the value pointed by a pointer
Memory content before bitflip:0x000x000x000x000x000x000x000x00
Fault Model: Single bit-flip
base address to flip value: 0x5555557713a0
address max offset: 8
Memory content after  bitflip:0x000x000x000x000x000x800x000x00
frame name: partialDerivate
symbol name: T
symbol filename: lreg.cpp
symbol line: 34
value: std::vector of length 4, capacity 4 = {-15.453137683253388, 81.352903937872057, 5.0315166989023501, -1.0727283629454938}
value address: 0x55555575a180 <T>
Type: The type is a structure.
Type sizeof: 24
Field name: std::_Vector_base<double, std::allocator<double> >
Field Type: The type is a structure.
Field Type sizeof: 24

[INFO -- 2018-10-03 15:25:39]
Fault Injection Successful after 3.9823203086853027s
[INFO -- 2018-10-03 15:25:43]
event type: exit
[INFO -- 2018-10-03 15:25:43]
exit code: 0
