[INFO -- 2018-11-23 16:21:15]
sending 5 signals using command: 'killall -2 lreg' after 2.3233761181s
[INFO -- 2018-11-23 16:21:15]
sending 5 signals using command: 'killall -2 lreg' after 2.66710612587s
[INFO -- 2018-11-23 16:21:15]
sending 5 signals using command: 'killall -2 lreg' after 2.77750675305s
[INFO -- 2018-11-23 16:21:15]
Starting GDB script
[INFO -- 2018-11-23 16:21:15]
initSignal:0.0
[INFO -- 2018-11-23 16:21:15]
endSignal:3.0
[INFO -- 2018-11-23 16:21:15]
sending 5 signals using command: 'killall -2 lreg' after 0.209629143228s
[INFO -- 2018-11-23 16:21:15]
sending 5 signals using command: 'killall -2 lreg' after 0.275188211228s
[INFO -- 2018-11-23 16:21:17]
sending 5 signals using command: 'killall -2 lreg' after 1.96925987554s
[INFO -- 2018-11-23 16:21:17]
Execution finished before waitTime
