[INFO -- 2018-11-22 16:01:16]
Starting flip_value script
version: 1.1
[INFO -- 2018-11-22 16:01:16]
Initialization strings:
[INFO -- 2018-11-22 16:01:16]
(1) file /tmp/lreg/lreg
[INFO -- 2018-11-22 16:01:16]
(2) set args /tmp/lreg/randInput /tmp/lreg/output
[INFO -- 2018-11-22 16:01:16]
initSignal:0
[INFO -- 2018-11-22 16:01:16]
endSignal:3
[INFO -- 2018-11-22 16:01:16]
faultModel:1
[INFO -- 2018-11-22 16:01:19]
Backtrace BEGIN:
#0  __ieee754_pow_sse2 (x=18, y=3) at ../sysdeps/ieee754/dbl-64/e_pow.c:112
#1  0x00007ffff76db6be in __ieee754_pow_sse2 (x=<optimized out>, y=<optimized out>) at ../sysdeps/ieee754/dbl-64/e_pow.c:184
#2  0x00007ffff76bcb14 in __pow (x=-18, y=3) at w_pow_compat.c:30
#3  0x0000555555555d5f in std::pow<double, int> (__x=-18, __y=3) at /usr/include/c++/7/cmath:418
#4  0x00005555555551e7 in predict (v=-18) at lreg.cpp:50
#5  0x00005555555553ac in partialDerivate (pos=0) at lreg.cpp:74
#6  0x00005555555554b3 in adjust (alpha=2.2222199999999999e-05) at lreg.cpp:87
#7  0x000055555555565c in train (iterations=30000, alpha=2.2222199999999999e-05, N=4, stopsWhenStable=true) at lreg.cpp:120
#8  0x0000555555555ab7 in main (argc=3, argv=0x7fffffffde58) at lreg.cpp:174

107	../sysdeps/ieee754/dbl-64/e_pow.c: No such file or directory.

Backtrace END
Fliping value of field: std::_Vector_base<double, std::allocator<double> >
Fliping value of field: _M_impl
Fliping value of field: _M_end_of_storage
Fliping a bit of the value pointed by a pointer
Memory content before bitflip:0x000x000x000x000x000x000x000x00
Fault Model: Double bit-flip
base address to flip value: 0x5555557713a0
address max offset: 8
Memory content after  bitflip:0x000x000x000x000x000x000x000x11
frame name: adjust
symbol name: T
symbol filename: lreg.cpp
symbol line: 34
value: std::vector of length 4, capacity 4 = {-0.062188439412201146, -0.22132401867247137, -1.9484388223551898, -4.04597973625257}
value address: 0x55555575a180 <T>
Type: The type is a structure.
Type sizeof: 24
Field name: std::_Vector_base<double, std::allocator<double> >
Field Type: The type is a structure.
Field Type sizeof: 24

[INFO -- 2018-11-22 16:01:19]
Fault Injection Successful after 3.40177321434021s
[INFO -- 2018-11-22 16:01:21]
event type: exit
[INFO -- 2018-11-22 16:01:21]
exit code: 0
