[INFO -- 2018-09-30 19:50:37]
Starting flip_value script
version: 1.1
[INFO -- 2018-09-30 19:50:37]
Initialization strings:
[INFO -- 2018-09-30 19:50:37]
(1) file /tmp/lreg/lreg
[INFO -- 2018-09-30 19:50:37]
(2) set args /tmp/lreg/randInput /tmp/lreg/output
[INFO -- 2018-09-30 19:50:37]
initSignal:0
[INFO -- 2018-09-30 19:50:37]
endSignal:10
[INFO -- 2018-09-30 19:50:37]
faultModel:2
[EXCEPTION -- 2018-09-30 19:50:38]
pythonException: Unable to exit loop in struct fields; Exiting wihtout making a bit flip
[INFO -- 2018-09-30 19:50:38]
Backtrace BEGIN:
#0  0x0000555555555edb in std::vector<double, std::allocator<double> >::size (this=0x55555575a140 <x>) at /usr/include/c++/7/bits/stl_vector.h:671
#1  0x00005555555553c9 in partialDerivate (pos=2) at lreg.cpp:73
#2  0x0000555555555503 in adjust (alpha=5.0000000000000002e-05) at lreg.cpp:87
#3  0x00005555555556ac in train (iterations=60000, alpha=5.0000000000000002e-05, N=3, stopsWhenStable=true) at lreg.cpp:120
#4  0x0000555555555c26 in main (argc=3, argv=0x7fffffffde58) at lreg.cpp:182

666	
667	      // [23.2.4.2] capacity
668	      /**  Returns the number of elements in the %vector.  */
669	      size_type
670	      size() const _GLIBCXX_NOEXCEPT
671	      { return size_type(this->_M_impl._M_finish - this->_M_impl._M_start); }
672	
673	      /**  Returns the size() of the largest possible %vector.  */
674	      size_type
675	      max_size() const _GLIBCXX_NOEXCEPT

Backtrace END
Memory content before bitflip:0x600xea0x000x00
Fault Model: Random bit-flip
base address to flip value: 0x7fffffffd81c
address max offset: 4
Memory content after  bitflip:0x5b0xdb0xb00xea
frame name: train
symbol name: iterations
symbol filename: lreg.cpp
symbol line: 105
value: -357508261
value address: 0x7fffffffd81c
Type: The type is an integer type.
Type sizeof: 4

[INFO -- 2018-09-30 19:50:38]
Fault Injection Successful after 1.8533806800842285s
[INFO -- 2018-09-30 19:50:44]
event type: exit
[INFO -- 2018-09-30 19:50:44]
exit code: 0
