[INFO -- 2018-11-23 19:37:32]
Starting flip_value script
version: 1.1
[INFO -- 2018-11-23 19:37:32]
Initialization strings:
[INFO -- 2018-11-23 19:37:32]
(1) file /tmp/lreg/lreg
[INFO -- 2018-11-23 19:37:32]
(2) set args /tmp/lreg/randInput /tmp/lreg/output
[INFO -- 2018-11-23 19:37:32]
initSignal:0
[INFO -- 2018-11-23 19:37:32]
endSignal:3
[INFO -- 2018-11-23 19:37:32]
faultModel:1
[INFO -- 2018-11-23 19:37:32]
Backtrace BEGIN:
#0  0x00007ffff76daa31 in __ieee754_pow_sse2 (x=<optimized out>, y=<optimized out>) at ../sysdeps/ieee754/dbl-64/e_pow.c:215
#1  0x00007ffff76bcb14 in __pow (x=-2, y=0) at w_pow_compat.c:30
#2  0x0000555555555d5f in std::pow<double, int> (__x=-2, __y=0) at /usr/include/c++/7/cmath:418
#3  0x00005555555551e7 in predict (v=-2) at lreg.cpp:50
#4  0x00005555555553ac in partialDerivate (pos=2) at lreg.cpp:74
#5  0x00005555555554b3 in adjust (alpha=5.0000000000000002e-05) at lreg.cpp:87
#6  0x000055555555565c in train (iterations=20000, alpha=5.0000000000000002e-05, N=3, stopsWhenStable=true) at lreg.cpp:120
#7  0x0000555555555ab7 in main (argc=3, argv=0x7fffffffde58) at lreg.cpp:174

210	../sysdeps/ieee754/dbl-64/e_pow.c: No such file or directory.

Backtrace END
Memory content before bitflip:0x060x000x000x00
Fault Model: Double bit-flip
base address to flip value: 0x7fffffffd92c
address max offset: 4
Memory content after  bitflip:0x870x000x000x00
frame name: main
symbol name: predictions
symbol filename: lreg.cpp
symbol line: 161
value: 135
value address: 0x7fffffffd92c
Type: The type is an integer type.
Type sizeof: 4

[INFO -- 2018-11-23 19:37:32]
Fault Injection Successful after 0.773015022277832s
[INFO -- 2018-11-23 19:37:33]
event type: exit
[INFO -- 2018-11-23 19:37:33]
exit code: 0
