[INFO -- 2018-09-06 21:10:55]
Starting flip_value script
version: 1.1
[INFO -- 2018-09-06 21:10:55]
Initialization strings:
[INFO -- 2018-09-06 21:10:55]
(1) file /tmp/lreg/lreg
[INFO -- 2018-09-06 21:10:55]
(2) set args /tmp/lreg/randInput /tmp/lreg/output
[INFO -- 2018-09-06 21:10:55]
initSignal:0
[INFO -- 2018-09-06 21:10:55]
endSignal:2
[INFO -- 2018-09-06 21:10:55]
faultModel:0
[INFO -- 2018-09-06 21:10:55]
Backtrace BEGIN:
#0  0x00007ffff76b7b20 in __pow (x=10, y=0) at w_pow_compat.c:31
#1  0x0000555555555f39 in std::pow<double, int> (__x=10, __y=0) at /usr/include/c++/7/cmath:418
#2  0x0000555555555451 in partialDerivate (pos=0) at lreg.cpp:74
#3  0x0000555555555503 in adjust (alpha=0.00020000000000000001) at lreg.cpp:87
#4  0x00005555555556ac in train (iterations=30000, alpha=0.00020000000000000001, N=2, stopsWhenStable=true) at lreg.cpp:120
#5  0x0000555555555c26 in main (argc=3, argv=0x7fffffffde68) at lreg.cpp:182

26	w_pow_compat.c: No such file or directory.

Backtrace END
Memory content before bitflip:0x030x000x000x00
Fault Model: Single bit-flip
base address to flip value: 0x7fffffffd91c
address max offset: 4
Memory content after  bitflip:0x030x000x010x00
frame name: main
symbol name: argc
symbol filename: lreg.cpp
symbol line: 152
value: 65539
value address: 0x7fffffffd91c
Type: The type is an integer type.
Type sizeof: 4

[INFO -- 2018-09-06 21:10:55]
Fault Injection Successful after 0.5560548305511475s
[INFO -- 2018-09-06 21:11:02]
event type: exit
[INFO -- 2018-09-06 21:11:02]
exit code: 0
