[INFO -- 2018-10-03 14:34:00]
Starting flip_value script
version: 1.1
[INFO -- 2018-10-03 14:34:00]
Initialization strings:
[INFO -- 2018-10-03 14:34:00]
(1) file /tmp/lreg/lreg
[INFO -- 2018-10-03 14:34:00]
(2) set args /tmp/lreg/randInput /tmp/lreg/output
[INFO -- 2018-10-03 14:34:00]
initSignal:0
[INFO -- 2018-10-03 14:34:00]
endSignal:10
[INFO -- 2018-10-03 14:34:00]
faultModel:0
[INFO -- 2018-10-03 14:34:04]
Backtrace BEGIN:
#0  __pow (x=1, y=3) at w_pow_compat.c:55
#1  0x0000555555555d47 in std::pow<double, int> (__x=1, __y=3) at /usr/include/c++/7/cmath:418
#2  0x00005555555551e7 in predict (v=1) at lreg.cpp:50
#3  0x000055555555526a in meanSquaredError () at lreg.cpp:61
#4  0x0000555555555661 in train (iterations=90000, alpha=2.2222199999999999e-05, N=4, stopsWhenStable=true) at lreg.cpp:121
#5  0x0000555555555ab7 in main (argc=3, argv=0x7fffffffde58) at lreg.cpp:174

50	w_pow_compat.c: No such file or directory.

Backtrace END
Memory content before bitflip:0x01
Fault Model: Single bit-flip
base address to flip value: 0x7fffffffd80c
address max offset: 1
Memory content after  bitflip:0x05
frame name: train
symbol name: stopsWhenStable
symbol filename: lreg.cpp
symbol line: 105
value: 5
value address: 0x7fffffffd80c
Type: A boolean type.
Type sizeof: 1

[INFO -- 2018-10-03 14:34:04]
Fault Injection Successful after 4.519402742385864s
[INFO -- 2018-10-03 14:34:07]
event type: exit
[INFO -- 2018-10-03 14:34:07]
exit code: 0
