[INFO -- 2018-09-25 18:26:36]
Starting flip_value script
version: 1.1
[INFO -- 2018-09-25 18:26:36]
Initialization strings:
[INFO -- 2018-09-25 18:26:36]
(1) file /tmp/lreg/lreg
[INFO -- 2018-09-25 18:26:36]
(2) set args /tmp/lreg/randInput /tmp/lreg/output
[INFO -- 2018-09-25 18:26:36]
initSignal:0
[INFO -- 2018-09-25 18:26:36]
endSignal:2
[INFO -- 2018-09-25 18:26:36]
faultModel:1
[INFO -- 2018-09-25 18:26:37]
Backtrace BEGIN:
#0  0x00007ffff76d5a24 in __ieee754_pow_sse2 (x=<optimized out>, y=<optimized out>) at ../sysdeps/ieee754/dbl-64/e_pow.c:215
#1  0x00007ffff76b7b14 in __pow (x=4, y=1) at w_pow_compat.c:30
#2  0x0000555555555f39 in std::pow<double, int> (__x=4, __y=1) at /usr/include/c++/7/cmath:418
#3  0x0000555555555237 in predict (v=4) at lreg.cpp:50
#4  0x00005555555552ba in meanSquaredError () at lreg.cpp:61
#5  0x00005555555556b1 in train (iterations=60000, alpha=5.0000000000000002e-05, N=3, stopsWhenStable=true) at lreg.cpp:121
#6  0x0000555555555c26 in main (argc=3, argv=0x7fffffffde68) at lreg.cpp:182

210	../sysdeps/ieee754/dbl-64/e_pow.c: No such file or directory.

Backtrace END
Memory content before bitflip:0x000x000x000x000x000x800x610xc0
Fault Model: Double bit-flip
base address to flip value: 0x7fffffffd958
address max offset: 8
Memory content after  bitflip:0x000x000x000x000x000x800x6d0xc0
frame name: main
symbol name: temp
symbol filename: lreg.cpp
symbol line: 168
value: -236
value address: 0x7fffffffd958
Type: A floating point type.
Type sizeof: 8

[INFO -- 2018-09-25 18:26:37]
Fault Injection Successful after 1.931682825088501s
[INFO -- 2018-09-25 18:26:44]
event type: exit
[INFO -- 2018-09-25 18:26:44]
exit code: 0
