[INFO -- 2018-11-29 13:22:47]
Starting flip_value script
version: 1.1
[INFO -- 2018-11-29 13:22:47]
Initialization strings:
[INFO -- 2018-11-29 13:22:47]
(1) file /tmp/lreg/lreg
[INFO -- 2018-11-29 13:22:47]
(2) set args /tmp/lreg/randInput /tmp/lreg/output /tmp/lreg/detected.log
[INFO -- 2018-11-29 13:22:47]
initSignal:0
[INFO -- 2018-11-29 13:22:47]
endSignal:6
[INFO -- 2018-11-29 13:22:47]
faultModel:0
[INFO -- 2018-11-29 13:22:48]
Backtrace BEGIN:
#0  libc_feholdsetround_sse_ctx (r=0, ctx=<synthetic pointer>) at ../sysdeps/i386/fpu/fenv_private.h:447
#1  __ieee754_pow_sse2 (x=-14, y=3) at ../sysdeps/ieee754/dbl-64/e_pow.c:183
#2  0x00007ffff76bcb14 in __pow (x=-14, y=3) at w_pow_compat.c:30
#3  0x000055555555621b in std::pow<double, int> (__x=-14, __y=3) at /usr/include/c++/7/cmath:418
#4  0x0000555555555237 in predict (v=-14) at lreg.cpp:50
#5  0x00005555555553fc in partialDerivate (pos=3) at lreg.cpp:74
#6  0x0000555555555503 in adjust (alpha=2.2222199999999999e-05) at lreg.cpp:87
#7  0x00005555555556ac in train (iterations=30000, alpha=2.2222199999999999e-05, N=4, stopsWhenStable=true) at lreg.cpp:120
#8  0x0000555555555a1c in execute (input=0x7fffffffe1f1 "/tmp/lreg/randInput") at lreg.cpp:157
#9  0x0000555555555c78 in main (argc=4, argv=0x7fffffffde48) at lreg.cpp:193

442	../sysdeps/i386/fpu/fenv_private.h: No such file or directory.

Backtrace END
Memory content before bitflip:0x0e0xc00xff0xed0x960xae0x940xc1
Fault Model: Single bit-flip
base address to flip value: 0x7fffffffd4d8
address max offset: 8
Memory content after  bitflip:0x0e0xc00xff0xed0x960xae0x940xc9
frame name: partialDerivate
symbol name: pD
symbol filename: lreg.cpp
symbol line: 72
value: -2.9518323227695547e+46
value address: 0x7fffffffd4d8
Type: A floating point type.
Type sizeof: 8

[INFO -- 2018-11-29 13:22:48]
Fault Injection Successful after 1.0941352844238281s
[INFO -- 2018-11-29 13:22:50]
event type: exit
[INFO -- 2018-11-29 13:22:50]
exit code: 0
