[INFO -- 2018-11-14 15:40:19]
Starting flip_value script
version: 1.1
[INFO -- 2018-11-14 15:40:19]
Initialization strings:
[INFO -- 2018-11-14 15:40:19]
(1) file /tmp/lreg/lreg
[INFO -- 2018-11-14 15:40:19]
(2) set args /tmp/lreg/randInput /tmp/lreg/output
[INFO -- 2018-11-14 15:40:19]
initSignal:0
[INFO -- 2018-11-14 15:40:19]
endSignal:5
[INFO -- 2018-11-14 15:40:19]
faultModel:1
[INFO -- 2018-11-14 15:40:22]
Backtrace BEGIN:
#0  0x0000555555556ef1 in std::_Vector_base<double, std::allocator<double> >::~_Vector_base (this=0x7fffffffd850, __in_chrg=<optimized out>) at /usr/include/c++/7/bits/stl_vector.h:163
#1  0x0000555555556919 in std::vector<double, std::allocator<double> >::~vector (this=0x7fffffffd850, __in_chrg=<optimized out>) at /usr/include/c++/7/bits/stl_vector.h:435
#2  0x0000555555555fa4 in train (iter1=30000, iter2=30000, N=3, alpha1=5.0000000000000002e-05, alpha2=5.0000000000000002e-05, stopsWhenStable=true) at lreg.cpp:199
#3  0x0000555555556467 in main (argc=3, argv=0x7fffffffde68) at lreg.cpp:253

158	      }
159	#endif
160	
161	      ~_Vector_base() _GLIBCXX_NOEXCEPT
162	      { _M_deallocate(this->_M_impl._M_start, this->_M_impl._M_end_of_storage
163			      - this->_M_impl._M_start); }
164	
165	    public:
166	      _Vector_impl _M_impl;
167	

Backtrace END
Fliping a bit of the pointer
Memory content before bitflip:0x500xd80xff0xff0xff0x7f0x000x00
Fault Model: Double bit-flip
base address to flip value: 0x7fffffffd788
address max offset: 8
Memory content after  bitflip:0x500xe80xff0xff0xff0x7f0x000x00
frame name: std::_Vector_base<double, std::allocator<double> >::~_Vector_base
symbol name: this
symbol filename: lreg.cpp
symbol line: 0
value: 0x7fffffffd850
value address: 0x7fffffffd788
Type: The type is a pointer.
Type sizeof: 8

[INFO -- 2018-11-14 15:40:22]
Fault Injection Successful after 3.724580764770508s
[INFO -- 2018-11-14 15:40:28]
event type: exit
[INFO -- 2018-11-14 15:40:28]
exit code: 0
