[INFO -- 2018-11-09 15:09:09]
Starting flip_value script
version: 1.1
[INFO -- 2018-11-09 15:09:09]
Initialization strings:
[INFO -- 2018-11-09 15:09:09]
(1) file /tmp/lreg/lreg
[INFO -- 2018-11-09 15:09:09]
(2) set args /tmp/lreg/randInput /tmp/lreg/output /tmp/lreg/detected.log
[INFO -- 2018-11-09 15:09:09]
initSignal:0
[INFO -- 2018-11-09 15:09:09]
endSignal:10
[INFO -- 2018-11-09 15:09:09]
faultModel:2
[INFO -- 2018-11-09 15:09:11]
Backtrace BEGIN:
#0  0x000055555555612c in std::pow<double, int> (__x=-20, __y=0) at /usr/include/c++/7/cmath:418
#1  0x0000555555555237 in predict (v=-20) at lreg.cpp:50
#2  0x00005555555553fc in partialDerivate (pos=1) at lreg.cpp:74
#3  0x0000555555555503 in adjust (alpha=5.0000000000000002e-05) at lreg.cpp:87
#4  0x00005555555556ac in train (iterations=30000, alpha=5.0000000000000002e-05, N=3, stopsWhenStable=true) at lreg.cpp:120
#5  0x0000555555555a1c in execute (input=0x7fffffffe1f3 "/tmp/lreg/randInput") at lreg.cpp:157
#6  0x0000555555555c60 in main (argc=4, argv=0x7fffffffde48) at lreg.cpp:191

413	    inline _GLIBCXX_CONSTEXPR
414	    typename __gnu_cxx::__promote_2<_Tp, _Up>::__type
415	    pow(_Tp __x, _Up __y)
416	    {
417	      typedef typename __gnu_cxx::__promote_2<_Tp, _Up>::__type __type;
418	      return pow(__type(__x), __type(__y));
419	    }
420	
421	  using ::sin;
422	

Backtrace END
Memory content before bitflip:0x160x6f0xa30xe50x1a0x6b0xf50x40
Fault Model: Random bit-flip
base address to flip value: 0x7fffffffd588
address max offset: 8
Memory content after  bitflip:0xbf0x270x380x7e0xc30xd40xa20x80
frame name: train
symbol name: MSE
symbol filename: lreg.cpp
symbol line: 117
value: -1.3408193954842452e-305
value address: 0x7fffffffd588
Type: A floating point type.
Type sizeof: 8

[INFO -- 2018-11-09 15:09:11]
Fault Injection Successful after 2.1697099208831787s
[INFO -- 2018-11-09 15:09:29]
event type: exit
[INFO -- 2018-11-09 15:09:29]
exit code: 0
