[INFO -- 2018-11-22 18:23:49]
Starting flip_value script
version: 1.1
[INFO -- 2018-11-22 18:23:49]
Initialization strings:
[INFO -- 2018-11-22 18:23:49]
(1) file /tmp/lreg/lreg
[INFO -- 2018-11-22 18:23:49]
(2) set args /tmp/lreg/randInput /tmp/lreg/output
[INFO -- 2018-11-22 18:23:49]
initSignal:0
[INFO -- 2018-11-22 18:23:49]
endSignal:3
[INFO -- 2018-11-22 18:23:49]
faultModel:0
[INFO -- 2018-11-22 18:23:50]
Backtrace BEGIN:
#0  0x00005555555553ce in partialDerivate (pos=0) at lreg.cpp:74
#1  0x00005555555554b3 in adjust (alpha=0.00020000000000000001) at lreg.cpp:87
#2  0x000055555555565c in train (iterations=10000, alpha=0.00020000000000000001, N=2, stopsWhenStable=true) at lreg.cpp:120
#3  0x0000555555555ab7 in main (argc=3, argv=0x7fffffffde58) at lreg.cpp:174

69		to the adjustment variable whose position in T is passed in pos
70	*/
71	double partialDerivate(int pos){
72		double pD = 0;
73		for(int i = 0; i<x.size(); i++){
74			pD += ((predict(x[i]) - y[i])*pow(x[i], pos));	
75		}
76		pD *= (2.0/x.size());
77		return pD;
78	}

Backtrace END
Fliping value of field: std::_Vector_base<double, std::allocator<double> >
Fliping value of field: _M_impl
Fliping value of field: _M_end_of_storage
Fliping a bit of the value pointed by a pointer
Memory content before bitflip:0x000x000x000x000x000x000x000x00
Fault Model: Single bit-flip
base address to flip value: 0x555555771460
address max offset: 8
Memory content after  bitflip:0x000x000x200x000x000x000x000x00
frame name: train
symbol name: bestT
symbol filename: lreg.cpp
symbol line: 115
value: std::vector of length 2, capacity 2 = {1.7068230195178893, -1.0075888940277999}
value address: 0x7fffffffd860
Type: The type is a structure.
Type sizeof: 24
Field name: std::_Vector_base<double, std::allocator<double> >
Field Type: The type is a structure.
Field Type sizeof: 24

[INFO -- 2018-11-22 18:23:50]
Fault Injection Successful after 1.8326117992401123s
[INFO -- 2018-11-22 18:23:53]
event type: exit
[INFO -- 2018-11-22 18:23:53]
exit code: 0
