[INFO -- 2018-11-23 21:13:26]
Starting flip_value script
version: 1.1
[INFO -- 2018-11-23 21:13:26]
Initialization strings:
[INFO -- 2018-11-23 21:13:26]
(1) file /tmp/lreg/lreg
[INFO -- 2018-11-23 21:13:26]
(2) set args /tmp/lreg/randInput /tmp/lreg/output
[INFO -- 2018-11-23 21:13:26]
initSignal:0
[INFO -- 2018-11-23 21:13:26]
endSignal:3
[INFO -- 2018-11-23 21:13:26]
faultModel:1
[INFO -- 2018-11-23 21:13:27]
Backtrace BEGIN:
#0  0x00005555555551ec in predict (v=-4) at lreg.cpp:50
#1  0x00005555555553ac in partialDerivate (pos=2) at lreg.cpp:74
#2  0x00005555555554b3 in adjust (alpha=5.0000000000000002e-05) at lreg.cpp:87
#3  0x000055555555565c in train (iterations=20000, alpha=5.0000000000000002e-05, N=3, stopsWhenStable=true) at lreg.cpp:120
#4  0x0000555555555ab7 in main (argc=3, argv=0x7fffffffde58) at lreg.cpp:174

45		Predicts the value related to v using the Ts variables
46	*/
47	double predict(double v){
48		double val = 0;
49		for(int i = 0; i<T.size(); i++){
50			val+= (T[i] * pow(v, i));
51		}
52		return val;
53		
54	}

Backtrace END
Memory content before bitflip:0x000x900x210xa30x8d0x080x9d0xbf
Fault Model: Double bit-flip
base address to flip value: 0x7fffffffd7d8
address max offset: 8
Memory content after  bitflip:0x000x900x2b0xa30x8d0x080x9d0xbf
frame name: adjust
symbol name: PD
symbol filename: lreg.cpp
symbol line: 85
value: -0.028352940639607027
value address: 0x7fffffffd7d8
Type: A floating point type.
Type sizeof: 8

[INFO -- 2018-11-23 21:13:27]
Fault Injection Successful after 1.269073247909546s
[INFO -- 2018-11-23 21:13:28]
event type: exit
[INFO -- 2018-11-23 21:13:28]
exit code: 0
