[INFO -- 2018-11-09 18:47:19]
Starting flip_value script
version: 1.1
[INFO -- 2018-11-09 18:47:19]
Initialization strings:
[INFO -- 2018-11-09 18:47:19]
(1) file /tmp/lreg/lreg
[INFO -- 2018-11-09 18:47:19]
(2) set args /tmp/lreg/randInput /tmp/lreg/output /tmp/lreg/detected.log
[INFO -- 2018-11-09 18:47:19]
initSignal:0
[INFO -- 2018-11-09 18:47:19]
endSignal:10
[INFO -- 2018-11-09 18:47:19]
faultModel:1
[INFO -- 2018-11-09 18:47:20]
Backtrace BEGIN:
#0  0x00007ffff76d598d in __exp1 (x=<optimized out>, xx=<optimized out>, error=<optimized out>) at ../sysdeps/ieee754/dbl-64/e_exp.c:280
#1  0x00007ffff76da8dc in __ieee754_pow_sse2 (x=10, y=3) at ../sysdeps/ieee754/dbl-64/e_pow.c:115
#2  0x00007ffff76bcb14 in __pow (x=10, y=3) at w_pow_compat.c:30
#3  0x0000555555556131 in std::pow<double, int> (__x=10, __y=3) at /usr/include/c++/7/cmath:418
#4  0x0000555555555237 in predict (v=10) at lreg.cpp:50
#5  0x00005555555553fc in partialDerivate (pos=3) at lreg.cpp:74
#6  0x0000555555555503 in adjust (alpha=2.2222199999999999e-05) at lreg.cpp:87
#7  0x00005555555556ac in train (iterations=45000, alpha=2.2222199999999999e-05, N=4, stopsWhenStable=true) at lreg.cpp:120
#8  0x0000555555555a1c in execute (input=0x7fffffffe1f3 "/tmp/lreg/randInput") at lreg.cpp:157
#9  0x0000555555555c60 in main (argc=4, argv=0x7fffffffde48) at lreg.cpp:191

275	../sysdeps/ieee754/dbl-64/e_exp.c: No such file or directory.

Backtrace END
Fliping value of field: std::_Vector_base<double, std::allocator<double> >
Fliping value of field: _M_impl
Fliping value of field: _M_start
Fliping a bit of the value pointed by a pointer
Memory content before bitflip:0x000x000x000x000x000x000x000xc0
Fault Model: Double bit-flip
base address to flip value: 0x555555772970
address max offset: 8
Memory content after  bitflip:0x000x000x000x000x000x900x000xc0
frame name: predict
symbol name: y
symbol filename: lreg.cpp
symbol line: 33
value: std::vector of length 36, capacity 64 = {-2.0703125, -2, -2, -2, -2, -2, -2, -2, 1584, 1282, 889, 1044, 337, 1918, 394, 1467, 693, 1318, 1044, 72, 785, 3, 1611, 851, 1431, 1303, 661, 885, 11, 1901, 991, 81, 495, 25, 311, 141}
value address: 0x55555575b160 <y>
Type: The type is a structure.
Type sizeof: 24
Field name: std::_Vector_base<double, std::allocator<double> >
Field Type: The type is a structure.
Field Type sizeof: 24

[INFO -- 2018-11-09 18:47:20]
Fault Injection Successful after 1.7469968795776367s
[INFO -- 2018-11-09 18:47:26]
event type: exit
[INFO -- 2018-11-09 18:47:26]
exit code: 0
