[INFO -- 2018-10-13 14:06:54]
Starting flip_value script
version: 1.1
[INFO -- 2018-10-13 14:06:54]
Initialization strings:
[INFO -- 2018-10-13 14:06:54]
(1) file /tmp/lreg/lreg
[INFO -- 2018-10-13 14:06:54]
(2) set args /tmp/lreg/randInput /tmp/lreg/output
[INFO -- 2018-10-13 14:06:54]
initSignal:0
[INFO -- 2018-10-13 14:06:54]
endSignal:10
[INFO -- 2018-10-13 14:06:54]
faultModel:0
[INFO -- 2018-10-13 14:06:56]
Backtrace BEGIN:
#0  0x000055555555556e in partialDerivate (pos=2) at lreg.cpp:107
#1  0x0000555555555670 in adjust () at lreg.cpp:123
#2  0x0000555555555881 in train (iterations=90000, N=4, stopsWhenStable=true) at lreg.cpp:159
#3  0x0000555555555dba in main (argc=3, argv=0x7fffffffde68) at lreg.cpp:225

102		double pD = 0;
103		for(UINT i1 = 0, i2 = 0, i3 = 0; 
104			selectTriUInt(i1, i2, i3)<x.size(); 
105			i1++, i2++, i3++)
106		{
107			pD += ((predict(x[selectTriUInt(i1, i2, i3)]) - y[selectTriUInt(i1, i2, i3)])*pow(x[selectTriUInt(i1, i2, i3)], pos));	
108		}
109		pD *= (2.0/x.size());
110		return pD;
111	}

Backtrace END
Memory content before bitflip:0x100x000x000x00
Fault Model: Single bit-flip
base address to flip value: 0x7fffffffd918
address max offset: 4
Memory content after  bitflip:0x100x000x000x01
frame name: main
symbol name: sizeOfTraining
symbol filename: lreg.cpp
symbol line: 203
value: 16777232
value address: 0x7fffffffd918
Type: The type is an integer type.
Type sizeof: 4

[INFO -- 2018-10-13 14:06:56]
Fault Injection Successful after 2.454648494720459s
[INFO -- 2018-10-13 14:07:03]
event type: exit
[INFO -- 2018-10-13 14:07:03]
exit code: 0
