[INFO -- 2018-11-25 23:17:06]
Starting flip_value script
version: 1.1
[INFO -- 2018-11-25 23:17:06]
Initialization strings:
[INFO -- 2018-11-25 23:17:06]
(1) file /tmp/lreg/lreg
[INFO -- 2018-11-25 23:17:06]
(2) set args /tmp/lreg/randInput /tmp/lreg/output /tmp/lreg/detected.log
[INFO -- 2018-11-25 23:17:06]
initSignal:0
[INFO -- 2018-11-25 23:17:06]
endSignal:6
[INFO -- 2018-11-25 23:17:06]
faultModel:0
[INFO -- 2018-11-25 23:17:09]
Backtrace BEGIN:
#0  0x00007ffff76da516 in __ieee754_pow_sse2 (x=-14, y=1) at ../sysdeps/ieee754/dbl-64/e_pow.c:65
#1  0x00007ffff76bcb14 in __pow (x=-14, y=1) at w_pow_compat.c:30
#2  0x000055555555621b in std::pow<double, int> (__x=-14, __y=1) at /usr/include/c++/7/cmath:418
#3  0x0000555555555237 in predict (v=-14) at lreg.cpp:50
#4  0x00005555555553fc in partialDerivate (pos=2) at lreg.cpp:74
#5  0x0000555555555503 in adjust (alpha=2.2222199999999999e-05) at lreg.cpp:87
#6  0x00005555555556ac in train (iterations=30000, alpha=2.2222199999999999e-05, N=4, stopsWhenStable=true) at lreg.cpp:120
#7  0x0000555555555a1c in execute (input=0x7fffffffe1f1 "/tmp/lreg/randInput") at lreg.cpp:157
#8  0x0000555555555c78 in main (argc=4, argv=0x7fffffffde48) at lreg.cpp:193

60	../sysdeps/ieee754/dbl-64/e_pow.c: No such file or directory.

Backtrace END
Fliping value of field name: i
Fliping array at pos: 1
Memory content before bitflip:0x570xf30x2e0x3d
Fault Model: Single bit-flip
base address to flip value: 0x7ffff779f5c4 
address max offset: 4
Memory content after  bitflip:0x570xf30x2e0x2d
frame name: __ieee754_pow_sse2
symbol name: ln2b
symbol filename: ../sysdeps/ieee754/dbl-64/upow.h
symbol line: 51
value: {i = {-1815648464, 758051671}, x = 4.7480989892499161e-91}
value address: 0x7ffff779f5c0 <ln2b>
Type: The type is a union.
Type sizeof: 8
Field name: i
Field Type: The type is an array.
Field Type sizeof: 8
Field name: x
Field Type: A floating point type.
Field Type sizeof: 8

[INFO -- 2018-11-25 23:17:09]
Fault Injection Successful after 3.209179639816284s
[INFO -- 2018-11-25 23:17:15]
event type: exit
[INFO -- 2018-11-25 23:17:15]
exit code: 0
