[INFO -- 2018-11-29 14:43:08]
Starting flip_value script
version: 1.1
[INFO -- 2018-11-29 14:43:08]
Initialization strings:
[INFO -- 2018-11-29 14:43:08]
(1) file /tmp/lreg/lreg
[INFO -- 2018-11-29 14:43:08]
(2) set args /tmp/lreg/randInput /tmp/lreg/output /tmp/lreg/detected.log
[INFO -- 2018-11-29 14:43:08]
initSignal:0
[INFO -- 2018-11-29 14:43:08]
endSignal:6
[INFO -- 2018-11-29 14:43:08]
faultModel:2
[EXCEPTION -- 2018-11-29 14:43:10]
pythonException: Unable to exit loop in struct fields; Exiting wihtout making a bit flip
[INFO -- 2018-11-29 14:43:11]
Backtrace BEGIN:
#0  libc_feholdsetround_sse_ctx (r=0, ctx=<synthetic pointer>) at ../sysdeps/i386/fpu/fenv_private.h:447
#1  __ieee754_pow_sse2 (x=-15, y=3) at ../sysdeps/ieee754/dbl-64/e_pow.c:183
#2  0x00007ffff76bcb14 in __pow (x=-15, y=3) at w_pow_compat.c:30
#3  0x000055555555621b in std::pow<double, int> (__x=-15, __y=3) at /usr/include/c++/7/cmath:418
#4  0x0000555555555237 in predict (v=-15) at lreg.cpp:50
#5  0x000055555555530a in meanSquaredError () at lreg.cpp:61
#6  0x00005555555556b1 in train (iterations=30000, alpha=2.2222199999999999e-05, N=4, stopsWhenStable=true) at lreg.cpp:121
#7  0x0000555555555a1c in execute (input=0x7fffffffe1f1 "/tmp/lreg/randInput") at lreg.cpp:157
#8  0x0000555555555c78 in main (argc=4, argv=0x7fffffffde48) at lreg.cpp:193

442	in ../sysdeps/i386/fpu/fenv_private.h

Backtrace END
Fliping value of field: std::_Vector_base<double, std::allocator<double> >
Fliping value of field: _M_impl
Fliping value of field: _M_end_of_storage
Fliping a bit of the pointer
Memory content before bitflip:0xa00x230x770x550x550x550x000x00
Fault Model: Random bit-flip
base address to flip value: 0x55555575b190 
address max offset: 8
Memory content after  bitflip:0x000x710x720xd10x3c0x780x050x5f
frame name: std::pow<double, int>
symbol name: T
symbol filename: lreg.cpp
symbol line: 34
value: std::vector of length 4, capacity 855864648262445488 = {0.31048537987780994, -1.3081753343113105, -1.9579526936925851, -4.0443591981532077}
value address: 0x55555575b180 <T>
Type: The type is a structure.
Type sizeof: 24
Field name: std::_Vector_base<double, std::allocator<double> >
Field Type: The type is a structure.
Field Type sizeof: 24

[INFO -- 2018-11-29 14:43:11]
Fault Injection Successful after 3.1597442626953125s
[INFO -- 2018-11-29 14:43:13]
event type: exit
[INFO -- 2018-11-29 14:43:13]
exit code: 0
