[INFO -- 2018-11-14 12:41:27]
Starting flip_value script
version: 1.1
[INFO -- 2018-11-14 12:41:27]
Initialization strings:
[INFO -- 2018-11-14 12:41:27]
(1) file /tmp/lreg/lreg
[INFO -- 2018-11-14 12:41:27]
(2) set args /tmp/lreg/randInput /tmp/lreg/output
[INFO -- 2018-11-14 12:41:27]
initSignal:0
[INFO -- 2018-11-14 12:41:27]
endSignal:5
[INFO -- 2018-11-14 12:41:27]
faultModel:2
[INFO -- 2018-11-14 12:41:28]
Backtrace BEGIN:
#0  0x00005555555551e0 in verifyUintDup (a=2, b=2) at lreg.cpp:69
#1  0x00005555555557fe in predict (v=-22) at lreg.cpp:116
#2  0x00005555555558c0 in meanSquaredError () at lreg.cpp:128
#3  0x0000555555555ee5 in train (iter1=45000, iter2=45000, N=4, alpha1=2.2222199999999999e-05, alpha2=2.2222199999999999e-05, stopsWhenStable=true) at lreg.cpp:194
#4  0x0000555555556467 in main (argc=3, argv=0x7fffffffde68) at lreg.cpp:253

64			ofstream fp ("/tmp/lreg/detected.log", std::ofstream::app);
65			fp << "verifyUint: a = "<<a<<"; b = "<<b<<endl;
66	        detected = 1;	
67		}
68		return a;
69	}
70	double verifyDoubleDup(double a, double b){
71		if (a != b && detected != 1){
72			//gerar entrada no log
73			ofstream fp ("/tmp/lreg/detected.log", std::ofstream::app);

Backtrace END
Memory content before bitflip:0x000x000x000x00
Fault Model: Random bit-flip
base address to flip value: 0x55555575b1b8 
address max offset: 4
Memory content after  bitflip:0xae0xdc0x560x8e
frame name: verifyUintDup
symbol name: detected
symbol filename: lreg.cpp
symbol line: 58
value: -1906910034
value address: 0x55555575b1b8 <detected>
Type: The type is an integer type.
Type sizeof: 4

[INFO -- 2018-11-14 12:41:28]
Fault Injection Successful after 1.4633467197418213s
[INFO -- 2018-11-14 12:41:30]
event type: exit
[INFO -- 2018-11-14 12:41:30]
exit code: 0
