[INFO -- 2018-10-01 16:45:47]
Starting flip_value script
version: 1.1
[INFO -- 2018-10-01 16:45:47]
Initialization strings:
[INFO -- 2018-10-01 16:45:47]
(1) file /tmp/lreg/lreg
[INFO -- 2018-10-01 16:45:47]
(2) set args /tmp/lreg/randInput /tmp/lreg/output
[INFO -- 2018-10-01 16:45:47]
initSignal:0
[INFO -- 2018-10-01 16:45:47]
endSignal:10
[INFO -- 2018-10-01 16:45:47]
faultModel:0
[INFO -- 2018-10-01 16:45:49]
Backtrace BEGIN:
#0  0x00005555555553e6 in partialDerivate (pos=3) at lreg.cpp:74
#1  0x00005555555554b3 in adjust (alpha=2.2222199999999999e-05) at lreg.cpp:87
#2  0x000055555555565c in train (iterations=90000, alpha=2.2222199999999999e-05, N=4, stopsWhenStable=true) at lreg.cpp:120
#3  0x0000555555555ab7 in main (argc=3, argv=0x7fffffffde58) at lreg.cpp:174

69		to the adjustment variable whose position in T is passed in pos
70	*/
71	double partialDerivate(int pos){
72		double pD = 0;
73		for(int i = 0; i<x.size(); i++){
74			pD += ((predict(x[i]) - y[i])*pow(x[i], pos));	
75		}
76		pD *= (2.0/x.size());
77		return pD;
78	}

Backtrace END
Fliping value of field: std::_Vector_base<double, std::allocator<double> >
Fliping value of field: _M_impl
Fliping value of field: _M_start
Fliping a bit of the value pointed by a pointer
Memory content before bitflip:0x000x000x000x000x000x000x260x40
Fault Model: Single bit-flip
base address to flip value: 0x555555771760
address max offset: 8
Memory content after  bitflip:0x040x000x000x000x000x000x260x40
frame name: adjust
symbol name: x
symbol filename: lreg.cpp
symbol line: 32
value: std::vector of length 36, capacity 64 = {11.000000000000007, 16, -6, -2, -6, -13, -7, 7, -6, 16, -22, 10, 8, 8, 17, -7, 0, -3, 14, 24, -20, -20, -22, 25, -22, 21, -7, 12, 19, -3, 24, -26, 27, -26, 27, -16}
value address: 0x55555575a140 <x>
Type: The type is a structure.
Type sizeof: 24
Field name: std::_Vector_base<double, std::allocator<double> >
Field Type: The type is a structure.
Field Type sizeof: 24

[INFO -- 2018-10-01 16:45:49]
Fault Injection Successful after 2.6866188049316406s
[INFO -- 2018-10-01 16:45:54]
event type: exit
[INFO -- 2018-10-01 16:45:54]
exit code: 0
