[INFO -- 2018-11-14 20:04:20]
Starting flip_value script
version: 1.1
[INFO -- 2018-11-14 20:04:20]
Initialization strings:
[INFO -- 2018-11-14 20:04:20]
(1) file /tmp/lreg/lreg
[INFO -- 2018-11-14 20:04:20]
(2) set args /tmp/lreg/randInput /tmp/lreg/output
[INFO -- 2018-11-14 20:04:20]
initSignal:0
[INFO -- 2018-11-14 20:04:20]
endSignal:5
[INFO -- 2018-11-14 20:04:20]
faultModel:0
[INFO -- 2018-11-14 20:04:22]
Backtrace BEGIN:
#0  0x0000555555555744 in predict (v=-7) at lreg.cpp:112
#1  0x00005555555558c0 in meanSquaredError () at lreg.cpp:128
#2  0x0000555555555ee5 in train (iter1=15000, iter2=15000, N=2, alpha1=0.00020000000000000001, alpha2=0.00020000000000000001, stopsWhenStable=true) at lreg.cpp:194
#3  0x0000555555556467 in main (argc=3, argv=0x7fffffffde68) at lreg.cpp:253

107	}
108	
109	/**
110		Predicts the value related to v using the Ts variables
111	*/
112	double predict(double v){
113		double val = 0;
114		
115		for(UINT i1 = 0, i2 = 0; verifyUintDup(i1, i2)<T1.size(); i1++, i2++){
116			val+= (verifyDoubleDup(T1[verifyUintDup(i1, i2)], T2[verifyUintDup(i1, i2)]) * pow(v, verifyUintDup(i1, i2)));

Backtrace END
Fliping value of field: std::_Vector_base<double, std::allocator<double> >
Fliping value of field: _M_impl
Fliping value of field: _M_finish
Fliping a bit of the pointer
Memory content before bitflip:0x700x230x770x550x550x550x000x00
Fault Model: Single bit-flip
base address to flip value: 0x55555575b1a8 
address max offset: 8
Memory content after  bitflip:0x700x230x770x750x550x550x000x00
frame name: predict
symbol name: T2
symbol filename: lreg.cpp
symbol line: 37
value: std::vector of length 67108866, capacity 2 = {0.6944258502663635, 1.9871024168075124, 0, 2.4209216646221081e-322, 0, -5, -13, -17, 0, 4.001931731314097e-322, 0, 1.5810100666919889e-322, 2.1219957904712067e-314, 1.5927950145422402e-317, 0, 0, 0, 0, 0, 7.1639518646980749e-322, -13, -3, -7, -9, 12, 8, -8, -6, -26, 0, 0, 0, 0, 0, 0, 0, 0, 7.1639518646980749e-322, -25, -5, -13, -17, 25, 17, -15, -11, -44, 0, 0, 0, 0, 0, 0, 0, 0, 1.6304166312761136e-322, 0.69428058297069961, 1.9870962839506572, 0, 1.6304166312761136e-322, 0.69428058297069961, 1.9870962839506572, 0, 1.6304166312761136e-322, 4.6355706480405627e-310, 1.9870901496362767, 0, 1.6304166312761136e-322, 0, 1.9870962839506572, 0, 2.155756632499111e-319, 0, 0, 0, 0, 0, 0, 0, 0, 0, 0, 0, 0, 0, 0, 0, 0, 0, 0, 0, 0, 0, 0, 0, 0, 0, 0, 0, 0, 0, 0, 0, 0, 0, 0, 0, 0, 0, 0, 0, 0, 0, 0, 0, 0, 0, 0, 0, 0, 0, 0, 0, 0, 0, 0, 0, 0, 0, 0, 0, 0, 0, 0, 0, 0, 0, 0, 0, 0, 0, 0, 0, 0, 0, 0, 0, 0, 0, 0, 0, 0, 0, 0, 0, 0, 0, 0, 0, 0, 0, 0, 0, 0, 0, 0, 0, 0, 0, 0, 0, 0, 0, 0, 0, 0, 0, 0, 0, 0, 0, 0, 0, 0, 0, 0, 0, 0, 0, 0, 0, 0, 0, 0, 0, 0, 0, 0, 0, 0...}
value address: 0x55555575b1a0 <T2>
Type: The type is a structure.
Type sizeof: 24
Field name: std::_Vector_base<double, std::allocator<double> >
Field Type: The type is a structure.
Field Type sizeof: 24

[INFO -- 2018-11-14 20:04:22]
Fault Injection Successful after 2.3560338020324707s
[INFO -- 2018-11-14 20:04:28]
event type: exit
[INFO -- 2018-11-14 20:04:28]
exit code: 0
