[INFO -- 2018-11-26 16:17:03]
Starting flip_value script
version: 1.1
[INFO -- 2018-11-26 16:17:03]
Initialization strings:
[INFO -- 2018-11-26 16:17:03]
(1) file /tmp/lreg/lreg
[INFO -- 2018-11-26 16:17:03]
(2) set args /tmp/lreg/randInput /tmp/lreg/output
[INFO -- 2018-11-26 16:17:03]
initSignal:0
[INFO -- 2018-11-26 16:17:03]
endSignal:3
[INFO -- 2018-11-26 16:17:03]
faultModel:0
[INFO -- 2018-11-26 16:17:05]
Backtrace BEGIN:
#0  0x000055555555520f in verifyUintDup (a=2, b=2) at lreg.cpp:69
#1  0x00005555555557fe in predict (v=-18) at lreg.cpp:116
#2  0x0000555555555928 in meanSquaredError () at lreg.cpp:128
#3  0x0000555555555ee5 in train (iter1=30000, iter2=30000, N=4, alpha1=2.2222199999999999e-05, alpha2=2.2222199999999999e-05, stopsWhenStable=true) at lreg.cpp:194
#4  0x0000555555556467 in main (argc=3, argv=0x7fffffffde58) at lreg.cpp:253

64			ofstream fp ("/tmp/lreg/detected.log", std::ofstream::app);
65			fp << "verifyUint: a = "<<a<<"; b = "<<b<<endl;
66	        detected = 1;	
67		}
68		return a;
69	}
70	double verifyDoubleDup(double a, double b){
71		if (a != b && detected != 1){
72			//gerar entrada no log
73			ofstream fp ("/tmp/lreg/detected.log", std::ofstream::app);

Backtrace END
Memory content before bitflip:0x000x000x000x00
Fault Model: Single bit-flip
base address to flip value: 0x55555575b1b8 
address max offset: 4
Memory content after  bitflip:0x000x000x000x80
frame name: predict
symbol name: detected
symbol filename: lreg.cpp
symbol line: 58
value: -2147483648
value address: 0x55555575b1b8 <detected>
Type: The type is an integer type.
Type sizeof: 4

[INFO -- 2018-11-26 16:17:05]
Fault Injection Successful after 2.6027753353118896s
[INFO -- 2018-11-26 16:17:06]
event type: exit
[INFO -- 2018-11-26 16:17:06]
exit code: 0
