[INFO -- 2018-11-07 18:38:07]
Starting flip_value script
version: 1.1
[INFO -- 2018-11-07 18:38:07]
Initialization strings:
[INFO -- 2018-11-07 18:38:07]
(1) file /tmp/lreg/lreg
[INFO -- 2018-11-07 18:38:07]
(2) set args /tmp/lreg/randInput /tmp/lreg/output /tmp/lreg/detected.log
[INFO -- 2018-11-07 18:38:07]
initSignal:0
[INFO -- 2018-11-07 18:38:07]
endSignal:10
[INFO -- 2018-11-07 18:38:07]
faultModel:1
[EXCEPTION -- 2018-11-07 18:38:10]
pythonException: Unable to exit loop in struct fields; Exiting wihtout making a bit flip
[INFO -- 2018-11-07 18:38:10]
Backtrace BEGIN:
#0  predict (v=7) at lreg.cpp:49
#1  0x000055555555530a in meanSquaredError () at lreg.cpp:61
#2  0x00005555555556b1 in train (iterations=45000, alpha=2.2222199999999999e-05, N=4, stopsWhenStable=true) at lreg.cpp:121
#3  0x0000555555555a1c in execute (input=0x7fffffffe1f2 "/tmp/lreg/randInput") at lreg.cpp:157
#4  0x0000555555555c60 in main (argc=4, argv=0x7fffffffde48) at lreg.cpp:191

44	/**
45		Predicts the value related to v using the Ts variables
46	*/
47	double predict(double v){
48		double val = 0;
49		for(int i = 0; i<T.size(); i++){
50			val+= (T[i] * pow(v, i));
51		}
52		return val;
53		

Backtrace END
Fliping value of field: std::_Vector_base<double, std::allocator<double> >
Fliping value of field: _M_impl
Fliping value of field: _M_end_of_storage
Fliping a bit of the pointer
Memory content before bitflip:0x700x2b0x770x550x550x550x000x00
Fault Model: Double bit-flip
base address to flip value: 0x55555575b170 
address max offset: 8
Memory content after  bitflip:0x700x220x770x550x550x550x000x00
frame name: meanSquaredError
symbol name: y
symbol filename: lreg.cpp
symbol line: 33
value: std::vector of length 36, capacity -224 = {-12, 4, 22, 10, 24, 16, -6, 24, 54, 1006, 1494, 1539, 174, 223, 934, 558, 899, 1631, 1043, 118, 55143, -118857, 47617, 7873, -106161, 16279, -197667, 195613, 3013, 63423, -13367, -13367, 130953, 145519, -177, -106161}
value address: 0x55555575b160 <y>
Type: The type is a structure.
Type sizeof: 24
Field name: std::_Vector_base<double, std::allocator<double> >
Field Type: The type is a structure.
Field Type sizeof: 24

[INFO -- 2018-11-07 18:38:10]
Fault Injection Successful after 3.499607801437378s
[INFO -- 2018-11-07 18:38:16]
event type: exit
[INFO -- 2018-11-07 18:38:16]
exit code: 0
