[INFO -- 2018-11-27 21:25:01]
Starting flip_value script
version: 1.1
[INFO -- 2018-11-27 21:25:01]
Initialization strings:
[INFO -- 2018-11-27 21:25:01]
(1) file /tmp/lreg/lreg
[INFO -- 2018-11-27 21:25:01]
(2) set args /tmp/lreg/randInput /tmp/lreg/output
[INFO -- 2018-11-27 21:25:01]
initSignal:0
[INFO -- 2018-11-27 21:25:01]
endSignal:3
[INFO -- 2018-11-27 21:25:01]
faultModel:0
[INFO -- 2018-11-27 21:25:02]
Backtrace BEGIN:
#0  0x0000555555555af5 in partialDerivate (pos1=0, pos2=0) at lreg.cpp:144
#1  0x0000555555555bbe in adjust (alpha1=0.00020000000000000001, alpha2=0.00020000000000000001) at lreg.cpp:156
#2  0x0000555555555ee0 in train (iter1=10000, iter2=10000, N=2, alpha1=0.00020000000000000001, alpha2=0.00020000000000000001, stopsWhenStable=true) at lreg.cpp:193
#3  0x0000555555556467 in main (argc=3, argv=0x7fffffffde58) at lreg.cpp:253

139		double pD = 0;
140		
141		for(UINT i1 = 0, i2 = 0; verifyUintDup(i1, i2)<(x.size() - 1); i1++, i2++){
142			pD += ((predict(x[verifyUintDup(i1, i2)]) - y[verifyUintDup(i1, i2)])*pow(x[verifyUintDup(i1, i2)], verifyUintDup(pos1, pos2)));	
143		}
144		pD *= (2.0/(x.size() - 1));
145		return pD;
146	}
147	
148	/**

Backtrace END
Memory content before bitflip:0x000x510xcc0x1c0x210x500x490x4d
Fault Model: Single bit-flip
base address to flip value: 0x7fffffffd788
address max offset: 8
Memory content after  bitflip:0x000x510xc40x1c0x210x500x490x4d
frame name: adjust
symbol name: diff
symbol filename: lreg.cpp
symbol line: 158
value: 2.0826332753033806e+64
value address: 0x7fffffffd788
Type: A floating point type.
Type sizeof: 8

[INFO -- 2018-11-27 21:25:02]
Fault Injection Successful after 1.4610998630523682s
[INFO -- 2018-11-27 21:25:04]
event type: exit
[INFO -- 2018-11-27 21:25:04]
exit code: 0
