[INFO -- 2018-10-03 15:36:49]
Starting flip_value script
version: 1.1
[INFO -- 2018-10-03 15:36:49]
Initialization strings:
[INFO -- 2018-10-03 15:36:49]
(1) file /tmp/lreg/lreg
[INFO -- 2018-10-03 15:36:49]
(2) set args /tmp/lreg/randInput /tmp/lreg/output
[INFO -- 2018-10-03 15:36:49]
initSignal:0
[INFO -- 2018-10-03 15:36:49]
endSignal:10
[INFO -- 2018-10-03 15:36:49]
faultModel:1
[INFO -- 2018-10-03 15:36:51]
Backtrace BEGIN:
#0  0x0000555555555d29 in std::pow<double, int> (__x=-25, __y=0) at /usr/include/c++/7/cmath:415
#1  0x00005555555551e7 in predict (v=-25) at lreg.cpp:50
#2  0x00005555555553ac in partialDerivate (pos=2) at lreg.cpp:74
#3  0x00005555555554b3 in adjust (alpha=2.2222199999999999e-05) at lreg.cpp:87
#4  0x000055555555565c in train (iterations=90000, alpha=2.2222199999999999e-05, N=4, stopsWhenStable=true) at lreg.cpp:120
#5  0x0000555555555ab7 in main (argc=3, argv=0x7fffffffde58) at lreg.cpp:174

410	#endif
411	
412	  template<typename _Tp, typename _Up>
413	    inline _GLIBCXX_CONSTEXPR
414	    typename __gnu_cxx::__promote_2<_Tp, _Up>::__type
415	    pow(_Tp __x, _Up __y)
416	    {
417	      typedef typename __gnu_cxx::__promote_2<_Tp, _Up>::__type __type;
418	      return pow(__type(__x), __type(__y));
419	    }

Backtrace END
Memory content before bitflip:0xb30x3b0x990x770x710x1e0xc80xc0
Fault Model: Double bit-flip
base address to flip value: 0x7fffffffd7d8
address max offset: 8
Memory content after  bitflip:0xb30x3b0x990x770x710x060xc80xc0
frame name: adjust
symbol name: PD
symbol filename: lreg.cpp
symbol line: 85
value: -12300.886462358618
value address: 0x7fffffffd7d8
Type: A floating point type.
Type sizeof: 8

[INFO -- 2018-10-03 15:36:51]
Fault Injection Successful after 2.1308083534240723s
[INFO -- 2018-10-03 15:36:56]
event type: exit
[INFO -- 2018-10-03 15:36:56]
exit code: 0
