[INFO -- 2018-10-01 13:08:14]
Starting flip_value script
version: 1.1
[INFO -- 2018-10-01 13:08:14]
Initialization strings:
[INFO -- 2018-10-01 13:08:14]
(1) file /tmp/lreg/lreg
[INFO -- 2018-10-01 13:08:14]
(2) set args /tmp/lreg/randInput /tmp/lreg/output
[INFO -- 2018-10-01 13:08:14]
initSignal:0
[INFO -- 2018-10-01 13:08:14]
endSignal:10
[INFO -- 2018-10-01 13:08:14]
faultModel:0
[INFO -- 2018-10-01 13:08:15]
Backtrace BEGIN:
#0  std::pow<double, int> (__x=-7, __y=1) at /usr/include/c++/7/cmath:418
#1  0x00005555555551e7 in predict (v=-7) at lreg.cpp:50
#2  0x00005555555553ac in partialDerivate (pos=0) at lreg.cpp:74
#3  0x00005555555554b3 in adjust (alpha=0.00020000000000000001) at lreg.cpp:87
#4  0x000055555555565c in train (iterations=30000, alpha=0.00020000000000000001, N=2, stopsWhenStable=true) at lreg.cpp:120
#5  0x0000555555555ab7 in main (argc=3, argv=0x7fffffffde58) at lreg.cpp:174

413	    inline _GLIBCXX_CONSTEXPR
414	    typename __gnu_cxx::__promote_2<_Tp, _Up>::__type
415	    pow(_Tp __x, _Up __y)
416	    {
417	      typedef typename __gnu_cxx::__promote_2<_Tp, _Up>::__type __type;
418	      return pow(__type(__x), __type(__y));
419	    }
420	
421	  using ::sin;
422	

Backtrace END
Fliping value of field: std::_Vector_base<double, std::allocator<double> >
Fliping value of field: _M_impl
Fliping value of field: _M_end_of_storage
Fliping a bit of the value pointed by a pointer
Memory content before bitflip:0x000x000x000x000x000x000x000x00
Fault Model: Single bit-flip
base address to flip value: 0x5555557713f0
address max offset: 8
Memory content after  bitflip:0x000x000x000x000x000x100x000x00
frame name: predict
symbol name: y
symbol filename: lreg.cpp
symbol line: 33
value: std::vector of length 8, capacity 8 = {21, 31, -13, -5, -13, -27, -15, 13}
value address: 0x55555575a160 <y>
Type: The type is a structure.
Type sizeof: 24
Field name: std::_Vector_base<double, std::allocator<double> >
Field Type: The type is a structure.
Field Type sizeof: 24

[INFO -- 2018-10-01 13:08:15]
Fault Injection Successful after 1.0058178901672363s
[INFO -- 2018-10-01 13:08:21]
event type: exit
[INFO -- 2018-10-01 13:08:21]
exit code: 0
