[INFO -- 2018-11-24 17:37:26]
sending 5 signals using command: 'killall -2 lreg' after 2.55654501327s
[INFO -- 2018-11-24 17:37:26]
sending 5 signals using command: 'killall -2 lreg' after 2.70588984989s
[INFO -- 2018-11-24 17:37:27]
sending 5 signals using command: 'killall -2 lreg' after 3.20244350082s
[INFO -- 2018-11-24 17:37:27]
Starting GDB script
[INFO -- 2018-11-24 17:37:27]
initSignal:0.0
[INFO -- 2018-11-24 17:37:27]
endSignal:6.0
[INFO -- 2018-11-24 17:37:28]
sending 5 signals using command: 'killall -2 lreg' after 0.93402017675s
[INFO -- 2018-11-24 17:37:28]
sending 5 signals using command: 'killall -2 lreg' after 1.04503149121s
[INFO -- 2018-11-24 17:37:31]
sending 5 signals using command: 'killall -2 lreg' after 3.84684748292s
[INFO -- 2018-11-24 17:37:31]
Execution finished before waitTime
