[INFO -- 2018-10-01 16:13:25]
Starting flip_value script
version: 1.1
[INFO -- 2018-10-01 16:13:25]
Initialization strings:
[INFO -- 2018-10-01 16:13:25]
(1) file /tmp/lreg/lreg
[INFO -- 2018-10-01 16:13:25]
(2) set args /tmp/lreg/randInput /tmp/lreg/output
[INFO -- 2018-10-01 16:13:25]
initSignal:0
[INFO -- 2018-10-01 16:13:25]
endSignal:10
[INFO -- 2018-10-01 16:13:25]
faultModel:1
[EXCEPTION -- 2018-10-01 16:13:27]
pythonException: Unable to exit loop in struct fields; Exiting wihtout making a bit flip
[INFO -- 2018-10-01 16:13:27]
Backtrace BEGIN:
#0  0x0000555555555cda in std::vector<double, std::allocator<double> >::size (this=0xc000000000000000) at /usr/include/c++/7/bits/stl_vector.h:670
#1  0x00005555555551a9 in predict (v=-2) at lreg.cpp:49
#2  0x000055555555526a in meanSquaredError () at lreg.cpp:61
#3  0x0000555555555661 in train (iterations=60000, alpha=5.0000000000000002e-05, N=3, stopsWhenStable=true) at lreg.cpp:121
#4  0x0000555555555ab7 in main (argc=3, argv=0x7fffffffde58) at lreg.cpp:174

665	#endif
666	
667	      // [23.2.4.2] capacity
668	      /**  Returns the number of elements in the %vector.  */
669	      size_type
670	      size() const _GLIBCXX_NOEXCEPT
671	      { return size_type(this->_M_impl._M_finish - this->_M_impl._M_start); }
672	
673	      /**  Returns the size() of the largest possible %vector.  */
674	      size_type

Backtrace END
Memory content before bitflip:0x010x000x000x00
Fault Model: Double bit-flip
base address to flip value: 0x7fffffffd930
address max offset: 4
Memory content after  bitflip:0x010x0a0x000x00
frame name: main
symbol name: i
symbol filename: lreg.cpp
symbol line: 159
value: 2561
value address: 0x7fffffffd930
Type: The type is an integer type.
Type sizeof: 4

[INFO -- 2018-10-01 16:13:27]
Fault Injection Successful after 2.3911375999450684s
[INFO -- 2018-10-01 16:13:27]
event type: exit
[INFO -- 2018-10-01 16:13:27]
exit code: 0
