[INFO -- 2018-11-23 21:30:50]
Starting flip_value script
version: 1.1
[INFO -- 2018-11-23 21:30:50]
Initialization strings:
[INFO -- 2018-11-23 21:30:50]
(1) file /tmp/lreg/lreg
[INFO -- 2018-11-23 21:30:50]
(2) set args /tmp/lreg/randInput /tmp/lreg/output
[INFO -- 2018-11-23 21:30:50]
initSignal:0
[INFO -- 2018-11-23 21:30:50]
endSignal:3
[INFO -- 2018-11-23 21:30:50]
faultModel:2
[INFO -- 2018-11-23 21:30:51]
Backtrace BEGIN:
#0  0x0000555555554e90 in pow@plt ()
#1  0x0000555555555d5f in std::pow<double, int> (__x=-18, __y=1) at /usr/include/c++/7/cmath:418
#2  0x00005555555551e7 in predict (v=-18) at lreg.cpp:50
#3  0x00005555555553ac in partialDerivate (pos=1) at lreg.cpp:74
#4  0x00005555555554b3 in adjust (alpha=2.2222199999999999e-05) at lreg.cpp:87
#5  0x000055555555565c in train (iterations=30000, alpha=2.2222199999999999e-05, N=4, stopsWhenStable=true) at lreg.cpp:120
#6  0x0000555555555ab7 in main (argc=3, argv=0x7fffffffde58) at lreg.cpp:174

130		T = bestT;
131	}
132	
133	/*
134	It must receive an input file formated as follows:
135		1° Line : one integer T -> number of test cases
136		2° to 5° repeat to all test case	
137		2° Line : method parameters -> alpha, iterations, N, size of 
138			      training set, predictions
139		3° Line : inputs x of the training set

Backtrace END
Fliping a bit of the pointer
Memory content before bitflip:0x580xde0xff0xff0xff0x7f0x000x00
Fault Model: Random bit-flip
base address to flip value: 0x7fffffffd900
address max offset: 8
Memory content after  bitflip:0xb30xe20xf00xc90x220x8b0xbf0xab
frame name: main
symbol name: argv
symbol filename: lreg.cpp
symbol line: 144
value: 0x7fffffffde58
value address: 0x7fffffffd900
Type: The type is a pointer.
Type sizeof: 8

[INFO -- 2018-11-23 21:30:51]
Fault Injection Successful after 1.3216805458068848s
[INFO -- 2018-11-23 21:30:52]
event type: exit
[INFO -- 2018-11-23 21:30:52]
exit code: 0
