[INFO -- 2018-10-13 12:06:14]
Starting flip_value script
version: 1.1
[INFO -- 2018-10-13 12:06:14]
Initialization strings:
[INFO -- 2018-10-13 12:06:14]
(1) file /tmp/lreg/lreg
[INFO -- 2018-10-13 12:06:14]
(2) set args /tmp/lreg/randInput /tmp/lreg/output
[INFO -- 2018-10-13 12:06:14]
initSignal:0
[INFO -- 2018-10-13 12:06:14]
endSignal:10
[INFO -- 2018-10-13 12:06:14]
faultModel:0
[INFO -- 2018-10-13 12:06:17]
Backtrace BEGIN:
#0  0x00005555555553d8 in meanSquaredError () at lreg.cpp:91
#1  0x0000555555555886 in train (iterations=90000, N=4, stopsWhenStable=true) at lreg.cpp:160
#2  0x0000555555555dba in main (argc=3, argv=0x7fffffffde68) at lreg.cpp:225

86		double error = 0;
87		for(UINT i1 = 0, i2 = 0, i3 = 0; 
88			selectTriUInt(i1, i2, i3)<x.size(); 
89			i1++, i2++, i3++)
90		{
91			error+= ((predict(x[selectTriUInt(i1, i2, i3)]) - y[selectTriUInt(i1, i2, i3)]) * (predict(x[selectTriUInt(i1, i2, i3)]) - y[selectTriUInt(i1, i2, i3)]));	
92		}
93		error /= x.size();
94		return error;
95	

Backtrace END
Memory content before bitflip:0x0f0x6f0xdb0xba0x040xff0xa10x41
Fault Model: Single bit-flip
base address to flip value: 0x7fffffffd820
address max offset: 8
Memory content after  bitflip:0x0f0x6f0xdb0xba0x040xdf0xa10x41
frame name: train
symbol name: bestMSE
symbol filename: lreg.cpp
symbol line: 152
value: 149914205.42858168
value address: 0x7fffffffd820
Type: A floating point type.
Type sizeof: 8

[INFO -- 2018-10-13 12:06:17]
Fault Injection Successful after 3.949997901916504s
[INFO -- 2018-10-13 12:06:24]
event type: exit
[INFO -- 2018-10-13 12:06:24]
exit code: 0
