[INFO -- 2018-10-02 19:33:38]
Starting flip_value script
version: 1.1
[INFO -- 2018-10-02 19:33:38]
Initialization strings:
[INFO -- 2018-10-02 19:33:39]
(1) file /tmp/lreg/lreg
[INFO -- 2018-10-02 19:33:39]
(2) set args /tmp/lreg/randInput /tmp/lreg/output
[INFO -- 2018-10-02 19:33:39]
initSignal:0
[INFO -- 2018-10-02 19:33:39]
endSignal:10
[INFO -- 2018-10-02 19:33:39]
faultModel:2
[INFO -- 2018-10-02 19:33:43]
Backtrace BEGIN:
#0  0x0000555555555d29 in std::pow<double, int> (__x=10, __y=0) at /usr/include/c++/7/cmath:415
#1  0x00005555555551e7 in predict (v=10) at lreg.cpp:50
#2  0x00005555555552ba in meanSquaredError () at lreg.cpp:61
#3  0x0000555555555661 in train (iterations=90000, alpha=2.2222199999999999e-05, N=4, stopsWhenStable=true) at lreg.cpp:121
#4  0x0000555555555ab7 in main (argc=3, argv=0x7fffffffde58) at lreg.cpp:174

410	#endif
411	
412	  template<typename _Tp, typename _Up>
413	    inline _GLIBCXX_CONSTEXPR
414	    typename __gnu_cxx::__promote_2<_Tp, _Up>::__type
415	    pow(_Tp __x, _Up __y)
416	    {
417	      typedef typename __gnu_cxx::__promote_2<_Tp, _Up>::__type __type;
418	      return pow(__type(__x), __type(__y));
419	    }

Backtrace END
Fliping value of field: std::_Vector_base<double, std::allocator<double> >
Fliping value of field: _M_impl
Fliping value of field: _M_start
Fliping a bit of the value pointed by a pointer
Memory content before bitflip:0x000x000x000x000x000x000x360x40
Fault Model: Random bit-flip
base address to flip value: 0x555555771970
address max offset: 8
Memory content after  bitflip:0x9c0x9f0x1c0x740x2b0xd80x450x70
frame name: predict
symbol name: y
symbol filename: lreg.cpp
symbol line: 33
value: std::vector of length 36, capacity 64 = {6.7827692947695041e+232, -26, 4, 8, 22, 8, 24, -18, -2355, -345, -423, -465, -5, -555, -2259, -995, -135, -1263, -275, -1643, -78598, -69550, 2, -5038, -40278, 39482, 28730, -149728, -98980, 28730, 2, 4842, -98980, 39482, 2, -13830}
value address: 0x55555575a160 <y>
Type: The type is a structure.
Type sizeof: 24
Field name: std::_Vector_base<double, std::allocator<double> >
Field Type: The type is a structure.
Field Type sizeof: 24

[INFO -- 2018-10-02 19:33:43]
Fault Injection Successful after 4.838925361633301s
[INFO -- 2018-10-02 19:33:46]
event type: exit
[INFO -- 2018-10-02 19:33:46]
exit code: 0
