[INFO -- 2018-10-01 15:18:02]
Starting flip_value script
version: 1.1
[INFO -- 2018-10-01 15:18:02]
Initialization strings:
[INFO -- 2018-10-01 15:18:02]
(1) file /tmp/lreg/lreg
[INFO -- 2018-10-01 15:18:02]
(2) set args /tmp/lreg/randInput /tmp/lreg/output
[INFO -- 2018-10-01 15:18:02]
initSignal:0
[INFO -- 2018-10-01 15:18:02]
endSignal:10
[INFO -- 2018-10-01 15:18:02]
faultModel:1
[INFO -- 2018-10-01 15:18:06]
Backtrace BEGIN:
#0  0x0000555555555d3d in std::pow<double, int> (__x=-7, __y=0) at /usr/include/c++/7/cmath:418
#1  0x00005555555551e7 in predict (v=-7) at lreg.cpp:50
#2  0x00005555555553ac in partialDerivate (pos=0) at lreg.cpp:74
#3  0x00005555555554b3 in adjust (alpha=2.2222199999999999e-05) at lreg.cpp:87
#4  0x000055555555565c in train (iterations=90000, alpha=2.2222199999999999e-05, N=4, stopsWhenStable=true) at lreg.cpp:120
#5  0x0000555555555ab7 in main (argc=3, argv=0x7fffffffde58) at lreg.cpp:174

413	    inline _GLIBCXX_CONSTEXPR
414	    typename __gnu_cxx::__promote_2<_Tp, _Up>::__type
415	    pow(_Tp __x, _Up __y)
416	    {
417	      typedef typename __gnu_cxx::__promote_2<_Tp, _Up>::__type __type;
418	      return pow(__type(__x), __type(__y));
419	    }
420	
421	  using ::sin;
422	

Backtrace END
Fliping value of field: std::_Vector_base<double, std::allocator<double> >
Fliping value of field: _M_impl
Fliping value of field: _M_start
Fliping a bit of the value pointed by a pointer
Memory content before bitflip:0x000x000x000x000x000x000x260x40
Fault Model: Double bit-flip
base address to flip value: 0x555555771760
address max offset: 8
Memory content after  bitflip:0x000x240x000x000x000x000x260x40
frame name: main
symbol name: x
symbol filename: lreg.cpp
symbol line: 32
value: std::vector of length 36, capacity 64 = {11.000000000016371, 16, -6, -2, -6, -13, -7, 7, -6, 16, -22, 10, 8, 8, 17, -7, 0, -3, 14, 24, -20, -20, -22, 25, -22, 21, -7, 12, 19, -3, 24, -26, 27, -26, 27, -16}
value address: 0x55555575a140 <x>
Type: The type is a structure.
Type sizeof: 24
Field name: std::_Vector_base<double, std::allocator<double> >
Field Type: The type is a structure.
Field Type sizeof: 24

[INFO -- 2018-10-01 15:18:06]
Fault Injection Successful after 4.156940221786499s
[INFO -- 2018-10-01 15:18:10]
event type: exit
[INFO -- 2018-10-01 15:18:10]
exit code: 0
