[INFO -- 2018-10-12 16:28:07]
Starting flip_value script
version: 1.1
[INFO -- 2018-10-12 16:28:07]
Initialization strings:
[INFO -- 2018-10-12 16:28:07]
(1) file /tmp/lreg/lreg
[INFO -- 2018-10-12 16:28:07]
(2) set args /tmp/lreg/randInput /tmp/lreg/output
[INFO -- 2018-10-12 16:28:07]
initSignal:0
[INFO -- 2018-10-12 16:28:07]
endSignal:10
[INFO -- 2018-10-12 16:28:07]
faultModel:2
[INFO -- 2018-10-12 16:28:09]
Backtrace BEGIN:
#0  0x00005555555550ae in selectTriUInt (a=21845, b=1433772416, c=0) at lreg.cpp:47
#1  0x00005555555552ac in predict (v=-1) at lreg.cpp:77
#2  0x000055555555551d in partialDerivate (pos=0) at lreg.cpp:107
#3  0x0000555555555670 in adjust () at lreg.cpp:123
#4  0x0000555555555881 in train (iterations=90000, N=4, stopsWhenStable=true) at lreg.cpp:159
#5  0x0000555555555dba in main (argc=3, argv=0x7fffffffde68) at lreg.cpp:225

42	vector<double> y; // observed values of training set inputs
43	vector<double> T; // the adjustment variables
44	
45	double a1, a2, a3; // triplication of alpha
46	
47	UINT selectTriUInt(UINT a, UINT b, UINT c){
48		return (a == b)? a : c;
49	}
50	double selectTriDouble(double a, double b, double c){
51		return (a == b)? a : c;

Backtrace END
Memory content before bitflip:0x020x000x000x00
Fault Model: Random bit-flip
base address to flip value: 0x7fffffffd720
address max offset: 4
Memory content after  bitflip:0x170x3c0x670x9a
frame name: predict
symbol name: i2
symbol filename: lreg.cpp
symbol line: 73
value: 2590456855
value address: 0x7fffffffd720
Type: The type is an integer type.
Type sizeof: 4

[INFO -- 2018-10-12 16:28:09]
Fault Injection Successful after 2.427175998687744s
[INFO -- 2018-10-12 16:28:18]
event type: exit
[INFO -- 2018-10-12 16:28:18]
exit code: 0
