[INFO -- 2018-09-15 20:02:51]
Starting flip_value script
version: 1.1
[INFO -- 2018-09-15 20:02:51]
Initialization strings:
[INFO -- 2018-09-15 20:02:51]
(1) file /tmp/lreg/lreg
[INFO -- 2018-09-15 20:02:51]
(2) set args /tmp/lreg/randInput /tmp/lreg/output
[INFO -- 2018-09-15 20:02:51]
initSignal:0
[INFO -- 2018-09-15 20:02:51]
endSignal:2
[INFO -- 2018-09-15 20:02:51]
faultModel:0
[INFO -- 2018-09-15 20:02:51]
Backtrace BEGIN:
#0  0x00007ffff76d5a31 in __ieee754_pow_sse2 (x=<optimized out>, y=<optimized out>) at ../sysdeps/ieee754/dbl-64/e_pow.c:215
#1  0x00007ffff76b7b14 in __pow (x=-5, y=1) at w_pow_compat.c:30
#2  0x0000555555555f39 in std::pow<double, int> (__x=-5, __y=1) at /usr/include/c++/7/cmath:418
#3  0x0000555555555237 in predict (v=-5) at lreg.cpp:50
#4  0x00005555555553fc in partialDerivate (pos=0) at lreg.cpp:74
#5  0x0000555555555503 in adjust (alpha=0.00020000000000000001) at lreg.cpp:87
#6  0x00005555555556ac in train (iterations=30000, alpha=0.00020000000000000001, N=2, stopsWhenStable=true) at lreg.cpp:120
#7  0x0000555555555c26 in main (argc=3, argv=0x7fffffffde68) at lreg.cpp:182

210	../sysdeps/ieee754/dbl-64/e_pow.c: No such file or directory.

Backtrace END
Fliping value of field name: x
Memory content before bitflip:0x000x000x000x000x000x000xf00xff
Fault Model: Single bit-flip
base address to flip value: 0x7ffff779a5d0 
address max offset: 8
Memory content after  bitflip:0x040x000x000x000x000x000xf00xff
frame name: __ieee754_pow_sse2
symbol name: nINF
symbol filename: ../sysdeps/ieee754/dbl-64/upow.h
symbol line: 49
value: {i = {4, -1048576}, x = -nan(0x000000004)}
value address: 0x7ffff779a5d0 <nINF>
Type: The type is a union.
Type sizeof: 8
Field name: i
Field Type: The type is an array.
Field Type sizeof: 8
Field name: x
Field Type: A floating point type.
Field Type sizeof: 8

[INFO -- 2018-09-15 20:02:51]
Fault Injection Successful after 0.731299638748169s
[INFO -- 2018-09-15 20:02:58]
event type: exit
[INFO -- 2018-09-15 20:02:58]
exit code: 0
