[INFO -- 2018-11-13 18:25:23]
Starting flip_value script
version: 1.1
[INFO -- 2018-11-13 18:25:23]
Initialization strings:
[INFO -- 2018-11-13 18:25:23]
(1) file /tmp/lreg/lreg
[INFO -- 2018-11-13 18:25:23]
(2) set args /tmp/lreg/randInput /tmp/lreg/output
[INFO -- 2018-11-13 18:25:23]
initSignal:0
[INFO -- 2018-11-13 18:25:23]
endSignal:5
[INFO -- 2018-11-13 18:25:23]
faultModel:1
[INFO -- 2018-11-13 18:25:24]
Backtrace BEGIN:
#0  0x0000555555555adc in partialDerivate (pos1=1, pos2=1) at lreg.cpp:142
#1  0x0000555555555bbe in adjust (alpha1=5.0000000000000002e-05, alpha2=5.0000000000000002e-05) at lreg.cpp:156
#2  0x0000555555555ee0 in train (iter1=30000, iter2=30000, N=3, alpha1=5.0000000000000002e-05, alpha2=5.0000000000000002e-05, stopsWhenStable=true) at lreg.cpp:193
#3  0x0000555555556467 in main (argc=3, argv=0x7fffffffde58) at lreg.cpp:253

137	*/
138	double partialDerivate(UINT pos1, UINT pos2){
139		double pD = 0;
140		
141		for(UINT i1 = 0, i2 = 0; verifyUintDup(i1, i2)<(x.size() - 1); i1++, i2++){
142			pD += ((predict(x[verifyUintDup(i1, i2)]) - y[verifyUintDup(i1, i2)])*pow(x[verifyUintDup(i1, i2)], verifyUintDup(pos1, pos2)));	
143		}
144		pD *= (2.0/(x.size() - 1));
145		return pD;
146	}

Backtrace END
Fliping value of field: std::_Vector_base<double, std::allocator<double> >
Fliping value of field: _M_impl
Fliping value of field: _M_end_of_storage
Fliping a bit of the pointer
Memory content before bitflip:0x380x250x770x550x550x550x000x00
Fault Model: Double bit-flip
base address to flip value: 0x55555575b190 
address max offset: 8
Memory content after  bitflip:0x580x250x770x550x550x550x000x00
frame name: adjust
symbol name: T1
symbol filename: lreg.cpp
symbol line: 36
value: std::vector of length 3, capacity 7 = {0.23035423364029459, 3.9985253380909715, 1.002203176586824}
value address: 0x55555575b180 <T1>
Type: The type is a structure.
Type sizeof: 24
Field name: std::_Vector_base<double, std::allocator<double> >
Field Type: The type is a structure.
Field Type sizeof: 24

[INFO -- 2018-11-13 18:25:24]
Fault Injection Successful after 1.754706859588623s
[INFO -- 2018-11-13 18:25:30]
event type: exit
[INFO -- 2018-11-13 18:25:30]
exit code: 0
