[INFO -- 2018-11-24 15:01:03]
Starting flip_value script
version: 1.1
[INFO -- 2018-11-24 15:01:03]
Initialization strings:
[INFO -- 2018-11-24 15:01:03]
(1) file /tmp/lreg/lreg
[INFO -- 2018-11-24 15:01:03]
(2) set args /tmp/lreg/randInput /tmp/lreg/output /tmp/lreg/detected.log
[INFO -- 2018-11-24 15:01:03]
initSignal:0
[INFO -- 2018-11-24 15:01:03]
endSignal:6
[INFO -- 2018-11-24 15:01:03]
faultModel:1
[INFO -- 2018-11-24 15:01:06]
Backtrace BEGIN:
#0  0x00007ffff76dac7d in log1 (error=<synthetic pointer>, delta=<synthetic pointer>, x=1) at ../sysdeps/ieee754/dbl-64/e_pow.c:297
#1  __ieee754_pow_sse2 (x=1, y=3) at ../sysdeps/ieee754/dbl-64/e_pow.c:103
#2  0x00007ffff76db6be in __ieee754_pow_sse2 (x=<optimized out>, y=<optimized out>) at ../sysdeps/ieee754/dbl-64/e_pow.c:184
#3  0x00007ffff76bcb14 in __pow (x=-1, y=3) at w_pow_compat.c:30
#4  0x0000555555556149 in std::pow<double, int> (__x=-1, __y=3) at /usr/include/c++/7/cmath:418
#5  0x0000555555555237 in predict (v=-1) at lreg.cpp:50
#6  0x00005555555553fc in partialDerivate (pos=2) at lreg.cpp:74
#7  0x0000555555555503 in adjust (alpha=2.2222199999999999e-05) at lreg.cpp:87
#8  0x00005555555556ac in train (iterations=30000, alpha=2.2222199999999999e-05, N=4, stopsWhenStable=true) at lreg.cpp:120
#9  0x0000555555555a1c in execute (input=0x7fffffffe1f2 "/tmp/lreg/randInput") at lreg.cpp:157
#10 0x0000555555555c78 in main (argc=4, argv=0x7fffffffde48) at lreg.cpp:193

292	../sysdeps/ieee754/dbl-64/e_pow.c: No such file or directory.

Backtrace END
Memory content before bitflip:0x880x8f0xd30xde0x910x610xf00xbf
Fault Model: Double bit-flip
base address to flip value: 0x7fffffffd488
address max offset: 8
Memory content after  bitflip:0x880x8f0xd50xde0x910x610xf00xbf
frame name: predict
symbol name: val
symbol filename: lreg.cpp
symbol line: 48
value: -1.0238207535230419
value address: 0x7fffffffd488
Type: A floating point type.
Type sizeof: 8

[INFO -- 2018-11-24 15:01:06]
Fault Injection Successful after 3.9845170974731445s
[INFO -- 2018-11-24 15:01:11]
event type: exit
[INFO -- 2018-11-24 15:01:11]
exit code: 0
