[INFO -- 2018-11-27 17:10:53]
Starting flip_value script
version: 1.1
[INFO -- 2018-11-27 17:10:53]
Initialization strings:
[INFO -- 2018-11-27 17:10:53]
(1) file /tmp/lreg/lreg
[INFO -- 2018-11-27 17:10:53]
(2) set args /tmp/lreg/randInput /tmp/lreg/output
[INFO -- 2018-11-27 17:10:53]
initSignal:0
[INFO -- 2018-11-27 17:10:53]
endSignal:3
[INFO -- 2018-11-27 17:10:53]
faultModel:1
[EXCEPTION -- 2018-11-27 17:10:54]
gdbException: Attempt to dereference a generic pointer.
[EXCEPTION -- 2018-11-27 17:10:55]
pythonException: Unable to exit loop in struct fields; Exiting wihtout making a bit flip
[INFO -- 2018-11-27 17:10:56]
Backtrace BEGIN:
#0  0x000055555555520f in verifyUintDup (a=3, b=3) at lreg.cpp:69
#1  0x000055555555576f in predict (v=-3) at lreg.cpp:115
#2  0x0000555555555a53 in partialDerivate (pos1=1, pos2=1) at lreg.cpp:142
#3  0x0000555555555bbe in adjust (alpha1=5.0000000000000002e-05, alpha2=5.0000000000000002e-05) at lreg.cpp:156
#4  0x0000555555555ee0 in train (iter1=20000, iter2=20000, N=3, alpha1=5.0000000000000002e-05, alpha2=5.0000000000000002e-05, stopsWhenStable=true) at lreg.cpp:193
#5  0x0000555555556467 in main (argc=3, argv=0x7fffffffde58) at lreg.cpp:253

64			ofstream fp ("/tmp/lreg/detected.log", std::ofstream::app);
65			fp << "verifyUint: a = "<<a<<"; b = "<<b<<endl;
66	        detected = 1;	
67		}
68		return a;
69	}
70	double verifyDoubleDup(double a, double b){
71		if (a != b && detected != 1){
72			//gerar entrada no log
73			ofstream fp ("/tmp/lreg/detected.log", std::ofstream::app);

Backtrace END
Memory content before bitflip:0x9c0x5e0xdf0xcc0x870x880x1b0xbf
Fault Model: Double bit-flip
base address to flip value: 0x7fffffffd788
address max offset: 8
Memory content after  bitflip:0x9c0x1a0xdf0xcc0x870x880x1b0xbf
frame name: adjust
symbol name: diff
symbol filename: lreg.cpp
symbol line: 158
value: -0.0001050312887108475
value address: 0x7fffffffd788
Type: A floating point type.
Type sizeof: 8

[INFO -- 2018-11-27 17:10:56]
Fault Injection Successful after 3.041409492492676s
[INFO -- 2018-11-27 17:10:59]
event type: exit
[INFO -- 2018-11-27 17:10:59]
exit code: 0
