[INFO -- 2018-11-24 15:51:16]
Starting flip_value script
version: 1.1
[INFO -- 2018-11-24 15:51:16]
Initialization strings:
[INFO -- 2018-11-24 15:51:16]
(1) file /tmp/lreg/lreg
[INFO -- 2018-11-24 15:51:16]
(2) set args /tmp/lreg/randInput /tmp/lreg/output /tmp/lreg/detected.log
[INFO -- 2018-11-24 15:51:16]
initSignal:0
[INFO -- 2018-11-24 15:51:16]
endSignal:6
[INFO -- 2018-11-24 15:51:16]
faultModel:2
[EXCEPTION -- 2018-11-24 15:51:17]
pythonException: Unable to exit loop in struct fields; Exiting wihtout making a bit flip
[INFO -- 2018-11-24 15:51:17]
Backtrace BEGIN:
#0  0x0000555555555212 in predict (v=12) at lreg.cpp:50
#1  0x000055555555530a in meanSquaredError () at lreg.cpp:61
#2  0x00005555555556b1 in train (iterations=10000, alpha=0.00020000000000000001, N=2, stopsWhenStable=true) at lreg.cpp:121
#3  0x0000555555555a1c in execute (input=0x7fffffffe1f2 "/tmp/lreg/randInput") at lreg.cpp:157
#4  0x0000555555555c78 in main (argc=4, argv=0x7fffffffde48) at lreg.cpp:193

45		Predicts the value related to v using the Ts variables
46	*/
47	double predict(double v){
48		double val = 0;
49		for(int i = 0; i<T.size(); i++){
50			val+= (T[i] * pow(v, i));
51		}
52		return val;
53		
54	}

Backtrace END
Fliping value of field: std::_Vector_base<double, std::allocator<double> >
Fliping value of field: _M_impl
Fliping value of field: _M_end_of_storage
Fliping a bit of the pointer
Memory content before bitflip:0x500x230x770x550x550x550x000x00
Fault Model: Random bit-flip
base address to flip value: 0x55555575b190 
address max offset: 8
Memory content after  bitflip:0x4e0xaa0x090x360x170x7e0x2f0xa3
frame name: predict
symbol name: T
symbol filename: lreg.cpp
symbol line: 34
value: std::vector of length 2, capacity -836010263557549854 = {1.2998629956774899, -1.018126320065688}
value address: 0x55555575b180 <T>
Type: The type is a structure.
Type sizeof: 24
Field name: std::_Vector_base<double, std::allocator<double> >
Field Type: The type is a structure.
Field Type sizeof: 24

[INFO -- 2018-11-24 15:51:17]
Fault Injection Successful after 1.2873709201812744s
[INFO -- 2018-11-24 15:51:19]
event type: exit
[INFO -- 2018-11-24 15:51:19]
exit code: 0
