[INFO -- 2018-10-02 17:50:55]
Starting flip_value script
version: 1.1
[INFO -- 2018-10-02 17:50:55]
Initialization strings:
[INFO -- 2018-10-02 17:50:55]
(1) file /tmp/lreg/lreg
[INFO -- 2018-10-02 17:50:55]
(2) set args /tmp/lreg/randInput /tmp/lreg/output
[INFO -- 2018-10-02 17:50:55]
initSignal:0
[INFO -- 2018-10-02 17:50:55]
endSignal:10
[INFO -- 2018-10-02 17:50:55]
faultModel:1
[INFO -- 2018-10-02 17:51:02]
Backtrace BEGIN:
#0  log1 (error=<synthetic pointer>, delta=<synthetic pointer>, x=1) at ../sysdeps/ieee754/dbl-64/e_pow.c:296
#1  __ieee754_pow_sse2 (x=1, y=3) at ../sysdeps/ieee754/dbl-64/e_pow.c:103
#2  0x00007ffff76b7b14 in __pow (x=1, y=3) at w_pow_compat.c:30
#3  0x0000555555555d47 in std::pow<double, int> (__x=1, __y=3) at /usr/include/c++/7/cmath:418
#4  0x00005555555551e7 in predict (v=1) at lreg.cpp:50
#5  0x00005555555553ac in partialDerivate (pos=1) at lreg.cpp:74
#6  0x00005555555554b3 in adjust (alpha=2.2222199999999999e-05) at lreg.cpp:87
#7  0x000055555555565c in train (iterations=90000, alpha=2.2222199999999999e-05, N=4, stopsWhenStable=true) at lreg.cpp:120
#8  0x0000555555555ab7 in main (argc=3, argv=0x7fffffffde58) at lreg.cpp:174

291	../sysdeps/ieee754/dbl-64/e_pow.c: No such file or directory.

Backtrace END
Fliping value of field: std::_Vector_base<double, std::allocator<double> >
Fliping value of field: _M_impl
Fliping value of field: _M_start
Fliping a bit of the value pointed by a pointer
Memory content before bitflip:0xad0xff0x600x1b0xfd0x450x5b0x40
Fault Model: Double bit-flip
base address to flip value: 0x555555771bb0
address max offset: 8
Memory content after  bitflip:0xad0xaf0x600x1b0xfd0x450x5b0x40
frame name: train
symbol name: bestT
symbol filename: lreg.cpp
symbol line: 115
value: std::vector of length 4, capacity 4 = {109.09357342187896, 350.84328383093606, -19.684081865661884, -4.2372574502635265}
value address: 0x7fffffffd860
Type: The type is a structure.
Type sizeof: 24
Field name: std::_Vector_base<double, std::allocator<double> >
Field Type: The type is a structure.
Field Type sizeof: 24

[INFO -- 2018-10-02 17:51:02]
Fault Injection Successful after 7.283416509628296s
[INFO -- 2018-10-02 17:51:02]
event type: exit
[INFO -- 2018-10-02 17:51:02]
exit code: 0
