[INFO -- 2018-10-06 20:26:22]
Starting flip_value script
version: 1.1
[INFO -- 2018-10-06 20:26:22]
Initialization strings:
[INFO -- 2018-10-06 20:26:22]
(1) file /tmp/lreg/lreg
[INFO -- 2018-10-06 20:26:22]
(2) set args /tmp/lreg/randInput /tmp/lreg/output
[INFO -- 2018-10-06 20:26:22]
initSignal:0
[INFO -- 2018-10-06 20:26:22]
endSignal:10
[INFO -- 2018-10-06 20:26:22]
faultModel:1
[INFO -- 2018-10-06 20:26:25]
Backtrace BEGIN:
#0  0x0000555555555291 in predict (v=3) at lreg.cpp:77
#1  0x000055555555551d in partialDerivate (pos=1) at lreg.cpp:107
#2  0x0000555555555670 in adjust () at lreg.cpp:123
#3  0x0000555555555881 in train (iterations=90000, N=4, stopsWhenStable=true) at lreg.cpp:159
#4  0x0000555555555dba in main (argc=3, argv=0x7fffffffde68) at lreg.cpp:225

72		double val = 0;
73		for(UINT i1 = 0, i2 = 0, i3 = 0; 
74			selectTriUInt(i1, i2, i3)<T.size(); 
75			i1++, i2++, i3++)
76		{
77			val+= (T[selectTriUInt(i1, i2, i3)] * pow(v, selectTriUInt(i1, i2, i3)));
78		}
79		return val;
80		
81	}

Backtrace END
Fliping value of field: std::_Vector_base<double, std::allocator<double> >
Fliping value of field: _M_impl
Fliping value of field: _M_finish
Fliping a bit of the value pointed by a pointer
Memory content before bitflip:0x000x000x000x000x000x000x000x00
Fault Model: Double bit-flip
base address to flip value: 0x555555771880
address max offset: 8
Memory content after  bitflip:0x000x000x000x000x000x000x000x24
frame name: partialDerivate
symbol name: x
symbol filename: lreg.cpp
symbol line: 41
value: std::vector of length 36, capacity 64 = {-6, 3, 15, 5, -3, 7, 5, -5, 16, -12, 13, 7, 24, -22, 8, 16, -16, 4, 24, -12, 20, -2, 13, -30, 12, 29, 14, -8, 22, 10, 32, -11, 4, 5, -3, 26}
value address: 0x55555575a140 <x>
Type: The type is a structure.
Type sizeof: 24
Field name: std::_Vector_base<double, std::allocator<double> >
Field Type: The type is a structure.
Field Type sizeof: 24

[INFO -- 2018-10-06 20:26:25]
Fault Injection Successful after 3.5417394638061523s
[INFO -- 2018-10-06 20:26:31]
event type: exit
[INFO -- 2018-10-06 20:26:31]
exit code: 0
