[INFO -- 2018-09-05 19:38:36]
Starting flip_value script
version: 1.1
[INFO -- 2018-09-05 19:38:36]
Initialization strings:
[INFO -- 2018-09-05 19:38:36]
(1) file /tmp/lreg/lreg
[INFO -- 2018-09-05 19:38:36]
(2) set args /tmp/lreg/randInput /tmp/lreg/output
[INFO -- 2018-09-05 19:38:36]
initSignal:0
[INFO -- 2018-09-05 19:38:36]
endSignal:2
[INFO -- 2018-09-05 19:38:36]
faultModel:2
[INFO -- 2018-09-05 19:38:37]
Backtrace BEGIN:
#0  0x0000555555555f48 in std::pow<double, int> (__x=12, __y=2) at /usr/include/c++/7/cmath:419
#1  0x0000555555555237 in predict (v=12) at lreg.cpp:50
#2  0x00005555555553fc in partialDerivate (pos=0) at lreg.cpp:74
#3  0x0000555555555503 in adjust (alpha=5.0000000000000002e-05) at lreg.cpp:87
#4  0x00005555555556ac in train (iterations=60000, alpha=5.0000000000000002e-05, N=3, stopsWhenStable=true) at lreg.cpp:120
#5  0x0000555555555c26 in main (argc=3, argv=0x7fffffffde78) at lreg.cpp:182

414	    typename __gnu_cxx::__promote_2<_Tp, _Up>::__type
415	    pow(_Tp __x, _Up __y)
416	    {
417	      typedef typename __gnu_cxx::__promote_2<_Tp, _Up>::__type __type;
418	      return pow(__type(__x), __type(__y));
419	    }
420	
421	  using ::sin;
422	
423	#ifndef __CORRECT_ISO_CPP_MATH_H_PROTO

Backtrace END
Fliping value of field: std::_Vector_base<double, std::allocator<double> >
Fliping value of field: _M_impl
Fliping value of field: _M_end_of_storage
Fliping a bit of the value pointed by a pointer
Memory content before bitflip:0x000x000x000x000x000x000x000x00
Fault Model: Random bit-flip
base address to flip value: 0x555555771750
address max offset: 8
Memory content after  bitflip:0xbe0x3b0xff0x280x1e0xeb0x470x89
frame name: adjust
symbol name: y
symbol filename: lreg.cpp
symbol line: 33
value: std::vector of length 20, capacity 32 = {-1, -1, -1, -1, -1, -1, -1, -1, -40, -64, 5, 5, -55, 2, 8, -67, 35, -16, -73, 17}
value address: 0x55555575a160 <y>
Type: The type is a structure.
Type sizeof: 24
Field name: std::_Vector_base<double, std::allocator<double> >
Field Type: The type is a structure.
Field Type sizeof: 24

[INFO -- 2018-09-05 19:38:37]
Fault Injection Successful after 1.3728611469268799s
[INFO -- 2018-09-05 19:38:43]
event type: exit
[INFO -- 2018-09-05 19:38:43]
exit code: 0
