[INFO -- 2018-10-08 18:43:14]
Starting flip_value script
version: 1.1
[INFO -- 2018-10-08 18:43:14]
Initialization strings:
[INFO -- 2018-10-08 18:43:14]
(1) file /tmp/lreg/lreg
[INFO -- 2018-10-08 18:43:14]
(2) set args /tmp/lreg/randInput /tmp/lreg/output
[INFO -- 2018-10-08 18:43:14]
initSignal:0
[INFO -- 2018-10-08 18:43:14]
endSignal:10
[INFO -- 2018-10-08 18:43:14]
faultModel:1
[INFO -- 2018-10-08 18:43:15]
Backtrace BEGIN:
#0  selectTriUInt (a=21845, b=1433772416, c=0) at lreg.cpp:47
#1  0x00005555555552ac in predict (v=-10) at lreg.cpp:77
#2  0x000055555555551d in partialDerivate (pos=0) at lreg.cpp:107
#3  0x0000555555555670 in adjust () at lreg.cpp:123
#4  0x0000555555555881 in train (iterations=30000, N=2, stopsWhenStable=true) at lreg.cpp:159
#5  0x0000555555555dba in main (argc=3, argv=0x7fffffffde68) at lreg.cpp:225

42	vector<double> y; // observed values of training set inputs
43	vector<double> T; // the adjustment variables
44	
45	double a1, a2, a3; // triplication of alpha
46	
47	UINT selectTriUInt(UINT a, UINT b, UINT c){
48		return (a == b)? a : c;
49	}
50	double selectTriDouble(double a, double b, double c){
51		return (a == b)? a : c;

Backtrace END
Memory content before bitflip:0x550x550x000x00
Fault Model: Double bit-flip
base address to flip value: 0x7fffffffd6dc
address max offset: 4
Memory content after  bitflip:0x550x550x000xc0
frame name: selectTriUInt
symbol name: a
symbol filename: lreg.cpp
symbol line: 47
value: 3221247317
value address: 0x7fffffffd6dc
Type: The type is an integer type.
Type sizeof: 4

[INFO -- 2018-10-08 18:43:15]
Fault Injection Successful after 1.1247336864471436s
[INFO -- 2018-10-08 18:43:24]
event type: exit
[INFO -- 2018-10-08 18:43:24]
exit code: 0
