[INFO -- 2018-10-12 13:15:16]
Starting flip_value script
version: 1.1
[INFO -- 2018-10-12 13:15:16]
Initialization strings:
[INFO -- 2018-10-12 13:15:16]
(1) file /tmp/lreg/lreg
[INFO -- 2018-10-12 13:15:16]
(2) set args /tmp/lreg/randInput /tmp/lreg/output
[INFO -- 2018-10-12 13:15:16]
initSignal:0
[INFO -- 2018-10-12 13:15:16]
endSignal:10
[INFO -- 2018-10-12 13:15:16]
faultModel:1
[INFO -- 2018-10-12 13:15:19]
Backtrace BEGIN:
#0  libc_feholdsetround_sse_ctx (r=0, ctx=<synthetic pointer>) at ../sysdeps/i386/fpu/fenv_private.h:447
#1  __ieee754_pow_sse2 (x=4, y=3) at ../sysdeps/ieee754/dbl-64/e_pow.c:97
#2  0x00007ffff76d66be in __ieee754_pow_sse2 (x=<optimized out>, y=<optimized out>) at ../sysdeps/ieee754/dbl-64/e_pow.c:184
#3  0x00007ffff76b7b14 in __pow (x=-4, y=3) at w_pow_compat.c:30
#4  0x00005555555560ba in std::pow<double, unsigned int> (__x=-4, __y=3) at /usr/include/c++/7/cmath:418
#5  0x00005555555552c2 in predict (v=-4) at lreg.cpp:77
#6  0x000055555555551d in partialDerivate (pos=0) at lreg.cpp:107
#7  0x0000555555555670 in adjust () at lreg.cpp:123
#8  0x0000555555555881 in train (iterations=90000, N=4, stopsWhenStable=true) at lreg.cpp:159
#9  0x0000555555555dba in main (argc=3, argv=0x7fffffffde68) at lreg.cpp:225

442	../sysdeps/i386/fpu/fenv_private.h: No such file or directory.

Backtrace END
Fliping value of field name: x
Memory content before bitflip:0x000x000x000x000x000x000x000x80
Fault Model: Double bit-flip
base address to flip value: 0x7ffff779a5e0 
address max offset: 8
Memory content after  bitflip:0x000x000x000x000x000x480x000x80
frame name: __ieee754_pow_sse2
symbol name: nZERO
symbol filename: ../sysdeps/ieee754/dbl-64/upow.h
symbol line: 47
value: {i = {0, -2147465216}, x = -3.9112626419071899e-310}
value address: 0x7ffff779a5e0 <nZERO>
Type: The type is a union.
Type sizeof: 8
Field name: i
Field Type: The type is an array.
Field Type sizeof: 8
Field name: x
Field Type: A floating point type.
Field Type sizeof: 8

[INFO -- 2018-10-12 13:15:19]
Fault Injection Successful after 3.507571220397949s
[INFO -- 2018-10-12 13:15:26]
event type: exit
[INFO -- 2018-10-12 13:15:26]
exit code: 0
