[INFO -- 2018-11-24 15:04:04]
Starting flip_value script
version: 1.1
[INFO -- 2018-11-24 15:04:04]
Initialization strings:
[INFO -- 2018-11-24 15:04:04]
(1) file /tmp/lreg/lreg
[INFO -- 2018-11-24 15:04:04]
(2) set args /tmp/lreg/randInput /tmp/lreg/output /tmp/lreg/detected.log
[INFO -- 2018-11-24 15:04:04]
initSignal:0
[INFO -- 2018-11-24 15:04:04]
endSignal:6
[INFO -- 2018-11-24 15:04:04]
faultModel:1
[INFO -- 2018-11-24 15:04:04]
Backtrace BEGIN:
#0  malloc (n=17) at dl-minimal.c:50
#1  <function called from gdb>
#2  malloc (n=17) at dl-minimal.c:50
#3  <function called from gdb>
#4  malloc (n=17) at dl-minimal.c:50
#5  <function called from gdb>
#6  enter_unique_sym (map=0x7ffff7fdd000, sym=0x7ffff7a588c8, name=0x7ffff7a7b7e1 "_ZNSt8time_getIcSt19istreambuf_iteratorIcSt11char_traitsIcEEE2idE", hash=2714114297, size=127, table=0x7ffff7fd9d30) at dl-lookup.c:183
#7  do_lookup_unique (undef_map=0x7ffff7fdd000, ref=0x7ffff7a73640, strtab=0x7ffff7a74f00 "", sym=0x7ffff7a73640, type_class=4, result=0x7fffffffd990, map=0x7ffff7fdd000, new_hash=2555569039, undef_name=<optimized out>) at dl-lookup.c:262
#8  do_lookup_x (undef_name=undef_name@entry=0x7ffff7ab23aa "_ZGVNSt10moneypunctIwLb0EE2idE", new_hash=new_hash@entry=2555569039, old_hash=old_hash@entry=0x7fffffffd980, ref=0x7ffff7a73640, result=result@entry=0x7fffffffd990, scope=<optimized out>, i=<optimized out>, version=0x7ffff7fdb030, flags=1, skip=0x0, type_class=4, undef_map=0x7ffff7fdd000) at dl-lookup.c:527
#9  0x00007ffff7de01ef in _dl_lookup_symbol_x (undef_name=0x7ffff7ab23aa "_ZGVNSt10moneypunctIwLb0EE2idE", undef_map=undef_map@entry=0x7ffff7fdd000, ref=ref@entry=0x7fffffffdab0, symbol_scope=symbol_scope@entry=0x7ffff7fdd358, version=0x7ffff7fdb030, type_class=4, flags=1, skip_map=<optimized out>) at dl-lookup.c:813
#10 0x00007ffff7de1af9 in elf_machine_rela (skip_ifunc=<optimized out>, reloc_addr_arg=0x7ffff7dce3d0, version=<optimized out>, sym=<optimized out>, reloc=0x7ffff7acf2c0, map=0x7ffff7fdd000) at ../sysdeps/x86_64/dl-machine.h:308
#11 elf_dynamic_do_Rela (skip_ifunc=<optimized out>, lazy=<optimized out>, nrelative=<optimized out>, relsize=<optimized out>, reladdr=<optimized out>, map=0x7ffff7fdd000) at do-rel.h:137
#12 _dl_relocate_object (scope=<optimized out>, reloc_mode=<optimized out>, consider_profiling=<optimized out>, consider_profiling@entry=0) at dl-reloc.c:258
#13 0x00007ffff7dd9307 in dl_main (phdr=<optimized out>, phnum=<optimized out>, user_entry=<optimized out>, auxv=<optimized out>) at rtld.c:2190
#14 0x00007ffff7defdd0 in _dl_sysdep_start (start_argptr=start_argptr@entry=0x7fffffffde40, dl_main=dl_main@entry=0x7ffff7dd7660 <dl_main>) at ../elf/dl-sysdep.c:253
#15 0x00007ffff7dd7128 in _dl_start_final (arg=0x7fffffffde40) at rtld.c:414
#16 _dl_start (arg=0x7fffffffde40) at rtld.c:521
#17 0x00007ffff7dd6098 in _start () from /lib64/ld-linux-x86-64.so.2
#18 0x0000000000000004 in ?? ()
#19 0x00007fffffffe1e3 in ?? ()
#20 0x00007fffffffe1f2 in ?? ()
#21 0x00007fffffffe206 in ?? ()
#22 0x00007fffffffe217 in ?? ()
#23 0x0000000000000000 in ?? ()

45	in dl-minimal.c

Backtrace END
Memory content before bitflip:0x000x000x000x000x000x000x000x00
Fault Model: Double bit-flip
base address to flip value: 0x7ffff7ffe000 
address max offset: 8
Memory content after  bitflip:0x000x000x000x000x000x110x000x00
frame name: _dl_start_final
symbol name: relocate_time
symbol filename: rtld.c
symbol line: 306
value: 18691697672192
value address: 0x7ffff7ffe000 <relocate_time>
Type: The type is an integer type.
Type sizeof: 8

[INFO -- 2018-11-24 15:04:04]
Fault Injection Successful after 0.7330219745635986s
[INFO -- 2018-11-24 15:04:12]
event type: exit
[INFO -- 2018-11-24 15:04:12]
exit code: 0
