[INFO -- 2018-11-27 21:44:12]
Starting flip_value script
version: 1.1
[INFO -- 2018-11-27 21:44:12]
Initialization strings:
[INFO -- 2018-11-27 21:44:12]
(1) file /tmp/lreg/lreg
[INFO -- 2018-11-27 21:44:12]
(2) set args /tmp/lreg/randInput /tmp/lreg/output
[INFO -- 2018-11-27 21:44:12]
initSignal:0
[INFO -- 2018-11-27 21:44:12]
endSignal:3
[INFO -- 2018-11-27 21:44:12]
faultModel:1
[INFO -- 2018-11-27 21:44:14]
Backtrace BEGIN:
#0  0x000055555555511b in verifyUintDup (a=1, b=1) at lreg.cpp:61
#1  0x000055555555576f in predict (v=-18) at lreg.cpp:115
#2  0x0000555555555a53 in partialDerivate (pos1=0, pos2=0) at lreg.cpp:142
#3  0x0000555555555bbe in adjust (alpha1=2.2222199999999999e-05, alpha2=2.2222199999999999e-05) at lreg.cpp:156
#4  0x0000555555555ee0 in train (iter1=30000, iter2=30000, N=4, alpha1=2.2222199999999999e-05, alpha2=2.2222199999999999e-05, stopsWhenStable=true) at lreg.cpp:193
#5  0x0000555555556467 in main (argc=3, argv=0x7fffffffde58) at lreg.cpp:253

56	*/
57	
58	int detected = 0;
59	
60	
61	UINT verifyUintDup(UINT a, UINT b){
62		if (a != b && detected != 1){
63			//gerar entrada no log
64			ofstream fp ("/tmp/lreg/detected.log", std::ofstream::app);
65			fp << "verifyUint: a = "<<a<<"; b = "<<b<<endl;

Backtrace END
Memory content before bitflip:0x5d0x5c0x520x5a0x460x940x850x40
Fault Model: Double bit-flip
base address to flip value: 0x7fffffffd728
address max offset: 8
Memory content after  bitflip:0x5d0x5c0x520x5a0x460x8c0x850x40
frame name: partialDerivate
symbol name: pD
symbol filename: lreg.cpp
symbol line: 139
value: 689.53435196251269
value address: 0x7fffffffd728
Type: A floating point type.
Type sizeof: 8

[INFO -- 2018-11-27 21:44:14]
Fault Injection Successful after 2.1684653759002686s
[INFO -- 2018-11-27 21:44:15]
event type: exit
[INFO -- 2018-11-27 21:44:15]
exit code: 0
