[INFO -- 2018-11-25 21:20:49]
Starting flip_value script
version: 1.1
[INFO -- 2018-11-25 21:20:49]
Initialization strings:
[INFO -- 2018-11-25 21:20:49]
(1) file /tmp/lreg/lreg
[INFO -- 2018-11-25 21:20:49]
(2) set args /tmp/lreg/randInput /tmp/lreg/output /tmp/lreg/detected.log
[INFO -- 2018-11-25 21:20:49]
initSignal:0
[INFO -- 2018-11-25 21:20:49]
endSignal:6
[INFO -- 2018-11-25 21:20:49]
faultModel:1
[INFO -- 2018-11-25 21:20:50]
Backtrace BEGIN:
#0  std::_Destroy<double*> (__first=0x555555772490, __last=0x5555557724a0) at /usr/include/c++/7/bits/stl_construct.h:137
#1  0x0000555555556a25 in std::_Destroy<double*, double> (__first=0x555555772490, __last=0x5555557724a0) at /usr/include/c++/7/bits/stl_construct.h:206
#2  0x0000555555556303 in std::vector<double, std::allocator<double> >::~vector (this=0x7fffffffd5d0, __in_chrg=<optimized out>) at /usr/include/c++/7/bits/stl_vector.h:434
#3  0x0000555555555770 in train (iterations=10000, alpha=0.00020000000000000001, N=2, stopsWhenStable=true) at lreg.cpp:126
#4  0x0000555555555a1c in execute (input=0x7fffffffe1f1 "/tmp/lreg/randInput") at lreg.cpp:157
#5  0x0000555555555c78 in main (argc=4, argv=0x7fffffffde48) at lreg.cpp:193

132	      // A deleted destructor is trivial, this ensures we reject such types:
133	      static_assert(is_destructible<_Value_type>::value,
134			    "value type is destructible");
135	#endif
136	      std::_Destroy_aux<__has_trivial_destructor(_Value_type)>::
137		__destroy(__first, __last);
138	    }
139	
140	  template<bool>
141	    struct _Destroy_n_aux

Backtrace END
Fliping value of field: std::_Vector_base<double, std::allocator<double> >
Fliping value of field: _M_impl
Fliping value of field: _M_end_of_storage
Fliping a bit of the pointer
Memory content before bitflip:0x500x230x770x550x550x550x000x00
Fault Model: Double bit-flip
base address to flip value: 0x55555575b190 
address max offset: 8
Memory content after  bitflip:0x500x230x770x550x550x550x090x00
frame name: std::vector<double, std::allocator<double> >::~vector
symbol name: T
symbol filename: lreg.cpp
symbol line: 34
value: std::vector of length 2, capacity 316659348799490 = {1.3990965160641542, -1.0155567895835225}
value address: 0x55555575b180 <T>
Type: The type is a structure.
Type sizeof: 24
Field name: std::_Vector_base<double, std::allocator<double> >
Field Type: The type is a structure.
Field Type sizeof: 24

[INFO -- 2018-11-25 21:20:50]
Fault Injection Successful after 1.3524014949798584s
[INFO -- 2018-11-25 21:20:52]
event type: exit
[INFO -- 2018-11-25 21:20:52]
exit code: 0
