[INFO -- 2018-11-29 15:21:15]
Starting flip_value script
version: 1.1
[INFO -- 2018-11-29 15:21:15]
Initialization strings:
[INFO -- 2018-11-29 15:21:15]
(1) file /tmp/lreg/lreg
[INFO -- 2018-11-29 15:21:15]
(2) set args /tmp/lreg/randInput /tmp/lreg/output /tmp/lreg/detected.log
[INFO -- 2018-11-29 15:21:15]
initSignal:0
[INFO -- 2018-11-29 15:21:15]
endSignal:6
[INFO -- 2018-11-29 15:21:15]
faultModel:2
[EXCEPTION -- 2018-11-29 15:21:15]
gdbException: Attempt to dereference a generic pointer.
[INFO -- 2018-11-29 15:21:17]
event type: exit
[INFO -- 2018-11-29 15:21:17]
exit code: 0
