[INFO -- 2018-11-15 13:15:23]
Starting flip_value script
version: 1.1
[INFO -- 2018-11-15 13:15:23]
Initialization strings:
[INFO -- 2018-11-15 13:15:23]
(1) file /tmp/lreg/lreg
[INFO -- 2018-11-15 13:15:23]
(2) set args /tmp/lreg/randInput /tmp/lreg/output
[INFO -- 2018-11-15 13:15:23]
initSignal:0
[INFO -- 2018-11-15 13:15:23]
endSignal:5
[INFO -- 2018-11-15 13:15:23]
faultModel:2
[INFO -- 2018-11-15 13:15:23]
Backtrace BEGIN:
#0  0x00007ffff76bcb20 in __pow (x=13, y=1) at w_pow_compat.c:31
#1  0x0000555555556826 in std::pow<double, unsigned int> (__x=13, __y=1) at /usr/include/c++/7/cmath:418
#2  0x0000555555555814 in predict (v=13) at lreg.cpp:116
#3  0x00005555555558c0 in meanSquaredError () at lreg.cpp:128
#4  0x0000555555555ee5 in train (iter1=30000, iter2=30000, N=3, alpha1=5.0000000000000002e-05, alpha2=5.0000000000000002e-05, stopsWhenStable=true) at lreg.cpp:194
#5  0x0000555555556467 in main (argc=3, argv=0x7fffffffde58) at lreg.cpp:253

26	w_pow_compat.c: No such file or directory.

Backtrace END
Memory content before bitflip:0x010x000x000x00
Fault Model: Random bit-flip
base address to flip value: 0x7fffffffd704
address max offset: 4
Memory content after  bitflip:0x940x540x200x6f
frame name: std::pow<double, unsigned int>
symbol name: __y
symbol filename: /usr/include/c++/7/cmath
symbol line: 415
value: 1864389780
value address: 0x7fffffffd704
Type: The type is an integer type.
Type sizeof: 4

[INFO -- 2018-11-15 13:15:23]
Fault Injection Successful after 0.8958590030670166s
[INFO -- 2018-11-15 13:15:26]
event type: exit
[INFO -- 2018-11-15 13:15:26]
exit code: 0
