[INFO -- 2018-11-26 20:46:39]
Starting flip_value script
version: 1.1
[INFO -- 2018-11-26 20:46:39]
Initialization strings:
[INFO -- 2018-11-26 20:46:39]
(1) file /tmp/lreg/lreg
[INFO -- 2018-11-26 20:46:39]
(2) set args /tmp/lreg/randInput /tmp/lreg/output
[INFO -- 2018-11-26 20:46:39]
initSignal:0
[INFO -- 2018-11-26 20:46:39]
endSignal:3
[INFO -- 2018-11-26 20:46:39]
faultModel:1
[INFO -- 2018-11-26 20:46:41]
Backtrace BEGIN:
#0  verifyUintDup (a=3, b=3) at lreg.cpp:68
#1  0x0000555555555b79 in adjust (alpha1=5.0000000000000002e-05, alpha2=5.0000000000000002e-05) at lreg.cpp:155
#2  0x0000555555555ee0 in train (iter1=20000, iter2=20000, N=3, alpha1=5.0000000000000002e-05, alpha2=5.0000000000000002e-05, stopsWhenStable=true) at lreg.cpp:193
#3  0x0000555555556467 in main (argc=3, argv=0x7fffffffde58) at lreg.cpp:253

63			//gerar entrada no log
64			ofstream fp ("/tmp/lreg/detected.log", std::ofstream::app);
65			fp << "verifyUint: a = "<<a<<"; b = "<<b<<endl;
66	        detected = 1;	
67		}
68		return a;
69	}
70	double verifyDoubleDup(double a, double b){
71		if (a != b && detected != 1){
72			//gerar entrada no log

Backtrace END
Fliping value of field: std::_Vector_base<double, std::allocator<double> >
Fliping value of field: _M_impl
Fliping value of field: _M_start
Fliping a bit of the value pointed by a pointer
Memory content before bitflip:0x5e0x220x100x730x2e0xc70xeb0x3f
Fault Model: Double bit-flip
base address to flip value: 0x555555772520
address max offset: 8
Memory content after  bitflip:0x5e0x220x100x730x2d0xc70xeb0x3f
frame name: adjust
symbol name: T1
symbol filename: lreg.cpp
symbol line: 36
value: std::vector of length 3, capacity 3 = {0.8680636641812034, -0.026856514732030327, -2.9921657222060762}
value address: 0x55555575b180 <T1>
Type: The type is a structure.
Type sizeof: 24
Field name: std::_Vector_base<double, std::allocator<double> >
Field Type: The type is a structure.
Field Type sizeof: 24

[INFO -- 2018-11-26 20:46:41]
Fault Injection Successful after 2.096780776977539s
[INFO -- 2018-11-26 20:46:44]
event type: exit
[INFO -- 2018-11-26 20:46:44]
exit code: 0
