[INFO -- 2018-11-04 19:39:50]
Starting flip_value script
version: 1.1
[INFO -- 2018-11-04 19:39:50]
Initialization strings:
[INFO -- 2018-11-04 19:39:50]
(1) file /tmp/lreg/lreg
[INFO -- 2018-11-04 19:39:50]
(2) set args /tmp/lreg/randInput /tmp/lreg/output /tmp/lreg/detected.log
[INFO -- 2018-11-04 19:39:50]
initSignal:0
[INFO -- 2018-11-04 19:39:50]
endSignal:10
[INFO -- 2018-11-04 19:39:50]
faultModel:1
[EXCEPTION -- 2018-11-04 19:39:56]
gdbException: Cannot access memory at address 0x550555772970
[EXCEPTION -- 2018-11-04 19:39:56]
gdbException: Cannot access memory at address 0x550555772970
[EXCEPTION -- 2018-11-04 19:39:56]
pythonException: empty range for randrange() (0,0, 0)
[EXCEPTION -- 2018-11-04 19:39:56]
gdbException: Cannot access memory at address 0x550555772970
[INFO -- 2018-11-04 19:39:56]
event type: exit
[EXCEPTION -- 2018-11-04 19:39:56]
exit code: no exit code available
