[INFO -- 2018-10-03 15:32:10]
Starting flip_value script
version: 1.1
[INFO -- 2018-10-03 15:32:10]
Initialization strings:
[INFO -- 2018-10-03 15:32:10]
(1) file /tmp/lreg/lreg
[INFO -- 2018-10-03 15:32:10]
(2) set args /tmp/lreg/randInput /tmp/lreg/output
[INFO -- 2018-10-03 15:32:10]
initSignal:0
[INFO -- 2018-10-03 15:32:10]
endSignal:10
[INFO -- 2018-10-03 15:32:10]
faultModel:2
[INFO -- 2018-10-03 15:32:13]
Backtrace BEGIN:
#0  0x00007ffff76b4990 in *ABS*+0x2d7c0@plt () from /lib/x86_64-linux-gnu/libm.so.6
#1  0x00007ffff76b7b14 in __pow (x=9, y=3) at w_pow_compat.c:30
#2  0x0000555555555d47 in std::pow<double, int> (__x=9, __y=3) at /usr/include/c++/7/cmath:418
#3  0x0000555555555401 in partialDerivate (pos=3) at lreg.cpp:74
#4  0x00005555555554b3 in adjust (alpha=2.2222199999999999e-05) at lreg.cpp:87
#5  0x000055555555565c in train (iterations=90000, alpha=2.2222199999999999e-05, N=4, stopsWhenStable=true) at lreg.cpp:120
#6  0x0000555555555ab7 in main (argc=3, argv=0x7fffffffde58) at lreg.cpp:174

130		T = bestT;
131	}
132	
133	/*
134	It must receive an input file formated as follows:
135		1° Line : one integer T -> number of test cases
136		2° to 5° repeat to all test case	
137		2° Line : method parameters -> alpha, iterations, N, size of 
138			      training set, predictions
139		3° Line : inputs x of the training set

Backtrace END
Memory content before bitflip:0x000x000x000x00
Fault Model: Random bit-flip
base address to flip value: 0x7fffffffd784
address max offset: 4
Memory content after  bitflip:0x5a0xa30x6d0x3d
frame name: partialDerivate
symbol name: i
symbol filename: lreg.cpp
symbol line: 73
value: 1030595418
value address: 0x7fffffffd784
Type: The type is an integer type.
Type sizeof: 4

[INFO -- 2018-10-03 15:32:13]
Fault Injection Successful after 3.615295886993408s
[INFO -- 2018-10-03 15:32:17]
event type: exit
[INFO -- 2018-10-03 15:32:17]
exit code: 0
