[INFO -- 2018-11-23 17:07:28]
Starting flip_value script
version: 1.1
[INFO -- 2018-11-23 17:07:28]
Initialization strings:
[INFO -- 2018-11-23 17:07:28]
(1) file /tmp/lreg/lreg
[INFO -- 2018-11-23 17:07:28]
(2) set args /tmp/lreg/randInput /tmp/lreg/output
[INFO -- 2018-11-23 17:07:28]
initSignal:0
[INFO -- 2018-11-23 17:07:28]
endSignal:3
[INFO -- 2018-11-23 17:07:28]
faultModel:0
[INFO -- 2018-11-23 17:07:29]
Backtrace BEGIN:
#0  0x00005555555553ce in partialDerivate (pos=0) at lreg.cpp:74
#1  0x00005555555554b3 in adjust (alpha=0.00020000000000000001) at lreg.cpp:87
#2  0x000055555555565c in train (iterations=10000, alpha=0.00020000000000000001, N=2, stopsWhenStable=true) at lreg.cpp:120
#3  0x0000555555555ab7 in main (argc=3, argv=0x7fffffffde58) at lreg.cpp:174

69		to the adjustment variable whose position in T is passed in pos
70	*/
71	double partialDerivate(int pos){
72		double pD = 0;
73		for(int i = 0; i<x.size(); i++){
74			pD += ((predict(x[i]) - y[i])*pow(x[i], pos));	
75		}
76		pD *= (2.0/x.size());
77		return pD;
78	}

Backtrace END
Memory content before bitflip:0xb00x460x3e0x820xa90x970xf00xbf
Fault Model: Single bit-flip
base address to flip value: 0x7fffffffd788
address max offset: 8
Memory content after  bitflip:0xb40x460x3e0x820xa90x970xf00xbf
frame name: partialDerivate
symbol name: pD
symbol filename: lreg.cpp
symbol line: 72
value: -1.0370268905284492
value address: 0x7fffffffd788
Type: A floating point type.
Type sizeof: 8

[INFO -- 2018-11-23 17:07:29]
Fault Injection Successful after 1.5732431411743164s
[INFO -- 2018-11-23 17:07:32]
event type: exit
[INFO -- 2018-11-23 17:07:32]
exit code: 0
