[INFO -- 2018-11-07 18:26:07]
Starting flip_value script
version: 1.1
[INFO -- 2018-11-07 18:26:07]
Initialization strings:
[INFO -- 2018-11-07 18:26:07]
(1) file /tmp/lreg/lreg
[INFO -- 2018-11-07 18:26:07]
(2) set args /tmp/lreg/randInput /tmp/lreg/output /tmp/lreg/detected.log
[INFO -- 2018-11-07 18:26:07]
initSignal:0
[INFO -- 2018-11-07 18:26:07]
endSignal:10
[INFO -- 2018-11-07 18:26:07]
faultModel:0
[INFO -- 2018-11-07 18:26:13]
Backtrace BEGIN:
#0  0x00007ffff76da5d6 in __ieee754_pow_sse2 (x=-24, y=0) at ../sysdeps/ieee754/dbl-64/e_pow.c:83
#1  0x00007ffff76bcb14 in __pow (x=-24, y=0) at w_pow_compat.c:30
#2  0x0000555555556131 in std::pow<double, int> (__x=-24, __y=0) at /usr/include/c++/7/cmath:418
#3  0x0000555555555237 in predict (v=-24) at lreg.cpp:50
#4  0x00005555555552ba in meanSquaredError () at lreg.cpp:61
#5  0x00005555555556b1 in train (iterations=45000, alpha=2.2222199999999999e-05, N=4, stopsWhenStable=true) at lreg.cpp:121
#6  0x0000555555555a1c in execute (input=0x7fffffffe1f2 "/tmp/lreg/randInput") at lreg.cpp:157
#7  0x0000555555555c60 in main (argc=4, argv=0x7fffffffde48) at lreg.cpp:191

78	../sysdeps/ieee754/dbl-64/e_pow.c: No such file or directory.

Backtrace END
Memory content before bitflip:0xaa0x9f0x980x680xa80x120x020x42
Fault Model: Single bit-flip
base address to flip value: 0x7fffffffd528
address max offset: 8
Memory content after  bitflip:0xaa0x1f0x980x680xa80x120x020x42
frame name: meanSquaredError
symbol name: error
symbol filename: lreg.cpp
symbol line: 59
value: 9702804755.015461
value address: 0x7fffffffd528
Type: A floating point type.
Type sizeof: 8

[INFO -- 2018-11-07 18:26:13]
Fault Injection Successful after 6.176818132400513s
[INFO -- 2018-11-07 18:26:28]
event type: exit
[INFO -- 2018-11-07 18:26:28]
exit code: 0
