[INFO -- 2018-11-13 17:57:47]
Starting flip_value script
version: 1.1
[INFO -- 2018-11-13 17:57:47]
Initialization strings:
[INFO -- 2018-11-13 17:57:47]
(1) file /tmp/lreg/lreg
[INFO -- 2018-11-13 17:57:47]
(2) set args /tmp/lreg/randInput /tmp/lreg/output
[INFO -- 2018-11-13 17:57:47]
initSignal:0
[INFO -- 2018-11-13 17:57:47]
endSignal:5
[INFO -- 2018-11-13 17:57:47]
faultModel:1
[INFO -- 2018-11-13 17:57:49]
Backtrace BEGIN:
#0  0x00007ffff76da519 in __ieee754_pow_sse2 (x=24, y=2) at ../sysdeps/ieee754/dbl-64/e_pow.c:65
#1  0x00007ffff76bcb14 in __pow (x=24, y=2) at w_pow_compat.c:30
#2  0x0000555555556826 in std::pow<double, unsigned int> (__x=24, __y=2) at /usr/include/c++/7/cmath:418
#3  0x0000555555555814 in predict (v=24) at lreg.cpp:116
#4  0x0000555555555a53 in partialDerivate (pos1=0, pos2=0) at lreg.cpp:142
#5  0x0000555555555bbe in adjust (alpha1=5.0000000000000002e-05, alpha2=5.0000000000000002e-05) at lreg.cpp:156
#6  0x0000555555555ee0 in train (iter1=30000, iter2=30000, N=3, alpha1=5.0000000000000002e-05, alpha2=5.0000000000000002e-05, stopsWhenStable=true) at lreg.cpp:193
#7  0x0000555555556467 in main (argc=3, argv=0x7fffffffde58) at lreg.cpp:253

60	../sysdeps/ieee754/dbl-64/e_pow.c: No such file or directory.

Backtrace END
Memory content before bitflip:0x060x000x000x00
Fault Model: Double bit-flip
base address to flip value: 0x7fffffffd90c
address max offset: 4
Memory content after  bitflip:0x060x000x000x30
frame name: main
symbol name: pred2
symbol filename: lreg.cpp
symbol line: 238
value: 805306374
value address: 0x7fffffffd90c
Type: The type is an integer type.
Type sizeof: 4

[INFO -- 2018-11-13 17:57:49]
Fault Injection Successful after 2.9579672813415527s
[INFO -- 2018-11-13 17:57:55]
event type: exit
[INFO -- 2018-11-13 17:57:55]
exit code: 0
