[INFO -- 2018-10-09 17:31:59]
Starting flip_value script
version: 1.1
[INFO -- 2018-10-09 17:31:59]
Initialization strings:
[INFO -- 2018-10-09 17:31:59]
(1) file /tmp/lreg/lreg
[INFO -- 2018-10-09 17:31:59]
(2) set args /tmp/lreg/randInput /tmp/lreg/output
[INFO -- 2018-10-09 17:31:59]
initSignal:0
[INFO -- 2018-10-09 17:31:59]
endSignal:10
[INFO -- 2018-10-09 17:31:59]
faultModel:0
[INFO -- 2018-10-09 17:32:04]
Backtrace BEGIN:
#0  0x00007ffff76d55c6 in __ieee754_pow_sse2 (x=-17, y=3) at ../sysdeps/ieee754/dbl-64/e_pow.c:81
#1  0x00007ffff76b7b14 in __pow (x=-17, y=3) at w_pow_compat.c:30
#2  0x00005555555560ba in std::pow<double, unsigned int> (__x=-17, __y=3) at /usr/include/c++/7/cmath:418
#3  0x00005555555552c2 in predict (v=-17) at lreg.cpp:77
#4  0x000055555555551d in partialDerivate (pos=3) at lreg.cpp:107
#5  0x0000555555555670 in adjust () at lreg.cpp:123
#6  0x0000555555555881 in train (iterations=90000, N=4, stopsWhenStable=true) at lreg.cpp:159
#7  0x0000555555555dba in main (argc=3, argv=0x7fffffffde68) at lreg.cpp:225

76	../sysdeps/ieee754/dbl-64/e_pow.c: No such file or directory.

Backtrace END
Memory content before bitflip:0x000x000x000x000x000x000x310xc0
Fault Model: Single bit-flip
base address to flip value: 0x7fffffffd6a0
address max offset: 8
Memory content after  bitflip:0x000x000x000x000x800x000x310xc0
frame name: __pow
symbol name: x
symbol filename: w_pow_compat.c
symbol line: 28
value: -17.001953125
value address: 0x7fffffffd6a0
Type: A floating point type.
Type sizeof: 8

[INFO -- 2018-10-09 17:32:04]
Fault Injection Successful after 5.212138414382935s
[INFO -- 2018-10-09 17:32:09]
event type: exit
[INFO -- 2018-10-09 17:32:09]
exit code: 0
