[INFO -- 2018-09-16 00:00:00]
Starting flip_value script
version: 1.1
[INFO -- 2018-09-16 00:00:00]
Initialization strings:
[INFO -- 2018-09-16 00:00:00]
(1) file /tmp/lreg/lreg
[INFO -- 2018-09-16 00:00:00]
(2) set args /tmp/lreg/randInput /tmp/lreg/output
[INFO -- 2018-09-16 00:00:00]
initSignal:0
[INFO -- 2018-09-16 00:00:00]
endSignal:2
[INFO -- 2018-09-16 00:00:00]
faultModel:1
[EXCEPTION -- 2018-09-16 00:00:01]
pythonException: Unable to exit loop in struct fields; Exiting wihtout making a bit flip
[INFO -- 2018-09-16 00:00:01]
Backtrace BEGIN:
#0  0x00005555555551fc in predict (v=-1) at lreg.cpp:49
#1  0x00005555555553fc in partialDerivate (pos=1) at lreg.cpp:74
#2  0x0000555555555503 in adjust (alpha=0.00020000000000000001) at lreg.cpp:87
#3  0x00005555555556ac in train (iterations=30000, alpha=0.00020000000000000001, N=2, stopsWhenStable=true) at lreg.cpp:120
#4  0x0000555555555c26 in main (argc=3, argv=0x7fffffffde68) at lreg.cpp:182

44	/**
45		Predicts the value related to v using the Ts variables
46	*/
47	double predict(double v){
48		double val = 0;
49		for(int i = 0; i<T.size(); i++){
50			val+= (T[i] * pow(v, i));
51		}
52		return val;
53		

Backtrace END
Memory content before bitflip:0x080x000x000x00
Fault Model: Double bit-flip
base address to flip value: 0x7fffffffd938
address max offset: 4
Memory content after  bitflip:0x080x000x000x11
frame name: main
symbol name: sizeOfTraining
symbol filename: lreg.cpp
symbol line: 169
value: 285212680
value address: 0x7fffffffd938
Type: The type is an integer type.
Type sizeof: 4

[INFO -- 2018-09-16 00:00:01]
Fault Injection Successful after 1.8048529624938965s
[INFO -- 2018-09-16 00:00:08]
event type: exit
[INFO -- 2018-09-16 00:00:08]
exit code: 0
