[INFO -- 2018-11-25 13:24:41]
Starting flip_value script
version: 1.1
[INFO -- 2018-11-25 13:24:41]
Initialization strings:
[INFO -- 2018-11-25 13:24:41]
(1) file /tmp/lreg/lreg
[INFO -- 2018-11-25 13:24:41]
(2) set args /tmp/lreg/randInput /tmp/lreg/output /tmp/lreg/detected.log
[INFO -- 2018-11-25 13:24:41]
initSignal:0
[INFO -- 2018-11-25 13:24:41]
endSignal:6
[INFO -- 2018-11-25 13:24:41]
faultModel:2
[INFO -- 2018-11-25 13:24:42]
Backtrace BEGIN:
#0  0x00007ffff76da644 in __ieee754_pow_sse2 (x=14, y=3) at ../sysdeps/ieee754/dbl-64/e_pow.c:101
#1  0x00007ffff76db6be in __ieee754_pow_sse2 (x=<optimized out>, y=<optimized out>) at ../sysdeps/ieee754/dbl-64/e_pow.c:184
#2  0x00007ffff76bcb14 in __pow (x=-14, y=3) at w_pow_compat.c:30
#3  0x000055555555621b in std::pow<double, int> (__x=-14, __y=3) at /usr/include/c++/7/cmath:418
#4  0x0000555555555237 in predict (v=-14) at lreg.cpp:50
#5  0x00005555555552ba in meanSquaredError () at lreg.cpp:61
#6  0x00005555555556b1 in train (iterations=30000, alpha=2.2222199999999999e-05, N=4, stopsWhenStable=true) at lreg.cpp:121
#7  0x0000555555555a1c in execute (input=0x7fffffffe1f1 "/tmp/lreg/randInput") at lreg.cpp:157
#8  0x0000555555555cb0 in main (argc=4, argv=0x7fffffffde48) at lreg.cpp:196

96	../sysdeps/ieee754/dbl-64/e_pow.c: No such file or directory.

Backtrace END
Memory content before bitflip:0x000x000x000x000x000x000x080x40
Fault Model: Random bit-flip
base address to flip value: 0x7fffffffd478
address max offset: 8
Memory content after  bitflip:0xd70xc20x2d0x310xfb0xff0xda0xdc
frame name: __pow
symbol name: y
symbol filename: w_pow_compat.c
symbol line: 28
value: -2.0095582446752669e+139
value address: 0x7fffffffd478
Type: A floating point type.
Type sizeof: 8

[INFO -- 2018-11-25 13:24:42]
Fault Injection Successful after 1.7270939350128174s
[INFO -- 2018-11-25 13:24:43]
event type: exit
[INFO -- 2018-11-25 13:24:43]
exit code: 0
