[INFO -- 2018-11-23 19:32:58]
Starting flip_value script
version: 1.1
[INFO -- 2018-11-23 19:32:58]
Initialization strings:
[INFO -- 2018-11-23 19:32:58]
(1) file /tmp/lreg/lreg
[INFO -- 2018-11-23 19:32:58]
(2) set args /tmp/lreg/randInput /tmp/lreg/output
[INFO -- 2018-11-23 19:32:58]
initSignal:0
[INFO -- 2018-11-23 19:32:58]
endSignal:3
[INFO -- 2018-11-23 19:32:58]
faultModel:0
[INFO -- 2018-11-23 19:32:59]
Backtrace BEGIN:
#0  0x00007ffff76bcb0f in __pow (x=-3, y=1) at w_pow_compat.c:30
#1  0x0000555555555d5f in std::pow<double, int> (__x=-3, __y=1) at /usr/include/c++/7/cmath:418
#2  0x00005555555551e7 in predict (v=-3) at lreg.cpp:50
#3  0x00005555555553ac in partialDerivate (pos=1) at lreg.cpp:74
#4  0x00005555555554b3 in adjust (alpha=5.0000000000000002e-05) at lreg.cpp:87
#5  0x000055555555565c in train (iterations=20000, alpha=5.0000000000000002e-05, N=3, stopsWhenStable=true) at lreg.cpp:120
#6  0x0000555555555ab7 in main (argc=3, argv=0x7fffffffde58) at lreg.cpp:174

25	w_pow_compat.c: No such file or directory.

Backtrace END
Memory content before bitflip:0x010x000x000x00
Fault Model: Single bit-flip
base address to flip value: 0x7fffffffd77c
address max offset: 4
Memory content after  bitflip:0x010x000x080x00
frame name: partialDerivate
symbol name: pos
symbol filename: lreg.cpp
symbol line: 71
value: 524289
value address: 0x7fffffffd77c
Type: The type is an integer type.
Type sizeof: 4

[INFO -- 2018-11-23 19:32:59]
Fault Injection Successful after 1.350903034210205s
[INFO -- 2018-11-23 19:33:00]
event type: exit
[INFO -- 2018-11-23 19:33:00]
exit code: 0
