[INFO -- 2018-11-27 16:18:39]
Starting flip_value script
version: 1.1
[INFO -- 2018-11-27 16:18:39]
Initialization strings:
[INFO -- 2018-11-27 16:18:39]
(1) file /tmp/lreg/lreg
[INFO -- 2018-11-27 16:18:39]
(2) set args /tmp/lreg/randInput /tmp/lreg/output
[INFO -- 2018-11-27 16:18:39]
initSignal:0
[INFO -- 2018-11-27 16:18:39]
endSignal:3
[INFO -- 2018-11-27 16:18:39]
faultModel:0
[INFO -- 2018-11-27 16:18:41]
Backtrace BEGIN:
#0  0x00005555555551e0 in verifyUintDup (a=1, b=1) at lreg.cpp:69
#1  0x00005555555557c3 in predict (v=21) at lreg.cpp:116
#2  0x0000555555555928 in meanSquaredError () at lreg.cpp:128
#3  0x0000555555555ee5 in train (iter1=30000, iter2=30000, N=4, alpha1=2.2222199999999999e-05, alpha2=2.2222199999999999e-05, stopsWhenStable=true) at lreg.cpp:194
#4  0x0000555555556467 in main (argc=3, argv=0x7fffffffde58) at lreg.cpp:253

64			ofstream fp ("/tmp/lreg/detected.log", std::ofstream::app);
65			fp << "verifyUint: a = "<<a<<"; b = "<<b<<endl;
66	        detected = 1;	
67		}
68		return a;
69	}
70	double verifyDoubleDup(double a, double b){
71		if (a != b && detected != 1){
72			//gerar entrada no log
73			ofstream fp ("/tmp/lreg/detected.log", std::ofstream::app);

Backtrace END
Fliping value of field: std::_Vector_base<double, std::allocator<double> >
Fliping value of field: _M_impl
Fliping value of field: _M_finish
Fliping a bit of the pointer
Memory content before bitflip:0x980x260x770x550x550x550x000x00
Fault Model: Single bit-flip
base address to flip value: 0x55555575b148 
address max offset: 8
Memory content after  bitflip:0x9a0x260x770x550x550x550x000x00
frame name: meanSquaredError
symbol name: x
symbol filename: lreg.cpp
symbol line: 34
value: std::vector of length 17, capacity 32 = {-15, -9, -1, 29, 5, -18, 31, -16, -18, -28, 25, -14, 7, -2, -17, 21, -20, 0, 0, 0, 0, 0, 0, 0, 0, 0, 0, 0, 0, 0, 0, 0, 0, 1.3487992131466031e-321, 13145, 2813, 13, -99407, -575, 22793, -121267, 15973, 22793, 86413, -63895, 10673, -1507, 41, 19181, -38047, -130860, 0, 0, 0, 0, 0, 0, 0, 0, 0, 0, 0, 0, 0, 0, 0, 0, 2.4209216646221081e-322, 0.052788424879969702, -0.55961390424456248, -1.9513982172813134, -4.0454753494206592, 0, 2.4209216646221081e-322, 0.053037215085330811, -0.5568116580642658, -1.9419679099817448, -3.9708552033074427, 0, 2.4209216646221081e-322, 0.052754932207943875, -0.55951571872172023, -1.951397358127819, -4.0454754958161923, 0, 2.4209216646221081e-322, 4.6355706480840404e-310, -0.55951571872172023, -1.951397358127819, -4.0454754958161923, 0, 2.4209216646221081e-322, 0, -0.5568116580642658, -1.9419679099817448, -3.9708552033074427, 0, 2.1114883506317354e-319, 0, 0, 0, 0, 0, 0, 0, 0, 0, 0, 0, 0, 0, 0, 0, 0, 0, 0, 0, 0, 0, 0, 0, 0, 0, 0, 0, 0, 0, 0, 0, 0, 0, 0, 0, 0, 0, 0, 0, 0, 0, 0, 0, 0, 0, 0, 0, 0, 0, 0, 0, 0, 0, 0, 0, 0, 0, 0, 0, 0, 0, 0, 0, 0, 0, 0, 0, 0, 0, 0, 0, 0, 0, 0, 0, 0, 0, 0, 0, 0, 0, 0, 0, 0, 0, 0, 0, 0, 0, 0, 0, 0, 0, 0, 0, 0, 0, 0, 0, 0, 0, 0...}
value address: 0x55555575b140 <x>
Type: The type is a structure.
Type sizeof: 24
Field name: std::_Vector_base<double, std::allocator<double> >
Field Type: The type is a structure.
Field Type sizeof: 24

[INFO -- 2018-11-27 16:18:41]
Fault Injection Successful after 2.0294246673583984s
[INFO -- 2018-11-27 16:18:42]
event type: exit
[INFO -- 2018-11-27 16:18:42]
exit code: 0
