[INFO -- 2018-10-08 18:26:56]
Starting flip_value script
version: 1.1
[INFO -- 2018-10-08 18:26:56]
Initialization strings:
[INFO -- 2018-10-08 18:26:56]
(1) file /tmp/lreg/lreg
[INFO -- 2018-10-08 18:26:56]
(2) set args /tmp/lreg/randInput /tmp/lreg/output
[INFO -- 2018-10-08 18:26:56]
initSignal:0
[INFO -- 2018-10-08 18:26:56]
endSignal:10
[INFO -- 2018-10-08 18:26:56]
faultModel:2
[INFO -- 2018-10-08 18:27:01]
Backtrace BEGIN:
#0  __pow (x=24, y=1) at w_pow_compat.c:29
#1  0x00005555555560ba in std::pow<double, unsigned int> (__x=24, __y=1) at /usr/include/c++/7/cmath:418
#2  0x00005555555552c2 in predict (v=24) at lreg.cpp:77
#3  0x000055555555551d in partialDerivate (pos=3) at lreg.cpp:107
#4  0x0000555555555670 in adjust () at lreg.cpp:123
#5  0x0000555555555881 in train (iterations=90000, N=4, stopsWhenStable=true) at lreg.cpp:159
#6  0x0000555555555dba in main (argc=3, argv=0x7fffffffde68) at lreg.cpp:225

24	w_pow_compat.c: No such file or directory.

Backtrace END
Fliping value of field: std::_Vector_base<double, std::allocator<double> >
Fliping value of field: _M_impl
Fliping value of field: _M_start
Fliping a bit of the value pointed by a pointer
Memory content before bitflip:0x000x000x000x000x000x000x080xc0
Fault Model: Random bit-flip
base address to flip value: 0x555555771760
address max offset: 8
Memory content after  bitflip:0xea0x900x4c0xd40x350x740xb70xb3
frame name: main
symbol name: x
symbol filename: lreg.cpp
symbol line: 41
value: std::vector of length 36, capacity 64 = {-1.4595426658559998e-59, 11, -10, 8, 16, 12, 15, -15, -11, 20, 13, 3, 21, -12, -3, 5, 20, -1, -1, -16, 8, -23, -20, -4, -5, 16, 24, 31, -11, -20, 21, 2, 22, -24, -26, 21}
value address: 0x55555575a140 <x>
Type: The type is a structure.
Type sizeof: 24
Field name: std::_Vector_base<double, std::allocator<double> >
Field Type: The type is a structure.
Field Type sizeof: 24

[INFO -- 2018-10-08 18:27:01]
Fault Injection Successful after 5.423311948776245s
[INFO -- 2018-10-08 18:27:06]
event type: exit
[INFO -- 2018-10-08 18:27:06]
exit code: 0
