[INFO -- 2018-11-14 14:20:55]
Starting flip_value script
version: 1.1
[INFO -- 2018-11-14 14:20:55]
Initialization strings:
[INFO -- 2018-11-14 14:20:55]
(1) file /tmp/lreg/lreg
[INFO -- 2018-11-14 14:20:55]
(2) set args /tmp/lreg/randInput /tmp/lreg/output
[INFO -- 2018-11-14 14:20:55]
initSignal:0
[INFO -- 2018-11-14 14:20:55]
endSignal:5
[INFO -- 2018-11-14 14:20:55]
faultModel:1
[INFO -- 2018-11-14 14:20:57]
Backtrace BEGIN:
#0  0x00005555555551e0 in verifyUintDup (a=1, b=1) at lreg.cpp:69
#1  0x000055555555579a in predict (v=-16) at lreg.cpp:116
#2  0x0000555555555928 in meanSquaredError () at lreg.cpp:128
#3  0x0000555555555ee5 in train (iter1=30000, iter2=30000, N=3, alpha1=5.0000000000000002e-05, alpha2=5.0000000000000002e-05, stopsWhenStable=true) at lreg.cpp:194
#4  0x0000555555556467 in main (argc=3, argv=0x7fffffffde68) at lreg.cpp:253

64			ofstream fp ("/tmp/lreg/detected.log", std::ofstream::app);
65			fp << "verifyUint: a = "<<a<<"; b = "<<b<<endl;
66	        detected = 1;	
67		}
68		return a;
69	}
70	double verifyDoubleDup(double a, double b){
71		if (a != b && detected != 1){
72			//gerar entrada no log
73			ofstream fp ("/tmp/lreg/detected.log", std::ofstream::app);

Backtrace END
Memory content before bitflip:0x210x4d0x000x00
Fault Model: Double bit-flip
base address to flip value: 0x7fffffffd7fc
address max offset: 4
Memory content after  bitflip:0x210x4d0xc00x00
frame name: train
symbol name: i2
symbol filename: lreg.cpp
symbol line: 191
value: 12602657
value address: 0x7fffffffd7fc
Type: The type is an integer type.
Type sizeof: 4

[INFO -- 2018-11-14 14:20:57]
Fault Injection Successful after 2.989384412765503s
[INFO -- 2018-11-14 14:21:04]
event type: exit
[INFO -- 2018-11-14 14:21:04]
exit code: 0
