[INFO -- 2018-10-03 13:14:14]
Starting flip_value script
version: 1.1
[INFO -- 2018-10-03 13:14:14]
Initialization strings:
[INFO -- 2018-10-03 13:14:14]
(1) file /tmp/lreg/lreg
[INFO -- 2018-10-03 13:14:14]
(2) set args /tmp/lreg/randInput /tmp/lreg/output
[INFO -- 2018-10-03 13:14:14]
initSignal:0
[INFO -- 2018-10-03 13:14:14]
endSignal:10
[INFO -- 2018-10-03 13:14:14]
faultModel:1
[INFO -- 2018-10-03 13:14:18]
Backtrace BEGIN:
#0  0x00007ffff76d593a in __ieee754_pow_sse2 (x=17, y=<optimized out>) at ../sysdeps/ieee754/dbl-64/e_pow.c:121
#1  0x00007ffff76d66be in __ieee754_pow_sse2 (x=<optimized out>, y=<optimized out>) at ../sysdeps/ieee754/dbl-64/e_pow.c:184
#2  0x00007ffff76b7b14 in __pow (x=-17, y=3) at w_pow_compat.c:30
#3  0x0000555555555d47 in std::pow<double, int> (__x=-17, __y=3) at /usr/include/c++/7/cmath:418
#4  0x0000555555555401 in partialDerivate (pos=3) at lreg.cpp:74
#5  0x00005555555554b3 in adjust (alpha=2.2222199999999999e-05) at lreg.cpp:87
#6  0x000055555555565c in train (iterations=90000, alpha=2.2222199999999999e-05, N=4, stopsWhenStable=true) at lreg.cpp:120
#7  0x0000555555555ab7 in main (argc=3, argv=0x7fffffffde58) at lreg.cpp:174

116	../sysdeps/ieee754/dbl-64/e_pow.c: No such file or directory.

Backtrace END
Fliping value of field name: i
Fliping array at pos: 1
Memory content before bitflip:0x000x000xf00x7f
Fault Model: Double bit-flip
base address to flip value: 0x7ffff779a5dc 
address max offset: 4
Memory content after  bitflip:0x000x000xf00x5b
frame name: __ieee754_pow_sse2
symbol name: INF
symbol filename: ../sysdeps/ieee754/dbl-64/upow.h
symbol line: 48
value: {i = {0, 1542455296}, x = 7.2683872429560689e+134}
value address: 0x7ffff779a5d8 <INF>
Type: The type is a union.
Type sizeof: 8
Field name: i
Field Type: The type is an array.
Field Type sizeof: 8
Field name: x
Field Type: A floating point type.
Field Type sizeof: 8

[INFO -- 2018-10-03 13:14:18]
Fault Injection Successful after 4.323950529098511s
[INFO -- 2018-10-03 13:14:21]
event type: exit
[INFO -- 2018-10-03 13:14:21]
exit code: 0
