[INFO -- 2018-09-15 00:32:51]
Starting flip_value script
version: 1.1
[INFO -- 2018-09-15 00:32:51]
Initialization strings:
[INFO -- 2018-09-15 00:32:51]
(1) file /tmp/lreg/lreg
[INFO -- 2018-09-15 00:32:51]
(2) set args /tmp/lreg/randInput /tmp/lreg/output
[INFO -- 2018-09-15 00:32:51]
initSignal:0
[INFO -- 2018-09-15 00:32:51]
endSignal:2
[INFO -- 2018-09-15 00:32:51]
faultModel:0
[EXCEPTION -- 2018-09-15 00:32:52]
gdbException: Cannot access memory at address 0x4555555771380
[EXCEPTION -- 2018-09-15 00:32:52]
pythonException: empty range for randrange() (0,0, 0)
[EXCEPTION -- 2018-09-15 00:32:53]
pythonException: empty range for randrange() (0,0, 0)
[INFO -- 2018-09-15 00:32:53]
event type: exit
[EXCEPTION -- 2018-09-15 00:32:53]
exit code: no exit code available
