[INFO -- 2018-11-25 23:09:11]
Starting flip_value script
version: 1.1
[INFO -- 2018-11-25 23:09:11]
Initialization strings:
[INFO -- 2018-11-25 23:09:11]
(1) file /tmp/lreg/lreg
[INFO -- 2018-11-25 23:09:11]
(2) set args /tmp/lreg/randInput /tmp/lreg/output /tmp/lreg/detected.log
[INFO -- 2018-11-25 23:09:11]
initSignal:0
[INFO -- 2018-11-25 23:09:11]
endSignal:6
[INFO -- 2018-11-25 23:09:11]
faultModel:1
[INFO -- 2018-11-25 23:09:13]
Backtrace BEGIN:
#0  0x0000555555556a0a in std::_Destroy<double*, double> (__first=0x555555772470, __last=0x5555557724a8) at /usr/include/c++/7/bits/stl_construct.h:203
#1  0x0000555555556303 in std::vector<double, std::allocator<double> >::~vector (this=0x7fffffffd5f0, __in_chrg=<optimized out>) at /usr/include/c++/7/bits/stl_vector.h:434
#2  0x0000555555555780 in train (iterations=20000, alpha=5.0000000000000002e-05, N=3, stopsWhenStable=true) at lreg.cpp:126
#3  0x0000555555555a1c in execute (input=0x7fffffffe1f1 "/tmp/lreg/randInput") at lreg.cpp:157
#4  0x0000555555555c78 in main (argc=4, argv=0x7fffffffde48) at lreg.cpp:193

198		__traits::destroy(__alloc, std::__addressof(*__first));
199	    }
200	
201	  template<typename _ForwardIterator, typename _Tp>
202	    inline void
203	    _Destroy(_ForwardIterator __first, _ForwardIterator __last,
204		     allocator<_Tp>&)
205	    {
206	      _Destroy(__first, __last);
207	    }

Backtrace END
Memory content before bitflip:0x0c0x000x000x00
Fault Model: Double bit-flip
base address to flip value: 0x7fffffffd670
address max offset: 4
Memory content after  bitflip:0x280x000x000x00
frame name: execute
symbol name: sizeOfTraining
symbol filename: lreg.cpp
symbol line: 144
value: 40
value address: 0x7fffffffd670
Type: The type is an integer type.
Type sizeof: 4

[INFO -- 2018-11-25 23:09:13]
Fault Injection Successful after 2.3288216590881348s
[INFO -- 2018-11-25 23:09:18]
event type: exit
[INFO -- 2018-11-25 23:09:18]
exit code: 0
