[INFO -- 2018-11-01 16:58:09]
Starting flip_value script
version: 1.1
[INFO -- 2018-11-01 16:58:09]
Initialization strings:
[INFO -- 2018-11-01 16:58:09]
(1) file /tmp/lreg/lreg
[INFO -- 2018-11-01 16:58:09]
(2) set args /tmp/lreg/randInput /tmp/lreg/output /tmp/lreg/detected.log
[INFO -- 2018-11-01 16:58:09]
initSignal:0
[INFO -- 2018-11-01 16:58:09]
endSignal:20
[INFO -- 2018-11-01 16:58:09]
faultModel:0
[INFO -- 2018-11-01 16:58:22]
Backtrace BEGIN:
#0  0x00007ffff76bcb20 in __pow (x=-21, y=2) at w_pow_compat.c:31
#1  0x0000555555556131 in std::pow<double, int> (__x=-21, __y=2) at /usr/include/c++/7/cmath:418
#2  0x0000555555555237 in predict (v=-21) at lreg.cpp:50
#3  0x00005555555553fc in partialDerivate (pos=0) at lreg.cpp:74
#4  0x0000555555555503 in adjust (alpha=5.0000000000000002e-05) at lreg.cpp:87
#5  0x00005555555556ac in train (iterations=40000, alpha=5.0000000000000002e-05, N=3, stopsWhenStable=true) at lreg.cpp:120
#6  0x0000555555555a1c in execute (input=0x7fffffffe1f3 "/tmp/lreg/randInput") at lreg.cpp:157
#7  0x0000555555555c98 in main (argc=4, argv=0x7fffffffde48) at lreg.cpp:194

26	w_pow_compat.c: No such file or directory.

Backtrace END
Memory content before bitflip:0x360xd20xc00x780x680x840x700xc0
Fault Model: Single bit-flip
base address to flip value: 0x7fffffffd488
address max offset: 8
Memory content after  bitflip:0x360xd20xc00x780x780x840x700xc0
frame name: predict
symbol name: val
symbol filename: lreg.cpp
symbol line: 48
value: -264.27941203423268
value address: 0x7fffffffd488
Type: A floating point type.
Type sizeof: 8

[INFO -- 2018-11-01 16:58:22]
Fault Injection Successful after 13.91816258430481s
[INFO -- 2018-11-01 16:58:34]
event type: exit
[INFO -- 2018-11-01 16:58:34]
exit code: 0
