[INFO -- 2018-11-05 21:39:24]
Starting flip_value script
version: 1.1
[INFO -- 2018-11-05 21:39:24]
Initialization strings:
[INFO -- 2018-11-05 21:39:24]
(1) file /tmp/lreg/lreg
[INFO -- 2018-11-05 21:39:24]
(2) set args /tmp/lreg/randInput /tmp/lreg/output /tmp/lreg/detected.log
[INFO -- 2018-11-05 21:39:24]
initSignal:0
[INFO -- 2018-11-05 21:39:24]
endSignal:10
[INFO -- 2018-11-05 21:39:24]
faultModel:1
[EXCEPTION -- 2018-11-05 21:39:26]
pythonException: Unable to exit loop in struct fields; Exiting wihtout making a bit flip
[INFO -- 2018-11-05 21:39:26]
Backtrace BEGIN:
#0  0x00007ffff76da938 in __ieee754_pow_sse2 (x=10, y=<optimized out>) at ../sysdeps/ieee754/dbl-64/e_pow.c:121
#1  0x00007ffff76db6be in __ieee754_pow_sse2 (x=<optimized out>, y=<optimized out>) at ../sysdeps/ieee754/dbl-64/e_pow.c:184
#2  0x00007ffff76bcb14 in __pow (x=-10, y=3) at w_pow_compat.c:30
#3  0x0000555555556131 in std::pow<double, int> (__x=-10, __y=3) at /usr/include/c++/7/cmath:418
#4  0x0000555555555237 in predict (v=-10) at lreg.cpp:50
#5  0x00005555555552ba in meanSquaredError () at lreg.cpp:61
#6  0x00005555555556b1 in train (iterations=45000, alpha=2.2222199999999999e-05, N=4, stopsWhenStable=true) at lreg.cpp:121
#7  0x0000555555555a1c in execute (input=0x7fffffffe1f3 "/tmp/lreg/randInput") at lreg.cpp:157
#8  0x0000555555555c60 in main (argc=4, argv=0x7fffffffde48) at lreg.cpp:191

116	in ../sysdeps/ieee754/dbl-64/e_pow.c

Backtrace END
Memory content before bitflip:0x030x000x000x00
Fault Model: Double bit-flip
base address to flip value: 0x7fffffffd4a4
address max offset: 4
Memory content after  bitflip:0x030x000x090x00
frame name: std::pow<double, int>
symbol name: __y
symbol filename: /usr/include/c++/7/cmath
symbol line: 415
value: 589827
value address: 0x7fffffffd4a4
Type: The type is an integer type.
Type sizeof: 4

[INFO -- 2018-11-05 21:39:26]
Fault Injection Successful after 2.3272829055786133s
[INFO -- 2018-11-05 21:39:31]
event type: exit
[INFO -- 2018-11-05 21:39:31]
exit code: 0
