[INFO -- 2018-11-02 00:43:00]
Starting flip_value script
version: 1.1
[INFO -- 2018-11-02 00:43:00]
Initialization strings:
[INFO -- 2018-11-02 00:43:00]
(1) file /tmp/lreg/lreg
[INFO -- 2018-11-02 00:43:00]
(2) set args /tmp/lreg/randInput /tmp/lreg/output /tmp/lreg/detected.log
[INFO -- 2018-11-02 00:43:00]
initSignal:0
[INFO -- 2018-11-02 00:43:00]
endSignal:10
[INFO -- 2018-11-02 00:43:00]
faultModel:2
[INFO -- 2018-11-02 00:43:02]
Backtrace BEGIN:
#0  0x00005555555560f9 in std::vector<double, std::allocator<double> >::operator[] (this=0x55555575b180 <T>, __n=2) at /usr/include/c++/7/bits/stl_vector.h:798
#1  0x0000555555555217 in predict (v=4) at lreg.cpp:50
#2  0x00005555555553fc in partialDerivate (pos=2) at lreg.cpp:74
#3  0x0000555555555503 in adjust (alpha=5.0000000000000002e-05) at lreg.cpp:87
#4  0x00005555555556ac in train (iterations=30000, alpha=5.0000000000000002e-05, N=3, stopsWhenStable=true) at lreg.cpp:120
#5  0x0000555555555a1c in execute (input=0x7fffffffe1f3 "/tmp/lreg/randInput") at lreg.cpp:157
#6  0x0000555555555c60 in main (argc=4, argv=0x7fffffffde48) at lreg.cpp:191

793	       */
794	      reference
795	      operator[](size_type __n) _GLIBCXX_NOEXCEPT
796	      {
797		__glibcxx_requires_subscript(__n);
798		return *(this->_M_impl._M_start + __n);
799	      }
800	
801	      /**
802	       *  @brief  Subscript access to the data contained in the %vector.

Backtrace END
Fliping a bit of the pointer
Memory content before bitflip:0x800xb10x750x550x550x550x000x00
Fault Model: Random bit-flip
base address to flip value: 0x7fffffffd448
address max offset: 8
Memory content after  bitflip:0x7d0x330x150x870xfa0xe70x9b0xed
frame name: std::vector<double, std::allocator<double> >::operator[]
symbol name: this
symbol filename: lreg.cpp
symbol line: 0
value: 0x55555575b180 <T>
value address: 0x7fffffffd448
Type: The type is a pointer.
Type sizeof: 8

[INFO -- 2018-11-02 00:43:02]
Fault Injection Successful after 2.2319207191467285s
[INFO -- 2018-11-02 00:43:13]
event type: exit
[INFO -- 2018-11-02 00:43:13]
exit code: 0
