[INFO -- 2018-11-16 12:28:54]
Starting flip_value script
version: 1.1
[INFO -- 2018-11-16 12:28:54]
Initialization strings:
[INFO -- 2018-11-16 12:28:54]
(1) file /tmp/lreg/lreg
[INFO -- 2018-11-16 12:28:54]
(2) set args /tmp/lreg/randInput /tmp/lreg/output
[INFO -- 2018-11-16 12:28:54]
initSignal:0
[INFO -- 2018-11-16 12:28:54]
endSignal:5
[INFO -- 2018-11-16 12:28:54]
faultModel:0
[INFO -- 2018-11-16 12:28:55]
Backtrace BEGIN:
#0  0x000055555555578e in predict (v=13) at lreg.cpp:116
#1  0x0000555555555928 in meanSquaredError () at lreg.cpp:128
#2  0x0000555555555ee5 in train (iter1=30000, iter2=30000, N=3, alpha1=5.0000000000000002e-05, alpha2=5.0000000000000002e-05, stopsWhenStable=true) at lreg.cpp:194
#3  0x0000555555556467 in main (argc=3, argv=0x7fffffffde58) at lreg.cpp:253

111	*/
112	double predict(double v){
113		double val = 0;
114		
115		for(UINT i1 = 0, i2 = 0; verifyUintDup(i1, i2)<T1.size(); i1++, i2++){
116			val+= (verifyDoubleDup(T1[verifyUintDup(i1, i2)], T2[verifyUintDup(i1, i2)]) * pow(v, verifyUintDup(i1, i2)));
117		}
118		return val;
119		
120	}

Backtrace END
Fliping value of field: std::_Vector_base<double, std::allocator<double> >
Fliping value of field: _M_impl
Fliping value of field: _M_finish
Fliping a bit of the value pointed by a pointer
Memory content before bitflip:0x000x000x000x000x000x000x000x00
Fault Model: Single bit-flip
base address to flip value: 0x555555772468
address max offset: 8
Memory content after  bitflip:0x000x020x000x000x000x000x000x00
frame name: meanSquaredError
symbol name: x
symbol filename: lreg.cpp
symbol line: 34
value: std::vector of length 13, capacity 16 = {-2, 20, 5, -12, 1, -1, -2, 10, 5, 13, -11, -20, 6}
value address: 0x55555575b140 <x>
Type: The type is a structure.
Type sizeof: 24
Field name: std::_Vector_base<double, std::allocator<double> >
Field Type: The type is a structure.
Field Type sizeof: 24

[INFO -- 2018-11-16 12:28:55]
Fault Injection Successful after 1.5248034000396729s
[INFO -- 2018-11-16 12:28:58]
event type: exit
[INFO -- 2018-11-16 12:28:58]
exit code: 0
