[INFO -- 2018-11-05 20:06:07]
Starting flip_value script
version: 1.1
[INFO -- 2018-11-05 20:06:07]
Initialization strings:
[INFO -- 2018-11-05 20:06:07]
(1) file /tmp/lreg/lreg
[INFO -- 2018-11-05 20:06:07]
(2) set args /tmp/lreg/randInput /tmp/lreg/output /tmp/lreg/detected.log
[INFO -- 2018-11-05 20:06:07]
initSignal:0
[INFO -- 2018-11-05 20:06:07]
endSignal:10
[INFO -- 2018-11-05 20:06:07]
faultModel:1
[INFO -- 2018-11-05 20:06:11]
Backtrace BEGIN:
#0  __ieee754_pow_sse2 (x=-1, y=1) at ../sysdeps/ieee754/dbl-64/e_pow.c:80
#1  0x00007ffff76bcb14 in __pow (x=-1, y=1) at w_pow_compat.c:30
#2  0x0000555555556131 in std::pow<double, int> (__x=-1, __y=1) at /usr/include/c++/7/cmath:418
#3  0x0000555555555237 in predict (v=-1) at lreg.cpp:50
#4  0x00005555555553fc in partialDerivate (pos=1) at lreg.cpp:74
#5  0x0000555555555503 in adjust (alpha=2.2222199999999999e-05) at lreg.cpp:87
#6  0x00005555555556ac in train (iterations=45000, alpha=2.2222199999999999e-05, N=4, stopsWhenStable=true) at lreg.cpp:120
#7  0x0000555555555a1c in execute (input=0x7fffffffe1f3 "/tmp/lreg/randInput") at lreg.cpp:157
#8  0x0000555555555c60 in main (argc=4, argv=0x7fffffffde48) at lreg.cpp:191

75	../sysdeps/ieee754/dbl-64/e_pow.c: No such file or directory.

Backtrace END
Fliping value of field: std::_Vector_base<double, std::allocator<double> >
Fliping value of field: _M_impl
Fliping value of field: _M_end_of_storage
Fliping a bit of the pointer
Memory content before bitflip:0xa00x2b0x770x550x550x550x000x00
Fault Model: Double bit-flip
base address to flip value: 0x7fffffffd5a0
address max offset: 8
Memory content after  bitflip:0xa00x0a0x770x550x550x550x000x00
frame name: train
symbol name: prevT
symbol filename: lreg.cpp
symbol line: 114
value: std::vector of length 4, capacity -1052 = {-21.506487705260035, -297.66292660828015, 9.4193383200895138, 5.6179921473313454}
value address: 0x7fffffffd590
Type: The type is a structure.
Type sizeof: 24
Field name: std::_Vector_base<double, std::allocator<double> >
Field Type: The type is a structure.
Field Type sizeof: 24

[INFO -- 2018-11-05 20:06:11]
Fault Injection Successful after 4.3777289390563965s
[INFO -- 2018-11-05 20:06:15]
event type: exit
[INFO -- 2018-11-05 20:06:15]
exit code: 0
