[INFO -- 2018-11-23 21:15:57]
Starting flip_value script
version: 1.1
[INFO -- 2018-11-23 21:15:57]
Initialization strings:
[INFO -- 2018-11-23 21:15:57]
(1) file /tmp/lreg/lreg
[INFO -- 2018-11-23 21:15:57]
(2) set args /tmp/lreg/randInput /tmp/lreg/output
[INFO -- 2018-11-23 21:15:57]
initSignal:0
[INFO -- 2018-11-23 21:15:57]
endSignal:3
[INFO -- 2018-11-23 21:15:57]
faultModel:1
[INFO -- 2018-11-23 21:15:58]
Backtrace BEGIN:
#0  0x0000555555555d01 in std::vector<double, std::allocator<double> >::size (this=0x55555575a140 <x>) at /usr/include/c++/7/bits/stl_vector.h:671
#1  0x0000555555555379 in partialDerivate (pos=1) at lreg.cpp:73
#2  0x00005555555554b3 in adjust (alpha=2.2222199999999999e-05) at lreg.cpp:87
#3  0x000055555555565c in train (iterations=30000, alpha=2.2222199999999999e-05, N=4, stopsWhenStable=true) at lreg.cpp:120
#4  0x0000555555555ab7 in main (argc=3, argv=0x7fffffffde58) at lreg.cpp:174

666	
667	      // [23.2.4.2] capacity
668	      /**  Returns the number of elements in the %vector.  */
669	      size_type
670	      size() const _GLIBCXX_NOEXCEPT
671	      { return size_type(this->_M_impl._M_finish - this->_M_impl._M_start); }
672	
673	      /**  Returns the size() of the largest possible %vector.  */
674	      size_type
675	      max_size() const _GLIBCXX_NOEXCEPT

Backtrace END
Fliping value of field: std::_Vector_base<double, std::allocator<double> >
Fliping value of field: _M_impl
Fliping value of field: _M_start
Fliping a bit of the value pointed by a pointer
Memory content before bitflip:0x000x000x000x000x000x000x2e0xc0
Fault Model: Double bit-flip
base address to flip value: 0x5555557714b0
address max offset: 8
Memory content after  bitflip:0x000x000x880x000x000x000x2e0xc0
frame name: adjust
symbol name: x
symbol filename: lreg.cpp
symbol line: 32
value: std::vector of length 16, capacity 16 = {-15.000000015832484, -9, -1, 29, 5, -18, 31, -16, -18, -28, 25, -14, 7, -2, -17, 21}
value address: 0x55555575a140 <x>
Type: The type is a structure.
Type sizeof: 24
Field name: std::_Vector_base<double, std::allocator<double> >
Field Type: The type is a structure.
Field Type sizeof: 24

[INFO -- 2018-11-23 21:15:58]
Fault Injection Successful after 1.343703269958496s
[INFO -- 2018-11-23 21:15:58]
event type: exit
[INFO -- 2018-11-23 21:15:58]
exit code: 0
