[INFO -- 2018-10-03 16:08:26]
Starting flip_value script
version: 1.1
[INFO -- 2018-10-03 16:08:26]
Initialization strings:
[INFO -- 2018-10-03 16:08:26]
(1) file /tmp/lreg/lreg
[INFO -- 2018-10-03 16:08:26]
(2) set args /tmp/lreg/randInput /tmp/lreg/output
[INFO -- 2018-10-03 16:08:26]
initSignal:0
[INFO -- 2018-10-03 16:08:26]
endSignal:10
[INFO -- 2018-10-03 16:08:26]
faultModel:2
[INFO -- 2018-10-03 16:08:29]
Backtrace BEGIN:
#0  0x00005555555551c7 in predict (v=3) at lreg.cpp:50
#1  0x00005555555553ac in partialDerivate (pos=3) at lreg.cpp:74
#2  0x00005555555554b3 in adjust (alpha=2.2222199999999999e-05) at lreg.cpp:87
#3  0x000055555555565c in train (iterations=90000, alpha=2.2222199999999999e-05, N=4, stopsWhenStable=true) at lreg.cpp:120
#4  0x0000555555555ab7 in main (argc=3, argv=0x7fffffffde58) at lreg.cpp:174

45		Predicts the value related to v using the Ts variables
46	*/
47	double predict(double v){
48		double val = 0;
49		for(int i = 0; i<T.size(); i++){
50			val+= (T[i] * pow(v, i));
51		}
52		return val;
53		
54	}

Backtrace END
Memory content before bitflip:0x900x5f0x010x00
Fault Model: Random bit-flip
base address to flip value: 0x7fffffffd920
address max offset: 4
Memory content after  bitflip:0x840x8a0x2b0x91
frame name: main
symbol name: iterations
symbol filename: lreg.cpp
symbol line: 161
value: -1859417468
value address: 0x7fffffffd920
Type: The type is an integer type.
Type sizeof: 4

[INFO -- 2018-10-03 16:08:29]
Fault Injection Successful after 3.4798741340637207s
[INFO -- 2018-10-03 16:08:33]
event type: exit
[INFO -- 2018-10-03 16:08:33]
exit code: 0
