[INFO -- 2018-09-14 22:42:16]
Starting flip_value script
version: 1.1
[INFO -- 2018-09-14 22:42:16]
Initialization strings:
[INFO -- 2018-09-14 22:42:16]
(1) file /tmp/lreg/lreg
[INFO -- 2018-09-14 22:42:16]
(2) set args /tmp/lreg/randInput /tmp/lreg/output
[INFO -- 2018-09-14 22:42:16]
initSignal:0
[INFO -- 2018-09-14 22:42:16]
endSignal:2
[INFO -- 2018-09-14 22:42:16]
faultModel:0
[INFO -- 2018-09-14 22:42:16]
Backtrace BEGIN:
#0  __ieee754_pow_sse2 (x=-10, y=0) at ../sysdeps/ieee754/dbl-64/e_pow.c:79
#1  0x00007ffff76b7b14 in __pow (x=-10, y=0) at w_pow_compat.c:30
#2  0x0000555555555f39 in std::pow<double, int> (__x=-10, __y=0) at /usr/include/c++/7/cmath:418
#3  0x0000555555555237 in predict (v=-10) at lreg.cpp:50
#4  0x00005555555553fc in partialDerivate (pos=0) at lreg.cpp:74
#5  0x0000555555555503 in adjust (alpha=0.00020000000000000001) at lreg.cpp:87
#6  0x00005555555556ac in train (iterations=30000, alpha=0.00020000000000000001, N=2, stopsWhenStable=true) at lreg.cpp:120
#7  0x0000555555555c26 in main (argc=3, argv=0x7fffffffde68) at lreg.cpp:182

74	../sysdeps/ieee754/dbl-64/e_pow.c: No such file or directory.

Backtrace END
Memory content before bitflip:0x130x6b0x9a0xca0x290x130xdf0x3d
Fault Model: Single bit-flip
base address to flip value: 0x7fffffffd840
address max offset: 8
Memory content after  bitflip:0x130x6b0x9a0xca0x290x130xdf0x1d
frame name: train
symbol name: bestMSE
symbol filename: lreg.cpp
symbol line: 116
value: 8.4316295206416745e-165
value address: 0x7fffffffd840
Type: A floating point type.
Type sizeof: 8

[INFO -- 2018-09-14 22:42:16]
Fault Injection Successful after 0.7877111434936523s
[INFO -- 2018-09-14 22:42:23]
event type: exit
[INFO -- 2018-09-14 22:42:23]
exit code: 0
