[INFO -- 2018-10-13 11:06:54]
Starting flip_value script
version: 1.1
[INFO -- 2018-10-13 11:06:54]
Initialization strings:
[INFO -- 2018-10-13 11:06:54]
(1) file /tmp/lreg/lreg
[INFO -- 2018-10-13 11:06:54]
(2) set args /tmp/lreg/randInput /tmp/lreg/output
[INFO -- 2018-10-13 11:06:54]
initSignal:0
[INFO -- 2018-10-13 11:06:54]
endSignal:10
[INFO -- 2018-10-13 11:06:54]
faultModel:0
[INFO -- 2018-10-13 11:06:56]
Backtrace BEGIN:
#0  0x00007ffff76da5c4 in __ieee754_pow_sse2 (x=11, y=3) at ../sysdeps/ieee754/dbl-64/e_pow.c:81
#1  0x00007ffff76bcb14 in __pow (x=11, y=3) at w_pow_compat.c:30
#2  0x00005555555560ba in std::pow<double, unsigned int> (__x=11, __y=3) at /usr/include/c++/7/cmath:418
#3  0x00005555555552c2 in predict (v=11) at lreg.cpp:77
#4  0x00005555555553e9 in meanSquaredError () at lreg.cpp:91
#5  0x0000555555555886 in train (iterations=90000, N=4, stopsWhenStable=true) at lreg.cpp:160
#6  0x0000555555555dba in main (argc=3, argv=0x7fffffffde68) at lreg.cpp:225

76	../sysdeps/ieee754/dbl-64/e_pow.c: No such file or directory.

Backtrace END
Memory content before bitflip:0x000x000x000x000x000x000x260x40
Fault Model: Single bit-flip
base address to flip value: 0x7fffffffd768
address max offset: 8
Memory content after  bitflip:0x000x000x000x000x000x020x260x40
frame name: predict
symbol name: v
symbol filename: lreg.cpp
symbol line: 71
value: 11.00390625
value address: 0x7fffffffd768
Type: A floating point type.
Type sizeof: 8

[INFO -- 2018-10-13 11:06:56]
Fault Injection Successful after 2.8223307132720947s
[INFO -- 2018-10-13 11:07:04]
event type: exit
[INFO -- 2018-10-13 11:07:04]
exit code: 0
