[INFO -- 2018-11-12 17:03:23]
Starting flip_value script
version: 1.1
[INFO -- 2018-11-12 17:03:23]
Initialization strings:
[INFO -- 2018-11-12 17:03:23]
(1) file /tmp/lreg/lreg
[INFO -- 2018-11-12 17:03:23]
(2) set args /tmp/lreg/randInput /tmp/lreg/output
[INFO -- 2018-11-12 17:03:23]
initSignal:0
[INFO -- 2018-11-12 17:03:23]
endSignal:10
[INFO -- 2018-11-12 17:03:23]
faultModel:1
[INFO -- 2018-11-12 17:03:25]
Backtrace BEGIN:
#0  0x00007ffff76bcb0a in __pow (x=-7, y=1) at w_pow_compat.c:30
#1  0x00005555555566b8 in std::pow<double, unsigned int> (__x=-7, __y=1) at /usr/include/c++/7/cmath:418
#2  0x00005555555556e7 in predict (v=-7) at lreg.cpp:113
#3  0x00005555555557f7 in meanSquaredError () at lreg.cpp:125
#4  0x0000555555555da8 in train (iter1=15000, iter2=15000, N=2, alpha1=0.00020000000000000001, alpha2=0.00020000000000000001, stopsWhenStable=true) at lreg.cpp:191
#5  0x00005555555562e6 in main (argc=3, argv=0x7fffffffde68) at lreg.cpp:246

25	w_pow_compat.c: No such file or directory.

Backtrace END
Memory content before bitflip:0x010x000x000x00
Fault Model: Double bit-flip
base address to flip value: 0x7fffffffd764
address max offset: 4
Memory content after  bitflip:0x100x000x000x00
frame name: predict
symbol name: i2
symbol filename: lreg.cpp
symbol line: 112
value: 16
value address: 0x7fffffffd764
Type: The type is an integer type.
Type sizeof: 4

[INFO -- 2018-11-12 17:03:25]
Fault Injection Successful after 2.4205169677734375s
[INFO -- 2018-11-12 17:03:38]
event type: exit
[INFO -- 2018-11-12 17:03:38]
exit code: 0
