[INFO -- 2018-09-15 14:46:26]
Starting flip_value script
version: 1.1
[INFO -- 2018-09-15 14:46:26]
Initialization strings:
[INFO -- 2018-09-15 14:46:26]
(1) file /tmp/lreg/lreg
[INFO -- 2018-09-15 14:46:26]
(2) set args /tmp/lreg/randInput /tmp/lreg/output
[INFO -- 2018-09-15 14:46:26]
initSignal:0
[INFO -- 2018-09-15 14:46:26]
endSignal:2
[INFO -- 2018-09-15 14:46:26]
faultModel:2
[INFO -- 2018-09-15 14:46:28]
Backtrace BEGIN:
#0  0x00007ffff76d5512 in __ieee754_pow_sse2 (x=-3, y=0) at ../sysdeps/ieee754/dbl-64/e_pow.c:65
#1  0x00007ffff76b7b14 in __pow (x=-3, y=0) at w_pow_compat.c:30
#2  0x0000555555555f39 in std::pow<double, int> (__x=-3, __y=0) at /usr/include/c++/7/cmath:418
#3  0x0000555555555237 in predict (v=-3) at lreg.cpp:50
#4  0x00005555555552ba in meanSquaredError () at lreg.cpp:61
#5  0x00005555555556b1 in train (iterations=60000, alpha=5.0000000000000002e-05, N=3, stopsWhenStable=true) at lreg.cpp:121
#6  0x0000555555555c26 in main (argc=3, argv=0x7fffffffde68) at lreg.cpp:182

60	../sysdeps/ieee754/dbl-64/e_pow.c: No such file or directory.

Backtrace END
Fliping value of field name: x
Memory content before bitflip:0x000x000x000x000x000x000x000x80
Fault Model: Random bit-flip
base address to flip value: 0x7ffff779a5e0 
address max offset: 8
Memory content after  bitflip:0xa50x790x1d0x8b0x370xd70x550x9f
frame name: __ieee754_pow_sse2
symbol name: nZERO
symbol filename: ../sysdeps/ieee754/dbl-64/upow.h
symbol line: 47
value: {i = {-1961002587, -1621764297}, x = -9.942341146007665e-158}
value address: 0x7ffff779a5e0 <nZERO>
Type: The type is a union.
Type sizeof: 8
Field name: i
Field Type: The type is an array.
Field Type sizeof: 8
Field name: x
Field Type: A floating point type.
Field Type sizeof: 8

[INFO -- 2018-09-15 14:46:28]
Fault Injection Successful after 2.2042548656463623s
[INFO -- 2018-09-15 14:46:34]
event type: exit
[INFO -- 2018-09-15 14:46:34]
exit code: 0
