[INFO -- 2018-11-22 19:06:18]
Starting flip_value script
version: 1.1
[INFO -- 2018-11-22 19:06:18]
Initialization strings:
[INFO -- 2018-11-22 19:06:18]
(1) file /tmp/lreg/lreg
[INFO -- 2018-11-22 19:06:18]
(2) set args /tmp/lreg/randInput /tmp/lreg/output
[INFO -- 2018-11-22 19:06:18]
initSignal:0
[INFO -- 2018-11-22 19:06:18]
endSignal:3
[INFO -- 2018-11-22 19:06:18]
faultModel:1
[EXCEPTION -- 2018-11-22 19:06:20]
pythonException: empty range for randrange() (0,0, 0)
[EXCEPTION -- 2018-11-22 19:06:20]
pythonException: empty range for randrange() (0,0, 0)
[EXCEPTION -- 2018-11-22 19:06:23]
gdbException: Cannot access memory at address 0x475555771380
[INFO -- 2018-11-22 19:06:24]
event type: exit
[EXCEPTION -- 2018-11-22 19:06:24]
exit code: no exit code available
