[INFO -- 2018-11-23 17:47:21]
Starting flip_value script
version: 1.1
[INFO -- 2018-11-23 17:47:21]
Initialization strings:
[INFO -- 2018-11-23 17:47:21]
(1) file /tmp/lreg/lreg
[INFO -- 2018-11-23 17:47:21]
(2) set args /tmp/lreg/randInput /tmp/lreg/output
[INFO -- 2018-11-23 17:47:21]
initSignal:0
[INFO -- 2018-11-23 17:47:21]
endSignal:3
[INFO -- 2018-11-23 17:47:21]
faultModel:0
[EXCEPTION -- 2018-11-23 17:47:23]
gdbException: Attempt to dereference a generic pointer.
[INFO -- 2018-11-23 17:47:24]
Backtrace BEGIN:
#0  0x00007ffff76da5c4 in __ieee754_pow_sse2 (x=-18, y=0) at ../sysdeps/ieee754/dbl-64/e_pow.c:81
#1  0x00007ffff76bcb14 in __pow (x=-18, y=0) at w_pow_compat.c:30
#2  0x0000555555555d5f in std::pow<double, int> (__x=-18, __y=0) at /usr/include/c++/7/cmath:418
#3  0x00005555555551e7 in predict (v=-18) at lreg.cpp:50
#4  0x00005555555553ac in partialDerivate (pos=3) at lreg.cpp:74
#5  0x00005555555554b3 in adjust (alpha=2.2222199999999999e-05) at lreg.cpp:87
#6  0x000055555555565c in train (iterations=30000, alpha=2.2222199999999999e-05, N=4, stopsWhenStable=true) at lreg.cpp:120
#7  0x0000555555555ab7 in main (argc=3, argv=0x7fffffffde58) at lreg.cpp:174

76	../sysdeps/ieee754/dbl-64/e_pow.c: No such file or directory.

Backtrace END
Memory content before bitflip:0x000x000x000x000x000x000x000x00
Fault Model: Single bit-flip
base address to flip value: 0x7fffffffd6c8
address max offset: 8
Memory content after  bitflip:0x000x000x000x000x000x800x000x00
frame name: __pow
symbol name: y
symbol filename: w_pow_compat.c
symbol line: 28
value: 6.9533558078350043e-310
value address: 0x7fffffffd6c8
Type: A floating point type.
Type sizeof: 8

[INFO -- 2018-11-23 17:47:24]
Fault Injection Successful after 3.3213579654693604s
[INFO -- 2018-11-23 17:47:26]
event type: exit
[INFO -- 2018-11-23 17:47:26]
exit code: 0
