[INFO -- 2018-11-13 19:39:27]
Starting flip_value script
version: 1.1
[INFO -- 2018-11-13 19:39:27]
Initialization strings:
[INFO -- 2018-11-13 19:39:27]
(1) file /tmp/lreg/lreg
[INFO -- 2018-11-13 19:39:27]
(2) set args /tmp/lreg/randInput /tmp/lreg/output
[INFO -- 2018-11-13 19:39:27]
initSignal:0
[INFO -- 2018-11-13 19:39:27]
endSignal:5
[INFO -- 2018-11-13 19:39:27]
faultModel:1
[INFO -- 2018-11-13 19:39:29]
Backtrace BEGIN:
#0  0x0000555555555760 in predict (v=9) at lreg.cpp:115
#1  0x0000555555555a53 in partialDerivate (pos1=1, pos2=1) at lreg.cpp:142
#2  0x0000555555555bbe in adjust (alpha1=0.00020000000000000001, alpha2=0.00020000000000000001) at lreg.cpp:156
#3  0x0000555555555ee0 in train (iter1=15000, iter2=15000, N=2, alpha1=0.00020000000000000001, alpha2=0.00020000000000000001, stopsWhenStable=true) at lreg.cpp:193
#4  0x0000555555556467 in main (argc=3, argv=0x7fffffffde58) at lreg.cpp:253

110		Predicts the value related to v using the Ts variables
111	*/
112	double predict(double v){
113		double val = 0;
114		
115		for(UINT i1 = 0, i2 = 0; verifyUintDup(i1, i2)<T1.size(); i1++, i2++){
116			val+= (verifyDoubleDup(T1[verifyUintDup(i1, i2)], T2[verifyUintDup(i1, i2)]) * pow(v, verifyUintDup(i1, i2)));
117		}
118		return val;
119		

Backtrace END
Memory content before bitflip:0x010x000x000x00
Fault Model: Double bit-flip
base address to flip value: 0x7fffffffd71c
address max offset: 4
Memory content after  bitflip:0x400x000x000x00
frame name: partialDerivate
symbol name: pos1
symbol filename: lreg.cpp
symbol line: 138
value: 64
value address: 0x7fffffffd71c
Type: The type is an integer type.
Type sizeof: 4

[INFO -- 2018-11-13 19:39:29]
Fault Injection Successful after 2.2325515747070312s
[INFO -- 2018-11-13 19:39:35]
event type: exit
[INFO -- 2018-11-13 19:39:35]
exit code: 0
