[INFO -- 2018-10-12 19:17:52]
Starting flip_value script
version: 1.1
[INFO -- 2018-10-12 19:17:52]
Initialization strings:
[INFO -- 2018-10-12 19:17:52]
(1) file /tmp/lreg/lreg
[INFO -- 2018-10-12 19:17:52]
(2) set args /tmp/lreg/randInput /tmp/lreg/output
[INFO -- 2018-10-12 19:17:52]
initSignal:0
[INFO -- 2018-10-12 19:17:52]
endSignal:10
[INFO -- 2018-10-12 19:17:52]
faultModel:2
[INFO -- 2018-10-12 19:17:58]
Backtrace BEGIN:
#0  __memmove_ssse3 () at ../sysdeps/x86_64/multiarch/memcpy-ssse3.S:1802
#1  0x0000555555557bac in std::__copy_move<false, true, std::random_access_iterator_tag>::__copy_m<double> (__first=0x555555771380, __last=0x5555557713a0, __result=0x555555771c10) at /usr/include/c++/7/bits/stl_algobase.h:368
#2  0x0000555555557940 in std::__copy_move_a<false, double const*, double*> (__first=0x555555771380, __last=0x5555557713a0, __result=0x555555771c10) at /usr/include/c++/7/bits/stl_algobase.h:386
#3  0x0000555555557cae in std::__copy_move_a2<false, __gnu_cxx::__normal_iterator<double const*, std::vector<double, std::allocator<double> > >, double*> (__first=30.060776792243313, __last=0, __result=0x555555771c10) at /usr/include/c++/7/bits/stl_algobase.h:424
#4  0x0000555555557b05 in std::copy<__gnu_cxx::__normal_iterator<double const*, std::vector<double, std::allocator<double> > >, double*> (__first=30.060776792243313, __last=0, __result=0x555555771c10) at /usr/include/c++/7/bits/stl_algobase.h:456
#5  0x0000555555557888 in std::__uninitialized_copy<true>::__uninit_copy<__gnu_cxx::__normal_iterator<double const*, std::vector<double, std::allocator<double> > >, double*> (__first=30.060776792243313, __last=0, __result=0x555555771c10) at /usr/include/c++/7/bits/stl_uninitialized.h:101
#6  0x00005555555572fe in std::uninitialized_copy<__gnu_cxx::__normal_iterator<double const*, std::vector<double, std::allocator<double> > >, double*> (__first=30.060776792243313, __last=0, __result=0x555555771c10) at /usr/include/c++/7/bits/stl_uninitialized.h:134
#7  0x0000555555556a57 in std::__uninitialized_copy_a<__gnu_cxx::__normal_iterator<double const*, std::vector<double, std::allocator<double> > >, double*, double> (__first=30.060776792243313, __last=0, __result=0x555555771c10) at /usr/include/c++/7/bits/stl_uninitialized.h:289
#8  0x00005555555562dd in std::vector<double, std::allocator<double> >::vector (this=0x7fffffffd870, __x=std::vector of length 4, capacity 4 = {...}) at /usr/include/c++/7/bits/stl_vector.h:331
#9  0x0000555555555900 in train (iterations=90000, N=4, stopsWhenStable=true) at lreg.cpp:165
#10 0x0000555555555dba in main (argc=3, argv=0x7fffffffde68) at lreg.cpp:225

1797	../sysdeps/x86_64/multiarch/memcpy-ssse3.S: No such file or directory.

Backtrace END
Fliping value of field: std::_Vector_base<double, std::allocator<double> >
Fliping value of field: _M_impl
Fliping value of field: _M_end_of_storage
Fliping a bit of the pointer
Memory content before bitflip:0xa00x130x770x550x550x550x000x00
Fault Model: Random bit-flip
base address to flip value: 0x55555575a190 
address max offset: 8
Memory content after  bitflip:0x550x750x430x5a0x180x480x0f0x1f
frame name: std::vector<double, std::allocator<double> >::vector
symbol name: T
symbol filename: lreg.cpp
symbol line: 43
value: std::vector of length 4, capacity 279749123032845370 = {30.060776792243313, -295.9399554819808, -7.4519872938339242, 4.2627563506661108}
value address: 0x55555575a180 <T>
Type: The type is a structure.
Type sizeof: 24
Field name: std::_Vector_base<double, std::allocator<double> >
Field Type: The type is a structure.
Field Type sizeof: 24

[INFO -- 2018-10-12 19:17:58]
Fault Injection Successful after 6.2716593742370605s
[INFO -- 2018-10-12 19:18:03]
event type: exit
[INFO -- 2018-10-12 19:18:03]
exit code: 0
