[INFO -- 2018-11-16 16:04:31]
Starting flip_value script
version: 1.1
[INFO -- 2018-11-16 16:04:31]
Initialization strings:
[INFO -- 2018-11-16 16:04:31]
(1) file /tmp/lreg/lreg
[INFO -- 2018-11-16 16:04:31]
(2) set args /tmp/lreg/randInput /tmp/lreg/output
[INFO -- 2018-11-16 16:04:31]
initSignal:0
[INFO -- 2018-11-16 16:04:31]
endSignal:5
[INFO -- 2018-11-16 16:04:31]
faultModel:1
[EXCEPTION -- 2018-11-16 16:04:34]
pythonException: Unable to exit loop in struct fields; Exiting wihtout making a bit flip
[INFO -- 2018-11-16 16:04:34]
Backtrace BEGIN:
#0  verifyUintDup (a=2, b=2) at lreg.cpp:68
#1  0x00005555555557fe in predict (v=31) at lreg.cpp:116
#2  0x0000555555555928 in meanSquaredError () at lreg.cpp:128
#3  0x0000555555555ee5 in train (iter1=45000, iter2=45000, N=4, alpha1=2.2222199999999999e-05, alpha2=2.2222199999999999e-05, stopsWhenStable=true) at lreg.cpp:194
#4  0x0000555555556467 in main (argc=3, argv=0x7fffffffde58) at lreg.cpp:253

63			//gerar entrada no log
64			ofstream fp ("/tmp/lreg/detected.log", std::ofstream::app);
65			fp << "verifyUint: a = "<<a<<"; b = "<<b<<endl;
66	        detected = 1;	
67		}
68		return a;
69	}
70	double verifyDoubleDup(double a, double b){
71		if (a != b && detected != 1){
72			//gerar entrada no log

Backtrace END
Memory content before bitflip:0x460x920x6b0x110xd90x2f0x1b0x41
Fault Model: Double bit-flip
base address to flip value: 0x7fffffffd7f8
address max offset: 8
Memory content after  bitflip:0x460x920x6b0x110xd90x8f0x1b0x41
frame name: train
symbol name: MSE
symbol filename: lreg.cpp
symbol line: 190
value: 451574.26701191475
value address: 0x7fffffffd7f8
Type: A floating point type.
Type sizeof: 8

[INFO -- 2018-11-16 16:04:34]
Fault Injection Successful after 3.6191246509552s
[INFO -- 2018-11-16 16:04:36]
event type: exit
[INFO -- 2018-11-16 16:04:36]
exit code: 0
