[INFO -- 2018-11-23 17:32:48]
Starting flip_value script
version: 1.1
[INFO -- 2018-11-23 17:32:48]
Initialization strings:
[INFO -- 2018-11-23 17:32:48]
(1) file /tmp/lreg/lreg
[INFO -- 2018-11-23 17:32:48]
(2) set args /tmp/lreg/randInput /tmp/lreg/output
[INFO -- 2018-11-23 17:32:48]
initSignal:0
[INFO -- 2018-11-23 17:32:48]
endSignal:3
[INFO -- 2018-11-23 17:32:48]
faultModel:2
[EXCEPTION -- 2018-11-23 17:32:48]
gdbException: Attempt to dereference a generic pointer.
[INFO -- 2018-11-23 17:32:50]
event type: exit
[INFO -- 2018-11-23 17:32:50]
exit code: 0
