[INFO -- 2018-11-27 19:12:06]
Starting flip_value script
version: 1.1
[INFO -- 2018-11-27 19:12:06]
Initialization strings:
[INFO -- 2018-11-27 19:12:06]
(1) file /tmp/lreg/lreg
[INFO -- 2018-11-27 19:12:06]
(2) set args /tmp/lreg/randInput /tmp/lreg/output
[INFO -- 2018-11-27 19:12:06]
initSignal:0
[INFO -- 2018-11-27 19:12:06]
endSignal:3
[INFO -- 2018-11-27 19:12:06]
faultModel:0
[INFO -- 2018-11-27 19:12:08]
Backtrace BEGIN:
#0  0x00007ffff76bcb37 in __pow (x=-1, y=2) at w_pow_compat.c:31
#1  0x0000555555556826 in std::pow<double, unsigned int> (__x=-1, __y=2) at /usr/include/c++/7/cmath:418
#2  0x0000555555555814 in predict (v=-1) at lreg.cpp:116
#3  0x0000555555555928 in meanSquaredError () at lreg.cpp:128
#4  0x0000555555555ee5 in train (iter1=30000, iter2=30000, N=4, alpha1=2.2222199999999999e-05, alpha2=2.2222199999999999e-05, stopsWhenStable=true) at lreg.cpp:194
#5  0x0000555555556467 in main (argc=3, argv=0x7fffffffde58) at lreg.cpp:253

26	w_pow_compat.c: No such file or directory.

Backtrace END
Fliping value of field: std::_Vector_base<double, std::allocator<double> >
Fliping value of field: _M_impl
Fliping value of field: _M_end_of_storage
Fliping a bit of the value pointed by a pointer
Memory content before bitflip:0x000x000x000x000x000x000x000x00
Fault Model: Single bit-flip
base address to flip value: 0x555555772850
address max offset: 8
Memory content after  bitflip:0x000x000x000x000x000x000x100x00
frame name: train
symbol name: T2
symbol filename: lreg.cpp
symbol line: 37
value: std::vector of length 4, capacity 4 = {0.060244266094386871, -0.58146571717861761, -1.9515894307402011, -4.0454427681325527}
value address: 0x55555575b1a0 <T2>
Type: The type is a structure.
Type sizeof: 24
Field name: std::_Vector_base<double, std::allocator<double> >
Field Type: The type is a structure.
Field Type sizeof: 24

[INFO -- 2018-11-27 19:12:08]
Fault Injection Successful after 2.0183498859405518s
[INFO -- 2018-11-27 19:12:09]
event type: exit
[INFO -- 2018-11-27 19:12:09]
exit code: 0
