[INFO -- 2018-10-04 18:55:23]
Starting flip_value script
version: 1.1
[INFO -- 2018-10-04 18:55:23]
Initialization strings:
[INFO -- 2018-10-04 18:55:23]
(1) file /tmp/lreg/lreg
[INFO -- 2018-10-04 18:55:23]
(2) set args /tmp/lreg/randInput /tmp/lreg/output
[INFO -- 2018-10-04 18:55:23]
initSignal:0
[INFO -- 2018-10-04 18:55:23]
endSignal:10
[INFO -- 2018-10-04 18:55:23]
faultModel:1
[EXCEPTION -- 2018-10-04 18:55:26]
pythonException: Unable to exit loop in struct fields; Exiting wihtout making a bit flip
[INFO -- 2018-10-04 18:55:26]
Backtrace BEGIN:
#0  0x00007ffff76d5604 in __ieee754_pow_sse2 (x=23, y=3) at ../sysdeps/ieee754/dbl-64/e_pow.c:89
#1  0x00007ffff76d66be in __ieee754_pow_sse2 (x=<optimized out>, y=<optimized out>) at ../sysdeps/ieee754/dbl-64/e_pow.c:184
#2  0x00007ffff76b7b14 in __pow (x=-23, y=3) at w_pow_compat.c:30
#3  0x0000555555555d47 in std::pow<double, int> (__x=-23, __y=3) at /usr/include/c++/7/cmath:418
#4  0x00005555555551e7 in predict (v=-23) at lreg.cpp:50
#5  0x00005555555552ba in meanSquaredError () at lreg.cpp:61
#6  0x0000555555555661 in train (iterations=90000, alpha=2.2222199999999999e-05, N=4, stopsWhenStable=true) at lreg.cpp:121
#7  0x0000555555555ab7 in main (argc=3, argv=0x7fffffffde58) at lreg.cpp:174

84	in ../sysdeps/ieee754/dbl-64/e_pow.c

Backtrace END
Fliping value of field name: x
Memory content before bitflip:0x6a0x010xf80xff0xff0xff0x070x42
Fault Model: Double bit-flip
base address to flip value: 0x7ffff779a5b0 
address max offset: 8
Memory content after  bitflip:0x6a0x010xf80xff0xdd0xff0x070x42
frame name: __ieee754_pow_sse2
symbol name: bigv
symbol filename: ../sysdeps/ieee754/dbl-64/upow.h
symbol line: 53
value: {i = {-523926, 1107820509}, x = 12884623359.00069}
value address: 0x7ffff779a5b0 <bigv>
Type: The type is a union.
Type sizeof: 8
Field name: i
Field Type: The type is an array.
Field Type sizeof: 8
Field name: x
Field Type: A floating point type.
Field Type sizeof: 8

[INFO -- 2018-10-04 18:55:26]
Fault Injection Successful after 3.3762047290802s
[INFO -- 2018-10-04 18:55:30]
event type: exit
[INFO -- 2018-10-04 18:55:30]
exit code: 0
