[INFO -- 2018-11-12 19:14:34]
Starting flip_value script
version: 1.1
[INFO -- 2018-11-12 19:14:34]
Initialization strings:
[INFO -- 2018-11-12 19:14:34]
(1) file /tmp/lreg/lreg
[INFO -- 2018-11-12 19:14:34]
(2) set args /tmp/lreg/randInput /tmp/lreg/output
[INFO -- 2018-11-12 19:14:34]
initSignal:0
[INFO -- 2018-11-12 19:14:34]
endSignal:10
[INFO -- 2018-11-12 19:14:34]
faultModel:0
[INFO -- 2018-11-12 19:14:39]
Backtrace BEGIN:
#0  0x00007ffff76daa31 in __ieee754_pow_sse2 (x=<optimized out>, y=<optimized out>) at ../sysdeps/ieee754/dbl-64/e_pow.c:215
#1  0x00007ffff76bcb14 in __pow (x=22, y=2) at w_pow_compat.c:30
#2  0x00005555555566b8 in std::pow<double, unsigned int> (__x=22, __y=2) at /usr/include/c++/7/cmath:418
#3  0x00005555555556e7 in predict (v=22) at lreg.cpp:113
#4  0x000055555555591a in partialDerivate (pos1=3, pos2=3) at lreg.cpp:139
#5  0x0000555555555a81 in adjust (alpha1=2.2222199999999999e-05, alpha2=2.2222199999999999e-05) at lreg.cpp:153
#6  0x0000555555555da3 in train (iter1=45000, iter2=45000, N=4, alpha1=2.2222199999999999e-05, alpha2=2.2222199999999999e-05, stopsWhenStable=true) at lreg.cpp:190
#7  0x00005555555562e6 in main (argc=3, argv=0x7fffffffde68) at lreg.cpp:246

210	../sysdeps/ieee754/dbl-64/e_pow.c: No such file or directory.

Backtrace END
Memory content before bitflip:0x000x000x000x000x000x000x360x40
Fault Model: Single bit-flip
base address to flip value: 0x7fffffffd680
address max offset: 8
Memory content after  bitflip:0x000x000x000x800x000x000x360x40
frame name: __pow
symbol name: x
symbol filename: w_pow_compat.c
symbol line: 28
value: 22.000007629394531
value address: 0x7fffffffd680
Type: A floating point type.
Type sizeof: 8

[INFO -- 2018-11-12 19:14:39]
Fault Injection Successful after 5.426681041717529s
[INFO -- 2018-11-12 19:14:42]
event type: exit
[INFO -- 2018-11-12 19:14:42]
exit code: 0
