[INFO -- 2018-11-29 13:59:22]
Starting flip_value script
version: 1.1
[INFO -- 2018-11-29 13:59:22]
Initialization strings:
[INFO -- 2018-11-29 13:59:22]
(1) file /tmp/lreg/lreg
[INFO -- 2018-11-29 13:59:22]
(2) set args /tmp/lreg/randInput /tmp/lreg/output /tmp/lreg/detected.log
[INFO -- 2018-11-29 13:59:22]
initSignal:0
[INFO -- 2018-11-29 13:59:22]
endSignal:6
[INFO -- 2018-11-29 13:59:22]
faultModel:1
[INFO -- 2018-11-29 13:59:25]
Backtrace BEGIN:
#0  0x0000555555556224 in std::pow<double, int> (__x=25, __y=2) at /usr/include/c++/7/cmath:418
#1  0x0000555555555237 in predict (v=25) at lreg.cpp:50
#2  0x00005555555552ba in meanSquaredError () at lreg.cpp:61
#3  0x00005555555556b1 in train (iterations=30000, alpha=2.2222199999999999e-05, N=4, stopsWhenStable=true) at lreg.cpp:121
#4  0x0000555555555a1c in execute (input=0x7fffffffe1f1 "/tmp/lreg/randInput") at lreg.cpp:157
#5  0x0000555555555c78 in main (argc=4, argv=0x7fffffffde48) at lreg.cpp:193

413	    inline _GLIBCXX_CONSTEXPR
414	    typename __gnu_cxx::__promote_2<_Tp, _Up>::__type
415	    pow(_Tp __x, _Up __y)
416	    {
417	      typedef typename __gnu_cxx::__promote_2<_Tp, _Up>::__type __type;
418	      return pow(__type(__x), __type(__y));
419	    }
420	
421	  using ::sin;
422	

Backtrace END
Memory content before bitflip:0xa00xae0x210xf90xb70x490x3a0xc0
Fault Model: Double bit-flip
base address to flip value: 0x7fffffffd4e8
address max offset: 8
Memory content after  bitflip:0xa00xae0x050xf90xb70x490x3a0xc0
frame name: predict
symbol name: val
symbol filename: lreg.cpp
symbol line: 48
value: -26.28796345127796
value address: 0x7fffffffd4e8
Type: A floating point type.
Type sizeof: 8

[INFO -- 2018-11-29 13:59:25]
Fault Injection Successful after 3.9707672595977783s
[INFO -- 2018-11-29 13:59:29]
event type: exit
[INFO -- 2018-11-29 13:59:29]
exit code: 0
