[INFO -- 2018-11-27 19:35:45]
Starting flip_value script
version: 1.1
[INFO -- 2018-11-27 19:35:45]
Initialization strings:
[INFO -- 2018-11-27 19:35:45]
(1) file /tmp/lreg/lreg
[INFO -- 2018-11-27 19:35:45]
(2) set args /tmp/lreg/randInput /tmp/lreg/output
[INFO -- 2018-11-27 19:35:45]
initSignal:0
[INFO -- 2018-11-27 19:35:45]
endSignal:3
[INFO -- 2018-11-27 19:35:45]
faultModel:0
[INFO -- 2018-11-27 19:35:47]
Backtrace BEGIN:
#0  std::vector<double, std::allocator<double> >::size (this=0x55555575b140 <x>) at /usr/include/c++/7/bits/stl_vector.h:671
#1  0x0000555555555a10 in partialDerivate (pos1=1, pos2=1) at lreg.cpp:141
#2  0x0000555555555bbe in adjust (alpha1=0.00020000000000000001, alpha2=0.00020000000000000001) at lreg.cpp:156
#3  0x0000555555555ee0 in train (iter1=10000, iter2=10000, N=2, alpha1=0.00020000000000000001, alpha2=0.00020000000000000001, stopsWhenStable=true) at lreg.cpp:193
#4  0x0000555555556467 in main (argc=3, argv=0x7fffffffde58) at lreg.cpp:253

666	
667	      // [23.2.4.2] capacity
668	      /**  Returns the number of elements in the %vector.  */
669	      size_type
670	      size() const _GLIBCXX_NOEXCEPT
671	      { return size_type(this->_M_impl._M_finish - this->_M_impl._M_start); }
672	
673	      /**  Returns the size() of the largest possible %vector.  */
674	      size_type
675	      max_size() const _GLIBCXX_NOEXCEPT

Backtrace END
Memory content before bitflip:0x1c0x660x1a0x0b0x910xb30x2a0xbf
Fault Model: Single bit-flip
base address to flip value: 0x7fffffffd788
address max offset: 8
Memory content after  bitflip:0x1c0x460x1a0x0b0x910xb30x2a0xbf
frame name: adjust
symbol name: diff
symbol filename: lreg.cpp
symbol line: 158
value: -0.00020371575879045499
value address: 0x7fffffffd788
Type: A floating point type.
Type sizeof: 8

[INFO -- 2018-11-27 19:35:47]
Fault Injection Successful after 2.725782632827759s
[INFO -- 2018-11-27 19:35:51]
event type: exit
[INFO -- 2018-11-27 19:35:51]
exit code: 0
