[INFO -- 2018-11-23 19:55:47]
Starting flip_value script
version: 1.1
[INFO -- 2018-11-23 19:55:47]
Initialization strings:
[INFO -- 2018-11-23 19:55:47]
(1) file /tmp/lreg/lreg
[INFO -- 2018-11-23 19:55:47]
(2) set args /tmp/lreg/randInput /tmp/lreg/output
[INFO -- 2018-11-23 19:55:47]
initSignal:0
[INFO -- 2018-11-23 19:55:47]
endSignal:3
[INFO -- 2018-11-23 19:55:47]
faultModel:2
[INFO -- 2018-11-23 19:55:48]
Backtrace BEGIN:
#0  0x00007ffff76bcb4d in __pow (x=-2, y=0) at w_pow_compat.c:62
#1  0x0000555555555d5f in std::pow<double, int> (__x=-2, __y=0) at /usr/include/c++/7/cmath:418
#2  0x00005555555551e7 in predict (v=-2) at lreg.cpp:50
#3  0x00005555555553ac in partialDerivate (pos=1) at lreg.cpp:74
#4  0x00005555555554b3 in adjust (alpha=2.2222199999999999e-05) at lreg.cpp:87
#5  0x000055555555565c in train (iterations=30000, alpha=2.2222199999999999e-05, N=4, stopsWhenStable=true) at lreg.cpp:120
#6  0x0000555555555ab7 in main (argc=3, argv=0x7fffffffde58) at lreg.cpp:174

57	w_pow_compat.c: No such file or directory.

Backtrace END
Fliping value of field: std::_Vector_base<double, std::allocator<double> >
Fliping value of field: _M_impl
Fliping value of field: _M_end_of_storage
Fliping a bit of the value pointed by a pointer
Memory content before bitflip:0x000x000x000x000x000x000x000x00
Fault Model: Random bit-flip
base address to flip value: 0x555555771530
address max offset: 8
Memory content after  bitflip:0x920x4b0xfc0xb90xe00x0b0x830xe2
frame name: main
symbol name: x
symbol filename: lreg.cpp
symbol line: 32
value: std::vector of length 16, capacity 16 = {-15, -9, -1, 29, 5, -18, 31, -16, -18, -28, 25, -14, 7, -2, -17, 21}
value address: 0x55555575a140 <x>
Type: The type is a structure.
Type sizeof: 24
Field name: std::_Vector_base<double, std::allocator<double> >
Field Type: The type is a structure.
Field Type sizeof: 24

[INFO -- 2018-11-23 19:55:48]
Fault Injection Successful after 1.4478833675384521s
[INFO -- 2018-11-23 19:55:48]
event type: exit
[INFO -- 2018-11-23 19:55:48]
exit code: 0
