[INFO -- 2018-10-12 14:12:37]
Starting flip_value script
version: 1.1
[INFO -- 2018-10-12 14:12:37]
Initialization strings:
[INFO -- 2018-10-12 14:12:37]
(1) file /tmp/lreg/lreg
[INFO -- 2018-10-12 14:12:37]
(2) set args /tmp/lreg/randInput /tmp/lreg/output
[INFO -- 2018-10-12 14:12:37]
initSignal:0
[INFO -- 2018-10-12 14:12:37]
endSignal:10
[INFO -- 2018-10-12 14:12:37]
faultModel:0
[INFO -- 2018-10-12 14:12:38]
Backtrace BEGIN:
#0  0x00007ffff76b7eb8 in __sqrt (x=0.00035418675918563736) at w_sqrt_compat.c:30
#1  0x00005555555556ed in adjust () at lreg.cpp:125
#2  0x0000555555555881 in train (iterations=30000, N=2, stopsWhenStable=true) at lreg.cpp:159
#3  0x0000555555555dba in main (argc=3, argv=0x7fffffffde68) at lreg.cpp:225

25	w_sqrt_compat.c: No such file or directory.

Backtrace END
Memory content before bitflip:0x2d0x430x1c0xeb0xe20x360x2a0x3f
Fault Model: Single bit-flip
base address to flip value: 0x55555575a198 
address max offset: 8
Memory content after  bitflip:0x290x430x1c0xeb0xe20x360x2a0x3f
frame name: train
symbol name: a1
symbol filename: lreg.cpp
symbol line: 45
value: 0.0001999999999999999
value address: 0x55555575a198 <a1>
Type: A floating point type.
Type sizeof: 8

[INFO -- 2018-10-12 14:12:38]
Fault Injection Successful after 1.6015794277191162s
[INFO -- 2018-10-12 14:12:48]
event type: exit
[INFO -- 2018-10-12 14:12:48]
exit code: 0
