[INFO -- 2018-09-25 17:20:43]
Starting flip_value script
version: 1.1
[INFO -- 2018-09-25 17:20:43]
Initialization strings:
[INFO -- 2018-09-25 17:20:43]
(1) file /tmp/lreg/lreg
[INFO -- 2018-09-25 17:20:43]
(2) set args /tmp/lreg/randInput /tmp/lreg/output
[INFO -- 2018-09-25 17:20:43]
initSignal:0
[INFO -- 2018-09-25 17:20:43]
endSignal:2
[INFO -- 2018-09-25 17:20:43]
faultModel:0
[EXCEPTION -- 2018-09-25 17:20:44]
pythonException: empty range for randrange() (0,0, 0)
[INFO -- 2018-09-25 17:20:45]
Backtrace BEGIN:
#0  0x000055555555541e in partialDerivate (pos=1) at lreg.cpp:74
#1  0x0000555555555503 in adjust (alpha=5.0000000000000002e-05) at lreg.cpp:87
#2  0x00005555555556ac in train (iterations=60000, alpha=5.0000000000000002e-05, N=3, stopsWhenStable=true) at lreg.cpp:120
#3  0x0000555555555c26 in main (argc=3, argv=0x7fffffffde68) at lreg.cpp:182

69		to the adjustment variable whose position in T is passed in pos
70	*/
71	double partialDerivate(int pos){
72		double pD = 0;
73		for(int i = 0; i<x.size(); i++){
74			pD += ((predict(x[i]) - y[i])*pow(x[i], pos));	
75		}
76		pD *= (2.0/x.size());
77		return pD;
78	}

Backtrace END
Memory content before bitflip:0x030x000x000x00
Fault Model: Single bit-flip
base address to flip value: 0x7fffffffd828
address max offset: 4
Memory content after  bitflip:0x030x000x200x00
frame name: train
symbol name: N
symbol filename: lreg.cpp
symbol line: 105
value: 2097155
value address: 0x7fffffffd828
Type: The type is an integer type.
Type sizeof: 4

[INFO -- 2018-09-25 17:20:45]
Fault Injection Successful after 2.0857625007629395s
[INFO -- 2018-09-25 17:20:51]
event type: exit
[INFO -- 2018-09-25 17:20:51]
exit code: 0
