[INFO -- 2018-09-30 20:20:30]
Starting flip_value script
version: 1.1
[INFO -- 2018-09-30 20:20:30]
Initialization strings:
[INFO -- 2018-09-30 20:20:30]
(1) file /tmp/lreg/lreg
[INFO -- 2018-09-30 20:20:30]
(2) set args /tmp/lreg/randInput /tmp/lreg/output
[INFO -- 2018-09-30 20:20:30]
initSignal:0
[INFO -- 2018-09-30 20:20:30]
endSignal:10
[INFO -- 2018-09-30 20:20:30]
faultModel:0
[INFO -- 2018-09-30 20:20:31]
Backtrace BEGIN:
#0  0x0000555555556164 in std::vector<double, std::allocator<double> >::vector (this=0x7fffffffd8a0, __x=std::vector of length 3, capacity 3 = {...}) at /usr/include/c++/7/bits/stl_vector.h:330
#1  0x0000555555555713 in train (iterations=60000, alpha=5.0000000000000002e-05, N=3, stopsWhenStable=true) at lreg.cpp:126
#2  0x0000555555555c26 in main (argc=3, argv=0x7fffffffde58) at lreg.cpp:182

325	       */
326	      vector(const vector& __x)
327	      : _Base(__x.size(),
328		_Alloc_traits::_S_select_on_copy(__x._M_get_Tp_allocator()))
329	      {
330		this->_M_impl._M_finish =
331		  std::__uninitialized_copy_a(__x.begin(), __x.end(),
332					      this->_M_impl._M_start,
333					      _M_get_Tp_allocator());
334	      }

Backtrace END
Memory content before bitflip:0x2d0x430x1c0xeb0xe20x360x0a0x3f
Fault Model: Single bit-flip
base address to flip value: 0x7fffffffd810
address max offset: 8
Memory content after  bitflip:0x2d0x430x1c0xeb0xe20x360x0a0x7f
frame name: train
symbol name: alpha
symbol filename: lreg.cpp
symbol line: 105
value: 8.98846567431158e+303
value address: 0x7fffffffd810
Type: A floating point type.
Type sizeof: 8

[INFO -- 2018-09-30 20:20:31]
Fault Injection Successful after 1.2947049140930176s
[INFO -- 2018-09-30 20:20:37]
event type: exit
[INFO -- 2018-09-30 20:20:37]
exit code: 0
