[INFO -- 2018-11-27 16:22:58]
Starting flip_value script
version: 1.1
[INFO -- 2018-11-27 16:22:58]
Initialization strings:
[INFO -- 2018-11-27 16:22:58]
(1) file /tmp/lreg/lreg
[INFO -- 2018-11-27 16:22:58]
(2) set args /tmp/lreg/randInput /tmp/lreg/output
[INFO -- 2018-11-27 16:22:58]
initSignal:0
[INFO -- 2018-11-27 16:22:58]
endSignal:3
[INFO -- 2018-11-27 16:22:58]
faultModel:0
[INFO -- 2018-11-27 16:23:00]
Backtrace BEGIN:
#0  0x0000555555555106 in verifyUintDup (a=3, b=3) at lreg.cpp:61
#1  0x000055555555576f in predict (v=21) at lreg.cpp:115
#2  0x00005555555558c0 in meanSquaredError () at lreg.cpp:128
#3  0x0000555555555ee5 in train (iter1=30000, iter2=30000, N=4, alpha1=2.2222199999999999e-05, alpha2=2.2222199999999999e-05, stopsWhenStable=true) at lreg.cpp:194
#4  0x0000555555556467 in main (argc=3, argv=0x7fffffffde58) at lreg.cpp:253

56	*/
57	
58	int detected = 0;
59	
60	
61	UINT verifyUintDup(UINT a, UINT b){
62		if (a != b && detected != 1){
63			//gerar entrada no log
64			ofstream fp ("/tmp/lreg/detected.log", std::ofstream::app);
65			fp << "verifyUint: a = "<<a<<"; b = "<<b<<endl;

Backtrace END
Fliping value of field: std::_Vector_base<double, std::allocator<double> >
Fliping value of field: _M_impl
Fliping value of field: _M_end_of_storage
Fliping a bit of the pointer
Memory content before bitflip:0xa00x230x770x550x550x550x000x00
Fault Model: Single bit-flip
base address to flip value: 0x55555575b190 
address max offset: 8
Memory content after  bitflip:0xa00x230x770x550x510x550x000x00
frame name: verifyUintDup
symbol name: T1
symbol filename: lreg.cpp
symbol line: 36
value: std::vector of length 4, capacity -2147483644 = {-0.066144241691694389, -0.20610560946059758, -1.9388997262281291, -3.9713781053996171}
value address: 0x55555575b180 <T1>
Type: The type is a structure.
Type sizeof: 24
Field name: std::_Vector_base<double, std::allocator<double> >
Field Type: The type is a structure.
Field Type sizeof: 24

[INFO -- 2018-11-27 16:23:00]
Fault Injection Successful after 2.1042580604553223s
[INFO -- 2018-11-27 16:23:01]
event type: exit
[INFO -- 2018-11-27 16:23:01]
exit code: 0
