[INFO -- 2018-11-22 18:34:32]
Starting flip_value script
version: 1.1
[INFO -- 2018-11-22 18:34:32]
Initialization strings:
[INFO -- 2018-11-22 18:34:32]
(1) file /tmp/lreg/lreg
[INFO -- 2018-11-22 18:34:32]
(2) set args /tmp/lreg/randInput /tmp/lreg/output
[INFO -- 2018-11-22 18:34:32]
initSignal:0
[INFO -- 2018-11-22 18:34:32]
endSignal:3
[INFO -- 2018-11-22 18:34:32]
faultModel:1
[EXCEPTION -- 2018-11-22 18:34:33]
gdbException: Attempt to dereference a generic pointer.
[INFO -- 2018-11-22 18:34:34]
Backtrace BEGIN:
#0  0x00005555555551ec in predict (v=-4) at lreg.cpp:50
#1  0x000055555555526a in meanSquaredError () at lreg.cpp:61
#2  0x0000555555555661 in train (iterations=20000, alpha=5.0000000000000002e-05, N=3, stopsWhenStable=true) at lreg.cpp:121
#3  0x0000555555555ab7 in main (argc=3, argv=0x7fffffffde58) at lreg.cpp:174

45		Predicts the value related to v using the Ts variables
46	*/
47	double predict(double v){
48		double val = 0;
49		for(int i = 0; i<T.size(); i++){
50			val+= (T[i] * pow(v, i));
51		}
52		return val;
53		
54	}

Backtrace END
Memory content before bitflip:0x2d0x430x1c0xeb0xe20x360x0a0x3f
Fault Model: Double bit-flip
base address to flip value: 0x7fffffffd940
address max offset: 8
Memory content after  bitflip:0x2d0x430x1c0xaa0xe20x360x0a0x3f
frame name: main
symbol name: alpha
symbol filename: lreg.cpp
symbol line: 160
value: 4.999999261035555e-05
value address: 0x7fffffffd940
Type: A floating point type.
Type sizeof: 8

[INFO -- 2018-11-22 18:34:34]
Fault Injection Successful after 2.0418972969055176s
[INFO -- 2018-11-22 18:34:36]
event type: exit
[INFO -- 2018-11-22 18:34:36]
exit code: 0
