[INFO -- 2018-10-03 13:15:32]
Starting flip_value script
version: 1.1
[INFO -- 2018-10-03 13:15:32]
Initialization strings:
[INFO -- 2018-10-03 13:15:32]
(1) file /tmp/lreg/lreg
[INFO -- 2018-10-03 13:15:32]
(2) set args /tmp/lreg/randInput /tmp/lreg/output
[INFO -- 2018-10-03 13:15:32]
initSignal:0
[INFO -- 2018-10-03 13:15:32]
endSignal:10
[INFO -- 2018-10-03 13:15:32]
faultModel:1
[INFO -- 2018-10-03 13:15:33]
Backtrace BEGIN:
#0  0x000055555555518b in predict (v=7) at lreg.cpp:48
#1  0x00005555555553ac in partialDerivate (pos=1) at lreg.cpp:74
#2  0x00005555555554b3 in adjust (alpha=5.0000000000000002e-05) at lreg.cpp:87
#3  0x000055555555565c in train (iterations=60000, alpha=5.0000000000000002e-05, N=3, stopsWhenStable=true) at lreg.cpp:120
#4  0x0000555555555ab7 in main (argc=3, argv=0x7fffffffde58) at lreg.cpp:174

43	
44	/**
45		Predicts the value related to v using the Ts variables
46	*/
47	double predict(double v){
48		double val = 0;
49		for(int i = 0; i<T.size(); i++){
50			val+= (T[i] * pow(v, i));
51		}
52		return val;

Backtrace END
Memory content before bitflip:0x0c0x000x000x00
Fault Model: Double bit-flip
base address to flip value: 0x7fffffffd928
address max offset: 4
Memory content after  bitflip:0x050x000x000x00
frame name: main
symbol name: sizeOfTraining
symbol filename: lreg.cpp
symbol line: 161
value: 5
value address: 0x7fffffffd928
Type: The type is an integer type.
Type sizeof: 4

[INFO -- 2018-10-03 13:15:33]
Fault Injection Successful after 1.3087899684906006s
[INFO -- 2018-10-03 13:15:39]
event type: exit
[INFO -- 2018-10-03 13:15:39]
exit code: 0
