[INFO -- 2018-11-12 17:06:54]
Starting flip_value script
version: 1.1
[INFO -- 2018-11-12 17:06:54]
Initialization strings:
[INFO -- 2018-11-12 17:06:54]
(1) file /tmp/lreg/lreg
[INFO -- 2018-11-12 17:06:54]
(2) set args /tmp/lreg/randInput /tmp/lreg/output
[INFO -- 2018-11-12 17:06:54]
initSignal:0
[INFO -- 2018-11-12 17:06:54]
endSignal:10
[INFO -- 2018-11-12 17:06:54]
faultModel:0
[INFO -- 2018-11-12 17:06:59]
Backtrace BEGIN:
#0  0x00007ffff76bcb0a in __pow (x=12, y=1) at w_pow_compat.c:30
#1  0x00005555555566b8 in std::pow<double, unsigned int> (__x=12, __y=1) at /usr/include/c++/7/cmath:418
#2  0x00005555555556e7 in predict (v=12) at lreg.cpp:113
#3  0x000055555555591a in partialDerivate (pos1=1, pos2=1) at lreg.cpp:139
#4  0x0000555555555a81 in adjust (alpha1=2.2222199999999999e-05, alpha2=2.2222199999999999e-05) at lreg.cpp:153
#5  0x0000555555555da3 in train (iter1=45000, iter2=45000, N=4, alpha1=2.2222199999999999e-05, alpha2=2.2222199999999999e-05, stopsWhenStable=true) at lreg.cpp:190
#6  0x00005555555562e6 in main (argc=3, argv=0x7fffffffde68) at lreg.cpp:246

25	w_pow_compat.c: No such file or directory.

Backtrace END
Memory content before bitflip:0x000x000x000x00
Fault Model: Single bit-flip
base address to flip value: 0x55555575b1c8 
address max offset: 4
Memory content after  bitflip:0x000x000x000x40
frame name: partialDerivate
symbol name: detected
symbol filename: lreg.cpp
symbol line: 58
value: 1073741824
value address: 0x55555575b1c8 <detected>
Type: The type is an integer type.
Type sizeof: 4

[INFO -- 2018-11-12 17:06:59]
Fault Injection Successful after 5.5594236850738525s
[INFO -- 2018-11-12 17:07:08]
event type: exit
[INFO -- 2018-11-12 17:07:08]
exit code: 0
