[INFO -- 2018-10-02 18:29:41]
Starting flip_value script
version: 1.1
[INFO -- 2018-10-02 18:29:41]
Initialization strings:
[INFO -- 2018-10-02 18:29:41]
(1) file /tmp/lreg/lreg
[INFO -- 2018-10-02 18:29:41]
(2) set args /tmp/lreg/randInput /tmp/lreg/output
[INFO -- 2018-10-02 18:29:41]
initSignal:0
[INFO -- 2018-10-02 18:29:41]
endSignal:10
[INFO -- 2018-10-02 18:29:41]
faultModel:1
[INFO -- 2018-10-02 18:29:41]
Backtrace BEGIN:
#0  0x0000555555555d1b in std::vector<double, std::allocator<double> >::operator[] (this=0x55555575a160 <y>, __n=0) at /usr/include/c++/7/bits/stl_vector.h:799
#1  0x0000555555555283 in meanSquaredError () at lreg.cpp:61
#2  0x0000555555555661 in train (iterations=30000, alpha=0.00020000000000000001, N=2, stopsWhenStable=true) at lreg.cpp:121
#3  0x0000555555555ab7 in main (argc=3, argv=0x7fffffffde58) at lreg.cpp:174

794	      reference
795	      operator[](size_type __n) _GLIBCXX_NOEXCEPT
796	      {
797		__glibcxx_requires_subscript(__n);
798		return *(this->_M_impl._M_start + __n);
799	      }
800	
801	      /**
802	       *  @brief  Subscript access to the data contained in the %vector.
803	       *  @param __n The index of the element for which data should be

Backtrace END
Memory content before bitflip:0x01
Fault Model: Double bit-flip
base address to flip value: 0x7fffffffd80c
address max offset: 1
Memory content after  bitflip:0x23
frame name: train
symbol name: stopsWhenStable
symbol filename: lreg.cpp
symbol line: 105
value: 35
value address: 0x7fffffffd80c
Type: A boolean type.
Type sizeof: 1

[INFO -- 2018-10-02 18:29:41]
Fault Injection Successful after 0.9939420223236084s
[INFO -- 2018-10-02 18:29:48]
event type: exit
[INFO -- 2018-10-02 18:29:48]
exit code: 0
