[INFO -- 2018-11-22 14:58:14]
Starting flip_value script
version: 1.1
[INFO -- 2018-11-22 14:58:14]
Initialization strings:
[INFO -- 2018-11-22 14:58:14]
(1) file /tmp/lreg/lreg
[INFO -- 2018-11-22 14:58:14]
(2) set args /tmp/lreg/randInput /tmp/lreg/output
[INFO -- 2018-11-22 14:58:14]
initSignal:0
[INFO -- 2018-11-22 14:58:14]
endSignal:3
[INFO -- 2018-11-22 14:58:14]
faultModel:2
[EXCEPTION -- 2018-11-22 14:58:16]
pythonException: empty range for randrange() (0,0, 0)
[INFO -- 2018-11-22 14:58:16]
Backtrace BEGIN:
#0  0x00005555555551c7 in predict (v=-19) at lreg.cpp:50
#1  0x00005555555553ac in partialDerivate (pos=0) at lreg.cpp:74
#2  0x00005555555554b3 in adjust (alpha=5.0000000000000002e-05) at lreg.cpp:87
#3  0x000055555555565c in train (iterations=20000, alpha=5.0000000000000002e-05, N=3, stopsWhenStable=true) at lreg.cpp:120
#4  0x0000555555555ab7 in main (argc=3, argv=0x7fffffffde58) at lreg.cpp:174

45		Predicts the value related to v using the Ts variables
46	*/
47	double predict(double v){
48		double val = 0;
49		for(int i = 0; i<T.size(); i++){
50			val+= (T[i] * pow(v, i));
51		}
52		return val;
53		
54	}

Backtrace END
Fliping value of field: std::_Vector_base<double, std::allocator<double> >
Fliping value of field: _M_impl
Fliping value of field: _M_end_of_storage
Fliping a bit of the pointer
Memory content before bitflip:0x580x130x770x550x550x550x000x00
Fault Model: Random bit-flip
base address to flip value: 0x7fffffffd850
address max offset: 8
Memory content after  bitflip:0x1f0x6a0x460x620x600x5a0x6d0xe2
frame name: train
symbol name: prevT
symbol filename: lreg.cpp
symbol line: 114
value: std::vector of length 3, capacity -266380187957335332 = {1.7000213792338912, -0.019731277417042566, -2.9941316793819235}
value address: 0x7fffffffd840
Type: The type is a structure.
Type sizeof: 24
Field name: std::_Vector_base<double, std::allocator<double> >
Field Type: The type is a structure.
Field Type sizeof: 24

[INFO -- 2018-11-22 14:58:16]
Fault Injection Successful after 2.8242006301879883s
[INFO -- 2018-11-22 14:58:19]
event type: exit
[INFO -- 2018-11-22 14:58:19]
exit code: 0
