[INFO -- 2018-09-15 17:32:06]
Starting flip_value script
version: 1.1
[INFO -- 2018-09-15 17:32:06]
Initialization strings:
[INFO -- 2018-09-15 17:32:06]
(1) file /tmp/lreg/lreg
[INFO -- 2018-09-15 17:32:06]
(2) set args /tmp/lreg/randInput /tmp/lreg/output
[INFO -- 2018-09-15 17:32:06]
initSignal:0
[INFO -- 2018-09-15 17:32:06]
endSignal:2
[INFO -- 2018-09-15 17:32:06]
faultModel:2
[INFO -- 2018-09-15 17:32:08]
Backtrace BEGIN:
#0  log1 (error=<synthetic pointer>, delta=<synthetic pointer>, x=30) at ../sysdeps/ieee754/dbl-64/e_pow.c:338
#1  __ieee754_pow_sse2 (x=30, y=3) at ../sysdeps/ieee754/dbl-64/e_pow.c:103
#2  0x00007ffff76d66be in __ieee754_pow_sse2 (x=<optimized out>, y=<optimized out>) at ../sysdeps/ieee754/dbl-64/e_pow.c:184
#3  0x00007ffff76b7b14 in __pow (x=-30, y=3) at w_pow_compat.c:30
#4  0x0000555555555f39 in std::pow<double, int> (__x=-30, __y=3) at /usr/include/c++/7/cmath:418
#5  0x0000555555555237 in predict (v=-30) at lreg.cpp:50
#6  0x00005555555553fc in partialDerivate (pos=2) at lreg.cpp:74
#7  0x0000555555555503 in adjust (alpha=2.2222199999999999e-05) at lreg.cpp:87
#8  0x00005555555556ac in train (iterations=90000, alpha=2.2222199999999999e-05, N=4, stopsWhenStable=true) at lreg.cpp:120
#9  0x0000555555555c26 in main (argc=3, argv=0x7fffffffde68) at lreg.cpp:182

333	../sysdeps/ieee754/dbl-64/e_pow.c: No such file or directory.

Backtrace END
Fliping value of field name: x
Memory content before bitflip:0x6a0x010xf80xff0xff0xff0x070x42
Fault Model: Random bit-flip
base address to flip value: 0x7ffff779a5b0 
address max offset: 8
Memory content after  bitflip:0x230x5d0xe10x690x610x930x830x9d
frame name: __ieee754_pow_sse2
symbol name: bigv
symbol filename: ../sysdeps/ieee754/dbl-64/upow.h
symbol line: 53
value: {i = {1776377123, -1652321439}, x = -1.659853741817711e-166}
value address: 0x7ffff779a5b0 <bigv>
Type: The type is a union.
Type sizeof: 8
Field name: i
Field Type: The type is an array.
Field Type sizeof: 8
Field name: x
Field Type: A floating point type.
Field Type sizeof: 8

[INFO -- 2018-09-15 17:32:08]
Fault Injection Successful after 2.211756706237793s
[INFO -- 2018-09-15 17:32:14]
event type: exit
[INFO -- 2018-09-15 17:32:14]
exit code: 0
