[INFO -- 2018-11-27 19:54:20]
Starting flip_value script
version: 1.1
[INFO -- 2018-11-27 19:54:20]
Initialization strings:
[INFO -- 2018-11-27 19:54:20]
(1) file /tmp/lreg/lreg
[INFO -- 2018-11-27 19:54:20]
(2) set args /tmp/lreg/randInput /tmp/lreg/output
[INFO -- 2018-11-27 19:54:20]
initSignal:0
[INFO -- 2018-11-27 19:54:20]
endSignal:3
[INFO -- 2018-11-27 19:54:20]
faultModel:2
[INFO -- 2018-11-27 19:54:22]
Backtrace BEGIN:
#0  0x00005555555567c0 in std::vector<double, std::allocator<double> >::operator[] (this=0x0, __n=8589934594) at /usr/include/c++/7/bits/stl_vector.h:795
#1  0x00005555555557ab in predict (v=-3) at lreg.cpp:116
#2  0x0000555555555928 in meanSquaredError () at lreg.cpp:128
#3  0x0000555555555ee5 in train (iter1=20000, iter2=20000, N=3, alpha1=5.0000000000000002e-05, alpha2=5.0000000000000002e-05, stopsWhenStable=true) at lreg.cpp:194
#4  0x0000555555556467 in main (argc=3, argv=0x7fffffffde58) at lreg.cpp:253

790	       *  Note that data access with this operator is unchecked and
791	       *  out_of_range lookups are not defined. (For checked lookups
792	       *  see at().)
793	       */
794	      reference
795	      operator[](size_type __n) _GLIBCXX_NOEXCEPT
796	      {
797		__glibcxx_requires_subscript(__n);
798		return *(this->_M_impl._M_start + __n);
799	      }

Backtrace END
Memory content before bitflip:0x000x000x000x00
Fault Model: Random bit-flip
base address to flip value: 0x55555575b1b8 
address max offset: 4
Memory content after  bitflip:0xab0xc80xa60xc3
frame name: predict
symbol name: detected
symbol filename: lreg.cpp
symbol line: 58
value: -1012479829
value address: 0x55555575b1b8 <detected>
Type: The type is an integer type.
Type sizeof: 4

[INFO -- 2018-11-27 19:54:22]
Fault Injection Successful after 2.0334770679473877s
[INFO -- 2018-11-27 19:54:24]
event type: exit
[INFO -- 2018-11-27 19:54:24]
exit code: 0
