[INFO -- 2018-10-01 16:03:35]
Starting flip_value script
version: 1.1
[INFO -- 2018-10-01 16:03:35]
Initialization strings:
[INFO -- 2018-10-01 16:03:35]
(1) file /tmp/lreg/lreg
[INFO -- 2018-10-01 16:03:35]
(2) set args /tmp/lreg/randInput /tmp/lreg/output
[INFO -- 2018-10-01 16:03:35]
initSignal:0
[INFO -- 2018-10-01 16:03:35]
endSignal:10
[INFO -- 2018-10-01 16:03:35]
faultModel:2
[INFO -- 2018-10-01 16:03:38]
Backtrace BEGIN:
#0  log1 (error=<synthetic pointer>, delta=<synthetic pointer>, x=22) at ../sysdeps/ieee754/dbl-64/e_pow.c:335
#1  __ieee754_pow_sse2 (x=22, y=3) at ../sysdeps/ieee754/dbl-64/e_pow.c:103
#2  0x00007ffff76d66be in __ieee754_pow_sse2 (x=<optimized out>, y=<optimized out>) at ../sysdeps/ieee754/dbl-64/e_pow.c:184
#3  0x00007ffff76b7b14 in __pow (x=-22, y=3) at w_pow_compat.c:30
#4  0x0000555555555d47 in std::pow<double, int> (__x=-22, __y=3) at /usr/include/c++/7/cmath:418
#5  0x00005555555551e7 in predict (v=-22) at lreg.cpp:50
#6  0x00005555555553ac in partialDerivate (pos=3) at lreg.cpp:74
#7  0x00005555555554b3 in adjust (alpha=2.2222199999999999e-05) at lreg.cpp:87
#8  0x000055555555565c in train (iterations=90000, alpha=2.2222199999999999e-05, N=4, stopsWhenStable=true) at lreg.cpp:120
#9  0x0000555555555ab7 in main (argc=3, argv=0x7fffffffde58) at lreg.cpp:174

330	../sysdeps/ieee754/dbl-64/e_pow.c: No such file or directory.

Backtrace END
Memory content before bitflip:0xd90xbd0x950xfd0x190x870xce0x41
Fault Model: Random bit-flip
base address to flip value: 0x7fffffffd788
address max offset: 8
Memory content after  bitflip:0x200xaf0x420xfd0x9c0xf60x390xbf
frame name: partialDerivate
symbol name: pD
symbol filename: lreg.cpp
symbol line: 72
value: -0.0003961690210967251
value address: 0x7fffffffd788
Type: A floating point type.
Type sizeof: 8

[INFO -- 2018-10-01 16:03:38]
Fault Injection Successful after 3.34521746635437s
[INFO -- 2018-10-01 16:03:42]
event type: exit
[INFO -- 2018-10-01 16:03:42]
exit code: 0
