[INFO -- 2018-11-22 18:54:19]
Starting flip_value script
version: 1.1
[INFO -- 2018-11-22 18:54:19]
Initialization strings:
[INFO -- 2018-11-22 18:54:19]
(1) file /tmp/lreg/lreg
[INFO -- 2018-11-22 18:54:19]
(2) set args /tmp/lreg/randInput /tmp/lreg/output
[INFO -- 2018-11-22 18:54:19]
initSignal:0
[INFO -- 2018-11-22 18:54:19]
endSignal:3
[INFO -- 2018-11-22 18:54:19]
faultModel:0
[INFO -- 2018-11-22 18:54:21]
Backtrace BEGIN:
#0  0x00007ffff76bcb47 in __pow (x=-1, y=2) at w_pow_compat.c:55
#1  0x0000555555555d5f in std::pow<double, int> (__x=-1, __y=2) at /usr/include/c++/7/cmath:418
#2  0x00005555555551e7 in predict (v=-1) at lreg.cpp:50
#3  0x00005555555552ba in meanSquaredError () at lreg.cpp:61
#4  0x0000555555555661 in train (iterations=30000, alpha=2.2222199999999999e-05, N=4, stopsWhenStable=true) at lreg.cpp:121
#5  0x0000555555555ab7 in main (argc=3, argv=0x7fffffffde58) at lreg.cpp:174

50	w_pow_compat.c: No such file or directory.

Backtrace END
Memory content before bitflip:0x460x5a0xb70xf40x390x4d0xf70x3e
Fault Model: Single bit-flip
base address to flip value: 0x7fffffffd940
address max offset: 8
Memory content after  bitflip:0x460x5a0xb70xf40x390x490xf70x3e
frame name: main
symbol name: alpha
symbol filename: lreg.cpp
symbol line: 160
value: 2.2207298838806151e-05
value address: 0x7fffffffd940
Type: A floating point type.
Type sizeof: 8

[INFO -- 2018-11-22 18:54:21]
Fault Injection Successful after 2.2038025856018066s
[INFO -- 2018-11-22 18:54:23]
event type: exit
[INFO -- 2018-11-22 18:54:23]
exit code: 0
