[INFO -- 2018-11-15 13:13:36]
Starting flip_value script
version: 1.1
[INFO -- 2018-11-15 13:13:36]
Initialization strings:
[INFO -- 2018-11-15 13:13:36]
(1) file /tmp/lreg/lreg
[INFO -- 2018-11-15 13:13:36]
(2) set args /tmp/lreg/randInput /tmp/lreg/output
[INFO -- 2018-11-15 13:13:36]
initSignal:0
[INFO -- 2018-11-15 13:13:36]
endSignal:5
[INFO -- 2018-11-15 13:13:36]
faultModel:2
[INFO -- 2018-11-15 13:13:39]
Backtrace BEGIN:
#0  log1 (error=<synthetic pointer>, delta=<synthetic pointer>, x=8) at ../sysdeps/ieee754/dbl-64/e_pow.c:287
#1  __ieee754_pow_sse2 (x=8, y=3) at ../sysdeps/ieee754/dbl-64/e_pow.c:103
#2  0x00007ffff76db6be in __ieee754_pow_sse2 (x=<optimized out>, y=<optimized out>) at ../sysdeps/ieee754/dbl-64/e_pow.c:184
#3  0x00007ffff76bcb14 in __pow (x=-8, y=3) at w_pow_compat.c:30
#4  0x0000555555556826 in std::pow<double, unsigned int> (__x=-8, __y=3) at /usr/include/c++/7/cmath:418
#5  0x0000555555555814 in predict (v=-8) at lreg.cpp:116
#6  0x0000555555555a53 in partialDerivate (pos1=1, pos2=1) at lreg.cpp:142
#7  0x0000555555555bbe in adjust (alpha1=2.2222199999999999e-05, alpha2=2.2222199999999999e-05) at lreg.cpp:156
#8  0x0000555555555ee0 in train (iter1=45000, iter2=45000, N=4, alpha1=2.2222199999999999e-05, alpha2=2.2222199999999999e-05, stopsWhenStable=true) at lreg.cpp:193
#9  0x0000555555556467 in main (argc=3, argv=0x7fffffffde58) at lreg.cpp:253

282	../sysdeps/ieee754/dbl-64/e_pow.c: No such file or directory.

Backtrace END
Memory content before bitflip:0x01
Fault Model: Random bit-flip
base address to flip value: 0x7fffffffd7d0
address max offset: 1
Memory content after  bitflip:0xf7
frame name: train
symbol name: stopsWhenStable
symbol filename: lreg.cpp
symbol line: 177
value: 247
value address: 0x7fffffffd7d0
Type: A boolean type.
Type sizeof: 1

[INFO -- 2018-11-15 13:13:39]
Fault Injection Successful after 3.319251537322998s
[INFO -- 2018-11-15 13:13:40]
event type: exit
[INFO -- 2018-11-15 13:13:40]
exit code: 0
