[INFO -- 2018-10-12 18:33:22]
Starting flip_value script
version: 1.1
[INFO -- 2018-10-12 18:33:22]
Initialization strings:
[INFO -- 2018-10-12 18:33:22]
(1) file /tmp/lreg/lreg
[INFO -- 2018-10-12 18:33:22]
(2) set args /tmp/lreg/randInput /tmp/lreg/output
[INFO -- 2018-10-12 18:33:22]
initSignal:0
[INFO -- 2018-10-12 18:33:22]
endSignal:10
[INFO -- 2018-10-12 18:33:22]
faultModel:0
[INFO -- 2018-10-12 18:33:24]
Backtrace BEGIN:
#0  0x00007ffff76d5a1e in __ieee754_pow_sse2 (x=<optimized out>, y=<optimized out>) at ../sysdeps/ieee754/dbl-64/e_pow.c:215
#1  0x00007ffff76b7b14 in __pow (x=16, y=0) at w_pow_compat.c:30
#2  0x00005555555560ba in std::pow<double, unsigned int> (__x=16, __y=0) at /usr/include/c++/7/cmath:418
#3  0x0000555555555590 in partialDerivate (pos=0) at lreg.cpp:107
#4  0x0000555555555670 in adjust () at lreg.cpp:123
#5  0x0000555555555881 in train (iterations=60000, N=3, stopsWhenStable=true) at lreg.cpp:159
#6  0x0000555555555dba in main (argc=3, argv=0x7fffffffde68) at lreg.cpp:225

210	../sysdeps/ieee754/dbl-64/e_pow.c: No such file or directory.

Backtrace END
Memory content before bitflip:0x2d0x430x1c0xeb0xe20x360x0a0x3f
Fault Model: Single bit-flip
base address to flip value: 0x55555575a1a8 
address max offset: 8
Memory content after  bitflip:0x2d0x430x140xeb0xe20x360x0a0x3f
frame name: adjust
symbol name: a3
symbol filename: lreg.cpp
symbol line: 45
value: 4.9999999996447289e-05
value address: 0x55555575a1a8 <a3>
Type: A floating point type.
Type sizeof: 8

[INFO -- 2018-10-12 18:33:24]
Fault Injection Successful after 2.611783027648926s
[INFO -- 2018-10-12 18:33:35]
event type: exit
[INFO -- 2018-10-12 18:33:35]
exit code: 0
