[INFO -- 2018-11-07 17:17:42]
Starting flip_value script
version: 1.1
[INFO -- 2018-11-07 17:17:42]
Initialization strings:
[INFO -- 2018-11-07 17:17:42]
(1) file /tmp/lreg/lreg
[INFO -- 2018-11-07 17:17:42]
(2) set args /tmp/lreg/randInput /tmp/lreg/output /tmp/lreg/detected.log
[INFO -- 2018-11-07 17:17:42]
initSignal:0
[INFO -- 2018-11-07 17:17:42]
endSignal:10
[INFO -- 2018-11-07 17:17:42]
faultModel:1
[INFO -- 2018-11-07 17:17:45]
Backtrace BEGIN:
#0  libc_feholdsetround_sse_ctx (r=0, ctx=<synthetic pointer>) at ../sysdeps/i386/fpu/fenv_private.h:447
#1  __ieee754_pow_sse2 (x=15, y=3) at ../sysdeps/ieee754/dbl-64/e_pow.c:97
#2  0x00007ffff76db6be in __ieee754_pow_sse2 (x=<optimized out>, y=<optimized out>) at ../sysdeps/ieee754/dbl-64/e_pow.c:184
#3  0x00007ffff76bcb14 in __pow (x=-15, y=3) at w_pow_compat.c:30
#4  0x0000555555556131 in std::pow<double, int> (__x=-15, __y=3) at /usr/include/c++/7/cmath:418
#5  0x0000555555555237 in predict (v=-15) at lreg.cpp:50
#6  0x000055555555530a in meanSquaredError () at lreg.cpp:61
#7  0x00005555555556b1 in train (iterations=45000, alpha=2.2222199999999999e-05, N=4, stopsWhenStable=true) at lreg.cpp:121
#8  0x0000555555555a1c in execute (input=0x7fffffffe1f2 "/tmp/lreg/randInput") at lreg.cpp:157
#9  0x0000555555555c60 in main (argc=4, argv=0x7fffffffde48) at lreg.cpp:191

442	../sysdeps/i386/fpu/fenv_private.h: No such file or directory.

Backtrace END
Fliping value of field: std::_Vector_base<double, std::allocator<double> >
Fliping value of field: _M_impl
Fliping value of field: _M_finish
Fliping a bit of the value pointed by a pointer
Memory content before bitflip:0x000x000x000x000x000x000x000x00
Fault Model: Double bit-flip
base address to flip value: 0x555555772880
address max offset: 8
Memory content after  bitflip:0x000x000x180x000x000x000x000x00
frame name: meanSquaredError
symbol name: x
symbol filename: lreg.cpp
symbol line: 32
value: std::vector of length 36, capacity 64 = {-14, 13, 7, 4, -1, -14, 4, -1, -5, 15, 21, -15, -6, -2, 13, 0, -3, 24, 16, 17, 12, 25, -27, 28, -9, 6, -22, -3, 1, 3, 7, 20, -10, 21, -15, 24}
value address: 0x55555575b140 <x>
Type: The type is a structure.
Type sizeof: 24
Field name: std::_Vector_base<double, std::allocator<double> >
Field Type: The type is a structure.
Field Type sizeof: 24

[INFO -- 2018-11-07 17:17:45]
Fault Injection Successful after 3.308009624481201s
[INFO -- 2018-11-07 17:17:51]
event type: exit
[INFO -- 2018-11-07 17:17:51]
exit code: 0
