[INFO -- 2018-11-26 19:36:18]
Starting flip_value script
version: 1.1
[INFO -- 2018-11-26 19:36:18]
Initialization strings:
[INFO -- 2018-11-26 19:36:18]
(1) file /tmp/lreg/lreg
[INFO -- 2018-11-26 19:36:18]
(2) set args /tmp/lreg/randInput /tmp/lreg/output
[INFO -- 2018-11-26 19:36:18]
initSignal:0
[INFO -- 2018-11-26 19:36:18]
endSignal:3
[INFO -- 2018-11-26 19:36:18]
faultModel:2
[INFO -- 2018-11-26 19:36:20]
Backtrace BEGIN:
#0  log1 (error=<synthetic pointer>, delta=<synthetic pointer>, x=2) at ../sysdeps/ieee754/dbl-64/e_pow.c:329
#1  __ieee754_pow_sse2 (x=2, y=3) at ../sysdeps/ieee754/dbl-64/e_pow.c:103
#2  0x00007ffff76db6be in __ieee754_pow_sse2 (x=<optimized out>, y=<optimized out>) at ../sysdeps/ieee754/dbl-64/e_pow.c:184
#3  0x00007ffff76bcb14 in __pow (x=-2, y=3) at w_pow_compat.c:30
#4  0x0000555555556826 in std::pow<double, unsigned int> (__x=-2, __y=3) at /usr/include/c++/7/cmath:418
#5  0x0000555555555814 in predict (v=-2) at lreg.cpp:116
#6  0x00005555555558c0 in meanSquaredError () at lreg.cpp:128
#7  0x0000555555555ee5 in train (iter1=30000, iter2=30000, N=4, alpha1=2.2222199999999999e-05, alpha2=2.2222199999999999e-05, stopsWhenStable=true) at lreg.cpp:194
#8  0x0000555555556467 in main (argc=3, argv=0x7fffffffde58) at lreg.cpp:253

324	../sysdeps/ieee754/dbl-64/e_pow.c: No such file or directory.

Backtrace END
Memory content before bitflip:0x000x000x000x000xc00xf20xff0xc0
Fault Model: Random bit-flip
base address to flip value: 0x7fffffffd928
address max offset: 8
Memory content after  bitflip:0xeb0x920xf00x100xa30x7e0x330x51
frame name: main
symbol name: yChecksum
symbol filename: lreg.cpp
symbol line: 233
value: 1.4793632824792575e+83
value address: 0x7fffffffd928
Type: A floating point type.
Type sizeof: 8

[INFO -- 2018-11-26 19:36:20]
Fault Injection Successful after 2.238424301147461s
[INFO -- 2018-11-26 19:36:20]
event type: exit
[INFO -- 2018-11-26 19:36:20]
exit code: 0
