[INFO -- 2018-09-16 00:50:16]
Starting flip_value script
version: 1.1
[INFO -- 2018-09-16 00:50:16]
Initialization strings:
[INFO -- 2018-09-16 00:50:16]
(1) file /tmp/lreg/lreg
[INFO -- 2018-09-16 00:50:16]
(2) set args /tmp/lreg/randInput /tmp/lreg/output
[INFO -- 2018-09-16 00:50:16]
initSignal:0
[INFO -- 2018-09-16 00:50:16]
endSignal:2
[INFO -- 2018-09-16 00:50:16]
faultModel:2
[EXCEPTION -- 2018-09-16 00:50:17]
pythonException: empty range for randrange() (0,0, 0)
[INFO -- 2018-09-16 00:50:18]
Backtrace BEGIN:
#0  __ieee754_pow_sse2 (x=1, y=3) at ../sysdeps/ieee754/dbl-64/e_pow.c:111
#1  0x00007ffff76b7b14 in __pow (x=1, y=3) at w_pow_compat.c:30
#2  0x0000555555555f39 in std::pow<double, int> (__x=1, __y=3) at /usr/include/c++/7/cmath:418
#3  0x0000555555555237 in predict (v=1) at lreg.cpp:50
#4  0x00005555555553fc in partialDerivate (pos=3) at lreg.cpp:74
#5  0x0000555555555503 in adjust (alpha=2.2222199999999999e-05) at lreg.cpp:87
#6  0x00005555555556ac in train (iterations=90000, alpha=2.2222199999999999e-05, N=4, stopsWhenStable=true) at lreg.cpp:120
#7  0x0000555555555c26 in main (argc=3, argv=0x7fffffffde68) at lreg.cpp:182

106	in ../sysdeps/ieee754/dbl-64/e_pow.c

Backtrace END
Memory content before bitflip:0x000x000x000x000x000x000xf00x3f
Fault Model: Random bit-flip
base address to flip value: 0x7fffffffd6d0
address max offset: 8
Memory content after  bitflip:0x870xa10xa40x010x240x770x6d0x0b
frame name: __pow
symbol name: x
symbol filename: w_pow_compat.c
symbol line: 28
value: 1.2559313588765759e-253
value address: 0x7fffffffd6d0
Type: A floating point type.
Type sizeof: 8

[INFO -- 2018-09-16 00:50:18]
Fault Injection Successful after 2.0944929122924805s
[INFO -- 2018-09-16 00:50:24]
event type: exit
[INFO -- 2018-09-16 00:50:24]
exit code: 0
