[INFO -- 2018-11-02 00:04:56]
Starting flip_value script
version: 1.1
[INFO -- 2018-11-02 00:04:56]
Initialization strings:
[INFO -- 2018-11-02 00:04:56]
(1) file /tmp/lreg/lreg
[INFO -- 2018-11-02 00:04:56]
(2) set args /tmp/lreg/randInput /tmp/lreg/output /tmp/lreg/detected.log
[INFO -- 2018-11-02 00:04:56]
initSignal:0
[INFO -- 2018-11-02 00:04:56]
endSignal:10
[INFO -- 2018-11-02 00:04:56]
faultModel:0
[INFO -- 2018-11-02 00:04:58]
Backtrace BEGIN:
#0  libc_feholdsetround_sse_ctx (r=0, ctx=<synthetic pointer>) at ../sysdeps/i386/fpu/fenv_private.h:447
#1  __ieee754_pow_sse2 (x=-7, y=3) at ../sysdeps/ieee754/dbl-64/e_pow.c:183
#2  0x00007ffff76bcb14 in __pow (x=-7, y=3) at w_pow_compat.c:30
#3  0x0000555555556131 in std::pow<double, int> (__x=-7, __y=3) at /usr/include/c++/7/cmath:418
#4  0x0000555555555237 in predict (v=-7) at lreg.cpp:50
#5  0x00005555555553fc in partialDerivate (pos=1) at lreg.cpp:74
#6  0x0000555555555503 in adjust (alpha=2.2222199999999999e-05) at lreg.cpp:87
#7  0x00005555555556ac in train (iterations=45000, alpha=2.2222199999999999e-05, N=4, stopsWhenStable=true) at lreg.cpp:120
#8  0x0000555555555a1c in execute (input=0x7fffffffe1f3 "/tmp/lreg/randInput") at lreg.cpp:157
#9  0x0000555555555c60 in main (argc=4, argv=0x7fffffffde48) at lreg.cpp:191

442	../sysdeps/i386/fpu/fenv_private.h: No such file or directory.

Backtrace END
Memory content before bitflip:0xdb0x4e0xbc0x3a0xf80xdb0xee0xc0
Fault Model: Single bit-flip
base address to flip value: 0x7fffffffd4d8
address max offset: 8
Memory content after  bitflip:0xdb0x4e0xbc0x3a0xf80xfb0xee0xc0
frame name: partialDerivate
symbol name: pD
symbol filename: lreg.cpp
symbol line: 72
value: -63455.75716987039
value address: 0x7fffffffd4d8
Type: A floating point type.
Type sizeof: 8

[INFO -- 2018-11-02 00:04:58]
Fault Injection Successful after 2.55340313911438s
[INFO -- 2018-11-02 00:05:05]
event type: exit
[INFO -- 2018-11-02 00:05:05]
exit code: 0
