[INFO -- 2018-10-03 19:16:39]
Starting flip_value script
version: 1.1
[INFO -- 2018-10-03 19:16:39]
Initialization strings:
[INFO -- 2018-10-03 19:16:39]
(1) file /tmp/lreg/lreg
[INFO -- 2018-10-03 19:16:39]
(2) set args /tmp/lreg/randInput /tmp/lreg/output
[INFO -- 2018-10-03 19:16:39]
initSignal:0
[INFO -- 2018-10-03 19:16:39]
endSignal:10
[INFO -- 2018-10-03 19:16:39]
faultModel:2
[INFO -- 2018-10-03 19:16:44]
Backtrace BEGIN:
#0  0x000055555555540b in partialDerivate (pos=1) at lreg.cpp:74
#1  0x00005555555554b3 in adjust (alpha=2.2222199999999999e-05) at lreg.cpp:87
#2  0x000055555555565c in train (iterations=90000, alpha=2.2222199999999999e-05, N=4, stopsWhenStable=true) at lreg.cpp:120
#3  0x0000555555555ab7 in main (argc=3, argv=0x7fffffffde58) at lreg.cpp:174

69		to the adjustment variable whose position in T is passed in pos
70	*/
71	double partialDerivate(int pos){
72		double pD = 0;
73		for(int i = 0; i<x.size(); i++){
74			pD += ((predict(x[i]) - y[i])*pow(x[i], pos));	
75		}
76		pD *= (2.0/x.size());
77		return pD;
78	}

Backtrace END
Memory content before bitflip:0x030x000x000x00
Fault Model: Random bit-flip
base address to flip value: 0x7fffffffd91c
address max offset: 4
Memory content after  bitflip:0x510x0b0xb10xe1
frame name: main
symbol name: testCases
symbol filename: lreg.cpp
symbol line: 156
value: -508490927
value address: 0x7fffffffd91c
Type: The type is an integer type.
Type sizeof: 4

[INFO -- 2018-10-03 19:16:44]
Fault Injection Successful after 5.233277797698975s
[INFO -- 2018-10-03 19:16:47]
event type: exit
[INFO -- 2018-10-03 19:16:47]
exit code: 0
