[INFO -- 2018-09-05 19:43:42]
Starting flip_value script
version: 1.1
[INFO -- 2018-09-05 19:43:42]
Initialization strings:
[INFO -- 2018-09-05 19:43:43]
(1) file /tmp/lreg/lreg
[INFO -- 2018-09-05 19:43:43]
(2) set args /tmp/lreg/randInput /tmp/lreg/output
[INFO -- 2018-09-05 19:43:43]
initSignal:0
[INFO -- 2018-09-05 19:43:43]
endSignal:2
[INFO -- 2018-09-05 19:43:43]
faultModel:2
[INFO -- 2018-09-05 19:43:43]
Backtrace BEGIN:
#0  0x00007ffff76b7b4d in __pow (x=6, y=2) at w_pow_compat.c:62
#1  0x0000555555555f39 in std::pow<double, int> (__x=6, __y=2) at /usr/include/c++/7/cmath:418
#2  0x0000555555555237 in predict (v=6) at lreg.cpp:50
#3  0x000055555555530a in meanSquaredError () at lreg.cpp:61
#4  0x00005555555556b1 in train (iterations=60000, alpha=5.0000000000000002e-05, N=3, stopsWhenStable=true) at lreg.cpp:121
#5  0x0000555555555c26 in main (argc=3, argv=0x7fffffffde78) at lreg.cpp:182

57	w_pow_compat.c: No such file or directory.

Backtrace END
Memory content before bitflip:0x000x000x000x000x000x000x180x40
Fault Model: Random bit-flip
base address to flip value: 0x7fffffffd740
address max offset: 8
Memory content after  bitflip:0x880x000x5b0x1e0xd80x8c0xf50xa9
frame name: __pow
symbol name: x
symbol filename: w_pow_compat.c
symbol line: 28
value: -1.4681563189584434e-106
value address: 0x7fffffffd740
Type: A floating point type.
Type sizeof: 8

[INFO -- 2018-09-05 19:43:43]
Fault Injection Successful after 0.7804012298583984s
[INFO -- 2018-09-05 19:43:50]
event type: exit
[INFO -- 2018-09-05 19:43:50]
exit code: 0
