[INFO -- 2018-11-29 14:15:28]
Starting flip_value script
version: 1.1
[INFO -- 2018-11-29 14:15:28]
Initialization strings:
[INFO -- 2018-11-29 14:15:28]
(1) file /tmp/lreg/lreg
[INFO -- 2018-11-29 14:15:28]
(2) set args /tmp/lreg/randInput /tmp/lreg/output /tmp/lreg/detected.log
[INFO -- 2018-11-29 14:15:28]
initSignal:0
[INFO -- 2018-11-29 14:15:28]
endSignal:6
[INFO -- 2018-11-29 14:15:28]
faultModel:2
[INFO -- 2018-11-29 14:15:29]
Backtrace BEGIN:
#0  malloc (n=10) at dl-minimal.c:50
#1  <function called from gdb>
#2  malloc (n=10) at dl-minimal.c:50
#3  <function called from gdb>
#4  0x00007ffff6f1d9cd in _int_free (have_lock=0, p=0x555555772460, av=0x7ffff7271c40 <main_arena>) at malloc.c:4155
#5  __GI___libc_free (mem=0x555555772470) at malloc.c:3124
#6  0x0000555555557dac in __gnu_cxx::new_allocator<double>::deallocate (this=0x7fffffffd5f0, __p=0x555555772470) at /usr/include/c++/7/ext/new_allocator.h:125
#7  0x00005555555575bb in std::allocator_traits<std::allocator<double> >::deallocate (__a=..., __p=0x555555772470, __n=3) at /usr/include/c++/7/bits/alloc_traits.h:462
#8  0x0000555555556c66 in std::_Vector_base<double, std::allocator<double> >::_M_deallocate (this=0x7fffffffd5f0, __p=0x555555772470, __n=3) at /usr/include/c++/7/bits/stl_vector.h:180
#9  0x0000555555556923 in std::_Vector_base<double, std::allocator<double> >::~_Vector_base (this=0x7fffffffd5f0, __in_chrg=<optimized out>) at /usr/include/c++/7/bits/stl_vector.h:162
#10 0x000055555555630f in std::vector<double, std::allocator<double> >::~vector (this=0x7fffffffd5f0, __in_chrg=<optimized out>) at /usr/include/c++/7/bits/stl_vector.h:435
#11 0x0000555555555780 in train (iterations=20000, alpha=5.0000000000000002e-05, N=3, stopsWhenStable=true) at lreg.cpp:126
#12 0x0000555555555a1c in execute (input=0x7fffffffe1f1 "/tmp/lreg/randInput") at lreg.cpp:157
#13 0x0000555555555c78 in main (argc=4, argv=0x7fffffffde48) at lreg.cpp:193

45	in dl-minimal.c

Backtrace END
Fliping a bit of the pointer
Memory content before bitflip:0x900x110xf20xf60xff0x7f0x000x00
Fault Model: Random bit-flip
base address to flip value: 0x7ffff72724d8 
address max offset: 8
Memory content after  bitflip:0xca0x5e0xd80x930x4f0x940x380x92
frame name: _int_free
symbol name: __morecore
symbol filename: malloc.c
symbol line: 363
value: 0x7ffff6f21190 <__GI___default_morecore>
value address: 0x7ffff72724d8 <__morecore>
Type: The type is a pointer.
Type sizeof: 8

[INFO -- 2018-11-29 14:15:29]
Fault Injection Successful after 1.0856707096099854s
[INFO -- 2018-11-29 14:15:32]
event type: exit
[INFO -- 2018-11-29 14:15:32]
exit code: 0
