[INFO -- 2018-11-22 17:53:53]
Starting flip_value script
version: 1.1
[INFO -- 2018-11-22 17:53:53]
Initialization strings:
[INFO -- 2018-11-22 17:53:53]
(1) file /tmp/lreg/lreg
[INFO -- 2018-11-22 17:53:53]
(2) set args /tmp/lreg/randInput /tmp/lreg/output
[INFO -- 2018-11-22 17:53:53]
initSignal:0
[INFO -- 2018-11-22 17:53:53]
endSignal:3
[INFO -- 2018-11-22 17:53:53]
faultModel:2
[EXCEPTION -- 2018-11-22 17:53:54]
gdbException: Attempt to dereference a generic pointer.
[INFO -- 2018-11-22 17:53:55]
Backtrace BEGIN:
#0  0x00007ffff76da5b0 in __ieee754_pow_sse2 (x=-2, y=0) at ../sysdeps/ieee754/dbl-64/e_pow.c:79
#1  0x00007ffff76bcb14 in __pow (x=-2, y=0) at w_pow_compat.c:30
#2  0x0000555555555d5f in std::pow<double, int> (__x=-2, __y=0) at /usr/include/c++/7/cmath:418
#3  0x00005555555551e7 in predict (v=-2) at lreg.cpp:50
#4  0x00005555555553ac in partialDerivate (pos=2) at lreg.cpp:74
#5  0x00005555555554b3 in adjust (alpha=5.0000000000000002e-05) at lreg.cpp:87
#6  0x000055555555565c in train (iterations=20000, alpha=5.0000000000000002e-05, N=3, stopsWhenStable=true) at lreg.cpp:120
#7  0x0000555555555ab7 in main (argc=3, argv=0x7fffffffde58) at lreg.cpp:174

74	../sysdeps/ieee754/dbl-64/e_pow.c: No such file or directory.

Backtrace END
Memory content before bitflip:0x000x000x000x000x000x000x000xc0
Fault Model: Random bit-flip
base address to flip value: 0x7fffffffd6f8
address max offset: 8
Memory content after  bitflip:0x630x860x9d0xb80x8c0x5c0xef0x0e
frame name: std::pow<double, int>
symbol name: __x
symbol filename: /usr/include/c++/7/cmath
symbol line: 415
value: 9.6323123146438051e-237
value address: 0x7fffffffd6f8
Type: A floating point type.
Type sizeof: 8

[INFO -- 2018-11-22 17:53:55]
Fault Injection Successful after 2.4595632553100586s
[INFO -- 2018-11-22 17:53:57]
event type: exit
[INFO -- 2018-11-22 17:53:57]
exit code: 0
