[INFO -- 2018-11-15 13:11:22]
Starting flip_value script
version: 1.1
[INFO -- 2018-11-15 13:11:22]
Initialization strings:
[INFO -- 2018-11-15 13:11:22]
(1) file /tmp/lreg/lreg
[INFO -- 2018-11-15 13:11:22]
(2) set args /tmp/lreg/randInput /tmp/lreg/output
[INFO -- 2018-11-15 13:11:22]
initSignal:0
[INFO -- 2018-11-15 13:11:22]
endSignal:5
[INFO -- 2018-11-15 13:11:22]
faultModel:1
[INFO -- 2018-11-15 13:11:23]
Backtrace BEGIN:
#0  0x00007ffff76daa35 in __ieee754_pow_sse2 (x=<optimized out>, y=<optimized out>) at ../sysdeps/ieee754/dbl-64/e_pow.c:215
#1  0x00007ffff76bcb14 in __pow (x=17, y=1) at w_pow_compat.c:30
#2  0x0000555555556826 in std::pow<double, unsigned int> (__x=17, __y=1) at /usr/include/c++/7/cmath:418
#3  0x0000555555555814 in predict (v=17) at lreg.cpp:116
#4  0x0000555555555928 in meanSquaredError () at lreg.cpp:128
#5  0x0000555555555ee5 in train (iter1=30000, iter2=30000, N=3, alpha1=5.0000000000000002e-05, alpha2=5.0000000000000002e-05, stopsWhenStable=true) at lreg.cpp:194
#6  0x0000555555556467 in main (argc=3, argv=0x7fffffffde58) at lreg.cpp:253

210	../sysdeps/ieee754/dbl-64/e_pow.c: No such file or directory.

Backtrace END
Fliping value of field name: i
Fliping array at pos: 1
Memory content before bitflip:0x570xf30x2e0x3d
Fault Model: Double bit-flip
base address to flip value: 0x7ffff779f5c4 
address max offset: 4
Memory content after  bitflip:0x570xf30x2e0x34
frame name: __ieee754_pow_sse2
symbol name: ln2b
symbol filename: ../sysdeps/ieee754/dbl-64/upow.h
symbol line: 51
value: {i = {-1815648464, 875492183}, x = 2.465353946589473e-57}
value address: 0x7ffff779f5c0 <ln2b>
Type: The type is a union.
Type sizeof: 8
Field name: i
Field Type: The type is an array.
Field Type sizeof: 8
Field name: x
Field Type: A floating point type.
Field Type sizeof: 8

[INFO -- 2018-11-15 13:11:23]
Fault Injection Successful after 1.3417904376983643s
[INFO -- 2018-11-15 13:11:26]
event type: exit
[INFO -- 2018-11-15 13:11:26]
exit code: 0
