[INFO -- 2018-11-27 17:44:15]
Starting flip_value script
version: 1.1
[INFO -- 2018-11-27 17:44:15]
Initialization strings:
[INFO -- 2018-11-27 17:44:15]
(1) file /tmp/lreg/lreg
[INFO -- 2018-11-27 17:44:15]
(2) set args /tmp/lreg/randInput /tmp/lreg/output
[INFO -- 2018-11-27 17:44:15]
initSignal:0
[INFO -- 2018-11-27 17:44:15]
endSignal:3
[INFO -- 2018-11-27 17:44:15]
faultModel:1
[INFO -- 2018-11-27 17:44:15]
Backtrace BEGIN:
#0  0x00005555555567c0 in std::vector<double, std::allocator<double> >::operator[] (this=0x5, __n=4294967300) at /usr/include/c++/7/bits/stl_vector.h:795
#1  0x0000555555555a42 in partialDerivate (pos1=1, pos2=1) at lreg.cpp:142
#2  0x0000555555555bbe in adjust (alpha1=0.00020000000000000001, alpha2=0.00020000000000000001) at lreg.cpp:156
#3  0x0000555555555ee0 in train (iter1=10000, iter2=10000, N=2, alpha1=0.00020000000000000001, alpha2=0.00020000000000000001, stopsWhenStable=true) at lreg.cpp:193
#4  0x0000555555556467 in main (argc=3, argv=0x7fffffffde58) at lreg.cpp:253

790	       *  Note that data access with this operator is unchecked and
791	       *  out_of_range lookups are not defined. (For checked lookups
792	       *  see at().)
793	       */
794	      reference
795	      operator[](size_type __n) _GLIBCXX_NOEXCEPT
796	      {
797		__glibcxx_requires_subscript(__n);
798		return *(this->_M_impl._M_start + __n);
799	      }

Backtrace END
Memory content before bitflip:0xd50x1b0x000x00
Fault Model: Double bit-flip
base address to flip value: 0x7fffffffd7ec
address max offset: 4
Memory content after  bitflip:0xd50x390x000x00
frame name: train
symbol name: i2
symbol filename: lreg.cpp
symbol line: 191
value: 14805
value address: 0x7fffffffd7ec
Type: The type is an integer type.
Type sizeof: 4

[INFO -- 2018-11-27 17:44:15]
Fault Injection Successful after 0.913405179977417s
[INFO -- 2018-11-27 17:44:17]
event type: exit
[INFO -- 2018-11-27 17:44:17]
exit code: 0
