[INFO -- 2018-11-16 13:50:21]
Starting flip_value script
version: 1.1
[INFO -- 2018-11-16 13:50:21]
Initialization strings:
[INFO -- 2018-11-16 13:50:21]
(1) file /tmp/lreg/lreg
[INFO -- 2018-11-16 13:50:21]
(2) set args /tmp/lreg/randInput /tmp/lreg/output
[INFO -- 2018-11-16 13:50:21]
initSignal:0
[INFO -- 2018-11-16 13:50:21]
endSignal:5
[INFO -- 2018-11-16 13:50:21]
faultModel:2
[EXCEPTION -- 2018-11-16 13:50:23]
pythonException: Unable to exit loop in struct fields; Exiting wihtout making a bit flip
[INFO -- 2018-11-16 13:50:23]
Backtrace BEGIN:
#0  0x000055555555522d in verifyDoubleDup (a=1.9943269256019824, b=-0.31363397530269815) at lreg.cpp:70
#1  0x00005555555557ea in predict (v=13) at lreg.cpp:116
#2  0x0000555555555a53 in partialDerivate (pos1=0, pos2=0) at lreg.cpp:142
#3  0x0000555555555bbe in adjust (alpha1=5.0000000000000002e-05, alpha2=5.0000000000000002e-05) at lreg.cpp:156
#4  0x0000555555555ee0 in train (iter1=30000, iter2=30000, N=3, alpha1=5.0000000000000002e-05, alpha2=5.0000000000000002e-05, stopsWhenStable=true) at lreg.cpp:193
#5  0x0000555555556467 in main (argc=3, argv=0x7fffffffde58) at lreg.cpp:253

65			fp << "verifyUint: a = "<<a<<"; b = "<<b<<endl;
66	        detected = 1;	
67		}
68		return a;
69	}
70	double verifyDoubleDup(double a, double b){
71		if (a != b && detected != 1){
72			//gerar entrada no log
73			ofstream fp ("/tmp/lreg/detected.log", std::ofstream::app);
74			fp << "verifyDouble: a = "<<a<<"; b = "<<b<<endl;

Backtrace END
Memory content before bitflip:0x000x000x000x000x000xb00xa50x40
Fault Model: Random bit-flip
base address to flip value: 0x7fffffffd928
address max offset: 8
Memory content after  bitflip:0x640x5b0xb50xaf0x1e0x370xb20xc0
frame name: main
symbol name: yChecksum
symbol filename: lreg.cpp
symbol line: 233
value: -4663.1198685978052
value address: 0x7fffffffd928
Type: A floating point type.
Type sizeof: 8

[INFO -- 2018-11-16 13:50:23]
Fault Injection Successful after 2.6177072525024414s
[INFO -- 2018-11-16 13:50:29]
event type: exit
[INFO -- 2018-11-16 13:50:29]
exit code: 0
