[INFO -- 2018-11-25 16:59:39]
Starting flip_value script
version: 1.1
[INFO -- 2018-11-25 16:59:39]
Initialization strings:
[INFO -- 2018-11-25 16:59:39]
(1) file /tmp/lreg/lreg
[INFO -- 2018-11-25 16:59:39]
(2) set args /tmp/lreg/randInput /tmp/lreg/output /tmp/lreg/detected.log
[INFO -- 2018-11-25 16:59:39]
initSignal:0
[INFO -- 2018-11-25 16:59:39]
endSignal:6
[INFO -- 2018-11-25 16:59:39]
faultModel:2
[EXCEPTION -- 2018-11-25 16:59:40]
gdbException: Attempt to dereference a generic pointer.
[EXCEPTION -- 2018-11-25 16:59:42]
pythonException: Unable to exit loop in struct fields; Exiting wihtout making a bit flip
[INFO -- 2018-11-25 16:59:42]
Backtrace BEGIN:
#0  libc_feholdsetround_sse_ctx (r=0, ctx=<synthetic pointer>) at ../sysdeps/i386/fpu/fenv_private.h:447
#1  __ieee754_pow_sse2 (x=29, y=3) at ../sysdeps/ieee754/dbl-64/e_pow.c:97
#2  0x00007ffff76bcb14 in __pow (x=29, y=3) at w_pow_compat.c:30
#3  0x000055555555621b in std::pow<double, int> (__x=29, __y=3) at /usr/include/c++/7/cmath:418
#4  0x0000555555555237 in predict (v=29) at lreg.cpp:50
#5  0x00005555555552ba in meanSquaredError () at lreg.cpp:61
#6  0x00005555555556b1 in train (iterations=30000, alpha=2.2222199999999999e-05, N=4, stopsWhenStable=true) at lreg.cpp:121
#7  0x0000555555555a1c in execute (input=0x7fffffffe1f1 "/tmp/lreg/randInput") at lreg.cpp:157
#8  0x0000555555555c78 in main (argc=4, argv=0x7fffffffde48) at lreg.cpp:193

442	in ../sysdeps/i386/fpu/fenv_private.h

Backtrace END
Memory content before bitflip:0x000x000x000x000x000x000x3d0x40
Fault Model: Random bit-flip
base address to flip value: 0x7fffffffd4d8
address max offset: 8
Memory content after  bitflip:0x330x230x640xeb0x320x090x0d0x53
frame name: predict
symbol name: v
symbol filename: lreg.cpp
symbol line: 47
value: 1.1829448115059979e+92
value address: 0x7fffffffd4d8
Type: A floating point type.
Type sizeof: 8

[INFO -- 2018-11-25 16:59:43]
Fault Injection Successful after 3.999884605407715s
[INFO -- 2018-11-25 16:59:47]
event type: exit
[INFO -- 2018-11-25 16:59:47]
exit code: 0
