[INFO -- 2018-10-06 17:50:43]
Starting flip_value script
version: 1.1
[INFO -- 2018-10-06 17:50:43]
Initialization strings:
[INFO -- 2018-10-06 17:50:43]
(1) file /tmp/lreg/lreg
[INFO -- 2018-10-06 17:50:43]
(2) set args /tmp/lreg/randInput /tmp/lreg/output
[INFO -- 2018-10-06 17:50:43]
initSignal:0
[INFO -- 2018-10-06 17:50:43]
endSignal:10
[INFO -- 2018-10-06 17:50:43]
faultModel:2
[INFO -- 2018-10-06 17:50:49]
Backtrace BEGIN:
#0  0x00005555555550b4 in selectTriUInt (a=1, b=1, c=0) at lreg.cpp:47
#1  0x00005555555552ac in predict (v=6) at lreg.cpp:77
#2  0x00005555555553e9 in meanSquaredError () at lreg.cpp:91
#3  0x0000555555555886 in train (iterations=90000, N=4, stopsWhenStable=true) at lreg.cpp:160
#4  0x0000555555555dba in main (argc=3, argv=0x7fffffffde68) at lreg.cpp:225

42	vector<double> y; // observed values of training set inputs
43	vector<double> T; // the adjustment variables
44	
45	double a1, a2, a3; // triplication of alpha
46	
47	UINT selectTriUInt(UINT a, UINT b, UINT c){
48		return (a == b)? a : c;
49	}
50	double selectTriDouble(double a, double b, double c){
51		return (a == b)? a : c;

Backtrace END
Fliping value of field: std::_Vector_base<double, std::allocator<double> >
Fliping value of field: _M_impl
Fliping value of field: _M_end_of_storage
Fliping a bit of the pointer
Memory content before bitflip:0x600x190x770x550x550x550x000x00
Fault Model: Random bit-flip
base address to flip value: 0x55555575a150 
address max offset: 8
Memory content after  bitflip:0x100xd80xda0xdd0x390x520x810x0f
frame name: meanSquaredError
symbol name: x
symbol filename: lreg.cpp
symbol line: 41
value: std::vector of length 36, capacity 139646345757358102 = {-7, -9, -3, -12, 0, -13, -12, -3, -22, 10, -7, 22, -20, 15, -2, 19, -6, -11, -18, 24, 20, 26, 14, 11, 6, -17, -5, 17, 12, 12, -22, 15, 17, -1, -5, -27}
value address: 0x55555575a140 <x>
Type: The type is a structure.
Type sizeof: 24
Field name: std::_Vector_base<double, std::allocator<double> >
Field Type: The type is a structure.
Field Type sizeof: 24

[INFO -- 2018-10-06 17:50:49]
Fault Injection Successful after 6.2199180126190186s
[INFO -- 2018-10-06 17:50:52]
event type: exit
[INFO -- 2018-10-06 17:50:52]
exit code: 0
