[INFO -- 2018-11-13 19:52:20]
Starting flip_value script
version: 1.1
[INFO -- 2018-11-13 19:52:20]
Initialization strings:
[INFO -- 2018-11-13 19:52:20]
(1) file /tmp/lreg/lreg
[INFO -- 2018-11-13 19:52:20]
(2) set args /tmp/lreg/randInput /tmp/lreg/output
[INFO -- 2018-11-13 19:52:20]
initSignal:0
[INFO -- 2018-11-13 19:52:20]
endSignal:5
[INFO -- 2018-11-13 19:52:20]
faultModel:2
[EXCEPTION -- 2018-11-13 19:52:21]
pythonException: Unable to exit loop in struct fields; Exiting wihtout making a bit flip
[EXCEPTION -- 2018-11-13 19:52:22]
pythonException: Unable to exit loop in struct fields; Exiting wihtout making a bit flip
[INFO -- 2018-11-13 19:52:22]
Backtrace BEGIN:
#0  0x000055555555720e in std::_Vector_base<double, std::allocator<double> >::_M_deallocate (this=0x7fffffffd860, __p=0x555555772560, __n=93824994452832) at /usr/include/c++/7/bits/stl_vector.h:176
#1  0x0000555555556eed in std::_Vector_base<double, std::allocator<double> >::~_Vector_base (this=0x7fffffffd860, __in_chrg=<optimized out>) at /usr/include/c++/7/bits/stl_vector.h:162
#2  0x0000555555556919 in std::vector<double, std::allocator<double> >::~vector (this=0x7fffffffd860, __in_chrg=<optimized out>) at /usr/include/c++/7/bits/stl_vector.h:435
#3  0x0000555555555fb4 in train (iter1=30000, iter2=30000, N=3, alpha1=5.0000000000000002e-05, alpha2=5.0000000000000002e-05, stopsWhenStable=true) at lreg.cpp:199
#4  0x0000555555556467 in main (argc=3, argv=0x7fffffffde58) at lreg.cpp:253

171		typedef __gnu_cxx::__alloc_traits<_Tp_alloc_type> _Tr;
172		return __n != 0 ? _Tr::allocate(_M_impl, __n) : pointer();
173	      }
174	
175	      void
176	      _M_deallocate(pointer __p, size_t __n)
177	      {
178		typedef __gnu_cxx::__alloc_traits<_Tp_alloc_type> _Tr;
179		if (__p)
180		  _Tr::deallocate(_M_impl, __p, __n);

Backtrace END
Memory content before bitflip:0x010x000x000x00
Fault Model: Random bit-flip
base address to flip value: 0x7fffffffd8ec
address max offset: 4
Memory content after  bitflip:0xcc0x790xb70x4f
frame name: main
symbol name: i1
symbol filename: lreg.cpp
symbol line: 232
value: 1337424332
value address: 0x7fffffffd8ec
Type: The type is an integer type.
Type sizeof: 4

[INFO -- 2018-11-13 19:52:22]
Fault Injection Successful after 2.5250844955444336s
[INFO -- 2018-11-13 19:52:22]
event type: exit
[INFO -- 2018-11-13 19:52:22]
exit code: 0
