[INFO -- 2018-10-09 20:09:37]
Starting flip_value script
version: 1.1
[INFO -- 2018-10-09 20:09:37]
Initialization strings:
[INFO -- 2018-10-09 20:09:37]
(1) file /tmp/lreg/lreg
[INFO -- 2018-10-09 20:09:37]
(2) set args /tmp/lreg/randInput /tmp/lreg/output
[INFO -- 2018-10-09 20:09:37]
initSignal:0
[INFO -- 2018-10-09 20:09:37]
endSignal:10
[INFO -- 2018-10-09 20:09:37]
faultModel:2
[INFO -- 2018-10-09 20:09:42]
Backtrace BEGIN:
#0  0x00007ffff76d59e4 in __ieee754_pow_sse2 (x=-6, y=3) at ../sysdeps/ieee754/dbl-64/e_pow.c:128
#1  0x00007ffff76b7b14 in __pow (x=-6, y=3) at w_pow_compat.c:30
#2  0x00005555555560ba in std::pow<double, unsigned int> (__x=-6, __y=3) at /usr/include/c++/7/cmath:418
#3  0x00005555555552c2 in predict (v=-6) at lreg.cpp:77
#4  0x000055555555551d in partialDerivate (pos=3) at lreg.cpp:107
#5  0x0000555555555670 in adjust () at lreg.cpp:123
#6  0x0000555555555881 in train (iterations=90000, N=4, stopsWhenStable=true) at lreg.cpp:159
#7  0x0000555555555dba in main (argc=3, argv=0x7fffffffde68) at lreg.cpp:225

123	../sysdeps/ieee754/dbl-64/e_pow.c: No such file or directory.

Backtrace END
Memory content before bitflip:0x000x000x000x000x000x000x180xc0
Fault Model: Random bit-flip
base address to flip value: 0x7fffffffd6d8
address max offset: 8
Memory content after  bitflip:0x8c0xe20x9d0xbc0xa70xef0x3b0x57
frame name: std::pow<double, unsigned int>
symbol name: __x
symbol filename: /usr/include/c++/7/cmath
symbol line: 415
value: 1.6795966825744721e+112
value address: 0x7fffffffd6d8
Type: A floating point type.
Type sizeof: 8

[INFO -- 2018-10-09 20:09:42]
Fault Injection Successful after 5.166999340057373s
[INFO -- 2018-10-09 20:09:47]
event type: exit
[INFO -- 2018-10-09 20:09:47]
exit code: 0
