[INFO -- 2018-11-25 11:40:26]
Starting flip_value script
version: 1.1
[INFO -- 2018-11-25 11:40:26]
Initialization strings:
[INFO -- 2018-11-25 11:40:26]
(1) file /tmp/lreg/lreg
[INFO -- 2018-11-25 11:40:26]
(2) set args /tmp/lreg/randInput /tmp/lreg/output /tmp/lreg/detected.log
[INFO -- 2018-11-25 11:40:26]
initSignal:0
[INFO -- 2018-11-25 11:40:26]
endSignal:6
[INFO -- 2018-11-25 11:40:26]
faultModel:1
[INFO -- 2018-11-25 11:40:28]
Backtrace BEGIN:
#0  0x00005555555553fc in partialDerivate (pos=2) at lreg.cpp:74
#1  0x0000555555555503 in adjust (alpha=5.0000000000000002e-05) at lreg.cpp:87
#2  0x00005555555556ac in train (iterations=20000, alpha=5.0000000000000002e-05, N=3, stopsWhenStable=true) at lreg.cpp:120
#3  0x0000555555555a1c in execute (input=0x7fffffffe1f1 "/tmp/lreg/randInput") at lreg.cpp:157
#4  0x0000555555555cb0 in main (argc=4, argv=0x7fffffffde48) at lreg.cpp:196

69		to the adjustment variable whose position in T is passed in pos
70	*/
71	double partialDerivate(int pos){
72		double pD = 0;
73		for(int i = 0; i<x.size(); i++){
74			pD += ((predict(x[i]) - y[i])*pow(x[i], pos));	
75		}
76		pD *= (2.0/x.size());
77		return pD;
78	}

Backtrace END
Fliping value of field: std::_Vector_base<double, std::allocator<double> >
Fliping value of field: _M_impl
Fliping value of field: _M_end_of_storage
Fliping a bit of the pointer
Memory content before bitflip:0x780x230x770x550x550x550x000x00
Fault Model: Double bit-flip
base address to flip value: 0x55555575b190 
address max offset: 8
Memory content after  bitflip:0x780x230x770x550x550x1d0x000x00
frame name: execute
symbol name: T
symbol filename: lreg.cpp
symbol line: 34
value: std::vector of length 3, capacity -7696581394429 = {0.73976009578407931, -0.027956503339722258, -2.9917090476383668}
value address: 0x55555575b180 <T>
Type: The type is a structure.
Type sizeof: 24
Field name: std::_Vector_base<double, std::allocator<double> >
Field Type: The type is a structure.
Field Type sizeof: 24

[INFO -- 2018-11-25 11:40:28]
Fault Injection Successful after 2.0648038387298584s
[INFO -- 2018-11-25 11:40:29]
event type: exit
[INFO -- 2018-11-25 11:40:29]
exit code: 0
