[INFO -- 2018-11-16 11:52:46]
Starting flip_value script
version: 1.1
[INFO -- 2018-11-16 11:52:46]
Initialization strings:
[INFO -- 2018-11-16 11:52:46]
(1) file /tmp/lreg/lreg
[INFO -- 2018-11-16 11:52:46]
(2) set args /tmp/lreg/randInput /tmp/lreg/output
[INFO -- 2018-11-16 11:52:46]
initSignal:0
[INFO -- 2018-11-16 11:52:46]
endSignal:5
[INFO -- 2018-11-16 11:52:46]
faultModel:1
[INFO -- 2018-11-16 11:52:49]
Backtrace BEGIN:
#0  0x00005555555567b6 in std::vector<double, std::allocator<double> >::size (this=0x55555575b180 <T1>) at /usr/include/c++/7/bits/stl_vector.h:671
#1  0x000055555555577d in predict (v=-10) at lreg.cpp:115
#2  0x0000555555555928 in meanSquaredError () at lreg.cpp:128
#3  0x0000555555555ee5 in train (iter1=45000, iter2=45000, N=4, alpha1=2.2222199999999999e-05, alpha2=2.2222199999999999e-05, stopsWhenStable=true) at lreg.cpp:194
#4  0x0000555555556467 in main (argc=3, argv=0x7fffffffde58) at lreg.cpp:253

666	
667	      // [23.2.4.2] capacity
668	      /**  Returns the number of elements in the %vector.  */
669	      size_type
670	      size() const _GLIBCXX_NOEXCEPT
671	      { return size_type(this->_M_impl._M_finish - this->_M_impl._M_start); }
672	
673	      /**  Returns the size() of the largest possible %vector.  */
674	      size_type
675	      max_size() const _GLIBCXX_NOEXCEPT

Backtrace END
Memory content before bitflip:0x460x5a0xb70xf40x390x4d0xf70x3e
Fault Model: Double bit-flip
base address to flip value: 0x7fffffffd7c0
address max offset: 8
Memory content after  bitflip:0xd60x5a0xb70xf40x390x4d0xf70x3e
frame name: train
symbol name: alpha2
symbol filename: lreg.cpp
symbol line: 177
value: 2.2222200000000487e-05
value address: 0x7fffffffd7c0
Type: A floating point type.
Type sizeof: 8

[INFO -- 2018-11-16 11:52:49]
Fault Injection Successful after 3.821427822113037s
[INFO -- 2018-11-16 11:52:53]
event type: exit
[INFO -- 2018-11-16 11:52:53]
exit code: 0
