[INFO -- 2018-11-26 15:18:50]
sending 5 signals using command: 'killall -2 lreg' after 1.33969976511s
[INFO -- 2018-11-26 15:18:50]
sending 5 signals using command: 'killall -2 lreg' after 2.43275936652s
[INFO -- 2018-11-26 15:18:50]
sending 5 signals using command: 'killall -2 lreg' after 2.86314601322s
[INFO -- 2018-11-26 15:18:50]
Starting GDB script
[INFO -- 2018-11-26 15:18:50]
initSignal:0.0
[INFO -- 2018-11-26 15:18:50]
endSignal:3.0
[INFO -- 2018-11-26 15:18:51]
sending 5 signals using command: 'killall -2 lreg' after 0.442813205675s
[INFO -- 2018-11-26 15:18:52]
sending 5 signals using command: 'killall -2 lreg' after 2.08265297266s
[INFO -- 2018-11-26 15:18:53]
sending 5 signals using command: 'killall -2 lreg' after 2.65238605105s
[INFO -- 2018-11-26 15:18:53]
Execution finished before waitTime
