[INFO -- 2018-09-15 17:06:50]
Starting flip_value script
version: 1.1
[INFO -- 2018-09-15 17:06:50]
Initialization strings:
[INFO -- 2018-09-15 17:06:50]
(1) file /tmp/lreg/lreg
[INFO -- 2018-09-15 17:06:50]
(2) set args /tmp/lreg/randInput /tmp/lreg/output
[INFO -- 2018-09-15 17:06:50]
initSignal:0
[INFO -- 2018-09-15 17:06:50]
endSignal:2
[INFO -- 2018-09-15 17:06:50]
faultModel:0
[INFO -- 2018-09-15 17:06:51]
Backtrace BEGIN:
#0  0x0000555555555f34 in std::pow<double, int> (__x=-4, __y=1) at /usr/include/c++/7/cmath:418
#1  0x0000555555555237 in predict (v=-4) at lreg.cpp:50
#2  0x00005555555553fc in partialDerivate (pos=0) at lreg.cpp:74
#3  0x0000555555555503 in adjust (alpha=0.00020000000000000001) at lreg.cpp:87
#4  0x00005555555556ac in train (iterations=30000, alpha=0.00020000000000000001, N=2, stopsWhenStable=true) at lreg.cpp:120
#5  0x0000555555555c26 in main (argc=3, argv=0x7fffffffde68) at lreg.cpp:182

413	    inline _GLIBCXX_CONSTEXPR
414	    typename __gnu_cxx::__promote_2<_Tp, _Up>::__type
415	    pow(_Tp __x, _Up __y)
416	    {
417	      typedef typename __gnu_cxx::__promote_2<_Tp, _Up>::__type __type;
418	      return pow(__type(__x), __type(__y));
419	    }
420	
421	  using ::sin;
422	

Backtrace END
Memory content before bitflip:0x300x750x000x00
Fault Model: Single bit-flip
base address to flip value: 0x7fffffffd930
address max offset: 4
Memory content after  bitflip:0x380x750x000x00
frame name: main
symbol name: iterations
symbol filename: lreg.cpp
symbol line: 169
value: 30008
value address: 0x7fffffffd930
Type: The type is an integer type.
Type sizeof: 4

[INFO -- 2018-09-15 17:06:51]
Fault Injection Successful after 1.311208724975586s
[INFO -- 2018-09-15 17:06:57]
event type: exit
[INFO -- 2018-09-15 17:06:57]
exit code: 0
