[INFO -- 2018-11-29 15:33:41]
sending 5 signals using command: 'killall -2 lreg' after 5.54905684915s
[INFO -- 2018-11-29 15:33:41]
sending 5 signals using command: 'killall -2 lreg' after 5.82261493697s
[INFO -- 2018-11-29 15:33:41]
sending 5 signals using command: 'killall -2 lreg' after 5.94806625917s
[INFO -- 2018-11-29 15:33:41]
Starting GDB script
[INFO -- 2018-11-29 15:33:41]
initSignal:0.0
[INFO -- 2018-11-29 15:33:41]
endSignal:6.0
[INFO -- 2018-11-29 15:33:44]
sending 5 signals using command: 'killall -2 lreg' after 2.50927160282s
[INFO -- 2018-11-29 15:33:45]
sending 5 signals using command: 'killall -2 lreg' after 4.33484166978s
[INFO -- 2018-11-29 15:33:46]
sending 5 signals using command: 'killall -2 lreg' after 5.176828453s
[INFO -- 2018-11-29 15:33:46]
Execution finished before waitTime
