[INFO -- 2018-11-23 19:45:06]
Starting flip_value script
version: 1.1
[INFO -- 2018-11-23 19:45:06]
Initialization strings:
[INFO -- 2018-11-23 19:45:06]
(1) file /tmp/lreg/lreg
[INFO -- 2018-11-23 19:45:06]
(2) set args /tmp/lreg/randInput /tmp/lreg/output
[INFO -- 2018-11-23 19:45:06]
initSignal:0
[INFO -- 2018-11-23 19:45:06]
endSignal:3
[INFO -- 2018-11-23 19:45:06]
faultModel:2
[INFO -- 2018-11-23 19:45:08]
Backtrace BEGIN:
#0  0x00005555555553ce in partialDerivate (pos=3) at lreg.cpp:74
#1  0x00005555555554b3 in adjust (alpha=2.2222199999999999e-05) at lreg.cpp:87
#2  0x000055555555565c in train (iterations=30000, alpha=2.2222199999999999e-05, N=4, stopsWhenStable=true) at lreg.cpp:120
#3  0x0000555555555ab7 in main (argc=3, argv=0x7fffffffde58) at lreg.cpp:174

69		to the adjustment variable whose position in T is passed in pos
70	*/
71	double partialDerivate(int pos){
72		double pD = 0;
73		for(int i = 0; i<x.size(); i++){
74			pD += ((predict(x[i]) - y[i])*pow(x[i], pos));	
75		}
76		pD *= (2.0/x.size());
77		return pD;
78	}

Backtrace END
Memory content before bitflip:0xdd0xfe0x910x9b0xd00xf90x090x41
Fault Model: Random bit-flip
base address to flip value: 0x7fffffffd838
address max offset: 8
Memory content after  bitflip:0xfd0xb70xa40xb60x060x290x2c0xde
frame name: train
symbol name: MSE
symbol filename: lreg.cpp
symbol line: 117
value: -4.3954623369659458e+145
value address: 0x7fffffffd838
Type: A floating point type.
Type sizeof: 8

[INFO -- 2018-11-23 19:45:08]
Fault Injection Successful after 2.248924493789673s
[INFO -- 2018-11-23 19:45:08]
event type: exit
[INFO -- 2018-11-23 19:45:08]
exit code: 0
