[INFO -- 2018-11-15 12:57:27]
Starting flip_value script
version: 1.1
[INFO -- 2018-11-15 12:57:27]
Initialization strings:
[INFO -- 2018-11-15 12:57:27]
(1) file /tmp/lreg/lreg
[INFO -- 2018-11-15 12:57:27]
(2) set args /tmp/lreg/randInput /tmp/lreg/output
[INFO -- 2018-11-15 12:57:27]
initSignal:0
[INFO -- 2018-11-15 12:57:27]
endSignal:5
[INFO -- 2018-11-15 12:57:27]
faultModel:2
[INFO -- 2018-11-15 12:57:29]
Backtrace BEGIN:
#0  0x000055555555512d in verifyUintDup (a=0, b=0) at lreg.cpp:62
#1  0x0000555555555a99 in partialDerivate (pos1=0, pos2=0) at lreg.cpp:142
#2  0x0000555555555bbe in adjust (alpha1=2.2222199999999999e-05, alpha2=2.2222199999999999e-05) at lreg.cpp:156
#3  0x0000555555555ee0 in train (iter1=45000, iter2=45000, N=4, alpha1=2.2222199999999999e-05, alpha2=2.2222199999999999e-05, stopsWhenStable=true) at lreg.cpp:193
#4  0x0000555555556467 in main (argc=3, argv=0x7fffffffde58) at lreg.cpp:253

57	
58	int detected = 0;
59	
60	
61	UINT verifyUintDup(UINT a, UINT b){
62		if (a != b && detected != 1){
63			//gerar entrada no log
64			ofstream fp ("/tmp/lreg/detected.log", std::ofstream::app);
65			fp << "verifyUint: a = "<<a<<"; b = "<<b<<endl;
66	        detected = 1;	

Backtrace END
Memory content before bitflip:0x460x5a0xb70xf40x390x4d0xf70x3e
Fault Model: Random bit-flip
base address to flip value: 0x7fffffffd760
address max offset: 8
Memory content after  bitflip:0x010x220x060x2e0x8e0xc50x620x8d
frame name: adjust
symbol name: alpha2
symbol filename: lreg.cpp
symbol line: 151
value: -3.4365063224014324e-244
value address: 0x7fffffffd760
Type: A floating point type.
Type sizeof: 8

[INFO -- 2018-11-15 12:57:29]
Fault Injection Successful after 2.4586000442504883s
[INFO -- 2018-11-15 12:57:32]
event type: exit
[INFO -- 2018-11-15 12:57:32]
exit code: 0
