[INFO -- 2018-10-04 20:21:06]
Starting flip_value script
version: 1.1
[INFO -- 2018-10-04 20:21:06]
Initialization strings:
[INFO -- 2018-10-04 20:21:06]
(1) file /tmp/lreg/lreg
[INFO -- 2018-10-04 20:21:06]
(2) set args /tmp/lreg/randInput /tmp/lreg/output
[INFO -- 2018-10-04 20:21:06]
initSignal:0
[INFO -- 2018-10-04 20:21:06]
endSignal:10
[INFO -- 2018-10-04 20:21:06]
faultModel:2
[INFO -- 2018-10-04 20:21:08]
Backtrace BEGIN:
#0  __ieee754_pow_sse2 (x=5, y=3) at ../sysdeps/ieee754/dbl-64/e_pow.c:114
#1  0x00007ffff76b7b14 in __pow (x=5, y=3) at w_pow_compat.c:30
#2  0x0000555555555d47 in std::pow<double, int> (__x=5, __y=3) at /usr/include/c++/7/cmath:418
#3  0x00005555555551e7 in predict (v=5) at lreg.cpp:50
#4  0x000055555555526a in meanSquaredError () at lreg.cpp:61
#5  0x0000555555555661 in train (iterations=90000, alpha=2.2222199999999999e-05, N=4, stopsWhenStable=true) at lreg.cpp:121
#6  0x0000555555555ab7 in main (argc=3, argv=0x7fffffffde58) at lreg.cpp:174

109	../sysdeps/ieee754/dbl-64/e_pow.c: No such file or directory.

Backtrace END
Fliping value of field name: x
Memory content before bitflip:0x6a0x010xf80xff0xff0xff0x070x42
Fault Model: Random bit-flip
base address to flip value: 0x7ffff779a5b0 
address max offset: 8
Memory content after  bitflip:0x410x5e0xd20x0f0x330x690x6e0xd2
frame name: __ieee754_pow_sse2
symbol name: bigv
symbol filename: ../sysdeps/ieee754/dbl-64/upow.h
symbol line: 53
value: {i = {265444929, -764516045}, x = -1.2099251848837014e+89}
value address: 0x7ffff779a5b0 <bigv>
Type: The type is a union.
Type sizeof: 8
Field name: i
Field Type: The type is an array.
Field Type sizeof: 8
Field name: x
Field Type: A floating point type.
Field Type sizeof: 8

[INFO -- 2018-10-04 20:21:08]
Fault Injection Successful after 2.1360509395599365s
[INFO -- 2018-10-04 20:21:13]
event type: exit
[INFO -- 2018-10-04 20:21:13]
exit code: 0
