[INFO -- 2018-11-05 18:28:56]
Starting flip_value script
version: 1.1
[INFO -- 2018-11-05 18:28:56]
Initialization strings:
[INFO -- 2018-11-05 18:28:56]
(1) file /tmp/lreg/lreg
[INFO -- 2018-11-05 18:28:56]
(2) set args /tmp/lreg/randInput /tmp/lreg/output /tmp/lreg/detected.log
[INFO -- 2018-11-05 18:28:56]
initSignal:0
[INFO -- 2018-11-05 18:28:56]
endSignal:10
[INFO -- 2018-11-05 18:28:56]
faultModel:1
[INFO -- 2018-11-05 18:28:58]
Backtrace BEGIN:
#0  0x0000555555555237 in predict (v=29) at lreg.cpp:50
#1  0x000055555555530a in meanSquaredError () at lreg.cpp:61
#2  0x00005555555556b1 in train (iterations=45000, alpha=2.2222199999999999e-05, N=4, stopsWhenStable=true) at lreg.cpp:121
#3  0x0000555555555a1c in execute (input=0x7fffffffe1f3 "/tmp/lreg/randInput") at lreg.cpp:157
#4  0x0000555555555c60 in main (argc=4, argv=0x7fffffffde48) at lreg.cpp:191

45		Predicts the value related to v using the Ts variables
46	*/
47	double predict(double v){
48		double val = 0;
49		for(int i = 0; i<T.size(); i++){
50			val+= (T[i] * pow(v, i));
51		}
52		return val;
53		
54	}

Backtrace END
Memory content before bitflip:0x040x000x000x00
Fault Model: Double bit-flip
base address to flip value: 0x7fffffffd8ec
address max offset: 4
Memory content after  bitflip:0x040x000x000x09
frame name: main
symbol name: argc
symbol filename: lreg.cpp
symbol line: 179
value: 150994948
value address: 0x7fffffffd8ec
Type: The type is an integer type.
Type sizeof: 4

[INFO -- 2018-11-05 18:28:58]
Fault Injection Successful after 2.4117989540100098s
[INFO -- 2018-11-05 18:29:09]
event type: exit
[INFO -- 2018-11-05 18:29:09]
exit code: 0
