[INFO -- 2018-10-06 21:07:26]
Starting flip_value script
version: 1.1
[INFO -- 2018-10-06 21:07:26]
Initialization strings:
[INFO -- 2018-10-06 21:07:26]
(1) file /tmp/lreg/lreg
[INFO -- 2018-10-06 21:07:26]
(2) set args /tmp/lreg/randInput /tmp/lreg/output
[INFO -- 2018-10-06 21:07:26]
initSignal:0
[INFO -- 2018-10-06 21:07:26]
endSignal:10
[INFO -- 2018-10-06 21:07:26]
faultModel:1
[INFO -- 2018-10-06 21:07:28]
Backtrace BEGIN:
#0  0x00005555555550b1 in selectTriUInt (a=16, b=0, c=1) at lreg.cpp:47
#1  0x00005555555554cd in partialDerivate (pos=1) at lreg.cpp:104
#2  0x0000555555555670 in adjust () at lreg.cpp:123
#3  0x0000555555555881 in train (iterations=60000, N=3, stopsWhenStable=true) at lreg.cpp:159
#4  0x0000555555555dba in main (argc=3, argv=0x7fffffffde68) at lreg.cpp:225

42	vector<double> y; // observed values of training set inputs
43	vector<double> T; // the adjustment variables
44	
45	double a1, a2, a3; // triplication of alpha
46	
47	UINT selectTriUInt(UINT a, UINT b, UINT c){
48		return (a == b)? a : c;
49	}
50	double selectTriDouble(double a, double b, double c){
51		return (a == b)? a : c;

Backtrace END
Memory content before bitflip:0x2d0x430x1c0xeb0xe20x360x0a0x3f
Fault Model: Double bit-flip
base address to flip value: 0x55555575a198 
address max offset: 8
Memory content after  bitflip:0x2d0x0b0x1c0xeb0xe20x360x0a0x3f
frame name: main
symbol name: a1
symbol filename: lreg.cpp
symbol line: 45
value: 4.9999999999902858e-05
value address: 0x55555575a198 <a1>
Type: A floating point type.
Type sizeof: 8

[INFO -- 2018-10-06 21:07:28]
Fault Injection Successful after 2.0769033432006836s
[INFO -- 2018-10-06 21:07:35]
event type: exit
[INFO -- 2018-10-06 21:07:35]
exit code: 0
