[INFO -- 2018-11-14 13:03:45]
Starting flip_value script
version: 1.1
[INFO -- 2018-11-14 13:03:45]
Initialization strings:
[INFO -- 2018-11-14 13:03:45]
(1) file /tmp/lreg/lreg
[INFO -- 2018-11-14 13:03:45]
(2) set args /tmp/lreg/randInput /tmp/lreg/output
[INFO -- 2018-11-14 13:03:45]
initSignal:0
[INFO -- 2018-11-14 13:03:45]
endSignal:5
[INFO -- 2018-11-14 13:03:45]
faultModel:1
[EXCEPTION -- 2018-11-14 13:03:48]
pythonException: Unable to exit loop in struct fields; Exiting wihtout making a bit flip
[INFO -- 2018-11-14 13:03:48]
Backtrace BEGIN:
#0  verifyUintDup (a=1, b=1) at lreg.cpp:61
#1  0x000055555555579a in predict (v=18) at lreg.cpp:116
#2  0x00005555555558c0 in meanSquaredError () at lreg.cpp:128
#3  0x0000555555555ee5 in train (iter1=45000, iter2=45000, N=4, alpha1=2.2222199999999999e-05, alpha2=2.2222199999999999e-05, stopsWhenStable=true) at lreg.cpp:194
#4  0x0000555555556467 in main (argc=3, argv=0x7fffffffde68) at lreg.cpp:253

56	*/
57	
58	int detected = 0;
59	
60	
61	UINT verifyUintDup(UINT a, UINT b){
62		if (a != b && detected != 1){
63			//gerar entrada no log
64			ofstream fp ("/tmp/lreg/detected.log", std::ofstream::app);
65			fp << "verifyUint: a = "<<a<<"; b = "<<b<<endl;

Backtrace END
Memory content before bitflip:0x000x000x000x000x000x000x320x40
Fault Model: Double bit-flip
base address to flip value: 0x7fffffffd748
address max offset: 8
Memory content after  bitflip:0x000x000x000x000x140x000x320x40
frame name: predict
symbol name: v
symbol filename: lreg.cpp
symbol line: 112
value: 18.00030517578125
value address: 0x7fffffffd748
Type: A floating point type.
Type sizeof: 8

[INFO -- 2018-11-14 13:03:48]
Fault Injection Successful after 3.312718391418457s
[INFO -- 2018-11-14 13:03:49]
event type: exit
[INFO -- 2018-11-14 13:03:49]
exit code: 0
