[INFO -- 2018-10-01 21:08:24]
Starting flip_value script
version: 1.1
[INFO -- 2018-10-01 21:08:24]
Initialization strings:
[INFO -- 2018-10-01 21:08:24]
(1) file /tmp/lreg/lreg
[INFO -- 2018-10-01 21:08:24]
(2) set args /tmp/lreg/randInput /tmp/lreg/output
[INFO -- 2018-10-01 21:08:24]
initSignal:0
[INFO -- 2018-10-01 21:08:24]
endSignal:10
[INFO -- 2018-10-01 21:08:24]
faultModel:2
[INFO -- 2018-10-01 21:08:29]
Backtrace BEGIN:
#0  0x00007ffff76d553c in __ieee754_pow_sse2 (x=5, y=1) at ../sysdeps/ieee754/dbl-64/e_pow.c:65
#1  0x00007ffff76b7b14 in __pow (x=5, y=1) at w_pow_compat.c:30
#2  0x0000555555555d47 in std::pow<double, int> (__x=5, __y=1) at /usr/include/c++/7/cmath:418
#3  0x0000555555555401 in partialDerivate (pos=1) at lreg.cpp:74
#4  0x00005555555554b3 in adjust (alpha=2.2222199999999999e-05) at lreg.cpp:87
#5  0x000055555555565c in train (iterations=90000, alpha=2.2222199999999999e-05, N=4, stopsWhenStable=true) at lreg.cpp:120
#6  0x0000555555555ab7 in main (argc=3, argv=0x7fffffffde58) at lreg.cpp:174

60	../sysdeps/ieee754/dbl-64/e_pow.c: No such file or directory.

Backtrace END
Fliping value of field: std::_Vector_base<double, std::allocator<double> >
Fliping value of field: _M_impl
Fliping value of field: _M_finish
Fliping a bit of the pointer
Memory content before bitflip:0x900x1a0x770x550x550x550x000x00
Fault Model: Random bit-flip
base address to flip value: 0x55555575a168 
address max offset: 8
Memory content after  bitflip:0x890xdf0x970xa10xa10xbd0xd90x03
frame name: train
symbol name: y
symbol filename: lreg.cpp
symbol line: 33
value: std::vector of length 34670941120501955, capacity 64 = {-5, 4, -12, -14, -13, -12, -2, 6, -482, -2114, -1762, -2114, -98, -62, -142, -898, -1442, -2302, -194, -1934, 41093, -376, -4, -29431, 93671, 10328, -41101, -4351, -82876, 146243, 731, -41101, -118021, -196516, 105374, 38, 0, 0, 0, 0, 0, 0, 0, 0, 0, 0, 0, 0, 0, 0, 0, 0, 0, 0, 0, 0, 0, 0, 0, 0, 0, 0, 0, 0, 0, 2.4209216646221081e-322, -32.49737140336984, -396.54965120479892, -7.6180457687516085, 5.2968791024601947, 0, 2.4209216646221081e-322, -32.49737140336984, -396.54965120479892, -7.6180457687516085, 5.2968791024601947, 0, 2.4209216646221081e-322, 4.6355706479211964e-310, -396.5417069483583, -7.6211206766470703, 5.3482186959679927, 0, 2.4209216646221081e-322, 0, -396.54965120479892, -7.6180457687516085, 5.2968791024601947, 0, 2.0719630989644356e-319, 0, 0, 0, 0, 0, 0, 0, 0, 0, 0, 0, 0, 0, 0, 0, 0, 0, 0, 0, 0, 0, 0, 0, 0, 0, 0, 0, 0, 0, 0, 0, 0, 0, 0, 0, 0, 0, 0, 0, 0, 0, 0, 0, 0, 0, 0, 0, 0, 0, 0, 0, 0, 0, 0, 0, 0, 0, 0, 0, 0, 0, 0, 0, 0, 0, 0, 0, 0, 0, 0, 0, 0, 0, 0, 0, 0, 0, 0, 0, 0, 0, 0, 0, 0, 0, 0, 0, 0, 0, 0, 0, 0, 0, 0, 0, 0, 0, 0, 0, 0, 0, 0, 0, 0, 0, 0, 0, 0, 0, 0...}
value address: 0x55555575a160 <y>
Type: The type is a structure.
Type sizeof: 24
Field name: std::_Vector_base<double, std::allocator<double> >
Field Type: The type is a structure.
Field Type sizeof: 24

[INFO -- 2018-10-01 21:08:29]
Fault Injection Successful after 5.01000189781189s
[INFO -- 2018-10-01 21:08:31]
event type: exit
[INFO -- 2018-10-01 21:08:31]
exit code: 0
