[INFO -- 2018-10-13 11:03:09]
Starting flip_value script
version: 1.1
[INFO -- 2018-10-13 11:03:09]
Initialization strings:
[INFO -- 2018-10-13 11:03:10]
(1) file /tmp/lreg/lreg
[INFO -- 2018-10-13 11:03:10]
(2) set args /tmp/lreg/randInput /tmp/lreg/output
[INFO -- 2018-10-13 11:03:10]
initSignal:0
[INFO -- 2018-10-13 11:03:10]
endSignal:10
[INFO -- 2018-10-13 11:03:10]
faultModel:0
[INFO -- 2018-10-13 11:03:17]
Backtrace BEGIN:
#0  predict (v=2) at lreg.cpp:71
#1  0x000055555555551d in partialDerivate (pos=2) at lreg.cpp:107
#2  0x0000555555555670 in adjust () at lreg.cpp:123
#3  0x0000555555555881 in train (iterations=90000, N=4, stopsWhenStable=true) at lreg.cpp:159
#4  0x0000555555555dba in main (argc=3, argv=0x7fffffffde68) at lreg.cpp:225

66	}
67	
68	/**
69		Predicts the value related to v using the Ts variables
70	*/
71	double predict(double v){
72		double val = 0;
73		for(UINT i1 = 0, i2 = 0, i3 = 0; 
74			selectTriUInt(i1, i2, i3)<T.size(); 
75			i1++, i2++, i3++)

Backtrace END
Fliping value of field: std::_Vector_base<double, std::allocator<double> >
Fliping value of field: _M_impl
Fliping value of field: _M_finish
Fliping a bit of the value pointed by a pointer
Memory content before bitflip:0x000x000x000x000x000x000x000x00
Fault Model: Single bit-flip
base address to flip value: 0x555555771880
address max offset: 8
Memory content after  bitflip:0x000x000x020x000x000x000x000x00
frame name: main
symbol name: x
symbol filename: lreg.cpp
symbol line: 41
value: std::vector of length 36, capacity 64 = {1, -2, -7, -1, -11, 0, -14, 3, -7, 18, -23, 0, -12, 16, -3, -19, -15, -16, 1, -23, -3, -23, -27, 15, -21, -6, -30, -13, 32, 24, -17, 0, 11, 6, -6, 10}
value address: 0x55555575a140 <x>
Type: The type is a structure.
Type sizeof: 24
Field name: std::_Vector_base<double, std::allocator<double> >
Field Type: The type is a structure.
Field Type sizeof: 24

[INFO -- 2018-10-13 11:03:17]
Fault Injection Successful after 7.703723669052124s
[INFO -- 2018-10-13 11:03:19]
event type: exit
[INFO -- 2018-10-13 11:03:19]
exit code: 0
