[INFO -- 2018-11-06 20:43:11]
Starting flip_value script
version: 1.1
[INFO -- 2018-11-06 20:43:11]
Initialization strings:
[INFO -- 2018-11-06 20:43:11]
(1) file /tmp/lreg/lreg
[INFO -- 2018-11-06 20:43:11]
(2) set args /tmp/lreg/randInput /tmp/lreg/output /tmp/lreg/detected.log
[INFO -- 2018-11-06 20:43:11]
initSignal:0
[INFO -- 2018-11-06 20:43:11]
endSignal:10
[INFO -- 2018-11-06 20:43:11]
faultModel:2
[EXCEPTION -- 2018-11-06 20:43:14]
pythonException: Unable to exit loop in struct fields; Exiting wihtout making a bit flip
[EXCEPTION -- 2018-11-06 20:43:15]
pythonException: empty range for randrange() (0,0, 0)
[EXCEPTION -- 2018-11-06 20:43:15]
pythonException: Unable to exit loop in struct fields; Exiting wihtout making a bit flip
[EXCEPTION -- 2018-11-06 20:43:16]
gdbException: Cannot access memory at address 0xfe96dcda196048f5
[EXCEPTION -- 2018-11-06 20:43:16]
pythonException: empty range for randrange() (0,0, 0)
[INFO -- 2018-11-06 20:43:16]
event type: exit
[EXCEPTION -- 2018-11-06 20:43:16]
exit code: no exit code available
