[INFO -- 2018-09-16 00:01:05]
Starting flip_value script
version: 1.1
[INFO -- 2018-09-16 00:01:05]
Initialization strings:
[INFO -- 2018-09-16 00:01:05]
(1) file /tmp/lreg/lreg
[INFO -- 2018-09-16 00:01:05]
(2) set args /tmp/lreg/randInput /tmp/lreg/output
[INFO -- 2018-09-16 00:01:05]
initSignal:0
[INFO -- 2018-09-16 00:01:05]
endSignal:2
[INFO -- 2018-09-16 00:01:05]
faultModel:2
[INFO -- 2018-09-16 00:01:06]
Backtrace BEGIN:
#0  std::__copy_move<false, true, std::random_access_iterator_tag>::__copy_m<double> (__first=0x555555771340, __last=0x555555771358, __result=0x555555771470) at /usr/include/c++/7/bits/stl_algobase.h:366
#1  0x00005555555577c0 in std::__copy_move_a<false, double const*, double*> (__first=0x555555771340, __last=0x555555771358, __result=0x555555771470) at /usr/include/c++/7/bits/stl_algobase.h:386
#2  0x0000555555557b2e in std::__copy_move_a2<false, __gnu_cxx::__normal_iterator<double const*, std::vector<double, std::allocator<double> > >, double*> (__first=-3.6009999796628795, __last=1.6304166312761136e-322, __result=0x555555771470) at /usr/include/c++/7/bits/stl_algobase.h:424
#3  0x0000555555557985 in std::copy<__gnu_cxx::__normal_iterator<double const*, std::vector<double, std::allocator<double> > >, double*> (__first=-3.6009999796628795, __last=1.6304166312761136e-322, __result=0x555555771470) at /usr/include/c++/7/bits/stl_algobase.h:456
#4  0x0000555555557708 in std::__uninitialized_copy<true>::__uninit_copy<__gnu_cxx::__normal_iterator<double const*, std::vector<double, std::allocator<double> > >, double*> (__first=-3.6009999796628795, __last=1.6304166312761136e-322, __result=0x555555771470) at /usr/include/c++/7/bits/stl_uninitialized.h:101
#5  0x000055555555717e in std::uninitialized_copy<__gnu_cxx::__normal_iterator<double const*, std::vector<double, std::allocator<double> > >, double*> (__first=-3.6009999796628795, __last=1.6304166312761136e-322, __result=0x555555771470) at /usr/include/c++/7/bits/stl_uninitialized.h:134
#6  0x00005555555568d7 in std::__uninitialized_copy_a<__gnu_cxx::__normal_iterator<double const*, std::vector<double, std::allocator<double> > >, double*, double> (__first=-3.6009999796628795, __last=1.6304166312761136e-322, __result=0x555555771470) at /usr/include/c++/7/bits/stl_uninitialized.h:289
#7  0x000055555555615d in std::vector<double, std::allocator<double> >::vector (this=0x7fffffffd8b0, __x=std::vector of length 3, capacity 3 = {...}) at /usr/include/c++/7/bits/stl_vector.h:331
#8  0x0000555555555713 in train (iterations=60000, alpha=5.0000000000000002e-05, N=3, stopsWhenStable=true) at lreg.cpp:126
#9  0x0000555555555c26 in main (argc=3, argv=0x7fffffffde68) at lreg.cpp:182

361						   is_move_assignable<_Tp>,
362						   is_copy_assignable<_Tp>>;
363		  // trivial types can have deleted assignment
364		  static_assert( __assignable::type::value, "type is not assignable" );
365	#endif
366		  const ptrdiff_t _Num = __last - __first;
367		  if (_Num)
368		    __builtin_memmove(__result, __first, sizeof(_Tp) * _Num);
369		  return __result + _Num;
370		}

Backtrace END
Fliping value of field: std::_Vector_base<double, std::allocator<double> >
Fliping value of field: _M_impl
Fliping value of field: _M_end_of_storage
Fliping a bit of the pointer
Memory content before bitflip:0x780x130x770x550x550x550x000x00
Fault Model: Random bit-flip
base address to flip value: 0x55555575a190 
address max offset: 8
Memory content after  bitflip:0xca0xe30xa60xd70x2a0xd00xbc0xca
frame name: std::uninitialized_copy<__gnu_cxx::__normal_iterator<double const*, std::vector<double, std::allocator<double> > >, double*>
symbol name: T
symbol filename: lreg.cpp
symbol line: 34
value: std::vector of length 3, capacity -479757215624463858 = {-3.6012355271394876, 0.24488213231391254, 0.96706173505995641}
value address: 0x55555575a180 <T>
Type: The type is a structure.
Type sizeof: 24
Field name: std::_Vector_base<double, std::allocator<double> >
Field Type: The type is a structure.
Field Type sizeof: 24

[INFO -- 2018-09-16 00:01:06]
Fault Injection Successful after 1.8422772884368896s
[INFO -- 2018-09-16 00:01:13]
event type: exit
[INFO -- 2018-09-16 00:01:13]
exit code: 0
