[INFO -- 2018-11-01 17:16:14]
Starting flip_value script
version: 1.1
[INFO -- 2018-11-01 17:16:14]
Initialization strings:
[INFO -- 2018-11-01 17:16:14]
(1) file /tmp/lreg/lreg
[INFO -- 2018-11-01 17:16:14]
(2) set args /tmp/lreg/randInput /tmp/lreg/output /tmp/lreg/detected.log
[INFO -- 2018-11-01 17:16:14]
initSignal:0
[INFO -- 2018-11-01 17:16:14]
endSignal:20
[INFO -- 2018-11-01 17:16:14]
faultModel:2
[INFO -- 2018-11-01 17:16:20]
Backtrace BEGIN:
#0  log1 (error=<synthetic pointer>, delta=<synthetic pointer>, x=19) at ../sysdeps/ieee754/dbl-64/e_pow.c:335
#1  __ieee754_pow_sse2 (x=19, y=3) at ../sysdeps/ieee754/dbl-64/e_pow.c:103
#2  0x00007ffff76db6be in __ieee754_pow_sse2 (x=<optimized out>, y=<optimized out>) at ../sysdeps/ieee754/dbl-64/e_pow.c:184
#3  0x00007ffff76bcb14 in __pow (x=-19, y=3) at w_pow_compat.c:30
#4  0x0000555555556131 in std::pow<double, int> (__x=-19, __y=3) at /usr/include/c++/7/cmath:418
#5  0x0000555555555237 in predict (v=-19) at lreg.cpp:50
#6  0x000055555555530a in meanSquaredError () at lreg.cpp:61
#7  0x00005555555556b1 in train (iterations=60000, alpha=2.2222199999999999e-05, N=4, stopsWhenStable=true) at lreg.cpp:121
#8  0x0000555555555a1c in execute (input=0x7fffffffe1f3 "/tmp/lreg/randInput") at lreg.cpp:157
#9  0x0000555555555c60 in main (argc=4, argv=0x7fffffffde48) at lreg.cpp:191

330	../sysdeps/ieee754/dbl-64/e_pow.c: No such file or directory.

Backtrace END
Memory content before bitflip:0x000x000x000x000x000x000x330xc0
Fault Model: Random bit-flip
base address to flip value: 0x7fffffffd4a8
address max offset: 8
Memory content after  bitflip:0x050x260x2d0x700x110xe50x710x3c
frame name: std::pow<double, int>
symbol name: __x
symbol filename: /usr/include/c++/7/cmath
symbol line: 415
value: 1.5521262517996371e-17
value address: 0x7fffffffd4a8
Type: A floating point type.
Type sizeof: 8

[INFO -- 2018-11-01 17:16:20]
Fault Injection Successful after 6.3698883056640625s
[INFO -- 2018-11-01 17:16:30]
event type: exit
[INFO -- 2018-11-01 17:16:30]
exit code: 0
