[INFO -- 2018-11-12 19:33:30]
Starting flip_value script
version: 1.1
[INFO -- 2018-11-12 19:33:30]
Initialization strings:
[INFO -- 2018-11-12 19:33:30]
(1) file /tmp/lreg/lreg
[INFO -- 2018-11-12 19:33:30]
(2) set args /tmp/lreg/randInput /tmp/lreg/output
[INFO -- 2018-11-12 19:33:30]
initSignal:0
[INFO -- 2018-11-12 19:33:30]
endSignal:10
[INFO -- 2018-11-12 19:33:30]
faultModel:0
[INFO -- 2018-11-12 19:33:32]
Backtrace BEGIN:
#0  0x0000555555555682 in predict (v=-14) at lreg.cpp:113
#1  0x000055555555578f in meanSquaredError () at lreg.cpp:125
#2  0x0000555555555da8 in train (iter1=30000, iter2=30000, N=3, alpha1=5.0000000000000002e-05, alpha2=5.0000000000000002e-05, stopsWhenStable=true) at lreg.cpp:191
#3  0x00005555555562e6 in main (argc=3, argv=0x7fffffffde68) at lreg.cpp:246

108	*/
109	double predict(double v){
110		double val = 0;
111		
112		for(UINT i1 = 0, i2 = 0; verifyUintDup(i1, i2)<T1.size(); i1++, i2++){
113			val+= (verifyDoubleDup(T1[verifyUintDup(i1, i2)], T2[verifyUintDup(i1, i2)]) * pow(v, verifyUintDup(i1, i2)));
114		}
115		return val;
116		
117	}

Backtrace END
Memory content before bitflip:0x030x000x000x00
Fault Model: Single bit-flip
base address to flip value: 0x7fffffffd900
address max offset: 4
Memory content after  bitflip:0x030x000x000x04
frame name: main
symbol name: N
symbol filename: lreg.cpp
symbol line: 231
value: 67108867
value address: 0x7fffffffd900
Type: The type is an integer type.
Type sizeof: 4

[INFO -- 2018-11-12 19:33:32]
Fault Injection Successful after 2.490220308303833s
[INFO -- 2018-11-12 19:33:39]
event type: exit
[INFO -- 2018-11-12 19:33:39]
exit code: 0
