[INFO -- 2018-10-13 16:40:55]
Starting flip_value script
version: 1.1
[INFO -- 2018-10-13 16:40:55]
Initialization strings:
[INFO -- 2018-10-13 16:40:55]
(1) file /tmp/lreg/lreg
[INFO -- 2018-10-13 16:40:55]
(2) set args /tmp/lreg/randInput /tmp/lreg/output
[INFO -- 2018-10-13 16:40:55]
initSignal:0
[INFO -- 2018-10-13 16:40:55]
endSignal:10
[INFO -- 2018-10-13 16:40:55]
faultModel:2
[INFO -- 2018-10-13 16:40:57]
Backtrace BEGIN:
#0  0x0000555555556058 in std::vector<double, std::allocator<double> >::operator[] (this=0x55555575a180 <T>, __n=2) at /usr/include/c++/7/bits/stl_vector.h:795
#1  0x0000555555555291 in predict (v=16) at lreg.cpp:77
#2  0x000055555555537b in meanSquaredError () at lreg.cpp:91
#3  0x0000555555555886 in train (iterations=60000, N=3, stopsWhenStable=true) at lreg.cpp:160
#4  0x0000555555555dba in main (argc=3, argv=0x7fffffffde68) at lreg.cpp:225

790	       *  Note that data access with this operator is unchecked and
791	       *  out_of_range lookups are not defined. (For checked lookups
792	       *  see at().)
793	       */
794	      reference
795	      operator[](size_type __n) _GLIBCXX_NOEXCEPT
796	      {
797		__glibcxx_requires_subscript(__n);
798		return *(this->_M_impl._M_start + __n);
799	      }

Backtrace END
Fliping value of field: std::_Vector_base<double, std::allocator<double> >
Fliping value of field: _M_impl
Fliping value of field: _M_start
Fliping a bit of the value pointed by a pointer
Memory content before bitflip:0x000x000x000x000x000x000x200xc0
Fault Model: Random bit-flip
base address to flip value: 0x555555771540
address max offset: 8
Memory content after  bitflip:0x710xdd0xb70x820x3b0x6f0x980x0c
frame name: meanSquaredError
symbol name: x
symbol filename: lreg.cpp
symbol line: 41
value: std::vector of length 20, capacity 32 = {5.4604328443908559e-248, 3, 9, -2, 6, 15, 13, -2, 24, -20, -24, -12, -6, -15, 18, 15, -17, 23, 9, 16}
value address: 0x55555575a140 <x>
Type: The type is a structure.
Type sizeof: 24
Field name: std::_Vector_base<double, std::allocator<double> >
Field Type: The type is a structure.
Field Type sizeof: 24

[INFO -- 2018-10-13 16:40:57]
Fault Injection Successful after 2.406777858734131s
[INFO -- 2018-10-13 16:41:06]
event type: exit
[INFO -- 2018-10-13 16:41:06]
exit code: 0
