[INFO -- 2018-11-14 13:34:56]
Starting flip_value script
version: 1.1
[INFO -- 2018-11-14 13:34:56]
Initialization strings:
[INFO -- 2018-11-14 13:34:56]
(1) file /tmp/lreg/lreg
[INFO -- 2018-11-14 13:34:56]
(2) set args /tmp/lreg/randInput /tmp/lreg/output
[INFO -- 2018-11-14 13:34:56]
initSignal:0
[INFO -- 2018-11-14 13:34:56]
endSignal:5
[INFO -- 2018-11-14 13:34:56]
faultModel:2
[INFO -- 2018-11-14 13:34:58]
Backtrace BEGIN:
#0  0x0000555555555b27 in partialDerivate (pos1=0, pos2=0) at lreg.cpp:144
#1  0x0000555555555bbe in adjust (alpha1=0.00020000000000000001, alpha2=0.00020000000000000001) at lreg.cpp:156
#2  0x0000555555555ee0 in train (iter1=15000, iter2=15000, N=2, alpha1=0.00020000000000000001, alpha2=0.00020000000000000001, stopsWhenStable=true) at lreg.cpp:193
#3  0x0000555555556467 in main (argc=3, argv=0x7fffffffde68) at lreg.cpp:253

139		double pD = 0;
140		
141		for(UINT i1 = 0, i2 = 0; verifyUintDup(i1, i2)<(x.size() - 1); i1++, i2++){
142			pD += ((predict(x[verifyUintDup(i1, i2)]) - y[verifyUintDup(i1, i2)])*pow(x[verifyUintDup(i1, i2)], verifyUintDup(pos1, pos2)));	
143		}
144		pD *= (2.0/(x.size() - 1));
145		return pD;
146	}
147	
148	/**

Backtrace END
Memory content before bitflip:0x000x000x000x00
Fault Model: Random bit-flip
base address to flip value: 0x55555575b1b8 
address max offset: 4
Memory content after  bitflip:0x0e0xc70xb10x96
frame name: adjust
symbol name: detected
symbol filename: lreg.cpp
symbol line: 58
value: -1766734066
value address: 0x55555575b1b8 <detected>
Type: The type is an integer type.
Type sizeof: 4

[INFO -- 2018-11-14 13:34:58]
Fault Injection Successful after 2.225748300552368s
[INFO -- 2018-11-14 13:35:05]
event type: exit
[INFO -- 2018-11-14 13:35:05]
exit code: 0
