[INFO -- 2018-11-04 19:23:00]
Starting flip_value script
version: 1.1
[INFO -- 2018-11-04 19:23:00]
Initialization strings:
[INFO -- 2018-11-04 19:23:00]
(1) file /tmp/lreg/lreg
[INFO -- 2018-11-04 19:23:00]
(2) set args /tmp/lreg/randInput /tmp/lreg/output /tmp/lreg/detected.log
[INFO -- 2018-11-04 19:23:00]
initSignal:0
[INFO -- 2018-11-04 19:23:00]
endSignal:10
[INFO -- 2018-11-04 19:23:00]
faultModel:1
[INFO -- 2018-11-04 19:23:01]
Backtrace BEGIN:
#0  0x00007ffff76b9990 in *ABS*+0x2d7c0@plt () from /lib/x86_64-linux-gnu/libm.so.6
#1  0x00007ffff76bcb14 in __pow (x=14, y=3) at w_pow_compat.c:30
#2  0x0000555555556131 in std::pow<double, int> (__x=14, __y=3) at /usr/include/c++/7/cmath:418
#3  0x0000555555555237 in predict (v=14) at lreg.cpp:50
#4  0x00005555555553fc in partialDerivate (pos=3) at lreg.cpp:74
#5  0x0000555555555503 in adjust (alpha=2.2222199999999999e-05) at lreg.cpp:87
#6  0x00005555555556ac in train (iterations=45000, alpha=2.2222199999999999e-05, N=4, stopsWhenStable=true) at lreg.cpp:120
#7  0x0000555555555a1c in execute (input=0x7fffffffe1f1 "/tmp/lreg/randInput") at lreg.cpp:157
#8  0x0000555555555c60 in main (argc=4, argv=0x7fffffffde48) at lreg.cpp:191

165		inp.close();
166	}
167	
168	/*
169	It must receive an input file formated as follows:
170		1° Line : one integer T -> number of test cases
171		2° to 5° repeat to all test case	
172		2° Line : method parameters -> alpha, iterations, N, size of 
173			      training set, predictions
174		3° Line : inputs x of the training set

Backtrace END
Memory content before bitflip:0x370x220x190xd00xd40x6d0xe60xc0
Fault Model: Double bit-flip
base address to flip value: 0x7fffffffd528
address max offset: 8
Memory content after  bitflip:0x160x220x190xd00xd40x6d0xe60xc0
frame name: adjust
symbol name: PD
symbol filename: lreg.cpp
symbol line: 85
value: -45934.650402609419
value address: 0x7fffffffd528
Type: A floating point type.
Type sizeof: 8

[INFO -- 2018-11-04 19:23:01]
Fault Injection Successful after 1.6708016395568848s
[INFO -- 2018-11-04 19:23:09]
event type: exit
[INFO -- 2018-11-04 19:23:09]
exit code: 0
