[INFO -- 2018-09-15 18:01:11]
Starting flip_value script
version: 1.1
[INFO -- 2018-09-15 18:01:11]
Initialization strings:
[INFO -- 2018-09-15 18:01:11]
(1) file /tmp/lreg/lreg
[INFO -- 2018-09-15 18:01:11]
(2) set args /tmp/lreg/randInput /tmp/lreg/output
[INFO -- 2018-09-15 18:01:11]
initSignal:0
[INFO -- 2018-09-15 18:01:11]
endSignal:2
[INFO -- 2018-09-15 18:01:11]
faultModel:0
[INFO -- 2018-09-15 18:01:11]
Backtrace BEGIN:
#0  0x00007ffff76d5a31 in __ieee754_pow_sse2 (x=<optimized out>, y=<optimized out>) at ../sysdeps/ieee754/dbl-64/e_pow.c:215
#1  0x00007ffff76b7b14 in __pow (x=-6, y=0) at w_pow_compat.c:30
#2  0x0000555555555f39 in std::pow<double, int> (__x=-6, __y=0) at /usr/include/c++/7/cmath:418
#3  0x0000555555555237 in predict (v=-6) at lreg.cpp:50
#4  0x00005555555553fc in partialDerivate (pos=1) at lreg.cpp:74
#5  0x0000555555555503 in adjust (alpha=0.00020000000000000001) at lreg.cpp:87
#6  0x00005555555556ac in train (iterations=30000, alpha=0.00020000000000000001, N=2, stopsWhenStable=true) at lreg.cpp:120
#7  0x0000555555555c26 in main (argc=3, argv=0x7fffffffde68) at lreg.cpp:182

210	../sysdeps/ieee754/dbl-64/e_pow.c: No such file or directory.

Backtrace END
Fliping value of field name: x
Memory content before bitflip:0x2c0xfd0xff0xff0xff0xff0x970x42
Fault Model: Single bit-flip
base address to flip value: 0x7ffff779a5b8 
address max offset: 8
Memory content after  bitflip:0x2c0xfd0xff0xff0xff0xfb0x970x42
frame name: __ieee754_pow_sse2
symbol name: bigu
symbol filename: ../sysdeps/ieee754/dbl-64/upow.h
symbol line: 52
value: {i = {-724, 1117256703}, x = 6592774799359.293}
value address: 0x7ffff779a5b8 <bigu>
Type: The type is a union.
Type sizeof: 8
Field name: i
Field Type: The type is an array.
Field Type sizeof: 8
Field name: x
Field Type: A floating point type.
Field Type sizeof: 8

[INFO -- 2018-09-15 18:01:11]
Fault Injection Successful after 0.9386353492736816s
[INFO -- 2018-09-15 18:01:18]
event type: exit
[INFO -- 2018-09-15 18:01:18]
exit code: 0
