[INFO -- 2018-10-02 17:57:52]
sending 5 signals using command: 'killall -2 lreg' after 9.12685189868s
[INFO -- 2018-10-02 17:57:52]
sending 5 signals using command: 'killall -2 lreg' after 9.63740031376s
[INFO -- 2018-10-02 17:57:52]
sending 5 signals using command: 'killall -2 lreg' after 9.6613297236s
[INFO -- 2018-10-02 17:57:52]
Starting GDB script
[INFO -- 2018-10-02 17:57:52]
initSignal:0.0
[INFO -- 2018-10-02 17:57:52]
endSignal:10.0
[INFO -- 2018-10-02 17:57:53]
sending 5 signals using command: 'killall -2 lreg' after 0.103797322442s
[INFO -- 2018-10-02 17:58:02]
sending 5 signals using command: 'killall -2 lreg' after 2.16986935255s
[INFO -- 2018-10-02 17:58:02]
sending 5 signals using command: 'killall -2 lreg' after 8.83592990478s
[INFO -- 2018-10-02 17:58:02]
Execution finished before waitTime
