[INFO -- 2018-09-25 20:11:30]
Starting flip_value script
version: 1.1
[INFO -- 2018-09-25 20:11:30]
Initialization strings:
[INFO -- 2018-09-25 20:11:30]
(1) file /tmp/lreg/lreg
[INFO -- 2018-09-25 20:11:30]
(2) set args /tmp/lreg/randInput /tmp/lreg/output
[INFO -- 2018-09-25 20:11:30]
initSignal:0
[INFO -- 2018-09-25 20:11:30]
endSignal:2
[INFO -- 2018-09-25 20:11:30]
faultModel:2
[INFO -- 2018-09-25 20:11:32]
Backtrace BEGIN:
#0  0x0000555555557951 in std::copy<__gnu_cxx::__normal_iterator<double const*, std::vector<double, std::allocator<double> > >, double*> (__first=8.8196483523504092, __last=1.6304166312761136e-322, __result=0x5555555579cc <__gnu_cxx::new_allocator<double>::allocate(unsigned long, void const*)+64>) at /usr/include/c++/7/bits/stl_algobase.h:446
#1  0x0000555555557708 in std::__uninitialized_copy<true>::__uninit_copy<__gnu_cxx::__normal_iterator<double const*, std::vector<double, std::allocator<double> > >, double*> (__first=8.8196483523504092, __last=1.6304166312761136e-322, __result=0x555555771470) at /usr/include/c++/7/bits/stl_uninitialized.h:101
#2  0x000055555555717e in std::uninitialized_copy<__gnu_cxx::__normal_iterator<double const*, std::vector<double, std::allocator<double> > >, double*> (__first=8.8196483523504092, __last=1.6304166312761136e-322, __result=0x555555771470) at /usr/include/c++/7/bits/stl_uninitialized.h:134
#3  0x00005555555568d7 in std::__uninitialized_copy_a<__gnu_cxx::__normal_iterator<double const*, std::vector<double, std::allocator<double> > >, double*, double> (__first=8.8196483523504092, __last=1.6304166312761136e-322, __result=0x555555771470) at /usr/include/c++/7/bits/stl_uninitialized.h:289
#4  0x000055555555615d in std::vector<double, std::allocator<double> >::vector (this=0x7fffffffd8b0, __x=std::vector of length 3, capacity 3 = {...}) at /usr/include/c++/7/bits/stl_vector.h:331
#5  0x0000555555555713 in train (iterations=60000, alpha=5.0000000000000002e-05, N=3, stopsWhenStable=true) at lreg.cpp:126
#6  0x0000555555555c26 in main (argc=3, argv=0x7fffffffde68) at lreg.cpp:182

441	   *  Note that the end of the output range is permitted to be contained
442	   *  within [first,last).
443	  */
444	  template<typename _II, typename _OI>
445	    inline _OI
446	    copy(_II __first, _II __last, _OI __result)
447	    {
448	      // concept requirements
449	      __glibcxx_function_requires(_InputIteratorConcept<_II>)
450	      __glibcxx_function_requires(_OutputIteratorConcept<_OI,

Backtrace END
Fliping a bit of the pointer
Memory content before bitflip:0x700x140x770x550x550x550x000x00
Fault Model: Random bit-flip
base address to flip value: 0x7fffffffd758
address max offset: 8
Memory content after  bitflip:0x630x2f0x990xab0xa90x3b0x640x52
frame name: std::uninitialized_copy<__gnu_cxx::__normal_iterator<double const*, std::vector<double, std::allocator<double> > >, double*>
symbol name: __result
symbol filename: /usr/include/c++/7/bits/stl_uninitialized.h
symbol line: 116
value: 0x555555771470
value address: 0x7fffffffd758
Type: The type is a pointer.
Type sizeof: 8

[INFO -- 2018-09-25 20:11:32]
Fault Injection Successful after 2.0503759384155273s
[INFO -- 2018-09-25 20:11:38]
event type: exit
[INFO -- 2018-09-25 20:11:38]
exit code: 0
