[INFO -- 2018-10-06 16:13:12]
Starting flip_value script
version: 1.1
[INFO -- 2018-10-06 16:13:12]
Initialization strings:
[INFO -- 2018-10-06 16:13:12]
(1) file /tmp/lreg/lreg
[INFO -- 2018-10-06 16:13:12]
(2) set args /tmp/lreg/randInput /tmp/lreg/output
[INFO -- 2018-10-06 16:13:12]
initSignal:0
[INFO -- 2018-10-06 16:13:12]
endSignal:10
[INFO -- 2018-10-06 16:13:12]
faultModel:0
[INFO -- 2018-10-06 16:13:13]
Backtrace BEGIN:
#0  0x00007ffff76b7b20 in __pow (x=-6, y=2) at w_pow_compat.c:31
#1  0x00005555555560ba in std::pow<double, unsigned int> (__x=-6, __y=2) at /usr/include/c++/7/cmath:418
#2  0x00005555555552c2 in predict (v=-6) at lreg.cpp:77
#3  0x000055555555551d in partialDerivate (pos=1) at lreg.cpp:107
#4  0x0000555555555670 in adjust () at lreg.cpp:123
#5  0x0000555555555881 in train (iterations=60000, N=3, stopsWhenStable=true) at lreg.cpp:159
#6  0x0000555555555dba in main (argc=3, argv=0x7fffffffde68) at lreg.cpp:225

26	w_pow_compat.c: No such file or directory.

Backtrace END
Fliping value of field: std::_Vector_base<double, std::allocator<double> >
Fliping value of field: _M_impl
Fliping value of field: _M_start
Fliping a bit of the value pointed by a pointer
Memory content before bitflip:0xd90x040xfa0xd00x5b0x2b0xc90xbf
Fault Model: Single bit-flip
base address to flip value: 0x555555771360
address max offset: 8
Memory content after  bitflip:0xd90x040x7a0xd00x5b0x2b0xc90xbf
frame name: predict
symbol name: T
symbol filename: lreg.cpp
symbol line: 43
value: std::vector of length 3, capacity 3 = {-0.19663570098422303, 1.9658364422044048, -0.0030841806780496483}
value address: 0x55555575a180 <T>
Type: The type is a structure.
Type sizeof: 24
Field name: std::_Vector_base<double, std::allocator<double> >
Field Type: The type is a structure.
Field Type sizeof: 24

[INFO -- 2018-10-06 16:13:13]
Fault Injection Successful after 1.6050934791564941s
[INFO -- 2018-10-06 16:13:22]
event type: exit
[INFO -- 2018-10-06 16:13:22]
exit code: 0
