[INFO -- 2018-10-12 15:19:28]
Starting flip_value script
version: 1.1
[INFO -- 2018-10-12 15:19:28]
Initialization strings:
[INFO -- 2018-10-12 15:19:28]
(1) file /tmp/lreg/lreg
[INFO -- 2018-10-12 15:19:28]
(2) set args /tmp/lreg/randInput /tmp/lreg/output
[INFO -- 2018-10-12 15:19:28]
initSignal:0
[INFO -- 2018-10-12 15:19:28]
endSignal:10
[INFO -- 2018-10-12 15:19:28]
faultModel:1
[INFO -- 2018-10-12 15:19:32]
Backtrace BEGIN:
#0  0x00007ffff76b7b0f in __pow (x=24, y=3) at w_pow_compat.c:30
#1  0x00005555555560ba in std::pow<double, unsigned int> (__x=24, __y=3) at /usr/include/c++/7/cmath:418
#2  0x00005555555552c2 in predict (v=24) at lreg.cpp:77
#3  0x000055555555537b in meanSquaredError () at lreg.cpp:91
#4  0x0000555555555886 in train (iterations=90000, N=4, stopsWhenStable=true) at lreg.cpp:160
#5  0x0000555555555dba in main (argc=3, argv=0x7fffffffde68) at lreg.cpp:225

25	w_pow_compat.c: No such file or directory.

Backtrace END
Memory content before bitflip:0x460x5a0xb70xf40x390x4d0xf70x3e
Fault Model: Double bit-flip
base address to flip value: 0x55555575a198 
address max offset: 8
Memory content after  bitflip:0x460x5a0xb70xf40x390x4d0xf70x76
frame name: std::pow<double, unsigned int>
symbol name: a1
symbol filename: lreg.cpp
symbol line: 45
value: 1.173986672980298e+265
value address: 0x55555575a198 <a1>
Type: A floating point type.
Type sizeof: 8

[INFO -- 2018-10-12 15:19:32]
Fault Injection Successful after 4.575540542602539s
[INFO -- 2018-10-12 15:19:38]
event type: exit
[INFO -- 2018-10-12 15:19:38]
exit code: 0
