[INFO -- 2018-10-13 11:08:48]
Starting flip_value script
version: 1.1
[INFO -- 2018-10-13 11:08:48]
Initialization strings:
[INFO -- 2018-10-13 11:08:48]
(1) file /tmp/lreg/lreg
[INFO -- 2018-10-13 11:08:48]
(2) set args /tmp/lreg/randInput /tmp/lreg/output
[INFO -- 2018-10-13 11:08:48]
initSignal:0
[INFO -- 2018-10-13 11:08:48]
endSignal:10
[INFO -- 2018-10-13 11:08:48]
faultModel:1
[INFO -- 2018-10-13 11:08:51]
Backtrace BEGIN:
#0  0x00005555555560ac in std::pow<double, unsigned int> (__x=-16, __y=3) at /usr/include/c++/7/cmath:418
#1  0x00005555555552c2 in predict (v=-16) at lreg.cpp:77
#2  0x00005555555553e9 in meanSquaredError () at lreg.cpp:91
#3  0x0000555555555886 in train (iterations=90000, N=4, stopsWhenStable=true) at lreg.cpp:160
#4  0x0000555555555dba in main (argc=3, argv=0x7fffffffde68) at lreg.cpp:225

413	    inline _GLIBCXX_CONSTEXPR
414	    typename __gnu_cxx::__promote_2<_Tp, _Up>::__type
415	    pow(_Tp __x, _Up __y)
416	    {
417	      typedef typename __gnu_cxx::__promote_2<_Tp, _Up>::__type __type;
418	      return pow(__type(__x), __type(__y));
419	    }
420	
421	  using ::sin;
422	

Backtrace END
Fliping value of field: std::_Vector_base<double, std::allocator<double> >
Fliping value of field: _M_impl
Fliping value of field: _M_finish
Fliping a bit of the value pointed by a pointer
Memory content before bitflip:0x000x000x000x000x000x000x000x00
Fault Model: Double bit-flip
base address to flip value: 0x5555557713a0
address max offset: 8
Memory content after  bitflip:0x210x000x000x000x000x000x000x00
frame name: std::pow<double, unsigned int>
symbol name: T
symbol filename: lreg.cpp
symbol line: 43
value: std::vector of length 4, capacity 4 = {5.4475729818105707, -41.777034240700836, 10.542706088136674, 3.5446598848369661}
value address: 0x55555575a180 <T>
Type: The type is a structure.
Type sizeof: 24
Field name: std::_Vector_base<double, std::allocator<double> >
Field Type: The type is a structure.
Field Type sizeof: 24

[INFO -- 2018-10-13 11:08:51]
Fault Injection Successful after 3.521353006362915s
[INFO -- 2018-10-13 11:08:58]
event type: exit
[INFO -- 2018-10-13 11:08:58]
exit code: 0
