[INFO -- 2018-10-04 18:30:15]
Starting flip_value script
version: 1.1
[INFO -- 2018-10-04 18:30:15]
Initialization strings:
[INFO -- 2018-10-04 18:30:15]
(1) file /tmp/lreg/lreg
[INFO -- 2018-10-04 18:30:15]
(2) set args /tmp/lreg/randInput /tmp/lreg/output
[INFO -- 2018-10-04 18:30:15]
initSignal:0
[INFO -- 2018-10-04 18:30:15]
endSignal:10
[INFO -- 2018-10-04 18:30:15]
faultModel:0
[EXCEPTION -- 2018-10-04 18:30:20]
pythonException: empty range for randrange() (0,0, 0)
[EXCEPTION -- 2018-10-04 18:30:20]
gdbException: Cannot access memory at address 0x555551771760
[EXCEPTION -- 2018-10-04 18:30:21]
pythonException: Unable to exit loop in struct fields; Exiting wihtout making a bit flip
[INFO -- 2018-10-04 18:30:21]
event type: exit
[EXCEPTION -- 2018-10-04 18:30:21]
exit code: no exit code available
