[INFO -- 2018-11-25 20:55:34]
Starting flip_value script
version: 1.1
[INFO -- 2018-11-25 20:55:34]
Initialization strings:
[INFO -- 2018-11-25 20:55:34]
(1) file /tmp/lreg/lreg
[INFO -- 2018-11-25 20:55:34]
(2) set args /tmp/lreg/randInput /tmp/lreg/output /tmp/lreg/detected.log
[INFO -- 2018-11-25 20:55:34]
initSignal:0
[INFO -- 2018-11-25 20:55:34]
endSignal:6
[INFO -- 2018-11-25 20:55:34]
faultModel:2
[INFO -- 2018-11-25 20:55:35]
Backtrace BEGIN:
#0  0x00007ffff76bcb0a in __pow (x=-15, y=0) at w_pow_compat.c:30
#1  0x000055555555621b in std::pow<double, int> (__x=-15, __y=0) at /usr/include/c++/7/cmath:418
#2  0x0000555555555451 in partialDerivate (pos=0) at lreg.cpp:74
#3  0x0000555555555503 in adjust (alpha=2.2222199999999999e-05) at lreg.cpp:87
#4  0x00005555555556ac in train (iterations=30000, alpha=2.2222199999999999e-05, N=4, stopsWhenStable=true) at lreg.cpp:120
#5  0x0000555555555a1c in execute (input=0x7fffffffe1f1 "/tmp/lreg/randInput") at lreg.cpp:157
#6  0x0000555555555c78 in main (argc=4, argv=0x7fffffffde48) at lreg.cpp:193

25	w_pow_compat.c: No such file or directory.

Backtrace END
Memory content before bitflip:0x080x000x000x00
Fault Model: Random bit-flip
base address to flip value: 0x7fffffffd674
address max offset: 4
Memory content after  bitflip:0xf10x9c0xca0x91
frame name: execute
symbol name: predictions
symbol filename: lreg.cpp
symbol line: 144
value: -1848992527
value address: 0x7fffffffd674
Type: The type is an integer type.
Type sizeof: 4

[INFO -- 2018-11-25 20:55:35]
Fault Injection Successful after 1.5805749893188477s
[INFO -- 2018-11-25 20:55:37]
event type: exit
[INFO -- 2018-11-25 20:55:37]
exit code: 0
