[INFO -- 2018-11-23 18:07:57]
Starting flip_value script
version: 1.1
[INFO -- 2018-11-23 18:07:57]
Initialization strings:
[INFO -- 2018-11-23 18:07:57]
(1) file /tmp/lreg/lreg
[INFO -- 2018-11-23 18:07:57]
(2) set args /tmp/lreg/randInput /tmp/lreg/output
[INFO -- 2018-11-23 18:07:57]
initSignal:0
[INFO -- 2018-11-23 18:07:57]
endSignal:3
[INFO -- 2018-11-23 18:07:57]
faultModel:0
[INFO -- 2018-11-23 18:07:59]
Backtrace BEGIN:
#0  std::__copy_move_a2<false, __gnu_cxx::__normal_iterator<double const*, std::vector<double, std::allocator<double> > >, __gnu_cxx::__normal_iterator<double*, std::vector<double, std::allocator<double> > > > (__first=0.33141207343222295, __last=0, __result=0.33138288265903232) at /usr/include/c++/7/bits/stl_algobase.h:420
#1  0x000055555555690b in std::copy<__gnu_cxx::__normal_iterator<double const*, std::vector<double, std::allocator<double> > >, __gnu_cxx::__normal_iterator<double*, std::vector<double, std::allocator<double> > > > (__first=0.33141207343222295, __last=0, __result=0.33138288265903232) at /usr/include/c++/7/bits/stl_algobase.h:456
#2  0x000055555555624d in std::vector<double, std::allocator<double> >::operator= (this=0x7fffffffd860, __x=std::vector of length 4, capacity 4 = {...}) at /usr/include/c++/7/bits/vector.tcc:218
#3  0x00005555555556a2 in train (iterations=30000, alpha=2.2222199999999999e-05, N=4, stopsWhenStable=true) at lreg.cpp:124
#4  0x0000555555555ab7 in main (argc=3, argv=0x7fffffffde58) at lreg.cpp:174

415	    __copy_move_a2(istreambuf_iterator<_CharT, char_traits<_CharT> >,
416			   istreambuf_iterator<_CharT, char_traits<_CharT> >, _CharT*);
417	
418	  template<bool _IsMove, typename _II, typename _OI>
419	    inline _OI
420	    __copy_move_a2(_II __first, _II __last, _OI __result)
421	    {
422	      return _OI(std::__copy_move_a<_IsMove>(std::__niter_base(__first),
423						     std::__niter_base(__last),
424						     std::__niter_base(__result)));

Backtrace END
Memory content before bitflip:0x6a0x670x000x00
Fault Model: Single bit-flip
base address to flip value: 0x7fffffffd82c
address max offset: 4
Memory content after  bitflip:0x6a0x670x010x00
frame name: train
symbol name: i
symbol filename: lreg.cpp
symbol line: 118
value: 92010
value address: 0x7fffffffd82c
Type: The type is an integer type.
Type sizeof: 4

[INFO -- 2018-11-23 18:07:59]
Fault Injection Successful after 2.4193811416625977s
[INFO -- 2018-11-23 18:07:59]
event type: exit
[INFO -- 2018-11-23 18:07:59]
exit code: 0
