[INFO -- 2018-10-08 19:50:07]
Starting flip_value script
version: 1.1
[INFO -- 2018-10-08 19:50:07]
Initialization strings:
[INFO -- 2018-10-08 19:50:07]
(1) file /tmp/lreg/lreg
[INFO -- 2018-10-08 19:50:07]
(2) set args /tmp/lreg/randInput /tmp/lreg/output
[INFO -- 2018-10-08 19:50:07]
initSignal:0
[INFO -- 2018-10-08 19:50:07]
endSignal:10
[INFO -- 2018-10-08 19:50:07]
faultModel:2
[EXCEPTION -- 2018-10-08 19:50:08]
pythonException: Unable to exit loop in struct fields; Exiting wihtout making a bit flip
[INFO -- 2018-10-08 19:50:08]
Backtrace BEGIN:
#0  0x0000555555555267 in predict (v=8) at lreg.cpp:74
#1  0x000055555555551d in partialDerivate (pos=1) at lreg.cpp:107
#2  0x0000555555555670 in adjust () at lreg.cpp:123
#3  0x0000555555555881 in train (iterations=30000, N=2, stopsWhenStable=true) at lreg.cpp:159
#4  0x0000555555555dba in main (argc=3, argv=0x7fffffffde68) at lreg.cpp:225

69		Predicts the value related to v using the Ts variables
70	*/
71	double predict(double v){
72		double val = 0;
73		for(UINT i1 = 0, i2 = 0, i3 = 0; 
74			selectTriUInt(i1, i2, i3)<T.size(); 
75			i1++, i2++, i3++)
76		{
77			val+= (T[selectTriUInt(i1, i2, i3)] * pow(v, selectTriUInt(i1, i2, i3)));
78		}

Backtrace END
Memory content before bitflip:0x800xa50xd30xdf0x060x180x140x3e
Fault Model: Random bit-flip
base address to flip value: 0x7fffffffd820
address max offset: 8
Memory content after  bitflip:0xdb0x110x900x170x580x350x270xf7
frame name: train
symbol name: bestMSE
symbol filename: lreg.cpp
symbol line: 152
value: -9.3542921562932445e+265
value address: 0x7fffffffd820
Type: A floating point type.
Type sizeof: 8

[INFO -- 2018-10-08 19:50:08]
Fault Injection Successful after 1.180443286895752s
[INFO -- 2018-10-08 19:50:17]
event type: exit
[INFO -- 2018-10-08 19:50:17]
exit code: 0
