[INFO -- 2018-10-12 20:34:08]
Starting flip_value script
version: 1.1
[INFO -- 2018-10-12 20:34:08]
Initialization strings:
[INFO -- 2018-10-12 20:34:08]
(1) file /tmp/lreg/lreg
[INFO -- 2018-10-12 20:34:08]
(2) set args /tmp/lreg/randInput /tmp/lreg/output
[INFO -- 2018-10-12 20:34:08]
initSignal:0
[INFO -- 2018-10-12 20:34:08]
endSignal:10
[INFO -- 2018-10-12 20:34:08]
faultModel:0
[INFO -- 2018-10-12 20:34:10]
Backtrace BEGIN:
#0  0x00007ffff76d5a2d in __ieee754_pow_sse2 (x=<optimized out>, y=<optimized out>) at ../sysdeps/ieee754/dbl-64/e_pow.c:215
#1  0x00007ffff76b7b14 in __pow (x=-11, y=0) at w_pow_compat.c:30
#2  0x00005555555560ba in std::pow<double, unsigned int> (__x=-11, __y=0) at /usr/include/c++/7/cmath:418
#3  0x00005555555552c2 in predict (v=-11) at lreg.cpp:77
#4  0x00005555555553e9 in meanSquaredError () at lreg.cpp:91
#5  0x0000555555555886 in train (iterations=60000, N=3, stopsWhenStable=true) at lreg.cpp:160
#6  0x0000555555555dba in main (argc=3, argv=0x7fffffffde68) at lreg.cpp:225

210	../sysdeps/ieee754/dbl-64/e_pow.c: No such file or directory.

Backtrace END
Memory content before bitflip:0x000x000x000x000x000x000x000x00
Fault Model: Single bit-flip
base address to flip value: 0x7fffffffd788
address max offset: 8
Memory content after  bitflip:0x000x000x080x000x000x000x000x00
frame name: predict
symbol name: val
symbol filename: lreg.cpp
symbol line: 72
value: 2.5903268932681547e-318
value address: 0x7fffffffd788
Type: A floating point type.
Type sizeof: 8

[INFO -- 2018-10-12 20:34:10]
Fault Injection Successful after 2.8090083599090576s
[INFO -- 2018-10-12 20:34:18]
event type: exit
[INFO -- 2018-10-12 20:34:18]
exit code: 0
