[INFO -- 2018-11-01 17:41:57]
Starting flip_value script
version: 1.1
[INFO -- 2018-11-01 17:41:57]
Initialization strings:
[INFO -- 2018-11-01 17:41:57]
(1) file /tmp/lreg/lreg
[INFO -- 2018-11-01 17:41:57]
(2) set args /tmp/lreg/randInput /tmp/lreg/output /tmp/lreg/detected.log
[INFO -- 2018-11-01 17:41:57]
initSignal:0
[INFO -- 2018-11-01 17:41:57]
endSignal:20
[INFO -- 2018-11-01 17:41:57]
faultModel:0
[INFO -- 2018-11-01 17:42:03]
Backtrace BEGIN:
#0  libc_feholdsetround_sse_ctx (r=0, ctx=<synthetic pointer>) at ../sysdeps/i386/fpu/fenv_private.h:447
#1  __ieee754_pow_sse2 (x=27, y=3) at ../sysdeps/ieee754/dbl-64/e_pow.c:97
#2  0x00007ffff76bcb14 in __pow (x=27, y=3) at w_pow_compat.c:30
#3  0x0000555555556131 in std::pow<double, int> (__x=27, __y=3) at /usr/include/c++/7/cmath:418
#4  0x0000555555555237 in predict (v=27) at lreg.cpp:50
#5  0x000055555555530a in meanSquaredError () at lreg.cpp:61
#6  0x00005555555556b1 in train (iterations=60000, alpha=2.2222199999999999e-05, N=4, stopsWhenStable=true) at lreg.cpp:121
#7  0x0000555555555a1c in execute (input=0x7fffffffe1f3 "/tmp/lreg/randInput") at lreg.cpp:157
#8  0x0000555555555c60 in main (argc=4, argv=0x7fffffffde48) at lreg.cpp:191

442	../sysdeps/i386/fpu/fenv_private.h: No such file or directory.

Backtrace END
Memory content before bitflip:0x460x5a0xb70xf40x390x4d0xf70x3e
Fault Model: Single bit-flip
base address to flip value: 0x7fffffffd560
address max offset: 8
Memory content after  bitflip:0x460x5a0xb70xf40x390x4d0xe70x3e
frame name: train
symbol name: alpha
symbol filename: lreg.cpp
symbol line: 105
value: 1.1111099999999999e-05
value address: 0x7fffffffd560
Type: A floating point type.
Type sizeof: 8

[INFO -- 2018-11-01 17:42:03]
Fault Injection Successful after 6.0094897747039795s
[INFO -- 2018-11-01 17:42:13]
event type: exit
[INFO -- 2018-11-01 17:42:13]
exit code: 0
