[INFO -- 2018-10-06 18:11:59]
Starting flip_value script
version: 1.1
[INFO -- 2018-10-06 18:11:59]
Initialization strings:
[INFO -- 2018-10-06 18:11:59]
(1) file /tmp/lreg/lreg
[INFO -- 2018-10-06 18:11:59]
(2) set args /tmp/lreg/randInput /tmp/lreg/output
[INFO -- 2018-10-06 18:11:59]
initSignal:0
[INFO -- 2018-10-06 18:11:59]
endSignal:10
[INFO -- 2018-10-06 18:11:59]
faultModel:2
[INFO -- 2018-10-06 18:12:02]
Backtrace BEGIN:
#0  0x0000555555555545 in partialDerivate (pos=3) at lreg.cpp:107
#1  0x0000555555555670 in adjust () at lreg.cpp:123
#2  0x0000555555555881 in train (iterations=90000, N=4, stopsWhenStable=true) at lreg.cpp:159
#3  0x0000555555555dba in main (argc=3, argv=0x7fffffffde68) at lreg.cpp:225

102		double pD = 0;
103		for(UINT i1 = 0, i2 = 0, i3 = 0; 
104			selectTriUInt(i1, i2, i3)<x.size(); 
105			i1++, i2++, i3++)
106		{
107			pD += ((predict(x[selectTriUInt(i1, i2, i3)]) - y[selectTriUInt(i1, i2, i3)])*pow(x[selectTriUInt(i1, i2, i3)], pos));	
108		}
109		pD *= (2.0/x.size());
110		return pD;
111	}

Backtrace END
Memory content before bitflip:0x460x5a0xb70xf40x390x4d0xf70x3e
Fault Model: Random bit-flip
base address to flip value: 0x55555575a198 
address max offset: 8
Memory content after  bitflip:0xe10x2d0xaf0x4d0x340x7f0xf30xe5
frame name: train
symbol name: a1
symbol filename: lreg.cpp
symbol line: 45
value: -1.2944424995836865e+183
value address: 0x55555575a198 <a1>
Type: A floating point type.
Type sizeof: 8

[INFO -- 2018-10-06 18:12:02]
Fault Injection Successful after 3.228578805923462s
[INFO -- 2018-10-06 18:12:08]
event type: exit
[INFO -- 2018-10-06 18:12:08]
exit code: 0
