[INFO -- 2018-11-26 18:09:39]
Starting flip_value script
version: 1.1
[INFO -- 2018-11-26 18:09:39]
Initialization strings:
[INFO -- 2018-11-26 18:09:39]
(1) file /tmp/lreg/lreg
[INFO -- 2018-11-26 18:09:39]
(2) set args /tmp/lreg/randInput /tmp/lreg/output
[INFO -- 2018-11-26 18:09:39]
initSignal:0
[INFO -- 2018-11-26 18:09:39]
endSignal:3
[INFO -- 2018-11-26 18:09:39]
faultModel:2
[INFO -- 2018-11-26 18:09:39]
Backtrace BEGIN:
#0  verifyUintDup (a=1, b=1) at lreg.cpp:68
#1  0x00005555555557c3 in predict (v=-12) at lreg.cpp:116
#2  0x0000555555555a53 in partialDerivate (pos1=1, pos2=1) at lreg.cpp:142
#3  0x0000555555555bbe in adjust (alpha1=0.00020000000000000001, alpha2=0.00020000000000000001) at lreg.cpp:156
#4  0x0000555555555ee0 in train (iter1=10000, iter2=10000, N=2, alpha1=0.00020000000000000001, alpha2=0.00020000000000000001, stopsWhenStable=true) at lreg.cpp:193
#5  0x0000555555556467 in main (argc=3, argv=0x7fffffffde58) at lreg.cpp:253

63			//gerar entrada no log
64			ofstream fp ("/tmp/lreg/detected.log", std::ofstream::app);
65			fp << "verifyUint: a = "<<a<<"; b = "<<b<<endl;
66	        detected = 1;	
67		}
68		return a;
69	}
70	double verifyDoubleDup(double a, double b){
71		if (a != b && detected != 1){
72			//gerar entrada no log

Backtrace END
Fliping value of field: std::_Vector_base<double, std::allocator<double> >
Fliping value of field: _M_impl
Fliping value of field: _M_end_of_storage
Fliping a bit of the value pointed by a pointer
Memory content before bitflip:0x000x000x000x000x000x000x000x00
Fault Model: Random bit-flip
base address to flip value: 0x555555772350
address max offset: 8
Memory content after  bitflip:0x970xae0x370x6e0x000x900x0a0x77
frame name: adjust
symbol name: T1
symbol filename: lreg.cpp
symbol line: 36
value: std::vector of length 2, capacity 2 = {1.8987554286110024, -1.0026220522323326}
value address: 0x55555575b180 <T1>
Type: The type is a structure.
Type sizeof: 24
Field name: std::_Vector_base<double, std::allocator<double> >
Field Type: The type is a structure.
Field Type sizeof: 24

[INFO -- 2018-11-26 18:09:39]
Fault Injection Successful after 0.879413366317749s
[INFO -- 2018-11-26 18:09:41]
event type: exit
[INFO -- 2018-11-26 18:09:41]
exit code: 0
