[INFO -- 2018-10-13 18:17:13]
Starting flip_value script
version: 1.1
[INFO -- 2018-10-13 18:17:13]
Initialization strings:
[INFO -- 2018-10-13 18:17:13]
(1) file /tmp/lreg/lreg
[INFO -- 2018-10-13 18:17:13]
(2) set args /tmp/lreg/randInput /tmp/lreg/output
[INFO -- 2018-10-13 18:17:13]
initSignal:0
[INFO -- 2018-10-13 18:17:13]
endSignal:10
[INFO -- 2018-10-13 18:17:13]
faultModel:2
[INFO -- 2018-10-13 18:17:16]
Backtrace BEGIN:
#0  libc_feholdsetround_sse_ctx (r=0, ctx=<synthetic pointer>) at ../sysdeps/i386/fpu/fenv_private.h:447
#1  __ieee754_pow_sse2 (x=12, y=3) at ../sysdeps/ieee754/dbl-64/e_pow.c:97
#2  0x00007ffff76db6be in __ieee754_pow_sse2 (x=<optimized out>, y=<optimized out>) at ../sysdeps/ieee754/dbl-64/e_pow.c:184
#3  0x00007ffff76bcb14 in __pow (x=-12, y=3) at w_pow_compat.c:30
#4  0x00005555555560ba in std::pow<double, unsigned int> (__x=-12, __y=3) at /usr/include/c++/7/cmath:418
#5  0x00005555555552c2 in predict (v=-12) at lreg.cpp:77
#6  0x000055555555537b in meanSquaredError () at lreg.cpp:91
#7  0x0000555555555886 in train (iterations=90000, N=4, stopsWhenStable=true) at lreg.cpp:160
#8  0x0000555555555dba in main (argc=3, argv=0x7fffffffde68) at lreg.cpp:225

442	../sysdeps/i386/fpu/fenv_private.h: No such file or directory.

Backtrace END
Fliping value of field: std::_Vector_base<double, std::allocator<double> >
Fliping value of field: _M_impl
Fliping value of field: _M_finish
Fliping a bit of the value pointed by a pointer
Memory content before bitflip:0x000x000x000x000x000x000x000x00
Fault Model: Random bit-flip
base address to flip value: 0x5555557713a0
address max offset: 8
Memory content after  bitflip:0x360xc20x420x800x970xa90xc00x01
frame name: meanSquaredError
symbol name: T
symbol filename: lreg.cpp
symbol line: 43
value: std::vector of length 4, capacity 4 = {12.131686000848305, 49.912476115316629, -11.507438682131799, -1.8516286789828356}
value address: 0x55555575a180 <T>
Type: The type is a structure.
Type sizeof: 24
Field name: std::_Vector_base<double, std::allocator<double> >
Field Type: The type is a structure.
Field Type sizeof: 24

[INFO -- 2018-10-13 18:17:16]
Fault Injection Successful after 3.523531198501587s
[INFO -- 2018-10-13 18:17:23]
event type: exit
[INFO -- 2018-10-13 18:17:23]
exit code: 0
