[INFO -- 2018-11-15 14:54:30]
Starting flip_value script
version: 1.1
[INFO -- 2018-11-15 14:54:30]
Initialization strings:
[INFO -- 2018-11-15 14:54:30]
(1) file /tmp/lreg/lreg
[INFO -- 2018-11-15 14:54:30]
(2) set args /tmp/lreg/randInput /tmp/lreg/output
[INFO -- 2018-11-15 14:54:30]
initSignal:0
[INFO -- 2018-11-15 14:54:30]
endSignal:5
[INFO -- 2018-11-15 14:54:30]
faultModel:1
[INFO -- 2018-11-15 14:54:32]
Backtrace BEGIN:
#0  0x000055555555511b in verifyUintDup (a=2, b=2) at lreg.cpp:61
#1  0x00005555555557c3 in predict (v=-18) at lreg.cpp:116
#2  0x0000555555555928 in meanSquaredError () at lreg.cpp:128
#3  0x0000555555555ee5 in train (iter1=45000, iter2=45000, N=4, alpha1=2.2222199999999999e-05, alpha2=2.2222199999999999e-05, stopsWhenStable=true) at lreg.cpp:194
#4  0x0000555555556467 in main (argc=3, argv=0x7fffffffde58) at lreg.cpp:253

56	*/
57	
58	int detected = 0;
59	
60	
61	UINT verifyUintDup(UINT a, UINT b){
62		if (a != b && detected != 1){
63			//gerar entrada no log
64			ofstream fp ("/tmp/lreg/detected.log", std::ofstream::app);
65			fp << "verifyUint: a = "<<a<<"; b = "<<b<<endl;

Backtrace END
Fliping value of field: std::_Vector_base<double, std::allocator<double> >
Fliping value of field: _M_impl
Fliping value of field: _M_start
Fliping a bit of the value pointed by a pointer
Memory content before bitflip:0xff0xb50x3d0x560x770x270xd30xbf
Fault Model: Double bit-flip
base address to flip value: 0x555555772380
address max offset: 8
Memory content after  bitflip:0xff0xb50x3d0x560x770x220xd30xbf
frame name: predict
symbol name: T1
symbol filename: lreg.cpp
symbol line: 36
value: std::vector of length 4, capacity 4 = {-0.29897864744165753, -0.16822549498789235, -4.9960724936118464, -4.9663007930121781}
value address: 0x55555575b180 <T1>
Type: The type is a structure.
Type sizeof: 24
Field name: std::_Vector_base<double, std::allocator<double> >
Field Type: The type is a structure.
Field Type sizeof: 24

[INFO -- 2018-11-15 14:54:32]
Fault Injection Successful after 2.3672735691070557s
[INFO -- 2018-11-15 14:54:35]
event type: exit
[INFO -- 2018-11-15 14:54:35]
exit code: 0
