[INFO -- 2018-11-23 17:45:32]
Starting flip_value script
version: 1.1
[INFO -- 2018-11-23 17:45:32]
Initialization strings:
[INFO -- 2018-11-23 17:45:32]
(1) file /tmp/lreg/lreg
[INFO -- 2018-11-23 17:45:32]
(2) set args /tmp/lreg/randInput /tmp/lreg/output
[INFO -- 2018-11-23 17:45:32]
initSignal:0
[INFO -- 2018-11-23 17:45:32]
endSignal:3
[INFO -- 2018-11-23 17:45:32]
faultModel:1
[INFO -- 2018-11-23 17:45:32]
Backtrace BEGIN:
#0  __ieee754_pow_sse2 (x=-19, y=1) at ../sysdeps/ieee754/dbl-64/e_pow.c:76
#1  0x00007ffff76bcb14 in __pow (x=-19, y=1) at w_pow_compat.c:30
#2  0x0000555555555d5f in std::pow<double, int> (__x=-19, __y=1) at /usr/include/c++/7/cmath:418
#3  0x00005555555551e7 in predict (v=-19) at lreg.cpp:50
#4  0x00005555555553ac in partialDerivate (pos=2) at lreg.cpp:74
#5  0x00005555555554b3 in adjust (alpha=5.0000000000000002e-05) at lreg.cpp:87
#6  0x000055555555565c in train (iterations=20000, alpha=5.0000000000000002e-05, N=3, stopsWhenStable=true) at lreg.cpp:120
#7  0x0000555555555ab7 in main (argc=3, argv=0x7fffffffde58) at lreg.cpp:174

71	../sysdeps/ieee754/dbl-64/e_pow.c: No such file or directory.

Backtrace END
Fliping value of field name: x
Memory content before bitflip:0x000x000x000x000x000x000x000x80
Fault Model: Double bit-flip
base address to flip value: 0x7ffff779f5e0 
address max offset: 8
Memory content after  bitflip:0x000x000x810x000x000x000x000x80
frame name: __ieee754_pow_sse2
symbol name: nZERO
symbol filename: ../sysdeps/ieee754/dbl-64/upow.h
symbol line: 47
value: {i = {8454144, -2147483648}, x = -4.1769021153948994e-317}
value address: 0x7ffff779f5e0 <nZERO>
Type: The type is a union.
Type sizeof: 8
Field name: i
Field Type: The type is an array.
Field Type sizeof: 8
Field name: x
Field Type: A floating point type.
Field Type sizeof: 8

[INFO -- 2018-11-23 17:45:32]
Fault Injection Successful after 0.6576664447784424s
[INFO -- 2018-11-23 17:45:33]
event type: exit
[INFO -- 2018-11-23 17:45:33]
exit code: 0
