[INFO -- 2018-09-16 00:18:15]
Starting flip_value script
version: 1.1
[INFO -- 2018-09-16 00:18:15]
Initialization strings:
[INFO -- 2018-09-16 00:18:15]
(1) file /tmp/lreg/lreg
[INFO -- 2018-09-16 00:18:15]
(2) set args /tmp/lreg/randInput /tmp/lreg/output
[INFO -- 2018-09-16 00:18:15]
initSignal:0
[INFO -- 2018-09-16 00:18:15]
endSignal:2
[INFO -- 2018-09-16 00:18:15]
faultModel:0
[EXCEPTION -- 2018-09-16 00:18:16]
gdbException: Attempt to dereference a generic pointer.
[EXCEPTION -- 2018-09-16 00:18:16]
pythonException: Unable to exit loop in struct fields; Exiting wihtout making a bit flip
[EXCEPTION -- 2018-09-16 00:18:16]
pythonException: Unable to exit loop in struct fields; Exiting wihtout making a bit flip
[INFO -- 2018-09-16 00:18:23]
event type: exit
[INFO -- 2018-09-16 00:18:23]
exit code: 0
