[INFO -- 2018-11-23 16:43:03]
Starting flip_value script
version: 1.1
[INFO -- 2018-11-23 16:43:03]
Initialization strings:
[INFO -- 2018-11-23 16:43:03]
(1) file /tmp/lreg/lreg
[INFO -- 2018-11-23 16:43:03]
(2) set args /tmp/lreg/randInput /tmp/lreg/output
[INFO -- 2018-11-23 16:43:03]
initSignal:0
[INFO -- 2018-11-23 16:43:03]
endSignal:3
[INFO -- 2018-11-23 16:43:03]
faultModel:0
[EXCEPTION -- 2018-11-23 16:43:05]
pythonException: Unable to exit loop in struct fields; Exiting wihtout making a bit flip
[INFO -- 2018-11-23 16:43:05]
Backtrace BEGIN:
#0  0x00007ffff76da567 in __ieee754_pow_sse2 (x=21, y=3) at ../sysdeps/ieee754/dbl-64/e_pow.c:76
#1  0x00007ffff76bcb14 in __pow (x=21, y=3) at w_pow_compat.c:30
#2  0x0000555555555d5f in std::pow<double, int> (__x=21, __y=3) at /usr/include/c++/7/cmath:418
#3  0x00005555555551e7 in predict (v=21) at lreg.cpp:50
#4  0x00005555555553ac in partialDerivate (pos=2) at lreg.cpp:74
#5  0x00005555555554b3 in adjust (alpha=2.2222199999999999e-05) at lreg.cpp:87
#6  0x000055555555565c in train (iterations=30000, alpha=2.2222199999999999e-05, N=4, stopsWhenStable=true) at lreg.cpp:120
#7  0x0000555555555ab7 in main (argc=3, argv=0x7fffffffde58) at lreg.cpp:174

71	in ../sysdeps/ieee754/dbl-64/e_pow.c

Backtrace END
Fliping value of field name: i
Fliping array at pos: 1
Memory content before bitflip:0x000x000x300x43
Fault Model: Single bit-flip
base address to flip value: 0x7ffff779f5a4 
address max offset: 4
Memory content after  bitflip:0x000x000x100x43
frame name: __ieee754_pow_sse2
symbol name: two52e
symbol filename: ../sysdeps/ieee754/dbl-64/upow.h
symbol line: 55
value: {i = {1023, 1125122048}, x = 1125899906842879.8}
value address: 0x7ffff779f5a0 <two52e>
Type: The type is a union.
Type sizeof: 8
Field name: i
Field Type: The type is an array.
Field Type sizeof: 8
Field name: x
Field Type: A floating point type.
Field Type sizeof: 8

[INFO -- 2018-11-23 16:43:05]
Fault Injection Successful after 2.8728578090667725s
[INFO -- 2018-11-23 16:43:07]
event type: exit
[INFO -- 2018-11-23 16:43:07]
exit code: 0
