[INFO -- 2018-11-26 18:47:31]
Starting flip_value script
version: 1.1
[INFO -- 2018-11-26 18:47:31]
Initialization strings:
[INFO -- 2018-11-26 18:47:31]
(1) file /tmp/lreg/lreg
[INFO -- 2018-11-26 18:47:31]
(2) set args /tmp/lreg/randInput /tmp/lreg/output
[INFO -- 2018-11-26 18:47:31]
initSignal:0
[INFO -- 2018-11-26 18:47:31]
endSignal:3
[INFO -- 2018-11-26 18:47:31]
faultModel:2
[INFO -- 2018-11-26 18:47:33]
Backtrace BEGIN:
#0  0x00007ffff76daa2d in __ieee754_pow_sse2 (x=<optimized out>, y=<optimized out>) at ../sysdeps/ieee754/dbl-64/e_pow.c:215
#1  0x00007ffff76db6be in __ieee754_pow_sse2 (x=<optimized out>, y=<optimized out>) at ../sysdeps/ieee754/dbl-64/e_pow.c:184
#2  0x00007ffff76bcb14 in __pow (x=-1, y=3) at w_pow_compat.c:30
#3  0x0000555555556826 in std::pow<double, unsigned int> (__x=-1, __y=3) at /usr/include/c++/7/cmath:418
#4  0x0000555555555814 in predict (v=-1) at lreg.cpp:116
#5  0x0000555555555a53 in partialDerivate (pos1=2, pos2=2) at lreg.cpp:142
#6  0x0000555555555bbe in adjust (alpha1=2.2222199999999999e-05, alpha2=2.2222199999999999e-05) at lreg.cpp:156
#7  0x0000555555555ee0 in train (iter1=30000, iter2=30000, N=4, alpha1=2.2222199999999999e-05, alpha2=2.2222199999999999e-05, stopsWhenStable=true) at lreg.cpp:193
#8  0x0000555555556467 in main (argc=3, argv=0x7fffffffde58) at lreg.cpp:253

210	../sysdeps/ieee754/dbl-64/e_pow.c: No such file or directory.

Backtrace END
Memory content before bitflip:0x6c0x380x5b0x7e0xf70x5f0xe50xc0
Fault Model: Random bit-flip
base address to flip value: 0x7fffffffd728
address max offset: 8
Memory content after  bitflip:0x9c0x710x490xf50x7a0x630xa90xdc
frame name: partialDerivate
symbol name: pD
symbol filename: lreg.cpp
symbol line: 139
value: -2.3620369868373995e+138
value address: 0x7fffffffd728
Type: A floating point type.
Type sizeof: 8

[INFO -- 2018-11-26 18:47:33]
Fault Injection Successful after 2.414485216140747s
[INFO -- 2018-11-26 18:47:34]
event type: exit
[INFO -- 2018-11-26 18:47:34]
exit code: 0
