[INFO -- 2018-10-13 13:46:18]
Starting flip_value script
version: 1.1
[INFO -- 2018-10-13 13:46:18]
Initialization strings:
[INFO -- 2018-10-13 13:46:18]
(1) file /tmp/lreg/lreg
[INFO -- 2018-10-13 13:46:18]
(2) set args /tmp/lreg/randInput /tmp/lreg/output
[INFO -- 2018-10-13 13:46:18]
initSignal:0
[INFO -- 2018-10-13 13:46:18]
endSignal:10
[INFO -- 2018-10-13 13:46:18]
faultModel:1
[EXCEPTION -- 2018-10-13 13:46:19]
pythonException: Unable to exit loop in struct fields; Exiting wihtout making a bit flip
[INFO -- 2018-10-13 13:46:19]
Backtrace BEGIN:
#0  0x0000555555555291 in predict (v=6) at lreg.cpp:77
#1  0x00005555555553e9 in meanSquaredError () at lreg.cpp:91
#2  0x0000555555555886 in train (iterations=60000, N=3, stopsWhenStable=true) at lreg.cpp:160
#3  0x0000555555555dba in main (argc=3, argv=0x7fffffffde68) at lreg.cpp:225

72		double val = 0;
73		for(UINT i1 = 0, i2 = 0, i3 = 0; 
74			selectTriUInt(i1, i2, i3)<T.size(); 
75			i1++, i2++, i3++)
76		{
77			val+= (T[selectTriUInt(i1, i2, i3)] * pow(v, selectTriUInt(i1, i2, i3)));
78		}
79		return val;
80		
81	}

Backtrace END
Memory content before bitflip:0xa60x890x740x580xa20x2b0xbb0x40
Fault Model: Double bit-flip
base address to flip value: 0x7fffffffd828
address max offset: 8
Memory content after  bitflip:0xa60x890x740x580xea0x2b0xbb0x40
frame name: train
symbol name: MSE
symbol filename: lreg.cpp
symbol line: 153
value: 6955.9154122196251
value address: 0x7fffffffd828
Type: A floating point type.
Type sizeof: 8

[INFO -- 2018-10-13 13:46:19]
Fault Injection Successful after 1.7626991271972656s
[INFO -- 2018-10-13 13:46:27]
event type: exit
[INFO -- 2018-10-13 13:46:27]
exit code: 0
