[INFO -- 2018-10-08 18:04:29]
Starting flip_value script
version: 1.1
[INFO -- 2018-10-08 18:04:29]
Initialization strings:
[INFO -- 2018-10-08 18:04:29]
(1) file /tmp/lreg/lreg
[INFO -- 2018-10-08 18:04:29]
(2) set args /tmp/lreg/randInput /tmp/lreg/output
[INFO -- 2018-10-08 18:04:29]
initSignal:0
[INFO -- 2018-10-08 18:04:29]
endSignal:10
[INFO -- 2018-10-08 18:04:29]
faultModel:1
[INFO -- 2018-10-08 18:04:31]
Backtrace BEGIN:
#0  __ieee754_pow_sse2 (x=31, y=0) at ../sysdeps/ieee754/dbl-64/e_pow.c:65
#1  0x00007ffff76b7b14 in __pow (x=31, y=0) at w_pow_compat.c:30
#2  0x00005555555560ba in std::pow<double, unsigned int> (__x=31, __y=0) at /usr/include/c++/7/cmath:418
#3  0x00005555555552c2 in predict (v=31) at lreg.cpp:77
#4  0x000055555555551d in partialDerivate (pos=0) at lreg.cpp:107
#5  0x0000555555555670 in adjust () at lreg.cpp:123
#6  0x0000555555555881 in train (iterations=90000, N=4, stopsWhenStable=true) at lreg.cpp:159
#7  0x0000555555555dba in main (argc=3, argv=0x7fffffffde68) at lreg.cpp:225

60	../sysdeps/ieee754/dbl-64/e_pow.c: No such file or directory.

Backtrace END
Memory content before bitflip:0x000x000x000x000x000x000x3f0x40
Fault Model: Double bit-flip
base address to flip value: 0x7fffffffd6a0
address max offset: 8
Memory content after  bitflip:0x000x000x000x000x000x000xbe0x40
frame name: __pow
symbol name: x
symbol filename: w_pow_compat.c
symbol line: 28
value: 7680
value address: 0x7fffffffd6a0
Type: A floating point type.
Type sizeof: 8

[INFO -- 2018-10-08 18:04:31]
Fault Injection Successful after 2.8826510906219482s
[INFO -- 2018-10-08 18:04:41]
event type: exit
[INFO -- 2018-10-08 18:04:41]
exit code: 0
