[INFO -- 2018-11-25 19:13:15]
Starting flip_value script
version: 1.1
[INFO -- 2018-11-25 19:13:15]
Initialization strings:
[INFO -- 2018-11-25 19:13:15]
(1) file /tmp/lreg/lreg
[INFO -- 2018-11-25 19:13:15]
(2) set args /tmp/lreg/randInput /tmp/lreg/output /tmp/lreg/detected.log
[INFO -- 2018-11-25 19:13:15]
initSignal:0
[INFO -- 2018-11-25 19:13:15]
endSignal:6
[INFO -- 2018-11-25 19:13:15]
faultModel:2
[INFO -- 2018-11-25 19:13:16]
Backtrace BEGIN:
#0  0x0000555555557623 in std::__miter_base<__gnu_cxx::__normal_iterator<double const*, std::vector<double, std::allocator<double> > > > (__it=<error reading variable: Cannot access memory at address 0x18>) at /usr/include/c++/7/bits/cpp_type_traits.h:408
#1  0x000055555555802f in std::copy<__gnu_cxx::__normal_iterator<double const*, std::vector<double, std::allocator<double> > >, double*> (__first=1.4137418771029875, __last=1.6304166312761136e-322, __result=0x555555772490) at /usr/include/c++/7/bits/stl_algobase.h:455
#2  0x0000555555557d8a in std::__uninitialized_copy<true>::__uninit_copy<__gnu_cxx::__normal_iterator<double const*, std::vector<double, std::allocator<double> > >, double*> (__first=1.4137418771029875, __last=1.6304166312761136e-322, __result=0x555555772490) at /usr/include/c++/7/bits/stl_uninitialized.h:101
#3  0x000055555555758e in std::uninitialized_copy<__gnu_cxx::__normal_iterator<double const*, std::vector<double, std::allocator<double> > >, double*> (__first=1.4137418771029875, __last=1.6304166312761136e-322, __result=0x555555772490) at /usr/include/c++/7/bits/stl_uninitialized.h:134
#4  0x0000555555556c1f in std::__uninitialized_copy_a<__gnu_cxx::__normal_iterator<double const*, std::vector<double, std::allocator<double> > >, double*, double> (__first=1.4137418771029875, __last=1.6304166312761136e-322, __result=0x555555772490) at /usr/include/c++/7/bits/stl_uninitialized.h:289
#5  0x000055555555643f in std::vector<double, std::allocator<double> >::vector (this=0x7fffffffd5d0, __x=std::vector of length 3, capacity 3 = {...}) at /usr/include/c++/7/bits/stl_vector.h:331
#6  0x000055555555572b in train (iterations=20000, alpha=5.0000000000000002e-05, N=3, stopsWhenStable=true) at lreg.cpp:126
#7  0x0000555555555a1c in execute (input=0x7fffffffe1f1 "/tmp/lreg/randInput") at lreg.cpp:157
#8  0x0000555555555c78 in main (argc=4, argv=0x7fffffffde48) at lreg.cpp:193

403	
404	  // Fallback implementation of the function in bits/stl_iterator.h used to
405	  // remove the move_iterator wrapper.
406	  template<typename _Iterator>
407	    inline _Iterator
408	    __miter_base(_Iterator __it)
409	    { return __it; }
410	
411	_GLIBCXX_END_NAMESPACE_VERSION
412	} // namespace

Backtrace END
Memory content before bitflip:0x200x4e0x000x00
Fault Model: Random bit-flip
base address to flip value: 0x7fffffffd668
address max offset: 4
Memory content after  bitflip:0xbe0xab0x570x29
frame name: execute
symbol name: iterations
symbol filename: lreg.cpp
symbol line: 144
value: 693611454
value address: 0x7fffffffd668
Type: The type is an integer type.
Type sizeof: 4

[INFO -- 2018-11-25 19:13:16]
Fault Injection Successful after 1.095346450805664s
[INFO -- 2018-11-25 19:13:18]
event type: exit
[INFO -- 2018-11-25 19:13:18]
exit code: 0
