[INFO -- 2018-10-02 18:25:05]
Starting flip_value script
version: 1.1
[INFO -- 2018-10-02 18:25:05]
Initialization strings:
[INFO -- 2018-10-02 18:25:05]
(1) file /tmp/lreg/lreg
[INFO -- 2018-10-02 18:25:05]
(2) set args /tmp/lreg/randInput /tmp/lreg/output
[INFO -- 2018-10-02 18:25:05]
initSignal:0
[INFO -- 2018-10-02 18:25:05]
endSignal:10
[INFO -- 2018-10-02 18:25:05]
faultModel:1
[EXCEPTION -- 2018-10-02 18:25:06]
pythonException: Unable to exit loop in struct fields; Exiting wihtout making a bit flip
[INFO -- 2018-10-02 18:25:07]
Backtrace BEGIN:
#0  0x0000555555555d50 in std::pow<double, int> (__x=-1, __y=1) at /usr/include/c++/7/cmath:418
#1  0x00005555555551e7 in predict (v=-1) at lreg.cpp:50
#2  0x00005555555552ba in meanSquaredError () at lreg.cpp:61
#3  0x0000555555555661 in train (iterations=60000, alpha=5.0000000000000002e-05, N=3, stopsWhenStable=true) at lreg.cpp:121
#4  0x0000555555555ab7 in main (argc=3, argv=0x7fffffffde58) at lreg.cpp:174

413	    inline _GLIBCXX_CONSTEXPR
414	    typename __gnu_cxx::__promote_2<_Tp, _Up>::__type
415	    pow(_Tp __x, _Up __y)
416	    {
417	      typedef typename __gnu_cxx::__promote_2<_Tp, _Up>::__type __type;
418	      return pow(__type(__x), __type(__y));
419	    }
420	
421	  using ::sin;
422	

Backtrace END
Memory content before bitflip:0x2d0x430x1c0xeb0xe20x360x0a0x3f
Fault Model: Double bit-flip
base address to flip value: 0x7fffffffd810
address max offset: 8
Memory content after  bitflip:0x2d0x430x160xeb0xe20x360x0a0x3f
frame name: train
symbol name: alpha
symbol filename: lreg.cpp
symbol line: 105
value: 4.9999999997335467e-05
value address: 0x7fffffffd810
Type: A floating point type.
Type sizeof: 8

[INFO -- 2018-10-02 18:25:07]
Fault Injection Successful after 2.170783281326294s
[INFO -- 2018-10-02 18:25:13]
event type: exit
[INFO -- 2018-10-02 18:25:13]
exit code: 0
