[INFO -- 2018-11-14 14:47:38]
Starting flip_value script
version: 1.1
[INFO -- 2018-11-14 14:47:38]
Initialization strings:
[INFO -- 2018-11-14 14:47:38]
(1) file /tmp/lreg/lreg
[INFO -- 2018-11-14 14:47:38]
(2) set args /tmp/lreg/randInput /tmp/lreg/output
[INFO -- 2018-11-14 14:47:38]
initSignal:0
[INFO -- 2018-11-14 14:47:38]
endSignal:5
[INFO -- 2018-11-14 14:47:38]
faultModel:0
[INFO -- 2018-11-14 14:47:40]
Backtrace BEGIN:
#0  0x0000555555555106 in verifyUintDup (a=4, b=4) at lreg.cpp:61
#1  0x0000555555555a02 in partialDerivate (pos1=0, pos2=0) at lreg.cpp:141
#2  0x0000555555555bbe in adjust (alpha1=5.0000000000000002e-05, alpha2=5.0000000000000002e-05) at lreg.cpp:156
#3  0x0000555555555ee0 in train (iter1=30000, iter2=30000, N=3, alpha1=5.0000000000000002e-05, alpha2=5.0000000000000002e-05, stopsWhenStable=true) at lreg.cpp:193
#4  0x0000555555556467 in main (argc=3, argv=0x7fffffffde68) at lreg.cpp:253

56	*/
57	
58	int detected = 0;
59	
60	
61	UINT verifyUintDup(UINT a, UINT b){
62		if (a != b && detected != 1){
63			//gerar entrada no log
64			ofstream fp ("/tmp/lreg/detected.log", std::ofstream::app);
65			fp << "verifyUint: a = "<<a<<"; b = "<<b<<endl;

Backtrace END
Memory content before bitflip:0x300x750x000x00
Fault Model: Single bit-flip
base address to flip value: 0x7fffffffd7ec
address max offset: 4
Memory content after  bitflip:0x300x750x040x00
frame name: train
symbol name: iter1
symbol filename: lreg.cpp
symbol line: 177
value: 292144
value address: 0x7fffffffd7ec
Type: The type is an integer type.
Type sizeof: 4

[INFO -- 2018-11-14 14:47:40]
Fault Injection Successful after 2.382913827896118s
[INFO -- 2018-11-14 14:47:57]
event type: exit
[INFO -- 2018-11-14 14:47:57]
exit code: 0
