[INFO -- 2018-11-29 13:33:46]
Starting flip_value script
version: 1.1
[INFO -- 2018-11-29 13:33:46]
Initialization strings:
[INFO -- 2018-11-29 13:33:46]
(1) file /tmp/lreg/lreg
[INFO -- 2018-11-29 13:33:46]
(2) set args /tmp/lreg/randInput /tmp/lreg/output /tmp/lreg/detected.log
[INFO -- 2018-11-29 13:33:46]
initSignal:0
[INFO -- 2018-11-29 13:33:46]
endSignal:6
[INFO -- 2018-11-29 13:33:46]
faultModel:1
[EXCEPTION -- 2018-11-29 13:33:46]
gdbException: Attempt to dereference a generic pointer.
[INFO -- 2018-11-29 13:33:47]
Backtrace BEGIN:
#0  0x00007ffff76da514 in __ieee754_pow_sse2 (x=-16, y=2) at ../sysdeps/ieee754/dbl-64/e_pow.c:65
#1  0x00007ffff76bcb14 in __pow (x=-16, y=2) at w_pow_compat.c:30
#2  0x000055555555621b in std::pow<double, int> (__x=-16, __y=2) at /usr/include/c++/7/cmath:418
#3  0x0000555555555451 in partialDerivate (pos=2) at lreg.cpp:74
#4  0x0000555555555503 in adjust (alpha=2.2222199999999999e-05) at lreg.cpp:87
#5  0x00005555555556ac in train (iterations=30000, alpha=2.2222199999999999e-05, N=4, stopsWhenStable=true) at lreg.cpp:120
#6  0x0000555555555a1c in execute (input=0x7fffffffe1f1 "/tmp/lreg/randInput") at lreg.cpp:157
#7  0x0000555555555c78 in main (argc=4, argv=0x7fffffffde48) at lreg.cpp:193

60	../sysdeps/ieee754/dbl-64/e_pow.c: No such file or directory.

Backtrace END
Fliping value of field: std::_Vector_base<double, std::allocator<double> >
Fliping value of field: _M_impl
Fliping value of field: _M_end_of_storage
Fliping a bit of the pointer
Memory content before bitflip:0xa00x230x770x550x550x550x000x00
Fault Model: Double bit-flip
base address to flip value: 0x55555575b190 
address max offset: 8
Memory content after  bitflip:0x210x230x770x550x550x550x000x00
frame name: partialDerivate
symbol name: T
symbol filename: lreg.cpp
symbol line: 34
value: std::vector of length 4, capacity -11 = {0.097649101312002384, -0.68739996916657486, -1.9525401780434701, -4.0452807845602035}
value address: 0x55555575b180 <T>
Type: The type is a structure.
Type sizeof: 24
Field name: std::_Vector_base<double, std::allocator<double> >
Field Type: The type is a structure.
Field Type sizeof: 24

[INFO -- 2018-11-29 13:33:47]
Fault Injection Successful after 1.999711513519287s
[INFO -- 2018-11-29 13:33:50]
event type: exit
[INFO -- 2018-11-29 13:33:50]
exit code: 0
