[INFO -- 2018-11-26 19:02:17]
Starting flip_value script
version: 1.1
[INFO -- 2018-11-26 19:02:17]
Initialization strings:
[INFO -- 2018-11-26 19:02:17]
(1) file /tmp/lreg/lreg
[INFO -- 2018-11-26 19:02:17]
(2) set args /tmp/lreg/randInput /tmp/lreg/output
[INFO -- 2018-11-26 19:02:17]
initSignal:0
[INFO -- 2018-11-26 19:02:17]
endSignal:3
[INFO -- 2018-11-26 19:02:17]
faultModel:1
[INFO -- 2018-11-26 19:02:18]
Backtrace BEGIN:
#0  verifyDoubleDup (a=-0.023281344698091379, b=-0.023281344698091379) at lreg.cpp:77
#1  0x00005555555557ea in predict (v=-4) at lreg.cpp:116
#2  0x0000555555555a53 in partialDerivate (pos1=2, pos2=2) at lreg.cpp:142
#3  0x0000555555555bbe in adjust (alpha1=5.0000000000000002e-05, alpha2=5.0000000000000002e-05) at lreg.cpp:156
#4  0x0000555555555ee0 in train (iter1=20000, iter2=20000, N=3, alpha1=5.0000000000000002e-05, alpha2=5.0000000000000002e-05, stopsWhenStable=true) at lreg.cpp:193
#5  0x0000555555556467 in main (argc=3, argv=0x7fffffffde58) at lreg.cpp:253

72			//gerar entrada no log
73			ofstream fp ("/tmp/lreg/detected.log", std::ofstream::app);
74			fp << "verifyDouble: a = "<<a<<"; b = "<<b<<endl;
75	        detected = 1;	
76		}	
77		return a;
78	}
79	
80	
81	void verifyChecksum(vector<double> vec){

Backtrace END
Memory content before bitflip:0x020x000x000x00
Fault Model: Double bit-flip
base address to flip value: 0x7fffffffd77c
address max offset: 4
Memory content after  bitflip:0x020x480x000x00
frame name: adjust
symbol name: i2
symbol filename: lreg.cpp
symbol line: 155
value: 18434
value address: 0x7fffffffd77c
Type: The type is an integer type.
Type sizeof: 4

[INFO -- 2018-11-26 19:02:18]
Fault Injection Successful after 1.2030055522918701s
[INFO -- 2018-11-26 19:02:20]
event type: exit
[INFO -- 2018-11-26 19:02:20]
exit code: 0
