[INFO -- 2018-11-25 13:17:47]
Starting flip_value script
version: 1.1
[INFO -- 2018-11-25 13:17:47]
Initialization strings:
[INFO -- 2018-11-25 13:17:47]
(1) file /tmp/lreg/lreg
[INFO -- 2018-11-25 13:17:47]
(2) set args /tmp/lreg/randInput /tmp/lreg/output /tmp/lreg/detected.log
[INFO -- 2018-11-25 13:17:47]
initSignal:0
[INFO -- 2018-11-25 13:17:47]
endSignal:6
[INFO -- 2018-11-25 13:17:47]
faultModel:2
[INFO -- 2018-11-25 13:17:48]
Backtrace BEGIN:
#0  0x00007ffff76da567 in __ieee754_pow_sse2 (x=-14, y=1) at ../sysdeps/ieee754/dbl-64/e_pow.c:76
#1  0x00007ffff76bcb14 in __pow (x=-14, y=1) at w_pow_compat.c:30
#2  0x000055555555621b in std::pow<double, int> (__x=-14, __y=1) at /usr/include/c++/7/cmath:418
#3  0x0000555555555451 in partialDerivate (pos=1) at lreg.cpp:74
#4  0x0000555555555503 in adjust (alpha=2.2222199999999999e-05) at lreg.cpp:87
#5  0x00005555555556ac in train (iterations=30000, alpha=2.2222199999999999e-05, N=4, stopsWhenStable=true) at lreg.cpp:120
#6  0x0000555555555a1c in execute (input=0x7fffffffe1f1 "/tmp/lreg/randInput") at lreg.cpp:157
#7  0x0000555555555c78 in main (argc=4, argv=0x7fffffffde48) at lreg.cpp:193

71	../sysdeps/ieee754/dbl-64/e_pow.c: No such file or directory.

Backtrace END
Memory content before bitflip:0x01
Fault Model: Random bit-flip
base address to flip value: 0x7fffffffd55c
address max offset: 1
Memory content after  bitflip:0x79
frame name: train
symbol name: stopsWhenStable
symbol filename: lreg.cpp
symbol line: 105
value: 121
value address: 0x7fffffffd55c
Type: A boolean type.
Type sizeof: 1

[INFO -- 2018-11-25 13:17:48]
Fault Injection Successful after 1.3972752094268799s
[INFO -- 2018-11-25 13:17:50]
event type: exit
[INFO -- 2018-11-25 13:17:50]
exit code: 0
