[INFO -- 2018-11-27 17:34:59]
Starting flip_value script
version: 1.1
[INFO -- 2018-11-27 17:34:59]
Initialization strings:
[INFO -- 2018-11-27 17:34:59]
(1) file /tmp/lreg/lreg
[INFO -- 2018-11-27 17:34:59]
(2) set args /tmp/lreg/randInput /tmp/lreg/output
[INFO -- 2018-11-27 17:34:59]
initSignal:0
[INFO -- 2018-11-27 17:34:59]
endSignal:3
[INFO -- 2018-11-27 17:34:59]
faultModel:1
[INFO -- 2018-11-27 17:35:00]
Backtrace BEGIN:
#0  0x00005555555567e9 in std::pow<double, unsigned int> (__x=21, __y=0) at /usr/include/c++/7/cmath:415
#1  0x0000555555555814 in predict (v=21) at lreg.cpp:116
#2  0x0000555555555a53 in partialDerivate (pos1=0, pos2=0) at lreg.cpp:142
#3  0x0000555555555bbe in adjust (alpha1=2.2222199999999999e-05, alpha2=2.2222199999999999e-05) at lreg.cpp:156
#4  0x0000555555555ee0 in train (iter1=30000, iter2=30000, N=4, alpha1=2.2222199999999999e-05, alpha2=2.2222199999999999e-05, stopsWhenStable=true) at lreg.cpp:193
#5  0x0000555555556467 in main (argc=3, argv=0x7fffffffde58) at lreg.cpp:253

410	#endif
411	
412	  template<typename _Tp, typename _Up>
413	    inline _GLIBCXX_CONSTEXPR
414	    typename __gnu_cxx::__promote_2<_Tp, _Up>::__type
415	    pow(_Tp __x, _Up __y)
416	    {
417	      typedef typename __gnu_cxx::__promote_2<_Tp, _Up>::__type __type;
418	      return pow(__type(__x), __type(__y));
419	    }

Backtrace END
Memory content before bitflip:0x460x5a0xb70xf40x390x4d0xf70x3e
Fault Model: Double bit-flip
base address to flip value: 0x7fffffffd760
address max offset: 8
Memory content after  bitflip:0x460x5a0xb70x7c0x390x4d0xf70x3e
frame name: adjust
symbol name: alpha2
symbol filename: lreg.cpp
symbol line: 151
value: 2.2222193178789735e-05
value address: 0x7fffffffd760
Type: A floating point type.
Type sizeof: 8

[INFO -- 2018-11-27 17:35:00]
Fault Injection Successful after 1.800675392150879s
[INFO -- 2018-11-27 17:35:02]
event type: exit
[INFO -- 2018-11-27 17:35:02]
exit code: 0
