[INFO -- 2018-10-06 15:37:52]
Starting flip_value script
version: 1.1
[INFO -- 2018-10-06 15:37:52]
Initialization strings:
[INFO -- 2018-10-06 15:37:52]
(1) file /tmp/lreg/lreg
[INFO -- 2018-10-06 15:37:52]
(2) set args /tmp/lreg/randInput /tmp/lreg/output
[INFO -- 2018-10-06 15:37:52]
initSignal:0
[INFO -- 2018-10-06 15:37:52]
endSignal:10
[INFO -- 2018-10-06 15:37:52]
faultModel:2
[INFO -- 2018-10-06 15:37:53]
Backtrace BEGIN:
#0  selectTriUInt (a=0, b=0, c=0) at lreg.cpp:48
#1  0x00005555555552ac in predict (v=-12) at lreg.cpp:77
#2  0x00005555555553e9 in meanSquaredError () at lreg.cpp:91
#3  0x0000555555555886 in train (iterations=30000, N=2, stopsWhenStable=true) at lreg.cpp:160
#4  0x0000555555555dba in main (argc=3, argv=0x7fffffffde68) at lreg.cpp:225

43	vector<double> T; // the adjustment variables
44	
45	double a1, a2, a3; // triplication of alpha
46	
47	UINT selectTriUInt(UINT a, UINT b, UINT c){
48		return (a == b)? a : c;
49	}
50	double selectTriDouble(double a, double b, double c){
51		return (a == b)? a : c;
52	}

Backtrace END
Fliping value of field: std::_Vector_base<double, std::allocator<double> >
Fliping value of field: _M_impl
Fliping value of field: _M_end_of_storage
Fliping a bit of the value pointed by a pointer
Memory content before bitflip:0x000x000x000x000x000x000x000x00
Fault Model: Random bit-flip
base address to flip value: 0x555555771330
address max offset: 8
Memory content after  bitflip:0x4d0xb30x2c0x3a0x4a0x330x330x4c
frame name: meanSquaredError
symbol name: x
symbol filename: lreg.cpp
symbol line: 41
value: std::vector of length 8, capacity 8 = {-7, -9, -3, -12, 0, -13, -12, -3}
value address: 0x55555575a140 <x>
Type: The type is a structure.
Type sizeof: 24
Field name: std::_Vector_base<double, std::allocator<double> >
Field Type: The type is a structure.
Field Type sizeof: 24

[INFO -- 2018-10-06 15:37:53]
Fault Injection Successful after 1.6302907466888428s
[INFO -- 2018-10-06 15:38:02]
event type: exit
[INFO -- 2018-10-06 15:38:02]
exit code: 0
