[INFO -- 2018-11-07 17:23:05]
Starting flip_value script
version: 1.1
[INFO -- 2018-11-07 17:23:05]
Initialization strings:
[INFO -- 2018-11-07 17:23:05]
(1) file /tmp/lreg/lreg
[INFO -- 2018-11-07 17:23:05]
(2) set args /tmp/lreg/randInput /tmp/lreg/output /tmp/lreg/detected.log
[INFO -- 2018-11-07 17:23:05]
initSignal:0
[INFO -- 2018-11-07 17:23:05]
endSignal:10
[INFO -- 2018-11-07 17:23:05]
faultModel:1
[INFO -- 2018-11-07 17:23:09]
Backtrace BEGIN:
#0  0x00005555555560f9 in std::vector<double, std::allocator<double> >::operator[] (this=0x55555575b180 <T>, __n=2) at /usr/include/c++/7/bits/stl_vector.h:798
#1  0x0000555555555217 in predict (v=-15) at lreg.cpp:50
#2  0x00005555555553fc in partialDerivate (pos=0) at lreg.cpp:74
#3  0x0000555555555503 in adjust (alpha=2.2222199999999999e-05) at lreg.cpp:87
#4  0x00005555555556ac in train (iterations=45000, alpha=2.2222199999999999e-05, N=4, stopsWhenStable=true) at lreg.cpp:120
#5  0x0000555555555a1c in execute (input=0x7fffffffe1f2 "/tmp/lreg/randInput") at lreg.cpp:157
#6  0x0000555555555c60 in main (argc=4, argv=0x7fffffffde48) at lreg.cpp:191

793	       */
794	      reference
795	      operator[](size_type __n) _GLIBCXX_NOEXCEPT
796	      {
797		__glibcxx_requires_subscript(__n);
798		return *(this->_M_impl._M_start + __n);
799	      }
800	
801	      /**
802	       *  @brief  Subscript access to the data contained in the %vector.

Backtrace END
Fliping value of field: std::_Vector_base<double, std::allocator<double> >
Fliping value of field: _M_impl
Fliping value of field: _M_finish
Fliping a bit of the value pointed by a pointer
Memory content before bitflip:0x000x000x000x000x000x000x000x00
Fault Model: Double bit-flip
base address to flip value: 0x5555557723a0
address max offset: 8
Memory content after  bitflip:0x000x000x000x000x000x000x000x06
frame name: predict
symbol name: T
symbol filename: lreg.cpp
symbol line: 34
value: std::vector of length 4, capacity 4 = {2.2894311882076313, -70.641720259636358, -11.153966536517967, 2.7527840642734178}
value address: 0x55555575b180 <T>
Type: The type is a structure.
Type sizeof: 24
Field name: std::_Vector_base<double, std::allocator<double> >
Field Type: The type is a structure.
Field Type sizeof: 24

[INFO -- 2018-11-07 17:23:09]
Fault Injection Successful after 4.851582765579224s
[INFO -- 2018-11-07 17:23:18]
event type: exit
[INFO -- 2018-11-07 17:23:18]
exit code: 0
