[INFO -- 2018-10-06 16:15:45]
Starting flip_value script
version: 1.1
[INFO -- 2018-10-06 16:15:45]
Initialization strings:
[INFO -- 2018-10-06 16:15:46]
(1) file /tmp/lreg/lreg
[INFO -- 2018-10-06 16:15:46]
(2) set args /tmp/lreg/randInput /tmp/lreg/output
[INFO -- 2018-10-06 16:15:46]
initSignal:0
[INFO -- 2018-10-06 16:15:46]
endSignal:10
[INFO -- 2018-10-06 16:15:46]
faultModel:0
[INFO -- 2018-10-06 16:15:48]
Backtrace BEGIN:
#0  selectTriUInt (a=3, b=3, c=3) at lreg.cpp:49
#1  0x0000555555555256 in predict (v=-5) at lreg.cpp:74
#2  0x00005555555553e9 in meanSquaredError () at lreg.cpp:91
#3  0x0000555555555886 in train (iterations=90000, N=4, stopsWhenStable=true) at lreg.cpp:160
#4  0x0000555555555dba in main (argc=3, argv=0x7fffffffde68) at lreg.cpp:225

44	
45	double a1, a2, a3; // triplication of alpha
46	
47	UINT selectTriUInt(UINT a, UINT b, UINT c){
48		return (a == b)? a : c;
49	}
50	double selectTriDouble(double a, double b, double c){
51		return (a == b)? a : c;
52	}
53	

Backtrace END
Memory content before bitflip:0x030x000x000x00
Fault Model: Single bit-flip
base address to flip value: 0x7fffffffd77c
address max offset: 4
Memory content after  bitflip:0x020x000x000x00
frame name: predict
symbol name: i1
symbol filename: lreg.cpp
symbol line: 73
value: 2
value address: 0x7fffffffd77c
Type: The type is an integer type.
Type sizeof: 4

[INFO -- 2018-10-06 16:15:48]
Fault Injection Successful after 2.7980122566223145s
[INFO -- 2018-10-06 16:15:55]
event type: exit
[INFO -- 2018-10-06 16:15:55]
exit code: 0
