[INFO -- 2018-11-27 21:15:45]
Starting flip_value script
version: 1.1
[INFO -- 2018-11-27 21:15:45]
Initialization strings:
[INFO -- 2018-11-27 21:15:45]
(1) file /tmp/lreg/lreg
[INFO -- 2018-11-27 21:15:45]
(2) set args /tmp/lreg/randInput /tmp/lreg/output
[INFO -- 2018-11-27 21:15:45]
initSignal:0
[INFO -- 2018-11-27 21:15:45]
endSignal:3
[INFO -- 2018-11-27 21:15:45]
faultModel:0
[INFO -- 2018-11-27 21:15:46]
Backtrace BEGIN:
#0  0x0000555555555218 in verifyUintDup (a=10, b=10) at lreg.cpp:69
#1  0x0000555555555a02 in partialDerivate (pos1=0, pos2=0) at lreg.cpp:141
#2  0x0000555555555bbe in adjust (alpha1=5.0000000000000002e-05, alpha2=5.0000000000000002e-05) at lreg.cpp:156
#3  0x0000555555555ee0 in train (iter1=20000, iter2=20000, N=3, alpha1=5.0000000000000002e-05, alpha2=5.0000000000000002e-05, stopsWhenStable=true) at lreg.cpp:193
#4  0x0000555555556467 in main (argc=3, argv=0x7fffffffde58) at lreg.cpp:253

64			ofstream fp ("/tmp/lreg/detected.log", std::ofstream::app);
65			fp << "verifyUint: a = "<<a<<"; b = "<<b<<endl;
66	        detected = 1;	
67		}
68		return a;
69	}
70	double verifyDoubleDup(double a, double b){
71		if (a != b && detected != 1){
72			//gerar entrada no log
73			ofstream fp ("/tmp/lreg/detected.log", std::ofstream::app);

Backtrace END
Memory content before bitflip:0x030x000x000x00
Fault Model: Single bit-flip
base address to flip value: 0x7fffffffd8cc
address max offset: 4
Memory content after  bitflip:0x030x000x020x00
frame name: main
symbol name: argc
symbol filename: lreg.cpp
symbol line: 217
value: 131075
value address: 0x7fffffffd8cc
Type: The type is an integer type.
Type sizeof: 4

[INFO -- 2018-11-27 21:15:46]
Fault Injection Successful after 1.2035267353057861s
[INFO -- 2018-11-27 21:15:49]
event type: exit
[INFO -- 2018-11-27 21:15:49]
exit code: 0
