[INFO -- 2018-11-14 14:43:47]
Starting flip_value script
version: 1.1
[INFO -- 2018-11-14 14:43:47]
Initialization strings:
[INFO -- 2018-11-14 14:43:47]
(1) file /tmp/lreg/lreg
[INFO -- 2018-11-14 14:43:47]
(2) set args /tmp/lreg/randInput /tmp/lreg/output
[INFO -- 2018-11-14 14:43:47]
initSignal:0
[INFO -- 2018-11-14 14:43:47]
endSignal:5
[INFO -- 2018-11-14 14:43:47]
faultModel:0
[INFO -- 2018-11-14 14:43:49]
Backtrace BEGIN:
#0  0x00007ffff76b9990 in *ABS*+0x2d7c0@plt () from /lib/x86_64-linux-gnu/libm.so.6
#1  0x00007ffff76bcb14 in __pow (x=-2, y=2) at w_pow_compat.c:30
#2  0x0000555555556826 in std::pow<double, unsigned int> (__x=-2, __y=2) at /usr/include/c++/7/cmath:418
#3  0x0000555555555814 in predict (v=-2) at lreg.cpp:116
#4  0x0000555555555a53 in partialDerivate (pos1=2, pos2=2) at lreg.cpp:142
#5  0x0000555555555bbe in adjust (alpha1=5.0000000000000002e-05, alpha2=5.0000000000000002e-05) at lreg.cpp:156
#6  0x0000555555555ee0 in train (iter1=30000, iter2=30000, N=3, alpha1=5.0000000000000002e-05, alpha2=5.0000000000000002e-05, stopsWhenStable=true) at lreg.cpp:193
#7  0x0000555555556467 in main (argc=3, argv=0x7fffffffde68) at lreg.cpp:253

203		//T1 = bestT;
204	}
205	
206	/*
207	It must receive an input file formated as follows:
208		1° Line : one integer T -> number of test cases
209		2° to 5° repeat to all test case	
210		2° Line : method parameters -> alpha, iterations, N, size of 
211			      training set, predictions
212		3° Line : inputs x of the training set

Backtrace END
Memory content before bitflip:0x000x000x000x000x000x000x000xc0
Fault Model: Single bit-flip
base address to flip value: 0x7fffffffd6a8
address max offset: 8
Memory content after  bitflip:0x080x000x000x000x000x000x000xc0
frame name: std::pow<double, unsigned int>
symbol name: __x
symbol filename: /usr/include/c++/7/cmath
symbol line: 415
value: -2.0000000000000036
value address: 0x7fffffffd6a8
Type: A floating point type.
Type sizeof: 8

[INFO -- 2018-11-14 14:43:49]
Fault Injection Successful after 2.4649221897125244s
[INFO -- 2018-11-14 14:43:55]
event type: exit
[INFO -- 2018-11-14 14:43:55]
exit code: 0
