[INFO -- 2018-09-29 16:26:58]
Starting flip_value script
version: 1.1
[INFO -- 2018-09-29 16:26:58]
Initialization strings:
[INFO -- 2018-09-29 16:26:58]
(1) file /tmp/lreg/lreg
[INFO -- 2018-09-29 16:26:58]
(2) set args /tmp/lreg/randInput /tmp/lreg/output
[INFO -- 2018-09-29 16:26:58]
initSignal:0
[INFO -- 2018-09-29 16:26:58]
endSignal:2
[INFO -- 2018-09-29 16:26:58]
faultModel:1
[INFO -- 2018-09-29 16:27:00]
Backtrace BEGIN:
#0  0x00007ffff76d5a1e in __ieee754_pow_sse2 (x=<optimized out>, y=<optimized out>) at ../sysdeps/ieee754/dbl-64/e_pow.c:215
#1  0x00007ffff76b7b14 in __pow (x=5, y=0) at w_pow_compat.c:30
#2  0x0000555555555f39 in std::pow<double, int> (__x=5, __y=0) at /usr/include/c++/7/cmath:418
#3  0x0000555555555237 in predict (v=5) at lreg.cpp:50
#4  0x00005555555553fc in partialDerivate (pos=1) at lreg.cpp:74
#5  0x0000555555555503 in adjust (alpha=5.0000000000000002e-05) at lreg.cpp:87
#6  0x00005555555556ac in train (iterations=60000, alpha=5.0000000000000002e-05, N=3, stopsWhenStable=true) at lreg.cpp:120
#7  0x0000555555555c26 in main (argc=3, argv=0x7fffffffde68) at lreg.cpp:182

210	../sysdeps/ieee754/dbl-64/e_pow.c: No such file or directory.

Backtrace END
Memory content before bitflip:0x000x000x000x000x000x000x000x00
Fault Model: Double bit-flip
base address to flip value: 0x7fffffffd6d8
address max offset: 8
Memory content after  bitflip:0x000x120x000x000x000x000x000x00
frame name: __pow
symbol name: y
symbol filename: w_pow_compat.c
symbol line: 28
value: 2.2766544960364641e-320
value address: 0x7fffffffd6d8
Type: A floating point type.
Type sizeof: 8

[INFO -- 2018-09-29 16:27:00]
Fault Injection Successful after 2.108668565750122s
[INFO -- 2018-09-29 16:27:07]
event type: exit
[INFO -- 2018-09-29 16:27:07]
exit code: 0
