[INFO -- 2018-10-13 16:02:50]
Starting flip_value script
version: 1.1
[INFO -- 2018-10-13 16:02:50]
Initialization strings:
[INFO -- 2018-10-13 16:02:50]
(1) file /tmp/lreg/lreg
[INFO -- 2018-10-13 16:02:50]
(2) set args /tmp/lreg/randInput /tmp/lreg/output
[INFO -- 2018-10-13 16:02:50]
initSignal:0
[INFO -- 2018-10-13 16:02:50]
endSignal:10
[INFO -- 2018-10-13 16:02:50]
faultModel:1
[INFO -- 2018-10-13 16:02:51]
Backtrace BEGIN:
#0  0x000055555555542c in meanSquaredError () at lreg.cpp:91
#1  0x0000555555555886 in train (iterations=60000, N=3, stopsWhenStable=true) at lreg.cpp:160
#2  0x0000555555555dba in main (argc=3, argv=0x7fffffffde68) at lreg.cpp:225

86		double error = 0;
87		for(UINT i1 = 0, i2 = 0, i3 = 0; 
88			selectTriUInt(i1, i2, i3)<x.size(); 
89			i1++, i2++, i3++)
90		{
91			error+= ((predict(x[selectTriUInt(i1, i2, i3)]) - y[selectTriUInt(i1, i2, i3)]) * (predict(x[selectTriUInt(i1, i2, i3)]) - y[selectTriUInt(i1, i2, i3)]));	
92		}
93		error /= x.size();
94		return error;
95	

Backtrace END
Memory content before bitflip:0x2d0x430x1c0xeb0xe20x360x0a0x3f
Fault Model: Double bit-flip
base address to flip value: 0x55555575a198 
address max offset: 8
Memory content after  bitflip:0x2d0x670x1c0xeb0xe20x360x0a0x3f
frame name: meanSquaredError
symbol name: a1
symbol filename: lreg.cpp
symbol line: 45
value: 5.0000000000062452e-05
value address: 0x55555575a198 <a1>
Type: A floating point type.
Type sizeof: 8

[INFO -- 2018-10-13 16:02:51]
Fault Injection Successful after 1.7829442024230957s
[INFO -- 2018-10-13 16:02:59]
event type: exit
[INFO -- 2018-10-13 16:02:59]
exit code: 0
