[INFO -- 2018-11-15 13:29:31]
Starting flip_value script
version: 1.1
[INFO -- 2018-11-15 13:29:31]
Initialization strings:
[INFO -- 2018-11-15 13:29:31]
(1) file /tmp/lreg/lreg
[INFO -- 2018-11-15 13:29:31]
(2) set args /tmp/lreg/randInput /tmp/lreg/output
[INFO -- 2018-11-15 13:29:31]
initSignal:0
[INFO -- 2018-11-15 13:29:31]
endSignal:5
[INFO -- 2018-11-15 13:29:31]
faultModel:1
[INFO -- 2018-11-15 13:29:34]
Backtrace BEGIN:
#0  0x0000555555555a81 in partialDerivate (pos1=0, pos2=0) at lreg.cpp:142
#1  0x0000555555555bbe in adjust (alpha1=2.2222199999999999e-05, alpha2=2.2222199999999999e-05) at lreg.cpp:156
#2  0x0000555555555ee0 in train (iter1=45000, iter2=45000, N=4, alpha1=2.2222199999999999e-05, alpha2=2.2222199999999999e-05, stopsWhenStable=true) at lreg.cpp:193
#3  0x0000555555556467 in main (argc=3, argv=0x7fffffffde58) at lreg.cpp:253

137	*/
138	double partialDerivate(UINT pos1, UINT pos2){
139		double pD = 0;
140		
141		for(UINT i1 = 0, i2 = 0; verifyUintDup(i1, i2)<(x.size() - 1); i1++, i2++){
142			pD += ((predict(x[verifyUintDup(i1, i2)]) - y[verifyUintDup(i1, i2)])*pow(x[verifyUintDup(i1, i2)], verifyUintDup(pos1, pos2)));	
143		}
144		pD *= (2.0/(x.size() - 1));
145		return pD;
146	}

Backtrace END
Memory content before bitflip:0x020x3a0x590x580xa20xc10x220x41
Fault Model: Double bit-flip
base address to flip value: 0x7fffffffd7f0
address max offset: 8
Memory content after  bitflip:0xa20x3a0x590x580xa20xc10x220x41
frame name: train
symbol name: bestMSE
symbol filename: lreg.cpp
symbol line: 189
value: 614609.17255576351
value address: 0x7fffffffd7f0
Type: A floating point type.
Type sizeof: 8

[INFO -- 2018-11-15 13:29:34]
Fault Injection Successful after 3.1271016597747803s
[INFO -- 2018-11-15 13:29:34]
event type: exit
[INFO -- 2018-11-15 13:29:34]
exit code: 0
