[INFO -- 2018-09-30 21:02:32]
Starting flip_value script
version: 1.1
[INFO -- 2018-09-30 21:02:32]
Initialization strings:
[INFO -- 2018-09-30 21:02:32]
(1) file /tmp/lreg/lreg
[INFO -- 2018-09-30 21:02:32]
(2) set args /tmp/lreg/randInput /tmp/lreg/output
[INFO -- 2018-09-30 21:02:32]
initSignal:0
[INFO -- 2018-09-30 21:02:32]
endSignal:10
[INFO -- 2018-09-30 21:02:32]
faultModel:2
[INFO -- 2018-09-30 21:02:36]
Backtrace BEGIN:
#0  0x00007ffff76d55c4 in __ieee754_pow_sse2 (x=-12, y=2) at ../sysdeps/ieee754/dbl-64/e_pow.c:81
#1  0x00007ffff76b7b14 in __pow (x=-12, y=2) at w_pow_compat.c:30
#2  0x0000555555555f39 in std::pow<double, int> (__x=-12, __y=2) at /usr/include/c++/7/cmath:418
#3  0x0000555555555237 in predict (v=-12) at lreg.cpp:50
#4  0x000055555555530a in meanSquaredError () at lreg.cpp:61
#5  0x00005555555556b1 in train (iterations=90000, alpha=2.2222199999999999e-05, N=4, stopsWhenStable=true) at lreg.cpp:121
#6  0x0000555555555c26 in main (argc=3, argv=0x7fffffffde58) at lreg.cpp:182

76	../sysdeps/ieee754/dbl-64/e_pow.c: No such file or directory.

Backtrace END
Memory content before bitflip:0x020x000x000x00
Fault Model: Random bit-flip
base address to flip value: 0x7fffffffd794
address max offset: 4
Memory content after  bitflip:0x5b0xe70xeb0x46
frame name: predict
symbol name: i
symbol filename: lreg.cpp
symbol line: 49
value: 1189865307
value address: 0x7fffffffd794
Type: The type is an integer type.
Type sizeof: 4

[INFO -- 2018-09-30 21:02:36]
Fault Injection Successful after 4.101625204086304s
[INFO -- 2018-09-30 21:02:39]
event type: exit
[INFO -- 2018-09-30 21:02:39]
exit code: 0
