[INFO -- 2018-11-12 20:00:57]
Starting flip_value script
version: 1.1
[INFO -- 2018-11-12 20:00:57]
Initialization strings:
[INFO -- 2018-11-12 20:00:57]
(1) file /tmp/lreg/lreg
[INFO -- 2018-11-12 20:00:57]
(2) set args /tmp/lreg/randInput /tmp/lreg/output
[INFO -- 2018-11-12 20:00:57]
initSignal:0
[INFO -- 2018-11-12 20:00:57]
endSignal:10
[INFO -- 2018-11-12 20:00:57]
faultModel:1
[INFO -- 2018-11-12 20:00:59]
Backtrace BEGIN:
#0  0x00005555555566bd in std::pow<double, unsigned int> (__x=-16, __y=2) at /usr/include/c++/7/cmath:418
#1  0x00005555555556e7 in predict (v=-16) at lreg.cpp:113
#2  0x00005555555557f7 in meanSquaredError () at lreg.cpp:125
#3  0x0000555555555da8 in train (iter1=30000, iter2=30000, N=3, alpha1=5.0000000000000002e-05, alpha2=5.0000000000000002e-05, stopsWhenStable=true) at lreg.cpp:191
#4  0x00005555555562e6 in main (argc=3, argv=0x7fffffffde68) at lreg.cpp:246

413	    inline _GLIBCXX_CONSTEXPR
414	    typename __gnu_cxx::__promote_2<_Tp, _Up>::__type
415	    pow(_Tp __x, _Up __y)
416	    {
417	      typedef typename __gnu_cxx::__promote_2<_Tp, _Up>::__type __type;
418	      return pow(__type(__x), __type(__y));
419	    }
420	
421	  using ::sin;
422	

Backtrace END
Memory content before bitflip:0x000x000x000x00
Fault Model: Double bit-flip
base address to flip value: 0x55555575b1c8 
address max offset: 4
Memory content after  bitflip:0x000x440x000x00
frame name: main
symbol name: detected
symbol filename: lreg.cpp
symbol line: 58
value: 17408
value address: 0x55555575b1c8 <detected>
Type: The type is an integer type.
Type sizeof: 4

[INFO -- 2018-11-12 20:00:59]
Fault Injection Successful after 2.6296985149383545s
[INFO -- 2018-11-12 20:01:11]
event type: exit
[INFO -- 2018-11-12 20:01:11]
exit code: 0
