[INFO -- 2018-11-26 20:02:57]
Starting flip_value script
version: 1.1
[INFO -- 2018-11-26 20:02:57]
Initialization strings:
[INFO -- 2018-11-26 20:02:57]
(1) file /tmp/lreg/lreg
[INFO -- 2018-11-26 20:02:57]
(2) set args /tmp/lreg/randInput /tmp/lreg/output
[INFO -- 2018-11-26 20:02:57]
initSignal:0
[INFO -- 2018-11-26 20:02:57]
endSignal:3
[INFO -- 2018-11-26 20:02:57]
faultModel:0
[INFO -- 2018-11-26 20:02:59]
Backtrace BEGIN:
#0  0x00007ffff76bcb37 in __pow (x=-1, y=0) at w_pow_compat.c:31
#1  0x0000555555556826 in std::pow<double, unsigned int> (__x=-1, __y=0) at /usr/include/c++/7/cmath:418
#2  0x0000555555555814 in predict (v=-1) at lreg.cpp:116
#3  0x00005555555558c0 in meanSquaredError () at lreg.cpp:128
#4  0x0000555555555ee5 in train (iter1=20000, iter2=20000, N=3, alpha1=5.0000000000000002e-05, alpha2=5.0000000000000002e-05, stopsWhenStable=true) at lreg.cpp:194
#5  0x0000555555556467 in main (argc=3, argv=0x7fffffffde58) at lreg.cpp:253

26	w_pow_compat.c: No such file or directory.

Backtrace END
Fliping value of field: std::_Vector_base<double, std::allocator<double> >
Fliping value of field: _M_impl
Fliping value of field: _M_end_of_storage
Fliping a bit of the value pointed by a pointer
Memory content before bitflip:0x000x000x000x000x000x000x000x00
Fault Model: Single bit-flip
base address to flip value: 0x555555772480
address max offset: 8
Memory content after  bitflip:0x000x000x000x000x000x000x000x10
frame name: meanSquaredError
symbol name: x
symbol filename: lreg.cpp
symbol line: 34
value: std::vector of length 13, capacity 16 = {-4, -3, -7, -2, -1, -1, -21, -3, -19, 13, 6, 23, -19}
value address: 0x55555575b140 <x>
Type: The type is a structure.
Type sizeof: 24
Field name: std::_Vector_base<double, std::allocator<double> >
Field Type: The type is a structure.
Field Type sizeof: 24

[INFO -- 2018-11-26 20:02:59]
Fault Injection Successful after 2.559100389480591s
[INFO -- 2018-11-26 20:03:03]
event type: exit
[INFO -- 2018-11-26 20:03:03]
exit code: 0
