[INFO -- 2018-11-15 14:05:23]
Starting flip_value script
version: 1.1
[INFO -- 2018-11-15 14:05:23]
Initialization strings:
[INFO -- 2018-11-15 14:05:23]
(1) file /tmp/lreg/lreg
[INFO -- 2018-11-15 14:05:23]
(2) set args /tmp/lreg/randInput /tmp/lreg/output
[INFO -- 2018-11-15 14:05:23]
initSignal:0
[INFO -- 2018-11-15 14:05:23]
endSignal:5
[INFO -- 2018-11-15 14:05:23]
faultModel:1
[INFO -- 2018-11-15 14:05:24]
Backtrace BEGIN:
#0  0x0000555555555254 in verifyDoubleDup (a=4.0061581202080712, b=4.0061581202080712) at lreg.cpp:71
#1  0x00005555555557ea in predict (v=-9) at lreg.cpp:116
#2  0x00005555555558c0 in meanSquaredError () at lreg.cpp:128
#3  0x0000555555555ee5 in train (iter1=30000, iter2=30000, N=3, alpha1=5.0000000000000002e-05, alpha2=5.0000000000000002e-05, stopsWhenStable=true) at lreg.cpp:194
#4  0x0000555555556467 in main (argc=3, argv=0x7fffffffde58) at lreg.cpp:253

66	        detected = 1;	
67		}
68		return a;
69	}
70	double verifyDoubleDup(double a, double b){
71		if (a != b && detected != 1){
72			//gerar entrada no log
73			ofstream fp ("/tmp/lreg/detected.log", std::ofstream::app);
74			fp << "verifyDouble: a = "<<a<<"; b = "<<b<<endl;
75	        detected = 1;	

Backtrace END
Memory content before bitflip:0x7d0xf30x990xc40x080x610x180x40
Fault Model: Double bit-flip
base address to flip value: 0x7fffffffd788
address max offset: 8
Memory content after  bitflip:0x7d0xf30x990xc40x080x610x0c0x40
frame name: meanSquaredError
symbol name: error
symbol filename: lreg.cpp
symbol line: 125
value: 3.547380004833427
value address: 0x7fffffffd788
Type: A floating point type.
Type sizeof: 8

[INFO -- 2018-11-15 14:05:24]
Fault Injection Successful after 1.7607314586639404s
[INFO -- 2018-11-15 14:05:28]
event type: exit
[INFO -- 2018-11-15 14:05:28]
exit code: 0
