[INFO -- 2018-11-22 16:27:26]
Starting flip_value script
version: 1.1
[INFO -- 2018-11-22 16:27:26]
Initialization strings:
[INFO -- 2018-11-22 16:27:26]
(1) file /tmp/lreg/lreg
[INFO -- 2018-11-22 16:27:26]
(2) set args /tmp/lreg/randInput /tmp/lreg/output
[INFO -- 2018-11-22 16:27:26]
initSignal:0
[INFO -- 2018-11-22 16:27:26]
endSignal:3
[INFO -- 2018-11-22 16:27:26]
faultModel:1
[INFO -- 2018-11-22 16:27:28]
Backtrace BEGIN:
#0  0x00007ffff76daa1e in __ieee754_pow_sse2 (x=<optimized out>, y=<optimized out>) at ../sysdeps/ieee754/dbl-64/e_pow.c:215
#1  0x00007ffff76bcb14 in __pow (x=-4, y=0) at w_pow_compat.c:30
#2  0x0000555555555d5f in std::pow<double, int> (__x=-4, __y=0) at /usr/include/c++/7/cmath:418
#3  0x00005555555551e7 in predict (v=-4) at lreg.cpp:50
#4  0x00005555555553ac in partialDerivate (pos=1) at lreg.cpp:74
#5  0x00005555555554b3 in adjust (alpha=5.0000000000000002e-05) at lreg.cpp:87
#6  0x000055555555565c in train (iterations=20000, alpha=5.0000000000000002e-05, N=3, stopsWhenStable=true) at lreg.cpp:120
#7  0x0000555555555ab7 in main (argc=3, argv=0x7fffffffde58) at lreg.cpp:174

210	../sysdeps/ieee754/dbl-64/e_pow.c: No such file or directory.

Backtrace END
Fliping value of field name: i
Fliping array at pos: 1
Memory content before bitflip:0x000x000x300x43
Fault Model: Double bit-flip
base address to flip value: 0x7ffff779f5ac 
address max offset: 4
Memory content after  bitflip:0x000x000x210x43
frame name: __ieee754_pow_sse2
symbol name: t52
symbol filename: ../sysdeps/ieee754/dbl-64/upow.h
symbol line: 54
value: {i = {0, 1126236160}, x = 2392537302040576}
value address: 0x7ffff779f5a8 <t52>
Type: The type is a union.
Type sizeof: 8
Field name: i
Field Type: The type is an array.
Field Type sizeof: 8
Field name: x
Field Type: A floating point type.
Field Type sizeof: 8

[INFO -- 2018-11-22 16:27:28]
Fault Injection Successful after 2.584507703781128s
[INFO -- 2018-11-22 16:27:31]
event type: exit
[INFO -- 2018-11-22 16:27:31]
exit code: 0
