[INFO -- 2018-10-05 18:27:41]
Starting flip_value script
version: 1.1
[INFO -- 2018-10-05 18:27:41]
Initialization strings:
[INFO -- 2018-10-05 18:27:41]
(1) file /tmp/lreg/lreg
[INFO -- 2018-10-05 18:27:41]
(2) set args /tmp/lreg/randInput /tmp/lreg/output
[INFO -- 2018-10-05 18:27:41]
initSignal:0
[INFO -- 2018-10-05 18:27:41]
endSignal:30
[INFO -- 2018-10-05 18:27:41]
faultModel:0
[INFO -- 2018-10-05 18:27:51]
Backtrace BEGIN:
#0  0x00005555555576e4 in std::vector<double, std::allocator<double> >::size (this=0x555555761180 <T>) at /usr/include/c++/7/bits/stl_vector.h:671
#1  0x00005555555552ca in predict (v=-12) at lreg.cpp:67
#2  0x0000555555555384 in meanSquaredError () at lreg.cpp:79
#3  0x0000555555555765 in train (iterations=60000, alpha=5.0000000000000002e-05, N=3, stopsWhenStable=true) at lreg.cpp:139
#4  0x0000555555555acb in lreg (input=0x7fffffffe210 "/tmp/lreg/randInput") at lreg.cpp:173
#5  0x0000555555555e43 in main (argc=3, argv=0x7fffffffde68) at lreg.cpp:221

666	
667	      // [23.2.4.2] capacity
668	      /**  Returns the number of elements in the %vector.  */
669	      size_type
670	      size() const _GLIBCXX_NOEXCEPT
671	      { return size_type(this->_M_impl._M_finish - this->_M_impl._M_start); }
672	
673	      /**  Returns the size() of the largest possible %vector.  */
674	      size_type
675	      max_size() const _GLIBCXX_NOEXCEPT

Backtrace END
Fliping value of field: std::_Vector_base<double, std::allocator<double> >
Fliping value of field: _M_impl
Fliping value of field: _M_finish
Fliping a bit of the value pointed by a pointer
Memory content before bitflip:0x000x000x000x000x000x000x000x00
Fault Model: Single bit-flip
base address to flip value: 0x5555557768e0
address max offset: 8
Memory content after  bitflip:0x000x000x000x000x000x000x080x00
frame name: predict
symbol name: x
symbol filename: lreg.cpp
symbol line: 50
value: std::vector of length 56, capacity 64 = {-16, 0, 9, -7, -16, 5, 11, -2, 15, -2, 22, -21, -4, -19, 13, -12, -22, 14, 14, 21, 24, -5, 21, 17, 27, -10, -20, 27, -14, -32, 17, -28, -6, -8, -18, 27, -16, 0, 9, -7, -16, 5, 11, -2, 15, -2, 22, -21, -4, -19, 13, -12, -22, 14, 14, 21}
value address: 0x555555761140 <x>
Type: The type is a structure.
Type sizeof: 24
Field name: std::_Vector_base<double, std::allocator<double> >
Field Type: The type is a structure.
Field Type sizeof: 24

[INFO -- 2018-10-05 18:27:51]
Fault Injection Successful after 10.089232206344604s
[INFO -- 2018-10-05 18:28:24]
event type: exit
[INFO -- 2018-10-05 18:28:24]
exit code: 0
