[INFO -- 2018-11-14 13:13:51]
Starting flip_value script
version: 1.1
[INFO -- 2018-11-14 13:13:51]
Initialization strings:
[INFO -- 2018-11-14 13:13:51]
(1) file /tmp/lreg/lreg
[INFO -- 2018-11-14 13:13:51]
(2) set args /tmp/lreg/randInput /tmp/lreg/output
[INFO -- 2018-11-14 13:13:51]
initSignal:0
[INFO -- 2018-11-14 13:13:51]
endSignal:5
[INFO -- 2018-11-14 13:13:51]
faultModel:1
[EXCEPTION -- 2018-11-14 13:13:52]
pythonException: empty range for randrange() (0,0, 0)
[INFO -- 2018-11-14 13:13:52]
Backtrace BEGIN:
#0  0x0000555555555951 in meanSquaredError () at lreg.cpp:128
#1  0x0000555555555ee5 in train (iter1=30000, iter2=30000, N=3, alpha1=5.0000000000000002e-05, alpha2=5.0000000000000002e-05, stopsWhenStable=true) at lreg.cpp:194
#2  0x0000555555556467 in main (argc=3, argv=0x7fffffffde68) at lreg.cpp:253

123	*/
124	double meanSquaredError(){
125		double error = 0;
126		
127		for(UINT i1 = 0, i2 = 0; verifyUintDup(i1, i2)<(x.size() - 1); i1++, i2++){
128			error+= ((predict(x[verifyUintDup(i1, i2)]) - y[verifyUintDup(i1, i2)]) * (predict(x[verifyUintDup(i1, i2)]) - y[verifyUintDup(i1, i2)]));	
129		}
130		error /= (x.size() - 1);
131		return error;
132	

Backtrace END
Memory content before bitflip:0x0a0x7f0x610x440x030xc10xe40x3f
Fault Model: Double bit-flip
base address to flip value: 0x7fffffffd800
address max offset: 8
Memory content after  bitflip:0x0a0x7f0x610x440x030x450xe40x3f
frame name: train
symbol name: bestMSE
symbol filename: lreg.cpp
symbol line: 189
value: 0.63342440944322331
value address: 0x7fffffffd800
Type: A floating point type.
Type sizeof: 8

[INFO -- 2018-11-14 13:13:52]
Fault Injection Successful after 1.9117529392242432s
[INFO -- 2018-11-14 13:13:56]
event type: exit
[INFO -- 2018-11-14 13:13:56]
exit code: 0
