[INFO -- 2018-11-02 00:31:45]
Starting flip_value script
version: 1.1
[INFO -- 2018-11-02 00:31:45]
Initialization strings:
[INFO -- 2018-11-02 00:31:45]
(1) file /tmp/lreg/lreg
[INFO -- 2018-11-02 00:31:45]
(2) set args /tmp/lreg/randInput /tmp/lreg/output /tmp/lreg/detected.log
[INFO -- 2018-11-02 00:31:45]
initSignal:0
[INFO -- 2018-11-02 00:31:45]
endSignal:10
[INFO -- 2018-11-02 00:31:45]
faultModel:0
[INFO -- 2018-11-02 00:31:47]
Backtrace BEGIN:
#0  0x000055555555523c in predict (v=-12) at lreg.cpp:50
#1  0x00005555555553fc in partialDerivate (pos=0) at lreg.cpp:74
#2  0x0000555555555503 in adjust (alpha=0.00020000000000000001) at lreg.cpp:87
#3  0x00005555555556ac in train (iterations=15000, alpha=0.00020000000000000001, N=2, stopsWhenStable=true) at lreg.cpp:120
#4  0x0000555555555a1c in execute (input=0x7fffffffe1f3 "/tmp/lreg/randInput") at lreg.cpp:157
#5  0x0000555555555c60 in main (argc=4, argv=0x7fffffffde48) at lreg.cpp:191

45		Predicts the value related to v using the Ts variables
46	*/
47	double predict(double v){
48		double val = 0;
49		for(int i = 0; i<T.size(); i++){
50			val+= (T[i] * pow(v, i));
51		}
52		return val;
53		
54	}

Backtrace END
Fliping value of field: std::_Vector_base<double, std::allocator<double> >
Fliping value of field: _M_impl
Fliping value of field: _M_end_of_storage
Fliping a bit of the pointer
Memory content before bitflip:0x500x230x770x550x550x550x000x00
Fault Model: Single bit-flip
base address to flip value: 0x55555575b190 
address max offset: 8
Memory content after  bitflip:0x500x230x770x450x550x550x000x00
frame name: main
symbol name: T
symbol filename: lreg.cpp
symbol line: 34
value: std::vector of length 2, capacity -33554430 = {-1.9999995461764322, -1.8308535130588382e-06}
value address: 0x55555575b180 <T>
Type: The type is a structure.
Type sizeof: 24
Field name: std::_Vector_base<double, std::allocator<double> >
Field Type: The type is a structure.
Field Type sizeof: 24

[INFO -- 2018-11-02 00:31:47]
Fault Injection Successful after 2.2478809356689453s
[INFO -- 2018-11-02 00:32:07]
event type: exit
[INFO -- 2018-11-02 00:32:07]
exit code: 0
