[INFO -- 2018-11-27 19:07:53]
Starting flip_value script
version: 1.1
[INFO -- 2018-11-27 19:07:53]
Initialization strings:
[INFO -- 2018-11-27 19:07:53]
(1) file /tmp/lreg/lreg
[INFO -- 2018-11-27 19:07:53]
(2) set args /tmp/lreg/randInput /tmp/lreg/output
[INFO -- 2018-11-27 19:07:53]
initSignal:0
[INFO -- 2018-11-27 19:07:53]
endSignal:3
[INFO -- 2018-11-27 19:07:53]
faultModel:1
[INFO -- 2018-11-27 19:07:54]
Backtrace BEGIN:
#0  0x00005555555567cf in std::vector<double, std::allocator<double> >::operator[] (this=0x55555575b1a0 <T2>, __n=2) at /usr/include/c++/7/bits/stl_vector.h:798
#1  0x00005555555557ab in predict (v=25) at lreg.cpp:116
#2  0x0000555555555a53 in partialDerivate (pos1=3, pos2=3) at lreg.cpp:142
#3  0x0000555555555bbe in adjust (alpha1=2.2222199999999999e-05, alpha2=2.2222199999999999e-05) at lreg.cpp:156
#4  0x0000555555555ee0 in train (iter1=30000, iter2=30000, N=4, alpha1=2.2222199999999999e-05, alpha2=2.2222199999999999e-05, stopsWhenStable=true) at lreg.cpp:193
#5  0x0000555555556467 in main (argc=3, argv=0x7fffffffde58) at lreg.cpp:253

793	       */
794	      reference
795	      operator[](size_type __n) _GLIBCXX_NOEXCEPT
796	      {
797		__glibcxx_requires_subscript(__n);
798		return *(this->_M_impl._M_start + __n);
799	      }
800	
801	      /**
802	       *  @brief  Subscript access to the data contained in the %vector.

Backtrace END
Memory content before bitflip:0xd20xd80x460x8d0x350x500x830x3f
Fault Model: Double bit-flip
base address to flip value: 0x7fffffffd788
address max offset: 8
Memory content after  bitflip:0xd20xc00x460x8d0x350x500x830x3f
frame name: adjust
symbol name: diff
symbol filename: lreg.cpp
symbol line: 158
value: 0.0094303306330804394
value address: 0x7fffffffd788
Type: A floating point type.
Type sizeof: 8

[INFO -- 2018-11-27 19:07:54]
Fault Injection Successful after 1.7829596996307373s
[INFO -- 2018-11-27 19:07:56]
event type: exit
[INFO -- 2018-11-27 19:07:56]
exit code: 0
