[INFO -- 2018-11-23 17:21:04]
Starting flip_value script
version: 1.1
[INFO -- 2018-11-23 17:21:04]
Initialization strings:
[INFO -- 2018-11-23 17:21:04]
(1) file /tmp/lreg/lreg
[INFO -- 2018-11-23 17:21:04]
(2) set args /tmp/lreg/randInput /tmp/lreg/output
[INFO -- 2018-11-23 17:21:04]
initSignal:0
[INFO -- 2018-11-23 17:21:04]
endSignal:3
[INFO -- 2018-11-23 17:21:04]
faultModel:2
[EXCEPTION -- 2018-11-23 17:21:06]
pythonException: empty range for randrange() (0,0, 0)
[EXCEPTION -- 2018-11-23 17:21:07]
pythonException: empty range for randrange() (0,0, 0)
[INFO -- 2018-11-23 17:21:07]
event type: exit
[EXCEPTION -- 2018-11-23 17:21:07]
exit code: no exit code available
