[INFO -- 2018-09-30 20:09:24]
Starting flip_value script
version: 1.1
[INFO -- 2018-09-30 20:09:24]
Initialization strings:
[INFO -- 2018-09-30 20:09:24]
(1) file /tmp/lreg/lreg
[INFO -- 2018-09-30 20:09:24]
(2) set args /tmp/lreg/randInput /tmp/lreg/output
[INFO -- 2018-09-30 20:09:24]
initSignal:0
[INFO -- 2018-09-30 20:09:24]
endSignal:10
[INFO -- 2018-09-30 20:09:24]
faultModel:2
[INFO -- 2018-09-30 20:09:28]
Backtrace BEGIN:
#0  0x00007ffff76d5813 in log1 (error=<synthetic pointer>, delta=<synthetic pointer>, x=3) at ../sysdeps/ieee754/dbl-64/e_pow.c:335
#1  __ieee754_pow_sse2 (x=3, y=3) at ../sysdeps/ieee754/dbl-64/e_pow.c:103
#2  0x00007ffff76d66be in __ieee754_pow_sse2 (x=<optimized out>, y=<optimized out>) at ../sysdeps/ieee754/dbl-64/e_pow.c:184
#3  0x00007ffff76b7b14 in __pow (x=-3, y=3) at w_pow_compat.c:30
#4  0x0000555555555f39 in std::pow<double, int> (__x=-3, __y=3) at /usr/include/c++/7/cmath:418
#5  0x0000555555555237 in predict (v=-3) at lreg.cpp:50
#6  0x00005555555553fc in partialDerivate (pos=0) at lreg.cpp:74
#7  0x0000555555555503 in adjust (alpha=2.2222199999999999e-05) at lreg.cpp:87
#8  0x00005555555556ac in train (iterations=90000, alpha=2.2222199999999999e-05, N=4, stopsWhenStable=true) at lreg.cpp:120
#9  0x0000555555555c26 in main (argc=3, argv=0x7fffffffde58) at lreg.cpp:182

330	../sysdeps/ieee754/dbl-64/e_pow.c: No such file or directory.

Backtrace END
Memory content before bitflip:0x000x000x000x000x800x000xcb0x40
Fault Model: Random bit-flip
base address to flip value: 0x7fffffffd948
address max offset: 8
Memory content after  bitflip:0x180x390x1e0xb40x2b0x880xab0x20
frame name: main
symbol name: temp
symbol filename: lreg.cpp
symbol line: 168
value: 2.6283829370024542e-151
value address: 0x7fffffffd948
Type: A floating point type.
Type sizeof: 8

[INFO -- 2018-09-30 20:09:28]
Fault Injection Successful after 4.755322456359863s
[INFO -- 2018-09-30 20:09:33]
event type: exit
[INFO -- 2018-09-30 20:09:33]
exit code: 0
