[INFO -- 2018-10-06 17:59:41]
Starting flip_value script
version: 1.1
[INFO -- 2018-10-06 17:59:41]
Initialization strings:
[INFO -- 2018-10-06 17:59:41]
(1) file /tmp/lreg/lreg
[INFO -- 2018-10-06 17:59:41]
(2) set args /tmp/lreg/randInput /tmp/lreg/output
[INFO -- 2018-10-06 17:59:41]
initSignal:0
[INFO -- 2018-10-06 17:59:41]
endSignal:10
[INFO -- 2018-10-06 17:59:41]
faultModel:1
[INFO -- 2018-10-06 17:59:43]
Backtrace BEGIN:
#0  0x000055555555607d in std::pow<double, unsigned int> (__x=10, __y=1) at /usr/include/c++/7/cmath:415
#1  0x00005555555552c2 in predict (v=10) at lreg.cpp:77
#2  0x00005555555553e9 in meanSquaredError () at lreg.cpp:91
#3  0x0000555555555886 in train (iterations=60000, N=3, stopsWhenStable=true) at lreg.cpp:160
#4  0x0000555555555dba in main (argc=3, argv=0x7fffffffde68) at lreg.cpp:225

410	#endif
411	
412	  template<typename _Tp, typename _Up>
413	    inline _GLIBCXX_CONSTEXPR
414	    typename __gnu_cxx::__promote_2<_Tp, _Up>::__type
415	    pow(_Tp __x, _Up __y)
416	    {
417	      typedef typename __gnu_cxx::__promote_2<_Tp, _Up>::__type __type;
418	      return pow(__type(__x), __type(__y));
419	    }

Backtrace END
Fliping value of field: std::_Vector_base<double, std::allocator<double> >
Fliping value of field: _M_impl
Fliping value of field: _M_start
Fliping a bit of the value pointed by a pointer
Memory content before bitflip:0xb80xe40x690x760x370x860xde0x3f
Fault Model: Double bit-flip
base address to flip value: 0x555555771360
address max offset: 8
Memory content after  bitflip:0xb80xe40x690x760x370x860xde0x2b
frame name: std::pow<double, unsigned int>
symbol name: T
symbol filename: lreg.cpp
symbol line: 43
value: std::vector of length 3, capacity 3 = {2.2328877760956239e-97, 1.9769574384761273, -0.0049805858342817687}
value address: 0x55555575a180 <T>
Type: The type is a structure.
Type sizeof: 24
Field name: std::_Vector_base<double, std::allocator<double> >
Field Type: The type is a structure.
Field Type sizeof: 24

[INFO -- 2018-10-06 17:59:43]
Fault Injection Successful after 2.3585751056671143s
[INFO -- 2018-10-06 17:59:51]
event type: exit
[INFO -- 2018-10-06 17:59:51]
exit code: 0
