[INFO -- 2018-11-09 14:36:44]
Starting flip_value script
version: 1.1
[INFO -- 2018-11-09 14:36:44]
Initialization strings:
[INFO -- 2018-11-09 14:36:44]
(1) file /tmp/lreg/lreg
[INFO -- 2018-11-09 14:36:44]
(2) set args /tmp/lreg/randInput /tmp/lreg/output /tmp/lreg/detected.log
[INFO -- 2018-11-09 14:36:44]
initSignal:0
[INFO -- 2018-11-09 14:36:44]
endSignal:10
[INFO -- 2018-11-09 14:36:44]
faultModel:2
[INFO -- 2018-11-09 14:36:47]
Backtrace BEGIN:
#0  0x00005555555554b3 in partialDerivate (pos=2) at lreg.cpp:76
#1  0x0000555555555503 in adjust (alpha=2.2222199999999999e-05) at lreg.cpp:87
#2  0x00005555555556ac in train (iterations=45000, alpha=2.2222199999999999e-05, N=4, stopsWhenStable=true) at lreg.cpp:120
#3  0x0000555555555a1c in execute (input=0x7fffffffe1f3 "/tmp/lreg/randInput") at lreg.cpp:157
#4  0x0000555555555c60 in main (argc=4, argv=0x7fffffffde48) at lreg.cpp:191

71	double partialDerivate(int pos){
72		double pD = 0;
73		for(int i = 0; i<x.size(); i++){
74			pD += ((predict(x[i]) - y[i])*pow(x[i], pos));	
75		}
76		pD *= (2.0/x.size());
77		return pD;
78	}
79	
80	/**

Backtrace END
Memory content before bitflip:0xb30xfb0x620xe80x1c0x980xaf0x40
Fault Model: Random bit-flip
base address to flip value: 0x7fffffffd528
address max offset: 8
Memory content after  bitflip:0xd20xdd0x6b0x390x960x670xe80x87
frame name: adjust
symbol name: PD
symbol filename: lreg.cpp
symbol line: 85
value: -1.4435978980842221e-270
value address: 0x7fffffffd528
Type: A floating point type.
Type sizeof: 8

[INFO -- 2018-11-09 14:36:47]
Fault Injection Successful after 3.9411544799804688s
[INFO -- 2018-11-09 14:36:53]
event type: exit
[INFO -- 2018-11-09 14:36:53]
exit code: 0
