[INFO -- 2018-10-09 20:11:34]
Starting flip_value script
version: 1.1
[INFO -- 2018-10-09 20:11:34]
Initialization strings:
[INFO -- 2018-10-09 20:11:34]
(1) file /tmp/lreg/lreg
[INFO -- 2018-10-09 20:11:34]
(2) set args /tmp/lreg/randInput /tmp/lreg/output
[INFO -- 2018-10-09 20:11:34]
initSignal:0
[INFO -- 2018-10-09 20:11:34]
endSignal:10
[INFO -- 2018-10-09 20:11:34]
faultModel:1
[INFO -- 2018-10-09 20:11:39]
Backtrace BEGIN:
#0  std::_Destroy<double*> (__first=0x555555771be0, __last=0x555555771c00) at /usr/include/c++/7/bits/stl_construct.h:137
#1  0x000055555555685d in std::_Destroy<double*, double> (__first=0x555555771be0, __last=0x555555771c00) at /usr/include/c++/7/bits/stl_construct.h:206
#2  0x00005555555561a1 in std::vector<double, std::allocator<double> >::~vector (this=0x7fffffffd890, __in_chrg=<optimized out>) at /usr/include/c++/7/bits/stl_vector.h:434
#3  0x0000555555555955 in train (iterations=90000, N=4, stopsWhenStable=true) at lreg.cpp:165
#4  0x0000555555555dba in main (argc=3, argv=0x7fffffffde68) at lreg.cpp:225

132	      // A deleted destructor is trivial, this ensures we reject such types:
133	      static_assert(is_destructible<_Value_type>::value,
134			    "value type is destructible");
135	#endif
136	      std::_Destroy_aux<__has_trivial_destructor(_Value_type)>::
137		__destroy(__first, __last);
138	    }
139	
140	  template<bool>
141	    struct _Destroy_n_aux

Backtrace END
Memory content before bitflip:0x020x000x000x00
Fault Model: Double bit-flip
base address to flip value: 0x7fffffffd924
address max offset: 4
Memory content after  bitflip:0x020x000x600x00
frame name: main
symbol name: i2
symbol filename: lreg.cpp
symbol line: 198
value: 6291458
value address: 0x7fffffffd924
Type: The type is an integer type.
Type sizeof: 4

[INFO -- 2018-10-09 20:11:39]
Fault Injection Successful after 5.635934352874756s
[INFO -- 2018-10-09 20:11:43]
event type: exit
[INFO -- 2018-10-09 20:11:43]
exit code: 0
