[INFO -- 2018-11-24 14:47:51]
Starting flip_value script
version: 1.1
[INFO -- 2018-11-24 14:47:51]
Initialization strings:
[INFO -- 2018-11-24 14:47:51]
(1) file /tmp/lreg/lreg
[INFO -- 2018-11-24 14:47:51]
(2) set args /tmp/lreg/randInput /tmp/lreg/output /tmp/lreg/detected.log
[INFO -- 2018-11-24 14:47:51]
initSignal:0
[INFO -- 2018-11-24 14:47:51]
endSignal:6
[INFO -- 2018-11-24 14:47:51]
faultModel:0
[EXCEPTION -- 2018-11-24 14:47:53]
pythonException: empty range for randrange() (0,0, 0)
[INFO -- 2018-11-24 14:47:53]
Backtrace BEGIN:
#0  __exp1 (x=4.8283137373023015, xx=-3.877313640918186e-16, error=<optimized out>) at ../sysdeps/ieee754/dbl-64/e_exp.c:260
#1  0x00007ffff76da8dc in __ieee754_pow_sse2 (x=5, y=3) at ../sysdeps/ieee754/dbl-64/e_pow.c:115
#2  0x00007ffff76bcb14 in __pow (x=5, y=3) at w_pow_compat.c:30
#3  0x0000555555556149 in std::pow<double, int> (__x=5, __y=3) at /usr/include/c++/7/cmath:418
#4  0x0000555555555237 in predict (v=5) at lreg.cpp:50
#5  0x00005555555552ba in meanSquaredError () at lreg.cpp:61
#6  0x00005555555556b1 in train (iterations=30000, alpha=2.2222199999999999e-05, N=4, stopsWhenStable=true) at lreg.cpp:121
#7  0x0000555555555a1c in execute (input=0x7fffffffe1f2 "/tmp/lreg/randInput") at lreg.cpp:157
#8  0x0000555555555c78 in main (argc=4, argv=0x7fffffffde48) at lreg.cpp:193

255	in ../sysdeps/ieee754/dbl-64/e_exp.c

Backtrace END
Memory content before bitflip:0x030x000x000x00
Fault Model: Single bit-flip
base address to flip value: 0x7fffffffd4e4
address max offset: 4
Memory content after  bitflip:0x030x000x000x02
frame name: predict
symbol name: i
symbol filename: lreg.cpp
symbol line: 49
value: 33554435
value address: 0x7fffffffd4e4
Type: The type is an integer type.
Type sizeof: 4

[INFO -- 2018-11-24 14:47:53]
Fault Injection Successful after 2.5387911796569824s
[INFO -- 2018-11-24 14:47:58]
event type: exit
[INFO -- 2018-11-24 14:47:58]
exit code: 0
