[INFO -- 2018-11-22 17:06:51]
Starting flip_value script
version: 1.1
[INFO -- 2018-11-22 17:06:51]
Initialization strings:
[INFO -- 2018-11-22 17:06:52]
(1) file /tmp/lreg/lreg
[INFO -- 2018-11-22 17:06:52]
(2) set args /tmp/lreg/randInput /tmp/lreg/output
[INFO -- 2018-11-22 17:06:52]
initSignal:0
[INFO -- 2018-11-22 17:06:52]
endSignal:3
[INFO -- 2018-11-22 17:06:52]
faultModel:2
[INFO -- 2018-11-22 17:06:54]
Backtrace BEGIN:
#0  0x00007ffff76bcb4d in __pow (x=-21, y=1) at w_pow_compat.c:62
#1  0x0000555555555d5f in std::pow<double, int> (__x=-21, __y=1) at /usr/include/c++/7/cmath:418
#2  0x0000555555555401 in partialDerivate (pos=1) at lreg.cpp:74
#3  0x00005555555554b3 in adjust (alpha=5.0000000000000002e-05) at lreg.cpp:87
#4  0x000055555555565c in train (iterations=20000, alpha=5.0000000000000002e-05, N=3, stopsWhenStable=true) at lreg.cpp:120
#5  0x0000555555555ab7 in main (argc=3, argv=0x7fffffffde58) at lreg.cpp:174

57	w_pow_compat.c: No such file or directory.

Backtrace END
Fliping value of field: std::_Vector_base<double, std::allocator<double> >
Fliping value of field: _M_impl
Fliping value of field: _M_end_of_storage
Fliping a bit of the pointer
Memory content before bitflip:0x300x150x770x550x550x550x000x00
Fault Model: Random bit-flip
base address to flip value: 0x55555575a150 
address max offset: 8
Memory content after  bitflip:0xd80x850x5f0xcc0x9b0x4d0x8f0x6d
frame name: main
symbol name: x
symbol filename: lreg.cpp
symbol line: 32
value: std::vector of length 12, capacity 986815022294175269 = {-4, -3, -7, -2, -1, -1, -21, -3, -19, 13, 6, 23}
value address: 0x55555575a140 <x>
Type: The type is a structure.
Type sizeof: 24
Field name: std::_Vector_base<double, std::allocator<double> >
Field Type: The type is a structure.
Field Type sizeof: 24

[INFO -- 2018-11-22 17:06:54]
Fault Injection Successful after 2.029629945755005s
[INFO -- 2018-11-22 17:06:56]
event type: exit
[INFO -- 2018-11-22 17:06:56]
exit code: 0
