[INFO -- 2018-10-02 18:08:50]
Starting flip_value script
version: 1.1
[INFO -- 2018-10-02 18:08:50]
Initialization strings:
[INFO -- 2018-10-02 18:08:50]
(1) file /tmp/lreg/lreg
[INFO -- 2018-10-02 18:08:50]
(2) set args /tmp/lreg/randInput /tmp/lreg/output
[INFO -- 2018-10-02 18:08:50]
initSignal:0
[INFO -- 2018-10-02 18:08:50]
endSignal:10
[INFO -- 2018-10-02 18:08:50]
faultModel:0
[INFO -- 2018-10-02 18:08:54]
Backtrace BEGIN:
#0  0x0000555555555d0f in std::vector<double, std::allocator<double> >::operator[] (this=0x55555575a180 <T>, __n=3) at /usr/include/c++/7/bits/stl_vector.h:798
#1  0x00005555555551c7 in predict (v=14) at lreg.cpp:50
#2  0x00005555555553ac in partialDerivate (pos=1) at lreg.cpp:74
#3  0x00005555555554b3 in adjust (alpha=2.2222199999999999e-05) at lreg.cpp:87
#4  0x000055555555565c in train (iterations=90000, alpha=2.2222199999999999e-05, N=4, stopsWhenStable=true) at lreg.cpp:120
#5  0x0000555555555ab7 in main (argc=3, argv=0x7fffffffde58) at lreg.cpp:174

793	       */
794	      reference
795	      operator[](size_type __n) _GLIBCXX_NOEXCEPT
796	      {
797		__glibcxx_requires_subscript(__n);
798		return *(this->_M_impl._M_start + __n);
799	      }
800	
801	      /**
802	       *  @brief  Subscript access to the data contained in the %vector.

Backtrace END
Fliping value of field: std::_Vector_base<double, std::allocator<double> >
Fliping value of field: _M_impl
Fliping value of field: _M_end_of_storage
Fliping a bit of the pointer
Memory content before bitflip:0x600x190x770x550x550x550x000x00
Fault Model: Single bit-flip
base address to flip value: 0x55555575a150 
address max offset: 8
Memory content after  bitflip:0x600x190x770x550x550x570x000x00
frame name: partialDerivate
symbol name: x
symbol filename: lreg.cpp
symbol line: 32
value: std::vector of length 36, capacity 274877907008 = {10, -14, 1, 3, 10, 3, 11, -10, 24, 9, 10, -11, -1, -12, -24, -16, -6, -18, 8, 20, 25, 24, 1, 10, 20, -20, -18, 31, 27, -18, 0, -10, 27, -20, 0, 14}
value address: 0x55555575a140 <x>
Type: The type is a structure.
Type sizeof: 24
Field name: std::_Vector_base<double, std::allocator<double> >
Field Type: The type is a structure.
Field Type sizeof: 24

[INFO -- 2018-10-02 18:08:54]
Fault Injection Successful after 4.622974872589111s
[INFO -- 2018-10-02 18:08:58]
event type: exit
[INFO -- 2018-10-02 18:08:58]
exit code: 0
