[INFO -- 2018-09-05 19:11:42]
Starting flip_value script
version: 1.1
[INFO -- 2018-09-05 19:11:42]
Initialization strings:
[INFO -- 2018-09-05 19:11:42]
(1) file /tmp/lreg/lreg
[INFO -- 2018-09-05 19:11:42]
(2) set args /tmp/lreg/randInput /tmp/lreg/output
[INFO -- 2018-09-05 19:11:42]
initSignal:0
[INFO -- 2018-09-05 19:11:42]
endSignal:2
[INFO -- 2018-09-05 19:11:42]
faultModel:2
[EXCEPTION -- 2018-09-05 19:11:43]
gdbException: Attempt to dereference a generic pointer.
[INFO -- 2018-09-05 19:11:43]
Backtrace BEGIN:
#0  0x0000555555555327 in meanSquaredError () at lreg.cpp:61
#1  0x00005555555556b1 in train (iterations=30000, alpha=0.00020000000000000001, N=2, stopsWhenStable=true) at lreg.cpp:121
#2  0x0000555555555c26 in main (argc=3, argv=0x7fffffffde78) at lreg.cpp:182

56		Calculates the mean squared error of T
57	*/
58	double meanSquaredError(){
59		double error = 0;
60		for(int i = 0; i<x.size(); i++){
61			error+= ((predict(x[i]) - y[i]) * (predict(x[i]) - y[i]));	
62		}
63		error /= x.size();
64		return error;
65	

Backtrace END
Memory content before bitflip:0x000x000x000x000x000x000xf00xbf
Fault Model: Random bit-flip
base address to flip value: 0x7fffffffd968
address max offset: 8
Memory content after  bitflip:0x690x780x3b0xc80xfc0x250x9f0xad
frame name: main
symbol name: temp
symbol filename: lreg.cpp
symbol line: 168
value: -6.11641399788505e-89
value address: 0x7fffffffd968
Type: A floating point type.
Type sizeof: 8

[INFO -- 2018-09-05 19:11:43]
Fault Injection Successful after 1.6112127304077148s
[INFO -- 2018-09-05 19:11:50]
event type: exit
[INFO -- 2018-09-05 19:11:50]
exit code: 0
