[INFO -- 2018-11-24 15:19:20]
Starting flip_value script
version: 1.1
[INFO -- 2018-11-24 15:19:20]
Initialization strings:
[INFO -- 2018-11-24 15:19:20]
(1) file /tmp/lreg/lreg
[INFO -- 2018-11-24 15:19:20]
(2) set args /tmp/lreg/randInput /tmp/lreg/output /tmp/lreg/detected.log
[INFO -- 2018-11-24 15:19:20]
initSignal:0
[INFO -- 2018-11-24 15:19:20]
endSignal:6
[INFO -- 2018-11-24 15:19:20]
faultModel:2
[INFO -- 2018-11-24 15:19:22]
Backtrace BEGIN:
#0  0x000055555555524e in predict (v=6) at lreg.cpp:49
#1  0x00005555555553fc in partialDerivate (pos=0) at lreg.cpp:74
#2  0x0000555555555503 in adjust (alpha=0.00020000000000000001) at lreg.cpp:87
#3  0x00005555555556ac in train (iterations=10000, alpha=0.00020000000000000001, N=2, stopsWhenStable=true) at lreg.cpp:120
#4  0x0000555555555a1c in execute (input=0x7fffffffe1f2 "/tmp/lreg/randInput") at lreg.cpp:157
#5  0x0000555555555c78 in main (argc=4, argv=0x7fffffffde48) at lreg.cpp:193

44	/**
45		Predicts the value related to v using the Ts variables
46	*/
47	double predict(double v){
48		double val = 0;
49		for(int i = 0; i<T.size(); i++){
50			val+= (T[i] * pow(v, i));
51		}
52		return val;
53		

Backtrace END
Memory content before bitflip:0xa10xc00xef0x080x430x6d0xf20x3f
Fault Model: Random bit-flip
base address to flip value: 0x7fffffffd588
address max offset: 8
Memory content after  bitflip:0x1a0xcf0xf30x9b0x230x130x780xe2
frame name: train
symbol name: MSE
symbol filename: lreg.cpp
symbol line: 117
value: -2.2181945205964258e+166
value address: 0x7fffffffd588
Type: A floating point type.
Type sizeof: 8

[INFO -- 2018-11-24 15:19:22]
Fault Injection Successful after 2.425645112991333s
[INFO -- 2018-11-24 15:19:27]
event type: exit
[INFO -- 2018-11-24 15:19:27]
exit code: 0
