[INFO -- 2018-10-06 21:42:31]
Starting flip_value script
version: 1.1
[INFO -- 2018-10-06 21:42:31]
Initialization strings:
[INFO -- 2018-10-06 21:42:31]
(1) file /tmp/lreg/lreg
[INFO -- 2018-10-06 21:42:31]
(2) set args /tmp/lreg/randInput /tmp/lreg/output
[INFO -- 2018-10-06 21:42:31]
initSignal:0
[INFO -- 2018-10-06 21:42:31]
endSignal:10
[INFO -- 2018-10-06 21:42:31]
faultModel:2
[INFO -- 2018-10-06 21:42:40]
Backtrace BEGIN:
#0  0x00007ffff76d5a35 in __ieee754_pow_sse2 (x=<optimized out>, y=<optimized out>) at ../sysdeps/ieee754/dbl-64/e_pow.c:215
#1  0x00007ffff76b7b14 in __pow (x=-16, y=3) at w_pow_compat.c:30
#2  0x00005555555560ba in std::pow<double, unsigned int> (__x=-16, __y=3) at /usr/include/c++/7/cmath:418
#3  0x00005555555552c2 in predict (v=-16) at lreg.cpp:77
#4  0x000055555555551d in partialDerivate (pos=2) at lreg.cpp:107
#5  0x0000555555555670 in adjust () at lreg.cpp:123
#6  0x0000555555555881 in train (iterations=90000, N=4, stopsWhenStable=true) at lreg.cpp:159
#7  0x0000555555555dba in main (argc=3, argv=0x7fffffffde68) at lreg.cpp:225

210	../sysdeps/ieee754/dbl-64/e_pow.c: No such file or directory.

Backtrace END
Fliping value of field: std::_Vector_base<double, std::allocator<double> >
Fliping value of field: _M_impl
Fliping value of field: _M_finish
Fliping a bit of the value pointed by a pointer
Memory content before bitflip:0x000x000x000x000x000x000x000x00
Fault Model: Random bit-flip
base address to flip value: 0x555555771880
address max offset: 8
Memory content after  bitflip:0x400xdb0x4d0xbe0x970x110xae0xe9
frame name: main
symbol name: x
symbol filename: lreg.cpp
symbol line: 41
value: std::vector of length 36, capacity 64 = {-6, 3, 15, 5, -3, 7, 5, -5, 16, -12, 13, 7, 24, -22, 8, 16, -16, 4, 24, -12, 20, -2, 13, -30, 12, 29, 14, -8, 22, 10, 32, -11, 4, 5, -3, 26}
value address: 0x55555575a140 <x>
Type: The type is a structure.
Type sizeof: 24
Field name: std::_Vector_base<double, std::allocator<double> >
Field Type: The type is a structure.
Field Type sizeof: 24

[INFO -- 2018-10-06 21:42:40]
Fault Injection Successful after 9.485424280166626s
[INFO -- 2018-10-06 21:42:41]
event type: exit
[INFO -- 2018-10-06 21:42:41]
exit code: 0
