[INFO -- 2018-09-15 15:16:07]
Starting flip_value script
version: 1.1
[INFO -- 2018-09-15 15:16:07]
Initialization strings:
[INFO -- 2018-09-15 15:16:07]
(1) file /tmp/lreg/lreg
[INFO -- 2018-09-15 15:16:07]
(2) set args /tmp/lreg/randInput /tmp/lreg/output
[INFO -- 2018-09-15 15:16:07]
initSignal:0
[INFO -- 2018-09-15 15:16:07]
endSignal:2
[INFO -- 2018-09-15 15:16:07]
faultModel:1
[EXCEPTION -- 2018-09-15 15:16:07]
gdbException: Attempt to dereference a generic pointer.
[INFO -- 2018-09-15 15:16:07]
Backtrace BEGIN:
#0  do_lookup_x (undef_name=undef_name@entry=0x7ffff6e93796 "__progname", new_hash=new_hash@entry=2658554044, old_hash=old_hash@entry=0x7fffffffd9a0, ref=0x7ffff6e86988, result=result@entry=0x7fffffffd9b0, scope=<optimized out>, i=<optimized out>, version=0x7ffff7fdda30, flags=1, skip=0x0, type_class=4, undef_map=0x7ffff7fe03d0) at dl-lookup.c:407
#1  0x00007ffff7de01ef in _dl_lookup_symbol_x (undef_name=0x7ffff6e93796 "__progname", undef_map=undef_map@entry=0x7ffff7fe03d0, ref=ref@entry=0x7fffffffdad0, symbol_scope=symbol_scope@entry=0x7ffff7fe0728, version=0x7ffff7fdda30, type_class=4, flags=1, skip_map=<optimized out>) at dl-lookup.c:813
#2  0x00007ffff7de1af9 in elf_machine_rela (skip_ifunc=<optimized out>, reloc_addr_arg=0x7ffff726bdf0, version=<optimized out>, sym=<optimized out>, reloc=0x7ffff6ea1578, map=0x7ffff7fe03d0) at ../sysdeps/x86_64/dl-machine.h:308
#3  elf_dynamic_do_Rela (skip_ifunc=<optimized out>, lazy=<optimized out>, nrelative=<optimized out>, relsize=<optimized out>, reladdr=<optimized out>, map=0x7ffff7fe03d0) at do-rel.h:137
#4  _dl_relocate_object (scope=<optimized out>, reloc_mode=<optimized out>, consider_profiling=<optimized out>, consider_profiling@entry=0) at dl-reloc.c:258
#5  0x00007ffff7dd9307 in dl_main (phdr=<optimized out>, phnum=<optimized out>, user_entry=<optimized out>, auxv=<optimized out>) at rtld.c:2190
#6  0x00007ffff7defdd0 in _dl_sysdep_start (start_argptr=start_argptr@entry=0x7fffffffde60, dl_main=dl_main@entry=0x7ffff7dd7660 <dl_main>) at ../elf/dl-sysdep.c:253
#7  0x00007ffff7dd7128 in _dl_start_final (arg=0x7fffffffde60) at rtld.c:414
#8  _dl_start (arg=0x7fffffffde60) at rtld.c:521
#9  0x00007ffff7dd6098 in _start () from /lib64/ld-linux-x86-64.so.2
#10 0x0000000000000003 in ?? ()
#11 0x00007fffffffe207 in ?? ()
#12 0x00007fffffffe216 in ?? ()
#13 0x00007fffffffe22a in ?? ()
#14 0x0000000000000000 in ?? ()

402	in dl-lookup.c

Backtrace END
Fliping a bit of the pointer
Memory content before bitflip:0x000x000x000x000x000x000x000x00
Fault Model: Double bit-flip
base address to flip value: 0x7ffff7ffc688 
address max offset: 8
Memory content after  bitflip:0x000x000x000x050x000x000x000x00
frame name: _dl_start
symbol name: preloadlist
symbol filename: rtld.c
symbol line: 825
value: 0x0
value address: 0x7ffff7ffc688 <preloadlist>
Type: The type is a pointer.
Type sizeof: 8

[INFO -- 2018-09-15 15:16:07]
Fault Injection Successful after 0.815497875213623s
[INFO -- 2018-09-15 15:16:15]
event type: exit
[INFO -- 2018-09-15 15:16:15]
exit code: 0
