[INFO -- 2018-11-12 18:50:34]
Starting flip_value script
version: 1.1
[INFO -- 2018-11-12 18:50:34]
Initialization strings:
[INFO -- 2018-11-12 18:50:34]
(1) file /tmp/lreg/lreg
[INFO -- 2018-11-12 18:50:34]
(2) set args /tmp/lreg/randInput /tmp/lreg/output
[INFO -- 2018-11-12 18:50:34]
initSignal:0
[INFO -- 2018-11-12 18:50:34]
endSignal:10
[INFO -- 2018-11-12 18:50:34]
faultModel:1
[INFO -- 2018-11-12 18:50:38]
Backtrace BEGIN:
#0  __ieee754_pow_sse2 (x=14, y=3) at ../sysdeps/ieee754/dbl-64/e_pow.c:110
#1  0x00007ffff76db6be in __ieee754_pow_sse2 (x=<optimized out>, y=<optimized out>) at ../sysdeps/ieee754/dbl-64/e_pow.c:184
#2  0x00007ffff76bcb14 in __pow (x=-14, y=3) at w_pow_compat.c:30
#3  0x00005555555566b8 in std::pow<double, unsigned int> (__x=-14, __y=3) at /usr/include/c++/7/cmath:418
#4  0x0000555555555995 in partialDerivate (pos1=3, pos2=3) at lreg.cpp:139
#5  0x0000555555555a81 in adjust (alpha1=2.2222199999999999e-05, alpha2=2.2222199999999999e-05) at lreg.cpp:153
#6  0x0000555555555da3 in train (iter1=45000, iter2=45000, N=4, alpha1=2.2222199999999999e-05, alpha2=2.2222199999999999e-05, stopsWhenStable=true) at lreg.cpp:190
#7  0x00005555555562e6 in main (argc=3, argv=0x7fffffffde68) at lreg.cpp:246

105	../sysdeps/ieee754/dbl-64/e_pow.c: No such file or directory.

Backtrace END
Fliping value of field: std::_Vector_base<double, std::allocator<double> >
Fliping value of field: _M_impl
Fliping value of field: _M_start
Fliping a bit of the value pointed by a pointer
Memory content before bitflip:0x000x000x000x000x000x000x2a0x40
Fault Model: Double bit-flip
base address to flip value: 0x555555772830
address max offset: 8
Memory content after  bitflip:0x420x000x000x000x000x000x2a0x40
frame name: std::pow<double, unsigned int>
symbol name: x
symbol filename: lreg.cpp
symbol line: 34
value: std::vector of length 36, capacity 64 = {13.000000000000117, -7, 11, 12, -2, 16, 14, -16, -14, 16, -7, -14, -14, -20, 10, 0, 22, 2, -16, 18, 28, 32, -24, 1, -29, 12, 5, 29, 20, -8, -18, 27, -27, 24, -7, 13}
value address: 0x55555575b140 <x>
Type: The type is a structure.
Type sizeof: 24
Field name: std::_Vector_base<double, std::allocator<double> >
Field Type: The type is a structure.
Field Type sizeof: 24

[INFO -- 2018-11-12 18:50:38]
Fault Injection Successful after 4.49303936958313s
[INFO -- 2018-11-12 18:50:48]
event type: exit
[INFO -- 2018-11-12 18:50:48]
exit code: 0
