[INFO -- 2018-11-23 19:32:34]
Starting flip_value script
version: 1.1
[INFO -- 2018-11-23 19:32:34]
Initialization strings:
[INFO -- 2018-11-23 19:32:34]
(1) file /tmp/lreg/lreg
[INFO -- 2018-11-23 19:32:34]
(2) set args /tmp/lreg/randInput /tmp/lreg/output
[INFO -- 2018-11-23 19:32:34]
initSignal:0
[INFO -- 2018-11-23 19:32:34]
endSignal:3
[INFO -- 2018-11-23 19:32:34]
faultModel:0
[EXCEPTION -- 2018-11-23 19:32:35]
pythonException: Unable to exit loop in struct fields; Exiting wihtout making a bit flip
[INFO -- 2018-11-23 19:32:35]
Backtrace BEGIN:
#0  0x00007ffff76daa35 in __ieee754_pow_sse2 (x=<optimized out>, y=<optimized out>) at ../sysdeps/ieee754/dbl-64/e_pow.c:215
#1  0x00007ffff76bcb14 in __pow (x=7, y=1) at w_pow_compat.c:30
#2  0x0000555555555d5f in std::pow<double, int> (__x=7, __y=1) at /usr/include/c++/7/cmath:418
#3  0x00005555555551e7 in predict (v=7) at lreg.cpp:50
#4  0x00005555555552ba in meanSquaredError () at lreg.cpp:61
#5  0x0000555555555661 in train (iterations=30000, alpha=2.2222199999999999e-05, N=4, stopsWhenStable=true) at lreg.cpp:121
#6  0x0000555555555ab7 in main (argc=3, argv=0x7fffffffde58) at lreg.cpp:174

210	in ../sysdeps/ieee754/dbl-64/e_pow.c

Backtrace END
Memory content before bitflip:0x010x000x000x00
Fault Model: Single bit-flip
base address to flip value: 0x7fffffffd754
address max offset: 4
Memory content after  bitflip:0x010x020x000x00
frame name: std::pow<double, int>
symbol name: __y
symbol filename: /usr/include/c++/7/cmath
symbol line: 415
value: 513
value address: 0x7fffffffd754
Type: The type is an integer type.
Type sizeof: 4

[INFO -- 2018-11-23 19:32:35]
Fault Injection Successful after 1.8369545936584473s
[INFO -- 2018-11-23 19:32:36]
event type: exit
[INFO -- 2018-11-23 19:32:36]
exit code: 0
