[INFO -- 2018-11-05 20:18:53]
Starting flip_value script
version: 1.1
[INFO -- 2018-11-05 20:18:53]
Initialization strings:
[INFO -- 2018-11-05 20:18:53]
(1) file /tmp/lreg/lreg
[INFO -- 2018-11-05 20:18:53]
(2) set args /tmp/lreg/randInput /tmp/lreg/output /tmp/lreg/detected.log
[INFO -- 2018-11-05 20:18:53]
initSignal:0
[INFO -- 2018-11-05 20:18:53]
endSignal:10
[INFO -- 2018-11-05 20:18:53]
faultModel:0
[INFO -- 2018-11-05 20:18:56]
Backtrace BEGIN:
#0  std::pow<double, int> (__x=9, __y=0) at /usr/include/c++/7/cmath:418
#1  0x0000555555555237 in predict (v=9) at lreg.cpp:50
#2  0x00005555555553fc in partialDerivate (pos=1) at lreg.cpp:74
#3  0x0000555555555503 in adjust (alpha=2.2222199999999999e-05) at lreg.cpp:87
#4  0x00005555555556ac in train (iterations=45000, alpha=2.2222199999999999e-05, N=4, stopsWhenStable=true) at lreg.cpp:120
#5  0x0000555555555a1c in execute (input=0x7fffffffe1f3 "/tmp/lreg/randInput") at lreg.cpp:157
#6  0x0000555555555c60 in main (argc=4, argv=0x7fffffffde48) at lreg.cpp:191

413	    inline _GLIBCXX_CONSTEXPR
414	    typename __gnu_cxx::__promote_2<_Tp, _Up>::__type
415	    pow(_Tp __x, _Up __y)
416	    {
417	      typedef typename __gnu_cxx::__promote_2<_Tp, _Up>::__type __type;
418	      return pow(__type(__x), __type(__y));
419	    }
420	
421	  using ::sin;
422	

Backtrace END
Fliping value of field: std::_Vector_base<double, std::allocator<double> >
Fliping value of field: _M_impl
Fliping value of field: _M_start
Fliping a bit of the value pointed by a pointer
Memory content before bitflip:0x3f0xf10x360x1e0x5e0x0a0x280xc0
Fault Model: Single bit-flip
base address to flip value: 0x555555772380
address max offset: 8
Memory content after  bitflip:0x3f0xf10x360x1e0x5e0x0a0xa80xc0
frame name: main
symbol name: T
symbol filename: lreg.cpp
symbol line: 34
value: std::vector of length 4, capacity 4 = {-3077.1838242692461, -166.87941998440633, 9.7311413501173316, 5.4398719502745703}
value address: 0x55555575b180 <T>
Type: The type is a structure.
Type sizeof: 24
Field name: std::_Vector_base<double, std::allocator<double> >
Field Type: The type is a structure.
Field Type sizeof: 24

[INFO -- 2018-11-05 20:18:56]
Fault Injection Successful after 3.437653064727783s
[INFO -- 2018-11-05 20:19:01]
event type: exit
[INFO -- 2018-11-05 20:19:01]
exit code: 0
