[INFO -- 2018-09-15 16:22:54]
Starting flip_value script
version: 1.1
[INFO -- 2018-09-15 16:22:54]
Initialization strings:
[INFO -- 2018-09-15 16:22:54]
(1) file /tmp/lreg/lreg
[INFO -- 2018-09-15 16:22:54]
(2) set args /tmp/lreg/randInput /tmp/lreg/output
[INFO -- 2018-09-15 16:22:54]
initSignal:0
[INFO -- 2018-09-15 16:22:54]
endSignal:2
[INFO -- 2018-09-15 16:22:54]
faultModel:0
[INFO -- 2018-09-15 16:22:56]
Backtrace BEGIN:
#0  0x00007ffff76b7b0f in __pow (x=1, y=2) at w_pow_compat.c:30
#1  0x0000555555555f39 in std::pow<double, int> (__x=1, __y=2) at /usr/include/c++/7/cmath:418
#2  0x0000555555555237 in predict (v=1) at lreg.cpp:50
#3  0x00005555555553fc in partialDerivate (pos=3) at lreg.cpp:74
#4  0x0000555555555503 in adjust (alpha=2.2222199999999999e-05) at lreg.cpp:87
#5  0x00005555555556ac in train (iterations=90000, alpha=2.2222199999999999e-05, N=4, stopsWhenStable=true) at lreg.cpp:120
#6  0x0000555555555c26 in main (argc=3, argv=0x7fffffffde68) at lreg.cpp:182

25	w_pow_compat.c: No such file or directory.

Backtrace END
Memory content before bitflip:0x250x920x4a0x3d0x8c0x810xd20xc1
Fault Model: Single bit-flip
base address to flip value: 0x7fffffffd798
address max offset: 8
Memory content after  bitflip:0x240x920x4a0x3d0x8c0x810xd20xc1
frame name: partialDerivate
symbol name: pD
symbol filename: lreg.cpp
symbol line: 72
value: -1241919733.1651697
value address: 0x7fffffffd798
Type: A floating point type.
Type sizeof: 8

[INFO -- 2018-09-15 16:22:56]
Fault Injection Successful after 2.1592776775360107s
[INFO -- 2018-09-15 16:23:01]
event type: exit
[INFO -- 2018-09-15 16:23:01]
exit code: 0
