[INFO -- 2018-09-15 16:59:39]
Starting flip_value script
version: 1.1
[INFO -- 2018-09-15 16:59:39]
Initialization strings:
[INFO -- 2018-09-15 16:59:39]
(1) file /tmp/lreg/lreg
[INFO -- 2018-09-15 16:59:39]
(2) set args /tmp/lreg/randInput /tmp/lreg/output
[INFO -- 2018-09-15 16:59:39]
initSignal:0
[INFO -- 2018-09-15 16:59:39]
endSignal:2
[INFO -- 2018-09-15 16:59:39]
faultModel:0
[INFO -- 2018-09-15 16:59:39]
Backtrace BEGIN:
#0  0x000055555555532c in meanSquaredError () at lreg.cpp:61
#1  0x00005555555556b1 in train (iterations=60000, alpha=5.0000000000000002e-05, N=3, stopsWhenStable=true) at lreg.cpp:121
#2  0x0000555555555c26 in main (argc=3, argv=0x7fffffffde68) at lreg.cpp:182

56		Calculates the mean squared error of T
57	*/
58	double meanSquaredError(){
59		double error = 0;
60		for(int i = 0; i<x.size(); i++){
61			error+= ((predict(x[i]) - y[i]) * (predict(x[i]) - y[i]));	
62		}
63		error /= x.size();
64		return error;
65	

Backtrace END
Fliping value of field: std::_Vector_base<double, std::allocator<double> >
Fliping value of field: _M_impl
Fliping value of field: _M_start
Fliping a bit of the value pointed by a pointer
Memory content before bitflip:0x360x1b0x050xb40x630x7f0xec0x3f
Fault Model: Single bit-flip
base address to flip value: 0x555555771360
address max offset: 8
Memory content after  bitflip:0x360x1b0x040xb40x630x7f0xec0x3f
frame name: meanSquaredError
symbol name: T
symbol filename: lreg.cpp
symbol line: 34
value: std::vector of length 3, capacity 3 = {0.89055047187216618, -2.4049009297525417, -0.86072891687124098}
value address: 0x55555575a180 <T>
Type: The type is a structure.
Type sizeof: 24
Field name: std::_Vector_base<double, std::allocator<double> >
Field Type: The type is a structure.
Field Type sizeof: 24

[INFO -- 2018-09-15 16:59:39]
Fault Injection Successful after 0.8818023204803467s
[INFO -- 2018-09-15 16:59:46]
event type: exit
[INFO -- 2018-09-15 16:59:46]
exit code: 0
