[INFO -- 2018-11-23 18:15:09]
Starting flip_value script
version: 1.1
[INFO -- 2018-11-23 18:15:09]
Initialization strings:
[INFO -- 2018-11-23 18:15:09]
(1) file /tmp/lreg/lreg
[INFO -- 2018-11-23 18:15:09]
(2) set args /tmp/lreg/randInput /tmp/lreg/output
[INFO -- 2018-11-23 18:15:09]
initSignal:0
[INFO -- 2018-11-23 18:15:09]
endSignal:3
[INFO -- 2018-11-23 18:15:09]
faultModel:2
[EXCEPTION -- 2018-11-23 18:15:09]
pythonException: Unable to exit loop in struct fields; Exiting wihtout making a bit flip
[INFO -- 2018-11-23 18:15:10]
Backtrace BEGIN:
#0  std::_Vector_base<double, std::allocator<double> >::_M_get_Tp_allocator (this=0x7fffffffd8a0) at /usr/include/c++/7/bits/stl_vector.h:116
#1  0x0000555555555f4d in std::vector<double, std::allocator<double> >::vector (this=0x7fffffffd8a0, __x=std::vector of length 2, capacity 2 = {...}) at /usr/include/c++/7/bits/stl_vector.h:333
#2  0x00005555555556c3 in train (iterations=10000, alpha=0.00020000000000000001, N=2, stopsWhenStable=true) at lreg.cpp:126
#3  0x0000555555555ab7 in main (argc=3, argv=0x7fffffffde58) at lreg.cpp:174

111	    public:
112	      typedef _Alloc allocator_type;
113	
114	      _Tp_alloc_type&
115	      _M_get_Tp_allocator() _GLIBCXX_NOEXCEPT
116	      { return *static_cast<_Tp_alloc_type*>(&this->_M_impl); }
117	
118	      const _Tp_alloc_type&
119	      _M_get_Tp_allocator() const _GLIBCXX_NOEXCEPT
120	      { return *static_cast<const _Tp_alloc_type*>(&this->_M_impl); }

Backtrace END
Fliping value of field: std::_Vector_base<double, std::allocator<double> >
Fliping value of field: _M_impl
Fliping value of field: _M_end_of_storage
Fliping a bit of the value pointed by a pointer
Memory content before bitflip:0x000x000x000x000x000x000x000x00
Fault Model: Random bit-flip
base address to flip value: 0x555555771460
address max offset: 8
Memory content after  bitflip:0x610xf30xc80x420x290x7d0xbe0x39
frame name: train
symbol name: bestT
symbol filename: lreg.cpp
symbol line: 115
value: std::vector of length 2, capacity 2 = {0.86911443267191013, -1.0292803157254165}
value address: 0x7fffffffd860
Type: The type is a structure.
Type sizeof: 24
Field name: std::_Vector_base<double, std::allocator<double> >
Field Type: The type is a structure.
Field Type sizeof: 24

[INFO -- 2018-11-23 18:15:10]
Fault Injection Successful after 1.1117780208587646s
[INFO -- 2018-11-23 18:15:11]
event type: exit
[INFO -- 2018-11-23 18:15:11]
exit code: 0
