[INFO -- 2018-11-24 16:13:21]
Starting flip_value script
version: 1.1
[INFO -- 2018-11-24 16:13:21]
Initialization strings:
[INFO -- 2018-11-24 16:13:21]
(1) file /tmp/lreg/lreg
[INFO -- 2018-11-24 16:13:21]
(2) set args /tmp/lreg/randInput /tmp/lreg/output /tmp/lreg/detected.log
[INFO -- 2018-11-24 16:13:21]
initSignal:0
[INFO -- 2018-11-24 16:13:21]
endSignal:6
[INFO -- 2018-11-24 16:13:21]
faultModel:1
[INFO -- 2018-11-24 16:13:24]
Backtrace BEGIN:
#0  0x00007ffff76bcb47 in __pow (x=-14, y=2) at w_pow_compat.c:55
#1  0x0000555555556149 in std::pow<double, int> (__x=-14, __y=2) at /usr/include/c++/7/cmath:418
#2  0x0000555555555451 in partialDerivate (pos=2) at lreg.cpp:74
#3  0x0000555555555503 in adjust (alpha=2.2222199999999999e-05) at lreg.cpp:87
#4  0x00005555555556ac in train (iterations=30000, alpha=2.2222199999999999e-05, N=4, stopsWhenStable=true) at lreg.cpp:120
#5  0x0000555555555a1c in execute (input=0x7fffffffe1f2 "/tmp/lreg/randInput") at lreg.cpp:157
#6  0x0000555555555cb0 in main (argc=4, argv=0x7fffffffde48) at lreg.cpp:196

50	w_pow_compat.c: No such file or directory.

Backtrace END
Fliping value of field: std::_Vector_base<double, std::allocator<double> >
Fliping value of field: _M_impl
Fliping value of field: _M_start
Fliping a bit of the value pointed by a pointer
Memory content before bitflip:0x000x000x000x000x000x000x2e0xc0
Fault Model: Double bit-flip
base address to flip value: 0x5555557724b0
address max offset: 8
Memory content after  bitflip:0x000x000x000x000x000x000x0f0xc0
frame name: std::pow<double, int>
symbol name: x
symbol filename: lreg.cpp
symbol line: 32
value: std::vector of length 16, capacity 16 = {-3.875, -9, -1, 29, 5, -18, 31, -16, -18, -28, 25, -14, 7, -2, -17, 21}
value address: 0x55555575b140 <x>
Type: The type is a structure.
Type sizeof: 24
Field name: std::_Vector_base<double, std::allocator<double> >
Field Type: The type is a structure.
Field Type sizeof: 24

[INFO -- 2018-11-24 16:13:24]
Fault Injection Successful after 3.0655391216278076s
[INFO -- 2018-11-24 16:13:24]
event type: exit
[INFO -- 2018-11-24 16:13:24]
exit code: 0
