[INFO -- 2018-11-14 18:07:38]
Starting flip_value script
version: 1.1
[INFO -- 2018-11-14 18:07:38]
Initialization strings:
[INFO -- 2018-11-14 18:07:38]
(1) file /tmp/lreg/lreg
[INFO -- 2018-11-14 18:07:38]
(2) set args /tmp/lreg/randInput /tmp/lreg/output
[INFO -- 2018-11-14 18:07:38]
initSignal:0
[INFO -- 2018-11-14 18:07:38]
endSignal:5
[INFO -- 2018-11-14 18:07:38]
faultModel:2
[INFO -- 2018-11-14 18:07:42]
Backtrace BEGIN:
#0  0x00005555555557b4 in predict (v=-27) at lreg.cpp:116
#1  0x0000555555555a53 in partialDerivate (pos1=2, pos2=2) at lreg.cpp:142
#2  0x0000555555555bbe in adjust (alpha1=2.2222199999999999e-05, alpha2=2.2222199999999999e-05) at lreg.cpp:156
#3  0x0000555555555ee0 in train (iter1=45000, iter2=45000, N=4, alpha1=2.2222199999999999e-05, alpha2=2.2222199999999999e-05, stopsWhenStable=true) at lreg.cpp:193
#4  0x0000555555556467 in main (argc=3, argv=0x7fffffffde68) at lreg.cpp:253

111	*/
112	double predict(double v){
113		double val = 0;
114		
115		for(UINT i1 = 0, i2 = 0; verifyUintDup(i1, i2)<T1.size(); i1++, i2++){
116			val+= (verifyDoubleDup(T1[verifyUintDup(i1, i2)], T2[verifyUintDup(i1, i2)]) * pow(v, verifyUintDup(i1, i2)));
117		}
118		return val;
119		
120	}

Backtrace END
Fliping value of field: std::_Vector_base<double, std::allocator<double> >
Fliping value of field: _M_impl
Fliping value of field: _M_end_of_storage
Fliping a bit of the value pointed by a pointer
Memory content before bitflip:0x000x000x000x000x000x000x000x00
Fault Model: Random bit-flip
base address to flip value: 0x555555772820
address max offset: 8
Memory content after  bitflip:0xa80xa70x290x420x4a0xd50xe20x72
frame name: partialDerivate
symbol name: y
symbol filename: lreg.cpp
symbol line: 35
value: std::vector of length 17, capacity 32 = {36086, -17911, 17261, 641, 86, 58454, 641, -42169, -99489, -32539, 1511, -10, 97439, -66781, 1511, -1114, -46383}
value address: 0x55555575b160 <y>
Type: The type is a structure.
Type sizeof: 24
Field name: std::_Vector_base<double, std::allocator<double> >
Field Type: The type is a structure.
Field Type sizeof: 24

[INFO -- 2018-11-14 18:07:42]
Fault Injection Successful after 4.193646192550659s
[INFO -- 2018-11-14 18:07:46]
event type: exit
[INFO -- 2018-11-14 18:07:46]
exit code: 0
