[INFO -- 2018-11-22 17:58:39]
Starting flip_value script
version: 1.1
[INFO -- 2018-11-22 17:58:39]
Initialization strings:
[INFO -- 2018-11-22 17:58:39]
(1) file /tmp/lreg/lreg
[INFO -- 2018-11-22 17:58:39]
(2) set args /tmp/lreg/randInput /tmp/lreg/output
[INFO -- 2018-11-22 17:58:39]
initSignal:0
[INFO -- 2018-11-22 17:58:39]
endSignal:3
[INFO -- 2018-11-22 17:58:39]
faultModel:1
[INFO -- 2018-11-22 17:58:41]
Backtrace BEGIN:
#0  std::allocator<double>::~allocator (this=0x7fffffffd8a0, __in_chrg=<optimized out>) at /usr/include/c++/7/bits/allocator.h:139
#1  0x00005555555563c6 in std::_Vector_base<double, std::allocator<double> >::_Vector_impl::~_Vector_impl (this=0x7fffffffd8a0, __in_chrg=<optimized out>) at /usr/include/c++/7/bits/stl_vector.h:81
#2  0x0000555555556433 in std::_Vector_base<double, std::allocator<double> >::~_Vector_base (this=0x7fffffffd8a0, __in_chrg=<optimized out>) at /usr/include/c++/7/bits/stl_vector.h:163
#3  0x0000555555555e53 in std::vector<double, std::allocator<double> >::~vector (this=0x7fffffffd8a0, __in_chrg=<optimized out>) at /usr/include/c++/7/bits/stl_vector.h:435
#4  0x0000555555555730 in train (iterations=10000, alpha=0.00020000000000000001, N=2, stopsWhenStable=true) at lreg.cpp:126
#5  0x0000555555555ab7 in main (argc=3, argv=0x7fffffffde58) at lreg.cpp:174

134	      : __allocator_base<_Tp>(__a) { }
135	
136	      template<typename _Tp1>
137		allocator(const allocator<_Tp1>&) throw() { }
138	
139	      ~allocator() throw() { }
140	
141	      // Inherit everything else.
142	    };
143	

Backtrace END
Fliping value of field: std::_Vector_base<double, std::allocator<double> >
Fliping value of field: _M_impl
Fliping value of field: _M_finish
Fliping a bit of the value pointed by a pointer
Memory content before bitflip:0x000x000x000x000x000x000x000x00
Fault Model: Double bit-flip
base address to flip value: 0x555555771330
address max offset: 8
Memory content after  bitflip:0x000x000x000x000x820x000x000x00
frame name: std::_Vector_base<double, std::allocator<double> >::~_Vector_base
symbol name: x
symbol filename: lreg.cpp
symbol line: 32
value: std::vector of length 8, capacity 8 = {12, -6, -10, -3, 7, -12, 6, -10}
value address: 0x55555575a140 <x>
Type: The type is a structure.
Type sizeof: 24
Field name: std::_Vector_base<double, std::allocator<double> >
Field Type: The type is a structure.
Field Type sizeof: 24

[INFO -- 2018-11-22 17:58:41]
Fault Injection Successful after 2.425662040710449s
[INFO -- 2018-11-22 17:58:44]
event type: exit
[INFO -- 2018-11-22 17:58:44]
exit code: 0
