[INFO -- 2018-10-13 18:38:34]
Starting flip_value script
version: 1.1
[INFO -- 2018-10-13 18:38:34]
Initialization strings:
[INFO -- 2018-10-13 18:38:34]
(1) file /tmp/lreg/lreg
[INFO -- 2018-10-13 18:38:34]
(2) set args /tmp/lreg/randInput /tmp/lreg/output
[INFO -- 2018-10-13 18:38:34]
initSignal:0
[INFO -- 2018-10-13 18:38:34]
endSignal:10
[INFO -- 2018-10-13 18:38:34]
faultModel:0
[EXCEPTION -- 2018-10-13 18:38:37]
pythonException: Unable to exit loop in struct fields; Exiting wihtout making a bit flip
[INFO -- 2018-10-13 18:38:37]
Backtrace BEGIN:
#0  __exp1 (x=<optimized out>, xx=<optimized out>, error=<optimized out>) at ../sysdeps/ieee754/dbl-64/e_exp.c:361
#1  0x00007ffff76da8dc in __ieee754_pow_sse2 (x=23, y=3) at ../sysdeps/ieee754/dbl-64/e_pow.c:115
#2  0x00007ffff76bcb14 in __pow (x=23, y=3) at w_pow_compat.c:30
#3  0x00005555555560ba in std::pow<double, unsigned int> (__x=23, __y=3) at /usr/include/c++/7/cmath:418
#4  0x00005555555552c2 in predict (v=23) at lreg.cpp:77
#5  0x000055555555551d in partialDerivate (pos=0) at lreg.cpp:107
#6  0x0000555555555670 in adjust () at lreg.cpp:123
#7  0x0000555555555881 in train (iterations=90000, N=4, stopsWhenStable=true) at lreg.cpp:159
#8  0x0000555555555dba in main (argc=3, argv=0x7fffffffde68) at lreg.cpp:225

356	in ../sysdeps/ieee754/dbl-64/e_exp.c

Backtrace END
Memory content before bitflip:0x040x000x000x00
Fault Model: Single bit-flip
base address to flip value: 0x7fffffffd914
address max offset: 4
Memory content after  bitflip:0x040x080x000x00
frame name: main
symbol name: N
symbol filename: lreg.cpp
symbol line: 203
value: 2052
value address: 0x7fffffffd914
Type: The type is an integer type.
Type sizeof: 4

[INFO -- 2018-10-13 18:38:37]
Fault Injection Successful after 3.7060036659240723s
[INFO -- 2018-10-13 18:38:44]
event type: exit
[INFO -- 2018-10-13 18:38:44]
exit code: 0
