[INFO -- 2018-11-04 20:07:08]
Starting flip_value script
version: 1.1
[INFO -- 2018-11-04 20:07:08]
Initialization strings:
[INFO -- 2018-11-04 20:07:08]
(1) file /tmp/lreg/lreg
[INFO -- 2018-11-04 20:07:08]
(2) set args /tmp/lreg/randInput /tmp/lreg/output /tmp/lreg/detected.log
[INFO -- 2018-11-04 20:07:08]
initSignal:0
[INFO -- 2018-11-04 20:07:08]
endSignal:10
[INFO -- 2018-11-04 20:07:08]
faultModel:2
[INFO -- 2018-11-04 20:07:13]
Backtrace BEGIN:
#0  __ieee754_pow_sse2 (x=1, y=0) at ../sysdeps/ieee754/dbl-64/e_pow.c:76
#1  0x00007ffff76bcb14 in __pow (x=1, y=0) at w_pow_compat.c:30
#2  0x0000555555556131 in std::pow<double, int> (__x=1, __y=0) at /usr/include/c++/7/cmath:418
#3  0x0000555555555237 in predict (v=1) at lreg.cpp:50
#4  0x000055555555530a in meanSquaredError () at lreg.cpp:61
#5  0x00005555555556b1 in train (iterations=30000, alpha=5.0000000000000002e-05, N=3, stopsWhenStable=true) at lreg.cpp:121
#6  0x0000555555555a1c in execute (input=0x7fffffffe1f1 "/tmp/lreg/randInput") at lreg.cpp:157
#7  0x0000555555555c98 in main (argc=4, argv=0x7fffffffde48) at lreg.cpp:194

71	../sysdeps/ieee754/dbl-64/e_pow.c: No such file or directory.

Backtrace END
Fliping value of field: std::_Vector_base<double, std::allocator<double> >
Fliping value of field: _M_impl
Fliping value of field: _M_start
Fliping a bit of the value pointed by a pointer
Memory content before bitflip:0x000x000x000x000x000x000x310x40
Fault Model: Random bit-flip
base address to flip value: 0x555555772970
address max offset: 8
Memory content after  bitflip:0x320x350x2f0xbf0x040x6d0xc10x30
frame name: predict
symbol name: y
symbol filename: lreg.cpp
symbol line: 33
value: std::vector of length 20, capacity 64 = {7.7052216116416128e-74, 3, -27, -23, -31, -1, -19, 27, 1130, 467, 408, 1130, 863, 5, 255, 107, 30, 68, 302, 8}
value address: 0x55555575b160 <y>
Type: The type is a structure.
Type sizeof: 24
Field name: std::_Vector_base<double, std::allocator<double> >
Field Type: The type is a structure.
Field Type sizeof: 24

[INFO -- 2018-11-04 20:07:13]
Fault Injection Successful after 5.17431902885437s
[INFO -- 2018-11-04 20:07:16]
event type: exit
[INFO -- 2018-11-04 20:07:16]
exit code: 0
