[INFO -- 2018-10-11 20:02:46]
Starting flip_value script
version: 1.1
[INFO -- 2018-10-11 20:02:46]
Initialization strings:
[INFO -- 2018-10-11 20:02:46]
(1) file /tmp/lreg/lreg
[INFO -- 2018-10-11 20:02:46]
(2) set args /tmp/lreg/randInput /tmp/lreg/output
[INFO -- 2018-10-11 20:02:46]
initSignal:0
[INFO -- 2018-10-11 20:02:46]
endSignal:10
[INFO -- 2018-10-11 20:02:46]
faultModel:1
[EXCEPTION -- 2018-10-11 20:02:48]
pythonException: Unable to exit loop in struct fields; Exiting wihtout making a bit flip
[INFO -- 2018-10-11 20:02:48]
Backtrace BEGIN:
#0  0x0000555555556100 in std::allocator<double>::~allocator (this=0x7fffffffd7c7, __in_chrg=<optimized out>) at /usr/include/c++/7/bits/allocator.h:139
#1  0x000055555555629b in std::vector<double, std::allocator<double> >::vector (this=0x7fffffffd890, __x=std::vector of length 3, capacity 3 = {...}) at /usr/include/c++/7/bits/stl_vector.h:328
#2  0x00005555555558e8 in train (iterations=60000, N=3, stopsWhenStable=true) at lreg.cpp:165
#3  0x0000555555555dba in main (argc=3, argv=0x7fffffffde68) at lreg.cpp:225

134	      : __allocator_base<_Tp>(__a) { }
135	
136	      template<typename _Tp1>
137		allocator(const allocator<_Tp1>&) throw() { }
138	
139	      ~allocator() throw() { }
140	
141	      // Inherit everything else.
142	    };
143	

Backtrace END
Memory content before bitflip:0x060x000x000x00
Fault Model: Double bit-flip
base address to flip value: 0x7fffffffd91c
address max offset: 4
Memory content after  bitflip:0x060x000x110x00
frame name: main
symbol name: predictions
symbol filename: lreg.cpp
symbol line: 203
value: 1114118
value address: 0x7fffffffd91c
Type: The type is an integer type.
Type sizeof: 4

[INFO -- 2018-10-11 20:02:48]
Fault Injection Successful after 2.769174575805664s
[INFO -- 2018-10-11 20:03:02]
event type: exit
[INFO -- 2018-10-11 20:03:02]
exit code: 0
