[INFO -- 2018-11-25 19:25:13]
Starting flip_value script
version: 1.1
[INFO -- 2018-11-25 19:25:13]
Initialization strings:
[INFO -- 2018-11-25 19:25:13]
(1) file /tmp/lreg/lreg
[INFO -- 2018-11-25 19:25:13]
(2) set args /tmp/lreg/randInput /tmp/lreg/output /tmp/lreg/detected.log
[INFO -- 2018-11-25 19:25:13]
initSignal:0
[INFO -- 2018-11-25 19:25:13]
endSignal:6
[INFO -- 2018-11-25 19:25:13]
faultModel:1
[INFO -- 2018-11-25 19:25:13]
Backtrace BEGIN:
#0  0x00005555555551fc in predict (v=5) at lreg.cpp:49
#1  0x00005555555552ba in meanSquaredError () at lreg.cpp:61
#2  0x00005555555556b1 in train (iterations=30000, alpha=2.2222199999999999e-05, N=4, stopsWhenStable=true) at lreg.cpp:121
#3  0x0000555555555a1c in execute (input=0x7fffffffe1f1 "/tmp/lreg/randInput") at lreg.cpp:157
#4  0x0000555555555c78 in main (argc=4, argv=0x7fffffffde48) at lreg.cpp:193

44	/**
45		Predicts the value related to v using the Ts variables
46	*/
47	double predict(double v){
48		double val = 0;
49		for(int i = 0; i<T.size(); i++){
50			val+= (T[i] * pow(v, i));
51		}
52		return val;
53		

Backtrace END
Fliping value of field: std::_Vector_base<double, std::allocator<double> >
Fliping value of field: _M_impl
Fliping value of field: _M_end_of_storage
Fliping a bit of the value pointed by a pointer
Memory content before bitflip:0x000x000x000x000x000x000x000x00
Fault Model: Double bit-flip
base address to flip value: 0x5555557726b0
address max offset: 8
Memory content after  bitflip:0x000x000x000x000x000x000x000x03
frame name: train
symbol name: bestT
symbol filename: lreg.cpp
symbol line: 115
value: std::vector of length 4, capacity 4 = {0.065611099340850271, -0.59718834987646907, -1.9517270152238977, -4.045419325480287}
value address: 0x7fffffffd5b0
Type: The type is a structure.
Type sizeof: 24
Field name: std::_Vector_base<double, std::allocator<double> >
Field Type: The type is a structure.
Field Type sizeof: 24

[INFO -- 2018-11-25 19:25:13]
Fault Injection Successful after 0.9345459938049316s
[INFO -- 2018-11-25 19:25:15]
event type: exit
[INFO -- 2018-11-25 19:25:15]
exit code: 0
