[INFO -- 2018-11-08 20:27:13]
Starting flip_value script
version: 1.1
[INFO -- 2018-11-08 20:27:13]
Initialization strings:
[INFO -- 2018-11-08 20:27:13]
(1) file /tmp/lreg/lreg
[INFO -- 2018-11-08 20:27:13]
(2) set args /tmp/lreg/randInput /tmp/lreg/output /tmp/lreg/detected.log
[INFO -- 2018-11-08 20:27:13]
initSignal:0
[INFO -- 2018-11-08 20:27:13]
endSignal:10
[INFO -- 2018-11-08 20:27:13]
faultModel:1
[INFO -- 2018-11-08 20:27:20]
Backtrace BEGIN:
#0  0x00007ffff76bcb20 in __pow (x=-32, y=2) at w_pow_compat.c:31
#1  0x0000555555556131 in std::pow<double, int> (__x=-32, __y=2) at /usr/include/c++/7/cmath:418
#2  0x0000555555555451 in partialDerivate (pos=2) at lreg.cpp:74
#3  0x0000555555555503 in adjust (alpha=2.2222199999999999e-05) at lreg.cpp:87
#4  0x00005555555556ac in train (iterations=45000, alpha=2.2222199999999999e-05, N=4, stopsWhenStable=true) at lreg.cpp:120
#5  0x0000555555555a1c in execute (input=0x7fffffffe1f1 "/tmp/lreg/randInput") at lreg.cpp:157
#6  0x0000555555555c98 in main (argc=4, argv=0x7fffffffde48) at lreg.cpp:194

26	w_pow_compat.c: No such file or directory.

Backtrace END
Fliping value of field: std::_Vector_base<double, std::allocator<double> >
Fliping value of field: _M_impl
Fliping value of field: _M_start
Fliping a bit of the value pointed by a pointer
Memory content before bitflip:0x000x000x000x000x000x000x200x40
Fault Model: Double bit-flip
base address to flip value: 0x555555772760
address max offset: 8
Memory content after  bitflip:0x000x000x000x000x420x000x200x40
frame name: partialDerivate
symbol name: x
symbol filename: lreg.cpp
symbol line: 32
value: std::vector of length 36, capacity 64 = {8.0005035400390625, -6, 5, -13, 9, 1, -9, -11, 11, 24, 13, 16, -7, -21, 18, 20, -18, 1, -12, 5, -22, 16, -26, 14, 16, 15, 27, -9, 9, -4, -32, 15, 7, -30, 8, -32}
value address: 0x55555575b140 <x>
Type: The type is a structure.
Type sizeof: 24
Field name: std::_Vector_base<double, std::allocator<double> >
Field Type: The type is a structure.
Field Type sizeof: 24

[INFO -- 2018-11-08 20:27:20]
Fault Injection Successful after 7.21694278717041s
[INFO -- 2018-11-08 20:27:24]
event type: exit
[INFO -- 2018-11-08 20:27:24]
exit code: 0
