[INFO -- 2018-11-15 14:26:07]
Starting flip_value script
version: 1.1
[INFO -- 2018-11-15 14:26:07]
Initialization strings:
[INFO -- 2018-11-15 14:26:07]
(1) file /tmp/lreg/lreg
[INFO -- 2018-11-15 14:26:07]
(2) set args /tmp/lreg/randInput /tmp/lreg/output
[INFO -- 2018-11-15 14:26:07]
initSignal:0
[INFO -- 2018-11-15 14:26:07]
endSignal:5
[INFO -- 2018-11-15 14:26:07]
faultModel:1
[INFO -- 2018-11-15 14:26:12]
Backtrace BEGIN:
#0  0x00005555555567db in std::vector<double, std::allocator<double> >::operator[] (this=0x55555575b140 <x>, __n=7) at /usr/include/c++/7/bits/stl_vector.h:799
#1  0x0000555555555abb in partialDerivate (pos1=2, pos2=2) at lreg.cpp:142
#2  0x0000555555555bbe in adjust (alpha1=2.2222199999999999e-05, alpha2=2.2222199999999999e-05) at lreg.cpp:156
#3  0x0000555555555ee0 in train (iter1=45000, iter2=45000, N=4, alpha1=2.2222199999999999e-05, alpha2=2.2222199999999999e-05, stopsWhenStable=true) at lreg.cpp:193
#4  0x0000555555556467 in main (argc=3, argv=0x7fffffffde58) at lreg.cpp:253

794	      reference
795	      operator[](size_type __n) _GLIBCXX_NOEXCEPT
796	      {
797		__glibcxx_requires_subscript(__n);
798		return *(this->_M_impl._M_start + __n);
799	      }
800	
801	      /**
802	       *  @brief  Subscript access to the data contained in the %vector.
803	       *  @param __n The index of the element for which data should be

Backtrace END
Memory content before bitflip:0x460x5a0xb70xf40x390x4d0xf70x3e
Fault Model: Double bit-flip
base address to flip value: 0x7fffffffd7c8
address max offset: 8
Memory content after  bitflip:0x460x5a0xb70xf40x390x4d0xf70x1c
frame name: train
symbol name: alpha1
symbol filename: lreg.cpp
symbol line: 177
value: 3.8589523033443192e-169
value address: 0x7fffffffd7c8
Type: A floating point type.
Type sizeof: 8

[INFO -- 2018-11-15 14:26:12]
Fault Injection Successful after 5.385183334350586s
[INFO -- 2018-11-15 14:26:12]
event type: exit
[INFO -- 2018-11-15 14:26:12]
exit code: 0
