[INFO -- 2018-11-23 19:39:46]
Starting flip_value script
version: 1.1
[INFO -- 2018-11-23 19:39:46]
Initialization strings:
[INFO -- 2018-11-23 19:39:46]
(1) file /tmp/lreg/lreg
[INFO -- 2018-11-23 19:39:46]
(2) set args /tmp/lreg/randInput /tmp/lreg/output
[INFO -- 2018-11-23 19:39:46]
initSignal:0
[INFO -- 2018-11-23 19:39:46]
endSignal:3
[INFO -- 2018-11-23 19:39:46]
faultModel:1
[INFO -- 2018-11-23 19:39:47]
Backtrace BEGIN:
#0  0x0000555555555d3c in std::pow<double, int> (__x=4.6355706431331074e-310, __y=0) at /usr/include/c++/7/cmath:415
#1  0x00005555555551e7 in predict (v=-18) at lreg.cpp:50
#2  0x00005555555553ac in partialDerivate (pos=3) at lreg.cpp:74
#3  0x00005555555554b3 in adjust (alpha=2.2222199999999999e-05) at lreg.cpp:87
#4  0x000055555555565c in train (iterations=30000, alpha=2.2222199999999999e-05, N=4, stopsWhenStable=true) at lreg.cpp:120
#5  0x0000555555555ab7 in main (argc=3, argv=0x7fffffffde58) at lreg.cpp:174

410	#endif
411	
412	  template<typename _Tp, typename _Up>
413	    inline _GLIBCXX_CONSTEXPR
414	    typename __gnu_cxx::__promote_2<_Tp, _Up>::__type
415	    pow(_Tp __x, _Up __y)
416	    {
417	      typedef typename __gnu_cxx::__promote_2<_Tp, _Up>::__type __type;
418	      return pow(__type(__x), __type(__y));
419	    }

Backtrace END
Fliping value of field: std::_Vector_base<double, std::allocator<double> >
Fliping value of field: _M_impl
Fliping value of field: _M_end_of_storage
Fliping a bit of the value pointed by a pointer
Memory content before bitflip:0x000x000x000x000x000x000x000x00
Fault Model: Double bit-flip
base address to flip value: 0x5555557713a0
address max offset: 8
Memory content after  bitflip:0x000x220x000x000x000x000x000x00
frame name: std::pow<double, int>
symbol name: T
symbol filename: lreg.cpp
symbol line: 34
value: std::vector of length 4, capacity 4 = {-0.087685395398257399, -0.13460583840588947, -1.8910482781748146, -4.0468563437249454}
value address: 0x55555575a180 <T>
Type: The type is a structure.
Type sizeof: 24
Field name: std::_Vector_base<double, std::allocator<double> >
Field Type: The type is a structure.
Field Type sizeof: 24

[INFO -- 2018-11-23 19:39:47]
Fault Injection Successful after 1.3245384693145752s
[INFO -- 2018-11-23 19:39:48]
event type: exit
[INFO -- 2018-11-23 19:39:48]
exit code: 0
