[INFO -- 2018-09-16 00:05:12]
Starting flip_value script
version: 1.1
[INFO -- 2018-09-16 00:05:12]
Initialization strings:
[INFO -- 2018-09-16 00:05:12]
(1) file /tmp/lreg/lreg
[INFO -- 2018-09-16 00:05:12]
(2) set args /tmp/lreg/randInput /tmp/lreg/output
[INFO -- 2018-09-16 00:05:12]
initSignal:0
[INFO -- 2018-09-16 00:05:12]
endSignal:2
[INFO -- 2018-09-16 00:05:12]
faultModel:1
[EXCEPTION -- 2018-09-16 00:05:13]
pythonException: Unable to exit loop in struct fields; Exiting wihtout making a bit flip
[INFO -- 2018-09-16 00:05:13]
Backtrace BEGIN:
#0  0x00007ffff76d5516 in __ieee754_pow_sse2 (x=-3, y=1) at ../sysdeps/ieee754/dbl-64/e_pow.c:65
#1  0x00007ffff76b7b14 in __pow (x=-3, y=1) at w_pow_compat.c:30
#2  0x0000555555555f39 in std::pow<double, int> (__x=-3, __y=1) at /usr/include/c++/7/cmath:418
#3  0x0000555555555237 in predict (v=-3) at lreg.cpp:50
#4  0x000055555555530a in meanSquaredError () at lreg.cpp:61
#5  0x00005555555556b1 in train (iterations=30000, alpha=0.00020000000000000001, N=2, stopsWhenStable=true) at lreg.cpp:121
#6  0x0000555555555c26 in main (argc=3, argv=0x7fffffffde68) at lreg.cpp:182

60	in ../sysdeps/ieee754/dbl-64/e_pow.c

Backtrace END
Memory content before bitflip:0x000x000x000x000x000x000xf00x3f
Fault Model: Double bit-flip
base address to flip value: 0x7fffffffd738
address max offset: 8
Memory content after  bitflip:0x000x000x000x000x000x000xb20x3f
frame name: __pow
symbol name: y
symbol filename: w_pow_compat.c
symbol line: 28
value: 0.0703125
value address: 0x7fffffffd738
Type: A floating point type.
Type sizeof: 8

[INFO -- 2018-09-16 00:05:13]
Fault Injection Successful after 1.4663162231445312s
[INFO -- 2018-09-16 00:05:20]
event type: exit
[INFO -- 2018-09-16 00:05:20]
exit code: 0
