[INFO -- 2018-09-15 00:07:17]
Starting flip_value script
version: 1.1
[INFO -- 2018-09-15 00:07:17]
Initialization strings:
[INFO -- 2018-09-15 00:07:17]
(1) file /tmp/lreg/lreg
[INFO -- 2018-09-15 00:07:17]
(2) set args /tmp/lreg/randInput /tmp/lreg/output
[INFO -- 2018-09-15 00:07:17]
initSignal:0
[INFO -- 2018-09-15 00:07:17]
endSignal:2
[INFO -- 2018-09-15 00:07:17]
faultModel:1
[EXCEPTION -- 2018-09-15 00:07:17]
gdbException: Attempt to dereference a generic pointer.
[INFO -- 2018-09-15 00:07:17]
Backtrace BEGIN:
#0  0x00007ffff76d5512 in __ieee754_pow_sse2 (x=-11, y=0) at ../sysdeps/ieee754/dbl-64/e_pow.c:65
#1  0x00007ffff76b7b14 in __pow (x=-11, y=0) at w_pow_compat.c:30
#2  0x0000555555555f39 in std::pow<double, int> (__x=-11, __y=0) at /usr/include/c++/7/cmath:418
#3  0x0000555555555451 in partialDerivate (pos=0) at lreg.cpp:74
#4  0x0000555555555503 in adjust (alpha=5.0000000000000002e-05) at lreg.cpp:87
#5  0x00005555555556ac in train (iterations=60000, alpha=5.0000000000000002e-05, N=3, stopsWhenStable=true) at lreg.cpp:120
#6  0x0000555555555c26 in main (argc=3, argv=0x7fffffffde68) at lreg.cpp:182

60	../sysdeps/ieee754/dbl-64/e_pow.c: No such file or directory.

Backtrace END
Memory content before bitflip:0x000x000x000x000x000x000x260xc0
Fault Model: Double bit-flip
base address to flip value: 0x7fffffffd758
address max offset: 8
Memory content after  bitflip:0x000x000x000x000x000x410x260xc0
frame name: std::pow<double, int>
symbol name: __x
symbol filename: /usr/include/c++/7/cmath
symbol line: 415
value: -11.126953125
value address: 0x7fffffffd758
Type: A floating point type.
Type sizeof: 8

[INFO -- 2018-09-15 00:07:17]
Fault Injection Successful after 0.9516651630401611s
[INFO -- 2018-09-15 00:07:24]
event type: exit
[INFO -- 2018-09-15 00:07:24]
exit code: 0
