[INFO -- 2018-10-01 13:46:35]
Starting flip_value script
version: 1.1
[INFO -- 2018-10-01 13:46:35]
Initialization strings:
[INFO -- 2018-10-01 13:46:35]
(1) file /tmp/lreg/lreg
[INFO -- 2018-10-01 13:46:35]
(2) set args /tmp/lreg/randInput /tmp/lreg/output
[INFO -- 2018-10-01 13:46:35]
initSignal:0
[INFO -- 2018-10-01 13:46:35]
endSignal:10
[INFO -- 2018-10-01 13:46:35]
faultModel:0
[INFO -- 2018-10-01 13:46:37]
Backtrace BEGIN:
#0  libc_feholdsetround_sse_ctx (r=0, ctx=<synthetic pointer>) at ../sysdeps/i386/fpu/fenv_private.h:447
#1  __ieee754_pow_sse2 (x=14, y=3) at ../sysdeps/ieee754/dbl-64/e_pow.c:97
#2  0x00007ffff76b7b14 in __pow (x=14, y=3) at w_pow_compat.c:30
#3  0x0000555555555d47 in std::pow<double, int> (__x=14, __y=3) at /usr/include/c++/7/cmath:418
#4  0x00005555555551e7 in predict (v=14) at lreg.cpp:50
#5  0x00005555555553ac in partialDerivate (pos=0) at lreg.cpp:74
#6  0x00005555555554b3 in adjust (alpha=2.2222199999999999e-05) at lreg.cpp:87
#7  0x000055555555565c in train (iterations=90000, alpha=2.2222199999999999e-05, N=4, stopsWhenStable=true) at lreg.cpp:120
#8  0x0000555555555ab7 in main (argc=3, argv=0x7fffffffde58) at lreg.cpp:174

442	../sysdeps/i386/fpu/fenv_private.h: No such file or directory.

Backtrace END
Fliping value of field name: x
Memory content before bitflip:0x300x670xc70x930x570xf30x2e0x3d
Fault Model: Single bit-flip
base address to flip value: 0x7ffff779a5c0 
address max offset: 8
Memory content after  bitflip:0x300xe70xc70x930x570xf30x2e0x3d
frame name: libc_feholdsetround_sse_ctx
symbol name: ln2b
symbol filename: ../sysdeps/ieee754/dbl-64/upow.h
symbol line: 51
value: {i = {-1815615696, 1026487127}, x = 5.4979230187290507e-14}
value address: 0x7ffff779a5c0 <ln2b>
Type: The type is a union.
Type sizeof: 8
Field name: i
Field Type: The type is an array.
Field Type sizeof: 8
Field name: x
Field Type: A floating point type.
Field Type sizeof: 8

[INFO -- 2018-10-01 13:46:37]
Fault Injection Successful after 2.806788206100464s
[INFO -- 2018-10-01 13:46:43]
event type: exit
[INFO -- 2018-10-01 13:46:43]
exit code: 0
