[INFO -- 2018-09-16 13:10:04]
Starting flip_value script
version: 1.1
[INFO -- 2018-09-16 13:10:04]
Initialization strings:
[INFO -- 2018-09-16 13:10:04]
(1) file /tmp/lreg/lreg
[INFO -- 2018-09-16 13:10:04]
(2) set args /tmp/lreg/randInput /tmp/lreg/output
[INFO -- 2018-09-16 13:10:04]
initSignal:0
[INFO -- 2018-09-16 13:10:04]
endSignal:2
[INFO -- 2018-09-16 13:10:04]
faultModel:0
[EXCEPTION -- 2018-09-16 13:10:05]
gdbException: Attempt to dereference a generic pointer.
[INFO -- 2018-09-16 13:10:19]
event type: exit
[INFO -- 2018-09-16 13:10:19]
exit code: 0
