[INFO -- 2018-11-04 20:26:44]
Starting flip_value script
version: 1.1
[INFO -- 2018-11-04 20:26:44]
Initialization strings:
[INFO -- 2018-11-04 20:26:44]
(1) file /tmp/lreg/lreg
[INFO -- 2018-11-04 20:26:44]
(2) set args /tmp/lreg/randInput /tmp/lreg/output /tmp/lreg/detected.log
[INFO -- 2018-11-04 20:26:44]
initSignal:0
[INFO -- 2018-11-04 20:26:44]
endSignal:10
[INFO -- 2018-11-04 20:26:44]
faultModel:0
[INFO -- 2018-11-04 20:26:45]
Backtrace BEGIN:
#0  0x00007ffff76daa7f in __ieee754_pow_sse2 (x=-2, y=3) at ../sysdeps/ieee754/dbl-64/e_pow.c:147
#1  0x00007ffff76bcb14 in __pow (x=-2, y=3) at w_pow_compat.c:30
#2  0x0000555555556131 in std::pow<double, int> (__x=-2, __y=3) at /usr/include/c++/7/cmath:418
#3  0x0000555555555237 in predict (v=-2) at lreg.cpp:50
#4  0x00005555555552ba in meanSquaredError () at lreg.cpp:61
#5  0x00005555555556b1 in train (iterations=45000, alpha=2.2222199999999999e-05, N=4, stopsWhenStable=true) at lreg.cpp:121
#6  0x0000555555555a1c in execute (input=0x7fffffffe1f1 "/tmp/lreg/randInput") at lreg.cpp:157
#7  0x0000555555555c60 in main (argc=4, argv=0x7fffffffde48) at lreg.cpp:191

142	../sysdeps/ieee754/dbl-64/e_pow.c: No such file or directory.

Backtrace END
Fliping value of field: std::_Vector_base<double, std::allocator<double> >
Fliping value of field: _M_impl
Fliping value of field: _M_start
Fliping a bit of the value pointed by a pointer
Memory content before bitflip:0xd90x300x450xb40xc20xb60x0a0x40
Fault Model: Single bit-flip
base address to flip value: 0x555555772380
address max offset: 8
Memory content after  bitflip:0xd90x300x450xb40xe20xb60x0a0x40
frame name: predict
symbol name: T
symbol filename: lreg.cpp
symbol line: 34
value: std::vector of length 4, capacity 4 = {3.3392995914092407, -32.028843839621338, 3.4545152104296779, 2.6878594956310136}
value address: 0x55555575b180 <T>
Type: The type is a structure.
Type sizeof: 24
Field name: std::_Vector_base<double, std::allocator<double> >
Field Type: The type is a structure.
Field Type sizeof: 24

[INFO -- 2018-11-04 20:26:45]
Fault Injection Successful after 1.5169076919555664s
[INFO -- 2018-11-04 20:26:52]
event type: exit
[INFO -- 2018-11-04 20:26:52]
exit code: 0
