[INFO -- 2018-11-27 17:49:09]
Starting flip_value script
version: 1.1
[INFO -- 2018-11-27 17:49:09]
Initialization strings:
[INFO -- 2018-11-27 17:49:09]
(1) file /tmp/lreg/lreg
[INFO -- 2018-11-27 17:49:09]
(2) set args /tmp/lreg/randInput /tmp/lreg/output
[INFO -- 2018-11-27 17:49:09]
initSignal:0
[INFO -- 2018-11-27 17:49:09]
endSignal:3
[INFO -- 2018-11-27 17:49:09]
faultModel:2
[INFO -- 2018-11-27 17:49:11]
Backtrace BEGIN:
#0  0x00005555555557dc in predict (v=-1) at lreg.cpp:116
#1  0x0000555555555928 in meanSquaredError () at lreg.cpp:128
#2  0x0000555555555ee5 in train (iter1=20000, iter2=20000, N=3, alpha1=5.0000000000000002e-05, alpha2=5.0000000000000002e-05, stopsWhenStable=true) at lreg.cpp:194
#3  0x0000555555556467 in main (argc=3, argv=0x7fffffffde58) at lreg.cpp:253

111	*/
112	double predict(double v){
113		double val = 0;
114		
115		for(UINT i1 = 0, i2 = 0; verifyUintDup(i1, i2)<T1.size(); i1++, i2++){
116			val+= (verifyDoubleDup(T1[verifyUintDup(i1, i2)], T2[verifyUintDup(i1, i2)]) * pow(v, verifyUintDup(i1, i2)));
117		}
118		return val;
119		
120	}

Backtrace END
Fliping value of field: std::_Vector_base<double, std::allocator<double> >
Fliping value of field: _M_impl
Fliping value of field: _M_start
Fliping a bit of the value pointed by a pointer
Memory content before bitflip:0x380xe80xb40xfe0x300x6e0xed0x3f
Fault Model: Random bit-flip
base address to flip value: 0x555555772520
address max offset: 8
Memory content after  bitflip:0xbd0x1e0xe30x9a0xb20x1e0x690xe0
frame name: train
symbol name: T1
symbol filename: lreg.cpp
symbol line: 36
value: std::vector of length 3, capacity 3 = {-2.6944237279335562e+156, -0.026413813616236615, -2.992295982623713}
value address: 0x55555575b180 <T1>
Type: The type is a structure.
Type sizeof: 24
Field name: std::_Vector_base<double, std::allocator<double> >
Field Type: The type is a structure.
Field Type sizeof: 24

[INFO -- 2018-11-27 17:49:11]
Fault Injection Successful after 2.0644967555999756s
[INFO -- 2018-11-27 17:49:13]
event type: exit
[INFO -- 2018-11-27 17:49:13]
exit code: 0
