[INFO -- 2018-11-07 17:30:49]
Starting flip_value script
version: 1.1
[INFO -- 2018-11-07 17:30:49]
Initialization strings:
[INFO -- 2018-11-07 17:30:49]
(1) file /tmp/lreg/lreg
[INFO -- 2018-11-07 17:30:49]
(2) set args /tmp/lreg/randInput /tmp/lreg/output /tmp/lreg/detected.log
[INFO -- 2018-11-07 17:30:49]
initSignal:0
[INFO -- 2018-11-07 17:30:49]
endSignal:10
[INFO -- 2018-11-07 17:30:49]
faultModel:2
[INFO -- 2018-11-07 17:30:51]
Backtrace BEGIN:
#0  0x0000555555555212 in predict (v=4) at lreg.cpp:50
#1  0x00005555555552ba in meanSquaredError () at lreg.cpp:61
#2  0x00005555555556b1 in train (iterations=45000, alpha=2.2222199999999999e-05, N=4, stopsWhenStable=true) at lreg.cpp:121
#3  0x0000555555555a1c in execute (input=0x7fffffffe1f2 "/tmp/lreg/randInput") at lreg.cpp:157
#4  0x0000555555555c60 in main (argc=4, argv=0x7fffffffde48) at lreg.cpp:191

45		Predicts the value related to v using the Ts variables
46	*/
47	double predict(double v){
48		double val = 0;
49		for(int i = 0; i<T.size(); i++){
50			val+= (T[i] * pow(v, i));
51		}
52		return val;
53		
54	}

Backtrace END
Fliping value of field: std::_Vector_base<double, std::allocator<double> >
Fliping value of field: _M_impl
Fliping value of field: _M_finish
Fliping a bit of the value pointed by a pointer
Memory content before bitflip:0x000x000x000x000x000x000x000x00
Fault Model: Random bit-flip
base address to flip value: 0x5555557723a0
address max offset: 8
Memory content after  bitflip:0x510x2e0xfc0x670xb50xf40x780xfa
frame name: predict
symbol name: T
symbol filename: lreg.cpp
symbol line: 34
value: std::vector of length 4, capacity 4 = {1.2389299063216754, -48.423634617347737, -11.168728236305084, 2.7136054593824324}
value address: 0x55555575b180 <T>
Type: The type is a structure.
Type sizeof: 24
Field name: std::_Vector_base<double, std::allocator<double> >
Field Type: The type is a structure.
Field Type sizeof: 24

[INFO -- 2018-11-07 17:30:51]
Fault Injection Successful after 2.746729612350464s
[INFO -- 2018-11-07 17:30:58]
event type: exit
[INFO -- 2018-11-07 17:30:58]
exit code: 0
