[INFO -- 2018-11-27 20:22:40]
Starting flip_value script
version: 1.1
[INFO -- 2018-11-27 20:22:40]
Initialization strings:
[INFO -- 2018-11-27 20:22:40]
(1) file /tmp/lreg/lreg
[INFO -- 2018-11-27 20:22:40]
(2) set args /tmp/lreg/randInput /tmp/lreg/output
[INFO -- 2018-11-27 20:22:40]
initSignal:0
[INFO -- 2018-11-27 20:22:40]
endSignal:3
[INFO -- 2018-11-27 20:22:40]
faultModel:2
[INFO -- 2018-11-27 20:22:41]
Backtrace BEGIN:
#0  0x000055555555520f in verifyUintDup (a=0, b=0) at lreg.cpp:69
#1  0x00005555555557c3 in predict (v=-14) at lreg.cpp:116
#2  0x0000555555555a53 in partialDerivate (pos1=3, pos2=3) at lreg.cpp:142
#3  0x0000555555555bbe in adjust (alpha1=2.2222199999999999e-05, alpha2=2.2222199999999999e-05) at lreg.cpp:156
#4  0x0000555555555ee0 in train (iter1=30000, iter2=30000, N=4, alpha1=2.2222199999999999e-05, alpha2=2.2222199999999999e-05, stopsWhenStable=true) at lreg.cpp:193
#5  0x0000555555556467 in main (argc=3, argv=0x7fffffffde58) at lreg.cpp:253

64			ofstream fp ("/tmp/lreg/detected.log", std::ofstream::app);
65			fp << "verifyUint: a = "<<a<<"; b = "<<b<<endl;
66	        detected = 1;	
67		}
68		return a;
69	}
70	double verifyDoubleDup(double a, double b){
71		if (a != b && detected != 1){
72			//gerar entrada no log
73			ofstream fp ("/tmp/lreg/detected.log", std::ofstream::app);

Backtrace END
Memory content before bitflip:0x000x000x000x00
Fault Model: Random bit-flip
base address to flip value: 0x7fffffffd6d0
address max offset: 4
Memory content after  bitflip:0xd90x680x440xf9
frame name: predict
symbol name: i1
symbol filename: lreg.cpp
symbol line: 115
value: 4182010073
value address: 0x7fffffffd6d0
Type: The type is an integer type.
Type sizeof: 4

[INFO -- 2018-11-27 20:22:41]
Fault Injection Successful after 1.6438374519348145s
[INFO -- 2018-11-27 20:22:43]
event type: exit
[INFO -- 2018-11-27 20:22:43]
exit code: 0
