[INFO -- 2018-11-05 19:17:57]
Starting flip_value script
version: 1.1
[INFO -- 2018-11-05 19:17:57]
Initialization strings:
[INFO -- 2018-11-05 19:17:57]
(1) file /tmp/lreg/lreg
[INFO -- 2018-11-05 19:17:57]
(2) set args /tmp/lreg/randInput /tmp/lreg/output /tmp/lreg/detected.log
[INFO -- 2018-11-05 19:17:57]
initSignal:0
[INFO -- 2018-11-05 19:17:57]
endSignal:10
[INFO -- 2018-11-05 19:17:57]
faultModel:2
[INFO -- 2018-11-05 19:18:00]
Backtrace BEGIN:
#0  0x000055555555523c in predict (v=-3) at lreg.cpp:50
#1  0x00005555555553fc in partialDerivate (pos=0) at lreg.cpp:74
#2  0x0000555555555503 in adjust (alpha=5.0000000000000002e-05) at lreg.cpp:87
#3  0x00005555555556ac in train (iterations=30000, alpha=5.0000000000000002e-05, N=3, stopsWhenStable=true) at lreg.cpp:120
#4  0x0000555555555a1c in execute (input=0x7fffffffe1f3 "/tmp/lreg/randInput") at lreg.cpp:157
#5  0x0000555555555c60 in main (argc=4, argv=0x7fffffffde48) at lreg.cpp:191

45		Predicts the value related to v using the Ts variables
46	*/
47	double predict(double v){
48		double val = 0;
49		for(int i = 0; i<T.size(); i++){
50			val+= (T[i] * pow(v, i));
51		}
52		return val;
53		
54	}

Backtrace END
Memory content before bitflip:0x690x3b0x3a0x580x450x3c0xe30x40
Fault Model: Random bit-flip
base address to flip value: 0x7fffffffd588
address max offset: 8
Memory content after  bitflip:0x340x230xec0x500x120xcc0x9b0xef
frame name: train
symbol name: MSE
symbol filename: lreg.cpp
symbol line: 117
value: -4.2144126217862785e+229
value address: 0x7fffffffd588
Type: A floating point type.
Type sizeof: 8

[INFO -- 2018-11-05 19:18:00]
Fault Injection Successful after 3.5978026390075684s
[INFO -- 2018-11-05 19:18:18]
event type: exit
[INFO -- 2018-11-05 19:18:18]
exit code: 0
