[INFO -- 2018-11-09 13:22:19]
Starting flip_value script
version: 1.1
[INFO -- 2018-11-09 13:22:19]
Initialization strings:
[INFO -- 2018-11-09 13:22:19]
(1) file /tmp/lreg/lreg
[INFO -- 2018-11-09 13:22:19]
(2) set args /tmp/lreg/randInput /tmp/lreg/output /tmp/lreg/detected.log
[INFO -- 2018-11-09 13:22:19]
initSignal:0
[INFO -- 2018-11-09 13:22:19]
endSignal:10
[INFO -- 2018-11-09 13:22:19]
faultModel:1
[INFO -- 2018-11-09 13:22:23]
Backtrace BEGIN:
#0  0x0000555555556105 in std::vector<double, std::allocator<double> >::operator[] (this=0x55555575b140 <x>, __n=2) at /usr/include/c++/7/bits/stl_vector.h:799
#1  0x00005555555553eb in partialDerivate (pos=1) at lreg.cpp:74
#2  0x0000555555555503 in adjust (alpha=2.2222199999999999e-05) at lreg.cpp:87
#3  0x00005555555556ac in train (iterations=45000, alpha=2.2222199999999999e-05, N=4, stopsWhenStable=true) at lreg.cpp:120
#4  0x0000555555555a1c in execute (input=0x7fffffffe1f3 "/tmp/lreg/randInput") at lreg.cpp:157
#5  0x0000555555555c60 in main (argc=4, argv=0x7fffffffde48) at lreg.cpp:191

794	      reference
795	      operator[](size_type __n) _GLIBCXX_NOEXCEPT
796	      {
797		__glibcxx_requires_subscript(__n);
798		return *(this->_M_impl._M_start + __n);
799	      }
800	
801	      /**
802	       *  @brief  Subscript access to the data contained in the %vector.
803	       *  @param __n The index of the element for which data should be

Backtrace END
Fliping value of field: std::_Vector_base<double, std::allocator<double> >
Fliping value of field: _M_impl
Fliping value of field: _M_start
Fliping a bit of the value pointed by a pointer
Memory content before bitflip:0x080xaa0x3b0x0a0x1d0xaa0xb80x3f
Fault Model: Double bit-flip
base address to flip value: 0x555555772b80
address max offset: 8
Memory content after  bitflip:0x080xaa0x3b0x0a0x1d0xaa0xe80x3f
frame name: train
symbol name: prevT
symbol filename: lreg.cpp
symbol line: 114
value: std::vector of length 4, capacity 4 = {0.77076580046315346, 4.6211607072063545, -2.08345068940051, -0.019681932432550488}
value address: 0x7fffffffd590
Type: The type is a structure.
Type sizeof: 24
Field name: std::_Vector_base<double, std::allocator<double> >
Field Type: The type is a structure.
Field Type sizeof: 24

[INFO -- 2018-11-09 13:22:23]
Fault Injection Successful after 4.38179349899292s
[INFO -- 2018-11-09 13:22:26]
event type: exit
[INFO -- 2018-11-09 13:22:26]
exit code: 0
