[INFO -- 2018-10-13 18:10:55]
Starting flip_value script
version: 1.1
[INFO -- 2018-10-13 18:10:55]
Initialization strings:
[INFO -- 2018-10-13 18:10:55]
(1) file /tmp/lreg/lreg
[INFO -- 2018-10-13 18:10:55]
(2) set args /tmp/lreg/randInput /tmp/lreg/output
[INFO -- 2018-10-13 18:10:55]
initSignal:0
[INFO -- 2018-10-13 18:10:55]
endSignal:10
[INFO -- 2018-10-13 18:10:55]
faultModel:1
[INFO -- 2018-10-13 18:10:56]
Backtrace BEGIN:
#0  selectTriUInt (a=2, b=2, c=2) at lreg.cpp:48
#1  0x0000555555555280 in predict (v=24) at lreg.cpp:77
#2  0x000055555555537b in meanSquaredError () at lreg.cpp:91
#3  0x0000555555555886 in train (iterations=60000, N=3, stopsWhenStable=true) at lreg.cpp:160
#4  0x0000555555555dba in main (argc=3, argv=0x7fffffffde68) at lreg.cpp:225

43	vector<double> T; // the adjustment variables
44	
45	double a1, a2, a3; // triplication of alpha
46	
47	UINT selectTriUInt(UINT a, UINT b, UINT c){
48		return (a == b)? a : c;
49	}
50	double selectTriDouble(double a, double b, double c){
51		return (a == b)? a : c;
52	}

Backtrace END
Fliping value of field: std::_Vector_base<double, std::allocator<double> >
Fliping value of field: _M_impl
Fliping value of field: _M_start
Fliping a bit of the value pointed by a pointer
Memory content before bitflip:0x000x000x000x000x000x000x1c0x40
Fault Model: Double bit-flip
base address to flip value: 0x555555771650
address max offset: 8
Memory content after  bitflip:0x000x000x000x000x060x000x1c0x40
frame name: meanSquaredError
symbol name: y
symbol filename: lreg.cpp
symbol line: 42
value: std::vector of length 20, capacity 32 = {7.0000228881835938, -4, -10, 1, -7, -16, -14, 1, -1057, -881, -1249, -337, -97, -511, -577, -391, -647, -967, -127, -449}
value address: 0x55555575a160 <y>
Type: The type is a structure.
Type sizeof: 24
Field name: std::_Vector_base<double, std::allocator<double> >
Field Type: The type is a structure.
Field Type sizeof: 24

[INFO -- 2018-10-13 18:10:56]
Fault Injection Successful after 1.509861707687378s
[INFO -- 2018-10-13 18:11:04]
event type: exit
[INFO -- 2018-10-13 18:11:04]
exit code: 0
