[INFO -- 2018-10-10 16:51:27]
Starting flip_value script
version: 1.1
[INFO -- 2018-10-10 16:51:27]
Initialization strings:
[INFO -- 2018-10-10 16:51:27]
(1) file /tmp/lreg/lreg
[INFO -- 2018-10-10 16:51:27]
(2) set args /tmp/lreg/randInput /tmp/lreg/output
[INFO -- 2018-10-10 16:51:27]
initSignal:0
[INFO -- 2018-10-10 16:51:27]
endSignal:10
[INFO -- 2018-10-10 16:51:27]
faultModel:1
[EXCEPTION -- 2018-10-10 16:51:34]
pythonException: Unable to exit loop in struct fields; Exiting wihtout making a bit flip
[INFO -- 2018-10-10 16:51:34]
Backtrace BEGIN:
#0  log1 (error=<synthetic pointer>, delta=<synthetic pointer>, x=21) at ../sysdeps/ieee754/dbl-64/e_pow.c:329
#1  __ieee754_pow_sse2 (x=21, y=3) at ../sysdeps/ieee754/dbl-64/e_pow.c:103
#2  0x00007ffff76b7b14 in __pow (x=21, y=3) at w_pow_compat.c:30
#3  0x00005555555560ba in std::pow<double, unsigned int> (__x=21, __y=3) at /usr/include/c++/7/cmath:418
#4  0x00005555555552c2 in predict (v=21) at lreg.cpp:77
#5  0x000055555555551d in partialDerivate (pos=2) at lreg.cpp:107
#6  0x0000555555555670 in adjust () at lreg.cpp:123
#7  0x0000555555555881 in train (iterations=90000, N=4, stopsWhenStable=true) at lreg.cpp:159
#8  0x0000555555555dba in main (argc=3, argv=0x7fffffffde68) at lreg.cpp:225

324	in ../sysdeps/ieee754/dbl-64/e_pow.c

Backtrace END
Memory content before bitflip:0x000x000x000x000x000x000x350x40
Fault Model: Double bit-flip
base address to flip value: 0x7fffffffd6a0
address max offset: 8
Memory content after  bitflip:0x000x000x000x000xc00x000x350x40
frame name: __pow
symbol name: x
symbol filename: w_pow_compat.c
symbol line: 28
value: 21.0029296875
value address: 0x7fffffffd6a0
Type: A floating point type.
Type sizeof: 8

[INFO -- 2018-10-10 16:51:34]
Fault Injection Successful after 7.843592166900635s
[INFO -- 2018-10-10 16:51:39]
event type: exit
[INFO -- 2018-10-10 16:51:39]
exit code: 0
