[INFO -- 2018-09-30 20:49:59]
Starting flip_value script
version: 1.1
[INFO -- 2018-09-30 20:49:59]
Initialization strings:
[INFO -- 2018-09-30 20:49:59]
(1) file /tmp/lreg/lreg
[INFO -- 2018-09-30 20:49:59]
(2) set args /tmp/lreg/randInput /tmp/lreg/output
[INFO -- 2018-09-30 20:49:59]
initSignal:0
[INFO -- 2018-09-30 20:49:59]
endSignal:10
[INFO -- 2018-09-30 20:49:59]
faultModel:1
[INFO -- 2018-09-30 20:50:03]
Backtrace BEGIN:
#0  std::vector<double, std::allocator<double> >::operator[] (this=0x55555575a180 <T>, __n=8589934594) at /usr/include/c++/7/bits/stl_vector.h:795
#1  0x0000555555555217 in predict (v=-11) at lreg.cpp:50
#2  0x00005555555552ba in meanSquaredError () at lreg.cpp:61
#3  0x00005555555556b1 in train (iterations=90000, alpha=2.2222199999999999e-05, N=4, stopsWhenStable=true) at lreg.cpp:121
#4  0x0000555555555c26 in main (argc=3, argv=0x7fffffffde58) at lreg.cpp:182

790	       *  Note that data access with this operator is unchecked and
791	       *  out_of_range lookups are not defined. (For checked lookups
792	       *  see at().)
793	       */
794	      reference
795	      operator[](size_type __n) _GLIBCXX_NOEXCEPT
796	      {
797		__glibcxx_requires_subscript(__n);
798		return *(this->_M_impl._M_start + __n);
799	      }

Backtrace END
Memory content before bitflip:0x190xa10x5a0x640xd90x830x860x41
Fault Model: Double bit-flip
base address to flip value: 0x7fffffffd830
address max offset: 8
Memory content after  bitflip:0x190xa10x5a0x640xfb0x830x860x41
frame name: train
symbol name: bestMSE
symbol filename: lreg.cpp
symbol line: 116
value: 47218540.544252582
value address: 0x7fffffffd830
Type: A floating point type.
Type sizeof: 8

[INFO -- 2018-09-30 20:50:03]
Fault Injection Successful after 4.896947622299194s
[INFO -- 2018-09-30 20:50:07]
event type: exit
[INFO -- 2018-09-30 20:50:07]
exit code: 0
