[INFO -- 2018-11-26 17:09:26]
Starting flip_value script
version: 1.1
[INFO -- 2018-11-26 17:09:26]
Initialization strings:
[INFO -- 2018-11-26 17:09:26]
(1) file /tmp/lreg/lreg
[INFO -- 2018-11-26 17:09:26]
(2) set args /tmp/lreg/randInput /tmp/lreg/output
[INFO -- 2018-11-26 17:09:26]
initSignal:0
[INFO -- 2018-11-26 17:09:26]
endSignal:3
[INFO -- 2018-11-26 17:09:26]
faultModel:0
[INFO -- 2018-11-26 17:09:29]
Backtrace BEGIN:
#0  libc_feholdsetround_sse_ctx (r=0, ctx=<synthetic pointer>) at ../sysdeps/i386/fpu/fenv_private.h:447
#1  __ieee754_pow_sse2 (x=18, y=3) at ../sysdeps/ieee754/dbl-64/e_pow.c:97
#2  0x00007ffff76db6be in __ieee754_pow_sse2 (x=<optimized out>, y=<optimized out>) at ../sysdeps/ieee754/dbl-64/e_pow.c:184
#3  0x00007ffff76bcb14 in __pow (x=-18, y=3) at w_pow_compat.c:30
#4  0x0000555555556826 in std::pow<double, unsigned int> (__x=-18, __y=3) at /usr/include/c++/7/cmath:418
#5  0x0000555555555814 in predict (v=-18) at lreg.cpp:116
#6  0x00005555555558c0 in meanSquaredError () at lreg.cpp:128
#7  0x0000555555555ee5 in train (iter1=30000, iter2=30000, N=4, alpha1=2.2222199999999999e-05, alpha2=2.2222199999999999e-05, stopsWhenStable=true) at lreg.cpp:194
#8  0x0000555555556467 in main (argc=3, argv=0x7fffffffde58) at lreg.cpp:253

442	../sysdeps/i386/fpu/fenv_private.h: No such file or directory.

Backtrace END
Memory content before bitflip:0x000x000x000x000x000x000x320xc0
Fault Model: Single bit-flip
base address to flip value: 0x7fffffffd6d0
address max offset: 8
Memory content after  bitflip:0x000x000x000x000x000x000x320xc4
frame name: __pow
symbol name: x
symbol filename: w_pow_compat.c
symbol line: 28
value: -3.3204139332677193e+20
value address: 0x7fffffffd6d0
Type: A floating point type.
Type sizeof: 8

[INFO -- 2018-11-26 17:09:29]
Fault Injection Successful after 3.1621580123901367s
[INFO -- 2018-11-26 17:09:29]
event type: exit
[INFO -- 2018-11-26 17:09:29]
exit code: 0
