[INFO -- 2018-11-15 13:15:58]
Starting flip_value script
version: 1.1
[INFO -- 2018-11-15 13:15:58]
Initialization strings:
[INFO -- 2018-11-15 13:15:58]
(1) file /tmp/lreg/lreg
[INFO -- 2018-11-15 13:15:58]
(2) set args /tmp/lreg/randInput /tmp/lreg/output
[INFO -- 2018-11-15 13:15:58]
initSignal:0
[INFO -- 2018-11-15 13:15:58]
endSignal:5
[INFO -- 2018-11-15 13:15:58]
faultModel:1
[INFO -- 2018-11-15 13:16:00]
Backtrace BEGIN:
#0  0x00007ffff76da8c0 in __ieee754_pow_sse2 (x=19, y=3) at ../sysdeps/ieee754/dbl-64/e_pow.c:111
#1  0x00007ffff76db6be in __ieee754_pow_sse2 (x=<optimized out>, y=<optimized out>) at ../sysdeps/ieee754/dbl-64/e_pow.c:184
#2  0x00007ffff76bcb14 in __pow (x=-19, y=3) at w_pow_compat.c:30
#3  0x0000555555556826 in std::pow<double, unsigned int> (__x=-19, __y=3) at /usr/include/c++/7/cmath:418
#4  0x0000555555555814 in predict (v=-19) at lreg.cpp:116
#5  0x0000555555555928 in meanSquaredError () at lreg.cpp:128
#6  0x0000555555555ee5 in train (iter1=45000, iter2=45000, N=4, alpha1=2.2222199999999999e-05, alpha2=2.2222199999999999e-05, stopsWhenStable=true) at lreg.cpp:194
#7  0x0000555555556467 in main (argc=3, argv=0x7fffffffde58) at lreg.cpp:253

106	../sysdeps/ieee754/dbl-64/e_pow.c: No such file or directory.

Backtrace END
Fliping value of field: std::_Vector_base<double, std::allocator<double> >
Fliping value of field: _M_impl
Fliping value of field: _M_start
Fliping a bit of the value pointed by a pointer
Memory content before bitflip:0xd20x160xad0x650x980x5d0xba0x3f
Fault Model: Double bit-flip
base address to flip value: 0x555555772830
address max offset: 8
Memory content after  bitflip:0x5a0x160xad0x650x980x5d0xba0x3f
frame name: meanSquaredError
symbol name: T2
symbol filename: lreg.cpp
symbol line: 37
value: std::vector of length 4, capacity 4 = {0.10299065096213536, 0.36924496916312533, 1.9918956164477879, 6.0562586310010138}
value address: 0x55555575b1a0 <T2>
Type: The type is a structure.
Type sizeof: 24
Field name: std::_Vector_base<double, std::allocator<double> >
Field Type: The type is a structure.
Field Type sizeof: 24

[INFO -- 2018-11-15 13:16:00]
Fault Injection Successful after 2.445295810699463s
[INFO -- 2018-11-15 13:16:01]
event type: exit
[INFO -- 2018-11-15 13:16:01]
exit code: 0
