[INFO -- 2018-11-23 16:24:07]
Starting flip_value script
version: 1.1
[INFO -- 2018-11-23 16:24:07]
Initialization strings:
[INFO -- 2018-11-23 16:24:07]
(1) file /tmp/lreg/lreg
[INFO -- 2018-11-23 16:24:07]
(2) set args /tmp/lreg/randInput /tmp/lreg/output
[INFO -- 2018-11-23 16:24:07]
initSignal:0
[INFO -- 2018-11-23 16:24:07]
endSignal:3
[INFO -- 2018-11-23 16:24:07]
faultModel:1
[INFO -- 2018-11-23 16:24:08]
Backtrace BEGIN:
#0  dl_main (phdr=<optimized out>, phnum=<optimized out>, user_entry=<optimized out>, auxv=<optimized out>) at rtld.c:2289
#1  0x00007ffff7defdd0 in _dl_sysdep_start (start_argptr=start_argptr@entry=0x7fffffffde50, dl_main=dl_main@entry=0x7ffff7dd7660 <dl_main>) at ../elf/dl-sysdep.c:253
#2  0x00007ffff7dd7128 in _dl_start_final (arg=0x7fffffffde50) at rtld.c:414
#3  _dl_start (arg=0x7fffffffde50) at rtld.c:521
#4  0x00007ffff7dd6098 in _start () from /lib64/ld-linux-x86-64.so.2
#5  0x0000000000000003 in ?? ()
#6  0x00007fffffffe1fc in ?? ()
#7  0x00007fffffffe20b in ?? ()
#8  0x00007fffffffe21f in ?? ()
#9  0x0000000000000000 in ?? ()

2284	rtld.c: No such file or directory.

Backtrace END
Fliping value of field: next
Fliping a bit of the pointer
Memory content before bitflip:0xe00xdf0xff0xf70xff0x7f0x000x00
Fault Model: Double bit-flip
base address to flip value: 0x7ffff7ffe038 
address max offset: 8
Memory content after  bitflip:0xe00xda0xff0xf70xff0x7f0x000x00
frame name: dl_main
symbol name: _dl_rtld_libname
symbol filename: rtld.c
symbol line: 301
value: {name = 0x555555554238 "/lib64/ld-linux-x86-64.so.2", next = 0x7ffff7ffdae0 <_rtld_global+2688>, dont_free = 0}
value address: 0x7ffff7ffe030 <_dl_rtld_libname>
Type: The type is a structure.
Type sizeof: 24
Field name: name
Field Type: The type is a pointer.
Field Type sizeof: 8
Field name: next
Field Type: The type is a pointer.
Field Type sizeof: 8
Field name: dont_free
Field Type: The type is an integer type.
Field Type sizeof: 4

[INFO -- 2018-11-23 16:24:08]
Fault Injection Successful after 1.064453363418579s
[INFO -- 2018-11-23 16:24:09]
event type: exit
[INFO -- 2018-11-23 16:24:09]
exit code: 0
