[INFO -- 2018-10-06 15:13:22]
Starting flip_value script
version: 1.1
[INFO -- 2018-10-06 15:13:22]
Initialization strings:
[INFO -- 2018-10-06 15:13:22]
(1) file /tmp/lreg/lreg
[INFO -- 2018-10-06 15:13:22]
(2) set args /tmp/lreg/randInput /tmp/lreg/output
[INFO -- 2018-10-06 15:13:22]
initSignal:0
[INFO -- 2018-10-06 15:13:22]
endSignal:10
[INFO -- 2018-10-06 15:13:22]
faultModel:1
[INFO -- 2018-10-06 15:13:24]
Backtrace BEGIN:
#0  0x000055555555545c in meanSquaredError () at lreg.cpp:93
#1  0x0000555555555886 in train (iterations=60000, N=3, stopsWhenStable=true) at lreg.cpp:160
#2  0x0000555555555dba in main (argc=3, argv=0x7fffffffde68) at lreg.cpp:225

88			selectTriUInt(i1, i2, i3)<x.size(); 
89			i1++, i2++, i3++)
90		{
91			error+= ((predict(x[selectTriUInt(i1, i2, i3)]) - y[selectTriUInt(i1, i2, i3)]) * (predict(x[selectTriUInt(i1, i2, i3)]) - y[selectTriUInt(i1, i2, i3)]));	
92		}
93		error /= x.size();
94		return error;
95	
96	}
97	/**

Backtrace END
Memory content before bitflip:0x010x000x000x00
Fault Model: Double bit-flip
base address to flip value: 0x7fffffffd924
address max offset: 4
Memory content after  bitflip:0x010x090x000x00
frame name: main
symbol name: i2
symbol filename: lreg.cpp
symbol line: 198
value: 2305
value address: 0x7fffffffd924
Type: The type is an integer type.
Type sizeof: 4

[INFO -- 2018-10-06 15:13:24]
Fault Injection Successful after 2.2080254554748535s
[INFO -- 2018-10-06 15:13:32]
event type: exit
[INFO -- 2018-10-06 15:13:32]
exit code: 0
