[INFO -- 2018-11-07 15:43:20]
Starting flip_value script
version: 1.1
[INFO -- 2018-11-07 15:43:20]
Initialization strings:
[INFO -- 2018-11-07 15:43:20]
(1) file /tmp/lreg/lreg
[INFO -- 2018-11-07 15:43:20]
(2) set args /tmp/lreg/randInput /tmp/lreg/output /tmp/lreg/detected.log
[INFO -- 2018-11-07 15:43:20]
initSignal:0
[INFO -- 2018-11-07 15:43:20]
endSignal:10
[INFO -- 2018-11-07 15:43:20]
faultModel:2
[EXCEPTION -- 2018-11-07 15:43:21]
pythonException: Unable to exit loop in struct fields; Exiting wihtout making a bit flip
[INFO -- 2018-11-07 15:43:22]
Backtrace BEGIN:
#0  0x0000555555556ae4 in std::vector<double, std::allocator<double> >::end (this=0x55555575b180 <T>) at /usr/include/c++/7/bits/stl_vector.h:591
#1  0x0000555555556335 in std::vector<double, std::allocator<double> >::vector (this=0x7fffffffd5d0, __x=std::vector of length 2, capacity 2 = {...}) at /usr/include/c++/7/bits/stl_vector.h:331
#2  0x000055555555572b in train (iterations=15000, alpha=0.00020000000000000001, N=2, stopsWhenStable=true) at lreg.cpp:126
#3  0x0000555555555a1c in execute (input=0x7fffffffe1f2 "/tmp/lreg/randInput") at lreg.cpp:157
#4  0x0000555555555c60 in main (argc=4, argv=0x7fffffffde48) at lreg.cpp:191

586	       *  the last element in the %vector.  Iteration is done in
587	       *  ordinary element order.
588	       */
589	      const_iterator
590	      end() const _GLIBCXX_NOEXCEPT
591	      { return const_iterator(this->_M_impl._M_finish); }
592	
593	      /**
594	       *  Returns a read/write reverse iterator that points to the
595	       *  last element in the %vector.  Iteration is done in reverse

Backtrace END
Fliping a bit of the pointer
Memory content before bitflip:0x800xb10x750x550x550x550x000x00
Fault Model: Random bit-flip
base address to flip value: 0x7fffffffd4c8
address max offset: 8
Memory content after  bitflip:0xc10x600x440xfd0x790xa20x4d0x48
frame name: std::vector<double, std::allocator<double> >::end
symbol name: this
symbol filename: lreg.cpp
symbol line: 0
value: 0x55555575b180 <T>
value address: 0x7fffffffd4c8
Type: The type is a pointer.
Type sizeof: 8

[INFO -- 2018-11-07 15:43:22]
Fault Injection Successful after 2.4949190616607666s
[INFO -- 2018-11-07 15:43:34]
event type: exit
[INFO -- 2018-11-07 15:43:34]
exit code: 0
