[INFO -- 2018-11-12 17:56:51]
Starting flip_value script
version: 1.1
[INFO -- 2018-11-12 17:56:51]
Initialization strings:
[INFO -- 2018-11-12 17:56:51]
(1) file /tmp/lreg/lreg
[INFO -- 2018-11-12 17:56:51]
(2) set args /tmp/lreg/randInput /tmp/lreg/output
[INFO -- 2018-11-12 17:56:51]
initSignal:0
[INFO -- 2018-11-12 17:56:51]
endSignal:10
[INFO -- 2018-11-12 17:56:51]
faultModel:0
[INFO -- 2018-11-12 17:56:54]
Backtrace BEGIN:
#0  std::vector<double, std::allocator<double> >::operator[] (this=0x2, __n=2) at /usr/include/c++/7/bits/stl_vector.h:795
#1  0x00005555555556a7 in predict (v=-14) at lreg.cpp:113
#2  0x000055555555578f in meanSquaredError () at lreg.cpp:125
#3  0x0000555555555da8 in train (iter1=30000, iter2=30000, N=3, alpha1=5.0000000000000002e-05, alpha2=5.0000000000000002e-05, stopsWhenStable=true) at lreg.cpp:191
#4  0x00005555555562e6 in main (argc=3, argv=0x7fffffffde68) at lreg.cpp:246

790	       *  Note that data access with this operator is unchecked and
791	       *  out_of_range lookups are not defined. (For checked lookups
792	       *  see at().)
793	       */
794	      reference
795	      operator[](size_type __n) _GLIBCXX_NOEXCEPT
796	      {
797		__glibcxx_requires_subscript(__n);
798		return *(this->_M_impl._M_start + __n);
799	      }

Backtrace END
Memory content before bitflip:0x080x000x000x00
Fault Model: Single bit-flip
base address to flip value: 0x7fffffffd7a4
address max offset: 4
Memory content after  bitflip:0x080x200x000x00
frame name: meanSquaredError
symbol name: i2
symbol filename: lreg.cpp
symbol line: 124
value: 8200
value address: 0x7fffffffd7a4
Type: The type is an integer type.
Type sizeof: 4

[INFO -- 2018-11-12 17:56:54]
Fault Injection Successful after 3.4724762439727783s
[INFO -- 2018-11-12 17:57:05]
event type: exit
[INFO -- 2018-11-12 17:57:05]
exit code: 0
