[INFO -- 2018-11-26 20:15:10]
Starting flip_value script
version: 1.1
[INFO -- 2018-11-26 20:15:10]
Initialization strings:
[INFO -- 2018-11-26 20:15:10]
(1) file /tmp/lreg/lreg
[INFO -- 2018-11-26 20:15:10]
(2) set args /tmp/lreg/randInput /tmp/lreg/output
[INFO -- 2018-11-26 20:15:10]
initSignal:0
[INFO -- 2018-11-26 20:15:10]
endSignal:3
[INFO -- 2018-11-26 20:15:10]
faultModel:0
[INFO -- 2018-11-26 20:15:12]
Backtrace BEGIN:
#0  0x00007ffff76da9e4 in __ieee754_pow_sse2 (x=-15, y=3) at ../sysdeps/ieee754/dbl-64/e_pow.c:128
#1  0x00007ffff76bcb14 in __pow (x=-15, y=3) at w_pow_compat.c:30
#2  0x0000555555556826 in std::pow<double, unsigned int> (__x=-15, __y=3) at /usr/include/c++/7/cmath:418
#3  0x0000555555555ace in partialDerivate (pos1=3, pos2=3) at lreg.cpp:142
#4  0x0000555555555bbe in adjust (alpha1=2.2222199999999999e-05, alpha2=2.2222199999999999e-05) at lreg.cpp:156
#5  0x0000555555555ee0 in train (iter1=30000, iter2=30000, N=4, alpha1=2.2222199999999999e-05, alpha2=2.2222199999999999e-05, stopsWhenStable=true) at lreg.cpp:193
#6  0x0000555555556467 in main (argc=3, argv=0x7fffffffde58) at lreg.cpp:253

123	../sysdeps/ieee754/dbl-64/e_pow.c: No such file or directory.

Backtrace END
Memory content before bitflip:0x000x000x000x00
Fault Model: Single bit-flip
base address to flip value: 0x55555575b1b8 
address max offset: 4
Memory content after  bitflip:0x000x200x000x00
frame name: std::pow<double, unsigned int>
symbol name: detected
symbol filename: lreg.cpp
symbol line: 58
value: 8192
value address: 0x55555575b1b8 <detected>
Type: The type is an integer type.
Type sizeof: 4

[INFO -- 2018-11-26 20:15:12]
Fault Injection Successful after 2.310232639312744s
[INFO -- 2018-11-26 20:15:12]
event type: exit
[INFO -- 2018-11-26 20:15:12]
exit code: 0
