[INFO -- 2018-10-03 16:01:10]
Starting flip_value script
version: 1.1
[INFO -- 2018-10-03 16:01:10]
Initialization strings:
[INFO -- 2018-10-03 16:01:10]
(1) file /tmp/lreg/lreg
[INFO -- 2018-10-03 16:01:10]
(2) set args /tmp/lreg/randInput /tmp/lreg/output
[INFO -- 2018-10-03 16:01:10]
initSignal:0
[INFO -- 2018-10-03 16:01:10]
endSignal:10
[INFO -- 2018-10-03 16:01:10]
faultModel:1
[INFO -- 2018-10-03 16:01:14]
Backtrace BEGIN:
#0  0x0000555555555418 in partialDerivate (pos=2) at lreg.cpp:73
#1  0x00005555555554b3 in adjust (alpha=2.2222199999999999e-05) at lreg.cpp:87
#2  0x000055555555565c in train (iterations=90000, alpha=2.2222199999999999e-05, N=4, stopsWhenStable=true) at lreg.cpp:120
#3  0x0000555555555ab7 in main (argc=3, argv=0x7fffffffde58) at lreg.cpp:174

68		Calculates the partial derivate of the meanSquaredError function 
69		to the adjustment variable whose position in T is passed in pos
70	*/
71	double partialDerivate(int pos){
72		double pD = 0;
73		for(int i = 0; i<x.size(); i++){
74			pD += ((predict(x[i]) - y[i])*pow(x[i], pos));	
75		}
76		pD *= (2.0/x.size());
77		return pD;

Backtrace END
Fliping value of field: std::_Vector_base<double, std::allocator<double> >
Fliping value of field: _M_impl
Fliping value of field: _M_start
Fliping a bit of the value pointed by a pointer
Memory content before bitflip:0x9f0x450xc60x5f0x9c0xb50x2e0xc0
Fault Model: Double bit-flip
base address to flip value: 0x555555771380
address max offset: 8
Memory content after  bitflip:0x9f0x450xc60x5f0x9c0x750x2e0xc0
frame name: partialDerivate
symbol name: T
symbol filename: lreg.cpp
symbol line: 34
value: std::vector of length 4, capacity 4 = {-15.229708664849396, 80.908939551881019, 5.0342896820784944, -1.0719452719564579}
value address: 0x55555575a180 <T>
Type: The type is a structure.
Type sizeof: 24
Field name: std::_Vector_base<double, std::allocator<double> >
Field Type: The type is a structure.
Field Type sizeof: 24

[INFO -- 2018-10-03 16:01:14]
Fault Injection Successful after 4.511707544326782s
[INFO -- 2018-10-03 16:01:18]
event type: exit
[INFO -- 2018-10-03 16:01:18]
exit code: 0
