[INFO -- 2018-11-14 12:46:46]
Starting flip_value script
version: 1.1
[INFO -- 2018-11-14 12:46:46]
Initialization strings:
[INFO -- 2018-11-14 12:46:46]
(1) file /tmp/lreg/lreg
[INFO -- 2018-11-14 12:46:46]
(2) set args /tmp/lreg/randInput /tmp/lreg/output
[INFO -- 2018-11-14 12:46:46]
initSignal:0
[INFO -- 2018-11-14 12:46:46]
endSignal:5
[INFO -- 2018-11-14 12:46:46]
faultModel:2
[INFO -- 2018-11-14 12:46:47]
Backtrace BEGIN:
#0  0x000055555555520f in verifyUintDup (a=4, b=4) at lreg.cpp:69
#1  0x0000555555555a31 in partialDerivate (pos1=0, pos2=0) at lreg.cpp:142
#2  0x0000555555555bbe in adjust (alpha1=0.00020000000000000001, alpha2=0.00020000000000000001) at lreg.cpp:156
#3  0x0000555555555ee0 in train (iter1=15000, iter2=15000, N=2, alpha1=0.00020000000000000001, alpha2=0.00020000000000000001, stopsWhenStable=true) at lreg.cpp:193
#4  0x0000555555556467 in main (argc=3, argv=0x7fffffffde68) at lreg.cpp:253

64			ofstream fp ("/tmp/lreg/detected.log", std::ofstream::app);
65			fp << "verifyUint: a = "<<a<<"; b = "<<b<<endl;
66	        detected = 1;	
67		}
68		return a;
69	}
70	double verifyDoubleDup(double a, double b){
71		if (a != b && detected != 1){
72			//gerar entrada no log
73			ofstream fp ("/tmp/lreg/detected.log", std::ofstream::app);

Backtrace END
Memory content before bitflip:0x000x000x000x00
Fault Model: Random bit-flip
base address to flip value: 0x55555575b1b8 
address max offset: 4
Memory content after  bitflip:0x2d0x3a0x930x08
frame name: partialDerivate
symbol name: detected
symbol filename: lreg.cpp
symbol line: 58
value: 143866413
value address: 0x55555575b1b8 <detected>
Type: The type is an integer type.
Type sizeof: 4

[INFO -- 2018-11-14 12:46:47]
Fault Injection Successful after 1.1334264278411865s
[INFO -- 2018-11-14 12:46:49]
event type: exit
[INFO -- 2018-11-14 12:46:49]
exit code: 0
