[INFO -- 2018-11-22 17:10:41]
Starting flip_value script
version: 1.1
[INFO -- 2018-11-22 17:10:41]
Initialization strings:
[INFO -- 2018-11-22 17:10:41]
(1) file /tmp/lreg/lreg
[INFO -- 2018-11-22 17:10:41]
(2) set args /tmp/lreg/randInput /tmp/lreg/output
[INFO -- 2018-11-22 17:10:41]
initSignal:0
[INFO -- 2018-11-22 17:10:41]
endSignal:3
[INFO -- 2018-11-22 17:10:41]
faultModel:1
[EXCEPTION -- 2018-11-22 17:10:44]
pythonException: Unable to exit loop in struct fields; Exiting wihtout making a bit flip
[INFO -- 2018-11-22 17:10:44]
Backtrace BEGIN:
#0  std::vector<double, std::allocator<double> >::operator[] (this=0x55555575a160 <y>, __n=9) at /usr/include/c++/7/bits/stl_vector.h:795
#1  0x00005555555553eb in partialDerivate (pos=1) at lreg.cpp:74
#2  0x00005555555554b3 in adjust (alpha=5.0000000000000002e-05) at lreg.cpp:87
#3  0x000055555555565c in train (iterations=20000, alpha=5.0000000000000002e-05, N=3, stopsWhenStable=true) at lreg.cpp:120
#4  0x0000555555555ab7 in main (argc=3, argv=0x7fffffffde58) at lreg.cpp:174

790	       *  Note that data access with this operator is unchecked and
791	       *  out_of_range lookups are not defined. (For checked lookups
792	       *  see at().)
793	       */
794	      reference
795	      operator[](size_type __n) _GLIBCXX_NOEXCEPT
796	      {
797		__glibcxx_requires_subscript(__n);
798		return *(this->_M_impl._M_start + __n);
799	      }

Backtrace END
Fliping value of field: std::_Vector_base<double, std::allocator<double> >
Fliping value of field: _M_impl
Fliping value of field: _M_end_of_storage
Fliping a bit of the value pointed by a pointer
Memory content before bitflip:0x000x000x000x000x000x000x000x00
Fault Model: Double bit-flip
base address to flip value: 0x5555557715c0
address max offset: 8
Memory content after  bitflip:0x000x000x000x000x000x000x410x00
frame name: std::vector<double, std::allocator<double> >::operator[]
symbol name: y
symbol filename: lreg.cpp
symbol line: 33
value: std::vector of length 12, capacity 16 = {-44, -23, -143, -8, 1, 1, -1319, -23, -1079, -503, -104, -1583}
value address: 0x55555575a160 <y>
Type: The type is a structure.
Type sizeof: 24
Field name: std::_Vector_base<double, std::allocator<double> >
Field Type: The type is a structure.
Field Type sizeof: 24

[INFO -- 2018-11-22 17:10:44]
Fault Injection Successful after 3.761943817138672s
[INFO -- 2018-11-22 17:10:46]
event type: exit
[INFO -- 2018-11-22 17:10:46]
exit code: 0
