[INFO -- 2018-11-02 00:01:38]
Starting flip_value script
version: 1.1
[INFO -- 2018-11-02 00:01:38]
Initialization strings:
[INFO -- 2018-11-02 00:01:38]
(1) file /tmp/lreg/lreg
[INFO -- 2018-11-02 00:01:38]
(2) set args /tmp/lreg/randInput /tmp/lreg/output /tmp/lreg/detected.log
[INFO -- 2018-11-02 00:01:38]
initSignal:0
[INFO -- 2018-11-02 00:01:38]
endSignal:10
[INFO -- 2018-11-02 00:01:38]
faultModel:1
[EXCEPTION -- 2018-11-02 00:01:39]
pythonException: Unable to exit loop in struct fields; Exiting wihtout making a bit flip
[EXCEPTION -- 2018-11-02 00:01:40]
pythonException: Unable to exit loop in struct fields; Exiting wihtout making a bit flip
[INFO -- 2018-11-02 00:01:44]
Backtrace BEGIN:
#0  0x0000555555555217 in predict (v=-21) at lreg.cpp:50
#1  0x00005555555552ba in meanSquaredError () at lreg.cpp:61
#2  0x00005555555556b1 in train (iterations=45000, alpha=2.2222199999999999e-05, N=4, stopsWhenStable=true) at lreg.cpp:121
#3  0x0000555555555a1c in execute (input=0x7fffffffe1f3 "/tmp/lreg/randInput") at lreg.cpp:157
#4  0x0000555555555c60 in main (argc=4, argv=0x7fffffffde48) at lreg.cpp:191

45		Predicts the value related to v using the Ts variables
46	*/
47	double predict(double v){
48		double val = 0;
49		for(int i = 0; i<T.size(); i++){
50			val+= (T[i] * pow(v, i));
51		}
52		return val;
53		
54	}

Backtrace END
Fliping value of field: std::_Vector_base<double, std::allocator<double> >
Fliping value of field: _M_impl
Fliping value of field: _M_finish
Fliping a bit of the value pointed by a pointer
Memory content before bitflip:0x000x000x000x000x000x000x000x00
Fault Model: Double bit-flip
base address to flip value: 0x555555772880
address max offset: 8
Memory content after  bitflip:0x000x000x000x180x000x000x000x00
frame name: execute
symbol name: x
symbol filename: lreg.cpp
symbol line: 32
value: std::vector of length 36, capacity 64 = {-8, 8, -11, -3, -16, -7, -12, 6, 1, -23, -1, 7, -22, -13, -22, 21, 24, 22, -19, 13, 10, -10, 31, -24, 8, -28, 6, 20, 18, -20, 22, 0, -19, 17, 28, -21}
value address: 0x55555575b140 <x>
Type: The type is a structure.
Type sizeof: 24
Field name: std::_Vector_base<double, std::allocator<double> >
Field Type: The type is a structure.
Field Type sizeof: 24

[INFO -- 2018-11-02 00:01:44]
Fault Injection Successful after 6.91032075881958s
[INFO -- 2018-11-02 00:01:50]
event type: exit
[INFO -- 2018-11-02 00:01:50]
exit code: 0
