[INFO -- 2018-11-14 17:08:55]
Starting flip_value script
version: 1.1
[INFO -- 2018-11-14 17:08:55]
Initialization strings:
[INFO -- 2018-11-14 17:08:55]
(1) file /tmp/lreg/lreg
[INFO -- 2018-11-14 17:08:55]
(2) set args /tmp/lreg/randInput /tmp/lreg/output
[INFO -- 2018-11-14 17:08:55]
initSignal:0
[INFO -- 2018-11-14 17:08:55]
endSignal:5
[INFO -- 2018-11-14 17:08:55]
faultModel:0
[EXCEPTION -- 2018-11-14 17:08:56]
pythonException: Unable to exit loop in struct fields; Exiting wihtout making a bit flip
[INFO -- 2018-11-14 17:08:56]
Backtrace BEGIN:
#0  __ieee754_pow_sse2 (x=17, y=0) at ../sysdeps/ieee754/dbl-64/e_pow.c:80
#1  0x00007ffff76bcb14 in __pow (x=17, y=0) at w_pow_compat.c:30
#2  0x0000555555556826 in std::pow<double, unsigned int> (__x=17, __y=0) at /usr/include/c++/7/cmath:418
#3  0x0000555555555814 in predict (v=17) at lreg.cpp:116
#4  0x0000555555555a53 in partialDerivate (pos1=0, pos2=0) at lreg.cpp:142
#5  0x0000555555555bbe in adjust (alpha1=5.0000000000000002e-05, alpha2=5.0000000000000002e-05) at lreg.cpp:156
#6  0x0000555555555ee0 in train (iter1=30000, iter2=30000, N=3, alpha1=5.0000000000000002e-05, alpha2=5.0000000000000002e-05, stopsWhenStable=true) at lreg.cpp:193
#7  0x0000555555556467 in main (argc=3, argv=0x7fffffffde68) at lreg.cpp:253

75	in ../sysdeps/ieee754/dbl-64/e_pow.c

Backtrace END
Memory content before bitflip:0x030x000x000x00
Fault Model: Single bit-flip
base address to flip value: 0x7fffffffd8f0
address max offset: 4
Memory content after  bitflip:0x030x080x000x00
frame name: main
symbol name: N
symbol filename: lreg.cpp
symbol line: 236
value: 2051
value address: 0x7fffffffd8f0
Type: The type is an integer type.
Type sizeof: 4

[INFO -- 2018-11-14 17:08:56]
Fault Injection Successful after 1.143547534942627s
[INFO -- 2018-11-14 17:08:58]
event type: exit
[INFO -- 2018-11-14 17:08:58]
exit code: 0
