[INFO -- 2018-10-13 16:44:49]
Starting flip_value script
version: 1.1
[INFO -- 2018-10-13 16:44:49]
Initialization strings:
[INFO -- 2018-10-13 16:44:49]
(1) file /tmp/lreg/lreg
[INFO -- 2018-10-13 16:44:49]
(2) set args /tmp/lreg/randInput /tmp/lreg/output
[INFO -- 2018-10-13 16:44:49]
initSignal:0
[INFO -- 2018-10-13 16:44:49]
endSignal:10
[INFO -- 2018-10-13 16:44:49]
faultModel:0
[INFO -- 2018-10-13 16:44:55]
Backtrace BEGIN:
#0  train (iterations=90000, N=4, stopsWhenStable=true) at lreg.cpp:161
#1  0x0000555555555dba in main (argc=3, argv=0x7fffffffde68) at lreg.cpp:225

156			i1++, i2++, i3++)
157		{
158			prevT = T; 	
159			adjust();
160			MSE = meanSquaredError();
161			if (MSE < bestMSE){
162				bestMSE = MSE;
163				bestT = T; 
164			}
165			if (equals(T, prevT) && stopsWhenStable){ // implement equals

Backtrace END
Memory content before bitflip:0x040x000x000x00
Fault Model: Single bit-flip
base address to flip value: 0x7fffffffd808
address max offset: 4
Memory content after  bitflip:0x040x000x000x02
frame name: train
symbol name: N
symbol filename: lreg.cpp
symbol line: 141
value: 33554436
value address: 0x7fffffffd808
Type: The type is an integer type.
Type sizeof: 4

[INFO -- 2018-10-13 16:44:55]
Fault Injection Successful after 6.590636968612671s
[INFO -- 2018-10-13 16:44:58]
event type: exit
[INFO -- 2018-10-13 16:44:58]
exit code: 0
