[INFO -- 2018-10-04 19:42:55]
Starting flip_value script
version: 1.1
[INFO -- 2018-10-04 19:42:55]
Initialization strings:
[INFO -- 2018-10-04 19:42:55]
(1) file /tmp/lreg/lreg
[INFO -- 2018-10-04 19:42:55]
(2) set args /tmp/lreg/randInput /tmp/lreg/output
[INFO -- 2018-10-04 19:42:55]
initSignal:0
[INFO -- 2018-10-04 19:42:55]
endSignal:10
[INFO -- 2018-10-04 19:42:55]
faultModel:0
[INFO -- 2018-10-04 19:43:00]
Backtrace BEGIN:
#0  log1 (error=<synthetic pointer>, delta=<synthetic pointer>, x=7) at ../sysdeps/ieee754/dbl-64/e_pow.c:335
#1  __ieee754_pow_sse2 (x=7, y=3) at ../sysdeps/ieee754/dbl-64/e_pow.c:103
#2  0x00007ffff76b7b14 in __pow (x=7, y=3) at w_pow_compat.c:30
#3  0x0000555555555d47 in std::pow<double, int> (__x=7, __y=3) at /usr/include/c++/7/cmath:418
#4  0x00005555555551e7 in predict (v=7) at lreg.cpp:50
#5  0x00005555555553ac in partialDerivate (pos=3) at lreg.cpp:74
#6  0x00005555555554b3 in adjust (alpha=2.2222199999999999e-05) at lreg.cpp:87
#7  0x000055555555565c in train (iterations=90000, alpha=2.2222199999999999e-05, N=4, stopsWhenStable=true) at lreg.cpp:120
#8  0x0000555555555ab7 in main (argc=3, argv=0x7fffffffde58) at lreg.cpp:174

330	../sysdeps/ieee754/dbl-64/e_pow.c: No such file or directory.

Backtrace END
Memory content before bitflip:0x030x000x000x00
Fault Model: Single bit-flip
base address to flip value: 0x7fffffffd6f4
address max offset: 4
Memory content after  bitflip:0x030x000x000x40
frame name: std::pow<double, int>
symbol name: __y
symbol filename: /usr/include/c++/7/cmath
symbol line: 415
value: 1073741827
value address: 0x7fffffffd6f4
Type: The type is an integer type.
Type sizeof: 4

[INFO -- 2018-10-04 19:43:00]
Fault Injection Successful after 5.412145614624023s
[INFO -- 2018-10-04 19:43:02]
event type: exit
[INFO -- 2018-10-04 19:43:02]
exit code: 0
