[INFO -- 2018-11-23 21:20:34]
Starting flip_value script
version: 1.1
[INFO -- 2018-11-23 21:20:34]
Initialization strings:
[INFO -- 2018-11-23 21:20:34]
(1) file /tmp/lreg/lreg
[INFO -- 2018-11-23 21:20:34]
(2) set args /tmp/lreg/randInput /tmp/lreg/output
[INFO -- 2018-11-23 21:20:34]
initSignal:0
[INFO -- 2018-11-23 21:20:34]
endSignal:3
[INFO -- 2018-11-23 21:20:34]
faultModel:1
[INFO -- 2018-11-23 21:20:35]
Backtrace BEGIN:
#0  0x00007ffff76bcb0f in __pow (x=-28, y=3) at w_pow_compat.c:30
#1  0x0000555555555d5f in std::pow<double, int> (__x=-28, __y=3) at /usr/include/c++/7/cmath:418
#2  0x0000555555555401 in partialDerivate (pos=3) at lreg.cpp:74
#3  0x00005555555554b3 in adjust (alpha=2.2222199999999999e-05) at lreg.cpp:87
#4  0x000055555555565c in train (iterations=30000, alpha=2.2222199999999999e-05, N=4, stopsWhenStable=true) at lreg.cpp:120
#5  0x0000555555555ab7 in main (argc=3, argv=0x7fffffffde58) at lreg.cpp:174

25	w_pow_compat.c: No such file or directory.

Backtrace END
Memory content before bitflip:0x100x000x000x00
Fault Model: Double bit-flip
base address to flip value: 0x7fffffffd928
address max offset: 4
Memory content after  bitflip:0x910x000x000x00
frame name: main
symbol name: sizeOfTraining
symbol filename: lreg.cpp
symbol line: 161
value: 145
value address: 0x7fffffffd928
Type: The type is an integer type.
Type sizeof: 4

[INFO -- 2018-11-23 21:20:35]
Fault Injection Successful after 1.65411376953125s
[INFO -- 2018-11-23 21:20:35]
event type: exit
[INFO -- 2018-11-23 21:20:35]
exit code: 0
