[INFO -- 2018-11-15 20:19:34]
Starting flip_value script
version: 1.1
[INFO -- 2018-11-15 20:19:34]
Initialization strings:
[INFO -- 2018-11-15 20:19:34]
(1) file /tmp/lreg/lreg
[INFO -- 2018-11-15 20:19:34]
(2) set args /tmp/lreg/randInput /tmp/lreg/output
[INFO -- 2018-11-15 20:19:34]
initSignal:0
[INFO -- 2018-11-15 20:19:34]
endSignal:5
[INFO -- 2018-11-15 20:19:34]
faultModel:0
[INFO -- 2018-11-15 20:19:36]
Backtrace BEGIN:
#0  log1 (error=<synthetic pointer>, delta=<synthetic pointer>, x=10) at ../sysdeps/ieee754/dbl-64/e_pow.c:335
#1  __ieee754_pow_sse2 (x=10, y=3) at ../sysdeps/ieee754/dbl-64/e_pow.c:103
#2  0x00007ffff76bcb14 in __pow (x=10, y=3) at w_pow_compat.c:30
#3  0x0000555555556826 in std::pow<double, unsigned int> (__x=10, __y=3) at /usr/include/c++/7/cmath:418
#4  0x0000555555555814 in predict (v=10) at lreg.cpp:116
#5  0x0000555555555a53 in partialDerivate (pos1=3, pos2=3) at lreg.cpp:142
#6  0x0000555555555bbe in adjust (alpha1=2.2222199999999999e-05, alpha2=2.2222199999999999e-05) at lreg.cpp:156
#7  0x0000555555555ee0 in train (iter1=45000, iter2=45000, N=4, alpha1=2.2222199999999999e-05, alpha2=2.2222199999999999e-05, stopsWhenStable=true) at lreg.cpp:193
#8  0x0000555555556467 in main (argc=3, argv=0x7fffffffde68) at lreg.cpp:253

330	../sysdeps/ieee754/dbl-64/e_pow.c: No such file or directory.

Backtrace END
Memory content before bitflip:0x1f0xff0x520x060x2c0xca0xd90x40
Fault Model: Single bit-flip
base address to flip value: 0x7fffffffd800
address max offset: 8
Memory content after  bitflip:0x1f0xff0x520x060x2c0xca0xd90x60
frame name: train
symbol name: bestMSE
symbol filename: lreg.cpp
symbol line: 189
value: 3.5408261485727453e+158
value address: 0x7fffffffd800
Type: A floating point type.
Type sizeof: 8

[INFO -- 2018-11-15 20:19:36]
Fault Injection Successful after 2.4810068607330322s
[INFO -- 2018-11-15 20:19:38]
event type: exit
[INFO -- 2018-11-15 20:19:38]
exit code: 0
