[INFO -- 2018-11-16 14:53:37]
Starting flip_value script
version: 1.1
[INFO -- 2018-11-16 14:53:37]
Initialization strings:
[INFO -- 2018-11-16 14:53:37]
(1) file /tmp/lreg/lreg
[INFO -- 2018-11-16 14:53:37]
(2) set args /tmp/lreg/randInput /tmp/lreg/output
[INFO -- 2018-11-16 14:53:37]
initSignal:0
[INFO -- 2018-11-16 14:53:37]
endSignal:5
[INFO -- 2018-11-16 14:53:37]
faultModel:1
[INFO -- 2018-11-16 14:53:41]
Backtrace BEGIN:
#0  std::pow<double, unsigned int> (__x=-23, __y=0) at /usr/include/c++/7/cmath:418
#1  0x0000555555555814 in predict (v=-23) at lreg.cpp:116
#2  0x0000555555555a53 in partialDerivate (pos1=1, pos2=1) at lreg.cpp:142
#3  0x0000555555555bbe in adjust (alpha1=2.2222199999999999e-05, alpha2=2.2222199999999999e-05) at lreg.cpp:156
#4  0x0000555555555ee0 in train (iter1=45000, iter2=45000, N=4, alpha1=2.2222199999999999e-05, alpha2=2.2222199999999999e-05, stopsWhenStable=true) at lreg.cpp:193
#5  0x0000555555556467 in main (argc=3, argv=0x7fffffffde58) at lreg.cpp:253

413	    inline _GLIBCXX_CONSTEXPR
414	    typename __gnu_cxx::__promote_2<_Tp, _Up>::__type
415	    pow(_Tp __x, _Up __y)
416	    {
417	      typedef typename __gnu_cxx::__promote_2<_Tp, _Up>::__type __type;
418	      return pow(__type(__x), __type(__y));
419	    }
420	
421	  using ::sin;
422	

Backtrace END
Memory content before bitflip:0x000x000x000x000x000x1a0xa70x40
Fault Model: Double bit-flip
base address to flip value: 0x7fffffffd918
address max offset: 8
Memory content after  bitflip:0x000x120x000x000x000x1a0xa70x40
frame name: main
symbol name: temp
symbol filename: lreg.cpp
symbol line: 233
value: 2957.0000000020955
value address: 0x7fffffffd918
Type: A floating point type.
Type sizeof: 8

[INFO -- 2018-11-16 14:53:41]
Fault Injection Successful after 4.162046670913696s
[INFO -- 2018-11-16 14:53:45]
event type: exit
[INFO -- 2018-11-16 14:53:45]
exit code: 0
