[INFO -- 2018-11-16 14:51:32]
Starting flip_value script
version: 1.1
[INFO -- 2018-11-16 14:51:32]
Initialization strings:
[INFO -- 2018-11-16 14:51:32]
(1) file /tmp/lreg/lreg
[INFO -- 2018-11-16 14:51:32]
(2) set args /tmp/lreg/randInput /tmp/lreg/output
[INFO -- 2018-11-16 14:51:32]
initSignal:0
[INFO -- 2018-11-16 14:51:32]
endSignal:5
[INFO -- 2018-11-16 14:51:32]
faultModel:0
[INFO -- 2018-11-16 14:51:33]
Backtrace BEGIN:
#0  verifyDoubleDup (a=1.9955631609942988, b=1.9955631609942988) at lreg.cpp:77
#1  0x00005555555557ea in predict (v=-12) at lreg.cpp:116
#2  0x0000555555555a53 in partialDerivate (pos1=2, pos2=2) at lreg.cpp:142
#3  0x0000555555555bbe in adjust (alpha1=5.0000000000000002e-05, alpha2=5.0000000000000002e-05) at lreg.cpp:156
#4  0x0000555555555ee0 in train (iter1=30000, iter2=30000, N=3, alpha1=5.0000000000000002e-05, alpha2=5.0000000000000002e-05, stopsWhenStable=true) at lreg.cpp:193
#5  0x0000555555556467 in main (argc=3, argv=0x7fffffffde58) at lreg.cpp:253

72			//gerar entrada no log
73			ofstream fp ("/tmp/lreg/detected.log", std::ofstream::app);
74			fp << "verifyDouble: a = "<<a<<"; b = "<<b<<endl;
75	        detected = 1;	
76		}	
77		return a;
78	}
79	
80	
81	void verifyChecksum(vector<double> vec){

Backtrace END
Memory content before bitflip:0x060x000x000x00
Fault Model: Single bit-flip
base address to flip value: 0x7fffffffd90c
address max offset: 4
Memory content after  bitflip:0x060x000x000x40
frame name: main
symbol name: pred2
symbol filename: lreg.cpp
symbol line: 238
value: 1073741830
value address: 0x7fffffffd90c
Type: The type is an integer type.
Type sizeof: 4

[INFO -- 2018-11-16 14:51:33]
Fault Injection Successful after 1.6264474391937256s
[INFO -- 2018-11-16 14:51:37]
event type: exit
[INFO -- 2018-11-16 14:51:37]
exit code: 0
