[INFO -- 2018-11-16 14:26:51]
Starting flip_value script
version: 1.1
[INFO -- 2018-11-16 14:26:51]
Initialization strings:
[INFO -- 2018-11-16 14:26:51]
(1) file /tmp/lreg/lreg
[INFO -- 2018-11-16 14:26:51]
(2) set args /tmp/lreg/randInput /tmp/lreg/output
[INFO -- 2018-11-16 14:26:51]
initSignal:0
[INFO -- 2018-11-16 14:26:51]
endSignal:5
[INFO -- 2018-11-16 14:26:51]
faultModel:0
[INFO -- 2018-11-16 14:26:55]
Backtrace BEGIN:
#0  __ieee754_pow_sse2 (x=16, y=3) at ../sysdeps/ieee754/dbl-64/e_pow.c:110
#1  0x00007ffff76db6be in __ieee754_pow_sse2 (x=<optimized out>, y=<optimized out>) at ../sysdeps/ieee754/dbl-64/e_pow.c:184
#2  0x00007ffff76bcb14 in __pow (x=-16, y=3) at w_pow_compat.c:30
#3  0x0000555555556826 in std::pow<double, unsigned int> (__x=-16, __y=3) at /usr/include/c++/7/cmath:418
#4  0x0000555555555ace in partialDerivate (pos1=3, pos2=3) at lreg.cpp:142
#5  0x0000555555555bbe in adjust (alpha1=2.2222199999999999e-05, alpha2=2.2222199999999999e-05) at lreg.cpp:156
#6  0x0000555555555ee0 in train (iter1=45000, iter2=45000, N=4, alpha1=2.2222199999999999e-05, alpha2=2.2222199999999999e-05, stopsWhenStable=true) at lreg.cpp:193
#7  0x0000555555556467 in main (argc=3, argv=0x7fffffffde58) at lreg.cpp:253

105	../sysdeps/ieee754/dbl-64/e_pow.c: No such file or directory.

Backtrace END
Memory content before bitflip:0xbd0x860xf10xe50xb70x330x1b0x41
Fault Model: Single bit-flip
base address to flip value: 0x7fffffffd7f8
address max offset: 8
Memory content after  bitflip:0xbd0x860xf10xe50xb70x330x190x41
frame name: train
symbol name: MSE
symbol filename: lreg.cpp
symbol line: 190
value: 412909.9745541623
value address: 0x7fffffffd7f8
Type: A floating point type.
Type sizeof: 8

[INFO -- 2018-11-16 14:26:55]
Fault Injection Successful after 4.167646169662476s
[INFO -- 2018-11-16 14:26:59]
event type: exit
[INFO -- 2018-11-16 14:26:59]
exit code: 0
