[INFO -- 2018-11-05 18:12:24]
Starting flip_value script
version: 1.1
[INFO -- 2018-11-05 18:12:24]
Initialization strings:
[INFO -- 2018-11-05 18:12:24]
(1) file /tmp/lreg/lreg
[INFO -- 2018-11-05 18:12:24]
(2) set args /tmp/lreg/randInput /tmp/lreg/output /tmp/lreg/detected.log
[INFO -- 2018-11-05 18:12:24]
initSignal:0
[INFO -- 2018-11-05 18:12:24]
endSignal:10
[INFO -- 2018-11-05 18:12:24]
faultModel:1
[INFO -- 2018-11-05 18:12:28]
Backtrace BEGIN:
#0  0x00007ffff76daa15 in __ieee754_pow_sse2 (x=<optimized out>, y=<optimized out>) at ../sysdeps/ieee754/dbl-64/e_pow.c:215
#1  0x00007ffff76bcb14 in __pow (x=4, y=1) at w_pow_compat.c:30
#2  0x0000555555556131 in std::pow<double, int> (__x=4, __y=1) at /usr/include/c++/7/cmath:418
#3  0x0000555555555237 in predict (v=4) at lreg.cpp:50
#4  0x00005555555553fc in partialDerivate (pos=2) at lreg.cpp:74
#5  0x0000555555555503 in adjust (alpha=2.2222199999999999e-05) at lreg.cpp:87
#6  0x00005555555556ac in train (iterations=45000, alpha=2.2222199999999999e-05, N=4, stopsWhenStable=true) at lreg.cpp:120
#7  0x0000555555555a1c in execute (input=0x7fffffffe1f3 "/tmp/lreg/randInput") at lreg.cpp:157
#8  0x0000555555555c60 in main (argc=4, argv=0x7fffffffde48) at lreg.cpp:191

210	../sysdeps/ieee754/dbl-64/e_pow.c: No such file or directory.

Backtrace END
Fliping value of field name: i
Fliping array at pos: 0
Memory content before bitflip:0x300x670xc70x93
Fault Model: Double bit-flip
base address to flip value: 0x7ffff779f5c0 
address max offset: 4
Memory content after  bitflip:0x300x670xc70x90
frame name: __ieee754_pow_sse2
symbol name: ln2b
symbol filename: ../sysdeps/ieee754/dbl-64/upow.h
symbol line: 51
value: {i = {-1865980112, 1026487127}, x = 5.4979229869446356e-14}
value address: 0x7ffff779f5c0 <ln2b>
Type: The type is a union.
Type sizeof: 8
Field name: i
Field Type: The type is an array.
Field Type sizeof: 8
Field name: x
Field Type: A floating point type.
Field Type sizeof: 8

[INFO -- 2018-11-05 18:12:28]
Fault Injection Successful after 4.499330282211304s
[INFO -- 2018-11-05 18:12:38]
event type: exit
[INFO -- 2018-11-05 18:12:38]
exit code: 0
