[INFO -- 2018-11-16 11:16:59]
Starting flip_value script
version: 1.1
[INFO -- 2018-11-16 11:16:59]
Initialization strings:
[INFO -- 2018-11-16 11:16:59]
(1) file /tmp/lreg/lreg
[INFO -- 2018-11-16 11:16:59]
(2) set args /tmp/lreg/randInput /tmp/lreg/output
[INFO -- 2018-11-16 11:16:59]
initSignal:0
[INFO -- 2018-11-16 11:16:59]
endSignal:5
[INFO -- 2018-11-16 11:16:59]
faultModel:2
[EXCEPTION -- 2018-11-16 11:17:00]
gdbException: Attempt to dereference a generic pointer.
[INFO -- 2018-11-16 11:17:00]
Backtrace BEGIN:
#0  0x00007ffff76bcb0f in __pow (x=16, y=1) at w_pow_compat.c:30
#1  0x0000555555556826 in std::pow<double, unsigned int> (__x=16, __y=1) at /usr/include/c++/7/cmath:418
#2  0x0000555555555814 in predict (v=16) at lreg.cpp:116
#3  0x0000555555555928 in meanSquaredError () at lreg.cpp:128
#4  0x0000555555555ee5 in train (iter1=15000, iter2=15000, N=2, alpha1=0.00020000000000000001, alpha2=0.00020000000000000001, stopsWhenStable=true) at lreg.cpp:194
#5  0x0000555555556467 in main (argc=3, argv=0x7fffffffde58) at lreg.cpp:253

25	w_pow_compat.c: No such file or directory.

Backtrace END
Fliping value of field: std::_Vector_base<double, std::allocator<double> >
Fliping value of field: _M_impl
Fliping value of field: _M_end_of_storage
Fliping a bit of the value pointed by a pointer
Memory content before bitflip:0x000x000x000x000x000x000x000x00
Fault Model: Random bit-flip
base address to flip value: 0x555555772480
address max offset: 8
Memory content after  bitflip:0x810xf30x360x990x7d0xc10xeb0xf2
frame name: predict
symbol name: x
symbol filename: lreg.cpp
symbol line: 34
value: std::vector of length 9, capacity 16 = {15, -8, 16, 2, 2, 14, 16, -5, 52}
value address: 0x55555575b140 <x>
Type: The type is a structure.
Type sizeof: 24
Field name: std::_Vector_base<double, std::allocator<double> >
Field Type: The type is a structure.
Field Type sizeof: 24

[INFO -- 2018-11-16 11:17:00]
Fault Injection Successful after 1.8506202697753906s
[INFO -- 2018-11-16 11:17:07]
event type: exit
[INFO -- 2018-11-16 11:17:07]
exit code: 0
