[INFO -- 2018-10-12 14:34:14]
Starting flip_value script
version: 1.1
[INFO -- 2018-10-12 14:34:14]
Initialization strings:
[INFO -- 2018-10-12 14:34:14]
(1) file /tmp/lreg/lreg
[INFO -- 2018-10-12 14:34:14]
(2) set args /tmp/lreg/randInput /tmp/lreg/output
[INFO -- 2018-10-12 14:34:14]
initSignal:0
[INFO -- 2018-10-12 14:34:14]
endSignal:10
[INFO -- 2018-10-12 14:34:14]
faultModel:1
[INFO -- 2018-10-12 14:34:18]
Backtrace BEGIN:
#0  0x00007ffff76b4990 in *ABS*+0x2d7c0@plt () from /lib/x86_64-linux-gnu/libm.so.6
#1  0x00007ffff76b7b14 in __pow (x=-1, y=3) at w_pow_compat.c:30
#2  0x00005555555560ba in std::pow<double, unsigned int> (__x=-1, __y=3) at /usr/include/c++/7/cmath:418
#3  0x00005555555552c2 in predict (v=-1) at lreg.cpp:77
#4  0x000055555555551d in partialDerivate (pos=3) at lreg.cpp:107
#5  0x0000555555555670 in adjust () at lreg.cpp:123
#6  0x0000555555555881 in train (iterations=90000, N=4, stopsWhenStable=true) at lreg.cpp:159
#7  0x0000555555555dba in main (argc=3, argv=0x7fffffffde68) at lreg.cpp:225

169		T = bestT;
170	}
171	
172	/*
173	It must receive an input file formated as follows:
174		1° Line : one integer T -> number of test cases
175		2° to 5° repeat to all test case	
176		2° Line : method parameters -> alpha, iterations, N, size of 
177			      training set, predictions
178		3° Line : inputs x of the training set

Backtrace END
Memory content before bitflip:0x030x000x000x00
Fault Model: Double bit-flip
base address to flip value: 0x7fffffffd71c
address max offset: 4
Memory content after  bitflip:0x030x000x180x00
frame name: predict
symbol name: i1
symbol filename: lreg.cpp
symbol line: 73
value: 1572867
value address: 0x7fffffffd71c
Type: The type is an integer type.
Type sizeof: 4

[INFO -- 2018-10-12 14:34:18]
Fault Injection Successful after 4.313565492630005s
[INFO -- 2018-10-12 14:34:24]
event type: exit
[INFO -- 2018-10-12 14:34:24]
exit code: 0
