[INFO -- 2018-10-12 16:41:34]
Starting flip_value script
version: 1.1
[INFO -- 2018-10-12 16:41:34]
Initialization strings:
[INFO -- 2018-10-12 16:41:34]
(1) file /tmp/lreg/lreg
[INFO -- 2018-10-12 16:41:34]
(2) set args /tmp/lreg/randInput /tmp/lreg/output
[INFO -- 2018-10-12 16:41:34]
initSignal:0
[INFO -- 2018-10-12 16:41:34]
endSignal:10
[INFO -- 2018-10-12 16:41:34]
faultModel:0
[INFO -- 2018-10-12 16:41:37]
Backtrace BEGIN:
#0  0x00005555555560c9 in std::pow<double, unsigned int> (__x=-32, __y=2) at /usr/include/c++/7/cmath:419
#1  0x00005555555552c2 in predict (v=-32) at lreg.cpp:77
#2  0x000055555555551d in partialDerivate (pos=1) at lreg.cpp:107
#3  0x0000555555555670 in adjust () at lreg.cpp:123
#4  0x0000555555555881 in train (iterations=90000, N=4, stopsWhenStable=true) at lreg.cpp:159
#5  0x0000555555555dba in main (argc=3, argv=0x7fffffffde68) at lreg.cpp:225

414	    typename __gnu_cxx::__promote_2<_Tp, _Up>::__type
415	    pow(_Tp __x, _Up __y)
416	    {
417	      typedef typename __gnu_cxx::__promote_2<_Tp, _Up>::__type __type;
418	      return pow(__type(__x), __type(__y));
419	    }
420	
421	  using ::sin;
422	
423	#ifndef __CORRECT_ISO_CPP_MATH_H_PROTO

Backtrace END
Memory content before bitflip:0x020x000x000x00
Fault Model: Single bit-flip
base address to flip value: 0x7fffffffd920
address max offset: 4
Memory content after  bitflip:0x020x000x100x00
frame name: main
symbol name: i1
symbol filename: lreg.cpp
symbol line: 198
value: 1048578
value address: 0x7fffffffd920
Type: The type is an integer type.
Type sizeof: 4

[INFO -- 2018-10-12 16:41:37]
Fault Injection Successful after 3.8095805644989014s
[INFO -- 2018-10-12 16:41:44]
event type: exit
[INFO -- 2018-10-12 16:41:44]
exit code: 0
