[INFO -- 2018-11-26 17:26:56]
Starting flip_value script
version: 1.1
[INFO -- 2018-11-26 17:26:56]
Initialization strings:
[INFO -- 2018-11-26 17:26:56]
(1) file /tmp/lreg/lreg
[INFO -- 2018-11-26 17:26:56]
(2) set args /tmp/lreg/randInput /tmp/lreg/output
[INFO -- 2018-11-26 17:26:56]
initSignal:0
[INFO -- 2018-11-26 17:26:56]
endSignal:3
[INFO -- 2018-11-26 17:26:56]
faultModel:2
[EXCEPTION -- 2018-11-26 17:26:58]
gdbException: Attempt to dereference a generic pointer.
[INFO -- 2018-11-26 17:26:59]
Backtrace BEGIN:
#0  0x00005555555557ab in predict (v=-9) at lreg.cpp:116
#1  0x0000555555555928 in meanSquaredError () at lreg.cpp:128
#2  0x0000555555555ee5 in train (iter1=30000, iter2=30000, N=4, alpha1=2.2222199999999999e-05, alpha2=2.2222199999999999e-05, stopsWhenStable=true) at lreg.cpp:194
#3  0x0000555555556467 in main (argc=3, argv=0x7fffffffde58) at lreg.cpp:253

111	*/
112	double predict(double v){
113		double val = 0;
114		
115		for(UINT i1 = 0, i2 = 0; verifyUintDup(i1, i2)<T1.size(); i1++, i2++){
116			val+= (verifyDoubleDup(T1[verifyUintDup(i1, i2)], T2[verifyUintDup(i1, i2)]) * pow(v, verifyUintDup(i1, i2)));
117		}
118		return val;
119		
120	}

Backtrace END
Fliping value of field: std::_Vector_base<double, std::allocator<double> >
Fliping value of field: _M_impl
Fliping value of field: _M_finish
Fliping a bit of the pointer
Memory content before bitflip:0x500x280x770x550x550x550x000x00
Fault Model: Random bit-flip
base address to flip value: 0x55555575b1a8 
address max offset: 8
Memory content after  bitflip:0xb10x170x6b0xf70x190xfc0x000xec
frame name: train
symbol name: T2
symbol filename: lreg.cpp
symbol line: 37
value: std::vector of length -180121064662204943, capacity 4 = {-0.073403727158158696, -0.18466001769523463, -1.9387038931360134, -3.971410210597845, 0, 2.4209216646221081e-322, -0.073686930721954591, -0.1873607099261474, -1.9481332371199076, -4.0460305093096212, 0, 2.4209216646221081e-322, -0.073686930721954591, -0.1873607099261474, -1.9481332371199076, -4.0460305093096212, 0, 2.4209216646221081e-322, 4.6355706480840404e-310, -0.18455521638128078, -1.9387028249738147, -3.9714103692436562, 0, 2.4209216646221081e-322, 0, -0.1873607099261474, -1.9481332371199076, -4.0460305093096212, 0, 2.1114883506317354e-319, 0, 0, 0, 0, 0, 0, 0, 0, 0, 0, 0, 0, 0, 0, 0, 0, 0, 0, 0, 0, 0, 0, 0, 0, 0, 0, 0, 0, 0, 0, 0, 0, 0, 0, 0, 0, 0, 0, 0, 0, 0, 0, 0, 0, 0, 0, 0, 0, 0, 0, 0, 0, 0, 0, 0, 0, 0, 0, 0, 0, 0, 0, 0, 0, 0, 0, 0, 0, 0, 0, 0, 0, 0, 0, 0, 0, 0, 0, 0, 0, 0, 0, 0, 0, 0, 0, 0, 0, 0, 0, 0, 0, 0, 0, 0, 0, 0, 0, 0, 0, 0, 0, 0, 0, 0, 0, 0, 0, 0, 0, 0, 0, 0, 0, 0, 0, 0, 0, 0, 0, 0, 0, 0, 0, 0, 0, 0, 0, 0, 0, 0, 0, 0, 0, 0, 0, 0, 0, 0, 0, 0, 0, 0, 0, 0, 0, 0, 0, 0, 0, 0, 0, 0, 0, 0, 0, 0, 0, 0, 0, 0, 0, 0, 0, 0, 0, 0, 0, 0, 0...}
value address: 0x55555575b1a0 <T2>
Type: The type is a structure.
Type sizeof: 24
Field name: std::_Vector_base<double, std::allocator<double> >
Field Type: The type is a structure.
Field Type sizeof: 24

[INFO -- 2018-11-26 17:26:59]
Fault Injection Successful after 3.7242345809936523s
[INFO -- 2018-11-26 17:27:03]
event type: exit
[INFO -- 2018-11-26 17:27:03]
exit code: 0
