[INFO -- 2018-11-27 17:39:54]
Starting flip_value script
version: 1.1
[INFO -- 2018-11-27 17:39:54]
Initialization strings:
[INFO -- 2018-11-27 17:39:54]
(1) file /tmp/lreg/lreg
[INFO -- 2018-11-27 17:39:54]
(2) set args /tmp/lreg/randInput /tmp/lreg/output
[INFO -- 2018-11-27 17:39:54]
initSignal:0
[INFO -- 2018-11-27 17:39:54]
endSignal:3
[INFO -- 2018-11-27 17:39:54]
faultModel:2
[INFO -- 2018-11-27 17:39:55]
Backtrace BEGIN:
#0  0x000055555555581e in predict (v=6) at lreg.cpp:116
#1  0x0000555555555928 in meanSquaredError () at lreg.cpp:128
#2  0x0000555555555ee5 in train (iter1=20000, iter2=20000, N=3, alpha1=5.0000000000000002e-05, alpha2=5.0000000000000002e-05, stopsWhenStable=true) at lreg.cpp:194
#3  0x0000555555556467 in main (argc=3, argv=0x7fffffffde58) at lreg.cpp:253

111	*/
112	double predict(double v){
113		double val = 0;
114		
115		for(UINT i1 = 0, i2 = 0; verifyUintDup(i1, i2)<T1.size(); i1++, i2++){
116			val+= (verifyDoubleDup(T1[verifyUintDup(i1, i2)], T2[verifyUintDup(i1, i2)]) * pow(v, verifyUintDup(i1, i2)));
117		}
118		return val;
119		
120	}

Backtrace END
Fliping value of field: std::_Vector_base<double, std::allocator<double> >
Fliping value of field: _M_impl
Fliping value of field: _M_end_of_storage
Fliping a bit of the pointer
Memory content before bitflip:0x380x250x770x550x550x550x000x00
Fault Model: Random bit-flip
base address to flip value: 0x55555575b190 
address max offset: 8
Memory content after  bitflip:0xd90x610x1f0x970x020xfa0x420x29
frame name: meanSquaredError
symbol name: T1
symbol filename: lreg.cpp
symbol line: 36
value: std::vector of length 3, capacity 371639971006973847 = {1.6644926615810955, -0.020028299388881909, -2.9941748081997304}
value address: 0x55555575b180 <T1>
Type: The type is a structure.
Type sizeof: 24
Field name: std::_Vector_base<double, std::allocator<double> >
Field Type: The type is a structure.
Field Type sizeof: 24

[INFO -- 2018-11-27 17:39:55]
Fault Injection Successful after 1.4966485500335693s
[INFO -- 2018-11-27 17:39:56]
event type: exit
[INFO -- 2018-11-27 17:39:56]
exit code: 0
