[INFO -- 2018-10-13 10:40:08]
Starting flip_value script
version: 1.1
[INFO -- 2018-10-13 10:40:08]
Initialization strings:
[INFO -- 2018-10-13 10:40:08]
(1) file /tmp/lreg/lreg
[INFO -- 2018-10-13 10:40:08]
(2) set args /tmp/lreg/randInput /tmp/lreg/output
[INFO -- 2018-10-13 10:40:08]
initSignal:0
[INFO -- 2018-10-13 10:40:08]
endSignal:10
[INFO -- 2018-10-13 10:40:08]
faultModel:2
[INFO -- 2018-10-13 10:40:08]
Backtrace BEGIN:
#0  __pow (x=1, y=0) at w_pow_compat.c:30
#1  0x00005555555560ba in std::pow<double, unsigned int> (__x=1, __y=0) at /usr/include/c++/7/cmath:418
#2  0x00005555555552c2 in predict (v=1) at lreg.cpp:77
#3  0x000055555555551d in partialDerivate (pos=0) at lreg.cpp:107
#4  0x0000555555555670 in adjust () at lreg.cpp:123
#5  0x0000555555555881 in train (iterations=30000, N=2, stopsWhenStable=true) at lreg.cpp:159
#6  0x0000555555555dba in main (argc=3, argv=0x7fffffffde68) at lreg.cpp:225

25	w_pow_compat.c: No such file or directory.

Backtrace END
Memory content before bitflip:0x000x000x000x00
Fault Model: Random bit-flip
base address to flip value: 0x7fffffffd6d4
address max offset: 4
Memory content after  bitflip:0x3d0x150x930xe7
frame name: std::pow<double, unsigned int>
symbol name: __y
symbol filename: /usr/include/c++/7/cmath
symbol line: 415
value: 3885176125
value address: 0x7fffffffd6d4
Type: The type is an integer type.
Type sizeof: 4

[INFO -- 2018-10-13 10:40:08]
Fault Injection Successful after 0.8683178424835205s
[INFO -- 2018-10-13 10:40:18]
event type: exit
[INFO -- 2018-10-13 10:40:18]
exit code: 0
