[INFO -- 2018-11-13 18:21:06]
Starting flip_value script
version: 1.1
[INFO -- 2018-11-13 18:21:06]
Initialization strings:
[INFO -- 2018-11-13 18:21:06]
(1) file /tmp/lreg/lreg
[INFO -- 2018-11-13 18:21:06]
(2) set args /tmp/lreg/randInput /tmp/lreg/output
[INFO -- 2018-11-13 18:21:06]
initSignal:0
[INFO -- 2018-11-13 18:21:06]
endSignal:5
[INFO -- 2018-11-13 18:21:06]
faultModel:1
[INFO -- 2018-11-13 18:21:07]
Backtrace BEGIN:
#0  0x0000555555555218 in verifyUintDup (a=1, b=1) at lreg.cpp:69
#1  0x000055555555579a in predict (v=10) at lreg.cpp:116
#2  0x0000555555555928 in meanSquaredError () at lreg.cpp:128
#3  0x0000555555555ee5 in train (iter1=15000, iter2=15000, N=2, alpha1=0.00020000000000000001, alpha2=0.00020000000000000001, stopsWhenStable=true) at lreg.cpp:194
#4  0x0000555555556467 in main (argc=3, argv=0x7fffffffde58) at lreg.cpp:253

64			ofstream fp ("/tmp/lreg/detected.log", std::ofstream::app);
65			fp << "verifyUint: a = "<<a<<"; b = "<<b<<endl;
66	        detected = 1;	
67		}
68		return a;
69	}
70	double verifyDoubleDup(double a, double b){
71		if (a != b && detected != 1){
72			//gerar entrada no log
73			ofstream fp ("/tmp/lreg/detected.log", std::ofstream::app);

Backtrace END
Fliping value of field: std::_Vector_base<double, std::allocator<double> >
Fliping value of field: _M_impl
Fliping value of field: _M_finish
Fliping a bit of the value pointed by a pointer
Memory content before bitflip:0x000x000x000x000x000x000x000x00
Fault Model: Double bit-flip
base address to flip value: 0x555555772370
address max offset: 8
Memory content after  bitflip:0x060x000x000x000x000x000x000x00
frame name: main
symbol name: T2
symbol filename: lreg.cpp
symbol line: 37
value: std::vector of length 2, capacity 2 = {0.26975187523523703, -0.90681283236318988}
value address: 0x55555575b1a0 <T2>
Type: The type is a structure.
Type sizeof: 24
Field name: std::_Vector_base<double, std::allocator<double> >
Field Type: The type is a structure.
Field Type sizeof: 24

[INFO -- 2018-11-13 18:21:07]
Fault Injection Successful after 1.667128562927246s
[INFO -- 2018-11-13 18:21:13]
event type: exit
[INFO -- 2018-11-13 18:21:13]
exit code: 0
