[INFO -- 2018-09-15 18:30:16]
Starting flip_value script
version: 1.1
[INFO -- 2018-09-15 18:30:16]
Initialization strings:
[INFO -- 2018-09-15 18:30:16]
(1) file /tmp/lreg/lreg
[INFO -- 2018-09-15 18:30:16]
(2) set args /tmp/lreg/randInput /tmp/lreg/output
[INFO -- 2018-09-15 18:30:16]
initSignal:0
[INFO -- 2018-09-15 18:30:16]
endSignal:2
[INFO -- 2018-09-15 18:30:16]
faultModel:2
[INFO -- 2018-09-15 18:30:18]
Backtrace BEGIN:
#0  std::vector<double, std::allocator<double> >::size (this=0x55555575a140 <x>) at /usr/include/c++/7/bits/stl_vector.h:671
#1  0x0000555555555479 in partialDerivate (pos=0) at lreg.cpp:76
#2  0x0000555555555503 in adjust (alpha=2.2222199999999999e-05) at lreg.cpp:87
#3  0x00005555555556ac in train (iterations=90000, alpha=2.2222199999999999e-05, N=4, stopsWhenStable=true) at lreg.cpp:120
#4  0x0000555555555c26 in main (argc=3, argv=0x7fffffffde68) at lreg.cpp:182

666	
667	      // [23.2.4.2] capacity
668	      /**  Returns the number of elements in the %vector.  */
669	      size_type
670	      size() const _GLIBCXX_NOEXCEPT
671	      { return size_type(this->_M_impl._M_finish - this->_M_impl._M_start); }
672	
673	      /**  Returns the size() of the largest possible %vector.  */
674	      size_type
675	      max_size() const _GLIBCXX_NOEXCEPT

Backtrace END
Memory content before bitflip:0x900x5f0x010x00
Fault Model: Random bit-flip
base address to flip value: 0x7fffffffd930
address max offset: 4
Memory content after  bitflip:0xfa0x050x5d0x7c
frame name: main
symbol name: iterations
symbol filename: lreg.cpp
symbol line: 169
value: 2086471162
value address: 0x7fffffffd930
Type: The type is an integer type.
Type sizeof: 4

[INFO -- 2018-09-15 18:30:18]
Fault Injection Successful after 2.38427734375s
[INFO -- 2018-09-15 18:30:23]
event type: exit
[INFO -- 2018-09-15 18:30:23]
exit code: 0
