[INFO -- 2018-10-01 20:58:22]
Starting flip_value script
version: 1.1
[INFO -- 2018-10-01 20:58:22]
Initialization strings:
[INFO -- 2018-10-01 20:58:22]
(1) file /tmp/lreg/lreg
[INFO -- 2018-10-01 20:58:22]
(2) set args /tmp/lreg/randInput /tmp/lreg/output
[INFO -- 2018-10-01 20:58:22]
initSignal:0
[INFO -- 2018-10-01 20:58:22]
endSignal:10
[INFO -- 2018-10-01 20:58:22]
faultModel:2
[INFO -- 2018-10-01 20:58:23]
Backtrace BEGIN:
#0  0x00005555555551f1 in predict (v=12) at lreg.cpp:50
#1  0x00005555555553ac in partialDerivate (pos=1) at lreg.cpp:74
#2  0x00005555555554b3 in adjust (alpha=2.2222199999999999e-05) at lreg.cpp:87
#3  0x000055555555565c in train (iterations=90000, alpha=2.2222199999999999e-05, N=4, stopsWhenStable=true) at lreg.cpp:120
#4  0x0000555555555ab7 in main (argc=3, argv=0x7fffffffde58) at lreg.cpp:174

45		Predicts the value related to v using the Ts variables
46	*/
47	double predict(double v){
48		double val = 0;
49		for(int i = 0; i<T.size(); i++){
50			val+= (T[i] * pow(v, i));
51		}
52		return val;
53		
54	}

Backtrace END
Fliping value of field: std::_Vector_base<double, std::allocator<double> >
Fliping value of field: _M_impl
Fliping value of field: _M_finish
Fliping a bit of the pointer
Memory content before bitflip:0x900x1a0x770x550x550x550x000x00
Fault Model: Random bit-flip
base address to flip value: 0x55555575a168 
address max offset: 8
Memory content after  bitflip:0xca0xcd0x760xeb0xa80x260x0e0x34
frame name: predict
symbol name: y
symbol filename: lreg.cpp
symbol line: 33
value: std::vector of length 468860527699818123, capacity 64 = {-5, 4, -12, -14, -13, -12, -2, 6, -482, -2114, -1762, -2114, -98, -62, -142, -898, -1442, -2302, -194, -1934, 41093, -376, -4, -29431, 93671, 10328, -41101, -4351, -82876, 146243, 731, -41101, -118021, -196516, 105374, 38, 0, 0, 0, 0, 0, 0, 0, 0, 0, 0, 0, 0, 0, 0, 0, 0, 0, 0, 0, 0, 0, 0, 0, 0, 0, 0, 0, 0, 0, 2.4209216646221081e-322, -3.7120751815830886, -39.994596214468984, -8.6883237204579782, 4.7563418215218798, 0, 2.4209216646221081e-322, -3.7120751815830886, -39.994596214468984, -8.6883237204579782, 4.7563418215218798, 0, 2.4209216646221081e-322, 4.6355706479211964e-310, -39.985606218757994, -8.6914020588906631, 4.8076798280270623, 0, 2.4209216646221081e-322, 0, -39.994596214468984, -8.6883237204579782, 4.7563418215218798, 0, 2.0719630989644356e-319, 0, 0, 0, 0, 0, 0, 0, 0, 0, 0, 0, 0, 0, 0, 0, 0, 0, 0, 0, 0, 0, 0, 0, 0, 0, 0, 0, 0, 0, 0, 0, 0, 0, 0, 0, 0, 0, 0, 0, 0, 0, 0, 0, 0, 0, 0, 0, 0, 0, 0, 0, 0, 0, 0, 0, 0, 0, 0, 0, 0, 0, 0, 0, 0, 0, 0, 0, 0, 0, 0, 0, 0, 0, 0, 0, 0, 0, 0, 0, 0, 0, 0, 0, 0, 0, 0, 0, 0, 0, 0, 0, 0, 0, 0, 0, 0, 0, 0, 0, 0, 0, 0, 0, 0, 0, 0, 0, 0, 0, 0...}
value address: 0x55555575a160 <y>
Type: The type is a structure.
Type sizeof: 24
Field name: std::_Vector_base<double, std::allocator<double> >
Field Type: The type is a structure.
Field Type sizeof: 24

[INFO -- 2018-10-01 20:58:23]
Fault Injection Successful after 1.9141302108764648s
[INFO -- 2018-10-01 20:58:29]
event type: exit
[INFO -- 2018-10-01 20:58:29]
exit code: 0
