[INFO -- 2018-11-25 17:55:10]
Starting flip_value script
version: 1.1
[INFO -- 2018-11-25 17:55:10]
Initialization strings:
[INFO -- 2018-11-25 17:55:10]
(1) file /tmp/lreg/lreg
[INFO -- 2018-11-25 17:55:10]
(2) set args /tmp/lreg/randInput /tmp/lreg/output /tmp/lreg/detected.log
[INFO -- 2018-11-25 17:55:10]
initSignal:0
[INFO -- 2018-11-25 17:55:10]
endSignal:6
[INFO -- 2018-11-25 17:55:10]
faultModel:0
[INFO -- 2018-11-25 17:55:12]
Backtrace BEGIN:
#0  0x00007ffff76bcb0f in __pow (x=-4, y=2) at w_pow_compat.c:30
#1  0x000055555555621b in std::pow<double, int> (__x=-4, __y=2) at /usr/include/c++/7/cmath:418
#2  0x0000555555555237 in predict (v=-4) at lreg.cpp:50
#3  0x00005555555553fc in partialDerivate (pos=2) at lreg.cpp:74
#4  0x0000555555555503 in adjust (alpha=5.0000000000000002e-05) at lreg.cpp:87
#5  0x00005555555556ac in train (iterations=20000, alpha=5.0000000000000002e-05, N=3, stopsWhenStable=true) at lreg.cpp:120
#6  0x0000555555555a1c in execute (input=0x7fffffffe1f1 "/tmp/lreg/randInput") at lreg.cpp:157
#7  0x0000555555555cb0 in main (argc=4, argv=0x7fffffffde48) at lreg.cpp:196

25	w_pow_compat.c: No such file or directory.

Backtrace END
Memory content before bitflip:0x2d0x430x1c0xeb0xe20x360x0a0x3f
Fault Model: Single bit-flip
base address to flip value: 0x7fffffffd560
address max offset: 8
Memory content after  bitflip:0x2d0x430x0c0xeb0xe20x360x0a0x3f
frame name: train
symbol name: alpha
symbol filename: lreg.cpp
symbol line: 105
value: 4.9999999992894575e-05
value address: 0x7fffffffd560
Type: A floating point type.
Type sizeof: 8

[INFO -- 2018-11-25 17:55:12]
Fault Injection Successful after 2.803668260574341s
[INFO -- 2018-11-25 17:55:13]
event type: exit
[INFO -- 2018-11-25 17:55:13]
exit code: 0
