[INFO -- 2018-11-23 22:04:40]
Starting flip_value script
version: 1.1
[INFO -- 2018-11-23 22:04:40]
Initialization strings:
[INFO -- 2018-11-23 22:04:40]
(1) file /tmp/lreg/lreg
[INFO -- 2018-11-23 22:04:40]
(2) set args /tmp/lreg/randInput /tmp/lreg/output
[INFO -- 2018-11-23 22:04:40]
initSignal:0
[INFO -- 2018-11-23 22:04:40]
endSignal:3
[INFO -- 2018-11-23 22:04:40]
faultModel:2
[INFO -- 2018-11-23 22:04:40]
Backtrace BEGIN:
#0  0x00007ffff76bcb47 in __pow (x=-1, y=1) at w_pow_compat.c:55
#1  0x0000555555555d5f in std::pow<double, int> (__x=-1, __y=1) at /usr/include/c++/7/cmath:418
#2  0x0000555555555401 in partialDerivate (pos=1) at lreg.cpp:74
#3  0x00005555555554b3 in adjust (alpha=5.0000000000000002e-05) at lreg.cpp:87
#4  0x000055555555565c in train (iterations=20000, alpha=5.0000000000000002e-05, N=3, stopsWhenStable=true) at lreg.cpp:120
#5  0x0000555555555ab7 in main (argc=3, argv=0x7fffffffde58) at lreg.cpp:174

50	w_pow_compat.c: No such file or directory.

Backtrace END
Memory content before bitflip:0x000x000x000x000x000x000xf00x3f
Fault Model: Random bit-flip
base address to flip value: 0x7fffffffd718
address max offset: 8
Memory content after  bitflip:0x540xce0x3d0x360x1f0x3a0xd50x60
frame name: __pow
symbol name: y
symbol filename: w_pow_compat.c
symbol line: 28
value: 2.9143865196054488e+158
value address: 0x7fffffffd718
Type: A floating point type.
Type sizeof: 8

[INFO -- 2018-11-23 22:04:40]
Fault Injection Successful after 0.7909560203552246s
[INFO -- 2018-11-23 22:04:41]
event type: exit
[INFO -- 2018-11-23 22:04:41]
exit code: 0
