[INFO -- 2018-11-04 19:34:58]
Starting flip_value script
version: 1.1
[INFO -- 2018-11-04 19:34:58]
Initialization strings:
[INFO -- 2018-11-04 19:34:58]
(1) file /tmp/lreg/lreg
[INFO -- 2018-11-04 19:34:58]
(2) set args /tmp/lreg/randInput /tmp/lreg/output /tmp/lreg/detected.log
[INFO -- 2018-11-04 19:34:58]
initSignal:0
[INFO -- 2018-11-04 19:34:58]
endSignal:10
[INFO -- 2018-11-04 19:34:58]
faultModel:1
[INFO -- 2018-11-04 19:35:03]
Backtrace BEGIN:
#0  0x000055555555541e in partialDerivate (pos=1) at lreg.cpp:74
#1  0x0000555555555503 in adjust (alpha=2.2222199999999999e-05) at lreg.cpp:87
#2  0x00005555555556ac in train (iterations=45000, alpha=2.2222199999999999e-05, N=4, stopsWhenStable=true) at lreg.cpp:120
#3  0x0000555555555a1c in execute (input=0x7fffffffe1f1 "/tmp/lreg/randInput") at lreg.cpp:157
#4  0x0000555555555c98 in main (argc=4, argv=0x7fffffffde48) at lreg.cpp:194

69		to the adjustment variable whose position in T is passed in pos
70	*/
71	double partialDerivate(int pos){
72		double pD = 0;
73		for(int i = 0; i<x.size(); i++){
74			pD += ((predict(x[i]) - y[i])*pow(x[i], pos));	
75		}
76		pD *= (2.0/x.size());
77		return pD;
78	}

Backtrace END
Fliping value of field: std::_Vector_base<double, std::allocator<double> >
Fliping value of field: _M_impl
Fliping value of field: _M_end_of_storage
Fliping a bit of the pointer
Memory content before bitflip:0x700x2b0x770x550x550x550x000x00
Fault Model: Double bit-flip
base address to flip value: 0x55555575b170 
address max offset: 8
Memory content after  bitflip:0x700x3f0x770x550x550x550x000x00
frame name: train
symbol name: y
symbol filename: lreg.cpp
symbol line: 33
value: std::vector of length 36, capacity 704 = {17, 3, -27, -23, -31, -1, -19, 27, 1130, 467, 408, 1130, 863, 5, 255, 107, 30, 68, 302, 8, -30465, 25185, -104506, 5, -44970, 4350, -13850, -11499, -22775, 54735, 75666, -86454, 54735, 38070, 18455, 755}
value address: 0x55555575b160 <y>
Type: The type is a structure.
Type sizeof: 24
Field name: std::_Vector_base<double, std::allocator<double> >
Field Type: The type is a structure.
Field Type sizeof: 24

[INFO -- 2018-11-04 19:35:03]
Fault Injection Successful after 5.972825527191162s
[INFO -- 2018-11-04 19:35:06]
event type: exit
[INFO -- 2018-11-04 19:35:06]
exit code: 0
