[INFO -- 2018-11-01 22:45:56]
Starting flip_value script
version: 1.1
[INFO -- 2018-11-01 22:45:56]
Initialization strings:
[INFO -- 2018-11-01 22:45:56]
(1) file /tmp/lreg/lreg
[INFO -- 2018-11-01 22:45:56]
(2) set args /tmp/lreg/randInput /tmp/lreg/output /tmp/lreg/detected.log
[INFO -- 2018-11-01 22:45:56]
initSignal:0
[INFO -- 2018-11-01 22:45:56]
endSignal:20
[INFO -- 2018-11-01 22:45:56]
faultModel:2
[INFO -- 2018-11-01 22:46:08]
Backtrace BEGIN:
#0  0x00005555555560ea in std::vector<double, std::allocator<double> >::operator[] (this=0x55555575b160 <y>, __n=7) at /usr/include/c++/7/bits/stl_vector.h:795
#1  0x00005555555552f9 in meanSquaredError () at lreg.cpp:61
#2  0x00005555555556b1 in train (iterations=60000, alpha=2.2222199999999999e-05, N=4, stopsWhenStable=true) at lreg.cpp:121
#3  0x0000555555555a1c in execute (input=0x7fffffffe1f3 "/tmp/lreg/randInput") at lreg.cpp:157
#4  0x0000555555555c98 in main (argc=4, argv=0x7fffffffde48) at lreg.cpp:194

790	       *  Note that data access with this operator is unchecked and
791	       *  out_of_range lookups are not defined. (For checked lookups
792	       *  see at().)
793	       */
794	      reference
795	      operator[](size_type __n) _GLIBCXX_NOEXCEPT
796	      {
797		__glibcxx_requires_subscript(__n);
798		return *(this->_M_impl._M_start + __n);
799	      }

Backtrace END
Fliping value of field: std::_Vector_base<double, std::allocator<double> >
Fliping value of field: _M_impl
Fliping value of field: _M_end_of_storage
Fliping a bit of the pointer
Memory content before bitflip:0x600x290x770x550x550x550x000x00
Fault Model: Random bit-flip
base address to flip value: 0x55555575b150 
address max offset: 8
Memory content after  bitflip:0x950xe10x400x190x640x150x550x0c
frame name: std::vector<double, std::allocator<double> >::operator[]
symbol name: x
symbol filename: lreg.cpp
symbol line: 32
value: std::vector of length 36, capacity 111068274518210374 = {11, 6, -3, 9, -7, 1, -12, -1, 4, 12, -1, -14, 1, -9, 24, -15, -24, 20, 5, -11, -28, 1, -5, -25, 26, 26, -10, -2, -13, 20, -2, 26, -11, 2, 21, 28}
value address: 0x55555575b140 <x>
Type: The type is a structure.
Type sizeof: 24
Field name: std::_Vector_base<double, std::allocator<double> >
Field Type: The type is a structure.
Field Type sizeof: 24

[INFO -- 2018-11-01 22:46:08]
Fault Injection Successful after 12.726191282272339s
[INFO -- 2018-11-01 22:46:10]
event type: exit
[INFO -- 2018-11-01 22:46:10]
exit code: 0
