[INFO -- 2018-11-09 14:35:20]
Starting flip_value script
version: 1.1
[INFO -- 2018-11-09 14:35:20]
Initialization strings:
[INFO -- 2018-11-09 14:35:20]
(1) file /tmp/lreg/lreg
[INFO -- 2018-11-09 14:35:20]
(2) set args /tmp/lreg/randInput /tmp/lreg/output /tmp/lreg/detected.log
[INFO -- 2018-11-09 14:35:20]
initSignal:0
[INFO -- 2018-11-09 14:35:20]
endSignal:10
[INFO -- 2018-11-09 14:35:20]
faultModel:1
[EXCEPTION -- 2018-11-09 14:35:25]
pythonException: Unable to exit loop in struct fields; Exiting wihtout making a bit flip
[EXCEPTION -- 2018-11-09 14:35:26]
pythonException: Unable to exit loop in struct fields; Exiting wihtout making a bit flip
[INFO -- 2018-11-09 14:35:26]
Backtrace BEGIN:
#0  predict (v=-17) at lreg.cpp:49
#1  0x00005555555552ba in meanSquaredError () at lreg.cpp:61
#2  0x00005555555556b1 in train (iterations=45000, alpha=2.2222199999999999e-05, N=4, stopsWhenStable=true) at lreg.cpp:121
#3  0x0000555555555a1c in execute (input=0x7fffffffe1f3 "/tmp/lreg/randInput") at lreg.cpp:157
#4  0x0000555555555c60 in main (argc=4, argv=0x7fffffffde48) at lreg.cpp:191

44	/**
45		Predicts the value related to v using the Ts variables
46	*/
47	double predict(double v){
48		double val = 0;
49		for(int i = 0; i<T.size(); i++){
50			val+= (T[i] * pow(v, i));
51		}
52		return val;
53		

Backtrace END
Memory content before bitflip:0x000x000x000x000x000x400x660xc0
Fault Model: Double bit-flip
base address to flip value: 0x7fffffffd690
address max offset: 8
Memory content after  bitflip:0x000x000x000x000x030x400x660xc0
frame name: execute
symbol name: temp
symbol filename: lreg.cpp
symbol line: 143
value: -178.0003662109375
value address: 0x7fffffffd690
Type: A floating point type.
Type sizeof: 8

[INFO -- 2018-11-09 14:35:26]
Fault Injection Successful after 6.774094820022583s
[INFO -- 2018-11-09 14:35:32]
event type: exit
[INFO -- 2018-11-09 14:35:32]
exit code: 0
