[INFO -- 2018-11-22 17:44:52]
Starting flip_value script
version: 1.1
[INFO -- 2018-11-22 17:44:52]
Initialization strings:
[INFO -- 2018-11-22 17:44:53]
(1) file /tmp/lreg/lreg
[INFO -- 2018-11-22 17:44:53]
(2) set args /tmp/lreg/randInput /tmp/lreg/output
[INFO -- 2018-11-22 17:44:53]
initSignal:0
[INFO -- 2018-11-22 17:44:53]
endSignal:3
[INFO -- 2018-11-22 17:44:53]
faultModel:2
[EXCEPTION -- 2018-11-22 17:44:54]
pythonException: Unable to exit loop in struct fields; Exiting wihtout making a bit flip
[INFO -- 2018-11-22 17:44:54]
Backtrace BEGIN:
#0  0x00007ffff76bcb0f in __pow (x=-1, y=0) at w_pow_compat.c:30
#1  0x0000555555555d5f in std::pow<double, int> (__x=-1, __y=0) at /usr/include/c++/7/cmath:418
#2  0x00005555555551e7 in predict (v=-1) at lreg.cpp:50
#3  0x00005555555553ac in partialDerivate (pos=2) at lreg.cpp:74
#4  0x00005555555554b3 in adjust (alpha=5.0000000000000002e-05) at lreg.cpp:87
#5  0x000055555555565c in train (iterations=20000, alpha=5.0000000000000002e-05, N=3, stopsWhenStable=true) at lreg.cpp:120
#6  0x0000555555555ab7 in main (argc=3, argv=0x7fffffffde58) at lreg.cpp:174

25	in w_pow_compat.c

Backtrace END
Memory content before bitflip:0x000x000x000x000x000x000x000x00
Fault Model: Random bit-flip
base address to flip value: 0x7fffffffd738
address max offset: 8
Memory content after  bitflip:0xff0x810x580xc00x1b0x220x7f0x36
frame name: predict
symbol name: val
symbol filename: lreg.cpp
symbol line: 48
value: 3.4083559163285254e-46
value address: 0x7fffffffd738
Type: A floating point type.
Type sizeof: 8

[INFO -- 2018-11-22 17:44:54]
Fault Injection Successful after 1.9214110374450684s
[INFO -- 2018-11-22 17:44:57]
event type: exit
[INFO -- 2018-11-22 17:44:57]
exit code: 0
