[INFO -- 2018-11-23 19:45:43]
Starting flip_value script
version: 1.1
[INFO -- 2018-11-23 19:45:43]
Initialization strings:
[INFO -- 2018-11-23 19:45:43]
(1) file /tmp/lreg/lreg
[INFO -- 2018-11-23 19:45:43]
(2) set args /tmp/lreg/randInput /tmp/lreg/output
[INFO -- 2018-11-23 19:45:43]
initSignal:0
[INFO -- 2018-11-23 19:45:43]
endSignal:3
[INFO -- 2018-11-23 19:45:43]
faultModel:1
[EXCEPTION -- 2018-11-23 19:45:43]
gdbException: Attempt to dereference a generic pointer.
[INFO -- 2018-11-23 19:45:45]
event type: exit
[INFO -- 2018-11-23 19:45:45]
exit code: 0
