[INFO -- 2018-11-05 18:17:43]
Starting flip_value script
version: 1.1
[INFO -- 2018-11-05 18:17:43]
Initialization strings:
[INFO -- 2018-11-05 18:17:43]
(1) file /tmp/lreg/lreg
[INFO -- 2018-11-05 18:17:43]
(2) set args /tmp/lreg/randInput /tmp/lreg/output /tmp/lreg/detected.log
[INFO -- 2018-11-05 18:17:43]
initSignal:0
[INFO -- 2018-11-05 18:17:43]
endSignal:10
[INFO -- 2018-11-05 18:17:43]
faultModel:2
[INFO -- 2018-11-05 18:17:47]
Backtrace BEGIN:
#0  log1 (error=<synthetic pointer>, delta=<synthetic pointer>, x=29) at ../sysdeps/ieee754/dbl-64/e_pow.c:335
#1  __ieee754_pow_sse2 (x=29, y=3) at ../sysdeps/ieee754/dbl-64/e_pow.c:103
#2  0x00007ffff76bcb14 in __pow (x=29, y=3) at w_pow_compat.c:30
#3  0x0000555555556131 in std::pow<double, int> (__x=29, __y=3) at /usr/include/c++/7/cmath:418
#4  0x0000555555555451 in partialDerivate (pos=3) at lreg.cpp:74
#5  0x0000555555555503 in adjust (alpha=2.2222199999999999e-05) at lreg.cpp:87
#6  0x00005555555556ac in train (iterations=45000, alpha=2.2222199999999999e-05, N=4, stopsWhenStable=true) at lreg.cpp:120
#7  0x0000555555555a1c in execute (input=0x7fffffffe1f3 "/tmp/lreg/randInput") at lreg.cpp:157
#8  0x0000555555555c60 in main (argc=4, argv=0x7fffffffde48) at lreg.cpp:191

330	../sysdeps/ieee754/dbl-64/e_pow.c: No such file or directory.

Backtrace END
Memory content before bitflip:0x01
Fault Model: Random bit-flip
base address to flip value: 0x7fffffffd55c
address max offset: 1
Memory content after  bitflip:0xc3
frame name: train
symbol name: stopsWhenStable
symbol filename: lreg.cpp
symbol line: 105
value: 195
value address: 0x7fffffffd55c
Type: A boolean type.
Type sizeof: 1

[INFO -- 2018-11-05 18:17:47]
Fault Injection Successful after 4.4700517654418945s
[INFO -- 2018-11-05 18:17:58]
event type: exit
[INFO -- 2018-11-05 18:17:58]
exit code: 0
