[INFO -- 2018-10-06 20:46:38]
Starting flip_value script
version: 1.1
[INFO -- 2018-10-06 20:46:38]
Initialization strings:
[INFO -- 2018-10-06 20:46:38]
(1) file /tmp/lreg/lreg
[INFO -- 2018-10-06 20:46:38]
(2) set args /tmp/lreg/randInput /tmp/lreg/output
[INFO -- 2018-10-06 20:46:38]
initSignal:0
[INFO -- 2018-10-06 20:46:38]
endSignal:10
[INFO -- 2018-10-06 20:46:38]
faultModel:2
[INFO -- 2018-10-06 20:46:43]
Backtrace BEGIN:
#0  0x00005555555553ac in meanSquaredError () at lreg.cpp:91
#1  0x0000555555555886 in train (iterations=90000, N=4, stopsWhenStable=true) at lreg.cpp:160
#2  0x0000555555555dba in main (argc=3, argv=0x7fffffffde68) at lreg.cpp:225

86		double error = 0;
87		for(UINT i1 = 0, i2 = 0, i3 = 0; 
88			selectTriUInt(i1, i2, i3)<x.size(); 
89			i1++, i2++, i3++)
90		{
91			error+= ((predict(x[selectTriUInt(i1, i2, i3)]) - y[selectTriUInt(i1, i2, i3)]) * (predict(x[selectTriUInt(i1, i2, i3)]) - y[selectTriUInt(i1, i2, i3)]));	
92		}
93		error /= x.size();
94		return error;
95	

Backtrace END
Memory content before bitflip:0x460x5a0xb70xf40x390x4d0xf70x3e
Fault Model: Random bit-flip
base address to flip value: 0x55555575a1a0 
address max offset: 8
Memory content after  bitflip:0xc90xbc0xea0x8e0x0a0x9c0xcd0x53
frame name: meanSquaredError
symbol name: a2
symbol filename: lreg.cpp
symbol line: 45
value: 4.9410613486649676e+95
value address: 0x55555575a1a0 <a2>
Type: A floating point type.
Type sizeof: 8

[INFO -- 2018-10-06 20:46:43]
Fault Injection Successful after 5.355517864227295s
[INFO -- 2018-10-06 20:46:48]
event type: exit
[INFO -- 2018-10-06 20:46:48]
exit code: 0
