[INFO -- 2018-11-25 15:10:23]
Starting flip_value script
version: 1.1
[INFO -- 2018-11-25 15:10:23]
Initialization strings:
[INFO -- 2018-11-25 15:10:23]
(1) file /tmp/lreg/lreg
[INFO -- 2018-11-25 15:10:23]
(2) set args /tmp/lreg/randInput /tmp/lreg/output /tmp/lreg/detected.log
[INFO -- 2018-11-25 15:10:23]
initSignal:0
[INFO -- 2018-11-25 15:10:23]
endSignal:6
[INFO -- 2018-11-25 15:10:23]
faultModel:2
[EXCEPTION -- 2018-11-25 15:10:23]
gdbException: Attempt to dereference a generic pointer.
[INFO -- 2018-11-25 15:10:26]
event type: exit
[INFO -- 2018-11-25 15:10:26]
exit code: 0
