[INFO -- 2018-11-25 16:08:42]
Starting flip_value script
version: 1.1
[INFO -- 2018-11-25 16:08:42]
Initialization strings:
[INFO -- 2018-11-25 16:08:42]
(1) file /tmp/lreg/lreg
[INFO -- 2018-11-25 16:08:42]
(2) set args /tmp/lreg/randInput /tmp/lreg/output /tmp/lreg/detected.log
[INFO -- 2018-11-25 16:08:42]
initSignal:0
[INFO -- 2018-11-25 16:08:42]
endSignal:6
[INFO -- 2018-11-25 16:08:42]
faultModel:2
[INFO -- 2018-11-25 16:08:43]
Backtrace BEGIN:
#0  log1 (error=<synthetic pointer>, delta=<synthetic pointer>, x=5) at ../sysdeps/ieee754/dbl-64/e_pow.c:335
#1  __ieee754_pow_sse2 (x=5, y=3) at ../sysdeps/ieee754/dbl-64/e_pow.c:103
#2  0x00007ffff76bcb14 in __pow (x=5, y=3) at w_pow_compat.c:30
#3  0x000055555555621b in std::pow<double, int> (__x=5, __y=3) at /usr/include/c++/7/cmath:418
#4  0x0000555555555237 in predict (v=5) at lreg.cpp:50
#5  0x00005555555552ba in meanSquaredError () at lreg.cpp:61
#6  0x00005555555556b1 in train (iterations=30000, alpha=2.2222199999999999e-05, N=4, stopsWhenStable=true) at lreg.cpp:121
#7  0x0000555555555a1c in execute (input=0x7fffffffe1f1 "/tmp/lreg/randInput") at lreg.cpp:157
#8  0x0000555555555c78 in main (argc=4, argv=0x7fffffffde48) at lreg.cpp:193

330	../sysdeps/ieee754/dbl-64/e_pow.c: No such file or directory.

Backtrace END
Memory content before bitflip:0x000x000x000x000x000x000x140x40
Fault Model: Random bit-flip
base address to flip value: 0x7fffffffd470
address max offset: 8
Memory content after  bitflip:0x9b0xfc0x460x030x470xc30xbf0xcf
frame name: __pow
symbol name: x
symbol filename: w_pow_compat.c
symbol line: 28
value: -1.4366723596059281e+76
value address: 0x7fffffffd470
Type: A floating point type.
Type sizeof: 8

[INFO -- 2018-11-25 16:08:43]
Fault Injection Successful after 1.7852065563201904s
[INFO -- 2018-11-25 16:08:45]
event type: exit
[INFO -- 2018-11-25 16:08:45]
exit code: 0
