[INFO -- 2018-11-06 20:46:46]
Starting flip_value script
version: 1.1
[INFO -- 2018-11-06 20:46:46]
Initialization strings:
[INFO -- 2018-11-06 20:46:46]
(1) file /tmp/lreg/lreg
[INFO -- 2018-11-06 20:46:46]
(2) set args /tmp/lreg/randInput /tmp/lreg/output /tmp/lreg/detected.log
[INFO -- 2018-11-06 20:46:46]
initSignal:0
[INFO -- 2018-11-06 20:46:46]
endSignal:10
[INFO -- 2018-11-06 20:46:46]
faultModel:1
[INFO -- 2018-11-06 20:46:51]
Backtrace BEGIN:
#0  0x00007ffff76bcb47 in __pow (x=-18, y=2) at w_pow_compat.c:55
#1  0x0000555555556131 in std::pow<double, int> (__x=-18, __y=2) at /usr/include/c++/7/cmath:418
#2  0x0000555555555237 in predict (v=-18) at lreg.cpp:50
#3  0x00005555555553fc in partialDerivate (pos=0) at lreg.cpp:74
#4  0x0000555555555503 in adjust (alpha=5.0000000000000002e-05) at lreg.cpp:87
#5  0x00005555555556ac in train (iterations=30000, alpha=5.0000000000000002e-05, N=3, stopsWhenStable=true) at lreg.cpp:120
#6  0x0000555555555a1c in execute (input=0x7fffffffe1f3 "/tmp/lreg/randInput") at lreg.cpp:157
#7  0x0000555555555c98 in main (argc=4, argv=0x7fffffffde48) at lreg.cpp:194

50	w_pow_compat.c: No such file or directory.

Backtrace END
Memory content before bitflip:0x000x000x000x000x000x100x720xc0
Fault Model: Double bit-flip
base address to flip value: 0x7fffffffd690
address max offset: 8
Memory content after  bitflip:0x000x000x000x000x000x100x720x84
frame name: execute
symbol name: temp
symbol filename: lreg.cpp
symbol line: 143
value: -2.9655278389380768e-287
value address: 0x7fffffffd690
Type: A floating point type.
Type sizeof: 8

[INFO -- 2018-11-06 20:46:51]
Fault Injection Successful after 5.812425374984741s
[INFO -- 2018-11-06 20:46:55]
event type: exit
[INFO -- 2018-11-06 20:46:55]
exit code: 0
