[INFO -- 2018-11-07 18:11:16]
Starting flip_value script
version: 1.1
[INFO -- 2018-11-07 18:11:16]
Initialization strings:
[INFO -- 2018-11-07 18:11:16]
(1) file /tmp/lreg/lreg
[INFO -- 2018-11-07 18:11:16]
(2) set args /tmp/lreg/randInput /tmp/lreg/output /tmp/lreg/detected.log
[INFO -- 2018-11-07 18:11:16]
initSignal:0
[INFO -- 2018-11-07 18:11:16]
endSignal:10
[INFO -- 2018-11-07 18:11:16]
faultModel:0
[INFO -- 2018-11-07 18:11:18]
Backtrace BEGIN:
#0  0x00007ffff76da567 in __ieee754_pow_sse2 (x=-19, y=1) at ../sysdeps/ieee754/dbl-64/e_pow.c:76
#1  0x00007ffff76bcb14 in __pow (x=-19, y=1) at w_pow_compat.c:30
#2  0x0000555555556131 in std::pow<double, int> (__x=-19, __y=1) at /usr/include/c++/7/cmath:418
#3  0x0000555555555237 in predict (v=-19) at lreg.cpp:50
#4  0x00005555555553fc in partialDerivate (pos=2) at lreg.cpp:74
#5  0x0000555555555503 in adjust (alpha=5.0000000000000002e-05) at lreg.cpp:87
#6  0x00005555555556ac in train (iterations=30000, alpha=5.0000000000000002e-05, N=3, stopsWhenStable=true) at lreg.cpp:120
#7  0x0000555555555a1c in execute (input=0x7fffffffe1f2 "/tmp/lreg/randInput") at lreg.cpp:157
#8  0x0000555555555c60 in main (argc=4, argv=0x7fffffffde48) at lreg.cpp:191

71	../sysdeps/ieee754/dbl-64/e_pow.c: No such file or directory.

Backtrace END
Memory content before bitflip:0x000x000x000x000x000x800x5d0x40
Fault Model: Single bit-flip
base address to flip value: 0x7fffffffd690
address max offset: 8
Memory content after  bitflip:0x000x000x000x000x800x800x5d0x40
frame name: execute
symbol name: temp
symbol filename: lreg.cpp
symbol line: 143
value: 118.0078125
value address: 0x7fffffffd690
Type: A floating point type.
Type sizeof: 8

[INFO -- 2018-11-07 18:11:18]
Fault Injection Successful after 2.0714030265808105s
[INFO -- 2018-11-07 18:11:25]
event type: exit
[INFO -- 2018-11-07 18:11:25]
exit code: 0
