[INFO -- 2018-11-27 20:01:45]
Starting flip_value script
version: 1.1
[INFO -- 2018-11-27 20:01:45]
Initialization strings:
[INFO -- 2018-11-27 20:01:45]
(1) file /tmp/lreg/lreg
[INFO -- 2018-11-27 20:01:45]
(2) set args /tmp/lreg/randInput /tmp/lreg/output
[INFO -- 2018-11-27 20:01:45]
initSignal:0
[INFO -- 2018-11-27 20:01:45]
endSignal:3
[INFO -- 2018-11-27 20:01:45]
faultModel:2
[INFO -- 2018-11-27 20:01:46]
Backtrace BEGIN:
#0  meanSquaredError () at lreg.cpp:127
#1  0x0000555555555ee5 in train (iter1=20000, iter2=20000, N=3, alpha1=5.0000000000000002e-05, alpha2=5.0000000000000002e-05, stopsWhenStable=true) at lreg.cpp:194
#2  0x0000555555556467 in main (argc=3, argv=0x7fffffffde58) at lreg.cpp:253

122		Calculates the mean squared error of T
123	*/
124	double meanSquaredError(){
125		double error = 0;
126		
127		for(UINT i1 = 0, i2 = 0; verifyUintDup(i1, i2)<(x.size() - 1); i1++, i2++){
128			error+= ((predict(x[verifyUintDup(i1, i2)]) - y[verifyUintDup(i1, i2)]) * (predict(x[verifyUintDup(i1, i2)]) - y[verifyUintDup(i1, i2)]));	
129		}
130		error /= (x.size() - 1);
131		return error;

Backtrace END
Memory content before bitflip:0x060x000x000x00
Fault Model: Random bit-flip
base address to flip value: 0x7fffffffd780
address max offset: 4
Memory content after  bitflip:0x830x710x010x3f
frame name: meanSquaredError
symbol name: i1
symbol filename: lreg.cpp
symbol line: 127
value: 1057059203
value address: 0x7fffffffd780
Type: The type is an integer type.
Type sizeof: 4

[INFO -- 2018-11-27 20:01:46]
Fault Injection Successful after 1.6122641563415527s
[INFO -- 2018-11-27 20:01:48]
event type: exit
[INFO -- 2018-11-27 20:01:48]
exit code: 0
