[INFO -- 2018-11-14 15:14:55]
Starting flip_value script
version: 1.1
[INFO -- 2018-11-14 15:14:55]
Initialization strings:
[INFO -- 2018-11-14 15:14:55]
(1) file /tmp/lreg/lreg
[INFO -- 2018-11-14 15:14:55]
(2) set args /tmp/lreg/randInput /tmp/lreg/output
[INFO -- 2018-11-14 15:14:55]
initSignal:0
[INFO -- 2018-11-14 15:14:55]
endSignal:5
[INFO -- 2018-11-14 15:14:55]
faultModel:1
[INFO -- 2018-11-14 15:14:58]
Backtrace BEGIN:
#0  0x00007ffff76b9990 in *ABS*+0x2d7c0@plt () from /lib/x86_64-linux-gnu/libm.so.6
#1  0x00007ffff76bcb14 in __pow (x=-8, y=2) at w_pow_compat.c:30
#2  0x0000555555556826 in std::pow<double, unsigned int> (__x=-8, __y=2) at /usr/include/c++/7/cmath:418
#3  0x0000555555555ace in partialDerivate (pos1=2, pos2=2) at lreg.cpp:142
#4  0x0000555555555bbe in adjust (alpha1=2.2222199999999999e-05, alpha2=2.2222199999999999e-05) at lreg.cpp:156
#5  0x0000555555555ee0 in train (iter1=45000, iter2=45000, N=4, alpha1=2.2222199999999999e-05, alpha2=2.2222199999999999e-05, stopsWhenStable=true) at lreg.cpp:193
#6  0x0000555555556467 in main (argc=3, argv=0x7fffffffde68) at lreg.cpp:253

203		//T1 = bestT;
204	}
205	
206	/*
207	It must receive an input file formated as follows:
208		1° Line : one integer T -> number of test cases
209		2° to 5° repeat to all test case	
210		2° Line : method parameters -> alpha, iterations, N, size of 
211			      training set, predictions
212		3° Line : inputs x of the training set

Backtrace END
Memory content before bitflip:0x080x000x000x00
Fault Model: Double bit-flip
base address to flip value: 0x7fffffffd91c
address max offset: 4
Memory content after  bitflip:0x080x000x000x18
frame name: main
symbol name: pred2
symbol filename: lreg.cpp
symbol line: 238
value: 402653192
value address: 0x7fffffffd91c
Type: The type is an integer type.
Type sizeof: 4

[INFO -- 2018-11-14 15:14:58]
Fault Injection Successful after 3.335890531539917s
[INFO -- 2018-11-14 15:15:03]
event type: exit
[INFO -- 2018-11-14 15:15:03]
exit code: 0
