[INFO -- 2018-10-01 20:33:11]
Starting flip_value script
version: 1.1
[INFO -- 2018-10-01 20:33:11]
Initialization strings:
[INFO -- 2018-10-01 20:33:11]
(1) file /tmp/lreg/lreg
[INFO -- 2018-10-01 20:33:11]
(2) set args /tmp/lreg/randInput /tmp/lreg/output
[INFO -- 2018-10-01 20:33:11]
initSignal:0
[INFO -- 2018-10-01 20:33:11]
endSignal:10
[INFO -- 2018-10-01 20:33:11]
faultModel:1
[INFO -- 2018-10-01 20:33:12]
Backtrace BEGIN:
#0  __pow (x=14, y=1) at w_pow_compat.c:55
#1  0x0000555555555d47 in std::pow<double, int> (__x=14, __y=1) at /usr/include/c++/7/cmath:418
#2  0x00005555555551e7 in predict (v=14) at lreg.cpp:50
#3  0x00005555555553ac in partialDerivate (pos=1) at lreg.cpp:74
#4  0x00005555555554b3 in adjust (alpha=5.0000000000000002e-05) at lreg.cpp:87
#5  0x000055555555565c in train (iterations=60000, alpha=5.0000000000000002e-05, N=3, stopsWhenStable=true) at lreg.cpp:120
#6  0x0000555555555ab7 in main (argc=3, argv=0x7fffffffde58) at lreg.cpp:174

50	w_pow_compat.c: No such file or directory.

Backtrace END
Fliping value of field: std::_Vector_base<double, std::allocator<double> >
Fliping value of field: _M_impl
Fliping value of field: _M_start
Fliping a bit of the value pointed by a pointer
Memory content before bitflip:0xa00xd40xd10xdc0x170xa20x3d0x40
Fault Model: Double bit-flip
base address to flip value: 0x555555771450
address max offset: 8
Memory content after  bitflip:0xa00xcc0xd10xdc0x170xa20x3d0x40
frame name: train
symbol name: bestT
symbol filename: lreg.cpp
symbol line: 115
value: std::vector of length 3, capacity 3 = {29.633176614017998, 8.5251928572595848, -3.8028472895029641}
value address: 0x7fffffffd860
Type: The type is a structure.
Type sizeof: 24
Field name: std::_Vector_base<double, std::allocator<double> >
Field Type: The type is a structure.
Field Type sizeof: 24

[INFO -- 2018-10-01 20:33:12]
Fault Injection Successful after 1.7849376201629639s
[INFO -- 2018-10-01 20:33:20]
event type: exit
[INFO -- 2018-10-01 20:33:20]
exit code: 0
