[INFO -- 2018-10-03 15:45:19]
Starting flip_value script
version: 1.1
[INFO -- 2018-10-03 15:45:19]
Initialization strings:
[INFO -- 2018-10-03 15:45:19]
(1) file /tmp/lreg/lreg
[INFO -- 2018-10-03 15:45:19]
(2) set args /tmp/lreg/randInput /tmp/lreg/output
[INFO -- 2018-10-03 15:45:19]
initSignal:0
[INFO -- 2018-10-03 15:45:19]
endSignal:10
[INFO -- 2018-10-03 15:45:19]
faultModel:0
[INFO -- 2018-10-03 15:45:22]
Backtrace BEGIN:
#0  0x00007ffff76d59e4 in __ieee754_pow_sse2 (x=-2, y=3) at ../sysdeps/ieee754/dbl-64/e_pow.c:128
#1  0x00007ffff76b7b14 in __pow (x=-2, y=3) at w_pow_compat.c:30
#2  0x0000555555555d47 in std::pow<double, int> (__x=-2, __y=3) at /usr/include/c++/7/cmath:418
#3  0x00005555555551e7 in predict (v=-2) at lreg.cpp:50
#4  0x00005555555553ac in partialDerivate (pos=3) at lreg.cpp:74
#5  0x00005555555554b3 in adjust (alpha=2.2222199999999999e-05) at lreg.cpp:87
#6  0x000055555555565c in train (iterations=90000, alpha=2.2222199999999999e-05, N=4, stopsWhenStable=true) at lreg.cpp:120
#7  0x0000555555555ab7 in main (argc=3, argv=0x7fffffffde58) at lreg.cpp:174

123	../sysdeps/ieee754/dbl-64/e_pow.c: No such file or directory.

Backtrace END
Memory content before bitflip:0x000x000x000x000x000x000x080x40
Fault Model: Single bit-flip
base address to flip value: 0x7fffffffd6c8
address max offset: 8
Memory content after  bitflip:0x000x000x000x000x040x000x080x40
frame name: __pow
symbol name: y
symbol filename: w_pow_compat.c
symbol line: 28
value: 3.0000076293945312
value address: 0x7fffffffd6c8
Type: A floating point type.
Type sizeof: 8

[INFO -- 2018-10-03 15:45:22]
Fault Injection Successful after 3.871630907058716s
[INFO -- 2018-10-03 15:45:26]
event type: exit
[INFO -- 2018-10-03 15:45:26]
exit code: 0
