[INFO -- 2018-11-26 17:02:24]
Starting flip_value script
version: 1.1
[INFO -- 2018-11-26 17:02:24]
Initialization strings:
[INFO -- 2018-11-26 17:02:24]
(1) file /tmp/lreg/lreg
[INFO -- 2018-11-26 17:02:24]
(2) set args /tmp/lreg/randInput /tmp/lreg/output
[INFO -- 2018-11-26 17:02:24]
initSignal:0
[INFO -- 2018-11-26 17:02:24]
endSignal:3
[INFO -- 2018-11-26 17:02:24]
faultModel:2
[INFO -- 2018-11-26 17:02:24]
Backtrace BEGIN:
#0  dl_main (phdr=<optimized out>, phnum=<optimized out>, user_entry=<optimized out>, auxv=<optimized out>) at rtld.c:2289
#1  0x00007ffff7defdd0 in _dl_sysdep_start (start_argptr=start_argptr@entry=0x7fffffffde50, dl_main=dl_main@entry=0x7ffff7dd7660 <dl_main>) at ../elf/dl-sysdep.c:253
#2  0x00007ffff7dd7128 in _dl_start_final (arg=0x7fffffffde50) at rtld.c:414
#3  _dl_start (arg=0x7fffffffde50) at rtld.c:521
#4  0x00007ffff7dd6098 in _start () from /lib64/ld-linux-x86-64.so.2
#5  0x0000000000000003 in ?? ()
#6  0x00007fffffffe1ff in ?? ()
#7  0x00007fffffffe20e in ?? ()
#8  0x00007fffffffe222 in ?? ()
#9  0x0000000000000000 in ?? ()

2284	rtld.c: No such file or directory.

Backtrace END
Memory content before bitflip:0x670x6b0x150xdd0x7b0x2a0x000x00
Fault Model: Random bit-flip
base address to flip value: 0x7ffff7ffc720 
address max offset: 8
Memory content after  bitflip:0xce0x2c0x170x880xce0xff0x050x15
frame name: _dl_start_final
symbol name: start_time
symbol filename: rtld.c
symbol line: 308
value: 1514898112191605966
value address: 0x7ffff7ffc720 <start_time>
Type: The type is an integer type.
Type sizeof: 8

[INFO -- 2018-11-26 17:02:24]
Fault Injection Successful after 0.8572311401367188s
[INFO -- 2018-11-26 17:02:27]
event type: exit
[INFO -- 2018-11-26 17:02:27]
exit code: 0
