[INFO -- 2018-09-15 23:58:23]
Starting flip_value script
version: 1.1
[INFO -- 2018-09-15 23:58:23]
Initialization strings:
[INFO -- 2018-09-15 23:58:23]
(1) file /tmp/lreg/lreg
[INFO -- 2018-09-15 23:58:23]
(2) set args /tmp/lreg/randInput /tmp/lreg/output
[INFO -- 2018-09-15 23:58:23]
initSignal:0
[INFO -- 2018-09-15 23:58:23]
endSignal:2
[INFO -- 2018-09-15 23:58:23]
faultModel:1
[EXCEPTION -- 2018-09-15 23:58:24]
pythonException: Unable to exit loop in struct fields; Exiting wihtout making a bit flip
[INFO -- 2018-09-15 23:58:25]
Backtrace BEGIN:
#0  0x0000555555555f01 in std::vector<double, std::allocator<double> >::operator[] (this=0x55555575a140 <x>, __n=4) at /usr/include/c++/7/bits/stl_vector.h:798
#1  0x000055555555543b in partialDerivate (pos=0) at lreg.cpp:74
#2  0x0000555555555503 in adjust (alpha=5.0000000000000002e-05) at lreg.cpp:87
#3  0x00005555555556ac in train (iterations=60000, alpha=5.0000000000000002e-05, N=3, stopsWhenStable=true) at lreg.cpp:120
#4  0x0000555555555c26 in main (argc=3, argv=0x7fffffffde68) at lreg.cpp:182

793	       */
794	      reference
795	      operator[](size_type __n) _GLIBCXX_NOEXCEPT
796	      {
797		__glibcxx_requires_subscript(__n);
798		return *(this->_M_impl._M_start + __n);
799	      }
800	
801	      /**
802	       *  @brief  Subscript access to the data contained in the %vector.

Backtrace END
Fliping value of field: std::_Vector_base<double, std::allocator<double> >
Fliping value of field: _M_impl
Fliping value of field: _M_end_of_storage
Fliping a bit of the pointer
Memory content before bitflip:0x780x130x770x550x550x550x000x00
Fault Model: Double bit-flip
base address to flip value: 0x55555575a190 
address max offset: 8
Memory content after  bitflip:0x780x130x270x550x550x550x000x00
frame name: adjust
symbol name: T
symbol filename: lreg.cpp
symbol line: 34
value: std::vector of length 3, capacity -655357 = {-2.3225754750002023, 0.23791633163857734, 0.96343075326708949}
value address: 0x55555575a180 <T>
Type: The type is a structure.
Type sizeof: 24
Field name: std::_Vector_base<double, std::allocator<double> >
Field Type: The type is a structure.
Field Type sizeof: 24

[INFO -- 2018-09-15 23:58:25]
Fault Injection Successful after 2.1991562843322754s
[INFO -- 2018-09-15 23:58:32]
event type: exit
[INFO -- 2018-09-15 23:58:32]
exit code: 0
