[INFO -- 2018-11-24 09:35:53]
Starting flip_value script
version: 1.1
[INFO -- 2018-11-24 09:35:53]
Initialization strings:
[INFO -- 2018-11-24 09:35:53]
(1) file /tmp/lreg/lreg
[INFO -- 2018-11-24 09:35:53]
(2) set args /tmp/lreg/randInput /tmp/lreg/output
[INFO -- 2018-11-24 09:35:53]
initSignal:0
[INFO -- 2018-11-24 09:35:53]
endSignal:2
[INFO -- 2018-11-24 09:35:53]
faultModel:1
[INFO -- 2018-11-24 09:35:54]
Backtrace BEGIN:
#0  0x00007ffff76daa31 in __ieee754_pow_sse2 (x=<optimized out>, y=<optimized out>) at ../sysdeps/ieee754/dbl-64/e_pow.c:215
#1  0x00007ffff76bcb14 in __pow (x=-21, y=2) at w_pow_compat.c:30
#2  0x0000555555555d5f in std::pow<double, int> (__x=-21, __y=2) at /usr/include/c++/7/cmath:418
#3  0x00005555555551e7 in predict (v=-21) at lreg.cpp:50
#4  0x00005555555553ac in partialDerivate (pos=1) at lreg.cpp:74
#5  0x00005555555554b3 in adjust (alpha=5.0000000000000002e-05) at lreg.cpp:87
#6  0x000055555555565c in train (iterations=20000, alpha=5.0000000000000002e-05, N=3, stopsWhenStable=true) at lreg.cpp:120
#7  0x0000555555555ab7 in main (argc=3, argv=0x7fffffffde58) at lreg.cpp:174

210	../sysdeps/ieee754/dbl-64/e_pow.c: No such file or directory.

Backtrace END
Memory content before bitflip:0x000x000x000x000x000x000x000x40
Fault Model: Double bit-flip
base address to flip value: 0x7fffffffd6c8
address max offset: 8
Memory content after  bitflip:0x000x000x000x000x410x000x000x40
frame name: __pow
symbol name: y
symbol filename: w_pow_compat.c
symbol line: 28
value: 2.0001239776611328
value address: 0x7fffffffd6c8
Type: A floating point type.
Type sizeof: 8

[INFO -- 2018-11-24 09:35:54]
Fault Injection Successful after 1.1936144828796387s
[INFO -- 2018-11-24 09:35:55]
event type: exit
[INFO -- 2018-11-24 09:35:55]
exit code: 0
