[INFO -- 2018-10-06 15:47:39]
Starting flip_value script
version: 1.1
[INFO -- 2018-10-06 15:47:39]
Initialization strings:
[INFO -- 2018-10-06 15:47:40]
(1) file /tmp/lreg/lreg
[INFO -- 2018-10-06 15:47:40]
(2) set args /tmp/lreg/randInput /tmp/lreg/output
[INFO -- 2018-10-06 15:47:40]
initSignal:0
[INFO -- 2018-10-06 15:47:40]
endSignal:10
[INFO -- 2018-10-06 15:47:40]
faultModel:1
[EXCEPTION -- 2018-10-06 15:47:43]
pythonException: Unable to exit loop in struct fields; Exiting wihtout making a bit flip
[INFO -- 2018-10-06 15:47:43]
Backtrace BEGIN:
#0  0x0000555555556058 in std::vector<double, std::allocator<double> >::operator[] (this=0x55555575a180 <T>, __n=3) at /usr/include/c++/7/bits/stl_vector.h:795
#1  0x0000555555555291 in predict (v=-17) at lreg.cpp:77
#2  0x00005555555553e9 in meanSquaredError () at lreg.cpp:91
#3  0x0000555555555886 in train (iterations=90000, N=4, stopsWhenStable=true) at lreg.cpp:160
#4  0x0000555555555dba in main (argc=3, argv=0x7fffffffde68) at lreg.cpp:225

790	       *  Note that data access with this operator is unchecked and
791	       *  out_of_range lookups are not defined. (For checked lookups
792	       *  see at().)
793	       */
794	      reference
795	      operator[](size_type __n) _GLIBCXX_NOEXCEPT
796	      {
797		__glibcxx_requires_subscript(__n);
798		return *(this->_M_impl._M_start + __n);
799	      }

Backtrace END
Memory content before bitflip:0x460x5a0xb70xf40x390x4d0xf70x3e
Fault Model: Double bit-flip
base address to flip value: 0x55555575a1a8 
address max offset: 8
Memory content after  bitflip:0x0e0x5a0xb70xf40x390x4d0xf70x3e
frame name: meanSquaredError
symbol name: a3
symbol filename: lreg.cpp
symbol line: 45
value: 2.2222199999999809e-05
value address: 0x55555575a1a8 <a3>
Type: A floating point type.
Type sizeof: 8

[INFO -- 2018-10-06 15:47:43]
Fault Injection Successful after 3.3513576984405518s
[INFO -- 2018-10-06 15:47:50]
event type: exit
[INFO -- 2018-10-06 15:47:50]
exit code: 0
