[INFO -- 2018-11-25 13:35:59]
Starting flip_value script
version: 1.1
[INFO -- 2018-11-25 13:35:59]
Initialization strings:
[INFO -- 2018-11-25 13:35:59]
(1) file /tmp/lreg/lreg
[INFO -- 2018-11-25 13:35:59]
(2) set args /tmp/lreg/randInput /tmp/lreg/output /tmp/lreg/detected.log
[INFO -- 2018-11-25 13:35:59]
initSignal:0
[INFO -- 2018-11-25 13:35:59]
endSignal:6
[INFO -- 2018-11-25 13:35:59]
faultModel:0
[INFO -- 2018-11-25 13:36:01]
Backtrace BEGIN:
#0  0x0000555555555217 in predict (v=-18) at lreg.cpp:50
#1  0x00005555555553fc in partialDerivate (pos=0) at lreg.cpp:74
#2  0x0000555555555503 in adjust (alpha=2.2222199999999999e-05) at lreg.cpp:87
#3  0x00005555555556ac in train (iterations=30000, alpha=2.2222199999999999e-05, N=4, stopsWhenStable=true) at lreg.cpp:120
#4  0x0000555555555a1c in execute (input=0x7fffffffe1f1 "/tmp/lreg/randInput") at lreg.cpp:157
#5  0x0000555555555cb0 in main (argc=4, argv=0x7fffffffde48) at lreg.cpp:196

45		Predicts the value related to v using the Ts variables
46	*/
47	double predict(double v){
48		double val = 0;
49		for(int i = 0; i<T.size(); i++){
50			val+= (T[i] * pow(v, i));
51		}
52		return val;
53		
54	}

Backtrace END
Fliping value of field: std::_Vector_base<double, std::allocator<double> >
Fliping value of field: _M_impl
Fliping value of field: _M_end_of_storage
Fliping a bit of the pointer
Memory content before bitflip:0xa00x230x770x550x550x550x000x00
Fault Model: Single bit-flip
base address to flip value: 0x55555575b190 
address max offset: 8
Memory content after  bitflip:0xa00x230x670x550x550x550x000x00
frame name: train
symbol name: T
symbol filename: lreg.cpp
symbol line: 34
value: std::vector of length 4, capacity -131068 = {0.18015817752600194, -0.9313868390480361, -1.9546523624278378, -4.0449210232977624}
value address: 0x55555575b180 <T>
Type: The type is a structure.
Type sizeof: 24
Field name: std::_Vector_base<double, std::allocator<double> >
Field Type: The type is a structure.
Field Type sizeof: 24

[INFO -- 2018-11-25 13:36:01]
Fault Injection Successful after 2.867074489593506s
[INFO -- 2018-11-25 13:36:02]
event type: exit
[INFO -- 2018-11-25 13:36:02]
exit code: 0
