[INFO -- 2018-11-04 19:43:21]
Starting flip_value script
version: 1.1
[INFO -- 2018-11-04 19:43:21]
Initialization strings:
[INFO -- 2018-11-04 19:43:21]
(1) file /tmp/lreg/lreg
[INFO -- 2018-11-04 19:43:21]
(2) set args /tmp/lreg/randInput /tmp/lreg/output /tmp/lreg/detected.log
[INFO -- 2018-11-04 19:43:21]
initSignal:0
[INFO -- 2018-11-04 19:43:21]
endSignal:10
[INFO -- 2018-11-04 19:43:21]
faultModel:2
[INFO -- 2018-11-04 19:43:21]
Backtrace BEGIN:
#0  0x00007ffff76da528 in __ieee754_pow_sse2 (x=14, y=1) at ../sysdeps/ieee754/dbl-64/e_pow.c:65
#1  0x00007ffff76bcb14 in __pow (x=14, y=1) at w_pow_compat.c:30
#2  0x0000555555556131 in std::pow<double, int> (__x=14, __y=1) at /usr/include/c++/7/cmath:418
#3  0x0000555555555237 in predict (v=14) at lreg.cpp:50
#4  0x00005555555553fc in partialDerivate (pos=1) at lreg.cpp:74
#5  0x0000555555555503 in adjust (alpha=5.0000000000000002e-05) at lreg.cpp:87
#6  0x00005555555556ac in train (iterations=30000, alpha=5.0000000000000002e-05, N=3, stopsWhenStable=true) at lreg.cpp:120
#7  0x0000555555555a1c in execute (input=0x7fffffffe1f1 "/tmp/lreg/randInput") at lreg.cpp:157
#8  0x0000555555555c60 in main (argc=4, argv=0x7fffffffde48) at lreg.cpp:191

60	../sysdeps/ieee754/dbl-64/e_pow.c: No such file or directory.

Backtrace END
Fliping value of field: std::_Vector_base<double, std::allocator<double> >
Fliping value of field: _M_impl
Fliping value of field: _M_start
Fliping a bit of the value pointed by a pointer
Memory content before bitflip:0x000x000x000x000x000x000x200x40
Fault Model: Random bit-flip
base address to flip value: 0x555555772540
address max offset: 8
Memory content after  bitflip:0x810x840xfc0x590x4f0xa60x7e0x0c
frame name: adjust
symbol name: x
symbol filename: lreg.cpp
symbol line: 32
value: std::vector of length 20, capacity 32 = {1.7123363880233455e-248, 1, -14, -12, -16, -1, -10, 13, -24, 15, 14, -24, -21, 1, 11, 7, -4, -6, 12, -2}
value address: 0x55555575b140 <x>
Type: The type is a structure.
Type sizeof: 24
Field name: std::_Vector_base<double, std::allocator<double> >
Field Type: The type is a structure.
Field Type sizeof: 24

[INFO -- 2018-11-04 19:43:21]
Fault Injection Successful after 0.9667284488677979s
[INFO -- 2018-11-04 19:43:29]
event type: exit
[INFO -- 2018-11-04 19:43:29]
exit code: 0
