[INFO -- 2018-11-26 16:14:13]
Starting flip_value script
version: 1.1
[INFO -- 2018-11-26 16:14:13]
Initialization strings:
[INFO -- 2018-11-26 16:14:13]
(1) file /tmp/lreg/lreg
[INFO -- 2018-11-26 16:14:13]
(2) set args /tmp/lreg/randInput /tmp/lreg/output
[INFO -- 2018-11-26 16:14:13]
initSignal:0
[INFO -- 2018-11-26 16:14:13]
endSignal:3
[INFO -- 2018-11-26 16:14:13]
faultModel:0
[INFO -- 2018-11-26 16:14:15]
Backtrace BEGIN:
#0  0x00007ffff76da53c in __ieee754_pow_sse2 (x=25, y=0) at ../sysdeps/ieee754/dbl-64/e_pow.c:65
#1  0x00007ffff76bcb14 in __pow (x=25, y=0) at w_pow_compat.c:30
#2  0x0000555555556826 in std::pow<double, unsigned int> (__x=25, __y=0) at /usr/include/c++/7/cmath:418
#3  0x0000555555555814 in predict (v=25) at lreg.cpp:116
#4  0x00005555555558c0 in meanSquaredError () at lreg.cpp:128
#5  0x0000555555555ee5 in train (iter1=30000, iter2=30000, N=4, alpha1=2.2222199999999999e-05, alpha2=2.2222199999999999e-05, stopsWhenStable=true) at lreg.cpp:194
#6  0x0000555555556467 in main (argc=3, argv=0x7fffffffde58) at lreg.cpp:253

60	../sysdeps/ieee754/dbl-64/e_pow.c: No such file or directory.

Backtrace END
Fliping value of field name: x
Memory content before bitflip:0x2c0xfd0xff0xff0xff0xff0x970x42
Fault Model: Single bit-flip
base address to flip value: 0x7ffff779f5b8 
address max offset: 8
Memory content after  bitflip:0x2c0x7d0xff0xff0xff0xff0x970x42
frame name: __ieee754_pow_sse2
symbol name: bigu
symbol filename: ../sysdeps/ieee754/dbl-64/upow.h
symbol line: 52
value: {i = {-33492, 1117257727}, x = 6597069766623.293}
value address: 0x7ffff779f5b8 <bigu>
Type: The type is a union.
Type sizeof: 8
Field name: i
Field Type: The type is an array.
Field Type sizeof: 8
Field name: x
Field Type: A floating point type.
Field Type sizeof: 8

[INFO -- 2018-11-26 16:14:15]
Fault Injection Successful after 2.9526925086975098s
[INFO -- 2018-11-26 16:14:16]
event type: exit
[INFO -- 2018-11-26 16:14:16]
exit code: 0
