[INFO -- 2018-11-24 15:34:59]
sending 5 signals using command: 'killall -2 lreg' after 3.79525082399s
[INFO -- 2018-11-24 15:35:00]
sending 5 signals using command: 'killall -2 lreg' after 5.05872721367s
[INFO -- 2018-11-24 15:35:01]
sending 5 signals using command: 'killall -2 lreg' after 5.87427362521s
[INFO -- 2018-11-24 15:35:01]
Starting GDB script
[INFO -- 2018-11-24 15:35:01]
initSignal:0.0
[INFO -- 2018-11-24 15:35:01]
endSignal:6.0
[INFO -- 2018-11-24 15:35:03]
sending 5 signals using command: 'killall -2 lreg' after 1.11528591707s
[INFO -- 2018-11-24 15:35:03]
sending 5 signals using command: 'killall -2 lreg' after 2.29828145014s
[INFO -- 2018-11-24 15:35:05]
sending 5 signals using command: 'killall -2 lreg' after 3.50938820299s
[INFO -- 2018-11-24 15:35:05]
Execution finished before waitTime
