[INFO -- 2018-11-15 20:19:10]
Starting flip_value script
version: 1.1
[INFO -- 2018-11-15 20:19:10]
Initialization strings:
[INFO -- 2018-11-15 20:19:10]
(1) file /tmp/lreg/lreg
[INFO -- 2018-11-15 20:19:10]
(2) set args /tmp/lreg/randInput /tmp/lreg/output
[INFO -- 2018-11-15 20:19:10]
initSignal:0
[INFO -- 2018-11-15 20:19:10]
endSignal:5
[INFO -- 2018-11-15 20:19:10]
faultModel:1
[EXCEPTION -- 2018-11-15 20:19:11]
pythonException: Unable to exit loop in struct fields; Exiting wihtout making a bit flip
[INFO -- 2018-11-15 20:19:12]
Backtrace BEGIN:
#0  std::vector<double, std::allocator<double> >::size (this=0x1) at /usr/include/c++/7/bits/stl_vector.h:670
#1  0x000055555555577d in predict (v=11) at lreg.cpp:115
#2  0x0000555555555a53 in partialDerivate (pos1=2, pos2=2) at lreg.cpp:142
#3  0x0000555555555bbe in adjust (alpha1=5.0000000000000002e-05, alpha2=5.0000000000000002e-05) at lreg.cpp:156
#4  0x0000555555555ee0 in train (iter1=30000, iter2=30000, N=3, alpha1=5.0000000000000002e-05, alpha2=5.0000000000000002e-05, stopsWhenStable=true) at lreg.cpp:193
#5  0x0000555555556467 in main (argc=3, argv=0x7fffffffde68) at lreg.cpp:253

665	#endif
666	
667	      // [23.2.4.2] capacity
668	      /**  Returns the number of elements in the %vector.  */
669	      size_type
670	      size() const _GLIBCXX_NOEXCEPT
671	      { return size_type(this->_M_impl._M_finish - this->_M_impl._M_start); }
672	
673	      /**  Returns the size() of the largest possible %vector.  */
674	      size_type

Backtrace END
Fliping value of field: std::_Vector_base<double, std::allocator<double> >
Fliping value of field: _M_impl
Fliping value of field: _M_finish
Fliping a bit of the value pointed by a pointer
Memory content before bitflip:0x210x000x000x000x000x000x000x00
Fault Model: Double bit-flip
base address to flip value: 0x555555772358
address max offset: 8
Memory content after  bitflip:0xb10x000x000x000x000x000x000x00
frame name: std::vector<double, std::allocator<double> >::size
symbol name: T2
symbol filename: lreg.cpp
symbol line: 37
value: std::vector of length 3, capacity 3 = {-1.1357174600941105, -2.9280836004816897, 2.9880217272929088}
value address: 0x55555575b1a0 <T2>
Type: The type is a structure.
Type sizeof: 24
Field name: std::_Vector_base<double, std::allocator<double> >
Field Type: The type is a structure.
Field Type sizeof: 24

[INFO -- 2018-11-15 20:19:12]
Fault Injection Successful after 2.2232930660247803s
[INFO -- 2018-11-15 20:19:15]
event type: exit
[INFO -- 2018-11-15 20:19:15]
exit code: 0
