[INFO -- 2018-11-05 21:58:57]
Starting flip_value script
version: 1.1
[INFO -- 2018-11-05 21:58:57]
Initialization strings:
[INFO -- 2018-11-05 21:58:57]
(1) file /tmp/lreg/lreg
[INFO -- 2018-11-05 21:58:57]
(2) set args /tmp/lreg/randInput /tmp/lreg/output /tmp/lreg/detected.log
[INFO -- 2018-11-05 21:58:57]
initSignal:0
[INFO -- 2018-11-05 21:58:57]
endSignal:10
[INFO -- 2018-11-05 21:58:57]
faultModel:0
[INFO -- 2018-11-05 21:59:01]
Backtrace BEGIN:
#0  libc_feholdsetround_sse_ctx (r=0, ctx=<synthetic pointer>) at ../sysdeps/i386/fpu/fenv_private.h:450
#1  __ieee754_pow_sse2 (x=6, y=3) at ../sysdeps/ieee754/dbl-64/e_pow.c:97
#2  0x00007ffff76bcb14 in __pow (x=6, y=3) at w_pow_compat.c:30
#3  0x0000555555556131 in std::pow<double, int> (__x=6, __y=3) at /usr/include/c++/7/cmath:418
#4  0x0000555555555237 in predict (v=6) at lreg.cpp:50
#5  0x000055555555530a in meanSquaredError () at lreg.cpp:61
#6  0x00005555555556b1 in train (iterations=45000, alpha=2.2222199999999999e-05, N=4, stopsWhenStable=true) at lreg.cpp:121
#7  0x0000555555555a1c in execute (input=0x7fffffffe1f3 "/tmp/lreg/randInput") at lreg.cpp:157
#8  0x0000555555555c60 in main (argc=4, argv=0x7fffffffde48) at lreg.cpp:191

445	../sysdeps/i386/fpu/fenv_private.h: No such file or directory.

Backtrace END
Fliping value of field name: x
Memory content before bitflip:0x000x000x000x000x000x000xf00xff
Fault Model: Single bit-flip
base address to flip value: 0x7ffff779f5d0 
address max offset: 8
Memory content after  bitflip:0x000x000x100x000x000x000xf00xff
frame name: libc_feholdsetround_sse_ctx
symbol name: nINF
symbol filename: ../sysdeps/ieee754/dbl-64/upow.h
symbol line: 49
value: {i = {1048576, -1048576}, x = -nan(0x000100000)}
value address: 0x7ffff779f5d0 <nINF>
Type: The type is a union.
Type sizeof: 8
Field name: i
Field Type: The type is an array.
Field Type sizeof: 8
Field name: x
Field Type: A floating point type.
Field Type sizeof: 8

[INFO -- 2018-11-05 21:59:01]
Fault Injection Successful after 4.402676820755005s
[INFO -- 2018-11-05 21:59:04]
event type: exit
[INFO -- 2018-11-05 21:59:04]
exit code: 0
