[INFO -- 2018-11-01 22:01:30]
Starting flip_value script
version: 1.1
[INFO -- 2018-11-01 22:01:30]
Initialization strings:
[INFO -- 2018-11-01 22:01:30]
(1) file /tmp/lreg/lreg
[INFO -- 2018-11-01 22:01:30]
(2) set args /tmp/lreg/randInput /tmp/lreg/output /tmp/lreg/detected.log
[INFO -- 2018-11-01 22:01:30]
initSignal:0
[INFO -- 2018-11-01 22:01:30]
endSignal:20
[INFO -- 2018-11-01 22:01:30]
faultModel:0
[INFO -- 2018-11-01 22:01:36]
Backtrace BEGIN:
#0  0x000055555555550f in adjust (alpha=2.2222199999999999e-05) at lreg.cpp:89
#1  0x00005555555556ac in train (iterations=60000, alpha=2.2222199999999999e-05, N=4, stopsWhenStable=true) at lreg.cpp:120
#2  0x0000555555555a1c in execute (input=0x7fffffffe1f3 "/tmp/lreg/randInput") at lreg.cpp:157
#3  0x0000555555555c60 in main (argc=4, argv=0x7fffffffde48) at lreg.cpp:191

84		
85		double PD;
86		for(int i = 0; i<T.size(); i++){
87			PD = partialDerivate(i);
88			// alpha is different from the canonical version because this works better
89			T[i]= T[i] - ((alpha / (sqrt( fabs(PD) ))) * PD); 
90		}
91	}
92	
93	/**

Backtrace END
Memory content before bitflip:0x460x5a0xb70xf40x390x4d0xf70x3e
Fault Model: Single bit-flip
base address to flip value: 0x7fffffffd518
address max offset: 8
Memory content after  bitflip:0x460x5a0xb70xf40x390x450xf70x3e
frame name: adjust
symbol name: alpha
symbol filename: lreg.cpp
symbol line: 83
value: 2.2192397677612303e-05
value address: 0x7fffffffd518
Type: A floating point type.
Type sizeof: 8

[INFO -- 2018-11-01 22:01:36]
Fault Injection Successful after 6.660413980484009s
[INFO -- 2018-11-01 22:01:46]
event type: exit
[INFO -- 2018-11-01 22:01:46]
exit code: 0
