[INFO -- 2018-10-01 15:35:27]
Starting flip_value script
version: 1.1
[INFO -- 2018-10-01 15:35:27]
Initialization strings:
[INFO -- 2018-10-01 15:35:27]
(1) file /tmp/lreg/lreg
[INFO -- 2018-10-01 15:35:27]
(2) set args /tmp/lreg/randInput /tmp/lreg/output
[INFO -- 2018-10-01 15:35:27]
initSignal:0
[INFO -- 2018-10-01 15:35:27]
endSignal:10
[INFO -- 2018-10-01 15:35:27]
faultModel:1
[EXCEPTION -- 2018-10-01 15:35:29]
pythonException: Unable to exit loop in struct fields; Exiting wihtout making a bit flip
[INFO -- 2018-10-01 15:35:29]
Backtrace BEGIN:
#0  0x0000555555555d39 in std::pow<double, int> (__x=27, __y=3) at /usr/include/c++/7/cmath:418
#1  0x00005555555551e7 in predict (v=27) at lreg.cpp:50
#2  0x00005555555553ac in partialDerivate (pos=0) at lreg.cpp:74
#3  0x00005555555554b3 in adjust (alpha=2.2222199999999999e-05) at lreg.cpp:87
#4  0x000055555555565c in train (iterations=90000, alpha=2.2222199999999999e-05, N=4, stopsWhenStable=true) at lreg.cpp:120
#5  0x0000555555555ab7 in main (argc=3, argv=0x7fffffffde58) at lreg.cpp:174

413	    inline _GLIBCXX_CONSTEXPR
414	    typename __gnu_cxx::__promote_2<_Tp, _Up>::__type
415	    pow(_Tp __x, _Up __y)
416	    {
417	      typedef typename __gnu_cxx::__promote_2<_Tp, _Up>::__type __type;
418	      return pow(__type(__x), __type(__y));
419	    }
420	
421	  using ::sin;
422	

Backtrace END
Fliping value of field: std::_Vector_base<double, std::allocator<double> >
Fliping value of field: _M_impl
Fliping value of field: _M_finish
Fliping a bit of the pointer
Memory content before bitflip:0xd00x1b0x770x550x550x550x000x00
Fault Model: Double bit-flip
base address to flip value: 0x7fffffffd868
address max offset: 8
Memory content after  bitflip:0xd00x1b0x770x550x550x440x000x00
frame name: train
symbol name: bestT
symbol filename: lreg.cpp
symbol line: 115
value: std::vector of length -2336462209020, capacity 4 = {-6.6960117740080722, -35.564861199274098, 0.69616131879862153, 3.4944861550454522, 0, 2.4209216646221081e-322, 4.6355706479211964e-310, -35.559583410085253, 0.69926721992187379, 3.5316804179039512, 0, 2.4209216646221081e-322, 0, -35.564861199274098, 0.69616131879862153, 3.4944861550454522, 0, 2.0719630989644356e-319, 0, 0, 0, 0, 0, 0, 0, 0, 0, 0, 0, 0, 0, 0, 0, 0, 0, 0, 0, 0, 0, 0, 0, 0, 0, 0, 0, 0, 0, 0, 0, 0, 0, 0, 0, 0, 0, 0, 0, 0, 0, 0, 0, 0, 0, 0, 0, 0, 0, 0, 0, 0, 0, 0, 0, 0, 0, 0, 0, 0, 0, 0, 0, 0, 0, 0, 0, 0, 0, 0, 0, 0, 0, 0, 0, 0, 0, 0, 0, 0, 0, 0, 0, 0, 0, 0, 0, 0, 0, 0, 0, 0, 0, 0, 0, 0, 0, 0, 0, 0, 0, 0, 0, 0, 0, 0, 0, 0, 0, 0, 0, 0, 0, 0, 0, 0, 0, 0, 0, 0, 0, 0, 0, 0, 0, 0, 0, 0, 0, 0, 0, 0, 0, 0, 0, 0, 0, 0, 0, 0, 0, 0, 0, 0, 0, 0, 0, 0, 0, 0, 0, 0, 0, 0, 0, 0, 0, 0, 0, 0, 0, 0, 0, 0, 0, 0, 0, 0, 0, 0, 0, 0, 0, 0, 0, 0, 0, 0, 0, 0, 0, 0...}
value address: 0x7fffffffd860
Type: The type is a structure.
Type sizeof: 24
Field name: std::_Vector_base<double, std::allocator<double> >
Field Type: The type is a structure.
Field Type sizeof: 24

[INFO -- 2018-10-01 15:35:29]
Fault Injection Successful after 2.342714786529541s
[INFO -- 2018-10-01 15:35:34]
event type: exit
[INFO -- 2018-10-01 15:35:34]
exit code: 0
