[INFO -- 2018-10-12 16:22:20]
Starting flip_value script
version: 1.1
[INFO -- 2018-10-12 16:22:20]
Initialization strings:
[INFO -- 2018-10-12 16:22:20]
(1) file /tmp/lreg/lreg
[INFO -- 2018-10-12 16:22:20]
(2) set args /tmp/lreg/randInput /tmp/lreg/output
[INFO -- 2018-10-12 16:22:20]
initSignal:0
[INFO -- 2018-10-12 16:22:20]
endSignal:10
[INFO -- 2018-10-12 16:22:20]
faultModel:1
[INFO -- 2018-10-12 16:22:25]
Backtrace BEGIN:
#0  __ieee754_pow_sse2 (x=21, y=3) at ../sysdeps/ieee754/dbl-64/e_pow.c:110
#1  0x00007ffff76b7b14 in __pow (x=21, y=3) at w_pow_compat.c:30
#2  0x00005555555560ba in std::pow<double, unsigned int> (__x=21, __y=3) at /usr/include/c++/7/cmath:418
#3  0x00005555555552c2 in predict (v=21) at lreg.cpp:77
#4  0x00005555555553e9 in meanSquaredError () at lreg.cpp:91
#5  0x0000555555555886 in train (iterations=90000, N=4, stopsWhenStable=true) at lreg.cpp:160
#6  0x0000555555555dba in main (argc=3, argv=0x7fffffffde68) at lreg.cpp:225

105	../sysdeps/ieee754/dbl-64/e_pow.c: No such file or directory.

Backtrace END
Memory content before bitflip:0x030x000x000x00
Fault Model: Double bit-flip
base address to flip value: 0x7fffffffd780
address max offset: 4
Memory content after  bitflip:0x930x000x000x00
frame name: predict
symbol name: i2
symbol filename: lreg.cpp
symbol line: 73
value: 147
value address: 0x7fffffffd780
Type: The type is an integer type.
Type sizeof: 4

[INFO -- 2018-10-12 16:22:25]
Fault Injection Successful after 5.330372095108032s
[INFO -- 2018-10-12 16:22:32]
event type: exit
[INFO -- 2018-10-12 16:22:32]
exit code: 0
