[INFO -- 2018-11-27 20:23:00]
Starting flip_value script
version: 1.1
[INFO -- 2018-11-27 20:23:00]
Initialization strings:
[INFO -- 2018-11-27 20:23:00]
(1) file /tmp/lreg/lreg
[INFO -- 2018-11-27 20:23:00]
(2) set args /tmp/lreg/randInput /tmp/lreg/output
[INFO -- 2018-11-27 20:23:00]
initSignal:0
[INFO -- 2018-11-27 20:23:00]
endSignal:3
[INFO -- 2018-11-27 20:23:00]
faultModel:2
[INFO -- 2018-11-27 20:23:00]
Backtrace BEGIN:
#0  0x000055555555510c in verifyUintDup (a=1, b=1) at lreg.cpp:61
#1  0x00005555555557c3 in predict (v=6) at lreg.cpp:116
#2  0x00005555555558c0 in meanSquaredError () at lreg.cpp:128
#3  0x0000555555555ee5 in train (iter1=10000, iter2=10000, N=2, alpha1=0.00020000000000000001, alpha2=0.00020000000000000001, stopsWhenStable=true) at lreg.cpp:194
#4  0x0000555555556467 in main (argc=3, argv=0x7fffffffde58) at lreg.cpp:253

56	*/
57	
58	int detected = 0;
59	
60	
61	UINT verifyUintDup(UINT a, UINT b){
62		if (a != b && detected != 1){
63			//gerar entrada no log
64			ofstream fp ("/tmp/lreg/detected.log", std::ofstream::app);
65			fp << "verifyUint: a = "<<a<<"; b = "<<b<<endl;

Backtrace END
Memory content before bitflip:0x000x000x000x00
Fault Model: Random bit-flip
base address to flip value: 0x7fffffffd8ec
address max offset: 4
Memory content after  bitflip:0x180xd10xad0x07
frame name: main
symbol name: i1
symbol filename: lreg.cpp
symbol line: 232
value: 128831768
value address: 0x7fffffffd8ec
Type: The type is an integer type.
Type sizeof: 4

[INFO -- 2018-11-27 20:23:00]
Fault Injection Successful after 0.7601790428161621s
[INFO -- 2018-11-27 20:23:00]
event type: exit
[INFO -- 2018-11-27 20:23:00]
exit code: 0
