[INFO -- 2018-11-25 11:40:17]
Starting flip_value script
version: 1.1
[INFO -- 2018-11-25 11:40:17]
Initialization strings:
[INFO -- 2018-11-25 11:40:17]
(1) file /tmp/lreg/lreg
[INFO -- 2018-11-25 11:40:17]
(2) set args /tmp/lreg/randInput /tmp/lreg/output /tmp/lreg/detected.log
[INFO -- 2018-11-25 11:40:17]
initSignal:0
[INFO -- 2018-11-25 11:40:17]
endSignal:6
[INFO -- 2018-11-25 11:40:17]
faultModel:2
[INFO -- 2018-11-25 11:40:19]
Backtrace BEGIN:
#0  0x00007ffff76da53c in __ieee754_pow_sse2 (x=-2, y=3) at ../sysdeps/ieee754/dbl-64/e_pow.c:65
#1  0x00007ffff76bcb14 in __pow (x=-2, y=3) at w_pow_compat.c:30
#2  0x000055555555621b in std::pow<double, int> (__x=-2, __y=3) at /usr/include/c++/7/cmath:418
#3  0x0000555555555237 in predict (v=-2) at lreg.cpp:50
#4  0x00005555555552ba in meanSquaredError () at lreg.cpp:61
#5  0x00005555555556b1 in train (iterations=30000, alpha=2.2222199999999999e-05, N=4, stopsWhenStable=true) at lreg.cpp:121
#6  0x0000555555555a1c in execute (input=0x7fffffffe1f1 "/tmp/lreg/randInput") at lreg.cpp:157
#7  0x0000555555555cb0 in main (argc=4, argv=0x7fffffffde48) at lreg.cpp:196

60	../sysdeps/ieee754/dbl-64/e_pow.c: No such file or directory.

Backtrace END
Fliping value of field: std::_Vector_base<double, std::allocator<double> >
Fliping value of field: _M_impl
Fliping value of field: _M_start
Fliping a bit of the value pointed by a pointer
Memory content before bitflip:0x000x000x000x000x000x000x2e0xc0
Fault Model: Random bit-flip
base address to flip value: 0x5555557724b0
address max offset: 8
Memory content after  bitflip:0xfb0x050xdd0xba0xe50x660xd80xd4
frame name: main
symbol name: x
symbol filename: lreg.cpp
symbol line: 32
value: std::vector of length 16, capacity 16 = {-5.3373167295495319e+100, -9, -1, 29, 5, -18, 31, -16, -18, -28, 25, -14, 7, -2, -17, 21}
value address: 0x55555575b140 <x>
Type: The type is a structure.
Type sizeof: 24
Field name: std::_Vector_base<double, std::allocator<double> >
Field Type: The type is a structure.
Field Type sizeof: 24

[INFO -- 2018-11-25 11:40:19]
Fault Injection Successful after 2.6825830936431885s
[INFO -- 2018-11-25 11:40:20]
event type: exit
[INFO -- 2018-11-25 11:40:20]
exit code: 0
