[INFO -- 2018-09-14 23:32:34]
Starting flip_value script
version: 1.1
[INFO -- 2018-09-14 23:32:34]
Initialization strings:
[INFO -- 2018-09-14 23:32:34]
(1) file /tmp/lreg/lreg
[INFO -- 2018-09-14 23:32:34]
(2) set args /tmp/lreg/randInput /tmp/lreg/output
[INFO -- 2018-09-14 23:32:34]
initSignal:0
[INFO -- 2018-09-14 23:32:34]
endSignal:2
[INFO -- 2018-09-14 23:32:34]
faultModel:2
[INFO -- 2018-09-14 23:32:34]
Backtrace BEGIN:
#0  dl_main (phdr=<optimized out>, phnum=<optimized out>, user_entry=<optimized out>, auxv=<optimized out>) at rtld.c:2289
#1  0x00007ffff7defdd0 in _dl_sysdep_start (start_argptr=start_argptr@entry=0x7fffffffde60, dl_main=dl_main@entry=0x7ffff7dd7660 <dl_main>) at ../elf/dl-sysdep.c:253
#2  0x00007ffff7dd7128 in _dl_start_final (arg=0x7fffffffde60) at rtld.c:414
#3  _dl_start (arg=0x7fffffffde60) at rtld.c:521
#4  0x00007ffff7dd6098 in _start () from /lib64/ld-linux-x86-64.so.2
#5  0x0000000000000003 in ?? ()
#6  0x00007fffffffe205 in ?? ()
#7  0x00007fffffffe214 in ?? ()
#8  0x00007fffffffe228 in ?? ()
#9  0x0000000000000000 in ?? ()

2284	rtld.c: No such file or directory.

Backtrace END
Memory content before bitflip:0x3b0x120xc30xda0x330x2e0x120x3b
Fault Model: Random bit-flip
base address to flip value: 0x7ffff7ffc730 
address max offset: 8
Memory content after  bitflip:0xc20x210xe40xdd0x800x1f0x7f0x1e
frame name: dl_main
symbol name: __pointer_chk_guard_local
symbol filename: rtld.c
symbol line: 96
value: 2197509781519081922
value address: 0x7ffff7ffc730 <__pointer_chk_guard_local>
Type: The type is an integer type.
Type sizeof: 8

[INFO -- 2018-09-14 23:32:34]
Fault Injection Successful after 0.9493224620819092s
[INFO -- 2018-09-14 23:32:41]
event type: exit
[INFO -- 2018-09-14 23:32:41]
exit code: 0
