[INFO -- 2018-11-16 14:39:36]
Starting flip_value script
version: 1.1
[INFO -- 2018-11-16 14:39:36]
Initialization strings:
[INFO -- 2018-11-16 14:39:36]
(1) file /tmp/lreg/lreg
[INFO -- 2018-11-16 14:39:36]
(2) set args /tmp/lreg/randInput /tmp/lreg/output
[INFO -- 2018-11-16 14:39:36]
initSignal:0
[INFO -- 2018-11-16 14:39:36]
endSignal:5
[INFO -- 2018-11-16 14:39:36]
faultModel:2
[INFO -- 2018-11-16 14:39:38]
Backtrace BEGIN:
#0  0x00007ffff76da53c in __ieee754_pow_sse2 (x=25, y=0) at ../sysdeps/ieee754/dbl-64/e_pow.c:65
#1  0x00007ffff76bcb14 in __pow (x=25, y=0) at w_pow_compat.c:30
#2  0x0000555555556826 in std::pow<double, unsigned int> (__x=25, __y=0) at /usr/include/c++/7/cmath:418
#3  0x0000555555555814 in predict (v=25) at lreg.cpp:116
#4  0x0000555555555a53 in partialDerivate (pos1=3, pos2=3) at lreg.cpp:142
#5  0x0000555555555bbe in adjust (alpha1=2.2222199999999999e-05, alpha2=2.2222199999999999e-05) at lreg.cpp:156
#6  0x0000555555555ee0 in train (iter1=45000, iter2=45000, N=4, alpha1=2.2222199999999999e-05, alpha2=2.2222199999999999e-05, stopsWhenStable=true) at lreg.cpp:193
#7  0x0000555555556467 in main (argc=3, argv=0x7fffffffde58) at lreg.cpp:253

60	../sysdeps/ieee754/dbl-64/e_pow.c: No such file or directory.

Backtrace END
Memory content before bitflip:0x000x000x000x000x000x000x390x40
Fault Model: Random bit-flip
base address to flip value: 0x7fffffffd660
address max offset: 8
Memory content after  bitflip:0xfd0xe70xff0x020x300x3b0xf40x5b
frame name: __pow
symbol name: x
symbol filename: w_pow_compat.c
symbol line: 28
value: 9.1905128629290194e+134
value address: 0x7fffffffd660
Type: A floating point type.
Type sizeof: 8

[INFO -- 2018-11-16 14:39:38]
Fault Injection Successful after 2.3921055793762207s
[INFO -- 2018-11-16 14:39:40]
event type: exit
[INFO -- 2018-11-16 14:39:40]
exit code: 0
