[INFO -- 2018-10-08 18:49:49]
Starting flip_value script
version: 1.1
[INFO -- 2018-10-08 18:49:49]
Initialization strings:
[INFO -- 2018-10-08 18:49:49]
(1) file /tmp/lreg/lreg
[INFO -- 2018-10-08 18:49:49]
(2) set args /tmp/lreg/randInput /tmp/lreg/output
[INFO -- 2018-10-08 18:49:49]
initSignal:0
[INFO -- 2018-10-08 18:49:49]
endSignal:10
[INFO -- 2018-10-08 18:49:49]
faultModel:1
[INFO -- 2018-10-08 18:49:56]
Backtrace BEGIN:
#0  std::pow<double, unsigned int> (__x=-16, __y=1) at /usr/include/c++/7/cmath:418
#1  0x0000555555555590 in partialDerivate (pos=1) at lreg.cpp:107
#2  0x0000555555555670 in adjust () at lreg.cpp:123
#3  0x0000555555555881 in train (iterations=90000, N=4, stopsWhenStable=true) at lreg.cpp:159
#4  0x0000555555555dba in main (argc=3, argv=0x7fffffffde68) at lreg.cpp:225

413	    inline _GLIBCXX_CONSTEXPR
414	    typename __gnu_cxx::__promote_2<_Tp, _Up>::__type
415	    pow(_Tp __x, _Up __y)
416	    {
417	      typedef typename __gnu_cxx::__promote_2<_Tp, _Up>::__type __type;
418	      return pow(__type(__x), __type(__y));
419	    }
420	
421	  using ::sin;
422	

Backtrace END
Memory content before bitflip:0x460x5a0xb70xf40x390x4d0xf70x3e
Fault Model: Double bit-flip
base address to flip value: 0x55555575a1a0 
address max offset: 8
Memory content after  bitflip:0x460x5a0xa60xf40x390x4d0xf70x3e
frame name: main
symbol name: a2
symbol filename: lreg.cpp
symbol line: 45
value: 2.222219999622524e-05
value address: 0x55555575a1a0 <a2>
Type: A floating point type.
Type sizeof: 8

[INFO -- 2018-10-08 18:49:56]
Fault Injection Successful after 7.446962356567383s
[INFO -- 2018-10-08 18:50:00]
event type: exit
[INFO -- 2018-10-08 18:50:00]
exit code: 0
