[INFO -- 2018-10-04 18:45:10]
Starting flip_value script
version: 1.1
[INFO -- 2018-10-04 18:45:10]
Initialization strings:
[INFO -- 2018-10-04 18:45:10]
(1) file /tmp/lreg/lreg
[INFO -- 2018-10-04 18:45:10]
(2) set args /tmp/lreg/randInput /tmp/lreg/output
[INFO -- 2018-10-04 18:45:10]
initSignal:0
[INFO -- 2018-10-04 18:45:10]
endSignal:10
[INFO -- 2018-10-04 18:45:10]
faultModel:1
[INFO -- 2018-10-04 18:45:13]
Backtrace BEGIN:
#0  0x00007ffff76d58d7 in __ieee754_pow_sse2 (x=25, y=3) at ../sysdeps/ieee754/dbl-64/e_pow.c:115
#1  0x00007ffff76d66be in __ieee754_pow_sse2 (x=<optimized out>, y=<optimized out>) at ../sysdeps/ieee754/dbl-64/e_pow.c:184
#2  0x00007ffff76b7b14 in __pow (x=-25, y=3) at w_pow_compat.c:30
#3  0x0000555555555d47 in std::pow<double, int> (__x=-25, __y=3) at /usr/include/c++/7/cmath:418
#4  0x00005555555551e7 in predict (v=-25) at lreg.cpp:50
#5  0x000055555555526a in meanSquaredError () at lreg.cpp:61
#6  0x0000555555555661 in train (iterations=90000, alpha=2.2222199999999999e-05, N=4, stopsWhenStable=true) at lreg.cpp:121
#7  0x0000555555555ab7 in main (argc=3, argv=0x7fffffffde58) at lreg.cpp:174

110	../sysdeps/ieee754/dbl-64/e_pow.c: No such file or directory.

Backtrace END
Fliping value of field: std::_Vector_base<double, std::allocator<double> >
Fliping value of field: _M_impl
Fliping value of field: _M_end_of_storage
Fliping a bit of the pointer
Memory content before bitflip:0x700x1b0x770x550x550x550x000x00
Fault Model: Double bit-flip
base address to flip value: 0x55555575a170 
address max offset: 8
Memory content after  bitflip:0xd00x1b0x770x550x550x550x000x00
frame name: std::pow<double, int>
symbol name: y
symbol filename: lreg.cpp
symbol line: 33
value: std::vector of length 36, capacity 76 = {29, 9, -11, -13, -13, 21, 1, 23, -15, 33, 53, 33, -7, -15, -79, -23, -27, -47, -23, 61, 90597, -30909, 80037, 111, -121719, -2299, 9633, 297, -17433, -2299, 70331, -11079, -873, 114423, -69, 617}
value address: 0x55555575a160 <y>
Type: The type is a structure.
Type sizeof: 24
Field name: std::_Vector_base<double, std::allocator<double> >
Field Type: The type is a structure.
Field Type sizeof: 24

[INFO -- 2018-10-04 18:45:13]
Fault Injection Successful after 3.8134074211120605s
[INFO -- 2018-10-04 18:45:18]
event type: exit
[INFO -- 2018-10-04 18:45:18]
exit code: 0
