[INFO -- 2018-11-01 22:31:30]
Starting flip_value script
version: 1.1
[INFO -- 2018-11-01 22:31:30]
Initialization strings:
[INFO -- 2018-11-01 22:31:30]
(1) file /tmp/lreg/lreg
[INFO -- 2018-11-01 22:31:30]
(2) set args /tmp/lreg/randInput /tmp/lreg/output /tmp/lreg/detected.log
[INFO -- 2018-11-01 22:31:30]
initSignal:0
[INFO -- 2018-11-01 22:31:30]
endSignal:20
[INFO -- 2018-11-01 22:31:30]
faultModel:0
[INFO -- 2018-11-01 22:31:36]
Backtrace BEGIN:
#0  libc_feholdsetround_sse_ctx (r=0, ctx=<synthetic pointer>) at ../sysdeps/i386/fpu/fenv_private.h:450
#1  __ieee754_pow_sse2 (x=5, y=3) at ../sysdeps/ieee754/dbl-64/e_pow.c:97
#2  0x00007ffff76db6be in __ieee754_pow_sse2 (x=<optimized out>, y=<optimized out>) at ../sysdeps/ieee754/dbl-64/e_pow.c:184
#3  0x00007ffff76bcb14 in __pow (x=-5, y=3) at w_pow_compat.c:30
#4  0x0000555555556131 in std::pow<double, int> (__x=-5, __y=3) at /usr/include/c++/7/cmath:418
#5  0x0000555555555451 in partialDerivate (pos=3) at lreg.cpp:74
#6  0x0000555555555503 in adjust (alpha=2.2222199999999999e-05) at lreg.cpp:87
#7  0x00005555555556ac in train (iterations=60000, alpha=2.2222199999999999e-05, N=4, stopsWhenStable=true) at lreg.cpp:120
#8  0x0000555555555a1c in execute (input=0x7fffffffe1f3 "/tmp/lreg/randInput") at lreg.cpp:157
#9  0x0000555555555c60 in main (argc=4, argv=0x7fffffffde48) at lreg.cpp:191

445	../sysdeps/i386/fpu/fenv_private.h: No such file or directory.

Backtrace END
Memory content before bitflip:0x000x000x000x000x000x000x140xc0
Fault Model: Single bit-flip
base address to flip value: 0x7fffffffd460
address max offset: 8
Memory content after  bitflip:0x000x000x000x000x000x000x140x80
frame name: __pow
symbol name: x
symbol filename: w_pow_compat.c
symbol line: 28
value: -2.7813423231340017e-308
value address: 0x7fffffffd460
Type: A floating point type.
Type sizeof: 8

[INFO -- 2018-11-01 22:31:36]
Fault Injection Successful after 6.087874889373779s
[INFO -- 2018-11-01 22:31:58]
event type: exit
[INFO -- 2018-11-01 22:31:58]
exit code: 0
