[INFO -- 2018-10-09 18:50:07]
Starting flip_value script
version: 1.1
[INFO -- 2018-10-09 18:50:07]
Initialization strings:
[INFO -- 2018-10-09 18:50:07]
(1) file /tmp/lreg/lreg
[INFO -- 2018-10-09 18:50:07]
(2) set args /tmp/lreg/randInput /tmp/lreg/output
[INFO -- 2018-10-09 18:50:07]
initSignal:0
[INFO -- 2018-10-09 18:50:07]
endSignal:10
[INFO -- 2018-10-09 18:50:07]
faultModel:2
[INFO -- 2018-10-09 18:50:09]
Backtrace BEGIN:
#0  0x00007ffff76d5683 in __ieee754_pow_sse2 (x=16, y=3) at ../sysdeps/ieee754/dbl-64/e_pow.c:101
#1  0x00007ffff76b7b14 in __pow (x=16, y=3) at w_pow_compat.c:30
#2  0x00005555555560ba in std::pow<double, unsigned int> (__x=16, __y=3) at /usr/include/c++/7/cmath:418
#3  0x00005555555552c2 in predict (v=16) at lreg.cpp:77
#4  0x000055555555537b in meanSquaredError () at lreg.cpp:91
#5  0x0000555555555886 in train (iterations=90000, N=4, stopsWhenStable=true) at lreg.cpp:160
#6  0x0000555555555dba in main (argc=3, argv=0x7fffffffde68) at lreg.cpp:225

96	../sysdeps/ieee754/dbl-64/e_pow.c: No such file or directory.

Backtrace END
Fliping value of field name: x
Memory content before bitflip:0x000x380xfa0xfe0x420x2e0xe60x3f
Fault Model: Random bit-flip
base address to flip value: 0x7ffff779a5c8 
address max offset: 8
Memory content after  bitflip:0x550x110x640x730x5d0x930xe40x0c
frame name: __ieee754_pow_sse2
symbol name: ln2a
symbol filename: ../sysdeps/ieee754/dbl-64/upow.h
symbol line: 50
value: {i = {1935937877, 216306525}, x = 1.4713873287803488e-246}
value address: 0x7ffff779a5c8 <ln2a>
Type: The type is a union.
Type sizeof: 8
Field name: i
Field Type: The type is an array.
Field Type sizeof: 8
Field name: x
Field Type: A floating point type.
Field Type sizeof: 8

[INFO -- 2018-10-09 18:50:09]
Fault Injection Successful after 2.897871255874634s
[INFO -- 2018-10-09 18:50:17]
event type: exit
[INFO -- 2018-10-09 18:50:17]
exit code: 0
