[INFO -- 2018-11-15 13:15:32]
Starting flip_value script
version: 1.1
[INFO -- 2018-11-15 13:15:32]
Initialization strings:
[INFO -- 2018-11-15 13:15:32]
(1) file /tmp/lreg/lreg
[INFO -- 2018-11-15 13:15:32]
(2) set args /tmp/lreg/randInput /tmp/lreg/output
[INFO -- 2018-11-15 13:15:32]
initSignal:0
[INFO -- 2018-11-15 13:15:32]
endSignal:5
[INFO -- 2018-11-15 13:15:32]
faultModel:1
[INFO -- 2018-11-15 13:15:33]
Backtrace BEGIN:
#0  0x000055555555511b in verifyUintDup (a=0, b=0) at lreg.cpp:61
#1  0x000055555555579a in predict (v=-15) at lreg.cpp:116
#2  0x0000555555555a53 in partialDerivate (pos1=1, pos2=1) at lreg.cpp:142
#3  0x0000555555555bbe in adjust (alpha1=5.0000000000000002e-05, alpha2=5.0000000000000002e-05) at lreg.cpp:156
#4  0x0000555555555ee0 in train (iter1=30000, iter2=30000, N=3, alpha1=5.0000000000000002e-05, alpha2=5.0000000000000002e-05, stopsWhenStable=true) at lreg.cpp:193
#5  0x0000555555556467 in main (argc=3, argv=0x7fffffffde58) at lreg.cpp:253

56	*/
57	
58	int detected = 0;
59	
60	
61	UINT verifyUintDup(UINT a, UINT b){
62		if (a != b && detected != 1){
63			//gerar entrada no log
64			ofstream fp ("/tmp/lreg/detected.log", std::ofstream::app);
65			fp << "verifyUint: a = "<<a<<"; b = "<<b<<endl;

Backtrace END
Memory content before bitflip:0x060x000x000x00
Fault Model: Double bit-flip
base address to flip value: 0x7fffffffd90c
address max offset: 4
Memory content after  bitflip:0x060x000x000x42
frame name: main
symbol name: pred2
symbol filename: lreg.cpp
symbol line: 238
value: 1107296262
value address: 0x7fffffffd90c
Type: The type is an integer type.
Type sizeof: 4

[INFO -- 2018-11-15 13:15:33]
Fault Injection Successful after 1.0972297191619873s
[INFO -- 2018-11-15 13:15:35]
event type: exit
[INFO -- 2018-11-15 13:15:35]
exit code: 0
