[INFO -- 2018-10-13 12:58:59]
Starting flip_value script
version: 1.1
[INFO -- 2018-10-13 12:58:59]
Initialization strings:
[INFO -- 2018-10-13 12:58:59]
(1) file /tmp/lreg/lreg
[INFO -- 2018-10-13 12:58:59]
(2) set args /tmp/lreg/randInput /tmp/lreg/output
[INFO -- 2018-10-13 12:58:59]
initSignal:0
[INFO -- 2018-10-13 12:58:59]
endSignal:10
[INFO -- 2018-10-13 12:58:59]
faultModel:1
[INFO -- 2018-10-13 12:59:06]
Backtrace BEGIN:
#0  __ieee754_pow_sse2 (x=1, y=3) at ../sysdeps/ieee754/dbl-64/e_pow.c:110
#1  0x00007ffff76bcb14 in __pow (x=1, y=3) at w_pow_compat.c:30
#2  0x00005555555560ba in std::pow<double, unsigned int> (__x=1, __y=3) at /usr/include/c++/7/cmath:418
#3  0x0000555555555590 in partialDerivate (pos=3) at lreg.cpp:107
#4  0x0000555555555670 in adjust () at lreg.cpp:123
#5  0x0000555555555881 in train (iterations=90000, N=4, stopsWhenStable=true) at lreg.cpp:159
#6  0x0000555555555dba in main (argc=3, argv=0x7fffffffde68) at lreg.cpp:225

105	../sysdeps/ieee754/dbl-64/e_pow.c: No such file or directory.

Backtrace END
Fliping value of field: std::_Vector_base<double, std::allocator<double> >
Fliping value of field: _M_impl
Fliping value of field: _M_end_of_storage
Fliping a bit of the value pointed by a pointer
Memory content before bitflip:0x000x000x000x000x000x000x000x00
Fault Model: Double bit-flip
base address to flip value: 0x5555557713a0
address max offset: 8
Memory content after  bitflip:0x000x000x000x000x410x000x000x00
frame name: adjust
symbol name: T
symbol filename: lreg.cpp
symbol line: 43
value: std::vector of length 4, capacity 4 = {37.133822044702185, -304.28494697674137, 8.9780136863345383, 3.9527772690070284}
value address: 0x55555575a180 <T>
Type: The type is a structure.
Type sizeof: 24
Field name: std::_Vector_base<double, std::allocator<double> >
Field Type: The type is a structure.
Field Type sizeof: 24

[INFO -- 2018-10-13 12:59:06]
Fault Injection Successful after 7.309244871139526s
[INFO -- 2018-10-13 12:59:09]
event type: exit
[INFO -- 2018-10-13 12:59:09]
exit code: 0
