[INFO -- 2018-11-25 17:40:56]
Starting flip_value script
version: 1.1
[INFO -- 2018-11-25 17:40:56]
Initialization strings:
[INFO -- 2018-11-25 17:40:56]
(1) file /tmp/lreg/lreg
[INFO -- 2018-11-25 17:40:56]
(2) set args /tmp/lreg/randInput /tmp/lreg/output /tmp/lreg/detected.log
[INFO -- 2018-11-25 17:40:56]
initSignal:0
[INFO -- 2018-11-25 17:40:56]
endSignal:6
[INFO -- 2018-11-25 17:40:56]
faultModel:2
[INFO -- 2018-11-25 17:40:57]
Backtrace BEGIN:
#0  0x0000555555555241 in predict (v=-18) at lreg.cpp:50
#1  0x000055555555530a in meanSquaredError () at lreg.cpp:61
#2  0x00005555555556b1 in train (iterations=30000, alpha=2.2222199999999999e-05, N=4, stopsWhenStable=true) at lreg.cpp:121
#3  0x0000555555555a1c in execute (input=0x7fffffffe1f1 "/tmp/lreg/randInput") at lreg.cpp:157
#4  0x0000555555555c78 in main (argc=4, argv=0x7fffffffde48) at lreg.cpp:193

45		Predicts the value related to v using the Ts variables
46	*/
47	double predict(double v){
48		double val = 0;
49		for(int i = 0; i<T.size(); i++){
50			val+= (T[i] * pow(v, i));
51		}
52		return val;
53		
54	}

Backtrace END
Memory content before bitflip:0xf40x2c0x620xb50x560x710x400x41
Fault Model: Random bit-flip
base address to flip value: 0x7fffffffd528
address max offset: 8
Memory content after  bitflip:0xb50x850x830x3d0x970xa00x9d0x2c
frame name: meanSquaredError
symbol name: error
symbol filename: lreg.cpp
symbol line: 59
value: 8.8771498314659125e-94
value address: 0x7fffffffd528
Type: A floating point type.
Type sizeof: 8

[INFO -- 2018-11-25 17:40:57]
Fault Injection Successful after 1.8612284660339355s
[INFO -- 2018-11-25 17:40:59]
event type: exit
[INFO -- 2018-11-25 17:40:59]
exit code: 0
