[INFO -- 2018-11-05 21:37:40]
Starting flip_value script
version: 1.1
[INFO -- 2018-11-05 21:37:40]
Initialization strings:
[INFO -- 2018-11-05 21:37:40]
(1) file /tmp/lreg/lreg
[INFO -- 2018-11-05 21:37:40]
(2) set args /tmp/lreg/randInput /tmp/lreg/output /tmp/lreg/detected.log
[INFO -- 2018-11-05 21:37:40]
initSignal:0
[INFO -- 2018-11-05 21:37:40]
endSignal:10
[INFO -- 2018-11-05 21:37:40]
faultModel:1
[INFO -- 2018-11-05 21:37:42]
Backtrace BEGIN:
#0  std::_Vector_base<double, std::allocator<double> >::_Vector_impl::_Vector_impl (this=0x7fffffffd5f0, __a=...) at /usr/include/c++/7/bits/stl_vector.h:94
#1  0x0000555555556888 in std::_Vector_base<double, std::allocator<double> >::_Vector_base (this=0x7fffffffd5f0, __n=4, __a=...) at /usr/include/c++/7/bits/stl_vector.h:137
#2  0x0000555555556307 in std::vector<double, std::allocator<double> >::vector (this=0x7fffffffd5f0, __x=std::vector of length 4, capacity 4 = {...}) at /usr/include/c++/7/bits/stl_vector.h:328
#3  0x0000555555555713 in train (iterations=45000, alpha=2.2222199999999999e-05, N=4, stopsWhenStable=true) at lreg.cpp:126
#4  0x0000555555555a1c in execute (input=0x7fffffffe1f3 "/tmp/lreg/randInput") at lreg.cpp:157
#5  0x0000555555555c60 in main (argc=4, argv=0x7fffffffde48) at lreg.cpp:191

89		: _Tp_alloc_type(), _M_start(), _M_finish(), _M_end_of_storage()
90		{ }
91	
92		_Vector_impl(_Tp_alloc_type const& __a) _GLIBCXX_NOEXCEPT
93		: _Tp_alloc_type(__a), _M_start(), _M_finish(), _M_end_of_storage()
94		{ }
95	
96	#if __cplusplus >= 201103L
97		_Vector_impl(_Tp_alloc_type&& __a) noexcept
98		: _Tp_alloc_type(std::move(__a)),

Backtrace END
Memory content before bitflip:0x2b0x0d0x000x00
Fault Model: Double bit-flip
base address to flip value: 0x7fffffffd57c
address max offset: 4
Memory content after  bitflip:0x2b0x0d0xa00x00
frame name: train
symbol name: i
symbol filename: lreg.cpp
symbol line: 118
value: 10489131
value address: 0x7fffffffd57c
Type: The type is an integer type.
Type sizeof: 4

[INFO -- 2018-11-05 21:37:42]
Fault Injection Successful after 2.305478572845459s
[INFO -- 2018-11-05 21:37:45]
event type: exit
[INFO -- 2018-11-05 21:37:45]
exit code: 0
