[INFO -- 2018-11-16 10:55:05]
Starting flip_value script
version: 1.1
[INFO -- 2018-11-16 10:55:05]
Initialization strings:
[INFO -- 2018-11-16 10:55:05]
(1) file /tmp/lreg/lreg
[INFO -- 2018-11-16 10:55:05]
(2) set args /tmp/lreg/randInput /tmp/lreg/output
[INFO -- 2018-11-16 10:55:05]
initSignal:0
[INFO -- 2018-11-16 10:55:05]
endSignal:5
[INFO -- 2018-11-16 10:55:05]
faultModel:2
[INFO -- 2018-11-16 10:55:08]
Backtrace BEGIN:
#0  0x00005555555567c4 in std::vector<double, std::allocator<double> >::operator[] (this=0x55555575b1a0 <T2>, __n=8589934594) at /usr/include/c++/7/bits/stl_vector.h:795
#1  0x00005555555557ab in predict (v=-12) at lreg.cpp:116
#2  0x0000555555555928 in meanSquaredError () at lreg.cpp:128
#3  0x0000555555555ee5 in train (iter1=30000, iter2=30000, N=3, alpha1=5.0000000000000002e-05, alpha2=5.0000000000000002e-05, stopsWhenStable=true) at lreg.cpp:194
#4  0x0000555555556467 in main (argc=3, argv=0x7fffffffde58) at lreg.cpp:253

790	       *  Note that data access with this operator is unchecked and
791	       *  out_of_range lookups are not defined. (For checked lookups
792	       *  see at().)
793	       */
794	      reference
795	      operator[](size_type __n) _GLIBCXX_NOEXCEPT
796	      {
797		__glibcxx_requires_subscript(__n);
798		return *(this->_M_impl._M_start + __n);
799	      }

Backtrace END
Fliping value of field: std::_Vector_base<double, std::allocator<double> >
Fliping value of field: _M_impl
Fliping value of field: _M_end_of_storage
Fliping a bit of the value pointed by a pointer
Memory content before bitflip:0x000x000x000x000x000x000x000x00
Fault Model: Random bit-flip
base address to flip value: 0x555555772480
address max offset: 8
Memory content after  bitflip:0xfd0x180x3d0x920x740xa10x300xb0
frame name: std::vector<double, std::allocator<double> >::operator[]
symbol name: x
symbol filename: lreg.cpp
symbol line: 34
value: std::vector of length 13, capacity 16 = {-2, 20, 5, -12, 1, -1, -2, 10, 5, 13, -11, -20, 6}
value address: 0x55555575b140 <x>
Type: The type is a structure.
Type sizeof: 24
Field name: std::_Vector_base<double, std::allocator<double> >
Field Type: The type is a structure.
Field Type sizeof: 24

[INFO -- 2018-11-16 10:55:08]
Fault Injection Successful after 3.3735766410827637s
[INFO -- 2018-11-16 10:55:13]
event type: exit
[INFO -- 2018-11-16 10:55:13]
exit code: 0
