[INFO -- 2018-11-24 16:10:18]
Starting flip_value script
version: 1.1
[INFO -- 2018-11-24 16:10:18]
Initialization strings:
[INFO -- 2018-11-24 16:10:18]
(1) file /tmp/lreg/lreg
[INFO -- 2018-11-24 16:10:18]
(2) set args /tmp/lreg/randInput /tmp/lreg/output /tmp/lreg/detected.log
[INFO -- 2018-11-24 16:10:18]
initSignal:0
[INFO -- 2018-11-24 16:10:18]
endSignal:6
[INFO -- 2018-11-24 16:10:18]
faultModel:2
[INFO -- 2018-11-24 16:10:22]
Backtrace BEGIN:
#0  0x00007ffff76da86a in __ieee754_pow_sse2 (x=18, y=3) at ../sysdeps/ieee754/dbl-64/e_pow.c:107
#1  0x00007ffff76db6be in __ieee754_pow_sse2 (x=<optimized out>, y=<optimized out>) at ../sysdeps/ieee754/dbl-64/e_pow.c:184
#2  0x00007ffff76bcb14 in __pow (x=-18, y=3) at w_pow_compat.c:30
#3  0x0000555555556149 in std::pow<double, int> (__x=-18, __y=3) at /usr/include/c++/7/cmath:418
#4  0x0000555555555237 in predict (v=-18) at lreg.cpp:50
#5  0x00005555555552ba in meanSquaredError () at lreg.cpp:61
#6  0x00005555555556b1 in train (iterations=30000, alpha=2.2222199999999999e-05, N=4, stopsWhenStable=true) at lreg.cpp:121
#7  0x0000555555555a1c in execute (input=0x7fffffffe1f2 "/tmp/lreg/randInput") at lreg.cpp:157
#8  0x0000555555555cb0 in main (argc=4, argv=0x7fffffffde48) at lreg.cpp:196

102	../sysdeps/ieee754/dbl-64/e_pow.c: No such file or directory.

Backtrace END
Memory content before bitflip:0x460x5a0xb70xf40x390x4d0xf70x3e
Fault Model: Random bit-flip
base address to flip value: 0x7fffffffd560
address max offset: 8
Memory content after  bitflip:0xf30x530x7c0x370x1c0x8d0xa30x7d
frame name: train
symbol name: alpha
symbol filename: lreg.cpp
symbol line: 105
value: 1.5983041174433907e+297
value address: 0x7fffffffd560
Type: A floating point type.
Type sizeof: 8

[INFO -- 2018-11-24 16:10:22]
Fault Injection Successful after 4.472865581512451s
[INFO -- 2018-11-24 16:10:22]
event type: exit
[INFO -- 2018-11-24 16:10:22]
exit code: 0
