[INFO -- 2018-11-27 18:55:32]
Starting flip_value script
version: 1.1
[INFO -- 2018-11-27 18:55:32]
Initialization strings:
[INFO -- 2018-11-27 18:55:32]
(1) file /tmp/lreg/lreg
[INFO -- 2018-11-27 18:55:32]
(2) set args /tmp/lreg/randInput /tmp/lreg/output
[INFO -- 2018-11-27 18:55:32]
initSignal:0
[INFO -- 2018-11-27 18:55:32]
endSignal:3
[INFO -- 2018-11-27 18:55:32]
faultModel:0
[INFO -- 2018-11-27 18:55:33]
Backtrace BEGIN:
#0  0x00007ffff76db67b in __ieee754_pow_sse2 (x=-18, y=3) at ../sysdeps/ieee754/dbl-64/e_pow.c:169
#1  0x00007ffff76bcb14 in __pow (x=-18, y=3) at w_pow_compat.c:30
#2  0x0000555555556826 in std::pow<double, unsigned int> (__x=-18, __y=3) at /usr/include/c++/7/cmath:418
#3  0x0000555555555814 in predict (v=-18) at lreg.cpp:116
#4  0x0000555555555a53 in partialDerivate (pos1=1, pos2=1) at lreg.cpp:142
#5  0x0000555555555bbe in adjust (alpha1=2.2222199999999999e-05, alpha2=2.2222199999999999e-05) at lreg.cpp:156
#6  0x0000555555555ee0 in train (iter1=30000, iter2=30000, N=4, alpha1=2.2222199999999999e-05, alpha2=2.2222199999999999e-05, stopsWhenStable=true) at lreg.cpp:193
#7  0x0000555555556467 in main (argc=3, argv=0x7fffffffde58) at lreg.cpp:253

164	../sysdeps/ieee754/dbl-64/e_pow.c: No such file or directory.

Backtrace END
Memory content before bitflip:0x000x000x000x00
Fault Model: Single bit-flip
base address to flip value: 0x55555575b1b8 
address max offset: 4
Memory content after  bitflip:0x800x000x000x00
frame name: predict
symbol name: detected
symbol filename: lreg.cpp
symbol line: 58
value: 128
value address: 0x55555575b1b8 <detected>
Type: The type is an integer type.
Type sizeof: 4

[INFO -- 2018-11-27 18:55:33]
Fault Injection Successful after 1.6653549671173096s
[INFO -- 2018-11-27 18:55:34]
event type: exit
[INFO -- 2018-11-27 18:55:34]
exit code: 0
