[INFO -- 2018-10-03 14:46:05]
Starting flip_value script
version: 1.1
[INFO -- 2018-10-03 14:46:05]
Initialization strings:
[INFO -- 2018-10-03 14:46:05]
(1) file /tmp/lreg/lreg
[INFO -- 2018-10-03 14:46:05]
(2) set args /tmp/lreg/randInput /tmp/lreg/output
[INFO -- 2018-10-03 14:46:05]
initSignal:0
[INFO -- 2018-10-03 14:46:05]
endSignal:10
[INFO -- 2018-10-03 14:46:05]
faultModel:0
[EXCEPTION -- 2018-10-03 14:46:06]
pythonException: Unable to exit loop in struct fields; Exiting wihtout making a bit flip
[INFO -- 2018-10-03 14:46:06]
Backtrace BEGIN:
#0  0x00007ffff76d5512 in __ieee754_pow_sse2 (x=-17, y=1) at ../sysdeps/ieee754/dbl-64/e_pow.c:65
#1  0x00007ffff76b7b14 in __pow (x=-17, y=1) at w_pow_compat.c:30
#2  0x0000555555555d47 in std::pow<double, int> (__x=-17, __y=1) at /usr/include/c++/7/cmath:418
#3  0x0000555555555401 in partialDerivate (pos=1) at lreg.cpp:74
#4  0x00005555555554b3 in adjust (alpha=5.0000000000000002e-05) at lreg.cpp:87
#5  0x000055555555565c in train (iterations=60000, alpha=5.0000000000000002e-05, N=3, stopsWhenStable=true) at lreg.cpp:120
#6  0x0000555555555ab7 in main (argc=3, argv=0x7fffffffde58) at lreg.cpp:174

60	in ../sysdeps/ieee754/dbl-64/e_pow.c

Backtrace END
Memory content before bitflip:0x01
Fault Model: Single bit-flip
base address to flip value: 0x7fffffffd80c
address max offset: 1
Memory content after  bitflip:0x21
frame name: train
symbol name: stopsWhenStable
symbol filename: lreg.cpp
symbol line: 105
value: 33
value address: 0x7fffffffd80c
Type: A boolean type.
Type sizeof: 1

[INFO -- 2018-10-03 14:46:06]
Fault Injection Successful after 1.9949522018432617s
[INFO -- 2018-10-03 14:46:13]
event type: exit
[INFO -- 2018-10-03 14:46:13]
exit code: 0
