[INFO -- 2018-11-26 14:56:33]
Starting flip_value script
version: 1.1
[INFO -- 2018-11-26 14:56:33]
Initialization strings:
[INFO -- 2018-11-26 14:56:33]
(1) file /tmp/lreg/lreg
[INFO -- 2018-11-26 14:56:33]
(2) set args /tmp/lreg/randInput /tmp/lreg/output
[INFO -- 2018-11-26 14:56:33]
initSignal:0
[INFO -- 2018-11-26 14:56:33]
endSignal:3
[INFO -- 2018-11-26 14:56:33]
faultModel:1
[INFO -- 2018-11-26 14:56:33]
Backtrace BEGIN:
#0  predict (v=-10) at lreg.cpp:115
#1  0x0000555555555a53 in partialDerivate (pos1=0, pos2=0) at lreg.cpp:142
#2  0x0000555555555bbe in adjust (alpha1=0.00020000000000000001, alpha2=0.00020000000000000001) at lreg.cpp:156
#3  0x0000555555555ee0 in train (iter1=10000, iter2=10000, N=2, alpha1=0.00020000000000000001, alpha2=0.00020000000000000001, stopsWhenStable=true) at lreg.cpp:193
#4  0x0000555555556467 in main (argc=3, argv=0x7fffffffde58) at lreg.cpp:253

110		Predicts the value related to v using the Ts variables
111	*/
112	double predict(double v){
113		double val = 0;
114		
115		for(UINT i1 = 0, i2 = 0; verifyUintDup(i1, i2)<T1.size(); i1++, i2++){
116			val+= (verifyDoubleDup(T1[verifyUintDup(i1, i2)], T2[verifyUintDup(i1, i2)]) * pow(v, verifyUintDup(i1, i2)));
117		}
118		return val;
119		

Backtrace END
Memory content before bitflip:0x030x000x000x00
Fault Model: Double bit-flip
base address to flip value: 0x7fffffffd8cc
address max offset: 4
Memory content after  bitflip:0x030x000x000x0a
frame name: main
symbol name: argc
symbol filename: lreg.cpp
symbol line: 217
value: 167772163
value address: 0x7fffffffd8cc
Type: The type is an integer type.
Type sizeof: 4

[INFO -- 2018-11-26 14:56:33]
Fault Injection Successful after 0.6154637336730957s
[INFO -- 2018-11-26 14:56:35]
event type: exit
[INFO -- 2018-11-26 14:56:35]
exit code: 0
