[INFO -- 2018-10-01 14:52:41]
Starting flip_value script
version: 1.1
[INFO -- 2018-10-01 14:52:41]
Initialization strings:
[INFO -- 2018-10-01 14:52:41]
(1) file /tmp/lreg/lreg
[INFO -- 2018-10-01 14:52:41]
(2) set args /tmp/lreg/randInput /tmp/lreg/output
[INFO -- 2018-10-01 14:52:41]
initSignal:0
[INFO -- 2018-10-01 14:52:41]
endSignal:10
[INFO -- 2018-10-01 14:52:41]
faultModel:2
[INFO -- 2018-10-01 14:52:45]
Backtrace BEGIN:
#0  __exp1 (x=<optimized out>, xx=<optimized out>, error=<optimized out>) at ../sysdeps/ieee754/dbl-64/e_exp.c:280
#1  0x00007ffff76d58dc in __ieee754_pow_sse2 (x=26, y=3) at ../sysdeps/ieee754/dbl-64/e_pow.c:115
#2  0x00007ffff76d66be in __ieee754_pow_sse2 (x=<optimized out>, y=<optimized out>) at ../sysdeps/ieee754/dbl-64/e_pow.c:184
#3  0x00007ffff76b7b14 in __pow (x=-26, y=3) at w_pow_compat.c:30
#4  0x0000555555555d47 in std::pow<double, int> (__x=-26, __y=3) at /usr/include/c++/7/cmath:418
#5  0x00005555555551e7 in predict (v=-26) at lreg.cpp:50
#6  0x000055555555526a in meanSquaredError () at lreg.cpp:61
#7  0x0000555555555661 in train (iterations=90000, alpha=2.2222199999999999e-05, N=4, stopsWhenStable=true) at lreg.cpp:121
#8  0x0000555555555ab7 in main (argc=3, argv=0x7fffffffde58) at lreg.cpp:174

275	../sysdeps/ieee754/dbl-64/e_exp.c: No such file or directory.

Backtrace END
Fliping value of field name: i
Fliping array at pos: 0
Memory content before bitflip:0x000x000x000x00
Fault Model: Random bit-flip
base address to flip value: 0x7ffff779a5e0 
address max offset: 4
Memory content after  bitflip:0x5a0xe60xbb0x3e
frame name: __ieee754_pow_sse2
symbol name: nZERO
symbol filename: ../sysdeps/ieee754/dbl-64/upow.h
symbol line: 47
value: {i = {1052501594, -2147483648}, x = -5.2000487978855146e-315}
value address: 0x7ffff779a5e0 <nZERO>
Type: The type is a union.
Type sizeof: 8
Field name: i
Field Type: The type is an array.
Field Type sizeof: 8
Field name: x
Field Type: A floating point type.
Field Type sizeof: 8

[INFO -- 2018-10-01 14:52:45]
Fault Injection Successful after 4.188313245773315s
[INFO -- 2018-10-01 14:52:48]
event type: exit
[INFO -- 2018-10-01 14:52:48]
exit code: 0
