[INFO -- 2018-11-12 18:17:06]
Starting flip_value script
version: 1.1
[INFO -- 2018-11-12 18:17:06]
Initialization strings:
[INFO -- 2018-11-12 18:17:07]
(1) file /tmp/lreg/lreg
[INFO -- 2018-11-12 18:17:07]
(2) set args /tmp/lreg/randInput /tmp/lreg/output
[INFO -- 2018-11-12 18:17:07]
initSignal:0
[INFO -- 2018-11-12 18:17:07]
endSignal:10
[INFO -- 2018-11-12 18:17:07]
faultModel:1
[INFO -- 2018-11-12 18:17:08]
Backtrace BEGIN:
#0  0x0000555555555825 in meanSquaredError () at lreg.cpp:125
#1  0x0000555555555da8 in train (iter1=30000, iter2=30000, N=3, alpha1=5.0000000000000002e-05, alpha2=5.0000000000000002e-05, stopsWhenStable=true) at lreg.cpp:191
#2  0x00005555555562e6 in main (argc=3, argv=0x7fffffffde68) at lreg.cpp:246

120	*/
121	double meanSquaredError(){
122		double error = 0;
123		
124		for(UINT i1 = 0, i2 = 0; verifyUintDup(i1, i2)<x.size(); i1++, i2++){
125			error+= ((predict(x[verifyUintDup(i1, i2)]) - y[verifyUintDup(i1, i2)]) * (predict(x[verifyUintDup(i1, i2)]) - y[verifyUintDup(i1, i2)]));	
126		}
127		error /= x.size();
128		return error;
129	

Backtrace END
Memory content before bitflip:0x630x160xf40x090xc90xc60x000x41
Fault Model: Double bit-flip
base address to flip value: 0x7fffffffd810
address max offset: 8
Memory content after  bitflip:0x630x160x340x090xc90xc60x000x41
frame name: train
symbol name: bestMSE
symbol filename: lreg.cpp
symbol line: 186
value: 137433.12949388017
value address: 0x7fffffffd810
Type: A floating point type.
Type sizeof: 8

[INFO -- 2018-11-12 18:17:08]
Fault Injection Successful after 1.9087035655975342s
[INFO -- 2018-11-12 18:17:22]
event type: exit
[INFO -- 2018-11-12 18:17:22]
exit code: 0
