[INFO -- 2018-10-13 16:14:30]
Starting flip_value script
version: 1.1
[INFO -- 2018-10-13 16:14:30]
Initialization strings:
[INFO -- 2018-10-13 16:14:30]
(1) file /tmp/lreg/lreg
[INFO -- 2018-10-13 16:14:30]
(2) set args /tmp/lreg/randInput /tmp/lreg/output
[INFO -- 2018-10-13 16:14:30]
initSignal:0
[INFO -- 2018-10-13 16:14:30]
endSignal:10
[INFO -- 2018-10-13 16:14:30]
faultModel:1
[INFO -- 2018-10-13 16:14:34]
Backtrace BEGIN:
#0  0x00007ffff76da53c in __ieee754_pow_sse2 (x=-12, y=2) at ../sysdeps/ieee754/dbl-64/e_pow.c:65
#1  0x00007ffff76bcb14 in __pow (x=-12, y=2) at w_pow_compat.c:30
#2  0x00005555555560ba in std::pow<double, unsigned int> (__x=-12, __y=2) at /usr/include/c++/7/cmath:418
#3  0x0000555555555590 in partialDerivate (pos=2) at lreg.cpp:107
#4  0x0000555555555670 in adjust () at lreg.cpp:123
#5  0x0000555555555881 in train (iterations=90000, N=4, stopsWhenStable=true) at lreg.cpp:159
#6  0x0000555555555dba in main (argc=3, argv=0x7fffffffde68) at lreg.cpp:225

60	../sysdeps/ieee754/dbl-64/e_pow.c: No such file or directory.

Backtrace END
Memory content before bitflip:0xe60x720x000x00
Fault Model: Double bit-flip
base address to flip value: 0x7fffffffd81c
address max offset: 4
Memory content after  bitflip:0xe60x720x030x00
frame name: train
symbol name: i3
symbol filename: lreg.cpp
symbol line: 154
value: 226022
value address: 0x7fffffffd81c
Type: The type is an integer type.
Type sizeof: 4

[INFO -- 2018-10-13 16:14:34]
Fault Injection Successful after 4.783375263214111s
[INFO -- 2018-10-13 16:14:39]
event type: exit
[INFO -- 2018-10-13 16:14:39]
exit code: 0
