[INFO -- 2018-11-14 17:49:21]
Starting flip_value script
version: 1.1
[INFO -- 2018-11-14 17:49:21]
Initialization strings:
[INFO -- 2018-11-14 17:49:21]
(1) file /tmp/lreg/lreg
[INFO -- 2018-11-14 17:49:21]
(2) set args /tmp/lreg/randInput /tmp/lreg/output
[INFO -- 2018-11-14 17:49:21]
initSignal:0
[INFO -- 2018-11-14 17:49:21]
endSignal:5
[INFO -- 2018-11-14 17:49:21]
faultModel:1
[INFO -- 2018-11-14 17:49:24]
Backtrace BEGIN:
#0  predict (v=1) at lreg.cpp:115
#1  0x00005555555558c0 in meanSquaredError () at lreg.cpp:128
#2  0x0000555555555ee5 in train (iter1=30000, iter2=30000, N=3, alpha1=5.0000000000000002e-05, alpha2=5.0000000000000002e-05, stopsWhenStable=true) at lreg.cpp:194
#3  0x0000555555556467 in main (argc=3, argv=0x7fffffffde68) at lreg.cpp:253

110		Predicts the value related to v using the Ts variables
111	*/
112	double predict(double v){
113		double val = 0;
114		
115		for(UINT i1 = 0, i2 = 0; verifyUintDup(i1, i2)<T1.size(); i1++, i2++){
116			val+= (verifyDoubleDup(T1[verifyUintDup(i1, i2)], T2[verifyUintDup(i1, i2)]) * pow(v, verifyUintDup(i1, i2)));
117		}
118		return val;
119		

Backtrace END
Fliping value of field: std::_Vector_base<double, std::allocator<double> >
Fliping value of field: _M_impl
Fliping value of field: _M_end_of_storage
Fliping a bit of the pointer
Memory content before bitflip:0x380x250x770x550x550x550x000x00
Fault Model: Double bit-flip
base address to flip value: 0x55555575b190 
address max offset: 8
Memory content after  bitflip:0x380x250x770x550x770x550x000x00
frame name: predict
symbol name: T1
symbol filename: lreg.cpp
symbol line: 36
value: std::vector of length 3, capacity 18253611011 = {-1.6201669797280467, 3.9759654170177461, -4.0047584316505604}
value address: 0x55555575b180 <T1>
Type: The type is a structure.
Type sizeof: 24
Field name: std::_Vector_base<double, std::allocator<double> >
Field Type: The type is a structure.
Field Type sizeof: 24

[INFO -- 2018-11-14 17:49:24]
Fault Injection Successful after 3.291943311691284s
[INFO -- 2018-11-14 17:49:29]
event type: exit
[INFO -- 2018-11-14 17:49:29]
exit code: 0
