[INFO -- 2018-11-23 22:03:38]
Starting flip_value script
version: 1.1
[INFO -- 2018-11-23 22:03:38]
Initialization strings:
[INFO -- 2018-11-23 22:03:38]
(1) file /tmp/lreg/lreg
[INFO -- 2018-11-23 22:03:38]
(2) set args /tmp/lreg/randInput /tmp/lreg/output
[INFO -- 2018-11-23 22:03:38]
initSignal:0
[INFO -- 2018-11-23 22:03:38]
endSignal:3
[INFO -- 2018-11-23 22:03:38]
faultModel:2
[INFO -- 2018-11-23 22:03:39]
Backtrace BEGIN:
#0  __exp1 (x=<optimized out>, xx=<optimized out>, error=<optimized out>) at ../sysdeps/ieee754/dbl-64/e_exp.c:278
#1  0x00007ffff76da8dc in __ieee754_pow_sse2 (x=25, y=3) at ../sysdeps/ieee754/dbl-64/e_pow.c:115
#2  0x00007ffff76bcb14 in __pow (x=25, y=3) at w_pow_compat.c:30
#3  0x0000555555555d5f in std::pow<double, int> (__x=25, __y=3) at /usr/include/c++/7/cmath:418
#4  0x00005555555551e7 in predict (v=25) at lreg.cpp:50
#5  0x00005555555552ba in meanSquaredError () at lreg.cpp:61
#6  0x0000555555555661 in train (iterations=30000, alpha=2.2222199999999999e-05, N=4, stopsWhenStable=true) at lreg.cpp:121
#7  0x0000555555555ab7 in main (argc=3, argv=0x7fffffffde58) at lreg.cpp:174

273	../sysdeps/ieee754/dbl-64/e_exp.c: No such file or directory.

Backtrace END
Fliping value of field name: i
Fliping array at pos: 0
Memory content before bitflip:0x6a0x010xf80xff
Fault Model: Random bit-flip
base address to flip value: 0x7ffff779f5b0 
address max offset: 4
Memory content after  bitflip:0x6c0x380x6d0x53
frame name: __ieee754_pow_sse2
symbol name: bigv
symbol filename: ../sysdeps/ieee754/dbl-64/upow.h
symbol line: 53
value: {i = {1399666796, 1107820543}, x = 12884896365.65255}
value address: 0x7ffff779f5b0 <bigv>
Type: The type is a union.
Type sizeof: 8
Field name: i
Field Type: The type is an array.
Field Type sizeof: 8
Field name: x
Field Type: A floating point type.
Field Type sizeof: 8

[INFO -- 2018-11-23 22:03:39]
Fault Injection Successful after 1.9693918228149414s
[INFO -- 2018-11-23 22:03:40]
event type: exit
[INFO -- 2018-11-23 22:03:40]
exit code: 0
