[INFO -- 2018-11-12 19:01:00]
Starting flip_value script
version: 1.1
[INFO -- 2018-11-12 19:01:00]
Initialization strings:
[INFO -- 2018-11-12 19:01:00]
(1) file /tmp/lreg/lreg
[INFO -- 2018-11-12 19:01:00]
(2) set args /tmp/lreg/randInput /tmp/lreg/output
[INFO -- 2018-11-12 19:01:00]
initSignal:0
[INFO -- 2018-11-12 19:01:00]
endSignal:10
[INFO -- 2018-11-12 19:01:00]
faultModel:0
[INFO -- 2018-11-12 19:01:04]
Backtrace BEGIN:
#0  0x0000555555556656 in std::vector<double, std::allocator<double> >::operator[] (this=0x55555575b1a0 <T2>, __n=8589934594) at /usr/include/c++/7/bits/stl_vector.h:795
#1  0x000055555555567e in predict (v=12) at lreg.cpp:113
#2  0x000055555555591a in partialDerivate (pos1=0, pos2=0) at lreg.cpp:139
#3  0x0000555555555a81 in adjust (alpha1=2.2222199999999999e-05, alpha2=2.2222199999999999e-05) at lreg.cpp:153
#4  0x0000555555555da3 in train (iter1=45000, iter2=45000, N=4, alpha1=2.2222199999999999e-05, alpha2=2.2222199999999999e-05, stopsWhenStable=true) at lreg.cpp:190
#5  0x00005555555562e6 in main (argc=3, argv=0x7fffffffde68) at lreg.cpp:246

790	       *  Note that data access with this operator is unchecked and
791	       *  out_of_range lookups are not defined. (For checked lookups
792	       *  see at().)
793	       */
794	      reference
795	      operator[](size_type __n) _GLIBCXX_NOEXCEPT
796	      {
797		__glibcxx_requires_subscript(__n);
798		return *(this->_M_impl._M_start + __n);
799	      }

Backtrace END
Memory content before bitflip:0x000x000x000x000x000x550xd70xc0
Fault Model: Single bit-flip
base address to flip value: 0x55555575b1c0 
address max offset: 8
Memory content after  bitflip:0x000x000x100x000x000x550xd70xc0
frame name: std::vector<double, std::allocator<double> >::operator[]
symbol name: yChecksum
symbol filename: lreg.cpp
symbol line: 40
value: -23892.000003814697
value address: 0x55555575b1c0 <yChecksum>
Type: A floating point type.
Type sizeof: 8

[INFO -- 2018-11-12 19:01:04]
Fault Injection Successful after 4.436634302139282s
[INFO -- 2018-11-12 19:01:09]
event type: exit
[INFO -- 2018-11-12 19:01:09]
exit code: 0
