[INFO -- 2018-10-11 18:16:12]
Starting flip_value script
version: 1.1
[INFO -- 2018-10-11 18:16:12]
Initialization strings:
[INFO -- 2018-10-11 18:16:12]
(1) file /tmp/lreg/lreg
[INFO -- 2018-10-11 18:16:12]
(2) set args /tmp/lreg/randInput /tmp/lreg/output
[INFO -- 2018-10-11 18:16:12]
initSignal:0
[INFO -- 2018-10-11 18:16:12]
endSignal:10
[INFO -- 2018-10-11 18:16:12]
faultModel:2
[INFO -- 2018-10-11 18:16:15]
Backtrace BEGIN:
#0  0x00007ffff76b7b47 in __pow (x=19, y=0) at w_pow_compat.c:55
#1  0x00005555555560ba in std::pow<double, unsigned int> (__x=19, __y=0) at /usr/include/c++/7/cmath:418
#2  0x00005555555552c2 in predict (v=19) at lreg.cpp:77
#3  0x000055555555551d in partialDerivate (pos=1) at lreg.cpp:107
#4  0x0000555555555670 in adjust () at lreg.cpp:123
#5  0x0000555555555881 in train (iterations=90000, N=4, stopsWhenStable=true) at lreg.cpp:159
#6  0x0000555555555dba in main (argc=3, argv=0x7fffffffde68) at lreg.cpp:225

50	w_pow_compat.c: No such file or directory.

Backtrace END
Memory content before bitflip:0x020x000x000x00
Fault Model: Random bit-flip
base address to flip value: 0x7fffffffd928
address max offset: 4
Memory content after  bitflip:0x9f0x8f0xb80x8c
frame name: main
symbol name: i3
symbol filename: lreg.cpp
symbol line: 198
value: 2360905631
value address: 0x7fffffffd928
Type: The type is an integer type.
Type sizeof: 4

[INFO -- 2018-10-11 18:16:15]
Fault Injection Successful after 3.0715694427490234s
[INFO -- 2018-10-11 18:16:22]
event type: exit
[INFO -- 2018-10-11 18:16:22]
exit code: 0
