[INFO -- 2018-11-22 18:15:52]
Starting flip_value script
version: 1.1
[INFO -- 2018-11-22 18:15:52]
Initialization strings:
[INFO -- 2018-11-22 18:15:52]
(1) file /tmp/lreg/lreg
[INFO -- 2018-11-22 18:15:52]
(2) set args /tmp/lreg/randInput /tmp/lreg/output
[INFO -- 2018-11-22 18:15:52]
initSignal:0
[INFO -- 2018-11-22 18:15:52]
endSignal:3
[INFO -- 2018-11-22 18:15:52]
faultModel:2
[INFO -- 2018-11-22 18:15:54]
Backtrace BEGIN:
#0  0x0000555555555406 in partialDerivate (pos=2) at lreg.cpp:74
#1  0x00005555555554b3 in adjust (alpha=5.0000000000000002e-05) at lreg.cpp:87
#2  0x000055555555565c in train (iterations=20000, alpha=5.0000000000000002e-05, N=3, stopsWhenStable=true) at lreg.cpp:120
#3  0x0000555555555ab7 in main (argc=3, argv=0x7fffffffde58) at lreg.cpp:174

69		to the adjustment variable whose position in T is passed in pos
70	*/
71	double partialDerivate(int pos){
72		double pD = 0;
73		for(int i = 0; i<x.size(); i++){
74			pD += ((predict(x[i]) - y[i])*pow(x[i], pos));	
75		}
76		pD *= (2.0/x.size());
77		return pD;
78	}

Backtrace END
Memory content before bitflip:0xaa0xf60xba0xfa0x1d0xd40x910x3f
Fault Model: Random bit-flip
base address to flip value: 0x7fffffffd7d8
address max offset: 8
Memory content after  bitflip:0x0e0x3f0xaa0x460x6a0x820xd70x45
frame name: adjust
symbol name: PD
symbol filename: lreg.cpp
symbol line: 85
value: 2.9103269827310588e+28
value address: 0x7fffffffd7d8
Type: A floating point type.
Type sizeof: 8

[INFO -- 2018-11-22 18:15:54]
Fault Injection Successful after 2.2393746376037598s
[INFO -- 2018-11-22 18:15:56]
event type: exit
[INFO -- 2018-11-22 18:15:56]
exit code: 0
