[INFO -- 2018-09-15 19:54:57]
Starting flip_value script
version: 1.1
[INFO -- 2018-09-15 19:54:57]
Initialization strings:
[INFO -- 2018-09-15 19:54:57]
(1) file /tmp/lreg/lreg
[INFO -- 2018-09-15 19:54:57]
(2) set args /tmp/lreg/randInput /tmp/lreg/output
[INFO -- 2018-09-15 19:54:57]
initSignal:0
[INFO -- 2018-09-15 19:54:57]
endSignal:2
[INFO -- 2018-09-15 19:54:57]
faultModel:0
[INFO -- 2018-09-15 19:54:59]
Backtrace BEGIN:
#0  0x00007ffff76d5a7f in __ieee754_pow_sse2 (x=-27, y=3) at ../sysdeps/ieee754/dbl-64/e_pow.c:147
#1  0x00007ffff76b7b14 in __pow (x=-27, y=3) at w_pow_compat.c:30
#2  0x0000555555555f39 in std::pow<double, int> (__x=-27, __y=3) at /usr/include/c++/7/cmath:418
#3  0x0000555555555237 in predict (v=-27) at lreg.cpp:50
#4  0x00005555555552ba in meanSquaredError () at lreg.cpp:61
#5  0x00005555555556b1 in train (iterations=90000, alpha=2.2222199999999999e-05, N=4, stopsWhenStable=true) at lreg.cpp:121
#6  0x0000555555555c26 in main (argc=3, argv=0x7fffffffde68) at lreg.cpp:182

142	../sysdeps/ieee754/dbl-64/e_pow.c: No such file or directory.

Backtrace END
Fliping value of field: std::_Vector_base<double, std::allocator<double> >
Fliping value of field: _M_impl
Fliping value of field: _M_end_of_storage
Fliping a bit of the value pointed by a pointer
Memory content before bitflip:0x000x000x000x000x000x000x000x00
Fault Model: Single bit-flip
base address to flip value: 0x555555771960
address max offset: 8
Memory content after  bitflip:0x000x000x000x000x100x000x000x00
frame name: train
symbol name: x
symbol filename: lreg.cpp
symbol line: 32
value: std::vector of length 36, capacity 64 = {-5, 9, -6, -6, 9, -8, 13, 6, 0, 2, 12, -13, 1, -23, 15, -7, -6, 8, 11, 10, 4, 12, 6, 17, 18, 6, 7, -21, -2, -12, -24, 3, -27, -23, 27, -12}
value address: 0x55555575a140 <x>
Type: The type is a structure.
Type sizeof: 24
Field name: std::_Vector_base<double, std::allocator<double> >
Field Type: The type is a structure.
Field Type sizeof: 24

[INFO -- 2018-09-15 19:54:59]
Fault Injection Successful after 2.7336947917938232s
[INFO -- 2018-09-15 19:55:05]
event type: exit
[INFO -- 2018-09-15 19:55:05]
exit code: 0
