[INFO -- 2018-10-11 17:38:22]
Starting flip_value script
version: 1.1
[INFO -- 2018-10-11 17:38:22]
Initialization strings:
[INFO -- 2018-10-11 17:38:22]
(1) file /tmp/lreg/lreg
[INFO -- 2018-10-11 17:38:22]
(2) set args /tmp/lreg/randInput /tmp/lreg/output
[INFO -- 2018-10-11 17:38:22]
initSignal:0
[INFO -- 2018-10-11 17:38:22]
endSignal:10
[INFO -- 2018-10-11 17:38:22]
faultModel:2
[EXCEPTION -- 2018-10-11 17:38:26]
pythonException: empty range for randrange() (0,0, 0)
[INFO -- 2018-10-11 17:38:26]
Backtrace BEGIN:
#0  0x00007ffff76d5a31 in __ieee754_pow_sse2 (x=<optimized out>, y=<optimized out>) at ../sysdeps/ieee754/dbl-64/e_pow.c:215
#1  0x00007ffff76b7b14 in __pow (x=23, y=2) at w_pow_compat.c:30
#2  0x00005555555560ba in std::pow<double, unsigned int> (__x=23, __y=2) at /usr/include/c++/7/cmath:418
#3  0x00005555555552c2 in predict (v=23) at lreg.cpp:77
#4  0x000055555555551d in partialDerivate (pos=3) at lreg.cpp:107
#5  0x0000555555555670 in adjust () at lreg.cpp:123
#6  0x0000555555555881 in train (iterations=90000, N=4, stopsWhenStable=true) at lreg.cpp:159
#7  0x0000555555555dba in main (argc=3, argv=0x7fffffffde68) at lreg.cpp:225

210	in ../sysdeps/ieee754/dbl-64/e_pow.c

Backtrace END
Memory content before bitflip:0x020x000x000x00
Fault Model: Random bit-flip
base address to flip value: 0x7fffffffd6d4
address max offset: 4
Memory content after  bitflip:0xdb0x590x820xd3
frame name: std::pow<double, unsigned int>
symbol name: __y
symbol filename: /usr/include/c++/7/cmath
symbol line: 415
value: 3548535259
value address: 0x7fffffffd6d4
Type: The type is an integer type.
Type sizeof: 4

[INFO -- 2018-10-11 17:38:26]
Fault Injection Successful after 4.413661003112793s
[INFO -- 2018-10-11 17:38:32]
event type: exit
[INFO -- 2018-10-11 17:38:32]
exit code: 0
