[INFO -- 2018-11-24 19:10:44]
Starting flip_value script
version: 1.1
[INFO -- 2018-11-24 19:10:44]
Initialization strings:
[INFO -- 2018-11-24 19:10:44]
(1) file /tmp/lreg/lreg
[INFO -- 2018-11-24 19:10:44]
(2) set args /tmp/lreg/randInput /tmp/lreg/output /tmp/lreg/detected.log
[INFO -- 2018-11-24 19:10:44]
initSignal:0
[INFO -- 2018-11-24 19:10:44]
endSignal:6
[INFO -- 2018-11-24 19:10:44]
faultModel:1
[INFO -- 2018-11-24 19:10:45]
Backtrace BEGIN:
#0  0x0000555555555241 in predict (v=-21) at lreg.cpp:50
#1  0x00005555555552ba in meanSquaredError () at lreg.cpp:61
#2  0x00005555555556b1 in train (iterations=20000, alpha=5.0000000000000002e-05, N=3, stopsWhenStable=true) at lreg.cpp:121
#3  0x0000555555555a1c in execute (input=0x7fffffffe1f2 "/tmp/lreg/randInput") at lreg.cpp:157
#4  0x0000555555555c78 in main (argc=4, argv=0x7fffffffde48) at lreg.cpp:193

45		Predicts the value related to v using the Ts variables
46	*/
47	double predict(double v){
48		double val = 0;
49		for(int i = 0; i<T.size(); i++){
50			val+= (T[i] * pow(v, i));
51		}
52		return val;
53		
54	}

Backtrace END
Fliping value of field: std::_Vector_base<double, std::allocator<double> >
Fliping value of field: _M_impl
Fliping value of field: _M_finish
Fliping a bit of the value pointed by a pointer
Memory content before bitflip:0x000x000x000x000x000x000x000x00
Fault Model: Double bit-flip
base address to flip value: 0x555555772510
address max offset: 8
Memory content after  bitflip:0x410x000x000x000x000x000x000x00
frame name: predict
symbol name: x
symbol filename: lreg.cpp
symbol line: 32
value: std::vector of length 12, capacity 16 = {-4, -3, -7, -2, -1, -1, -21, -3, -19, 13, 6, 23}
value address: 0x55555575b140 <x>
Type: The type is a structure.
Type sizeof: 24
Field name: std::_Vector_base<double, std::allocator<double> >
Field Type: The type is a structure.
Field Type sizeof: 24

[INFO -- 2018-11-24 19:10:45]
Fault Injection Successful after 1.373051643371582s
[INFO -- 2018-11-24 19:10:47]
event type: exit
[INFO -- 2018-11-24 19:10:47]
exit code: 0
