[INFO -- 2018-10-02 17:01:40]
Starting flip_value script
version: 1.1
[INFO -- 2018-10-02 17:01:40]
Initialization strings:
[INFO -- 2018-10-02 17:01:40]
(1) file /tmp/lreg/lreg
[INFO -- 2018-10-02 17:01:40]
(2) set args /tmp/lreg/randInput /tmp/lreg/output
[INFO -- 2018-10-02 17:01:40]
initSignal:0
[INFO -- 2018-10-02 17:01:40]
endSignal:10
[INFO -- 2018-10-02 17:01:40]
faultModel:0
[INFO -- 2018-10-02 17:01:45]
Backtrace BEGIN:
#0  0x00007ffff76b7b0f in __pow (x=27, y=3) at w_pow_compat.c:30
#1  0x0000555555555d47 in std::pow<double, int> (__x=27, __y=3) at /usr/include/c++/7/cmath:418
#2  0x00005555555551e7 in predict (v=27) at lreg.cpp:50
#3  0x00005555555552ba in meanSquaredError () at lreg.cpp:61
#4  0x0000555555555661 in train (iterations=90000, alpha=2.2222199999999999e-05, N=4, stopsWhenStable=true) at lreg.cpp:121
#5  0x0000555555555ab7 in main (argc=3, argv=0x7fffffffde58) at lreg.cpp:174

25	w_pow_compat.c: No such file or directory.

Backtrace END
Memory content before bitflip:0x000x000x000x000x000x030xcb0xc0
Fault Model: Single bit-flip
base address to flip value: 0x7fffffffd948
address max offset: 8
Memory content after  bitflip:0x000x000x100x000x000x030xcb0xc0
frame name: main
symbol name: temp
symbol filename: lreg.cpp
symbol line: 160
value: -13830.000001907349
value address: 0x7fffffffd948
Type: A floating point type.
Type sizeof: 8

[INFO -- 2018-10-02 17:01:45]
Fault Injection Successful after 5.101002216339111s
[INFO -- 2018-10-02 17:01:47]
event type: exit
[INFO -- 2018-10-02 17:01:47]
exit code: 0
