[INFO -- 2018-10-03 15:44:34]
Starting flip_value script
version: 1.1
[INFO -- 2018-10-03 15:44:34]
Initialization strings:
[INFO -- 2018-10-03 15:44:34]
(1) file /tmp/lreg/lreg
[INFO -- 2018-10-03 15:44:34]
(2) set args /tmp/lreg/randInput /tmp/lreg/output
[INFO -- 2018-10-03 15:44:34]
initSignal:0
[INFO -- 2018-10-03 15:44:34]
endSignal:10
[INFO -- 2018-10-03 15:44:34]
faultModel:2
[INFO -- 2018-10-03 15:44:35]
Backtrace BEGIN:
#0  0x00007ffff76b7b0f in __pow (x=7, y=2) at w_pow_compat.c:30
#1  0x0000555555555d47 in std::pow<double, int> (__x=7, __y=2) at /usr/include/c++/7/cmath:418
#2  0x00005555555551e7 in predict (v=7) at lreg.cpp:50
#3  0x00005555555553ac in partialDerivate (pos=0) at lreg.cpp:74
#4  0x00005555555554b3 in adjust (alpha=5.0000000000000002e-05) at lreg.cpp:87
#5  0x000055555555565c in train (iterations=60000, alpha=5.0000000000000002e-05, N=3, stopsWhenStable=true) at lreg.cpp:120
#6  0x0000555555555ab7 in main (argc=3, argv=0x7fffffffde58) at lreg.cpp:174

25	w_pow_compat.c: No such file or directory.

Backtrace END
Memory content before bitflip:0x000x000x000x000x000x000x1c0x40
Fault Model: Random bit-flip
base address to flip value: 0x7fffffffd728
address max offset: 8
Memory content after  bitflip:0xca0x670x840x160xa50x530xa60x5e
frame name: predict
symbol name: v
symbol filename: lreg.cpp
symbol line: 47
value: 8.9214030510691233e+147
value address: 0x7fffffffd728
Type: A floating point type.
Type sizeof: 8

[INFO -- 2018-10-03 15:44:35]
Fault Injection Successful after 1.231562852859497s
[INFO -- 2018-10-03 15:44:41]
event type: exit
[INFO -- 2018-10-03 15:44:41]
exit code: 0
