[INFO -- 2018-11-25 14:09:05]
Starting flip_value script
version: 1.1
[INFO -- 2018-11-25 14:09:05]
Initialization strings:
[INFO -- 2018-11-25 14:09:05]
(1) file /tmp/lreg/lreg
[INFO -- 2018-11-25 14:09:05]
(2) set args /tmp/lreg/randInput /tmp/lreg/output /tmp/lreg/detected.log
[INFO -- 2018-11-25 14:09:05]
initSignal:0
[INFO -- 2018-11-25 14:09:05]
endSignal:6
[INFO -- 2018-11-25 14:09:05]
faultModel:1
[INFO -- 2018-11-25 14:09:06]
Backtrace BEGIN:
#0  0x00007ffff76daa2d in __ieee754_pow_sse2 (x=<optimized out>, y=<optimized out>) at ../sysdeps/ieee754/dbl-64/e_pow.c:215
#1  0x00007ffff76bcb14 in __pow (x=-19, y=1) at w_pow_compat.c:30
#2  0x000055555555621b in std::pow<double, int> (__x=-19, __y=1) at /usr/include/c++/7/cmath:418
#3  0x0000555555555237 in predict (v=-19) at lreg.cpp:50
#4  0x00005555555552ba in meanSquaredError () at lreg.cpp:61
#5  0x00005555555556b1 in train (iterations=20000, alpha=5.0000000000000002e-05, N=3, stopsWhenStable=true) at lreg.cpp:121
#6  0x0000555555555a1c in execute (input=0x7fffffffe1f1 "/tmp/lreg/randInput") at lreg.cpp:157
#7  0x0000555555555c78 in main (argc=4, argv=0x7fffffffde48) at lreg.cpp:193

210	../sysdeps/ieee754/dbl-64/e_pow.c: No such file or directory.

Backtrace END
Fliping value of field: std::_Vector_base<double, std::allocator<double> >
Fliping value of field: _M_impl
Fliping value of field: _M_end_of_storage
Fliping a bit of the pointer
Memory content before bitflip:0x300x250x770x550x550x550x000x00
Fault Model: Double bit-flip
base address to flip value: 0x55555575b150 
address max offset: 8
Memory content after  bitflip:0x300x250x770x950x550x550x000x00
frame name: meanSquaredError
symbol name: x
symbol filename: lreg.cpp
symbol line: 32
value: std::vector of length 12, capacity 134217744 = {-4, -3, -7, -2, -1, -1, -21, -3, -19, 13, 6, 23}
value address: 0x55555575b140 <x>
Type: The type is a structure.
Type sizeof: 24
Field name: std::_Vector_base<double, std::allocator<double> >
Field Type: The type is a structure.
Field Type sizeof: 24

[INFO -- 2018-11-25 14:09:06]
Fault Injection Successful after 1.0497100353240967s
[INFO -- 2018-11-25 14:09:07]
event type: exit
[INFO -- 2018-11-25 14:09:07]
exit code: 0
