[INFO -- 2018-09-16 12:29:03]
Starting flip_value script
version: 1.1
[INFO -- 2018-09-16 12:29:03]
Initialization strings:
[INFO -- 2018-09-16 12:29:03]
(1) file /tmp/lreg/lreg
[INFO -- 2018-09-16 12:29:03]
(2) set args /tmp/lreg/randInput /tmp/lreg/output
[INFO -- 2018-09-16 12:29:03]
initSignal:0
[INFO -- 2018-09-16 12:29:03]
endSignal:2
[INFO -- 2018-09-16 12:29:03]
faultModel:2
[INFO -- 2018-09-16 12:29:04]
Backtrace BEGIN:
#0  0x00007ffff76d5518 in __ieee754_pow_sse2 (x=2, y=0) at ../sysdeps/ieee754/dbl-64/e_pow.c:65
#1  0x00007ffff76b7b14 in __pow (x=2, y=0) at w_pow_compat.c:30
#2  0x0000555555555f39 in std::pow<double, int> (__x=2, __y=0) at /usr/include/c++/7/cmath:418
#3  0x0000555555555237 in predict (v=2) at lreg.cpp:50
#4  0x00005555555553fc in partialDerivate (pos=0) at lreg.cpp:74
#5  0x0000555555555503 in adjust (alpha=5.0000000000000002e-05) at lreg.cpp:87
#6  0x00005555555556ac in train (iterations=60000, alpha=5.0000000000000002e-05, N=3, stopsWhenStable=true) at lreg.cpp:120
#7  0x0000555555555c26 in main (argc=3, argv=0x7fffffffde68) at lreg.cpp:182

60	../sysdeps/ieee754/dbl-64/e_pow.c: No such file or directory.

Backtrace END
Memory content before bitflip:0x000x000x000x00
Fault Model: Random bit-flip
base address to flip value: 0x7fffffffd704
address max offset: 4
Memory content after  bitflip:0x210x550x470x4a
frame name: std::pow<double, int>
symbol name: __y
symbol filename: /usr/include/c++/7/cmath
symbol line: 415
value: 1246188833
value address: 0x7fffffffd704
Type: The type is an integer type.
Type sizeof: 4

[INFO -- 2018-09-16 12:29:04]
Fault Injection Successful after 1.4212825298309326s
[INFO -- 2018-09-16 12:29:10]
event type: exit
[INFO -- 2018-09-16 12:29:10]
exit code: 0
