[INFO -- 2018-11-23 21:08:02]
Starting flip_value script
version: 1.1
[INFO -- 2018-11-23 21:08:02]
Initialization strings:
[INFO -- 2018-11-23 21:08:02]
(1) file /tmp/lreg/lreg
[INFO -- 2018-11-23 21:08:02]
(2) set args /tmp/lreg/randInput /tmp/lreg/output
[INFO -- 2018-11-23 21:08:02]
initSignal:0
[INFO -- 2018-11-23 21:08:02]
endSignal:3
[INFO -- 2018-11-23 21:08:02]
faultModel:0
[INFO -- 2018-11-23 21:08:03]
Backtrace BEGIN:
#0  0x00007ffff76bcb0f in __pow (x=-9, y=2) at w_pow_compat.c:30
#1  0x0000555555555d5f in std::pow<double, int> (__x=-9, __y=2) at /usr/include/c++/7/cmath:418
#2  0x00005555555551e7 in predict (v=-9) at lreg.cpp:50
#3  0x00005555555553ac in partialDerivate (pos=2) at lreg.cpp:74
#4  0x00005555555554b3 in adjust (alpha=2.2222199999999999e-05) at lreg.cpp:87
#5  0x000055555555565c in train (iterations=30000, alpha=2.2222199999999999e-05, N=4, stopsWhenStable=true) at lreg.cpp:120
#6  0x0000555555555ab7 in main (argc=3, argv=0x7fffffffde58) at lreg.cpp:174

25	w_pow_compat.c: No such file or directory.

Backtrace END
Memory content before bitflip:0x000x000x000x000x000x000x220xc0
Fault Model: Single bit-flip
base address to flip value: 0x7fffffffd728
address max offset: 8
Memory content after  bitflip:0x000x000x000x000x000x000x2a0xc0
frame name: predict
symbol name: v
symbol filename: lreg.cpp
symbol line: 47
value: -13
value address: 0x7fffffffd728
Type: A floating point type.
Type sizeof: 8

[INFO -- 2018-11-23 21:08:03]
Fault Injection Successful after 1.6106038093566895s
[INFO -- 2018-11-23 21:08:04]
event type: exit
[INFO -- 2018-11-23 21:08:04]
exit code: 0
