[INFO -- 2018-11-09 14:21:03]
Starting flip_value script
version: 1.1
[INFO -- 2018-11-09 14:21:03]
Initialization strings:
[INFO -- 2018-11-09 14:21:03]
(1) file /tmp/lreg/lreg
[INFO -- 2018-11-09 14:21:03]
(2) set args /tmp/lreg/randInput /tmp/lreg/output /tmp/lreg/detected.log
[INFO -- 2018-11-09 14:21:03]
initSignal:0
[INFO -- 2018-11-09 14:21:03]
endSignal:10
[INFO -- 2018-11-09 14:21:03]
faultModel:2
[INFO -- 2018-11-09 14:21:08]
Backtrace BEGIN:
#0  0x000055555555523c in predict (v=11) at lreg.cpp:50
#1  0x000055555555530a in meanSquaredError () at lreg.cpp:61
#2  0x00005555555556b1 in train (iterations=30000, alpha=5.0000000000000002e-05, N=3, stopsWhenStable=true) at lreg.cpp:121
#3  0x0000555555555a1c in execute (input=0x7fffffffe1f3 "/tmp/lreg/randInput") at lreg.cpp:157
#4  0x0000555555555c98 in main (argc=4, argv=0x7fffffffde48) at lreg.cpp:194

45		Predicts the value related to v using the Ts variables
46	*/
47	double predict(double v){
48		double val = 0;
49		for(int i = 0; i<T.size(); i++){
50			val+= (T[i] * pow(v, i));
51		}
52		return val;
53		
54	}

Backtrace END
Memory content before bitflip:0xb80xb80x9b0xf40xe50xaf0x240x41
Fault Model: Random bit-flip
base address to flip value: 0x7fffffffd528
address max offset: 8
Memory content after  bitflip:0xd60x510xc00x090x0c0x9f0x420x8e
frame name: meanSquaredError
symbol name: error
symbol filename: lreg.cpp
symbol line: 59
value: -5.5852540884936588e-240
value address: 0x7fffffffd528
Type: A floating point type.
Type sizeof: 8

[INFO -- 2018-11-09 14:21:08]
Fault Injection Successful after 5.886111736297607s
[INFO -- 2018-11-09 14:21:13]
event type: exit
[INFO -- 2018-11-09 14:21:13]
exit code: 0
