[INFO -- 2018-11-26 21:23:55]
Starting flip_value script
version: 1.1
[INFO -- 2018-11-26 21:23:55]
Initialization strings:
[INFO -- 2018-11-26 21:23:55]
(1) file /tmp/lreg/lreg
[INFO -- 2018-11-26 21:23:55]
(2) set args /tmp/lreg/randInput /tmp/lreg/output
[INFO -- 2018-11-26 21:23:55]
initSignal:0
[INFO -- 2018-11-26 21:23:55]
endSignal:3
[INFO -- 2018-11-26 21:23:55]
faultModel:0
[INFO -- 2018-11-26 21:23:57]
Backtrace BEGIN:
#0  0x000055555555512d in verifyUintDup (a=0, b=0) at lreg.cpp:62
#1  0x000055555555576f in predict (v=-1) at lreg.cpp:115
#2  0x00005555555558c0 in meanSquaredError () at lreg.cpp:128
#3  0x0000555555555ee5 in train (iter1=20000, iter2=20000, N=3, alpha1=5.0000000000000002e-05, alpha2=5.0000000000000002e-05, stopsWhenStable=true) at lreg.cpp:194
#4  0x0000555555556467 in main (argc=3, argv=0x7fffffffde58) at lreg.cpp:253

57	
58	int detected = 0;
59	
60	
61	UINT verifyUintDup(UINT a, UINT b){
62		if (a != b && detected != 1){
63			//gerar entrada no log
64			ofstream fp ("/tmp/lreg/detected.log", std::ofstream::app);
65			fp << "verifyUint: a = "<<a<<"; b = "<<b<<endl;
66	        detected = 1;	

Backtrace END
Memory content before bitflip:0xa70x900x3f0xd70xc30xe90x120x40
Fault Model: Single bit-flip
base address to flip value: 0x7fffffffd7f8
address max offset: 8
Memory content after  bitflip:0xa70x900x3f0xd70xc30xe90x130x40
frame name: train
symbol name: MSE
symbol filename: lreg.cpp
symbol line: 190
value: 4.9782861359164263
value address: 0x7fffffffd7f8
Type: A floating point type.
Type sizeof: 8

[INFO -- 2018-11-26 21:23:57]
Fault Injection Successful after 2.410933494567871s
[INFO -- 2018-11-26 21:24:01]
event type: exit
[INFO -- 2018-11-26 21:24:01]
exit code: 0
