[INFO -- 2018-11-07 21:33:42]
Starting flip_value script
version: 1.1
[INFO -- 2018-11-07 21:33:42]
Initialization strings:
[INFO -- 2018-11-07 21:33:42]
(1) file /tmp/lreg/lreg
[INFO -- 2018-11-07 21:33:42]
(2) set args /tmp/lreg/randInput /tmp/lreg/output /tmp/lreg/detected.log
[INFO -- 2018-11-07 21:33:42]
initSignal:0
[INFO -- 2018-11-07 21:33:42]
endSignal:10
[INFO -- 2018-11-07 21:33:42]
faultModel:0
[INFO -- 2018-11-07 21:33:44]
Backtrace BEGIN:
#0  0x0000555555555241 in predict (v=12) at lreg.cpp:50
#1  0x000055555555530a in meanSquaredError () at lreg.cpp:61
#2  0x00005555555556b1 in train (iterations=45000, alpha=2.2222199999999999e-05, N=4, stopsWhenStable=true) at lreg.cpp:121
#3  0x0000555555555a1c in execute (input=0x7fffffffe1f3 "/tmp/lreg/randInput") at lreg.cpp:157
#4  0x0000555555555c60 in main (argc=4, argv=0x7fffffffde48) at lreg.cpp:191

45		Predicts the value related to v using the Ts variables
46	*/
47	double predict(double v){
48		double val = 0;
49		for(int i = 0; i<T.size(); i++){
50			val+= (T[i] * pow(v, i));
51		}
52		return val;
53		
54	}

Backtrace END
Fliping value of field: std::_Vector_base<double, std::allocator<double> >
Fliping value of field: _M_impl
Fliping value of field: _M_finish
Fliping a bit of the value pointed by a pointer
Memory content before bitflip:0x000x000x000x000x000x000x000x00
Fault Model: Single bit-flip
base address to flip value: 0x555555772a90
address max offset: 8
Memory content after  bitflip:0x000x000x000x000x000x100x000x00
frame name: meanSquaredError
symbol name: y
symbol filename: lreg.cpp
symbol line: 33
value: std::vector of length 36, capacity 64 = {2, 2, 2, 2, 2, 2, 2, 2, 479, 319, 395, 116, 319, 76, 251, 164, 76, 11, 76, 59, -16796, -109616, -1046, 46204, 3604, -24476, -121796, -6596, -8576, 134854, -1676, -26, -98276, -77996, -24476, -53126}
value address: 0x55555575b160 <y>
Type: The type is a structure.
Type sizeof: 24
Field name: std::_Vector_base<double, std::allocator<double> >
Field Type: The type is a structure.
Field Type sizeof: 24

[INFO -- 2018-11-07 21:33:44]
Fault Injection Successful after 2.292205333709717s
[INFO -- 2018-11-07 21:33:50]
event type: exit
[INFO -- 2018-11-07 21:33:50]
exit code: 0
