[INFO -- 2018-11-24 18:38:40]
Starting flip_value script
version: 1.1
[INFO -- 2018-11-24 18:38:40]
Initialization strings:
[INFO -- 2018-11-24 18:38:40]
(1) file /tmp/lreg/lreg
[INFO -- 2018-11-24 18:38:40]
(2) set args /tmp/lreg/randInput /tmp/lreg/output /tmp/lreg/detected.log
[INFO -- 2018-11-24 18:38:40]
initSignal:0
[INFO -- 2018-11-24 18:38:40]
endSignal:6
[INFO -- 2018-11-24 18:38:40]
faultModel:2
[INFO -- 2018-11-24 18:38:42]
Backtrace BEGIN:
#0  0x00007ffff76da549 in __ieee754_pow_sse2 (x=7, y=1) at ../sysdeps/ieee754/dbl-64/e_pow.c:72
#1  0x00007ffff76bcb14 in __pow (x=7, y=1) at w_pow_compat.c:30
#2  0x0000555555556149 in std::pow<double, int> (__x=7, __y=1) at /usr/include/c++/7/cmath:418
#3  0x0000555555555237 in predict (v=7) at lreg.cpp:50
#4  0x00005555555553fc in partialDerivate (pos=1) at lreg.cpp:74
#5  0x0000555555555503 in adjust (alpha=0.00020000000000000001) at lreg.cpp:87
#6  0x00005555555556ac in train (iterations=10000, alpha=0.00020000000000000001, N=2, stopsWhenStable=true) at lreg.cpp:120
#7  0x0000555555555a1c in execute (input=0x7fffffffe1f2 "/tmp/lreg/randInput") at lreg.cpp:157
#8  0x0000555555555cb0 in main (argc=4, argv=0x7fffffffde48) at lreg.cpp:196

67	../sysdeps/ieee754/dbl-64/e_pow.c: No such file or directory.

Backtrace END
Fliping value of field name: x
Memory content before bitflip:0x000x000x000x000x000x000x000x80
Fault Model: Random bit-flip
base address to flip value: 0x7ffff779f5e0 
address max offset: 8
Memory content after  bitflip:0xb80xfa0x420x5c0x180x000x590x9d
frame name: __ieee754_pow_sse2
symbol name: nZERO
symbol filename: ../sysdeps/ieee754/dbl-64/upow.h
symbol line: 47
value: {i = {1547893432, -1655111656}, x = -2.6497743110245044e-167}
value address: 0x7ffff779f5e0 <nZERO>
Type: The type is a union.
Type sizeof: 8
Field name: i
Field Type: The type is an array.
Field Type sizeof: 8
Field name: x
Field Type: A floating point type.
Field Type sizeof: 8

[INFO -- 2018-11-24 18:38:42]
Fault Injection Successful after 2.0094614028930664s
[INFO -- 2018-11-24 18:38:42]
event type: exit
[INFO -- 2018-11-24 18:38:42]
exit code: 0
