[INFO -- 2018-11-26 17:17:49]
Starting flip_value script
version: 1.1
[INFO -- 2018-11-26 17:17:49]
Initialization strings:
[INFO -- 2018-11-26 17:17:49]
(1) file /tmp/lreg/lreg
[INFO -- 2018-11-26 17:17:49]
(2) set args /tmp/lreg/randInput /tmp/lreg/output
[INFO -- 2018-11-26 17:17:49]
initSignal:0
[INFO -- 2018-11-26 17:17:49]
endSignal:3
[INFO -- 2018-11-26 17:17:49]
faultModel:0
[EXCEPTION -- 2018-11-26 17:17:51]
pythonException: Unable to exit loop in struct fields; Exiting wihtout making a bit flip
[INFO -- 2018-11-26 17:17:51]
event type: exit
[INFO -- 2018-11-26 17:17:51]
exit code: 0
