[INFO -- 2018-11-29 13:25:37]
Starting flip_value script
version: 1.1
[INFO -- 2018-11-29 13:25:37]
Initialization strings:
[INFO -- 2018-11-29 13:25:37]
(1) file /tmp/lreg/lreg
[INFO -- 2018-11-29 13:25:37]
(2) set args /tmp/lreg/randInput /tmp/lreg/output /tmp/lreg/detected.log
[INFO -- 2018-11-29 13:25:37]
initSignal:0
[INFO -- 2018-11-29 13:25:37]
endSignal:6
[INFO -- 2018-11-29 13:25:37]
faultModel:0
[EXCEPTION -- 2018-11-29 13:25:38]
gdbException: Attempt to dereference a generic pointer.
[INFO -- 2018-11-29 13:25:39]
Backtrace BEGIN:
#0  0x00007ffff76bcb4d in __pow (x=31, y=1) at w_pow_compat.c:62
#1  0x000055555555621b in std::pow<double, int> (__x=31, __y=1) at /usr/include/c++/7/cmath:418
#2  0x0000555555555237 in predict (v=31) at lreg.cpp:50
#3  0x00005555555553fc in partialDerivate (pos=2) at lreg.cpp:74
#4  0x0000555555555503 in adjust (alpha=2.2222199999999999e-05) at lreg.cpp:87
#5  0x00005555555556ac in train (iterations=30000, alpha=2.2222199999999999e-05, N=4, stopsWhenStable=true) at lreg.cpp:120
#6  0x0000555555555a1c in execute (input=0x7fffffffe1f1 "/tmp/lreg/randInput") at lreg.cpp:157
#7  0x0000555555555c78 in main (argc=4, argv=0x7fffffffde48) at lreg.cpp:193

57	w_pow_compat.c: No such file or directory.

Backtrace END
Memory content before bitflip:0x01
Fault Model: Single bit-flip
base address to flip value: 0x7fffffffd55c
address max offset: 1
Memory content after  bitflip:0x09
frame name: train
symbol name: stopsWhenStable
symbol filename: lreg.cpp
symbol line: 105
value: 9
value address: 0x7fffffffd55c
Type: A boolean type.
Type sizeof: 1

[INFO -- 2018-11-29 13:25:39]
Fault Injection Successful after 2.368102550506592s
[INFO -- 2018-11-29 13:25:42]
event type: exit
[INFO -- 2018-11-29 13:25:42]
exit code: 0
