[INFO -- 2018-11-14 17:17:33]
Starting flip_value script
version: 1.1
[INFO -- 2018-11-14 17:17:33]
Initialization strings:
[INFO -- 2018-11-14 17:17:33]
(1) file /tmp/lreg/lreg
[INFO -- 2018-11-14 17:17:33]
(2) set args /tmp/lreg/randInput /tmp/lreg/output
[INFO -- 2018-11-14 17:17:33]
initSignal:0
[INFO -- 2018-11-14 17:17:33]
endSignal:5
[INFO -- 2018-11-14 17:17:33]
faultModel:1
[INFO -- 2018-11-14 17:17:36]
Backtrace BEGIN:
#0  0x00007ffff76bcb0a in __pow (x=-8, y=3) at w_pow_compat.c:30
#1  0x0000555555556826 in std::pow<double, unsigned int> (__x=-8, __y=3) at /usr/include/c++/7/cmath:418
#2  0x0000555555555814 in predict (v=-8) at lreg.cpp:116
#3  0x0000555555555a53 in partialDerivate (pos1=1, pos2=1) at lreg.cpp:142
#4  0x0000555555555bbe in adjust (alpha1=2.2222199999999999e-05, alpha2=2.2222199999999999e-05) at lreg.cpp:156
#5  0x0000555555555ee0 in train (iter1=45000, iter2=45000, N=4, alpha1=2.2222199999999999e-05, alpha2=2.2222199999999999e-05, stopsWhenStable=true) at lreg.cpp:193
#6  0x0000555555556467 in main (argc=3, argv=0x7fffffffde68) at lreg.cpp:253

25	w_pow_compat.c: No such file or directory.

Backtrace END
Memory content before bitflip:0x000x000x000x000x000x000xf00x3f
Fault Model: Double bit-flip
base address to flip value: 0x7fffffffd930
address max offset: 8
Memory content after  bitflip:0x000x000x000x000x000x600xf00x3f
frame name: main
symbol name: xChecksum
symbol filename: lreg.cpp
symbol line: 233
value: 1.0234375
value address: 0x7fffffffd930
Type: A floating point type.
Type sizeof: 8

[INFO -- 2018-11-14 17:17:36]
Fault Injection Successful after 3.9356117248535156s
[INFO -- 2018-11-14 17:17:42]
event type: exit
[INFO -- 2018-11-14 17:17:42]
exit code: 0
