[INFO -- 2018-10-13 15:32:29]
Starting flip_value script
version: 1.1
[INFO -- 2018-10-13 15:32:29]
Initialization strings:
[INFO -- 2018-10-13 15:32:29]
(1) file /tmp/lreg/lreg
[INFO -- 2018-10-13 15:32:29]
(2) set args /tmp/lreg/randInput /tmp/lreg/output
[INFO -- 2018-10-13 15:32:29]
initSignal:0
[INFO -- 2018-10-13 15:32:29]
endSignal:10
[INFO -- 2018-10-13 15:32:29]
faultModel:0
[EXCEPTION -- 2018-10-13 15:32:29]
pythonException: Unable to exit loop in struct fields; Exiting wihtout making a bit flip
[INFO -- 2018-10-13 15:32:29]
Backtrace BEGIN:
#0  0x00005555555552d9 in predict (v=6) at lreg.cpp:73
#1  0x000055555555537b in meanSquaredError () at lreg.cpp:91
#2  0x0000555555555886 in train (iterations=30000, N=2, stopsWhenStable=true) at lreg.cpp:160
#3  0x0000555555555dba in main (argc=3, argv=0x7fffffffde68) at lreg.cpp:225

68	/**
69		Predicts the value related to v using the Ts variables
70	*/
71	double predict(double v){
72		double val = 0;
73		for(UINT i1 = 0, i2 = 0, i3 = 0; 
74			selectTriUInt(i1, i2, i3)<T.size(); 
75			i1++, i2++, i3++)
76		{
77			val+= (T[selectTriUInt(i1, i2, i3)] * pow(v, selectTriUInt(i1, i2, i3)));

Backtrace END
Memory content before bitflip:0x2d0x430x1c0xeb0xe20x360x2a0x3f
Fault Model: Single bit-flip
base address to flip value: 0x55555575a1a0 
address max offset: 8
Memory content after  bitflip:0x2d0x430x9c0xeb0xe20x360x2a0x3f
frame name: meanSquaredError
symbol name: a2
symbol filename: lreg.cpp
symbol line: 45
value: 0.00020000000022737369
value address: 0x55555575a1a0 <a2>
Type: A floating point type.
Type sizeof: 8

[INFO -- 2018-10-13 15:32:29]
Fault Injection Successful after 0.9325428009033203s
[INFO -- 2018-10-13 15:32:38]
event type: exit
[INFO -- 2018-10-13 15:32:38]
exit code: 0
