[32]: 4.6416 0
[33]: 4.6416 2.61361e-321
[34]: 4.6416 -11
[35]: 4.6416 -4
[36]: 4.6416 10
[37]: 4.6416 13
[38]: 4.6416 -9
[39]: 4.6416 -2
[40]: 4.6416 -16
[41]: 4.6416 13
[42]: 4.6416 -16
[43]: 4.6416 -1
[44]: 4.6416 4
[45]: 4.6416 17
[46]: 4.6416 -20
[47]: 4.6416 4
[48]: 4.6416 -6
[49]: 4.6416 16
[50]: 4.6416 11
[51]: 4.6416 7
[52]: 4.6416 -4
[53]: 4.6416 10
[54]: 4.6416 -5
[55]: 4.6416 26
[56]: 4.6416 15
[57]: 4.6416 -20
[58]: 4.6416 4
[59]: 4.6416 -18
[60]: 4.6416 18
[61]: 4.6416 -5
[62]: 4.6416 -17
[63]: 4.6416 11
[64]: 4.6416 -20
[65]: 4.6416 22
[66]: 4.6416 -17
[67]: 4.6416 -27
[68]: 4.6416 22
[69]: 4.6416 5
[70]: 4.6416 0
[71]: 4.6416 0
[72]: 4.6416 0
[73]: 4.6416 0
[74]: 4.6416 0
[75]: 4.6416 0
[76]: 4.6416 0
[77]: 4.6416 0
[78]: 4.6416 0
[79]: 4.6416 0
[80]: 4.6416 0
[81]: 4.6416 0
[82]: 4.6416 0
[83]: 4.6416 0
[84]: 4.6416 0
[85]: 4.6416 0
[86]: 4.6416 0
[87]: 4.6416 0
[88]: 4.6416 0
[89]: 4.6416 0
[90]: 4.6416 0
[91]: 4.6416 0
[92]: 4.6416 0
[93]: 4.6416 0
[94]: 4.6416 0
[95]: 4.6416 0
[96]: 4.6416 0
[97]: 4.6416 0
[98]: 4.6416 0
[99]: 4.6416 2.61361e-321
[100]: 4.6416 -13
[101]: 4.6416 -6
[102]: 4.6416 8
[103]: 4.6416 11
[104]: 4.6416 -11
[105]: 4.6416 -4
[106]: 4.6416 -18
[107]: 4.6416 11
[108]: 4.6416 46
[109]: 4.6416 1
[110]: 4.6416 -14
[111]: 4.6416 -53
[112]: 4.6416 58
[113]: 4.6416 -14
[114]: 4.6416 16
[115]: 4.6416 -50
[116]: 4.6416 -35
[117]: 4.6416 -23
[118]: 4.6416 10
[119]: 4.6416 -32
[120]: 4.6416 -245
[121]: 4.6416 14139
[122]: 4.6416 2215
[123]: 4.6416 -9965
[124]: 4.6416 -29
[125]: 4.6416 -7421
[126]: 4.6416 4171
[127]: 4.6416 -245
[128]: 4.6416 -6329
[129]: 4.6416 699
[130]: 4.6416 -9965
[131]: 4.6416 8179
[132]: 4.6416 -6329
[133]: 4.6416 -23279
[134]: 4.6416 8179
[135]: 4.6416 -15
[136]: 4.6416 0
[137]: 4.6416 0
[138]: 4.6416 0
[139]: 4.6416 0
[140]: 4.6416 0
[141]: 4.6416 0
[142]: 4.6416 0
[143]: 4.6416 0
[144]: 4.6416 0
[145]: 4.6416 0
[146]: 4.6416 0
[147]: 4.6416 0
[148]: 4.6416 0
[149]: 4.6416 0
[150]: 4.6416 0
[151]: 4.6416 0
[152]: 4.6416 0
[153]: 4.6416 0
[154]: 4.6416 0
[155]: 4.6416 0
[156]: 4.6416 0
[157]: 4.6416 0
[158]: 4.6416 0
[159]: 4.6416 0
[160]: 4.6416 0
[161]: 4.6416 0
[162]: 4.6416 0
[163]: 4.6416 0
[164]: 4.6416 0
[165]: 4.6416 2.42092e-322
[166]: 4.6416 4.63557e-310
[167]: 4.6416 -91.0733
[168]: 4.6416 -3.39095
[169]: 4.6416 1.07469
[170]: 4.6416 0
[171]: 4.6416 2.42092e-322
[172]: 4.6416 4.63557e-310
[173]: 4.6416 -91.075
[174]: 4.6416 -3.39015
[175]: 4.6416 1.05638
[176]: 4.6416 0
[177]: 4.6416 2.42092e-322
[178]: 4.6416 4.63557e-310
[179]: 4.6416 -91.0733
[180]: 4.6416 -3.39095
[181]: 4.6416 1.07469
[182]: 4.6416 0
[183]: 4.6416 2.42092e-322
[184]: 4.6416 0
[185]: 4.6416 -91.075
[186]: 4.6416 -3.39015
[187]: 4.6416 1.05638
[188]: 4.6416 0
[189]: 4.6416 2.61361e-321
[190]: 4.6416 0
[191]: 4.6416 -5.00001
[192]: 4.6416 -4
[193]: 4.6416 -2
[194]: 4.6416 -17.9693
[195]: 4.6416 13.7709
[196]: 4.6416 -13.6021
[197]: 4.6416 7.51461
[198]: 4.6416 -30.7363
[199]: 4.6416 -25.124
[200]: 4.6416 10475.5
[201]: 4.6416 15873
[202]: 4.6416 7614.51
[203]: 4.6416 -313.545
[204]: 4.6416 20282.5
[205]: 4.6416 4302.09
[254]: 4.6416 0
[255]: 4.6416 5.14322e-321
[256]: 4.6416 0
[257]: 4.6416 -5.00001
[258]: 4.6416 -4
[259]: 4.6416 -2
[260]: 4.6416 -17.9693
[261]: 4.6416 13.7709
[262]: 4.6416 -13.6021
[263]: 4.6416 7.51461
[264]: 4.6416 -30.7363
[265]: 4.6416 -25.124
[266]: 4.6416 10475.5
[267]: 4.6416 15873
[268]: 4.6416 7614.51
[269]: 4.6416 -313.545
[270]: 4.6416 20282.5
[271]: 4.6416 4302.09
[384]: 4.6416 0
[385]: 4.6416 7.10713e-320
[386]: 4.6416 6.95335e-310
[387]: 4.6416 6.95335e-310
[388]: 4.6416 4.63557e-310
[389]: 4.6416 4.63557e-310
[390]: 4.6416 -17.9693
[391]: 4.6416 13.7709
[392]: 4.6416 -13.6021
[393]: 4.6416 7.51461
[394]: 4.6416 -30.7363
[395]: 4.6416 -25.124
[396]: 4.6416 10475.5
[397]: 4.6416 15873
[398]: 4.6416 7614.51
[399]: 4.6416 -313.545
[400]: 4.6416 20282.5
[401]: 4.6416 4302.09
[642]: 4.6416 1.01975e-320
[643]: 4.6416 2.0316e-320
[644]: 4.6416 4.00001
[645]: 4.6416 -5.00001
[646]: 4.6416 -4
[647]: 4.6416 -2
[648]: 4.6416 -17.9693
[649]: 4.6416 13.7709
[650]: 4.6416 -13.6021
[651]: 4.6416 7.51461
[652]: 4.6416 -30.7363
[653]: 4.6416 -25.124
[654]: 4.6416 10475.5
[655]: 4.6416 15873
[656]: 4.6416 7614.51
[657]: 4.6416 -313.545
[658]: 4.6416 20282.5
[659]: 4.6416 4302.09
