[INFO -- 2018-09-30 19:54:47]
Starting flip_value script
version: 1.1
[INFO -- 2018-09-30 19:54:47]
Initialization strings:
[INFO -- 2018-09-30 19:54:47]
(1) file /tmp/lreg/lreg
[INFO -- 2018-09-30 19:54:47]
(2) set args /tmp/lreg/randInput /tmp/lreg/output
[INFO -- 2018-09-30 19:54:47]
initSignal:0
[INFO -- 2018-09-30 19:54:47]
endSignal:10
[INFO -- 2018-09-30 19:54:47]
faultModel:1
[INFO -- 2018-09-30 19:54:50]
Backtrace BEGIN:
#0  libc_feholdsetround_sse_ctx (r=0, ctx=<synthetic pointer>) at ../sysdeps/i386/fpu/fenv_private.h:447
#1  __ieee754_pow_sse2 (x=-9, y=3) at ../sysdeps/ieee754/dbl-64/e_pow.c:183
#2  0x00007ffff76b7b14 in __pow (x=-9, y=3) at w_pow_compat.c:30
#3  0x0000555555555f39 in std::pow<double, int> (__x=-9, __y=3) at /usr/include/c++/7/cmath:418
#4  0x0000555555555237 in predict (v=-9) at lreg.cpp:50
#5  0x00005555555553fc in partialDerivate (pos=3) at lreg.cpp:74
#6  0x0000555555555503 in adjust (alpha=2.2222199999999999e-05) at lreg.cpp:87
#7  0x00005555555556ac in train (iterations=90000, alpha=2.2222199999999999e-05, N=4, stopsWhenStable=true) at lreg.cpp:120
#8  0x0000555555555c26 in main (argc=3, argv=0x7fffffffde58) at lreg.cpp:182

442	../sysdeps/i386/fpu/fenv_private.h: No such file or directory.

Backtrace END
Fliping value of field name: i
Fliping array at pos: 0
Memory content before bitflip:0x6a0x010xf80xff
Fault Model: Double bit-flip
base address to flip value: 0x7ffff779a5b0 
address max offset: 4
Memory content after  bitflip:0x480x010xf80xff
frame name: libc_feholdsetround_sse_ctx
symbol name: bigv
symbol filename: ../sysdeps/ieee754/dbl-64/upow.h
symbol line: 53
value: {i = {-523960, 1107820543}, x = 12884901887.000626}
value address: 0x7ffff779a5b0 <bigv>
Type: The type is a union.
Type sizeof: 8
Field name: i
Field Type: The type is an array.
Field Type sizeof: 8
Field name: x
Field Type: A floating point type.
Field Type sizeof: 8

[INFO -- 2018-09-30 19:54:50]
Fault Injection Successful after 3.0396037101745605s
[INFO -- 2018-09-30 19:54:54]
event type: exit
[INFO -- 2018-09-30 19:54:54]
exit code: 0
