[INFO -- 2018-11-14 13:10:07]
Starting flip_value script
version: 1.1
[INFO -- 2018-11-14 13:10:07]
Initialization strings:
[INFO -- 2018-11-14 13:10:07]
(1) file /tmp/lreg/lreg
[INFO -- 2018-11-14 13:10:07]
(2) set args /tmp/lreg/randInput /tmp/lreg/output
[INFO -- 2018-11-14 13:10:07]
initSignal:0
[INFO -- 2018-11-14 13:10:07]
endSignal:5
[INFO -- 2018-11-14 13:10:07]
faultModel:2
[INFO -- 2018-11-14 13:10:09]
Backtrace BEGIN:
#0  0x00005555555551e0 in verifyUintDup (a=0, b=0) at lreg.cpp:69
#1  0x0000555555555a02 in partialDerivate (pos1=2, pos2=2) at lreg.cpp:141
#2  0x0000555555555bbe in adjust (alpha1=5.0000000000000002e-05, alpha2=5.0000000000000002e-05) at lreg.cpp:156
#3  0x0000555555555ee0 in train (iter1=30000, iter2=30000, N=3, alpha1=5.0000000000000002e-05, alpha2=5.0000000000000002e-05, stopsWhenStable=true) at lreg.cpp:193
#4  0x0000555555556467 in main (argc=3, argv=0x7fffffffde68) at lreg.cpp:253

64			ofstream fp ("/tmp/lreg/detected.log", std::ofstream::app);
65			fp << "verifyUint: a = "<<a<<"; b = "<<b<<endl;
66	        detected = 1;	
67		}
68		return a;
69	}
70	double verifyDoubleDup(double a, double b){
71		if (a != b && detected != 1){
72			//gerar entrada no log
73			ofstream fp ("/tmp/lreg/detected.log", std::ofstream::app);

Backtrace END
Memory content before bitflip:0x550x080x860x150xb10x8f0xd30xbf
Fault Model: Random bit-flip
base address to flip value: 0x7fffffffd790
address max offset: 8
Memory content after  bitflip:0xab0xc30x550xa00x650xc40x910x4e
frame name: adjust
symbol name: PD
symbol filename: lreg.cpp
symbol line: 153
value: 3.0656134985414972e+70
value address: 0x7fffffffd790
Type: A floating point type.
Type sizeof: 8

[INFO -- 2018-11-14 13:10:09]
Fault Injection Successful after 2.839094638824463s
[INFO -- 2018-11-14 13:10:15]
event type: exit
[INFO -- 2018-11-14 13:10:15]
exit code: 0
