[INFO -- 2018-11-12 15:26:51]
Starting flip_value script
version: 1.1
[INFO -- 2018-11-12 15:26:51]
Initialization strings:
[INFO -- 2018-11-12 15:26:51]
(1) file /tmp/lreg/lreg
[INFO -- 2018-11-12 15:26:51]
(2) set args /tmp/lreg/randInput /tmp/lreg/output
[INFO -- 2018-11-12 15:26:51]
initSignal:0
[INFO -- 2018-11-12 15:26:51]
endSignal:10
[INFO -- 2018-11-12 15:26:51]
faultModel:0
[INFO -- 2018-11-12 15:26:54]
Backtrace BEGIN:
#0  0x000055555555522d in verifyDoubleDup (a=0.97691108514357117, b=-2.4855667966288979) at lreg.cpp:70
#1  0x00005555555556bd in predict (v=-1) at lreg.cpp:113
#2  0x00005555555557f7 in meanSquaredError () at lreg.cpp:125
#3  0x0000555555555da8 in train (iter1=30000, iter2=30000, N=3, alpha1=5.0000000000000002e-05, alpha2=5.0000000000000002e-05, stopsWhenStable=true) at lreg.cpp:191
#4  0x00005555555562e6 in main (argc=3, argv=0x7fffffffde68) at lreg.cpp:246

65			fp << "verifyUint: a = "<<a<<"; b = "<<b<<endl;
66	        detected = 1;	
67		}
68		return a;
69	}
70	double verifyDoubleDup(double a, double b){
71		if (a != b && detected != 1){
72			//gerar entrada no log
73			ofstream fp ("/tmp/lreg/detected.log", std::ofstream::app);
74			fp << "verifyDouble: a = "<<a<<"; b = "<<b<<endl;

Backtrace END
Memory content before bitflip:0x030x000x000x00
Fault Model: Single bit-flip
base address to flip value: 0x7fffffffd8ec
address max offset: 4
Memory content after  bitflip:0x030x000x800x00
frame name: main
symbol name: argc
symbol filename: lreg.cpp
symbol line: 214
value: 8388611
value address: 0x7fffffffd8ec
Type: The type is an integer type.
Type sizeof: 4

[INFO -- 2018-11-12 15:26:54]
Fault Injection Successful after 3.484060764312744s
[INFO -- 2018-11-12 15:27:07]
event type: exit
[INFO -- 2018-11-12 15:27:07]
exit code: 0
