[INFO -- 2018-11-24 18:12:41]
Starting flip_value script
version: 1.1
[INFO -- 2018-11-24 18:12:41]
Initialization strings:
[INFO -- 2018-11-24 18:12:41]
(1) file /tmp/lreg/lreg
[INFO -- 2018-11-24 18:12:41]
(2) set args /tmp/lreg/randInput /tmp/lreg/output /tmp/lreg/detected.log
[INFO -- 2018-11-24 18:12:41]
initSignal:0
[INFO -- 2018-11-24 18:12:41]
endSignal:6
[INFO -- 2018-11-24 18:12:41]
faultModel:0
[INFO -- 2018-11-24 18:12:42]
Backtrace BEGIN:
#0  0x00007ffff76bcb0f in __pow (x=-3, y=2) at w_pow_compat.c:30
#1  0x0000555555556149 in std::pow<double, int> (__x=-3, __y=2) at /usr/include/c++/7/cmath:418
#2  0x0000555555555237 in predict (v=-3) at lreg.cpp:50
#3  0x00005555555553fc in partialDerivate (pos=0) at lreg.cpp:74
#4  0x0000555555555503 in adjust (alpha=5.0000000000000002e-05) at lreg.cpp:87
#5  0x00005555555556ac in train (iterations=20000, alpha=5.0000000000000002e-05, N=3, stopsWhenStable=true) at lreg.cpp:120
#6  0x0000555555555a1c in execute (input=0x7fffffffe1f2 "/tmp/lreg/randInput") at lreg.cpp:157
#7  0x0000555555555c78 in main (argc=4, argv=0x7fffffffde48) at lreg.cpp:193

25	w_pow_compat.c: No such file or directory.

Backtrace END
Memory content before bitflip:0x01
Fault Model: Single bit-flip
base address to flip value: 0x7fffffffd55c
address max offset: 1
Memory content after  bitflip:0x00
frame name: train
symbol name: stopsWhenStable
symbol filename: lreg.cpp
symbol line: 105
value: false
value address: 0x7fffffffd55c
Type: A boolean type.
Type sizeof: 1

[INFO -- 2018-11-24 18:12:42]
Fault Injection Successful after 1.4952871799468994s
[INFO -- 2018-11-24 18:12:45]
event type: exit
[INFO -- 2018-11-24 18:12:45]
exit code: 0
