[INFO -- 2018-11-27 18:02:08]
Starting flip_value script
version: 1.1
[INFO -- 2018-11-27 18:02:08]
Initialization strings:
[INFO -- 2018-11-27 18:02:08]
(1) file /tmp/lreg/lreg
[INFO -- 2018-11-27 18:02:08]
(2) set args /tmp/lreg/randInput /tmp/lreg/output
[INFO -- 2018-11-27 18:02:08]
initSignal:0
[INFO -- 2018-11-27 18:02:08]
endSignal:3
[INFO -- 2018-11-27 18:02:08]
faultModel:1
[INFO -- 2018-11-27 18:02:09]
Backtrace BEGIN:
#0  0x000055555555522d in verifyDoubleDup (a=0.0021394104930520545, b=-2.9898482826885751) at lreg.cpp:70
#1  0x00005555555557ea in predict (v=6) at lreg.cpp:116
#2  0x0000555555555a53 in partialDerivate (pos1=1, pos2=1) at lreg.cpp:142
#3  0x0000555555555bbe in adjust (alpha1=5.0000000000000002e-05, alpha2=5.0000000000000002e-05) at lreg.cpp:156
#4  0x0000555555555ee0 in train (iter1=20000, iter2=20000, N=3, alpha1=5.0000000000000002e-05, alpha2=5.0000000000000002e-05, stopsWhenStable=true) at lreg.cpp:193
#5  0x0000555555556467 in main (argc=3, argv=0x7fffffffde58) at lreg.cpp:253

65			fp << "verifyUint: a = "<<a<<"; b = "<<b<<endl;
66	        detected = 1;	
67		}
68		return a;
69	}
70	double verifyDoubleDup(double a, double b){
71		if (a != b && detected != 1){
72			//gerar entrada no log
73			ofstream fp ("/tmp/lreg/detected.log", std::ofstream::app);
74			fp << "verifyDouble: a = "<<a<<"; b = "<<b<<endl;

Backtrace END
Memory content before bitflip:0x320x980xac0x060x410x8d0x140xc0
Fault Model: Double bit-flip
base address to flip value: 0x7fffffffd780
address max offset: 8
Memory content after  bitflip:0x320x980xac0x060x410x8d0x140xcc
frame name: adjust
symbol name: PD
symbol filename: lreg.cpp
symbol line: 153
value: -3.2251393227043877e+58
value address: 0x7fffffffd780
Type: A floating point type.
Type sizeof: 8

[INFO -- 2018-11-27 18:02:09]
Fault Injection Successful after 1.391275405883789s
[INFO -- 2018-11-27 18:02:11]
event type: exit
[INFO -- 2018-11-27 18:02:11]
exit code: 0
