[INFO -- 2018-10-01 19:17:20]
Starting flip_value script
version: 1.1
[INFO -- 2018-10-01 19:17:20]
Initialization strings:
[INFO -- 2018-10-01 19:17:20]
(1) file /tmp/lreg/lreg
[INFO -- 2018-10-01 19:17:20]
(2) set args /tmp/lreg/randInput /tmp/lreg/output
[INFO -- 2018-10-01 19:17:20]
initSignal:0
[INFO -- 2018-10-01 19:17:20]
endSignal:10
[INFO -- 2018-10-01 19:17:20]
faultModel:1
[INFO -- 2018-10-01 19:17:24]
Backtrace BEGIN:
#0  0x00007ffff76b7b4d in __pow (x=29, y=0) at w_pow_compat.c:62
#1  0x0000555555555d47 in std::pow<double, int> (__x=29, __y=0) at /usr/include/c++/7/cmath:418
#2  0x00005555555551e7 in predict (v=29) at lreg.cpp:50
#3  0x00005555555553ac in partialDerivate (pos=1) at lreg.cpp:74
#4  0x00005555555554b3 in adjust (alpha=2.2222199999999999e-05) at lreg.cpp:87
#5  0x000055555555565c in train (iterations=90000, alpha=2.2222199999999999e-05, N=4, stopsWhenStable=true) at lreg.cpp:120
#6  0x0000555555555ab7 in main (argc=3, argv=0x7fffffffde58) at lreg.cpp:174

57	w_pow_compat.c: No such file or directory.

Backtrace END
Memory content before bitflip:0x000x000x000x000x000x000x000x00
Fault Model: Double bit-flip
base address to flip value: 0x7fffffffd6c8
address max offset: 8
Memory content after  bitflip:0x000x000x000x000x810x000x000x00
frame name: __pow
symbol name: y
symbol filename: w_pow_compat.c
symbol line: 28
value: 2.7373745703452013e-312
value address: 0x7fffffffd6c8
Type: A floating point type.
Type sizeof: 8

[INFO -- 2018-10-01 19:17:24]
Fault Injection Successful after 4.158385753631592s
[INFO -- 2018-10-01 19:17:29]
event type: exit
[INFO -- 2018-10-01 19:17:29]
exit code: 0
