[INFO -- 2018-11-24 12:28:06]
Starting flip_value script
version: 1.1
[INFO -- 2018-11-24 12:28:06]
Initialization strings:
[INFO -- 2018-11-24 12:28:06]
(1) file /tmp/lreg/lreg
[INFO -- 2018-11-24 12:28:06]
(2) set args /tmp/lreg/randInput /tmp/lreg/output
[INFO -- 2018-11-24 12:28:06]
initSignal:0
[INFO -- 2018-11-24 12:28:06]
endSignal:2
[INFO -- 2018-11-24 12:28:06]
faultModel:2
[INFO -- 2018-11-24 12:28:07]
Backtrace BEGIN:
#0  0x0000555555554e90 in pow@plt ()
#1  0x0000555555555d5f in std::pow<double, int> (__x=-12, __y=0) at /usr/include/c++/7/cmath:418
#2  0x00005555555551e7 in predict (v=-12) at lreg.cpp:50
#3  0x00005555555553ac in partialDerivate (pos=1) at lreg.cpp:74
#4  0x00005555555554b3 in adjust (alpha=0.00020000000000000001) at lreg.cpp:87
#5  0x000055555555565c in train (iterations=10000, alpha=0.00020000000000000001, N=2, stopsWhenStable=true) at lreg.cpp:120
#6  0x0000555555555ab7 in main (argc=3, argv=0x7fffffffde58) at lreg.cpp:174

130		T = bestT;
131	}
132	
133	/*
134	It must receive an input file formated as follows:
135		1° Line : one integer T -> number of test cases
136		2° to 5° repeat to all test case	
137		2° Line : method parameters -> alpha, iterations, N, size of 
138			      training set, predictions
139		3° Line : inputs x of the training set

Backtrace END
Fliping value of field: std::_Vector_base<double, std::allocator<double> >
Fliping value of field: _M_impl
Fliping value of field: _M_finish
Fliping a bit of the value pointed by a pointer
Memory content before bitflip:0x000x000x000x000x000x000x000x00
Fault Model: Random bit-flip
base address to flip value: 0x5555557713f0
address max offset: 8
Memory content after  bitflip:0xb10xcb0x840x8a0xa30x110x0b0xe5
frame name: adjust
symbol name: y
symbol filename: lreg.cpp
symbol line: 33
value: std::vector of length 8, capacity 8 = {-10, 8, 12, 5, -5, 14, -4, 12}
value address: 0x55555575a160 <y>
Type: The type is a structure.
Type sizeof: 24
Field name: std::_Vector_base<double, std::allocator<double> >
Field Type: The type is a structure.
Field Type sizeof: 24

[INFO -- 2018-11-24 12:28:07]
Fault Injection Successful after 1.7143592834472656s
[INFO -- 2018-11-24 12:28:10]
event type: exit
[INFO -- 2018-11-24 12:28:10]
exit code: 0
