[INFO -- 2018-11-07 15:47:01]
Starting flip_value script
version: 1.1
[INFO -- 2018-11-07 15:47:01]
Initialization strings:
[INFO -- 2018-11-07 15:47:01]
(1) file /tmp/lreg/lreg
[INFO -- 2018-11-07 15:47:01]
(2) set args /tmp/lreg/randInput /tmp/lreg/output /tmp/lreg/detected.log
[INFO -- 2018-11-07 15:47:01]
initSignal:0
[INFO -- 2018-11-07 15:47:01]
endSignal:10
[INFO -- 2018-11-07 15:47:01]
faultModel:2
[INFO -- 2018-11-07 15:47:07]
Backtrace BEGIN:
#0  0x00007ffff76bcb47 in __pow (x=-1, y=0) at w_pow_compat.c:55
#1  0x0000555555556131 in std::pow<double, int> (__x=-1, __y=0) at /usr/include/c++/7/cmath:418
#2  0x0000555555555237 in predict (v=-1) at lreg.cpp:50
#3  0x000055555555530a in meanSquaredError () at lreg.cpp:61
#4  0x00005555555556b1 in train (iterations=45000, alpha=2.2222199999999999e-05, N=4, stopsWhenStable=true) at lreg.cpp:121
#5  0x0000555555555a1c in execute (input=0x7fffffffe1f2 "/tmp/lreg/randInput") at lreg.cpp:157
#6  0x0000555555555c60 in main (argc=4, argv=0x7fffffffde48) at lreg.cpp:191

50	w_pow_compat.c: No such file or directory.

Backtrace END
Fliping value of field: std::_Vector_base<double, std::allocator<double> >
Fliping value of field: _M_impl
Fliping value of field: _M_start
Fliping a bit of the value pointed by a pointer
Memory content before bitflip:0x000x000x000x000x000x000x3b0xc0
Fault Model: Random bit-flip
base address to flip value: 0x555555772970
address max offset: 8
Memory content after  bitflip:0x160xbb0x4a0xed0x6b0x540x7d0x2b
frame name: std::pow<double, int>
symbol name: y
symbol filename: lreg.cpp
symbol line: 33
value: std::vector of length 36, capacity 64 = {3.3523559395596732e-99, 15, 11, 19, -17, 23, 13, 31, 20, 8, 2, -4, -23, -25, 5, -19, -4, 3, 13, 1, 29516, 1236, -24, -4756, 19444, -24124, 14, -3236, 2084, -906, 10454, 35644, 6692, 4, -4, 3956}
value address: 0x55555575b160 <y>
Type: The type is a structure.
Type sizeof: 24
Field name: std::_Vector_base<double, std::allocator<double> >
Field Type: The type is a structure.
Field Type sizeof: 24

[INFO -- 2018-11-07 15:47:07]
Fault Injection Successful after 6.116968154907227s
[INFO -- 2018-11-07 15:47:21]
event type: exit
[INFO -- 2018-11-07 15:47:21]
exit code: 0
