[INFO -- 2018-11-24 18:53:10]
Starting flip_value script
version: 1.1
[INFO -- 2018-11-24 18:53:10]
Initialization strings:
[INFO -- 2018-11-24 18:53:10]
(1) file /tmp/lreg/lreg
[INFO -- 2018-11-24 18:53:10]
(2) set args /tmp/lreg/randInput /tmp/lreg/output /tmp/lreg/detected.log
[INFO -- 2018-11-24 18:53:10]
initSignal:0
[INFO -- 2018-11-24 18:53:10]
endSignal:6
[INFO -- 2018-11-24 18:53:10]
faultModel:2
[EXCEPTION -- 2018-11-24 18:53:11]
gdbException: Attempt to dereference a generic pointer.
[EXCEPTION -- 2018-11-24 18:53:11]
gdbException: Attempt to dereference a generic pointer.
[INFO -- 2018-11-24 18:53:11]
Backtrace BEGIN:
#0  0x00007ffff76daa31 in __ieee754_pow_sse2 (x=<optimized out>, y=<optimized out>) at ../sysdeps/ieee754/dbl-64/e_pow.c:215
#1  0x00007ffff76bcb14 in __pow (x=12, y=1) at w_pow_compat.c:30
#2  0x0000555555556149 in std::pow<double, int> (__x=12, __y=1) at /usr/include/c++/7/cmath:418
#3  0x0000555555555451 in partialDerivate (pos=1) at lreg.cpp:74
#4  0x0000555555555503 in adjust (alpha=0.00020000000000000001) at lreg.cpp:87
#5  0x00005555555556ac in train (iterations=10000, alpha=0.00020000000000000001, N=2, stopsWhenStable=true) at lreg.cpp:120
#6  0x0000555555555a1c in execute (input=0x7fffffffe1f2 "/tmp/lreg/randInput") at lreg.cpp:157
#7  0x0000555555555c78 in main (argc=4, argv=0x7fffffffde48) at lreg.cpp:193

210	../sysdeps/ieee754/dbl-64/e_pow.c: No such file or directory.

Backtrace END
Fliping value of field name: x
Memory content before bitflip:0x6a0x010xf80xff0xff0xff0x070x42
Fault Model: Random bit-flip
base address to flip value: 0x7ffff779f5b0 
address max offset: 8
Memory content after  bitflip:0x6c0xd30x310x190x5a0x520xc30xc5
frame name: __ieee754_pow_sse2
symbol name: bigv
symbol filename: ../sysdeps/ieee754/dbl-64/upow.h
symbol line: 53
value: {i = {422695788, -977055142}, x = -1.1959545163112696e+28}
value address: 0x7ffff779f5b0 <bigv>
Type: The type is a union.
Type sizeof: 8
Field name: i
Field Type: The type is an array.
Field Type sizeof: 8
Field name: x
Field Type: A floating point type.
Field Type sizeof: 8

[INFO -- 2018-11-24 18:53:11]
Fault Injection Successful after 1.2738451957702637s
[INFO -- 2018-11-24 18:53:14]
event type: exit
[INFO -- 2018-11-24 18:53:14]
exit code: 0
