[INFO -- 2018-10-08 18:38:59]
Starting flip_value script
version: 1.1
[INFO -- 2018-10-08 18:38:59]
Initialization strings:
[INFO -- 2018-10-08 18:38:59]
(1) file /tmp/lreg/lreg
[INFO -- 2018-10-08 18:38:59]
(2) set args /tmp/lreg/randInput /tmp/lreg/output
[INFO -- 2018-10-08 18:38:59]
initSignal:0
[INFO -- 2018-10-08 18:38:59]
endSignal:10
[INFO -- 2018-10-08 18:38:59]
faultModel:2
[INFO -- 2018-10-08 18:39:06]
Backtrace BEGIN:
#0  0x00007ffff76d5518 in __ieee754_pow_sse2 (x=-11, y=2) at ../sysdeps/ieee754/dbl-64/e_pow.c:65
#1  0x00007ffff76b7b14 in __pow (x=-11, y=2) at w_pow_compat.c:30
#2  0x00005555555560ba in std::pow<double, unsigned int> (__x=-11, __y=2) at /usr/include/c++/7/cmath:418
#3  0x00005555555552c2 in predict (v=-11) at lreg.cpp:77
#4  0x000055555555551d in partialDerivate (pos=3) at lreg.cpp:107
#5  0x0000555555555670 in adjust () at lreg.cpp:123
#6  0x0000555555555881 in train (iterations=90000, N=4, stopsWhenStable=true) at lreg.cpp:159
#7  0x0000555555555dba in main (argc=3, argv=0x7fffffffde68) at lreg.cpp:225

60	../sysdeps/ieee754/dbl-64/e_pow.c: No such file or directory.

Backtrace END
Fliping value of field: std::_Vector_base<double, std::allocator<double> >
Fliping value of field: _M_impl
Fliping value of field: _M_start
Fliping a bit of the value pointed by a pointer
Memory content before bitflip:0x4b0x1a0x000xd30xd60x530x300x40
Fault Model: Random bit-flip
base address to flip value: 0x555555771380
address max offset: 8
Memory content after  bitflip:0x540x000xa50x6f0xa60x5f0xa50x94
frame name: adjust
symbol name: T
symbol filename: lreg.cpp
symbol line: 43
value: std::vector of length 4, capacity 4 = {-3.2506587302774071e-209, 132.31203240842197, 12.756565158829366, -5.6817758163726122}
value address: 0x55555575a180 <T>
Type: The type is a structure.
Type sizeof: 24
Field name: std::_Vector_base<double, std::allocator<double> >
Field Type: The type is a structure.
Field Type sizeof: 24

[INFO -- 2018-10-08 18:39:06]
Fault Injection Successful after 7.119210720062256s
[INFO -- 2018-10-08 18:39:16]
event type: exit
[INFO -- 2018-10-08 18:39:16]
exit code: 0
