[INFO -- 2018-11-14 18:18:23]
Starting flip_value script
version: 1.1
[INFO -- 2018-11-14 18:18:23]
Initialization strings:
[INFO -- 2018-11-14 18:18:23]
(1) file /tmp/lreg/lreg
[INFO -- 2018-11-14 18:18:23]
(2) set args /tmp/lreg/randInput /tmp/lreg/output
[INFO -- 2018-11-14 18:18:23]
initSignal:0
[INFO -- 2018-11-14 18:18:23]
endSignal:5
[INFO -- 2018-11-14 18:18:23]
faultModel:1
[INFO -- 2018-11-14 18:18:27]
Backtrace BEGIN:
#0  0x00007ffff76da707 in log1 (error=<synthetic pointer>, delta=<synthetic pointer>, x=24) at ../sysdeps/ieee754/dbl-64/e_pow.c:284
#1  __ieee754_pow_sse2 (x=24, y=3) at ../sysdeps/ieee754/dbl-64/e_pow.c:103
#2  0x00007ffff76bcb14 in __pow (x=24, y=3) at w_pow_compat.c:30
#3  0x0000555555556826 in std::pow<double, unsigned int> (__x=24, __y=3) at /usr/include/c++/7/cmath:418
#4  0x0000555555555814 in predict (v=24) at lreg.cpp:116
#5  0x0000555555555a53 in partialDerivate (pos1=2, pos2=2) at lreg.cpp:142
#6  0x0000555555555bbe in adjust (alpha1=2.2222199999999999e-05, alpha2=2.2222199999999999e-05) at lreg.cpp:156
#7  0x0000555555555ee0 in train (iter1=45000, iter2=45000, N=4, alpha1=2.2222199999999999e-05, alpha2=2.2222199999999999e-05, stopsWhenStable=true) at lreg.cpp:193
#8  0x0000555555556467 in main (argc=3, argv=0x7fffffffde68) at lreg.cpp:253

279	../sysdeps/ieee754/dbl-64/e_pow.c: No such file or directory.

Backtrace END
Fliping value of field name: i
Fliping array at pos: 1
Memory content before bitflip:0x000x000x000x80
Fault Model: Double bit-flip
base address to flip value: 0x7ffff779f5e4 
address max offset: 4
Memory content after  bitflip:0x000x000x110x80
frame name: log1
symbol name: nZERO
symbol filename: ../sysdeps/ieee754/dbl-64/upow.h
symbol line: 47
value: {i = {0, -2146369536}, x = -2.3641409746639015e-308}
value address: 0x7ffff779f5e0 <nZERO>
Type: The type is a union.
Type sizeof: 8
Field name: i
Field Type: The type is an array.
Field Type sizeof: 8
Field name: x
Field Type: A floating point type.
Field Type sizeof: 8

[INFO -- 2018-11-14 18:18:27]
Fault Injection Successful after 4.675987720489502s
[INFO -- 2018-11-14 18:18:31]
event type: exit
[INFO -- 2018-11-14 18:18:31]
exit code: 0
