[INFO -- 2018-11-11 11:00:37]
Starting flip_value script
version: 1.1
[INFO -- 2018-11-11 11:00:37]
Initialization strings:
[INFO -- 2018-11-11 11:00:37]
(1) file /tmp/lreg/lreg
[INFO -- 2018-11-11 11:00:37]
(2) set args /tmp/lreg/randInput /tmp/lreg/output
[INFO -- 2018-11-11 11:00:37]
initSignal:0
[INFO -- 2018-11-11 11:00:37]
endSignal:10
[INFO -- 2018-11-11 11:00:37]
faultModel:0
[INFO -- 2018-11-11 11:00:43]
Backtrace BEGIN:
#0  0x00007ffff76da7cd in log1 (error=<synthetic pointer>, delta=<synthetic pointer>, x=23) at ../sysdeps/ieee754/dbl-64/e_pow.c:334
#1  __ieee754_pow_sse2 (x=23, y=3) at ../sysdeps/ieee754/dbl-64/e_pow.c:103
#2  0x00007ffff76bcb14 in __pow (x=23, y=3) at w_pow_compat.c:30
#3  0x000055555555658c in std::pow<double, unsigned int> (__x=23, __y=3) at /usr/include/c++/7/cmath:418
#4  0x00005555555556a7 in predict (v=23) at lreg.cpp:112
#5  0x00005555555558da in partialDerivate (pos1=0, pos2=0) at lreg.cpp:138
#6  0x0000555555555a41 in adjust (alpha1=2.2222199999999999e-05, alpha2=2.2222199999999999e-05) at lreg.cpp:152
#7  0x0000555555555caa in train (iter1=45000, iter2=45000, N=4, alpha1=2.2222199999999999e-05, alpha2=2.2222199999999999e-05, stopsWhenStable=true) at lreg.cpp:185
#8  0x00005555555561df in main (argc=3, argv=0x7fffffffde68) at lreg.cpp:241

329	../sysdeps/ieee754/dbl-64/e_pow.c: No such file or directory.

Backtrace END
Memory content before bitflip:0x000x000x000x000x000x800x510x40
Fault Model: Single bit-flip
base address to flip value: 0x55555575a198 
address max offset: 8
Memory content after  bitflip:0x000x080x000x000x000x800x510x40
frame name: predict
symbol name: xChecksum
symbol filename: lreg.cpp
symbol line: 38
value: 70.000000000029104
value address: 0x55555575a198 <xChecksum>
Type: A floating point type.
Type sizeof: 8

[INFO -- 2018-11-11 11:00:43]
Fault Injection Successful after 6.411487579345703s
[INFO -- 2018-11-11 11:00:49]
event type: exit
[INFO -- 2018-11-11 11:00:49]
exit code: 0
