[INFO -- 2018-10-03 20:21:50]
Starting flip_value script
version: 1.1
[INFO -- 2018-10-03 20:21:50]
Initialization strings:
[INFO -- 2018-10-03 20:21:50]
(1) file /tmp/lreg/lreg
[INFO -- 2018-10-03 20:21:50]
(2) set args /tmp/lreg/randInput /tmp/lreg/output
[INFO -- 2018-10-03 20:21:50]
initSignal:0
[INFO -- 2018-10-03 20:21:50]
endSignal:10
[INFO -- 2018-10-03 20:21:50]
faultModel:2
[INFO -- 2018-10-03 20:21:54]
Backtrace BEGIN:
#0  0x00005555555551f1 in predict (v=11) at lreg.cpp:50
#1  0x00005555555552ba in meanSquaredError () at lreg.cpp:61
#2  0x0000555555555661 in train (iterations=90000, alpha=2.2222199999999999e-05, N=4, stopsWhenStable=true) at lreg.cpp:121
#3  0x0000555555555ab7 in main (argc=3, argv=0x7fffffffde58) at lreg.cpp:174

45		Predicts the value related to v using the Ts variables
46	*/
47	double predict(double v){
48		double val = 0;
49		for(int i = 0; i<T.size(); i++){
50			val+= (T[i] * pow(v, i));
51		}
52		return val;
53		
54	}

Backtrace END
Memory content before bitflip:0x890xc80xf40x510x9f0x0d0xa50x41
Fault Model: Random bit-flip
base address to flip value: 0x7fffffffd830
address max offset: 8
Memory content after  bitflip:0xc40xbc0x6d0x7e0x530xca0x0e0x63
frame name: train
symbol name: bestMSE
symbol filename: lreg.cpp
symbol line: 116
value: 1.4525196632009974e+169
value address: 0x7fffffffd830
Type: A floating point type.
Type sizeof: 8

[INFO -- 2018-10-03 20:21:54]
Fault Injection Successful after 4.192245721817017s
[INFO -- 2018-10-03 20:21:57]
event type: exit
[INFO -- 2018-10-03 20:21:57]
exit code: 0
