[INFO -- 2018-11-27 17:35:12]
Starting flip_value script
version: 1.1
[INFO -- 2018-11-27 17:35:12]
Initialization strings:
[INFO -- 2018-11-27 17:35:12]
(1) file /tmp/lreg/lreg
[INFO -- 2018-11-27 17:35:12]
(2) set args /tmp/lreg/randInput /tmp/lreg/output
[INFO -- 2018-11-27 17:35:12]
initSignal:0
[INFO -- 2018-11-27 17:35:12]
endSignal:3
[INFO -- 2018-11-27 17:35:12]
faultModel:1
[INFO -- 2018-11-27 17:35:13]
Backtrace BEGIN:
#0  0x00007ffff76bcb31 in __pow (x=-7, y=2) at w_pow_compat.c:31
#1  0x0000555555556826 in std::pow<double, unsigned int> (__x=-7, __y=2) at /usr/include/c++/7/cmath:418
#2  0x0000555555555814 in predict (v=-7) at lreg.cpp:116
#3  0x00005555555558c0 in meanSquaredError () at lreg.cpp:128
#4  0x0000555555555ee5 in train (iter1=20000, iter2=20000, N=3, alpha1=5.0000000000000002e-05, alpha2=5.0000000000000002e-05, stopsWhenStable=true) at lreg.cpp:194
#5  0x0000555555556467 in main (argc=3, argv=0x7fffffffde58) at lreg.cpp:253

26	w_pow_compat.c: No such file or directory.

Backtrace END
Memory content before bitflip:0x000x000x000x000x000x000x000x40
Fault Model: Double bit-flip
base address to flip value: 0x7fffffffd6d8
address max offset: 8
Memory content after  bitflip:0x000x000x000x240x000x000x000x40
frame name: __pow
symbol name: y
symbol filename: w_pow_compat.c
symbol line: 28
value: 2.0000002682209015
value address: 0x7fffffffd6d8
Type: A floating point type.
Type sizeof: 8

[INFO -- 2018-11-27 17:35:13]
Fault Injection Successful after 1.912994146347046s
[INFO -- 2018-11-27 17:35:16]
event type: exit
[INFO -- 2018-11-27 17:35:16]
exit code: 0
