[INFO -- 2018-09-30 17:36:31]
Starting flip_value script
version: 1.1
[INFO -- 2018-09-30 17:36:31]
Initialization strings:
[INFO -- 2018-09-30 17:36:31]
(1) file /tmp/lreg/lreg
[INFO -- 2018-09-30 17:36:31]
(2) set args /tmp/lreg/randInput /tmp/lreg/output
[INFO -- 2018-09-30 17:36:31]
initSignal:0
[INFO -- 2018-09-30 17:36:31]
endSignal:30
[INFO -- 2018-09-30 17:36:31]
faultModel:0
[INFO -- 2018-09-30 17:36:42]
Backtrace BEGIN:
#0  __ieee754_pow_sse2 (x=-1, y=0) at ../sysdeps/ieee754/dbl-64/e_pow.c:79
#1  0x00007ffff76b7b14 in __pow (x=-1, y=0) at w_pow_compat.c:30
#2  0x000055555555669c in std::pow<double, unsigned int> (__x=-1, __y=0) at /usr/include/c++/7/cmath:418
#3  0x0000555555555272 in predict (v=-1) at lreg.cpp:57
#4  0x000055555555557d in partialDerivate (pos=1) at lreg.cpp:106
#5  0x000055555555567d in adjust (alpha=2.2222199999999999e-05) at lreg.cpp:119
#6  0x0000555555555822 in train (iterations=90000, alpha=2.2222199999999999e-05, N=4, stopsWhenStable=true) at lreg.cpp:152
#7  0x0000555555555d59 in lreg (input=0x7fffffffe210 "/tmp/lreg/randInput", output=0x7fffffffe224 "/tmp/lreg/output") at lreg.cpp:205
#8  0x00005555555564e2 in main (argc=3, argv=0x7fffffffde68) at lreg.cpp:276

74	../sysdeps/ieee754/dbl-64/e_pow.c: No such file or directory.

Backtrace END
Fliping value of field: std::_Vector_base<double, std::allocator<double> >
Fliping value of field: _M_impl
Fliping value of field: _M_start
Fliping a bit of the value pointed by a pointer
Memory content before bitflip:0x000x000x000x000x000xa20xa60x40
Fault Model: Single bit-flip
base address to flip value: 0x555555772880
address max offset: 8
Memory content after  bitflip:0x000x000x000x020x000xa20xa60x40
frame name: adjust
symbol name: y
symbol filename: lreg.cpp
symbol line: 36
value: std::vector of length 16, capacity 16 = {2897.0000152587891, 67, -18874, -34750, 134, 1, -1990, -274, 7162, 4303, 3554, 18173, 2897, -3106, -10, 12626}
value address: 0x55555575b160 <y>
Type: The type is a structure.
Type sizeof: 24
Field name: std::_Vector_base<double, std::allocator<double> >
Field Type: The type is a structure.
Field Type sizeof: 24

[INFO -- 2018-09-30 17:36:42]
Fault Injection Successful after 11.664853811264038s
[INFO -- 2018-09-30 17:36:58]
event type: exit
[INFO -- 2018-09-30 17:36:58]
exit code: 0
