[INFO -- 2018-10-05 18:24:57]
Starting flip_value script
version: 1.1
[INFO -- 2018-10-05 18:24:57]
Initialization strings:
[INFO -- 2018-10-05 18:24:57]
(1) file /tmp/lreg/lreg
[INFO -- 2018-10-05 18:24:57]
(2) set args /tmp/lreg/randInput /tmp/lreg/output
[INFO -- 2018-10-05 18:24:57]
initSignal:0
[INFO -- 2018-10-05 18:24:57]
endSignal:30
[INFO -- 2018-10-05 18:24:57]
faultModel:2
[INFO -- 2018-10-05 18:25:09]
Backtrace BEGIN:
#0  0x00007ffff76d5813 in log1 (error=<synthetic pointer>, delta=<synthetic pointer>, x=17) at ../sysdeps/ieee754/dbl-64/e_pow.c:335
#1  __ieee754_pow_sse2 (x=17, y=3) at ../sysdeps/ieee754/dbl-64/e_pow.c:103
#2  0x00007ffff76b7b14 in __pow (x=17, y=3) at w_pow_compat.c:30
#3  0x0000555555557754 in std::pow<double, unsigned int> (__x=17, __y=3) at /usr/include/c++/7/cmath:418
#4  0x0000555555555306 in predict (v=17) at lreg.cpp:68
#5  0x00005555555554bb in partialDerivate (pos=3) at lreg.cpp:92
#6  0x00005555555555bb in adjust (alpha=2.2222199999999999e-05) at lreg.cpp:105
#7  0x0000555555555760 in train (iterations=90000, alpha=2.2222199999999999e-05, N=4, stopsWhenStable=true) at lreg.cpp:138
#8  0x0000555555555acb in lreg (input=0x7fffffffe210 "/tmp/lreg/randInput") at lreg.cpp:173
#9  0x0000555555555e43 in main (argc=3, argv=0x7fffffffde68) at lreg.cpp:221

330	../sysdeps/ieee754/dbl-64/e_pow.c: No such file or directory.

Backtrace END
Memory content before bitflip:0x030x000x000x00
Fault Model: Random bit-flip
base address to flip value: 0x7fffffffdadc
address max offset: 4
Memory content after  bitflip:0x660x1e0x830xa4
frame name: main
symbol name: argc
symbol filename: lreg.cpp
symbol line: 211
value: -1534910874
value address: 0x7fffffffdadc
Type: The type is an integer type.
Type sizeof: 4

[INFO -- 2018-10-05 18:25:09]
Fault Injection Successful after 12.608409643173218s
[INFO -- 2018-10-05 18:25:39]
event type: exit
[INFO -- 2018-10-05 18:25:39]
exit code: 0
