[INFO -- 2018-10-08 19:14:16]
Starting flip_value script
version: 1.1
[INFO -- 2018-10-08 19:14:16]
Initialization strings:
[INFO -- 2018-10-08 19:14:16]
(1) file /tmp/lreg/lreg
[INFO -- 2018-10-08 19:14:16]
(2) set args /tmp/lreg/randInput /tmp/lreg/output
[INFO -- 2018-10-08 19:14:16]
initSignal:0
[INFO -- 2018-10-08 19:14:16]
endSignal:10
[INFO -- 2018-10-08 19:14:16]
faultModel:2
[INFO -- 2018-10-08 19:14:18]
Backtrace BEGIN:
#0  predict (v=1) at lreg.cpp:71
#1  0x000055555555551d in partialDerivate (pos=1) at lreg.cpp:107
#2  0x0000555555555670 in adjust () at lreg.cpp:123
#3  0x0000555555555881 in train (iterations=60000, N=3, stopsWhenStable=true) at lreg.cpp:159
#4  0x0000555555555dba in main (argc=3, argv=0x7fffffffde68) at lreg.cpp:225

66	}
67	
68	/**
69		Predicts the value related to v using the Ts variables
70	*/
71	double predict(double v){
72		double val = 0;
73		for(UINT i1 = 0, i2 = 0, i3 = 0; 
74			selectTriUInt(i1, i2, i3)<T.size(); 
75			i1++, i2++, i3++)

Backtrace END
Memory content before bitflip:0x2d0x430x1c0xeb0xe20x360x0a0x3f
Fault Model: Random bit-flip
base address to flip value: 0x55555575a198 
address max offset: 8
Memory content after  bitflip:0x6d0x920x0b0xdf0x720x7e0xa40x99
frame name: predict
symbol name: a1
symbol filename: lreg.cpp
symbol line: 45
value: -3.7680628841192172e-185
value address: 0x55555575a198 <a1>
Type: A floating point type.
Type sizeof: 8

[INFO -- 2018-10-08 19:14:18]
Fault Injection Successful after 2.4763548374176025s
[INFO -- 2018-10-08 19:14:26]
event type: exit
[INFO -- 2018-10-08 19:14:26]
exit code: 0
