[INFO -- 2018-10-13 10:43:35]
Starting flip_value script
version: 1.1
[INFO -- 2018-10-13 10:43:35]
Initialization strings:
[INFO -- 2018-10-13 10:43:35]
(1) file /tmp/lreg/lreg
[INFO -- 2018-10-13 10:43:35]
(2) set args /tmp/lreg/randInput /tmp/lreg/output
[INFO -- 2018-10-13 10:43:35]
initSignal:0
[INFO -- 2018-10-13 10:43:35]
endSignal:10
[INFO -- 2018-10-13 10:43:35]
faultModel:0
[INFO -- 2018-10-13 10:43:39]
Backtrace BEGIN:
#0  0x00007ffff76da518 in __ieee754_pow_sse2 (x=-12, y=1) at ../sysdeps/ieee754/dbl-64/e_pow.c:65
#1  0x00007ffff76bcb14 in __pow (x=-12, y=1) at w_pow_compat.c:30
#2  0x00005555555560ba in std::pow<double, unsigned int> (__x=-12, __y=1) at /usr/include/c++/7/cmath:418
#3  0x00005555555552c2 in predict (v=-12) at lreg.cpp:77
#4  0x00005555555553e9 in meanSquaredError () at lreg.cpp:91
#5  0x0000555555555886 in train (iterations=90000, N=4, stopsWhenStable=true) at lreg.cpp:160
#6  0x0000555555555dba in main (argc=3, argv=0x7fffffffde68) at lreg.cpp:225

60	../sysdeps/ieee754/dbl-64/e_pow.c: No such file or directory.

Backtrace END
Memory content before bitflip:0x460x5a0xb70xf40x390x4d0xf70x3e
Fault Model: Single bit-flip
base address to flip value: 0x55555575a1a8 
address max offset: 8
Memory content after  bitflip:0x460x5a0xf70xf40x390x4d0xf70x3e
frame name: predict
symbol name: a3
symbol filename: lreg.cpp
symbol line: 45
value: 2.2222200014210853e-05
value address: 0x55555575a1a8 <a3>
Type: A floating point type.
Type sizeof: 8

[INFO -- 2018-10-13 10:43:39]
Fault Injection Successful after 4.68215799331665s
[INFO -- 2018-10-13 10:43:45]
event type: exit
[INFO -- 2018-10-13 10:43:45]
exit code: 0
