[INFO -- 2018-10-08 20:08:59]
Starting flip_value script
version: 1.1
[INFO -- 2018-10-08 20:08:59]
Initialization strings:
[INFO -- 2018-10-08 20:08:59]
(1) file /tmp/lreg/lreg
[INFO -- 2018-10-08 20:08:59]
(2) set args /tmp/lreg/randInput /tmp/lreg/output
[INFO -- 2018-10-08 20:08:59]
initSignal:0
[INFO -- 2018-10-08 20:08:59]
endSignal:10
[INFO -- 2018-10-08 20:08:59]
faultModel:2
[INFO -- 2018-10-08 20:09:00]
Backtrace BEGIN:
#0  0x00007ffff76b7b47 in __pow (x=8, y=0) at w_pow_compat.c:55
#1  0x00005555555560ba in std::pow<double, unsigned int> (__x=8, __y=0) at /usr/include/c++/7/cmath:418
#2  0x0000555555555590 in partialDerivate (pos=0) at lreg.cpp:107
#3  0x0000555555555670 in adjust () at lreg.cpp:123
#4  0x0000555555555881 in train (iterations=30000, N=2, stopsWhenStable=true) at lreg.cpp:159
#5  0x0000555555555dba in main (argc=3, argv=0x7fffffffde68) at lreg.cpp:225

50	w_pow_compat.c: No such file or directory.

Backtrace END
Fliping value of field: std::_Vector_base<double, std::allocator<double> >
Fliping value of field: _M_impl
Fliping value of field: _M_start
Fliping a bit of the value pointed by a pointer
Memory content before bitflip:0x0d0x810xb70x860x000x000xf00xbf
Fault Model: Random bit-flip
base address to flip value: 0x555555771360
address max offset: 8
Memory content after  bitflip:0xf80x440x440x320xb30x630xc90x47
frame name: train
symbol name: prevT
symbol filename: lreg.cpp
symbol line: 150
value: std::vector of length 2, capacity 2 = {6.7496743634946766e+37, -2.8450059946609222e-06}
value address: 0x7fffffffd830
Type: The type is a structure.
Type sizeof: 24
Field name: std::_Vector_base<double, std::allocator<double> >
Field Type: The type is a structure.
Field Type sizeof: 24

[INFO -- 2018-10-08 20:09:00]
Fault Injection Successful after 1.6153225898742676s
[INFO -- 2018-10-08 20:09:09]
event type: exit
[INFO -- 2018-10-08 20:09:09]
exit code: 0
