[INFO -- 2018-11-04 20:14:16]
Starting flip_value script
version: 1.1
[INFO -- 2018-11-04 20:14:16]
Initialization strings:
[INFO -- 2018-11-04 20:14:16]
(1) file /tmp/lreg/lreg
[INFO -- 2018-11-04 20:14:16]
(2) set args /tmp/lreg/randInput /tmp/lreg/output /tmp/lreg/detected.log
[INFO -- 2018-11-04 20:14:16]
initSignal:0
[INFO -- 2018-11-04 20:14:16]
endSignal:10
[INFO -- 2018-11-04 20:14:16]
faultModel:0
[INFO -- 2018-11-04 20:14:25]
Backtrace BEGIN:
#0  __exp1 (x=9.5341614910438377, xx=-8.4058081936237852e-16, error=<optimized out>) at ../sysdeps/ieee754/dbl-64/e_exp.c:255
#1  0x00007ffff76da8dc in __ieee754_pow_sse2 (x=24, y=3) at ../sysdeps/ieee754/dbl-64/e_pow.c:115
#2  0x00007ffff76db6be in __ieee754_pow_sse2 (x=<optimized out>, y=<optimized out>) at ../sysdeps/ieee754/dbl-64/e_pow.c:184
#3  0x00007ffff76bcb14 in __pow (x=-24, y=3) at w_pow_compat.c:30
#4  0x0000555555556131 in std::pow<double, int> (__x=-24, __y=3) at /usr/include/c++/7/cmath:418
#5  0x0000555555555237 in predict (v=-24) at lreg.cpp:50
#6  0x00005555555552ba in meanSquaredError () at lreg.cpp:61
#7  0x00005555555556b1 in train (iterations=45000, alpha=2.2222199999999999e-05, N=4, stopsWhenStable=true) at lreg.cpp:121
#8  0x0000555555555a1c in execute (input=0x7fffffffe1f1 "/tmp/lreg/randInput") at lreg.cpp:157
#9  0x0000555555555c98 in main (argc=4, argv=0x7fffffffde48) at lreg.cpp:194

250	../sysdeps/ieee754/dbl-64/e_exp.c: No such file or directory.

Backtrace END
Fliping value of field name: x
Memory content before bitflip:0xdc0x040x000x000x000x000xe00x3f
Fault Model: Single bit-flip
base address to flip value: 0x7ffff77917f8 
address max offset: 8
Memory content after  bitflip:0xdc0x440x000x000x000x000xe00x3f
frame name: __exp1
symbol name: p2
symbol filename: ../sysdeps/ieee754/dbl-64/uexp.h
symbol line: 61
value: {i = {17628, 1071644672}, x = 0.5000000000019571}
value address: 0x7ffff77917f8 <p2>
Type: The type is a union.
Type sizeof: 8
Field name: i
Field Type: The type is an array.
Field Type sizeof: 8
Field name: x
Field Type: A floating point type.
Field Type sizeof: 8

[INFO -- 2018-11-04 20:14:25]
Fault Injection Successful after 9.04013466835022s
[INFO -- 2018-11-04 20:14:25]
event type: exit
[INFO -- 2018-11-04 20:14:25]
exit code: 0
