[INFO -- 2018-09-15 14:59:16]
Starting flip_value script
version: 1.1
[INFO -- 2018-09-15 14:59:16]
Initialization strings:
[INFO -- 2018-09-15 14:59:16]
(1) file /tmp/lreg/lreg
[INFO -- 2018-09-15 14:59:16]
(2) set args /tmp/lreg/randInput /tmp/lreg/output
[INFO -- 2018-09-15 14:59:16]
initSignal:0
[INFO -- 2018-09-15 14:59:16]
endSignal:2
[INFO -- 2018-09-15 14:59:16]
faultModel:1
[INFO -- 2018-09-15 14:59:16]
Backtrace BEGIN:
#0  0x00007ffff76b7b0f in __pow (x=-4, y=1) at w_pow_compat.c:30
#1  0x0000555555555f39 in std::pow<double, int> (__x=-4, __y=1) at /usr/include/c++/7/cmath:418
#2  0x0000555555555451 in partialDerivate (pos=1) at lreg.cpp:74
#3  0x0000555555555503 in adjust (alpha=5.0000000000000002e-05) at lreg.cpp:87
#4  0x00005555555556ac in train (iterations=60000, alpha=5.0000000000000002e-05, N=3, stopsWhenStable=true) at lreg.cpp:120
#5  0x0000555555555c26 in main (argc=3, argv=0x7fffffffde68) at lreg.cpp:182

25	w_pow_compat.c: No such file or directory.

Backtrace END
Fliping a bit of the value pointed by a pointer
Fliping a bit of the value pointed by a pointer
Memory content before bitflip:0x2f
Fault Model: Double bit-flip
base address to flip value: 0x7fffffffe207 
address max offset: 1
Memory content after  bitflip:0x6b
frame name: main
symbol name: argv
symbol filename: lreg.cpp
symbol line: 152
value: 0x7fffffffde68
value address: 0x7fffffffd910
Type: The type is a pointer.
Type sizeof: 8

[INFO -- 2018-09-15 14:59:16]
Fault Injection Successful after 0.9507200717926025s
[INFO -- 2018-09-15 14:59:23]
event type: exit
[INFO -- 2018-09-15 14:59:23]
exit code: 0
