[INFO -- 2018-11-29 13:40:53]
Starting flip_value script
version: 1.1
[INFO -- 2018-11-29 13:40:53]
Initialization strings:
[INFO -- 2018-11-29 13:40:53]
(1) file /tmp/lreg/lreg
[INFO -- 2018-11-29 13:40:53]
(2) set args /tmp/lreg/randInput /tmp/lreg/output /tmp/lreg/detected.log
[INFO -- 2018-11-29 13:40:53]
initSignal:0
[INFO -- 2018-11-29 13:40:53]
endSignal:6
[INFO -- 2018-11-29 13:40:53]
faultModel:1
[INFO -- 2018-11-29 13:40:56]
Backtrace BEGIN:
#0  0x00007ffff76da53c in __ieee754_pow_sse2 (x=-16, y=0) at ../sysdeps/ieee754/dbl-64/e_pow.c:65
#1  0x00007ffff76bcb14 in __pow (x=-16, y=0) at w_pow_compat.c:30
#2  0x000055555555621b in std::pow<double, int> (__x=-16, __y=0) at /usr/include/c++/7/cmath:418
#3  0x0000555555555237 in predict (v=-16) at lreg.cpp:50
#4  0x00005555555553fc in partialDerivate (pos=3) at lreg.cpp:74
#5  0x0000555555555503 in adjust (alpha=2.2222199999999999e-05) at lreg.cpp:87
#6  0x00005555555556ac in train (iterations=30000, alpha=2.2222199999999999e-05, N=4, stopsWhenStable=true) at lreg.cpp:120
#7  0x0000555555555a1c in execute (input=0x7fffffffe1f1 "/tmp/lreg/randInput") at lreg.cpp:157
#8  0x0000555555555c78 in main (argc=4, argv=0x7fffffffde48) at lreg.cpp:193

60	../sysdeps/ieee754/dbl-64/e_pow.c: No such file or directory.

Backtrace END
Fliping a bit of the value pointed by a pointer
Fliping a bit of the pointer
Memory content before bitflip:0xe20xe10xff0xff0xff0x7f0x000x00
Fault Model: Double bit-flip
base address to flip value: 0x7fffffffde48
address max offset: 8
Memory content after  bitflip:0xe20xe10xff0xff0xed0x7f0x000x00
frame name: main
symbol name: argv
symbol filename: lreg.cpp
symbol line: 181
value: 0x7fffffffde48
value address: 0x7fffffffd8e0
Type: The type is a pointer.
Type sizeof: 8

[INFO -- 2018-11-29 13:40:56]
Fault Injection Successful after 3.1734371185302734s
[INFO -- 2018-11-29 13:41:00]
event type: exit
[INFO -- 2018-11-29 13:41:00]
exit code: 0
