[INFO -- 2018-09-15 23:55:03]
Starting flip_value script
version: 1.1
[INFO -- 2018-09-15 23:55:03]
Initialization strings:
[INFO -- 2018-09-15 23:55:03]
(1) file /tmp/lreg/lreg
[INFO -- 2018-09-15 23:55:03]
(2) set args /tmp/lreg/randInput /tmp/lreg/output
[INFO -- 2018-09-15 23:55:03]
initSignal:0
[INFO -- 2018-09-15 23:55:03]
endSignal:2
[INFO -- 2018-09-15 23:55:03]
faultModel:0
[EXCEPTION -- 2018-09-15 23:55:03]
gdbException: Attempt to dereference a generic pointer.
[INFO -- 2018-09-15 23:55:05]
Backtrace BEGIN:
#0  0x00007ffff76d55b0 in __ieee754_pow_sse2 (x=-21, y=0) at ../sysdeps/ieee754/dbl-64/e_pow.c:79
#1  0x00007ffff76b7b14 in __pow (x=-21, y=0) at w_pow_compat.c:30
#2  0x0000555555555f39 in std::pow<double, int> (__x=-21, __y=0) at /usr/include/c++/7/cmath:418
#3  0x0000555555555451 in partialDerivate (pos=0) at lreg.cpp:74
#4  0x0000555555555503 in adjust (alpha=2.2222199999999999e-05) at lreg.cpp:87
#5  0x00005555555556ac in train (iterations=90000, alpha=2.2222199999999999e-05, N=4, stopsWhenStable=true) at lreg.cpp:120
#6  0x0000555555555c26 in main (argc=3, argv=0x7fffffffde68) at lreg.cpp:182

74	../sysdeps/ieee754/dbl-64/e_pow.c: No such file or directory.

Backtrace END
Fliping value of field: std::_Vector_base<double, std::allocator<double> >
Fliping value of field: _M_impl
Fliping value of field: _M_finish
Fliping a bit of the value pointed by a pointer
Memory content before bitflip:0x000x000x000x000x000x000x000x00
Fault Model: Single bit-flip
base address to flip value: 0x555555771880
address max offset: 8
Memory content after  bitflip:0x000x000x000x000x000x000x000x80
frame name: main
symbol name: x
symbol filename: lreg.cpp
symbol line: 32
value: std::vector of length 36, capacity 64 = {-10, -4, -4, 13, 1, 10, -1, -3, -21, -8, -19, -15, 4, 19, 18, 5, 11, 19, -24, -5, 28, 25, 27, -29, -21, -23, -5, -11, -17, 1, -6, 5, -1, -11, -1, 14}
value address: 0x55555575a140 <x>
Type: The type is a structure.
Type sizeof: 24
Field name: std::_Vector_base<double, std::allocator<double> >
Field Type: The type is a structure.
Field Type sizeof: 24

[INFO -- 2018-09-15 23:55:05]
Fault Injection Successful after 2.0178582668304443s
[INFO -- 2018-09-15 23:55:10]
event type: exit
[INFO -- 2018-09-15 23:55:10]
exit code: 0
