[INFO -- 2018-10-03 17:07:43]
Starting flip_value script
version: 1.1
[INFO -- 2018-10-03 17:07:43]
Initialization strings:
[INFO -- 2018-10-03 17:07:43]
(1) file /tmp/lreg/lreg
[INFO -- 2018-10-03 17:07:43]
(2) set args /tmp/lreg/randInput /tmp/lreg/output
[INFO -- 2018-10-03 17:07:43]
initSignal:0
[INFO -- 2018-10-03 17:07:43]
endSignal:10
[INFO -- 2018-10-03 17:07:43]
faultModel:0
[INFO -- 2018-10-03 17:07:47]
Backtrace BEGIN:
#0  0x0000555555555cda in std::vector<double, std::allocator<double> >::size (this=0x4008000000000000) at /usr/include/c++/7/bits/stl_vector.h:670
#1  0x0000555555555379 in partialDerivate (pos=1) at lreg.cpp:73
#2  0x00005555555554b3 in adjust (alpha=2.2222199999999999e-05) at lreg.cpp:87
#3  0x000055555555565c in train (iterations=90000, alpha=2.2222199999999999e-05, N=4, stopsWhenStable=true) at lreg.cpp:120
#4  0x0000555555555ab7 in main (argc=3, argv=0x7fffffffde58) at lreg.cpp:174

665	#endif
666	
667	      // [23.2.4.2] capacity
668	      /**  Returns the number of elements in the %vector.  */
669	      size_type
670	      size() const _GLIBCXX_NOEXCEPT
671	      { return size_type(this->_M_impl._M_finish - this->_M_impl._M_start); }
672	
673	      /**  Returns the size() of the largest possible %vector.  */
674	      size_type

Backtrace END
Fliping value of field: std::_Vector_base<double, std::allocator<double> >
Fliping value of field: _M_impl
Fliping value of field: _M_finish
Fliping a bit of the pointer
Memory content before bitflip:0xa00x130x770x550x550x550x000x00
Fault Model: Single bit-flip
base address to flip value: 0x55555575a188 
address max offset: 8
Memory content after  bitflip:0xa40x130x770x550x550x550x000x00
frame name: std::vector<double, std::allocator<double> >::size
symbol name: T
symbol filename: lreg.cpp
symbol line: 34
value: std::vector of length 4, capacity 4 = {-21.691528245670494, -198.55896706423283, -2.5841661812097039, 4.993593151915003, 0, 4.001931731314097e-322, 4.6355706478057827e-310, 1.5810100666919889e-322, 5.0000038146972647, 1.2136148401522155e-312, -21.00000001238384, -9, 3, 3, 0, 4.001931731314097e-322, 0, 1.5810100666919889e-322, 2.1219957904712067e-314, 1.1286365811261893e-312, 0, 0, 0, 0, 0, 1.6304166312761136e-322, 4.6355706478247548e-310, -2.9433948396780578, -3.9908218983676815, 1.6304166312761136e-322, 4.6355706478263358e-310, -2.9433831330198497, -3.9907217789032861, 1.6304166312761136e-322, 0, -2.9433948396780578, -3.9908218983676815, 7.1639518646980749e-322, 0, -9, 5, 1, -21, -9, 3, 3, -1194, -34, -706, -556, -1264, -510, -1984, -16, 0, 1.3487992131466031e-321, 0, -4, 3, 1, -10, -4, 2, 2, 17, -3, 13, -12, -18, 11, 22, -2, 21, -5, 11, -17, 7, -26, 26, -24, -32, -24, 29, -30, -1, 27, 27, -29, 0, 1.3487992131466031e-321, 4.6355706478350314e-310, -9, 5, 1, -21, -9, 3, 3, -1194, -34, -706, -556, -1264, -510, -1984, -16, -1810, -94, -510, -1126, 1931, -85255, 90661, -66889, -159841, -66889, 125395, -131491, -5, 101411, 101411, -118669, 0, 2.6136072665001942e-321, 8, -4, 3, 1, -10, -4, 2, 2, 17, -3, 13, -12, -18, 11, 22, -2, 21, -5, 11, -17, 7, -26, 26, -24, -32, -24, 29, -30, -1, 27, 27, -29, -21, 19, 19, 23, 0, 0, 0, 0, 0, 0, 0, 0, 0, 0, 0, 0, 0, 0, 0, 0, 0, 0, 0, 0, 0, 0, 0, 0, 0, 0, 0, 0, 0, 2.6136072665001942e-321, 15, -9, 5, 1, -21, -9, 3, 3, -1194, -34...}
value address: 0x55555575a180 <T>
Type: The type is a structure.
Type sizeof: 24
Field name: std::_Vector_base<double, std::allocator<double> >
Field Type: The type is a structure.
Field Type sizeof: 24

[INFO -- 2018-10-03 17:07:47]
Fault Injection Successful after 4.16196346282959s
[INFO -- 2018-10-03 17:07:50]
event type: exit
[INFO -- 2018-10-03 17:07:50]
exit code: 0
