[INFO -- 2018-11-12 16:52:50]
Starting flip_value script
version: 1.1
[INFO -- 2018-11-12 16:52:50]
Initialization strings:
[INFO -- 2018-11-12 16:52:50]
(1) file /tmp/lreg/lreg
[INFO -- 2018-11-12 16:52:50]
(2) set args /tmp/lreg/randInput /tmp/lreg/output
[INFO -- 2018-11-12 16:52:50]
initSignal:0
[INFO -- 2018-11-12 16:52:50]
endSignal:10
[INFO -- 2018-11-12 16:52:50]
faultModel:1
[INFO -- 2018-11-12 16:52:54]
Backtrace BEGIN:
#0  __exp1 (x=<optimized out>, xx=<optimized out>, error=<optimized out>) at ../sysdeps/ieee754/dbl-64/e_exp.c:280
#1  0x00007ffff76da8dc in __ieee754_pow_sse2 (x=20, y=3) at ../sysdeps/ieee754/dbl-64/e_pow.c:115
#2  0x00007ffff76db6be in __ieee754_pow_sse2 (x=<optimized out>, y=<optimized out>) at ../sysdeps/ieee754/dbl-64/e_pow.c:184
#3  0x00007ffff76bcb14 in __pow (x=-20, y=3) at w_pow_compat.c:30
#4  0x00005555555566b8 in std::pow<double, unsigned int> (__x=-20, __y=3) at /usr/include/c++/7/cmath:418
#5  0x00005555555556e7 in predict (v=-20) at lreg.cpp:113
#6  0x000055555555591a in partialDerivate (pos1=1, pos2=1) at lreg.cpp:139
#7  0x0000555555555a81 in adjust (alpha1=2.2222199999999999e-05, alpha2=2.2222199999999999e-05) at lreg.cpp:153
#8  0x0000555555555da3 in train (iter1=45000, iter2=45000, N=4, alpha1=2.2222199999999999e-05, alpha2=2.2222199999999999e-05, stopsWhenStable=true) at lreg.cpp:190
#9  0x00005555555562e6 in main (argc=3, argv=0x7fffffffde68) at lreg.cpp:246

275	../sysdeps/ieee754/dbl-64/e_exp.c: No such file or directory.

Backtrace END
Memory content before bitflip:0x460x5a0xb70xf40x390x4d0xf70x3e
Fault Model: Double bit-flip
base address to flip value: 0x7fffffffd780
address max offset: 8
Memory content after  bitflip:0x460x5a0xb70xf40x390x4d0xd60x3e
frame name: adjust
symbol name: alpha2
symbol filename: lreg.cpp
symbol line: 148
value: 5.3171314208984372e-06
value address: 0x7fffffffd780
Type: A floating point type.
Type sizeof: 8

[INFO -- 2018-11-12 16:52:54]
Fault Injection Successful after 4.467085361480713s
[INFO -- 2018-11-12 16:53:05]
event type: exit
[INFO -- 2018-11-12 16:53:05]
exit code: 0
