[INFO -- 2018-11-27 20:51:35]
Starting flip_value script
version: 1.1
[INFO -- 2018-11-27 20:51:35]
Initialization strings:
[INFO -- 2018-11-27 20:51:35]
(1) file /tmp/lreg/lreg
[INFO -- 2018-11-27 20:51:35]
(2) set args /tmp/lreg/randInput /tmp/lreg/output
[INFO -- 2018-11-27 20:51:35]
initSignal:0
[INFO -- 2018-11-27 20:51:35]
endSignal:3
[INFO -- 2018-11-27 20:51:35]
faultModel:0
[INFO -- 2018-11-27 20:51:36]
Backtrace BEGIN:
#0  __ieee754_pow_sse2 (x=25, y=3) at ../sysdeps/ieee754/dbl-64/e_pow.c:103
#1  0x00007ffff76bcb14 in __pow (x=25, y=3) at w_pow_compat.c:30
#2  0x0000555555556826 in std::pow<double, unsigned int> (__x=25, __y=3) at /usr/include/c++/7/cmath:418
#3  0x0000555555555814 in predict (v=25) at lreg.cpp:116
#4  0x00005555555558c0 in meanSquaredError () at lreg.cpp:128
#5  0x0000555555555ee5 in train (iter1=30000, iter2=30000, N=4, alpha1=2.2222199999999999e-05, alpha2=2.2222199999999999e-05, stopsWhenStable=true) at lreg.cpp:194
#6  0x0000555555556467 in main (argc=3, argv=0x7fffffffde58) at lreg.cpp:253

98	../sysdeps/ieee754/dbl-64/e_pow.c: No such file or directory.

Backtrace END
Memory content before bitflip:0x000x000x000x000x000x000x390x40
Fault Model: Single bit-flip
base address to flip value: 0x7fffffffd6d0
address max offset: 8
Memory content after  bitflip:0x000x000x400x000x000x000x390x40
frame name: __pow
symbol name: x
symbol filename: w_pow_compat.c
symbol line: 28
value: 25.000000014901161
value address: 0x7fffffffd6d0
Type: A floating point type.
Type sizeof: 8

[INFO -- 2018-11-27 20:51:36]
Fault Injection Successful after 1.8108985424041748s
[INFO -- 2018-11-27 20:51:38]
event type: exit
[INFO -- 2018-11-27 20:51:38]
exit code: 0
