[INFO -- 2018-11-26 16:25:41]
Starting flip_value script
version: 1.1
[INFO -- 2018-11-26 16:25:41]
Initialization strings:
[INFO -- 2018-11-26 16:25:41]
(1) file /tmp/lreg/lreg
[INFO -- 2018-11-26 16:25:41]
(2) set args /tmp/lreg/randInput /tmp/lreg/output
[INFO -- 2018-11-26 16:25:41]
initSignal:0
[INFO -- 2018-11-26 16:25:41]
endSignal:3
[INFO -- 2018-11-26 16:25:41]
faultModel:0
[EXCEPTION -- 2018-11-26 16:25:43]
pythonException: empty range for randrange() (0,0, 0)
[INFO -- 2018-11-26 16:25:43]
Backtrace BEGIN:
#0  meanSquaredError () at lreg.cpp:124
#1  0x0000555555555ee5 in train (iter1=20000, iter2=20000, N=3, alpha1=5.0000000000000002e-05, alpha2=5.0000000000000002e-05, stopsWhenStable=true) at lreg.cpp:194
#2  0x0000555555556467 in main (argc=3, argv=0x7fffffffde58) at lreg.cpp:253

119		
120	}
121	/**
122		Calculates the mean squared error of T
123	*/
124	double meanSquaredError(){
125		double error = 0;
126		
127		for(UINT i1 = 0, i2 = 0; verifyUintDup(i1, i2)<(x.size() - 1); i1++, i2++){
128			error+= ((predict(x[verifyUintDup(i1, i2)]) - y[verifyUintDup(i1, i2)]) * (predict(x[verifyUintDup(i1, i2)]) - y[verifyUintDup(i1, i2)]));	

Backtrace END
Memory content before bitflip:0x060x000x000x00
Fault Model: Single bit-flip
base address to flip value: 0x7fffffffd8e8
address max offset: 4
Memory content after  bitflip:0x060x020x000x00
frame name: main
symbol name: predictions
symbol filename: lreg.cpp
symbol line: 236
value: 518
value address: 0x7fffffffd8e8
Type: The type is an integer type.
Type sizeof: 4

[INFO -- 2018-11-26 16:25:43]
Fault Injection Successful after 2.444103479385376s
[INFO -- 2018-11-26 16:25:44]
event type: exit
[INFO -- 2018-11-26 16:25:44]
exit code: 0
