[INFO -- 2018-11-26 19:24:40]
Starting flip_value script
version: 1.1
[INFO -- 2018-11-26 19:24:40]
Initialization strings:
[INFO -- 2018-11-26 19:24:40]
(1) file /tmp/lreg/lreg
[INFO -- 2018-11-26 19:24:40]
(2) set args /tmp/lreg/randInput /tmp/lreg/output
[INFO -- 2018-11-26 19:24:40]
initSignal:0
[INFO -- 2018-11-26 19:24:40]
endSignal:3
[INFO -- 2018-11-26 19:24:40]
faultModel:1
[INFO -- 2018-11-26 19:24:41]
Backtrace BEGIN:
#0  0x00005555555551e0 in verifyUintDup (a=20000, b=20000) at lreg.cpp:69
#1  0x0000555555555e5a in train (iter1=20000, iter2=20000, N=3, alpha1=5.0000000000000002e-05, alpha2=5.0000000000000002e-05, stopsWhenStable=true) at lreg.cpp:191
#2  0x0000555555556467 in main (argc=3, argv=0x7fffffffde58) at lreg.cpp:253

64			ofstream fp ("/tmp/lreg/detected.log", std::ofstream::app);
65			fp << "verifyUint: a = "<<a<<"; b = "<<b<<endl;
66	        detected = 1;	
67		}
68		return a;
69	}
70	double verifyDoubleDup(double a, double b){
71		if (a != b && detected != 1){
72			//gerar entrada no log
73			ofstream fp ("/tmp/lreg/detected.log", std::ofstream::app);

Backtrace END
Memory content before bitflip:0x000x000x000x00
Fault Model: Double bit-flip
base address to flip value: 0x55555575b1b8 
address max offset: 4
Memory content after  bitflip:0x000x000x240x00
frame name: verifyUintDup
symbol name: detected
symbol filename: lreg.cpp
symbol line: 58
value: 2359296
value address: 0x55555575b1b8 <detected>
Type: The type is an integer type.
Type sizeof: 4

[INFO -- 2018-11-26 19:24:41]
Fault Injection Successful after 1.9431064128875732s
[INFO -- 2018-11-26 19:24:45]
event type: exit
[INFO -- 2018-11-26 19:24:45]
exit code: 0
