[INFO -- 2018-11-14 12:57:49]
Starting flip_value script
version: 1.1
[INFO -- 2018-11-14 12:57:49]
Initialization strings:
[INFO -- 2018-11-14 12:57:49]
(1) file /tmp/lreg/lreg
[INFO -- 2018-11-14 12:57:49]
(2) set args /tmp/lreg/randInput /tmp/lreg/output
[INFO -- 2018-11-14 12:57:49]
initSignal:0
[INFO -- 2018-11-14 12:57:49]
endSignal:5
[INFO -- 2018-11-14 12:57:49]
faultModel:1
[INFO -- 2018-11-14 12:57:51]
Backtrace BEGIN:
#0  0x00005555555567db in std::vector<double, std::allocator<double> >::operator[] (this=0x55555575b180 <T1>, __n=1) at /usr/include/c++/7/bits/stl_vector.h:799
#1  0x00005555555557d4 in predict (v=17) at lreg.cpp:116
#2  0x0000555555555a53 in partialDerivate (pos1=1, pos2=1) at lreg.cpp:142
#3  0x0000555555555bbe in adjust (alpha1=5.0000000000000002e-05, alpha2=5.0000000000000002e-05) at lreg.cpp:156
#4  0x0000555555555ee0 in train (iter1=30000, iter2=30000, N=3, alpha1=5.0000000000000002e-05, alpha2=5.0000000000000002e-05, stopsWhenStable=true) at lreg.cpp:193
#5  0x0000555555556467 in main (argc=3, argv=0x7fffffffde68) at lreg.cpp:253

794	      reference
795	      operator[](size_type __n) _GLIBCXX_NOEXCEPT
796	      {
797		__glibcxx_requires_subscript(__n);
798		return *(this->_M_impl._M_start + __n);
799	      }
800	
801	      /**
802	       *  @brief  Subscript access to the data contained in the %vector.
803	       *  @param __n The index of the element for which data should be

Backtrace END
Memory content before bitflip:0x010x000x000x00
Fault Model: Double bit-flip
base address to flip value: 0x7fffffffd728
address max offset: 4
Memory content after  bitflip:0x010x110x000x00
frame name: partialDerivate
symbol name: pos2
symbol filename: lreg.cpp
symbol line: 138
value: 4353
value address: 0x7fffffffd728
Type: The type is an integer type.
Type sizeof: 4

[INFO -- 2018-11-14 12:57:51]
Fault Injection Successful after 2.155885934829712s
[INFO -- 2018-11-14 12:57:53]
event type: exit
[INFO -- 2018-11-14 12:57:53]
exit code: 0
