[INFO -- 2018-11-23 21:23:42]
Starting flip_value script
version: 1.1
[INFO -- 2018-11-23 21:23:42]
Initialization strings:
[INFO -- 2018-11-23 21:23:42]
(1) file /tmp/lreg/lreg
[INFO -- 2018-11-23 21:23:42]
(2) set args /tmp/lreg/randInput /tmp/lreg/output
[INFO -- 2018-11-23 21:23:42]
initSignal:0
[INFO -- 2018-11-23 21:23:42]
endSignal:3
[INFO -- 2018-11-23 21:23:42]
faultModel:0
[INFO -- 2018-11-23 21:23:42]
Backtrace BEGIN:
#0  0x00007ffff76da5c4 in __ieee754_pow_sse2 (x=-10, y=0) at ../sysdeps/ieee754/dbl-64/e_pow.c:81
#1  0x00007ffff76bcb14 in __pow (x=-10, y=0) at w_pow_compat.c:30
#2  0x0000555555555d5f in std::pow<double, int> (__x=-10, __y=0) at /usr/include/c++/7/cmath:418
#3  0x00005555555551e7 in predict (v=-10) at lreg.cpp:50
#4  0x00005555555553ac in partialDerivate (pos=1) at lreg.cpp:74
#5  0x00005555555554b3 in adjust (alpha=0.00020000000000000001) at lreg.cpp:87
#6  0x000055555555565c in train (iterations=10000, alpha=0.00020000000000000001, N=2, stopsWhenStable=true) at lreg.cpp:120
#7  0x0000555555555ab7 in main (argc=3, argv=0x7fffffffde58) at lreg.cpp:174

76	../sysdeps/ieee754/dbl-64/e_pow.c: No such file or directory.

Backtrace END
Memory content before bitflip:0x000x000x000x000x000x000x000x00
Fault Model: Single bit-flip
base address to flip value: 0x7fffffffd6c8
address max offset: 8
Memory content after  bitflip:0x000x000x040x000x000x000x000x00
frame name: __pow
symbol name: y
symbol filename: w_pow_compat.c
symbol line: 28
value: 1.2951634466340773e-318
value address: 0x7fffffffd6c8
Type: A floating point type.
Type sizeof: 8

[INFO -- 2018-11-23 21:23:42]
Fault Injection Successful after 0.6515350341796875s
[INFO -- 2018-11-23 21:23:43]
event type: exit
[INFO -- 2018-11-23 21:23:43]
exit code: 0
