[INFO -- 2018-11-09 14:49:36]
Starting flip_value script
version: 1.1
[INFO -- 2018-11-09 14:49:36]
Initialization strings:
[INFO -- 2018-11-09 14:49:36]
(1) file /tmp/lreg/lreg
[INFO -- 2018-11-09 14:49:36]
(2) set args /tmp/lreg/randInput /tmp/lreg/output /tmp/lreg/detected.log
[INFO -- 2018-11-09 14:49:36]
initSignal:0
[INFO -- 2018-11-09 14:49:36]
endSignal:10
[INFO -- 2018-11-09 14:49:36]
faultModel:2
[INFO -- 2018-11-09 14:49:37]
Backtrace BEGIN:
#0  std::pow<double, int> (__x=15, __y=0) at /usr/include/c++/7/cmath:419
#1  0x0000555555555237 in predict (v=15) at lreg.cpp:50
#2  0x00005555555552ba in meanSquaredError () at lreg.cpp:61
#3  0x00005555555556b1 in train (iterations=15000, alpha=0.00020000000000000001, N=2, stopsWhenStable=true) at lreg.cpp:121
#4  0x0000555555555a1c in execute (input=0x7fffffffe1f3 "/tmp/lreg/randInput") at lreg.cpp:157
#5  0x0000555555555c60 in main (argc=4, argv=0x7fffffffde48) at lreg.cpp:191

414	    typename __gnu_cxx::__promote_2<_Tp, _Up>::__type
415	    pow(_Tp __x, _Up __y)
416	    {
417	      typedef typename __gnu_cxx::__promote_2<_Tp, _Up>::__type __type;
418	      return pow(__type(__x), __type(__y));
419	    }
420	
421	  using ::sin;
422	
423	#ifndef __CORRECT_ISO_CPP_MATH_H_PROTO

Backtrace END
Memory content before bitflip:0x3d0x290xe00xfa0x460xbc0x010x3e
Fault Model: Random bit-flip
base address to flip value: 0x7fffffffd528
address max offset: 8
Memory content after  bitflip:0x210x180xf80xba0x390xcd0x070xd8
frame name: meanSquaredError
symbol name: error
symbol filename: lreg.cpp
symbol line: 59
value: -1.1722915491622913e+116
value address: 0x7fffffffd528
Type: A floating point type.
Type sizeof: 8

[INFO -- 2018-11-09 14:49:37]
Fault Injection Successful after 1.8197882175445557s
[INFO -- 2018-11-09 14:49:48]
event type: exit
[INFO -- 2018-11-09 14:49:48]
exit code: 0
