[INFO -- 2018-11-07 14:38:53]
Starting flip_value script
version: 1.1
[INFO -- 2018-11-07 14:38:53]
Initialization strings:
[INFO -- 2018-11-07 14:38:53]
(1) file /tmp/lreg/lreg
[INFO -- 2018-11-07 14:38:53]
(2) set args /tmp/lreg/randInput /tmp/lreg/output /tmp/lreg/detected.log
[INFO -- 2018-11-07 14:38:53]
initSignal:0
[INFO -- 2018-11-07 14:38:53]
endSignal:10
[INFO -- 2018-11-07 14:38:53]
faultModel:0
[EXCEPTION -- 2018-11-07 14:38:54]
pythonException: empty range for randrange() (0,0, 0)
[EXCEPTION -- 2018-11-07 14:38:54]
pythonException: Unable to exit loop in struct fields; Exiting wihtout making a bit flip
[INFO -- 2018-11-07 14:38:56]
Backtrace BEGIN:
#0  0x00007ffff76bcb0f in __pow (x=-14, y=3) at w_pow_compat.c:30
#1  0x0000555555556131 in std::pow<double, int> (__x=-14, __y=3) at /usr/include/c++/7/cmath:418
#2  0x0000555555555237 in predict (v=-14) at lreg.cpp:50
#3  0x00005555555553fc in partialDerivate (pos=0) at lreg.cpp:74
#4  0x0000555555555503 in adjust (alpha=2.2222199999999999e-05) at lreg.cpp:87
#5  0x00005555555556ac in train (iterations=45000, alpha=2.2222199999999999e-05, N=4, stopsWhenStable=true) at lreg.cpp:120
#6  0x0000555555555a1c in execute (input=0x7fffffffe1f2 "/tmp/lreg/randInput") at lreg.cpp:157
#7  0x0000555555555c60 in main (argc=4, argv=0x7fffffffde48) at lreg.cpp:191

25	w_pow_compat.c: No such file or directory.

Backtrace END
Memory content before bitflip:0x000x000x000x000x000x000x2c0xc0
Fault Model: Single bit-flip
base address to flip value: 0x7fffffffd478
address max offset: 8
Memory content after  bitflip:0x000x000x000x080x000x000x2c0xc0
frame name: predict
symbol name: v
symbol filename: lreg.cpp
symbol line: 47
value: -14.000000238418579
value address: 0x7fffffffd478
Type: A floating point type.
Type sizeof: 8

[INFO -- 2018-11-07 14:38:56]
Fault Injection Successful after 3.486257553100586s
[INFO -- 2018-11-07 14:39:01]
event type: exit
[INFO -- 2018-11-07 14:39:01]
exit code: 0
