[INFO -- 2018-11-14 16:22:38]
Starting flip_value script
version: 1.1
[INFO -- 2018-11-14 16:22:38]
Initialization strings:
[INFO -- 2018-11-14 16:22:38]
(1) file /tmp/lreg/lreg
[INFO -- 2018-11-14 16:22:38]
(2) set args /tmp/lreg/randInput /tmp/lreg/output
[INFO -- 2018-11-14 16:22:38]
initSignal:0
[INFO -- 2018-11-14 16:22:38]
endSignal:5
[INFO -- 2018-11-14 16:22:38]
faultModel:2
[INFO -- 2018-11-14 16:22:39]
Backtrace BEGIN:
#0  0x00007ffff7b20981 in std::string::_Rep::_M_clone(std::allocator<char> const&, unsigned long) () from /usr/lib/x86_64-linux-gnu/libstdc++.so.6
#1  0x00007ffff7b20a54 in std::string::reserve(unsigned long) () from /usr/lib/x86_64-linux-gnu/libstdc++.so.6
#2  0x00007ffff7b58721 in std::num_get<char, std::istreambuf_iterator<char, std::char_traits<char> > >::do_get(std::istreambuf_iterator<char, std::char_traits<char> >, std::istreambuf_iterator<char, std::char_traits<char> >, std::ios_base&, std::_Ios_Iostate&, double&) const () from /usr/lib/x86_64-linux-gnu/libstdc++.so.6
#3  0x00007ffff7b49d0f in std::istream& std::istream::_M_extract<double>(double&) () from /usr/lib/x86_64-linux-gnu/libstdc++.so.6
#4  0x00005555555563cc in main (argc=3, argv=0x7fffffffde68) at lreg.cpp:247

203		//T1 = bestT;
204	}
205	
206	/*
207	It must receive an input file formated as follows:
208		1° Line : one integer T -> number of test cases
209		2° to 5° repeat to all test case	
210		2° Line : method parameters -> alpha, iterations, N, size of 
211			      training set, predictions
212		3° Line : inputs x of the training set

Backtrace END
Memory content before bitflip:0x040x000x000x00
Fault Model: Random bit-flip
base address to flip value: 0x7fffffffd91c
address max offset: 4
Memory content after  bitflip:0xd90x500x5d0xf0
frame name: main
symbol name: pred2
symbol filename: lreg.cpp
symbol line: 238
value: 4032647385
value address: 0x7fffffffd91c
Type: The type is an integer type.
Type sizeof: 4

[INFO -- 2018-11-14 16:22:39]
Fault Injection Successful after 1.6587860584259033s
[INFO -- 2018-11-14 16:22:45]
event type: exit
[INFO -- 2018-11-14 16:22:45]
exit code: 0
