[INFO -- 2018-11-16 13:38:12]
Starting flip_value script
version: 1.1
[INFO -- 2018-11-16 13:38:12]
Initialization strings:
[INFO -- 2018-11-16 13:38:12]
(1) file /tmp/lreg/lreg
[INFO -- 2018-11-16 13:38:12]
(2) set args /tmp/lreg/randInput /tmp/lreg/output
[INFO -- 2018-11-16 13:38:12]
initSignal:0
[INFO -- 2018-11-16 13:38:12]
endSignal:5
[INFO -- 2018-11-16 13:38:12]
faultModel:0
[INFO -- 2018-11-16 13:38:14]
Backtrace BEGIN:
#0  partialDerivate (pos1=0, pos2=0) at lreg.cpp:141
#1  0x0000555555555bbe in adjust (alpha1=2.2222199999999999e-05, alpha2=2.2222199999999999e-05) at lreg.cpp:156
#2  0x0000555555555ee0 in train (iter1=45000, iter2=45000, N=4, alpha1=2.2222199999999999e-05, alpha2=2.2222199999999999e-05, stopsWhenStable=true) at lreg.cpp:193
#3  0x0000555555556467 in main (argc=3, argv=0x7fffffffde58) at lreg.cpp:253

136		to the adjustment variable whose position in T is passed in pos
137	*/
138	double partialDerivate(UINT pos1, UINT pos2){
139		double pD = 0;
140		
141		for(UINT i1 = 0, i2 = 0; verifyUintDup(i1, i2)<(x.size() - 1); i1++, i2++){
142			pD += ((predict(x[verifyUintDup(i1, i2)]) - y[verifyUintDup(i1, i2)])*pow(x[verifyUintDup(i1, i2)], verifyUintDup(pos1, pos2)));	
143		}
144		pD *= (2.0/(x.size() - 1));
145		return pD;

Backtrace END
Fliping value of field: std::_Vector_base<double, std::allocator<double> >
Fliping value of field: _M_impl
Fliping value of field: _M_start
Fliping a bit of the value pointed by a pointer
Memory content before bitflip:0x000x000x000x000x000x000x300xc0
Fault Model: Single bit-flip
base address to flip value: 0x555555772610
address max offset: 8
Memory content after  bitflip:0x800x000x000x000x000x000x300xc0
frame name: adjust
symbol name: x
symbol filename: lreg.cpp
symbol line: 34
value: std::vector of length 17, capacity 32 = {-16.000000000000455, 31, 18, -23, 27, -16, -8, 1, -29, -8, 25, -10, -23, -17, -29, -12, -89}
value address: 0x55555575b140 <x>
Type: The type is a structure.
Type sizeof: 24
Field name: std::_Vector_base<double, std::allocator<double> >
Field Type: The type is a structure.
Field Type sizeof: 24

[INFO -- 2018-11-16 13:38:14]
Fault Injection Successful after 2.858811378479004s
[INFO -- 2018-11-16 13:38:18]
event type: exit
[INFO -- 2018-11-16 13:38:18]
exit code: 0
