[INFO -- 2018-09-15 14:56:16]
Starting flip_value script
version: 1.1
[INFO -- 2018-09-15 14:56:16]
Initialization strings:
[INFO -- 2018-09-15 14:56:16]
(1) file /tmp/lreg/lreg
[INFO -- 2018-09-15 14:56:16]
(2) set args /tmp/lreg/randInput /tmp/lreg/output
[INFO -- 2018-09-15 14:56:16]
initSignal:0
[INFO -- 2018-09-15 14:56:16]
endSignal:2
[INFO -- 2018-09-15 14:56:16]
faultModel:1
[INFO -- 2018-09-15 14:56:17]
Backtrace BEGIN:
#0  0x00007ffff76b7b0a in __pow (x=-15, y=1) at w_pow_compat.c:30
#1  0x0000555555555f39 in std::pow<double, int> (__x=-15, __y=1) at /usr/include/c++/7/cmath:418
#2  0x0000555555555237 in predict (v=-15) at lreg.cpp:50
#3  0x000055555555530a in meanSquaredError () at lreg.cpp:61
#4  0x00005555555556b1 in train (iterations=30000, alpha=0.00020000000000000001, N=2, stopsWhenStable=true) at lreg.cpp:121
#5  0x0000555555555c26 in main (argc=3, argv=0x7fffffffde68) at lreg.cpp:182

25	w_pow_compat.c: No such file or directory.

Backtrace END
Memory content before bitflip:0x2d0x430x1c0xeb0xe20x360x2a0x3f
Fault Model: Double bit-flip
base address to flip value: 0x7fffffffd950
address max offset: 8
Memory content after  bitflip:0x2d0x430x1c0xeb0xe20x360x6b0x3f
frame name: main
symbol name: alpha
symbol filename: lreg.cpp
symbol line: 168
value: 0.0033220703125000002
value address: 0x7fffffffd950
Type: A floating point type.
Type sizeof: 8

[INFO -- 2018-09-15 14:56:17]
Fault Injection Successful after 1.2531187534332275s
[INFO -- 2018-09-15 14:56:24]
event type: exit
[INFO -- 2018-09-15 14:56:24]
exit code: 0
