[INFO -- 2018-09-15 18:01:08]
Starting flip_value script
version: 1.1
[INFO -- 2018-09-15 18:01:08]
Initialization strings:
[INFO -- 2018-09-15 18:01:08]
(1) file /tmp/lreg/lreg
[INFO -- 2018-09-15 18:01:08]
(2) set args /tmp/lreg/randInput /tmp/lreg/output
[INFO -- 2018-09-15 18:01:08]
initSignal:0
[INFO -- 2018-09-15 18:01:08]
endSignal:2
[INFO -- 2018-09-15 18:01:08]
faultModel:2
[EXCEPTION -- 2018-09-15 18:01:09]
gdbException: Attempt to dereference a generic pointer.
[EXCEPTION -- 2018-09-15 18:01:10]
gdbException: Cannot access memory at address 0xfac52781dad05faa
[EXCEPTION -- 2018-09-15 18:01:10]
pythonException: Unable to exit loop in struct fields; Exiting wihtout making a bit flip
[EXCEPTION -- 2018-09-15 18:01:10]
pythonException: empty range for randrange() (0,0, 0)
[INFO -- 2018-09-15 18:01:10]
event type: exit
[EXCEPTION -- 2018-09-15 18:01:10]
exit code: no exit code available
